[2024-09-13T14:34:38.569+0000] {processor.py:186} INFO - Started process (PID=105) to work on /home/airflow/.local/lib/python3.12/site-packages/airflow/example_dags/example_trigger_controller_dag.py
[2024-09-13T14:34:38.569+0000] {processor.py:914} INFO - Processing file /home/airflow/.local/lib/python3.12/site-packages/airflow/example_dags/example_trigger_controller_dag.py for tasks to queue
[2024-09-13T14:34:38.571+0000] {logging_mixin.py:190} INFO - [2024-09-13T14:34:38.571+0000] {dagbag.py:587} INFO - Filling up the DagBag from /home/airflow/.local/lib/python3.12/site-packages/airflow/example_dags/example_trigger_controller_dag.py
[2024-09-13T14:34:38.577+0000] {processor.py:925} INFO - DAG(s) 'example_trigger_controller_dag' retrieved from /home/airflow/.local/lib/python3.12/site-packages/airflow/example_dags/example_trigger_controller_dag.py
[2024-09-13T14:34:38.675+0000] {logging_mixin.py:190} INFO - [2024-09-13T14:34:38.674+0000] {override.py:1900} INFO - Created Permission View: can read on DAG:example_trigger_controller_dag
[2024-09-13T14:34:38.684+0000] {logging_mixin.py:190} INFO - [2024-09-13T14:34:38.684+0000] {override.py:1900} INFO - Created Permission View: can delete on DAG:example_trigger_controller_dag
[2024-09-13T14:34:38.691+0000] {logging_mixin.py:190} INFO - [2024-09-13T14:34:38.691+0000] {override.py:1900} INFO - Created Permission View: can edit on DAG:example_trigger_controller_dag
[2024-09-13T14:34:38.698+0000] {logging_mixin.py:190} INFO - [2024-09-13T14:34:38.698+0000] {override.py:1900} INFO - Created Permission View: can create on DAG Run:example_trigger_controller_dag
[2024-09-13T14:34:38.706+0000] {logging_mixin.py:190} INFO - [2024-09-13T14:34:38.706+0000] {override.py:1900} INFO - Created Permission View: menu access on DAG Run:example_trigger_controller_dag
[2024-09-13T14:34:38.713+0000] {logging_mixin.py:190} INFO - [2024-09-13T14:34:38.713+0000] {override.py:1900} INFO - Created Permission View: can read on DAG Run:example_trigger_controller_dag
[2024-09-13T14:34:38.720+0000] {logging_mixin.py:190} INFO - [2024-09-13T14:34:38.720+0000] {override.py:1900} INFO - Created Permission View: can delete on DAG Run:example_trigger_controller_dag
[2024-09-13T14:34:38.721+0000] {logging_mixin.py:190} INFO - [2024-09-13T14:34:38.721+0000] {dag.py:3229} INFO - Sync 1 DAGs
[2024-09-13T14:34:38.733+0000] {logging_mixin.py:190} INFO - [2024-09-13T14:34:38.733+0000] {dag.py:3252} INFO - Creating ORM DAG for example_trigger_controller_dag
[2024-09-13T14:34:38.744+0000] {logging_mixin.py:190} INFO - [2024-09-13T14:34:38.744+0000] {dag.py:4156} INFO - Setting next_dagrun for example_trigger_controller_dag to 2021-01-01 00:00:00+00:00, run_after=2021-01-01 00:00:00+00:00
[2024-09-13T14:34:38.759+0000] {processor.py:208} INFO - Processing /home/airflow/.local/lib/python3.12/site-packages/airflow/example_dags/example_trigger_controller_dag.py took 0.196 seconds
[2024-09-13T14:35:09.557+0000] {processor.py:186} INFO - Started process (PID=167) to work on /home/airflow/.local/lib/python3.12/site-packages/airflow/example_dags/example_trigger_controller_dag.py
[2024-09-13T14:35:09.558+0000] {processor.py:914} INFO - Processing file /home/airflow/.local/lib/python3.12/site-packages/airflow/example_dags/example_trigger_controller_dag.py for tasks to queue
[2024-09-13T14:35:09.561+0000] {logging_mixin.py:190} INFO - [2024-09-13T14:35:09.560+0000] {dagbag.py:587} INFO - Filling up the DagBag from /home/airflow/.local/lib/python3.12/site-packages/airflow/example_dags/example_trigger_controller_dag.py
[2024-09-13T14:35:09.567+0000] {processor.py:925} INFO - DAG(s) 'example_trigger_controller_dag' retrieved from /home/airflow/.local/lib/python3.12/site-packages/airflow/example_dags/example_trigger_controller_dag.py
[2024-09-13T14:35:09.586+0000] {logging_mixin.py:190} INFO - [2024-09-13T14:35:09.586+0000] {dag.py:3229} INFO - Sync 1 DAGs
[2024-09-13T14:35:09.606+0000] {logging_mixin.py:190} INFO - [2024-09-13T14:35:09.605+0000] {dag.py:4156} INFO - Setting next_dagrun for example_trigger_controller_dag to 2021-01-01 00:00:00+00:00, run_after=2021-01-01 00:00:00+00:00
[2024-09-13T14:35:09.625+0000] {processor.py:208} INFO - Processing /home/airflow/.local/lib/python3.12/site-packages/airflow/example_dags/example_trigger_controller_dag.py took 0.073 seconds
[2024-09-13T14:35:40.104+0000] {processor.py:186} INFO - Started process (PID=229) to work on /home/airflow/.local/lib/python3.12/site-packages/airflow/example_dags/example_trigger_controller_dag.py
[2024-09-13T14:35:40.105+0000] {processor.py:914} INFO - Processing file /home/airflow/.local/lib/python3.12/site-packages/airflow/example_dags/example_trigger_controller_dag.py for tasks to queue
[2024-09-13T14:35:40.107+0000] {logging_mixin.py:190} INFO - [2024-09-13T14:35:40.107+0000] {dagbag.py:587} INFO - Filling up the DagBag from /home/airflow/.local/lib/python3.12/site-packages/airflow/example_dags/example_trigger_controller_dag.py
[2024-09-13T14:35:40.114+0000] {processor.py:925} INFO - DAG(s) 'example_trigger_controller_dag' retrieved from /home/airflow/.local/lib/python3.12/site-packages/airflow/example_dags/example_trigger_controller_dag.py
[2024-09-13T14:35:40.139+0000] {logging_mixin.py:190} INFO - [2024-09-13T14:35:40.139+0000] {dag.py:3229} INFO - Sync 1 DAGs
[2024-09-13T14:35:40.163+0000] {logging_mixin.py:190} INFO - [2024-09-13T14:35:40.163+0000] {dag.py:4156} INFO - Setting next_dagrun for example_trigger_controller_dag to 2021-01-01 00:00:00+00:00, run_after=2021-01-01 00:00:00+00:00
[2024-09-13T14:35:40.182+0000] {processor.py:208} INFO - Processing /home/airflow/.local/lib/python3.12/site-packages/airflow/example_dags/example_trigger_controller_dag.py took 0.084 seconds
[2024-09-13T14:36:10.232+0000] {processor.py:186} INFO - Started process (PID=291) to work on /home/airflow/.local/lib/python3.12/site-packages/airflow/example_dags/example_trigger_controller_dag.py
[2024-09-13T14:36:10.233+0000] {processor.py:914} INFO - Processing file /home/airflow/.local/lib/python3.12/site-packages/airflow/example_dags/example_trigger_controller_dag.py for tasks to queue
[2024-09-13T14:36:10.235+0000] {logging_mixin.py:190} INFO - [2024-09-13T14:36:10.235+0000] {dagbag.py:587} INFO - Filling up the DagBag from /home/airflow/.local/lib/python3.12/site-packages/airflow/example_dags/example_trigger_controller_dag.py
[2024-09-13T14:36:10.241+0000] {processor.py:925} INFO - DAG(s) 'example_trigger_controller_dag' retrieved from /home/airflow/.local/lib/python3.12/site-packages/airflow/example_dags/example_trigger_controller_dag.py
[2024-09-13T14:36:10.260+0000] {logging_mixin.py:190} INFO - [2024-09-13T14:36:10.259+0000] {dag.py:3229} INFO - Sync 1 DAGs
[2024-09-13T14:36:10.279+0000] {logging_mixin.py:190} INFO - [2024-09-13T14:36:10.278+0000] {dag.py:4156} INFO - Setting next_dagrun for example_trigger_controller_dag to 2021-01-01 00:00:00+00:00, run_after=2021-01-01 00:00:00+00:00
[2024-09-13T14:36:10.295+0000] {processor.py:208} INFO - Processing /home/airflow/.local/lib/python3.12/site-packages/airflow/example_dags/example_trigger_controller_dag.py took 0.068 seconds
[2024-09-13T14:36:41.356+0000] {processor.py:186} INFO - Started process (PID=353) to work on /home/airflow/.local/lib/python3.12/site-packages/airflow/example_dags/example_trigger_controller_dag.py
[2024-09-13T14:36:41.356+0000] {processor.py:914} INFO - Processing file /home/airflow/.local/lib/python3.12/site-packages/airflow/example_dags/example_trigger_controller_dag.py for tasks to queue
[2024-09-13T14:36:41.359+0000] {logging_mixin.py:190} INFO - [2024-09-13T14:36:41.358+0000] {dagbag.py:587} INFO - Filling up the DagBag from /home/airflow/.local/lib/python3.12/site-packages/airflow/example_dags/example_trigger_controller_dag.py
[2024-09-13T14:36:41.365+0000] {processor.py:925} INFO - DAG(s) 'example_trigger_controller_dag' retrieved from /home/airflow/.local/lib/python3.12/site-packages/airflow/example_dags/example_trigger_controller_dag.py
[2024-09-13T14:36:41.384+0000] {logging_mixin.py:190} INFO - [2024-09-13T14:36:41.383+0000] {dag.py:3229} INFO - Sync 1 DAGs
[2024-09-13T14:36:41.407+0000] {logging_mixin.py:190} INFO - [2024-09-13T14:36:41.407+0000] {dag.py:4156} INFO - Setting next_dagrun for example_trigger_controller_dag to 2021-01-01 00:00:00+00:00, run_after=2021-01-01 00:00:00+00:00
[2024-09-13T14:36:41.427+0000] {processor.py:208} INFO - Processing /home/airflow/.local/lib/python3.12/site-packages/airflow/example_dags/example_trigger_controller_dag.py took 0.077 seconds
[2024-09-13T14:37:12.072+0000] {processor.py:186} INFO - Started process (PID=415) to work on /home/airflow/.local/lib/python3.12/site-packages/airflow/example_dags/example_trigger_controller_dag.py
[2024-09-13T14:37:12.072+0000] {processor.py:914} INFO - Processing file /home/airflow/.local/lib/python3.12/site-packages/airflow/example_dags/example_trigger_controller_dag.py for tasks to queue
[2024-09-13T14:37:12.075+0000] {logging_mixin.py:190} INFO - [2024-09-13T14:37:12.074+0000] {dagbag.py:587} INFO - Filling up the DagBag from /home/airflow/.local/lib/python3.12/site-packages/airflow/example_dags/example_trigger_controller_dag.py
[2024-09-13T14:37:12.082+0000] {processor.py:925} INFO - DAG(s) 'example_trigger_controller_dag' retrieved from /home/airflow/.local/lib/python3.12/site-packages/airflow/example_dags/example_trigger_controller_dag.py
[2024-09-13T14:37:12.104+0000] {logging_mixin.py:190} INFO - [2024-09-13T14:37:12.104+0000] {dag.py:3229} INFO - Sync 1 DAGs
[2024-09-13T14:37:12.127+0000] {logging_mixin.py:190} INFO - [2024-09-13T14:37:12.127+0000] {dag.py:4156} INFO - Setting next_dagrun for example_trigger_controller_dag to 2021-01-01 00:00:00+00:00, run_after=2021-01-01 00:00:00+00:00
[2024-09-13T14:37:12.152+0000] {processor.py:208} INFO - Processing /home/airflow/.local/lib/python3.12/site-packages/airflow/example_dags/example_trigger_controller_dag.py took 0.086 seconds
[2024-09-13T14:37:42.198+0000] {processor.py:186} INFO - Started process (PID=476) to work on /home/airflow/.local/lib/python3.12/site-packages/airflow/example_dags/example_trigger_controller_dag.py
[2024-09-13T14:37:42.198+0000] {processor.py:914} INFO - Processing file /home/airflow/.local/lib/python3.12/site-packages/airflow/example_dags/example_trigger_controller_dag.py for tasks to queue
[2024-09-13T14:37:42.201+0000] {logging_mixin.py:190} INFO - [2024-09-13T14:37:42.200+0000] {dagbag.py:587} INFO - Filling up the DagBag from /home/airflow/.local/lib/python3.12/site-packages/airflow/example_dags/example_trigger_controller_dag.py
[2024-09-13T14:37:42.207+0000] {processor.py:925} INFO - DAG(s) 'example_trigger_controller_dag' retrieved from /home/airflow/.local/lib/python3.12/site-packages/airflow/example_dags/example_trigger_controller_dag.py
[2024-09-13T14:37:42.225+0000] {logging_mixin.py:190} INFO - [2024-09-13T14:37:42.225+0000] {dag.py:3229} INFO - Sync 1 DAGs
[2024-09-13T14:37:42.244+0000] {logging_mixin.py:190} INFO - [2024-09-13T14:37:42.244+0000] {dag.py:4156} INFO - Setting next_dagrun for example_trigger_controller_dag to 2021-01-01 00:00:00+00:00, run_after=2021-01-01 00:00:00+00:00
[2024-09-13T14:37:42.265+0000] {processor.py:208} INFO - Processing /home/airflow/.local/lib/python3.12/site-packages/airflow/example_dags/example_trigger_controller_dag.py took 0.073 seconds
[2024-09-13T14:38:12.643+0000] {processor.py:186} INFO - Started process (PID=539) to work on /home/airflow/.local/lib/python3.12/site-packages/airflow/example_dags/example_trigger_controller_dag.py
[2024-09-13T14:38:12.644+0000] {processor.py:914} INFO - Processing file /home/airflow/.local/lib/python3.12/site-packages/airflow/example_dags/example_trigger_controller_dag.py for tasks to queue
[2024-09-13T14:38:12.646+0000] {logging_mixin.py:190} INFO - [2024-09-13T14:38:12.645+0000] {dagbag.py:587} INFO - Filling up the DagBag from /home/airflow/.local/lib/python3.12/site-packages/airflow/example_dags/example_trigger_controller_dag.py
[2024-09-13T14:38:12.653+0000] {processor.py:925} INFO - DAG(s) 'example_trigger_controller_dag' retrieved from /home/airflow/.local/lib/python3.12/site-packages/airflow/example_dags/example_trigger_controller_dag.py
[2024-09-13T14:38:12.674+0000] {logging_mixin.py:190} INFO - [2024-09-13T14:38:12.674+0000] {dag.py:3229} INFO - Sync 1 DAGs
[2024-09-13T14:38:12.695+0000] {logging_mixin.py:190} INFO - [2024-09-13T14:38:12.695+0000] {dag.py:4156} INFO - Setting next_dagrun for example_trigger_controller_dag to 2021-01-01 00:00:00+00:00, run_after=2021-01-01 00:00:00+00:00
[2024-09-13T14:38:12.713+0000] {processor.py:208} INFO - Processing /home/airflow/.local/lib/python3.12/site-packages/airflow/example_dags/example_trigger_controller_dag.py took 0.076 seconds
[2024-09-13T14:39:33.845+0000] {processor.py:186} INFO - Started process (PID=99) to work on /home/airflow/.local/lib/python3.12/site-packages/airflow/example_dags/example_trigger_controller_dag.py
[2024-09-13T14:39:33.846+0000] {processor.py:914} INFO - Processing file /home/airflow/.local/lib/python3.12/site-packages/airflow/example_dags/example_trigger_controller_dag.py for tasks to queue
[2024-09-13T14:39:33.848+0000] {logging_mixin.py:190} INFO - [2024-09-13T14:39:33.847+0000] {dagbag.py:587} INFO - Filling up the DagBag from /home/airflow/.local/lib/python3.12/site-packages/airflow/example_dags/example_trigger_controller_dag.py
[2024-09-13T14:39:33.854+0000] {processor.py:925} INFO - DAG(s) 'example_trigger_controller_dag' retrieved from /home/airflow/.local/lib/python3.12/site-packages/airflow/example_dags/example_trigger_controller_dag.py
[2024-09-13T14:39:33.873+0000] {logging_mixin.py:190} INFO - [2024-09-13T14:39:33.873+0000] {dag.py:3229} INFO - Sync 1 DAGs
[2024-09-13T14:39:33.893+0000] {logging_mixin.py:190} INFO - [2024-09-13T14:39:33.893+0000] {dag.py:4156} INFO - Setting next_dagrun for example_trigger_controller_dag to 2021-01-01 00:00:00+00:00, run_after=2021-01-01 00:00:00+00:00
[2024-09-13T14:39:33.912+0000] {processor.py:208} INFO - Processing /home/airflow/.local/lib/python3.12/site-packages/airflow/example_dags/example_trigger_controller_dag.py took 0.072 seconds
[2024-09-13T14:40:04.734+0000] {processor.py:186} INFO - Started process (PID=161) to work on /home/airflow/.local/lib/python3.12/site-packages/airflow/example_dags/example_trigger_controller_dag.py
[2024-09-13T14:40:04.735+0000] {processor.py:914} INFO - Processing file /home/airflow/.local/lib/python3.12/site-packages/airflow/example_dags/example_trigger_controller_dag.py for tasks to queue
[2024-09-13T14:40:04.737+0000] {logging_mixin.py:190} INFO - [2024-09-13T14:40:04.736+0000] {dagbag.py:587} INFO - Filling up the DagBag from /home/airflow/.local/lib/python3.12/site-packages/airflow/example_dags/example_trigger_controller_dag.py
[2024-09-13T14:40:04.743+0000] {processor.py:925} INFO - DAG(s) 'example_trigger_controller_dag' retrieved from /home/airflow/.local/lib/python3.12/site-packages/airflow/example_dags/example_trigger_controller_dag.py
[2024-09-13T14:40:04.761+0000] {logging_mixin.py:190} INFO - [2024-09-13T14:40:04.761+0000] {dag.py:3229} INFO - Sync 1 DAGs
[2024-09-13T14:40:04.783+0000] {logging_mixin.py:190} INFO - [2024-09-13T14:40:04.782+0000] {dag.py:4156} INFO - Setting next_dagrun for example_trigger_controller_dag to 2021-01-01 00:00:00+00:00, run_after=2021-01-01 00:00:00+00:00
[2024-09-13T14:40:04.802+0000] {processor.py:208} INFO - Processing /home/airflow/.local/lib/python3.12/site-packages/airflow/example_dags/example_trigger_controller_dag.py took 0.073 seconds
[2024-09-13T14:40:35.014+0000] {processor.py:186} INFO - Started process (PID=223) to work on /home/airflow/.local/lib/python3.12/site-packages/airflow/example_dags/example_trigger_controller_dag.py
[2024-09-13T14:40:35.015+0000] {processor.py:914} INFO - Processing file /home/airflow/.local/lib/python3.12/site-packages/airflow/example_dags/example_trigger_controller_dag.py for tasks to queue
[2024-09-13T14:40:35.017+0000] {logging_mixin.py:190} INFO - [2024-09-13T14:40:35.017+0000] {dagbag.py:587} INFO - Filling up the DagBag from /home/airflow/.local/lib/python3.12/site-packages/airflow/example_dags/example_trigger_controller_dag.py
[2024-09-13T14:40:35.023+0000] {processor.py:925} INFO - DAG(s) 'example_trigger_controller_dag' retrieved from /home/airflow/.local/lib/python3.12/site-packages/airflow/example_dags/example_trigger_controller_dag.py
[2024-09-13T14:40:35.044+0000] {logging_mixin.py:190} INFO - [2024-09-13T14:40:35.043+0000] {dag.py:3229} INFO - Sync 1 DAGs
[2024-09-13T14:40:35.064+0000] {logging_mixin.py:190} INFO - [2024-09-13T14:40:35.064+0000] {dag.py:4156} INFO - Setting next_dagrun for example_trigger_controller_dag to 2021-01-01 00:00:00+00:00, run_after=2021-01-01 00:00:00+00:00
[2024-09-13T14:40:35.083+0000] {processor.py:208} INFO - Processing /home/airflow/.local/lib/python3.12/site-packages/airflow/example_dags/example_trigger_controller_dag.py took 0.075 seconds
[2024-09-13T14:41:26.602+0000] {processor.py:186} INFO - Started process (PID=92) to work on /home/airflow/.local/lib/python3.12/site-packages/airflow/example_dags/example_trigger_controller_dag.py
[2024-09-13T14:41:26.604+0000] {processor.py:914} INFO - Processing file /home/airflow/.local/lib/python3.12/site-packages/airflow/example_dags/example_trigger_controller_dag.py for tasks to queue
[2024-09-13T14:41:26.607+0000] {logging_mixin.py:190} INFO - [2024-09-13T14:41:26.606+0000] {dagbag.py:587} INFO - Filling up the DagBag from /home/airflow/.local/lib/python3.12/site-packages/airflow/example_dags/example_trigger_controller_dag.py
[2024-09-13T14:41:26.614+0000] {processor.py:925} INFO - DAG(s) 'example_trigger_controller_dag' retrieved from /home/airflow/.local/lib/python3.12/site-packages/airflow/example_dags/example_trigger_controller_dag.py
[2024-09-13T14:41:26.637+0000] {logging_mixin.py:190} INFO - [2024-09-13T14:41:26.637+0000] {dag.py:3229} INFO - Sync 1 DAGs
[2024-09-13T14:41:26.660+0000] {logging_mixin.py:190} INFO - [2024-09-13T14:41:26.659+0000] {dag.py:4156} INFO - Setting next_dagrun for example_trigger_controller_dag to 2021-01-01 00:00:00+00:00, run_after=2021-01-01 00:00:00+00:00
[2024-09-13T14:41:26.681+0000] {processor.py:208} INFO - Processing /home/airflow/.local/lib/python3.12/site-packages/airflow/example_dags/example_trigger_controller_dag.py took 0.085 seconds
[2024-09-13T14:41:57.424+0000] {processor.py:186} INFO - Started process (PID=154) to work on /home/airflow/.local/lib/python3.12/site-packages/airflow/example_dags/example_trigger_controller_dag.py
[2024-09-13T14:41:57.425+0000] {processor.py:914} INFO - Processing file /home/airflow/.local/lib/python3.12/site-packages/airflow/example_dags/example_trigger_controller_dag.py for tasks to queue
[2024-09-13T14:41:57.427+0000] {logging_mixin.py:190} INFO - [2024-09-13T14:41:57.426+0000] {dagbag.py:587} INFO - Filling up the DagBag from /home/airflow/.local/lib/python3.12/site-packages/airflow/example_dags/example_trigger_controller_dag.py
[2024-09-13T14:41:57.432+0000] {processor.py:925} INFO - DAG(s) 'example_trigger_controller_dag' retrieved from /home/airflow/.local/lib/python3.12/site-packages/airflow/example_dags/example_trigger_controller_dag.py
[2024-09-13T14:41:57.451+0000] {logging_mixin.py:190} INFO - [2024-09-13T14:41:57.450+0000] {dag.py:3229} INFO - Sync 1 DAGs
[2024-09-13T14:41:57.471+0000] {logging_mixin.py:190} INFO - [2024-09-13T14:41:57.471+0000] {dag.py:4156} INFO - Setting next_dagrun for example_trigger_controller_dag to 2021-01-01 00:00:00+00:00, run_after=2021-01-01 00:00:00+00:00
[2024-09-13T14:41:57.489+0000] {processor.py:208} INFO - Processing /home/airflow/.local/lib/python3.12/site-packages/airflow/example_dags/example_trigger_controller_dag.py took 0.070 seconds
[2024-09-13T14:42:28.499+0000] {processor.py:186} INFO - Started process (PID=216) to work on /home/airflow/.local/lib/python3.12/site-packages/airflow/example_dags/example_trigger_controller_dag.py
[2024-09-13T14:42:28.500+0000] {processor.py:914} INFO - Processing file /home/airflow/.local/lib/python3.12/site-packages/airflow/example_dags/example_trigger_controller_dag.py for tasks to queue
[2024-09-13T14:42:28.502+0000] {logging_mixin.py:190} INFO - [2024-09-13T14:42:28.502+0000] {dagbag.py:587} INFO - Filling up the DagBag from /home/airflow/.local/lib/python3.12/site-packages/airflow/example_dags/example_trigger_controller_dag.py
[2024-09-13T14:42:28.508+0000] {processor.py:925} INFO - DAG(s) 'example_trigger_controller_dag' retrieved from /home/airflow/.local/lib/python3.12/site-packages/airflow/example_dags/example_trigger_controller_dag.py
[2024-09-13T14:42:28.532+0000] {logging_mixin.py:190} INFO - [2024-09-13T14:42:28.532+0000] {dag.py:3229} INFO - Sync 1 DAGs
[2024-09-13T14:42:28.557+0000] {logging_mixin.py:190} INFO - [2024-09-13T14:42:28.557+0000] {dag.py:4156} INFO - Setting next_dagrun for example_trigger_controller_dag to 2021-01-01 00:00:00+00:00, run_after=2021-01-01 00:00:00+00:00
[2024-09-13T14:42:28.575+0000] {processor.py:208} INFO - Processing /home/airflow/.local/lib/python3.12/site-packages/airflow/example_dags/example_trigger_controller_dag.py took 0.081 seconds
[2024-09-13T14:42:59.559+0000] {processor.py:186} INFO - Started process (PID=278) to work on /home/airflow/.local/lib/python3.12/site-packages/airflow/example_dags/example_trigger_controller_dag.py
[2024-09-13T14:42:59.560+0000] {processor.py:914} INFO - Processing file /home/airflow/.local/lib/python3.12/site-packages/airflow/example_dags/example_trigger_controller_dag.py for tasks to queue
[2024-09-13T14:42:59.562+0000] {logging_mixin.py:190} INFO - [2024-09-13T14:42:59.562+0000] {dagbag.py:587} INFO - Filling up the DagBag from /home/airflow/.local/lib/python3.12/site-packages/airflow/example_dags/example_trigger_controller_dag.py
[2024-09-13T14:42:59.569+0000] {processor.py:925} INFO - DAG(s) 'example_trigger_controller_dag' retrieved from /home/airflow/.local/lib/python3.12/site-packages/airflow/example_dags/example_trigger_controller_dag.py
[2024-09-13T14:42:59.586+0000] {logging_mixin.py:190} INFO - [2024-09-13T14:42:59.586+0000] {dag.py:3229} INFO - Sync 1 DAGs
[2024-09-13T14:42:59.607+0000] {logging_mixin.py:190} INFO - [2024-09-13T14:42:59.607+0000] {dag.py:4156} INFO - Setting next_dagrun for example_trigger_controller_dag to 2021-01-01 00:00:00+00:00, run_after=2021-01-01 00:00:00+00:00
[2024-09-13T14:42:59.623+0000] {processor.py:208} INFO - Processing /home/airflow/.local/lib/python3.12/site-packages/airflow/example_dags/example_trigger_controller_dag.py took 0.069 seconds
