[2024-09-13T14:34:37.726+0000] {processor.py:186} INFO - Started process (PID=99) to work on /home/airflow/.local/lib/python3.12/site-packages/airflow/example_dags/example_task_group.py
[2024-09-13T14:34:37.727+0000] {processor.py:914} INFO - Processing file /home/airflow/.local/lib/python3.12/site-packages/airflow/example_dags/example_task_group.py for tasks to queue
[2024-09-13T14:34:37.728+0000] {logging_mixin.py:190} INFO - [2024-09-13T14:34:37.728+0000] {dagbag.py:587} INFO - Filling up the DagBag from /home/airflow/.local/lib/python3.12/site-packages/airflow/example_dags/example_task_group.py
[2024-09-13T14:34:37.737+0000] {processor.py:925} INFO - DAG(s) 'example_task_group' retrieved from /home/airflow/.local/lib/python3.12/site-packages/airflow/example_dags/example_task_group.py
[2024-09-13T14:34:37.831+0000] {logging_mixin.py:190} INFO - [2024-09-13T14:34:37.831+0000] {override.py:1900} INFO - Created Permission View: can read on DAG:example_task_group
[2024-09-13T14:34:37.840+0000] {logging_mixin.py:190} INFO - [2024-09-13T14:34:37.839+0000] {override.py:1900} INFO - Created Permission View: can delete on DAG:example_task_group
[2024-09-13T14:34:37.845+0000] {logging_mixin.py:190} INFO - [2024-09-13T14:34:37.845+0000] {override.py:1900} INFO - Created Permission View: can edit on DAG:example_task_group
[2024-09-13T14:34:37.852+0000] {logging_mixin.py:190} INFO - [2024-09-13T14:34:37.852+0000] {override.py:1900} INFO - Created Permission View: can create on DAG Run:example_task_group
[2024-09-13T14:34:37.857+0000] {logging_mixin.py:190} INFO - [2024-09-13T14:34:37.857+0000] {override.py:1900} INFO - Created Permission View: menu access on DAG Run:example_task_group
[2024-09-13T14:34:37.863+0000] {logging_mixin.py:190} INFO - [2024-09-13T14:34:37.863+0000] {override.py:1900} INFO - Created Permission View: can read on DAG Run:example_task_group
[2024-09-13T14:34:37.869+0000] {logging_mixin.py:190} INFO - [2024-09-13T14:34:37.869+0000] {override.py:1900} INFO - Created Permission View: can delete on DAG Run:example_task_group
[2024-09-13T14:34:37.870+0000] {logging_mixin.py:190} INFO - [2024-09-13T14:34:37.869+0000] {dag.py:3229} INFO - Sync 1 DAGs
[2024-09-13T14:34:37.881+0000] {logging_mixin.py:190} INFO - [2024-09-13T14:34:37.881+0000] {dag.py:3252} INFO - Creating ORM DAG for example_task_group
[2024-09-13T14:34:37.882+0000] {logging_mixin.py:190} INFO - [2024-09-13T14:34:37.881+0000] {dag.py:4156} INFO - Setting next_dagrun for example_task_group to None, run_after=None
[2024-09-13T14:34:37.897+0000] {processor.py:208} INFO - Processing /home/airflow/.local/lib/python3.12/site-packages/airflow/example_dags/example_task_group.py took 0.176 seconds
[2024-09-13T14:35:08.044+0000] {processor.py:186} INFO - Started process (PID=161) to work on /home/airflow/.local/lib/python3.12/site-packages/airflow/example_dags/example_task_group.py
[2024-09-13T14:35:08.045+0000] {processor.py:914} INFO - Processing file /home/airflow/.local/lib/python3.12/site-packages/airflow/example_dags/example_task_group.py for tasks to queue
[2024-09-13T14:35:08.047+0000] {logging_mixin.py:190} INFO - [2024-09-13T14:35:08.047+0000] {dagbag.py:587} INFO - Filling up the DagBag from /home/airflow/.local/lib/python3.12/site-packages/airflow/example_dags/example_task_group.py
[2024-09-13T14:35:08.055+0000] {processor.py:925} INFO - DAG(s) 'example_task_group' retrieved from /home/airflow/.local/lib/python3.12/site-packages/airflow/example_dags/example_task_group.py
[2024-09-13T14:35:08.077+0000] {logging_mixin.py:190} INFO - [2024-09-13T14:35:08.077+0000] {dag.py:3229} INFO - Sync 1 DAGs
[2024-09-13T14:35:08.090+0000] {logging_mixin.py:190} INFO - [2024-09-13T14:35:08.089+0000] {dag.py:4156} INFO - Setting next_dagrun for example_task_group to None, run_after=None
[2024-09-13T14:35:08.106+0000] {processor.py:208} INFO - Processing /home/airflow/.local/lib/python3.12/site-packages/airflow/example_dags/example_task_group.py took 0.068 seconds
[2024-09-13T14:35:38.151+0000] {processor.py:186} INFO - Started process (PID=222) to work on /home/airflow/.local/lib/python3.12/site-packages/airflow/example_dags/example_task_group.py
[2024-09-13T14:35:38.152+0000] {processor.py:914} INFO - Processing file /home/airflow/.local/lib/python3.12/site-packages/airflow/example_dags/example_task_group.py for tasks to queue
[2024-09-13T14:35:38.154+0000] {logging_mixin.py:190} INFO - [2024-09-13T14:35:38.153+0000] {dagbag.py:587} INFO - Filling up the DagBag from /home/airflow/.local/lib/python3.12/site-packages/airflow/example_dags/example_task_group.py
[2024-09-13T14:35:38.162+0000] {processor.py:925} INFO - DAG(s) 'example_task_group' retrieved from /home/airflow/.local/lib/python3.12/site-packages/airflow/example_dags/example_task_group.py
[2024-09-13T14:35:38.185+0000] {logging_mixin.py:190} INFO - [2024-09-13T14:35:38.184+0000] {dag.py:3229} INFO - Sync 1 DAGs
[2024-09-13T14:35:38.197+0000] {logging_mixin.py:190} INFO - [2024-09-13T14:35:38.197+0000] {dag.py:4156} INFO - Setting next_dagrun for example_task_group to None, run_after=None
[2024-09-13T14:35:38.213+0000] {processor.py:208} INFO - Processing /home/airflow/.local/lib/python3.12/site-packages/airflow/example_dags/example_task_group.py took 0.067 seconds
[2024-09-13T14:36:08.367+0000] {processor.py:186} INFO - Started process (PID=283) to work on /home/airflow/.local/lib/python3.12/site-packages/airflow/example_dags/example_task_group.py
[2024-09-13T14:36:08.367+0000] {processor.py:914} INFO - Processing file /home/airflow/.local/lib/python3.12/site-packages/airflow/example_dags/example_task_group.py for tasks to queue
[2024-09-13T14:36:08.370+0000] {logging_mixin.py:190} INFO - [2024-09-13T14:36:08.369+0000] {dagbag.py:587} INFO - Filling up the DagBag from /home/airflow/.local/lib/python3.12/site-packages/airflow/example_dags/example_task_group.py
[2024-09-13T14:36:08.378+0000] {processor.py:925} INFO - DAG(s) 'example_task_group' retrieved from /home/airflow/.local/lib/python3.12/site-packages/airflow/example_dags/example_task_group.py
[2024-09-13T14:36:08.404+0000] {logging_mixin.py:190} INFO - [2024-09-13T14:36:08.404+0000] {dag.py:3229} INFO - Sync 1 DAGs
[2024-09-13T14:36:08.422+0000] {logging_mixin.py:190} INFO - [2024-09-13T14:36:08.421+0000] {dag.py:4156} INFO - Setting next_dagrun for example_task_group to None, run_after=None
[2024-09-13T14:36:08.443+0000] {processor.py:208} INFO - Processing /home/airflow/.local/lib/python3.12/site-packages/airflow/example_dags/example_task_group.py took 0.082 seconds
[2024-09-13T14:36:38.624+0000] {processor.py:186} INFO - Started process (PID=344) to work on /home/airflow/.local/lib/python3.12/site-packages/airflow/example_dags/example_task_group.py
[2024-09-13T14:36:38.625+0000] {processor.py:914} INFO - Processing file /home/airflow/.local/lib/python3.12/site-packages/airflow/example_dags/example_task_group.py for tasks to queue
[2024-09-13T14:36:38.626+0000] {logging_mixin.py:190} INFO - [2024-09-13T14:36:38.626+0000] {dagbag.py:587} INFO - Filling up the DagBag from /home/airflow/.local/lib/python3.12/site-packages/airflow/example_dags/example_task_group.py
[2024-09-13T14:36:38.634+0000] {processor.py:925} INFO - DAG(s) 'example_task_group' retrieved from /home/airflow/.local/lib/python3.12/site-packages/airflow/example_dags/example_task_group.py
[2024-09-13T14:36:38.655+0000] {logging_mixin.py:190} INFO - [2024-09-13T14:36:38.655+0000] {dag.py:3229} INFO - Sync 1 DAGs
[2024-09-13T14:36:38.668+0000] {logging_mixin.py:190} INFO - [2024-09-13T14:36:38.667+0000] {dag.py:4156} INFO - Setting next_dagrun for example_task_group to None, run_after=None
[2024-09-13T14:36:38.684+0000] {processor.py:208} INFO - Processing /home/airflow/.local/lib/python3.12/site-packages/airflow/example_dags/example_task_group.py took 0.065 seconds
[2024-09-13T14:37:09.416+0000] {processor.py:186} INFO - Started process (PID=406) to work on /home/airflow/.local/lib/python3.12/site-packages/airflow/example_dags/example_task_group.py
[2024-09-13T14:37:09.417+0000] {processor.py:914} INFO - Processing file /home/airflow/.local/lib/python3.12/site-packages/airflow/example_dags/example_task_group.py for tasks to queue
[2024-09-13T14:37:09.419+0000] {logging_mixin.py:190} INFO - [2024-09-13T14:37:09.418+0000] {dagbag.py:587} INFO - Filling up the DagBag from /home/airflow/.local/lib/python3.12/site-packages/airflow/example_dags/example_task_group.py
[2024-09-13T14:37:09.426+0000] {processor.py:925} INFO - DAG(s) 'example_task_group' retrieved from /home/airflow/.local/lib/python3.12/site-packages/airflow/example_dags/example_task_group.py
[2024-09-13T14:37:09.447+0000] {logging_mixin.py:190} INFO - [2024-09-13T14:37:09.446+0000] {dag.py:3229} INFO - Sync 1 DAGs
[2024-09-13T14:37:09.460+0000] {logging_mixin.py:190} INFO - [2024-09-13T14:37:09.459+0000] {dag.py:4156} INFO - Setting next_dagrun for example_task_group to None, run_after=None
[2024-09-13T14:37:09.476+0000] {processor.py:208} INFO - Processing /home/airflow/.local/lib/python3.12/site-packages/airflow/example_dags/example_task_group.py took 0.065 seconds
[2024-09-13T14:37:40.268+0000] {processor.py:186} INFO - Started process (PID=468) to work on /home/airflow/.local/lib/python3.12/site-packages/airflow/example_dags/example_task_group.py
[2024-09-13T14:37:40.268+0000] {processor.py:914} INFO - Processing file /home/airflow/.local/lib/python3.12/site-packages/airflow/example_dags/example_task_group.py for tasks to queue
[2024-09-13T14:37:40.270+0000] {logging_mixin.py:190} INFO - [2024-09-13T14:37:40.270+0000] {dagbag.py:587} INFO - Filling up the DagBag from /home/airflow/.local/lib/python3.12/site-packages/airflow/example_dags/example_task_group.py
[2024-09-13T14:37:40.278+0000] {processor.py:925} INFO - DAG(s) 'example_task_group' retrieved from /home/airflow/.local/lib/python3.12/site-packages/airflow/example_dags/example_task_group.py
[2024-09-13T14:37:40.299+0000] {logging_mixin.py:190} INFO - [2024-09-13T14:37:40.299+0000] {dag.py:3229} INFO - Sync 1 DAGs
[2024-09-13T14:37:40.312+0000] {logging_mixin.py:190} INFO - [2024-09-13T14:37:40.312+0000] {dag.py:4156} INFO - Setting next_dagrun for example_task_group to None, run_after=None
[2024-09-13T14:37:40.329+0000] {processor.py:208} INFO - Processing /home/airflow/.local/lib/python3.12/site-packages/airflow/example_dags/example_task_group.py took 0.067 seconds
[2024-09-13T14:38:10.751+0000] {processor.py:186} INFO - Started process (PID=530) to work on /home/airflow/.local/lib/python3.12/site-packages/airflow/example_dags/example_task_group.py
[2024-09-13T14:38:10.753+0000] {processor.py:914} INFO - Processing file /home/airflow/.local/lib/python3.12/site-packages/airflow/example_dags/example_task_group.py for tasks to queue
[2024-09-13T14:38:10.755+0000] {logging_mixin.py:190} INFO - [2024-09-13T14:38:10.755+0000] {dagbag.py:587} INFO - Filling up the DagBag from /home/airflow/.local/lib/python3.12/site-packages/airflow/example_dags/example_task_group.py
[2024-09-13T14:38:10.764+0000] {processor.py:925} INFO - DAG(s) 'example_task_group' retrieved from /home/airflow/.local/lib/python3.12/site-packages/airflow/example_dags/example_task_group.py
[2024-09-13T14:38:10.784+0000] {logging_mixin.py:190} INFO - [2024-09-13T14:38:10.784+0000] {dag.py:3229} INFO - Sync 1 DAGs
[2024-09-13T14:38:10.797+0000] {logging_mixin.py:190} INFO - [2024-09-13T14:38:10.797+0000] {dag.py:4156} INFO - Setting next_dagrun for example_task_group to None, run_after=None
[2024-09-13T14:38:10.813+0000] {processor.py:208} INFO - Processing /home/airflow/.local/lib/python3.12/site-packages/airflow/example_dags/example_task_group.py took 0.068 seconds
[2024-09-13T14:39:33.368+0000] {processor.py:186} INFO - Started process (PID=93) to work on /home/airflow/.local/lib/python3.12/site-packages/airflow/example_dags/example_task_group.py
[2024-09-13T14:39:33.369+0000] {processor.py:914} INFO - Processing file /home/airflow/.local/lib/python3.12/site-packages/airflow/example_dags/example_task_group.py for tasks to queue
[2024-09-13T14:39:33.371+0000] {logging_mixin.py:190} INFO - [2024-09-13T14:39:33.371+0000] {dagbag.py:587} INFO - Filling up the DagBag from /home/airflow/.local/lib/python3.12/site-packages/airflow/example_dags/example_task_group.py
[2024-09-13T14:39:33.381+0000] {processor.py:925} INFO - DAG(s) 'example_task_group' retrieved from /home/airflow/.local/lib/python3.12/site-packages/airflow/example_dags/example_task_group.py
[2024-09-13T14:39:33.408+0000] {logging_mixin.py:190} INFO - [2024-09-13T14:39:33.408+0000] {dag.py:3229} INFO - Sync 1 DAGs
[2024-09-13T14:39:33.421+0000] {logging_mixin.py:190} INFO - [2024-09-13T14:39:33.420+0000] {dag.py:4156} INFO - Setting next_dagrun for example_task_group to None, run_after=None
[2024-09-13T14:39:33.440+0000] {processor.py:208} INFO - Processing /home/airflow/.local/lib/python3.12/site-packages/airflow/example_dags/example_task_group.py took 0.077 seconds
[2024-09-13T14:40:04.352+0000] {processor.py:186} INFO - Started process (PID=155) to work on /home/airflow/.local/lib/python3.12/site-packages/airflow/example_dags/example_task_group.py
[2024-09-13T14:40:04.352+0000] {processor.py:914} INFO - Processing file /home/airflow/.local/lib/python3.12/site-packages/airflow/example_dags/example_task_group.py for tasks to queue
[2024-09-13T14:40:04.354+0000] {logging_mixin.py:190} INFO - [2024-09-13T14:40:04.354+0000] {dagbag.py:587} INFO - Filling up the DagBag from /home/airflow/.local/lib/python3.12/site-packages/airflow/example_dags/example_task_group.py
[2024-09-13T14:40:04.362+0000] {processor.py:925} INFO - DAG(s) 'example_task_group' retrieved from /home/airflow/.local/lib/python3.12/site-packages/airflow/example_dags/example_task_group.py
[2024-09-13T14:40:04.384+0000] {logging_mixin.py:190} INFO - [2024-09-13T14:40:04.383+0000] {dag.py:3229} INFO - Sync 1 DAGs
[2024-09-13T14:40:04.397+0000] {logging_mixin.py:190} INFO - [2024-09-13T14:40:04.397+0000] {dag.py:4156} INFO - Setting next_dagrun for example_task_group to None, run_after=None
[2024-09-13T14:40:04.415+0000] {processor.py:208} INFO - Processing /home/airflow/.local/lib/python3.12/site-packages/airflow/example_dags/example_task_group.py took 0.069 seconds
[2024-09-13T14:40:34.698+0000] {processor.py:186} INFO - Started process (PID=217) to work on /home/airflow/.local/lib/python3.12/site-packages/airflow/example_dags/example_task_group.py
[2024-09-13T14:40:34.699+0000] {processor.py:914} INFO - Processing file /home/airflow/.local/lib/python3.12/site-packages/airflow/example_dags/example_task_group.py for tasks to queue
[2024-09-13T14:40:34.701+0000] {logging_mixin.py:190} INFO - [2024-09-13T14:40:34.701+0000] {dagbag.py:587} INFO - Filling up the DagBag from /home/airflow/.local/lib/python3.12/site-packages/airflow/example_dags/example_task_group.py
[2024-09-13T14:40:34.709+0000] {processor.py:925} INFO - DAG(s) 'example_task_group' retrieved from /home/airflow/.local/lib/python3.12/site-packages/airflow/example_dags/example_task_group.py
[2024-09-13T14:40:34.731+0000] {logging_mixin.py:190} INFO - [2024-09-13T14:40:34.730+0000] {dag.py:3229} INFO - Sync 1 DAGs
[2024-09-13T14:40:34.743+0000] {logging_mixin.py:190} INFO - [2024-09-13T14:40:34.743+0000] {dag.py:4156} INFO - Setting next_dagrun for example_task_group to None, run_after=None
[2024-09-13T14:40:34.761+0000] {processor.py:208} INFO - Processing /home/airflow/.local/lib/python3.12/site-packages/airflow/example_dags/example_task_group.py took 0.068 seconds
[2024-09-13T14:41:26.080+0000] {processor.py:186} INFO - Started process (PID=86) to work on /home/airflow/.local/lib/python3.12/site-packages/airflow/example_dags/example_task_group.py
[2024-09-13T14:41:26.081+0000] {processor.py:914} INFO - Processing file /home/airflow/.local/lib/python3.12/site-packages/airflow/example_dags/example_task_group.py for tasks to queue
[2024-09-13T14:41:26.083+0000] {logging_mixin.py:190} INFO - [2024-09-13T14:41:26.083+0000] {dagbag.py:587} INFO - Filling up the DagBag from /home/airflow/.local/lib/python3.12/site-packages/airflow/example_dags/example_task_group.py
[2024-09-13T14:41:26.093+0000] {processor.py:925} INFO - DAG(s) 'example_task_group' retrieved from /home/airflow/.local/lib/python3.12/site-packages/airflow/example_dags/example_task_group.py
[2024-09-13T14:41:26.123+0000] {logging_mixin.py:190} INFO - [2024-09-13T14:41:26.123+0000] {dag.py:3229} INFO - Sync 1 DAGs
[2024-09-13T14:41:26.141+0000] {logging_mixin.py:190} INFO - [2024-09-13T14:41:26.141+0000] {dag.py:4156} INFO - Setting next_dagrun for example_task_group to None, run_after=None
[2024-09-13T14:41:26.164+0000] {processor.py:208} INFO - Processing /home/airflow/.local/lib/python3.12/site-packages/airflow/example_dags/example_task_group.py took 0.090 seconds
[2024-09-13T14:41:57.032+0000] {processor.py:186} INFO - Started process (PID=148) to work on /home/airflow/.local/lib/python3.12/site-packages/airflow/example_dags/example_task_group.py
[2024-09-13T14:41:57.033+0000] {processor.py:914} INFO - Processing file /home/airflow/.local/lib/python3.12/site-packages/airflow/example_dags/example_task_group.py for tasks to queue
[2024-09-13T14:41:57.035+0000] {logging_mixin.py:190} INFO - [2024-09-13T14:41:57.035+0000] {dagbag.py:587} INFO - Filling up the DagBag from /home/airflow/.local/lib/python3.12/site-packages/airflow/example_dags/example_task_group.py
[2024-09-13T14:41:57.043+0000] {processor.py:925} INFO - DAG(s) 'example_task_group' retrieved from /home/airflow/.local/lib/python3.12/site-packages/airflow/example_dags/example_task_group.py
[2024-09-13T14:41:57.062+0000] {logging_mixin.py:190} INFO - [2024-09-13T14:41:57.062+0000] {dag.py:3229} INFO - Sync 1 DAGs
[2024-09-13T14:41:57.074+0000] {logging_mixin.py:190} INFO - [2024-09-13T14:41:57.074+0000] {dag.py:4156} INFO - Setting next_dagrun for example_task_group to None, run_after=None
[2024-09-13T14:41:57.090+0000] {processor.py:208} INFO - Processing /home/airflow/.local/lib/python3.12/site-packages/airflow/example_dags/example_task_group.py took 0.063 seconds
[2024-09-13T14:42:28.145+0000] {processor.py:186} INFO - Started process (PID=210) to work on /home/airflow/.local/lib/python3.12/site-packages/airflow/example_dags/example_task_group.py
[2024-09-13T14:42:28.145+0000] {processor.py:914} INFO - Processing file /home/airflow/.local/lib/python3.12/site-packages/airflow/example_dags/example_task_group.py for tasks to queue
[2024-09-13T14:42:28.147+0000] {logging_mixin.py:190} INFO - [2024-09-13T14:42:28.147+0000] {dagbag.py:587} INFO - Filling up the DagBag from /home/airflow/.local/lib/python3.12/site-packages/airflow/example_dags/example_task_group.py
[2024-09-13T14:42:28.155+0000] {processor.py:925} INFO - DAG(s) 'example_task_group' retrieved from /home/airflow/.local/lib/python3.12/site-packages/airflow/example_dags/example_task_group.py
[2024-09-13T14:42:28.175+0000] {logging_mixin.py:190} INFO - [2024-09-13T14:42:28.174+0000] {dag.py:3229} INFO - Sync 1 DAGs
[2024-09-13T14:42:28.188+0000] {logging_mixin.py:190} INFO - [2024-09-13T14:42:28.188+0000] {dag.py:4156} INFO - Setting next_dagrun for example_task_group to None, run_after=None
[2024-09-13T14:42:28.204+0000] {processor.py:208} INFO - Processing /home/airflow/.local/lib/python3.12/site-packages/airflow/example_dags/example_task_group.py took 0.065 seconds
[2024-09-13T14:42:59.200+0000] {processor.py:186} INFO - Started process (PID=272) to work on /home/airflow/.local/lib/python3.12/site-packages/airflow/example_dags/example_task_group.py
[2024-09-13T14:42:59.200+0000] {processor.py:914} INFO - Processing file /home/airflow/.local/lib/python3.12/site-packages/airflow/example_dags/example_task_group.py for tasks to queue
[2024-09-13T14:42:59.203+0000] {logging_mixin.py:190} INFO - [2024-09-13T14:42:59.202+0000] {dagbag.py:587} INFO - Filling up the DagBag from /home/airflow/.local/lib/python3.12/site-packages/airflow/example_dags/example_task_group.py
[2024-09-13T14:42:59.211+0000] {processor.py:925} INFO - DAG(s) 'example_task_group' retrieved from /home/airflow/.local/lib/python3.12/site-packages/airflow/example_dags/example_task_group.py
[2024-09-13T14:42:59.232+0000] {logging_mixin.py:190} INFO - [2024-09-13T14:42:59.232+0000] {dag.py:3229} INFO - Sync 1 DAGs
[2024-09-13T14:42:59.245+0000] {logging_mixin.py:190} INFO - [2024-09-13T14:42:59.245+0000] {dag.py:4156} INFO - Setting next_dagrun for example_task_group to None, run_after=None
[2024-09-13T14:42:59.262+0000] {processor.py:208} INFO - Processing /home/airflow/.local/lib/python3.12/site-packages/airflow/example_dags/example_task_group.py took 0.067 seconds
