[2024-09-13T14:34:39.750+0000] {processor.py:186} INFO - Started process (PID=115) to work on /home/airflow/.local/lib/python3.12/site-packages/airflow/example_dags/example_sensors.py
[2024-09-13T14:34:39.751+0000] {processor.py:914} INFO - Processing file /home/airflow/.local/lib/python3.12/site-packages/airflow/example_dags/example_sensors.py for tasks to queue
[2024-09-13T14:34:39.753+0000] {logging_mixin.py:190} INFO - [2024-09-13T14:34:39.753+0000] {dagbag.py:587} INFO - Filling up the DagBag from /home/airflow/.local/lib/python3.12/site-packages/airflow/example_dags/example_sensors.py
[2024-09-13T14:34:39.763+0000] {processor.py:925} INFO - DAG(s) 'example_sensors' retrieved from /home/airflow/.local/lib/python3.12/site-packages/airflow/example_dags/example_sensors.py
[2024-09-13T14:34:39.859+0000] {logging_mixin.py:190} INFO - [2024-09-13T14:34:39.859+0000] {override.py:1900} INFO - Created Permission View: can read on DAG:example_sensors
[2024-09-13T14:34:39.871+0000] {logging_mixin.py:190} INFO - [2024-09-13T14:34:39.871+0000] {override.py:1900} INFO - Created Permission View: can delete on DAG:example_sensors
[2024-09-13T14:34:39.876+0000] {logging_mixin.py:190} INFO - [2024-09-13T14:34:39.876+0000] {override.py:1900} INFO - Created Permission View: can edit on DAG:example_sensors
[2024-09-13T14:34:39.883+0000] {logging_mixin.py:190} INFO - [2024-09-13T14:34:39.882+0000] {override.py:1900} INFO - Created Permission View: can create on DAG Run:example_sensors
[2024-09-13T14:34:39.888+0000] {logging_mixin.py:190} INFO - [2024-09-13T14:34:39.888+0000] {override.py:1900} INFO - Created Permission View: menu access on DAG Run:example_sensors
[2024-09-13T14:34:39.894+0000] {logging_mixin.py:190} INFO - [2024-09-13T14:34:39.893+0000] {override.py:1900} INFO - Created Permission View: can read on DAG Run:example_sensors
[2024-09-13T14:34:39.899+0000] {logging_mixin.py:190} INFO - [2024-09-13T14:34:39.899+0000] {override.py:1900} INFO - Created Permission View: can delete on DAG Run:example_sensors
[2024-09-13T14:34:39.899+0000] {logging_mixin.py:190} INFO - [2024-09-13T14:34:39.899+0000] {dag.py:3229} INFO - Sync 1 DAGs
[2024-09-13T14:34:39.910+0000] {logging_mixin.py:190} INFO - [2024-09-13T14:34:39.910+0000] {dag.py:3252} INFO - Creating ORM DAG for example_sensors
[2024-09-13T14:34:39.911+0000] {logging_mixin.py:190} INFO - [2024-09-13T14:34:39.911+0000] {dag.py:4156} INFO - Setting next_dagrun for example_sensors to None, run_after=None
[2024-09-13T14:34:39.926+0000] {processor.py:208} INFO - Processing /home/airflow/.local/lib/python3.12/site-packages/airflow/example_dags/example_sensors.py took 0.180 seconds
[2024-09-13T14:35:10.034+0000] {processor.py:186} INFO - Started process (PID=176) to work on /home/airflow/.local/lib/python3.12/site-packages/airflow/example_dags/example_sensors.py
[2024-09-13T14:35:10.035+0000] {processor.py:914} INFO - Processing file /home/airflow/.local/lib/python3.12/site-packages/airflow/example_dags/example_sensors.py for tasks to queue
[2024-09-13T14:35:10.037+0000] {logging_mixin.py:190} INFO - [2024-09-13T14:35:10.036+0000] {dagbag.py:587} INFO - Filling up the DagBag from /home/airflow/.local/lib/python3.12/site-packages/airflow/example_dags/example_sensors.py
[2024-09-13T14:35:10.046+0000] {processor.py:925} INFO - DAG(s) 'example_sensors' retrieved from /home/airflow/.local/lib/python3.12/site-packages/airflow/example_dags/example_sensors.py
[2024-09-13T14:35:10.075+0000] {logging_mixin.py:190} INFO - [2024-09-13T14:35:10.074+0000] {dag.py:3229} INFO - Sync 1 DAGs
[2024-09-13T14:35:10.091+0000] {logging_mixin.py:190} INFO - [2024-09-13T14:35:10.091+0000] {dag.py:4156} INFO - Setting next_dagrun for example_sensors to None, run_after=None
[2024-09-13T14:35:10.112+0000] {processor.py:208} INFO - Processing /home/airflow/.local/lib/python3.12/site-packages/airflow/example_dags/example_sensors.py took 0.084 seconds
[2024-09-13T14:35:40.680+0000] {processor.py:186} INFO - Started process (PID=239) to work on /home/airflow/.local/lib/python3.12/site-packages/airflow/example_dags/example_sensors.py
[2024-09-13T14:35:40.681+0000] {processor.py:914} INFO - Processing file /home/airflow/.local/lib/python3.12/site-packages/airflow/example_dags/example_sensors.py for tasks to queue
[2024-09-13T14:35:40.683+0000] {logging_mixin.py:190} INFO - [2024-09-13T14:35:40.683+0000] {dagbag.py:587} INFO - Filling up the DagBag from /home/airflow/.local/lib/python3.12/site-packages/airflow/example_dags/example_sensors.py
[2024-09-13T14:35:40.694+0000] {processor.py:925} INFO - DAG(s) 'example_sensors' retrieved from /home/airflow/.local/lib/python3.12/site-packages/airflow/example_dags/example_sensors.py
[2024-09-13T14:35:40.719+0000] {logging_mixin.py:190} INFO - [2024-09-13T14:35:40.719+0000] {dag.py:3229} INFO - Sync 1 DAGs
[2024-09-13T14:35:40.731+0000] {logging_mixin.py:190} INFO - [2024-09-13T14:35:40.731+0000] {dag.py:4156} INFO - Setting next_dagrun for example_sensors to None, run_after=None
[2024-09-13T14:35:40.750+0000] {processor.py:208} INFO - Processing /home/airflow/.local/lib/python3.12/site-packages/airflow/example_dags/example_sensors.py took 0.075 seconds
[2024-09-13T14:36:10.954+0000] {processor.py:186} INFO - Started process (PID=301) to work on /home/airflow/.local/lib/python3.12/site-packages/airflow/example_dags/example_sensors.py
[2024-09-13T14:36:10.955+0000] {processor.py:914} INFO - Processing file /home/airflow/.local/lib/python3.12/site-packages/airflow/example_dags/example_sensors.py for tasks to queue
[2024-09-13T14:36:10.957+0000] {logging_mixin.py:190} INFO - [2024-09-13T14:36:10.956+0000] {dagbag.py:587} INFO - Filling up the DagBag from /home/airflow/.local/lib/python3.12/site-packages/airflow/example_dags/example_sensors.py
[2024-09-13T14:36:10.966+0000] {processor.py:925} INFO - DAG(s) 'example_sensors' retrieved from /home/airflow/.local/lib/python3.12/site-packages/airflow/example_dags/example_sensors.py
[2024-09-13T14:36:10.991+0000] {logging_mixin.py:190} INFO - [2024-09-13T14:36:10.990+0000] {dag.py:3229} INFO - Sync 1 DAGs
[2024-09-13T14:36:11.002+0000] {logging_mixin.py:190} INFO - [2024-09-13T14:36:11.002+0000] {dag.py:4156} INFO - Setting next_dagrun for example_sensors to None, run_after=None
[2024-09-13T14:36:11.019+0000] {processor.py:208} INFO - Processing /home/airflow/.local/lib/python3.12/site-packages/airflow/example_dags/example_sensors.py took 0.070 seconds
[2024-09-13T14:36:41.943+0000] {processor.py:186} INFO - Started process (PID=363) to work on /home/airflow/.local/lib/python3.12/site-packages/airflow/example_dags/example_sensors.py
[2024-09-13T14:36:41.944+0000] {processor.py:914} INFO - Processing file /home/airflow/.local/lib/python3.12/site-packages/airflow/example_dags/example_sensors.py for tasks to queue
[2024-09-13T14:36:41.946+0000] {logging_mixin.py:190} INFO - [2024-09-13T14:36:41.946+0000] {dagbag.py:587} INFO - Filling up the DagBag from /home/airflow/.local/lib/python3.12/site-packages/airflow/example_dags/example_sensors.py
[2024-09-13T14:36:41.955+0000] {processor.py:925} INFO - DAG(s) 'example_sensors' retrieved from /home/airflow/.local/lib/python3.12/site-packages/airflow/example_dags/example_sensors.py
[2024-09-13T14:36:41.980+0000] {logging_mixin.py:190} INFO - [2024-09-13T14:36:41.980+0000] {dag.py:3229} INFO - Sync 1 DAGs
[2024-09-13T14:36:41.994+0000] {logging_mixin.py:190} INFO - [2024-09-13T14:36:41.993+0000] {dag.py:4156} INFO - Setting next_dagrun for example_sensors to None, run_after=None
[2024-09-13T14:36:42.012+0000] {processor.py:208} INFO - Processing /home/airflow/.local/lib/python3.12/site-packages/airflow/example_dags/example_sensors.py took 0.074 seconds
[2024-09-13T14:37:12.810+0000] {processor.py:186} INFO - Started process (PID=425) to work on /home/airflow/.local/lib/python3.12/site-packages/airflow/example_dags/example_sensors.py
[2024-09-13T14:37:12.811+0000] {processor.py:914} INFO - Processing file /home/airflow/.local/lib/python3.12/site-packages/airflow/example_dags/example_sensors.py for tasks to queue
[2024-09-13T14:37:12.813+0000] {logging_mixin.py:190} INFO - [2024-09-13T14:37:12.813+0000] {dagbag.py:587} INFO - Filling up the DagBag from /home/airflow/.local/lib/python3.12/site-packages/airflow/example_dags/example_sensors.py
[2024-09-13T14:37:12.824+0000] {processor.py:925} INFO - DAG(s) 'example_sensors' retrieved from /home/airflow/.local/lib/python3.12/site-packages/airflow/example_dags/example_sensors.py
[2024-09-13T14:37:12.850+0000] {logging_mixin.py:190} INFO - [2024-09-13T14:37:12.850+0000] {dag.py:3229} INFO - Sync 1 DAGs
[2024-09-13T14:37:12.863+0000] {logging_mixin.py:190} INFO - [2024-09-13T14:37:12.862+0000] {dag.py:4156} INFO - Setting next_dagrun for example_sensors to None, run_after=None
[2024-09-13T14:37:12.879+0000] {processor.py:208} INFO - Processing /home/airflow/.local/lib/python3.12/site-packages/airflow/example_dags/example_sensors.py took 0.074 seconds
[2024-09-13T14:37:43.160+0000] {processor.py:186} INFO - Started process (PID=486) to work on /home/airflow/.local/lib/python3.12/site-packages/airflow/example_dags/example_sensors.py
[2024-09-13T14:37:43.161+0000] {processor.py:914} INFO - Processing file /home/airflow/.local/lib/python3.12/site-packages/airflow/example_dags/example_sensors.py for tasks to queue
[2024-09-13T14:37:43.163+0000] {logging_mixin.py:190} INFO - [2024-09-13T14:37:43.163+0000] {dagbag.py:587} INFO - Filling up the DagBag from /home/airflow/.local/lib/python3.12/site-packages/airflow/example_dags/example_sensors.py
[2024-09-13T14:37:43.173+0000] {processor.py:925} INFO - DAG(s) 'example_sensors' retrieved from /home/airflow/.local/lib/python3.12/site-packages/airflow/example_dags/example_sensors.py
[2024-09-13T14:37:43.197+0000] {logging_mixin.py:190} INFO - [2024-09-13T14:37:43.197+0000] {dag.py:3229} INFO - Sync 1 DAGs
[2024-09-13T14:37:43.210+0000] {logging_mixin.py:190} INFO - [2024-09-13T14:37:43.210+0000] {dag.py:4156} INFO - Setting next_dagrun for example_sensors to None, run_after=None
[2024-09-13T14:37:43.227+0000] {processor.py:208} INFO - Processing /home/airflow/.local/lib/python3.12/site-packages/airflow/example_dags/example_sensors.py took 0.072 seconds
[2024-09-13T14:38:13.293+0000] {processor.py:186} INFO - Started process (PID=548) to work on /home/airflow/.local/lib/python3.12/site-packages/airflow/example_dags/example_sensors.py
[2024-09-13T14:38:13.294+0000] {processor.py:914} INFO - Processing file /home/airflow/.local/lib/python3.12/site-packages/airflow/example_dags/example_sensors.py for tasks to queue
[2024-09-13T14:38:13.296+0000] {logging_mixin.py:190} INFO - [2024-09-13T14:38:13.296+0000] {dagbag.py:587} INFO - Filling up the DagBag from /home/airflow/.local/lib/python3.12/site-packages/airflow/example_dags/example_sensors.py
[2024-09-13T14:38:13.306+0000] {processor.py:925} INFO - DAG(s) 'example_sensors' retrieved from /home/airflow/.local/lib/python3.12/site-packages/airflow/example_dags/example_sensors.py
[2024-09-13T14:38:13.330+0000] {logging_mixin.py:190} INFO - [2024-09-13T14:38:13.330+0000] {dag.py:3229} INFO - Sync 1 DAGs
[2024-09-13T14:38:13.343+0000] {logging_mixin.py:190} INFO - [2024-09-13T14:38:13.343+0000] {dag.py:4156} INFO - Setting next_dagrun for example_sensors to None, run_after=None
[2024-09-13T14:38:13.361+0000] {processor.py:208} INFO - Processing /home/airflow/.local/lib/python3.12/site-packages/airflow/example_dags/example_sensors.py took 0.073 seconds
[2024-09-13T14:39:34.568+0000] {processor.py:186} INFO - Started process (PID=109) to work on /home/airflow/.local/lib/python3.12/site-packages/airflow/example_dags/example_sensors.py
[2024-09-13T14:39:34.569+0000] {processor.py:914} INFO - Processing file /home/airflow/.local/lib/python3.12/site-packages/airflow/example_dags/example_sensors.py for tasks to queue
[2024-09-13T14:39:34.571+0000] {logging_mixin.py:190} INFO - [2024-09-13T14:39:34.570+0000] {dagbag.py:587} INFO - Filling up the DagBag from /home/airflow/.local/lib/python3.12/site-packages/airflow/example_dags/example_sensors.py
[2024-09-13T14:39:34.580+0000] {processor.py:925} INFO - DAG(s) 'example_sensors' retrieved from /home/airflow/.local/lib/python3.12/site-packages/airflow/example_dags/example_sensors.py
[2024-09-13T14:39:34.604+0000] {logging_mixin.py:190} INFO - [2024-09-13T14:39:34.604+0000] {dag.py:3229} INFO - Sync 1 DAGs
[2024-09-13T14:39:34.616+0000] {logging_mixin.py:190} INFO - [2024-09-13T14:39:34.616+0000] {dag.py:4156} INFO - Setting next_dagrun for example_sensors to None, run_after=None
[2024-09-13T14:39:34.633+0000] {processor.py:208} INFO - Processing /home/airflow/.local/lib/python3.12/site-packages/airflow/example_dags/example_sensors.py took 0.071 seconds
[2024-09-13T14:40:05.396+0000] {processor.py:186} INFO - Started process (PID=171) to work on /home/airflow/.local/lib/python3.12/site-packages/airflow/example_dags/example_sensors.py
[2024-09-13T14:40:05.397+0000] {processor.py:914} INFO - Processing file /home/airflow/.local/lib/python3.12/site-packages/airflow/example_dags/example_sensors.py for tasks to queue
[2024-09-13T14:40:05.401+0000] {logging_mixin.py:190} INFO - [2024-09-13T14:40:05.401+0000] {dagbag.py:587} INFO - Filling up the DagBag from /home/airflow/.local/lib/python3.12/site-packages/airflow/example_dags/example_sensors.py
[2024-09-13T14:40:05.419+0000] {processor.py:925} INFO - DAG(s) 'example_sensors' retrieved from /home/airflow/.local/lib/python3.12/site-packages/airflow/example_dags/example_sensors.py
[2024-09-13T14:40:05.460+0000] {logging_mixin.py:190} INFO - [2024-09-13T14:40:05.460+0000] {dag.py:3229} INFO - Sync 1 DAGs
[2024-09-13T14:40:05.480+0000] {logging_mixin.py:190} INFO - [2024-09-13T14:40:05.480+0000] {dag.py:4156} INFO - Setting next_dagrun for example_sensors to None, run_after=None
[2024-09-13T14:40:05.502+0000] {processor.py:208} INFO - Processing /home/airflow/.local/lib/python3.12/site-packages/airflow/example_dags/example_sensors.py took 0.113 seconds
[2024-09-13T14:40:35.611+0000] {processor.py:186} INFO - Started process (PID=232) to work on /home/airflow/.local/lib/python3.12/site-packages/airflow/example_dags/example_sensors.py
[2024-09-13T14:40:35.612+0000] {processor.py:914} INFO - Processing file /home/airflow/.local/lib/python3.12/site-packages/airflow/example_dags/example_sensors.py for tasks to queue
[2024-09-13T14:40:35.614+0000] {logging_mixin.py:190} INFO - [2024-09-13T14:40:35.614+0000] {dagbag.py:587} INFO - Filling up the DagBag from /home/airflow/.local/lib/python3.12/site-packages/airflow/example_dags/example_sensors.py
[2024-09-13T14:40:35.624+0000] {processor.py:925} INFO - DAG(s) 'example_sensors' retrieved from /home/airflow/.local/lib/python3.12/site-packages/airflow/example_dags/example_sensors.py
[2024-09-13T14:40:35.647+0000] {logging_mixin.py:190} INFO - [2024-09-13T14:40:35.647+0000] {dag.py:3229} INFO - Sync 1 DAGs
[2024-09-13T14:40:35.659+0000] {logging_mixin.py:190} INFO - [2024-09-13T14:40:35.659+0000] {dag.py:4156} INFO - Setting next_dagrun for example_sensors to None, run_after=None
[2024-09-13T14:40:35.677+0000] {processor.py:208} INFO - Processing /home/airflow/.local/lib/python3.12/site-packages/airflow/example_dags/example_sensors.py took 0.071 seconds
[2024-09-13T14:41:27.273+0000] {processor.py:186} INFO - Started process (PID=102) to work on /home/airflow/.local/lib/python3.12/site-packages/airflow/example_dags/example_sensors.py
[2024-09-13T14:41:27.274+0000] {processor.py:914} INFO - Processing file /home/airflow/.local/lib/python3.12/site-packages/airflow/example_dags/example_sensors.py for tasks to queue
[2024-09-13T14:41:27.276+0000] {logging_mixin.py:190} INFO - [2024-09-13T14:41:27.275+0000] {dagbag.py:587} INFO - Filling up the DagBag from /home/airflow/.local/lib/python3.12/site-packages/airflow/example_dags/example_sensors.py
[2024-09-13T14:41:27.286+0000] {processor.py:925} INFO - DAG(s) 'example_sensors' retrieved from /home/airflow/.local/lib/python3.12/site-packages/airflow/example_dags/example_sensors.py
[2024-09-13T14:41:27.310+0000] {logging_mixin.py:190} INFO - [2024-09-13T14:41:27.310+0000] {dag.py:3229} INFO - Sync 1 DAGs
[2024-09-13T14:41:27.323+0000] {logging_mixin.py:190} INFO - [2024-09-13T14:41:27.323+0000] {dag.py:4156} INFO - Setting next_dagrun for example_sensors to None, run_after=None
[2024-09-13T14:41:27.342+0000] {processor.py:208} INFO - Processing /home/airflow/.local/lib/python3.12/site-packages/airflow/example_dags/example_sensors.py took 0.074 seconds
[2024-09-13T14:41:57.957+0000] {processor.py:186} INFO - Started process (PID=163) to work on /home/airflow/.local/lib/python3.12/site-packages/airflow/example_dags/example_sensors.py
[2024-09-13T14:41:57.958+0000] {processor.py:914} INFO - Processing file /home/airflow/.local/lib/python3.12/site-packages/airflow/example_dags/example_sensors.py for tasks to queue
[2024-09-13T14:41:57.959+0000] {logging_mixin.py:190} INFO - [2024-09-13T14:41:57.959+0000] {dagbag.py:587} INFO - Filling up the DagBag from /home/airflow/.local/lib/python3.12/site-packages/airflow/example_dags/example_sensors.py
[2024-09-13T14:41:57.968+0000] {processor.py:925} INFO - DAG(s) 'example_sensors' retrieved from /home/airflow/.local/lib/python3.12/site-packages/airflow/example_dags/example_sensors.py
[2024-09-13T14:41:57.992+0000] {logging_mixin.py:190} INFO - [2024-09-13T14:41:57.992+0000] {dag.py:3229} INFO - Sync 1 DAGs
[2024-09-13T14:41:58.005+0000] {logging_mixin.py:190} INFO - [2024-09-13T14:41:58.005+0000] {dag.py:4156} INFO - Setting next_dagrun for example_sensors to None, run_after=None
[2024-09-13T14:41:58.023+0000] {processor.py:208} INFO - Processing /home/airflow/.local/lib/python3.12/site-packages/airflow/example_dags/example_sensors.py took 0.070 seconds
[2024-09-13T14:42:29.062+0000] {processor.py:186} INFO - Started process (PID=226) to work on /home/airflow/.local/lib/python3.12/site-packages/airflow/example_dags/example_sensors.py
[2024-09-13T14:42:29.063+0000] {processor.py:914} INFO - Processing file /home/airflow/.local/lib/python3.12/site-packages/airflow/example_dags/example_sensors.py for tasks to queue
[2024-09-13T14:42:29.064+0000] {logging_mixin.py:190} INFO - [2024-09-13T14:42:29.064+0000] {dagbag.py:587} INFO - Filling up the DagBag from /home/airflow/.local/lib/python3.12/site-packages/airflow/example_dags/example_sensors.py
[2024-09-13T14:42:29.075+0000] {processor.py:925} INFO - DAG(s) 'example_sensors' retrieved from /home/airflow/.local/lib/python3.12/site-packages/airflow/example_dags/example_sensors.py
[2024-09-13T14:42:29.097+0000] {logging_mixin.py:190} INFO - [2024-09-13T14:42:29.097+0000] {dag.py:3229} INFO - Sync 1 DAGs
[2024-09-13T14:42:29.109+0000] {logging_mixin.py:190} INFO - [2024-09-13T14:42:29.109+0000] {dag.py:4156} INFO - Setting next_dagrun for example_sensors to None, run_after=None
[2024-09-13T14:42:29.125+0000] {processor.py:208} INFO - Processing /home/airflow/.local/lib/python3.12/site-packages/airflow/example_dags/example_sensors.py took 0.068 seconds
[2024-09-13T14:43:00.219+0000] {processor.py:186} INFO - Started process (PID=288) to work on /home/airflow/.local/lib/python3.12/site-packages/airflow/example_dags/example_sensors.py
[2024-09-13T14:43:00.220+0000] {processor.py:914} INFO - Processing file /home/airflow/.local/lib/python3.12/site-packages/airflow/example_dags/example_sensors.py for tasks to queue
[2024-09-13T14:43:00.222+0000] {logging_mixin.py:190} INFO - [2024-09-13T14:43:00.221+0000] {dagbag.py:587} INFO - Filling up the DagBag from /home/airflow/.local/lib/python3.12/site-packages/airflow/example_dags/example_sensors.py
[2024-09-13T14:43:00.231+0000] {processor.py:925} INFO - DAG(s) 'example_sensors' retrieved from /home/airflow/.local/lib/python3.12/site-packages/airflow/example_dags/example_sensors.py
[2024-09-13T14:43:00.254+0000] {logging_mixin.py:190} INFO - [2024-09-13T14:43:00.253+0000] {dag.py:3229} INFO - Sync 1 DAGs
[2024-09-13T14:43:00.265+0000] {logging_mixin.py:190} INFO - [2024-09-13T14:43:00.265+0000] {dag.py:4156} INFO - Setting next_dagrun for example_sensors to None, run_after=None
[2024-09-13T14:43:00.283+0000] {processor.py:208} INFO - Processing /home/airflow/.local/lib/python3.12/site-packages/airflow/example_dags/example_sensors.py took 0.070 seconds
