[2024-09-13T14:34:38.179+0000] {processor.py:186} INFO - Started process (PID=103) to work on /home/airflow/.local/lib/python3.12/site-packages/airflow/example_dags/example_inlet_event_extra.py
[2024-09-13T14:34:38.180+0000] {processor.py:914} INFO - Processing file /home/airflow/.local/lib/python3.12/site-packages/airflow/example_dags/example_inlet_event_extra.py for tasks to queue
[2024-09-13T14:34:38.181+0000] {logging_mixin.py:190} INFO - [2024-09-13T14:34:38.181+0000] {dagbag.py:587} INFO - Filling up the DagBag from /home/airflow/.local/lib/python3.12/site-packages/airflow/example_dags/example_inlet_event_extra.py
[2024-09-13T14:34:38.308+0000] {processor.py:925} INFO - DAG(s) 'read_dataset_event', 'read_dataset_event_from_classic' retrieved from /home/airflow/.local/lib/python3.12/site-packages/airflow/example_dags/example_inlet_event_extra.py
[2024-09-13T14:34:38.397+0000] {logging_mixin.py:190} INFO - [2024-09-13T14:34:38.396+0000] {override.py:1900} INFO - Created Permission View: can read on DAG:read_dataset_event
[2024-09-13T14:34:38.405+0000] {logging_mixin.py:190} INFO - [2024-09-13T14:34:38.405+0000] {override.py:1900} INFO - Created Permission View: can delete on DAG:read_dataset_event
[2024-09-13T14:34:38.411+0000] {logging_mixin.py:190} INFO - [2024-09-13T14:34:38.410+0000] {override.py:1900} INFO - Created Permission View: can edit on DAG:read_dataset_event
[2024-09-13T14:34:38.418+0000] {logging_mixin.py:190} INFO - [2024-09-13T14:34:38.417+0000] {override.py:1900} INFO - Created Permission View: can create on DAG Run:read_dataset_event
[2024-09-13T14:34:38.424+0000] {logging_mixin.py:190} INFO - [2024-09-13T14:34:38.423+0000] {override.py:1900} INFO - Created Permission View: menu access on DAG Run:read_dataset_event
[2024-09-13T14:34:38.429+0000] {logging_mixin.py:190} INFO - [2024-09-13T14:34:38.429+0000] {override.py:1900} INFO - Created Permission View: can read on DAG Run:read_dataset_event
[2024-09-13T14:34:38.435+0000] {logging_mixin.py:190} INFO - [2024-09-13T14:34:38.435+0000] {override.py:1900} INFO - Created Permission View: can delete on DAG Run:read_dataset_event
[2024-09-13T14:34:38.446+0000] {logging_mixin.py:190} INFO - [2024-09-13T14:34:38.446+0000] {override.py:1900} INFO - Created Permission View: can read on DAG:read_dataset_event_from_classic
[2024-09-13T14:34:38.453+0000] {logging_mixin.py:190} INFO - [2024-09-13T14:34:38.453+0000] {override.py:1900} INFO - Created Permission View: can delete on DAG:read_dataset_event_from_classic
[2024-09-13T14:34:38.459+0000] {logging_mixin.py:190} INFO - [2024-09-13T14:34:38.459+0000] {override.py:1900} INFO - Created Permission View: can edit on DAG:read_dataset_event_from_classic
[2024-09-13T14:34:38.467+0000] {logging_mixin.py:190} INFO - [2024-09-13T14:34:38.467+0000] {override.py:1900} INFO - Created Permission View: can create on DAG Run:read_dataset_event_from_classic
[2024-09-13T14:34:38.473+0000] {logging_mixin.py:190} INFO - [2024-09-13T14:34:38.473+0000] {override.py:1900} INFO - Created Permission View: menu access on DAG Run:read_dataset_event_from_classic
[2024-09-13T14:34:38.480+0000] {logging_mixin.py:190} INFO - [2024-09-13T14:34:38.480+0000] {override.py:1900} INFO - Created Permission View: can read on DAG Run:read_dataset_event_from_classic
[2024-09-13T14:34:38.486+0000] {logging_mixin.py:190} INFO - [2024-09-13T14:34:38.486+0000] {override.py:1900} INFO - Created Permission View: can delete on DAG Run:read_dataset_event_from_classic
[2024-09-13T14:34:38.487+0000] {logging_mixin.py:190} INFO - [2024-09-13T14:34:38.487+0000] {dag.py:3229} INFO - Sync 2 DAGs
[2024-09-13T14:34:38.497+0000] {logging_mixin.py:190} INFO - [2024-09-13T14:34:38.497+0000] {dag.py:3252} INFO - Creating ORM DAG for read_dataset_event_from_classic
[2024-09-13T14:34:38.498+0000] {logging_mixin.py:190} INFO - [2024-09-13T14:34:38.498+0000] {dag.py:3252} INFO - Creating ORM DAG for read_dataset_event
[2024-09-13T14:34:38.507+0000] {logging_mixin.py:190} INFO - [2024-09-13T14:34:38.507+0000] {dag.py:4156} INFO - Setting next_dagrun for read_dataset_event to 2024-09-12 00:00:00+00:00, run_after=2024-09-13 00:00:00+00:00
[2024-09-13T14:34:38.509+0000] {logging_mixin.py:190} INFO - [2024-09-13T14:34:38.509+0000] {dag.py:4156} INFO - Setting next_dagrun for read_dataset_event_from_classic to 2024-09-12 00:00:00+00:00, run_after=2024-09-13 00:00:00+00:00
[2024-09-13T14:34:38.525+0000] {processor.py:208} INFO - Processing /home/airflow/.local/lib/python3.12/site-packages/airflow/example_dags/example_inlet_event_extra.py took 0.351 seconds
[2024-09-13T14:35:09.350+0000] {processor.py:186} INFO - Started process (PID=165) to work on /home/airflow/.local/lib/python3.12/site-packages/airflow/example_dags/example_inlet_event_extra.py
[2024-09-13T14:35:09.351+0000] {processor.py:914} INFO - Processing file /home/airflow/.local/lib/python3.12/site-packages/airflow/example_dags/example_inlet_event_extra.py for tasks to queue
[2024-09-13T14:35:09.353+0000] {logging_mixin.py:190} INFO - [2024-09-13T14:35:09.352+0000] {dagbag.py:587} INFO - Filling up the DagBag from /home/airflow/.local/lib/python3.12/site-packages/airflow/example_dags/example_inlet_event_extra.py
[2024-09-13T14:35:09.500+0000] {processor.py:925} INFO - DAG(s) 'read_dataset_event', 'read_dataset_event_from_classic' retrieved from /home/airflow/.local/lib/python3.12/site-packages/airflow/example_dags/example_inlet_event_extra.py
[2024-09-13T14:35:09.520+0000] {logging_mixin.py:190} INFO - [2024-09-13T14:35:09.520+0000] {dag.py:3229} INFO - Sync 2 DAGs
[2024-09-13T14:35:09.542+0000] {logging_mixin.py:190} INFO - [2024-09-13T14:35:09.541+0000] {dag.py:4156} INFO - Setting next_dagrun for read_dataset_event to 2024-09-12 00:00:00+00:00, run_after=2024-09-13 00:00:00+00:00
[2024-09-13T14:35:09.546+0000] {logging_mixin.py:190} INFO - [2024-09-13T14:35:09.546+0000] {dag.py:4156} INFO - Setting next_dagrun for read_dataset_event_from_classic to 2024-09-12 00:00:00+00:00, run_after=2024-09-13 00:00:00+00:00
[2024-09-13T14:35:09.560+0000] {processor.py:208} INFO - Processing /home/airflow/.local/lib/python3.12/site-packages/airflow/example_dags/example_inlet_event_extra.py took 0.216 seconds
[2024-09-13T14:35:39.637+0000] {processor.py:186} INFO - Started process (PID=227) to work on /home/airflow/.local/lib/python3.12/site-packages/airflow/example_dags/example_inlet_event_extra.py
[2024-09-13T14:35:39.639+0000] {processor.py:914} INFO - Processing file /home/airflow/.local/lib/python3.12/site-packages/airflow/example_dags/example_inlet_event_extra.py for tasks to queue
[2024-09-13T14:35:39.641+0000] {logging_mixin.py:190} INFO - [2024-09-13T14:35:39.640+0000] {dagbag.py:587} INFO - Filling up the DagBag from /home/airflow/.local/lib/python3.12/site-packages/airflow/example_dags/example_inlet_event_extra.py
[2024-09-13T14:35:39.839+0000] {processor.py:925} INFO - DAG(s) 'read_dataset_event', 'read_dataset_event_from_classic' retrieved from /home/airflow/.local/lib/python3.12/site-packages/airflow/example_dags/example_inlet_event_extra.py
[2024-09-13T14:35:39.866+0000] {logging_mixin.py:190} INFO - [2024-09-13T14:35:39.866+0000] {dag.py:3229} INFO - Sync 2 DAGs
[2024-09-13T14:35:39.891+0000] {logging_mixin.py:190} INFO - [2024-09-13T14:35:39.891+0000] {dag.py:4156} INFO - Setting next_dagrun for read_dataset_event to 2024-09-12 00:00:00+00:00, run_after=2024-09-13 00:00:00+00:00
[2024-09-13T14:35:39.895+0000] {logging_mixin.py:190} INFO - [2024-09-13T14:35:39.895+0000] {dag.py:4156} INFO - Setting next_dagrun for read_dataset_event_from_classic to 2024-09-12 00:00:00+00:00, run_after=2024-09-13 00:00:00+00:00
[2024-09-13T14:35:39.913+0000] {processor.py:208} INFO - Processing /home/airflow/.local/lib/python3.12/site-packages/airflow/example_dags/example_inlet_event_extra.py took 0.282 seconds
[2024-09-13T14:36:09.995+0000] {processor.py:186} INFO - Started process (PID=289) to work on /home/airflow/.local/lib/python3.12/site-packages/airflow/example_dags/example_inlet_event_extra.py
[2024-09-13T14:36:09.995+0000] {processor.py:914} INFO - Processing file /home/airflow/.local/lib/python3.12/site-packages/airflow/example_dags/example_inlet_event_extra.py for tasks to queue
[2024-09-13T14:36:09.997+0000] {logging_mixin.py:190} INFO - [2024-09-13T14:36:09.997+0000] {dagbag.py:587} INFO - Filling up the DagBag from /home/airflow/.local/lib/python3.12/site-packages/airflow/example_dags/example_inlet_event_extra.py
[2024-09-13T14:36:10.127+0000] {processor.py:925} INFO - DAG(s) 'read_dataset_event_from_classic', 'read_dataset_event' retrieved from /home/airflow/.local/lib/python3.12/site-packages/airflow/example_dags/example_inlet_event_extra.py
[2024-09-13T14:36:10.148+0000] {logging_mixin.py:190} INFO - [2024-09-13T14:36:10.148+0000] {dag.py:3229} INFO - Sync 2 DAGs
[2024-09-13T14:36:10.172+0000] {logging_mixin.py:190} INFO - [2024-09-13T14:36:10.171+0000] {dag.py:4156} INFO - Setting next_dagrun for read_dataset_event to 2024-09-12 00:00:00+00:00, run_after=2024-09-13 00:00:00+00:00
[2024-09-13T14:36:10.176+0000] {logging_mixin.py:190} INFO - [2024-09-13T14:36:10.176+0000] {dag.py:4156} INFO - Setting next_dagrun for read_dataset_event_from_classic to 2024-09-12 00:00:00+00:00, run_after=2024-09-13 00:00:00+00:00
[2024-09-13T14:36:10.190+0000] {processor.py:208} INFO - Processing /home/airflow/.local/lib/python3.12/site-packages/airflow/example_dags/example_inlet_event_extra.py took 0.201 seconds
[2024-09-13T14:36:41.215+0000] {processor.py:186} INFO - Started process (PID=351) to work on /home/airflow/.local/lib/python3.12/site-packages/airflow/example_dags/example_inlet_event_extra.py
[2024-09-13T14:36:41.216+0000] {processor.py:914} INFO - Processing file /home/airflow/.local/lib/python3.12/site-packages/airflow/example_dags/example_inlet_event_extra.py for tasks to queue
[2024-09-13T14:36:41.219+0000] {logging_mixin.py:190} INFO - [2024-09-13T14:36:41.218+0000] {dagbag.py:587} INFO - Filling up the DagBag from /home/airflow/.local/lib/python3.12/site-packages/airflow/example_dags/example_inlet_event_extra.py
[2024-09-13T14:36:41.386+0000] {processor.py:925} INFO - DAG(s) 'read_dataset_event_from_classic', 'read_dataset_event' retrieved from /home/airflow/.local/lib/python3.12/site-packages/airflow/example_dags/example_inlet_event_extra.py
[2024-09-13T14:36:41.406+0000] {logging_mixin.py:190} INFO - [2024-09-13T14:36:41.406+0000] {dag.py:3229} INFO - Sync 2 DAGs
[2024-09-13T14:36:41.428+0000] {logging_mixin.py:190} INFO - [2024-09-13T14:36:41.428+0000] {dag.py:4156} INFO - Setting next_dagrun for read_dataset_event to 2024-09-12 00:00:00+00:00, run_after=2024-09-13 00:00:00+00:00
[2024-09-13T14:36:41.433+0000] {logging_mixin.py:190} INFO - [2024-09-13T14:36:41.433+0000] {dag.py:4156} INFO - Setting next_dagrun for read_dataset_event_from_classic to 2024-09-12 00:00:00+00:00, run_after=2024-09-13 00:00:00+00:00
[2024-09-13T14:36:41.448+0000] {processor.py:208} INFO - Processing /home/airflow/.local/lib/python3.12/site-packages/airflow/example_dags/example_inlet_event_extra.py took 0.240 seconds
[2024-09-13T14:37:11.944+0000] {processor.py:186} INFO - Started process (PID=413) to work on /home/airflow/.local/lib/python3.12/site-packages/airflow/example_dags/example_inlet_event_extra.py
[2024-09-13T14:37:11.946+0000] {processor.py:914} INFO - Processing file /home/airflow/.local/lib/python3.12/site-packages/airflow/example_dags/example_inlet_event_extra.py for tasks to queue
[2024-09-13T14:37:11.949+0000] {logging_mixin.py:190} INFO - [2024-09-13T14:37:11.948+0000] {dagbag.py:587} INFO - Filling up the DagBag from /home/airflow/.local/lib/python3.12/site-packages/airflow/example_dags/example_inlet_event_extra.py
[2024-09-13T14:37:12.097+0000] {processor.py:925} INFO - DAG(s) 'read_dataset_event_from_classic', 'read_dataset_event' retrieved from /home/airflow/.local/lib/python3.12/site-packages/airflow/example_dags/example_inlet_event_extra.py
[2024-09-13T14:37:12.121+0000] {logging_mixin.py:190} INFO - [2024-09-13T14:37:12.120+0000] {dag.py:3229} INFO - Sync 2 DAGs
[2024-09-13T14:37:12.145+0000] {logging_mixin.py:190} INFO - [2024-09-13T14:37:12.145+0000] {dag.py:4156} INFO - Setting next_dagrun for read_dataset_event to 2024-09-12 00:00:00+00:00, run_after=2024-09-13 00:00:00+00:00
[2024-09-13T14:37:12.150+0000] {logging_mixin.py:190} INFO - [2024-09-13T14:37:12.149+0000] {dag.py:4156} INFO - Setting next_dagrun for read_dataset_event_from_classic to 2024-09-12 00:00:00+00:00, run_after=2024-09-13 00:00:00+00:00
[2024-09-13T14:37:12.167+0000] {processor.py:208} INFO - Processing /home/airflow/.local/lib/python3.12/site-packages/airflow/example_dags/example_inlet_event_extra.py took 0.230 seconds
[2024-09-13T14:37:42.297+0000] {processor.py:186} INFO - Started process (PID=477) to work on /home/airflow/.local/lib/python3.12/site-packages/airflow/example_dags/example_inlet_event_extra.py
[2024-09-13T14:37:42.298+0000] {processor.py:914} INFO - Processing file /home/airflow/.local/lib/python3.12/site-packages/airflow/example_dags/example_inlet_event_extra.py for tasks to queue
[2024-09-13T14:37:42.300+0000] {logging_mixin.py:190} INFO - [2024-09-13T14:37:42.300+0000] {dagbag.py:587} INFO - Filling up the DagBag from /home/airflow/.local/lib/python3.12/site-packages/airflow/example_dags/example_inlet_event_extra.py
[2024-09-13T14:37:42.498+0000] {processor.py:925} INFO - DAG(s) 'read_dataset_event_from_classic', 'read_dataset_event' retrieved from /home/airflow/.local/lib/python3.12/site-packages/airflow/example_dags/example_inlet_event_extra.py
[2024-09-13T14:37:42.519+0000] {logging_mixin.py:190} INFO - [2024-09-13T14:37:42.519+0000] {dag.py:3229} INFO - Sync 2 DAGs
[2024-09-13T14:37:42.542+0000] {logging_mixin.py:190} INFO - [2024-09-13T14:37:42.542+0000] {dag.py:4156} INFO - Setting next_dagrun for read_dataset_event to 2024-09-12 00:00:00+00:00, run_after=2024-09-13 00:00:00+00:00
[2024-09-13T14:37:42.546+0000] {logging_mixin.py:190} INFO - [2024-09-13T14:37:42.546+0000] {dag.py:4156} INFO - Setting next_dagrun for read_dataset_event_from_classic to 2024-09-12 00:00:00+00:00, run_after=2024-09-13 00:00:00+00:00
[2024-09-13T14:37:42.562+0000] {processor.py:208} INFO - Processing /home/airflow/.local/lib/python3.12/site-packages/airflow/example_dags/example_inlet_event_extra.py took 0.271 seconds
[2024-09-13T14:38:12.618+0000] {processor.py:186} INFO - Started process (PID=538) to work on /home/airflow/.local/lib/python3.12/site-packages/airflow/example_dags/example_inlet_event_extra.py
[2024-09-13T14:38:12.619+0000] {processor.py:914} INFO - Processing file /home/airflow/.local/lib/python3.12/site-packages/airflow/example_dags/example_inlet_event_extra.py for tasks to queue
[2024-09-13T14:38:12.621+0000] {logging_mixin.py:190} INFO - [2024-09-13T14:38:12.621+0000] {dagbag.py:587} INFO - Filling up the DagBag from /home/airflow/.local/lib/python3.12/site-packages/airflow/example_dags/example_inlet_event_extra.py
[2024-09-13T14:38:12.805+0000] {processor.py:925} INFO - DAG(s) 'read_dataset_event', 'read_dataset_event_from_classic' retrieved from /home/airflow/.local/lib/python3.12/site-packages/airflow/example_dags/example_inlet_event_extra.py
[2024-09-13T14:38:12.825+0000] {logging_mixin.py:190} INFO - [2024-09-13T14:38:12.825+0000] {dag.py:3229} INFO - Sync 2 DAGs
[2024-09-13T14:38:12.846+0000] {logging_mixin.py:190} INFO - [2024-09-13T14:38:12.846+0000] {dag.py:4156} INFO - Setting next_dagrun for read_dataset_event to 2024-09-12 00:00:00+00:00, run_after=2024-09-13 00:00:00+00:00
[2024-09-13T14:38:12.850+0000] {logging_mixin.py:190} INFO - [2024-09-13T14:38:12.850+0000] {dag.py:4156} INFO - Setting next_dagrun for read_dataset_event_from_classic to 2024-09-12 00:00:00+00:00, run_after=2024-09-13 00:00:00+00:00
[2024-09-13T14:38:12.865+0000] {processor.py:208} INFO - Processing /home/airflow/.local/lib/python3.12/site-packages/airflow/example_dags/example_inlet_event_extra.py took 0.253 seconds
[2024-09-13T14:39:33.650+0000] {processor.py:186} INFO - Started process (PID=97) to work on /home/airflow/.local/lib/python3.12/site-packages/airflow/example_dags/example_inlet_event_extra.py
[2024-09-13T14:39:33.651+0000] {processor.py:914} INFO - Processing file /home/airflow/.local/lib/python3.12/site-packages/airflow/example_dags/example_inlet_event_extra.py for tasks to queue
[2024-09-13T14:39:33.655+0000] {logging_mixin.py:190} INFO - [2024-09-13T14:39:33.655+0000] {dagbag.py:587} INFO - Filling up the DagBag from /home/airflow/.local/lib/python3.12/site-packages/airflow/example_dags/example_inlet_event_extra.py
[2024-09-13T14:39:33.820+0000] {processor.py:925} INFO - DAG(s) 'read_dataset_event', 'read_dataset_event_from_classic' retrieved from /home/airflow/.local/lib/python3.12/site-packages/airflow/example_dags/example_inlet_event_extra.py
[2024-09-13T14:39:33.844+0000] {logging_mixin.py:190} INFO - [2024-09-13T14:39:33.844+0000] {dag.py:3229} INFO - Sync 2 DAGs
[2024-09-13T14:39:33.867+0000] {logging_mixin.py:190} INFO - [2024-09-13T14:39:33.867+0000] {dag.py:4156} INFO - Setting next_dagrun for read_dataset_event to 2024-09-12 00:00:00+00:00, run_after=2024-09-13 00:00:00+00:00
[2024-09-13T14:39:33.871+0000] {logging_mixin.py:190} INFO - [2024-09-13T14:39:33.871+0000] {dag.py:4156} INFO - Setting next_dagrun for read_dataset_event_from_classic to 2024-09-12 00:00:00+00:00, run_after=2024-09-13 00:00:00+00:00
[2024-09-13T14:39:33.887+0000] {processor.py:208} INFO - Processing /home/airflow/.local/lib/python3.12/site-packages/airflow/example_dags/example_inlet_event_extra.py took 0.243 seconds
[2024-09-13T14:40:04.566+0000] {processor.py:186} INFO - Started process (PID=159) to work on /home/airflow/.local/lib/python3.12/site-packages/airflow/example_dags/example_inlet_event_extra.py
[2024-09-13T14:40:04.567+0000] {processor.py:914} INFO - Processing file /home/airflow/.local/lib/python3.12/site-packages/airflow/example_dags/example_inlet_event_extra.py for tasks to queue
[2024-09-13T14:40:04.569+0000] {logging_mixin.py:190} INFO - [2024-09-13T14:40:04.569+0000] {dagbag.py:587} INFO - Filling up the DagBag from /home/airflow/.local/lib/python3.12/site-packages/airflow/example_dags/example_inlet_event_extra.py
[2024-09-13T14:40:04.705+0000] {processor.py:925} INFO - DAG(s) 'read_dataset_event_from_classic', 'read_dataset_event' retrieved from /home/airflow/.local/lib/python3.12/site-packages/airflow/example_dags/example_inlet_event_extra.py
[2024-09-13T14:40:04.728+0000] {logging_mixin.py:190} INFO - [2024-09-13T14:40:04.728+0000] {dag.py:3229} INFO - Sync 2 DAGs
[2024-09-13T14:40:04.754+0000] {logging_mixin.py:190} INFO - [2024-09-13T14:40:04.754+0000] {dag.py:4156} INFO - Setting next_dagrun for read_dataset_event to 2024-09-12 00:00:00+00:00, run_after=2024-09-13 00:00:00+00:00
[2024-09-13T14:40:04.758+0000] {logging_mixin.py:190} INFO - [2024-09-13T14:40:04.758+0000] {dag.py:4156} INFO - Setting next_dagrun for read_dataset_event_from_classic to 2024-09-12 00:00:00+00:00, run_after=2024-09-13 00:00:00+00:00
[2024-09-13T14:40:04.773+0000] {processor.py:208} INFO - Processing /home/airflow/.local/lib/python3.12/site-packages/airflow/example_dags/example_inlet_event_extra.py took 0.213 seconds
[2024-09-13T14:40:34.980+0000] {processor.py:186} INFO - Started process (PID=222) to work on /home/airflow/.local/lib/python3.12/site-packages/airflow/example_dags/example_inlet_event_extra.py
[2024-09-13T14:40:34.980+0000] {processor.py:914} INFO - Processing file /home/airflow/.local/lib/python3.12/site-packages/airflow/example_dags/example_inlet_event_extra.py for tasks to queue
[2024-09-13T14:40:34.982+0000] {logging_mixin.py:190} INFO - [2024-09-13T14:40:34.982+0000] {dagbag.py:587} INFO - Filling up the DagBag from /home/airflow/.local/lib/python3.12/site-packages/airflow/example_dags/example_inlet_event_extra.py
[2024-09-13T14:40:35.113+0000] {processor.py:925} INFO - DAG(s) 'read_dataset_event', 'read_dataset_event_from_classic' retrieved from /home/airflow/.local/lib/python3.12/site-packages/airflow/example_dags/example_inlet_event_extra.py
[2024-09-13T14:40:35.133+0000] {logging_mixin.py:190} INFO - [2024-09-13T14:40:35.133+0000] {dag.py:3229} INFO - Sync 2 DAGs
[2024-09-13T14:40:35.155+0000] {logging_mixin.py:190} INFO - [2024-09-13T14:40:35.155+0000] {dag.py:4156} INFO - Setting next_dagrun for read_dataset_event to 2024-09-12 00:00:00+00:00, run_after=2024-09-13 00:00:00+00:00
[2024-09-13T14:40:35.159+0000] {logging_mixin.py:190} INFO - [2024-09-13T14:40:35.159+0000] {dag.py:4156} INFO - Setting next_dagrun for read_dataset_event_from_classic to 2024-09-12 00:00:00+00:00, run_after=2024-09-13 00:00:00+00:00
[2024-09-13T14:40:35.173+0000] {processor.py:208} INFO - Processing /home/airflow/.local/lib/python3.12/site-packages/airflow/example_dags/example_inlet_event_extra.py took 0.199 seconds
[2024-09-13T14:41:26.363+0000] {processor.py:186} INFO - Started process (PID=90) to work on /home/airflow/.local/lib/python3.12/site-packages/airflow/example_dags/example_inlet_event_extra.py
[2024-09-13T14:41:26.364+0000] {processor.py:914} INFO - Processing file /home/airflow/.local/lib/python3.12/site-packages/airflow/example_dags/example_inlet_event_extra.py for tasks to queue
[2024-09-13T14:41:26.367+0000] {logging_mixin.py:190} INFO - [2024-09-13T14:41:26.366+0000] {dagbag.py:587} INFO - Filling up the DagBag from /home/airflow/.local/lib/python3.12/site-packages/airflow/example_dags/example_inlet_event_extra.py
[2024-09-13T14:41:26.529+0000] {processor.py:925} INFO - DAG(s) 'read_dataset_event_from_classic', 'read_dataset_event' retrieved from /home/airflow/.local/lib/python3.12/site-packages/airflow/example_dags/example_inlet_event_extra.py
[2024-09-13T14:41:26.557+0000] {logging_mixin.py:190} INFO - [2024-09-13T14:41:26.557+0000] {dag.py:3229} INFO - Sync 2 DAGs
[2024-09-13T14:41:26.580+0000] {logging_mixin.py:190} INFO - [2024-09-13T14:41:26.580+0000] {dag.py:4156} INFO - Setting next_dagrun for read_dataset_event to 2024-09-12 00:00:00+00:00, run_after=2024-09-13 00:00:00+00:00
[2024-09-13T14:41:26.584+0000] {logging_mixin.py:190} INFO - [2024-09-13T14:41:26.584+0000] {dag.py:4156} INFO - Setting next_dagrun for read_dataset_event_from_classic to 2024-09-12 00:00:00+00:00, run_after=2024-09-13 00:00:00+00:00
[2024-09-13T14:41:26.603+0000] {processor.py:208} INFO - Processing /home/airflow/.local/lib/python3.12/site-packages/airflow/example_dags/example_inlet_event_extra.py took 0.245 seconds
[2024-09-13T14:41:57.416+0000] {processor.py:186} INFO - Started process (PID=153) to work on /home/airflow/.local/lib/python3.12/site-packages/airflow/example_dags/example_inlet_event_extra.py
[2024-09-13T14:41:57.417+0000] {processor.py:914} INFO - Processing file /home/airflow/.local/lib/python3.12/site-packages/airflow/example_dags/example_inlet_event_extra.py for tasks to queue
[2024-09-13T14:41:57.419+0000] {logging_mixin.py:190} INFO - [2024-09-13T14:41:57.419+0000] {dagbag.py:587} INFO - Filling up the DagBag from /home/airflow/.local/lib/python3.12/site-packages/airflow/example_dags/example_inlet_event_extra.py
[2024-09-13T14:41:57.557+0000] {processor.py:925} INFO - DAG(s) 'read_dataset_event_from_classic', 'read_dataset_event' retrieved from /home/airflow/.local/lib/python3.12/site-packages/airflow/example_dags/example_inlet_event_extra.py
[2024-09-13T14:41:57.580+0000] {logging_mixin.py:190} INFO - [2024-09-13T14:41:57.580+0000] {dag.py:3229} INFO - Sync 2 DAGs
[2024-09-13T14:41:57.605+0000] {logging_mixin.py:190} INFO - [2024-09-13T14:41:57.604+0000] {dag.py:4156} INFO - Setting next_dagrun for read_dataset_event to 2024-09-12 00:00:00+00:00, run_after=2024-09-13 00:00:00+00:00
[2024-09-13T14:41:57.609+0000] {logging_mixin.py:190} INFO - [2024-09-13T14:41:57.609+0000] {dag.py:4156} INFO - Setting next_dagrun for read_dataset_event_from_classic to 2024-09-12 00:00:00+00:00, run_after=2024-09-13 00:00:00+00:00
[2024-09-13T14:41:57.625+0000] {processor.py:208} INFO - Processing /home/airflow/.local/lib/python3.12/site-packages/airflow/example_dags/example_inlet_event_extra.py took 0.214 seconds
[2024-09-13T14:42:28.337+0000] {processor.py:186} INFO - Started process (PID=214) to work on /home/airflow/.local/lib/python3.12/site-packages/airflow/example_dags/example_inlet_event_extra.py
[2024-09-13T14:42:28.338+0000] {processor.py:914} INFO - Processing file /home/airflow/.local/lib/python3.12/site-packages/airflow/example_dags/example_inlet_event_extra.py for tasks to queue
[2024-09-13T14:42:28.340+0000] {logging_mixin.py:190} INFO - [2024-09-13T14:42:28.340+0000] {dagbag.py:587} INFO - Filling up the DagBag from /home/airflow/.local/lib/python3.12/site-packages/airflow/example_dags/example_inlet_event_extra.py
[2024-09-13T14:42:28.469+0000] {processor.py:925} INFO - DAG(s) 'read_dataset_event_from_classic', 'read_dataset_event' retrieved from /home/airflow/.local/lib/python3.12/site-packages/airflow/example_dags/example_inlet_event_extra.py
[2024-09-13T14:42:28.489+0000] {logging_mixin.py:190} INFO - [2024-09-13T14:42:28.489+0000] {dag.py:3229} INFO - Sync 2 DAGs
[2024-09-13T14:42:28.512+0000] {logging_mixin.py:190} INFO - [2024-09-13T14:42:28.511+0000] {dag.py:4156} INFO - Setting next_dagrun for read_dataset_event to 2024-09-12 00:00:00+00:00, run_after=2024-09-13 00:00:00+00:00
[2024-09-13T14:42:28.517+0000] {logging_mixin.py:190} INFO - [2024-09-13T14:42:28.516+0000] {dag.py:4156} INFO - Setting next_dagrun for read_dataset_event_from_classic to 2024-09-12 00:00:00+00:00, run_after=2024-09-13 00:00:00+00:00
[2024-09-13T14:42:28.531+0000] {processor.py:208} INFO - Processing /home/airflow/.local/lib/python3.12/site-packages/airflow/example_dags/example_inlet_event_extra.py took 0.199 seconds
[2024-09-13T14:42:59.403+0000] {processor.py:186} INFO - Started process (PID=276) to work on /home/airflow/.local/lib/python3.12/site-packages/airflow/example_dags/example_inlet_event_extra.py
[2024-09-13T14:42:59.404+0000] {processor.py:914} INFO - Processing file /home/airflow/.local/lib/python3.12/site-packages/airflow/example_dags/example_inlet_event_extra.py for tasks to queue
[2024-09-13T14:42:59.407+0000] {logging_mixin.py:190} INFO - [2024-09-13T14:42:59.406+0000] {dagbag.py:587} INFO - Filling up the DagBag from /home/airflow/.local/lib/python3.12/site-packages/airflow/example_dags/example_inlet_event_extra.py
[2024-09-13T14:42:59.562+0000] {processor.py:925} INFO - DAG(s) 'read_dataset_event', 'read_dataset_event_from_classic' retrieved from /home/airflow/.local/lib/python3.12/site-packages/airflow/example_dags/example_inlet_event_extra.py
[2024-09-13T14:42:59.581+0000] {logging_mixin.py:190} INFO - [2024-09-13T14:42:59.581+0000] {dag.py:3229} INFO - Sync 2 DAGs
[2024-09-13T14:42:59.605+0000] {logging_mixin.py:190} INFO - [2024-09-13T14:42:59.605+0000] {dag.py:4156} INFO - Setting next_dagrun for read_dataset_event to 2024-09-12 00:00:00+00:00, run_after=2024-09-13 00:00:00+00:00
[2024-09-13T14:42:59.610+0000] {logging_mixin.py:190} INFO - [2024-09-13T14:42:59.609+0000] {dag.py:4156} INFO - Setting next_dagrun for read_dataset_event_from_classic to 2024-09-12 00:00:00+00:00, run_after=2024-09-13 00:00:00+00:00
[2024-09-13T14:42:59.623+0000] {processor.py:208} INFO - Processing /home/airflow/.local/lib/python3.12/site-packages/airflow/example_dags/example_inlet_event_extra.py took 0.226 seconds
