[2024-09-13T14:34:34.725+0000] {processor.py:186} INFO - Started process (PID=74) to work on /home/airflow/.local/lib/python3.12/site-packages/airflow/example_dags/example_dag_decorator.py
[2024-09-13T14:34:34.725+0000] {processor.py:914} INFO - Processing file /home/airflow/.local/lib/python3.12/site-packages/airflow/example_dags/example_dag_decorator.py for tasks to queue
[2024-09-13T14:34:34.727+0000] {logging_mixin.py:190} INFO - [2024-09-13T14:34:34.727+0000] {dagbag.py:587} INFO - Filling up the DagBag from /home/airflow/.local/lib/python3.12/site-packages/airflow/example_dags/example_dag_decorator.py
[2024-09-13T14:34:34.744+0000] {processor.py:925} INFO - DAG(s) 'example_dag_decorator' retrieved from /home/airflow/.local/lib/python3.12/site-packages/airflow/example_dags/example_dag_decorator.py
[2024-09-13T14:34:34.842+0000] {logging_mixin.py:190} INFO - [2024-09-13T14:34:34.841+0000] {override.py:1900} INFO - Created Permission View: can read on DAG:example_dag_decorator
[2024-09-13T14:34:34.851+0000] {logging_mixin.py:190} INFO - [2024-09-13T14:34:34.851+0000] {override.py:1900} INFO - Created Permission View: can delete on DAG:example_dag_decorator
[2024-09-13T14:34:34.857+0000] {logging_mixin.py:190} INFO - [2024-09-13T14:34:34.856+0000] {override.py:1900} INFO - Created Permission View: can edit on DAG:example_dag_decorator
[2024-09-13T14:34:34.864+0000] {logging_mixin.py:190} INFO - [2024-09-13T14:34:34.863+0000] {override.py:1900} INFO - Created Permission View: can create on DAG Run:example_dag_decorator
[2024-09-13T14:34:34.869+0000] {logging_mixin.py:190} INFO - [2024-09-13T14:34:34.869+0000] {override.py:1900} INFO - Created Permission View: menu access on DAG Run:example_dag_decorator
[2024-09-13T14:34:34.874+0000] {logging_mixin.py:190} INFO - [2024-09-13T14:34:34.874+0000] {override.py:1900} INFO - Created Permission View: can read on DAG Run:example_dag_decorator
[2024-09-13T14:34:34.880+0000] {logging_mixin.py:190} INFO - [2024-09-13T14:34:34.880+0000] {override.py:1900} INFO - Created Permission View: can delete on DAG Run:example_dag_decorator
[2024-09-13T14:34:34.880+0000] {logging_mixin.py:190} INFO - [2024-09-13T14:34:34.880+0000] {dag.py:3229} INFO - Sync 1 DAGs
[2024-09-13T14:34:34.890+0000] {logging_mixin.py:190} INFO - [2024-09-13T14:34:34.890+0000] {dag.py:3252} INFO - Creating ORM DAG for example_dag_decorator
[2024-09-13T14:34:34.891+0000] {logging_mixin.py:190} INFO - [2024-09-13T14:34:34.891+0000] {dag.py:4156} INFO - Setting next_dagrun for example_dag_decorator to None, run_after=None
[2024-09-13T14:34:34.905+0000] {processor.py:208} INFO - Processing /home/airflow/.local/lib/python3.12/site-packages/airflow/example_dags/example_dag_decorator.py took 0.185 seconds
[2024-09-13T14:35:05.346+0000] {processor.py:186} INFO - Started process (PID=142) to work on /home/airflow/.local/lib/python3.12/site-packages/airflow/example_dags/example_dag_decorator.py
[2024-09-13T14:35:05.347+0000] {processor.py:914} INFO - Processing file /home/airflow/.local/lib/python3.12/site-packages/airflow/example_dags/example_dag_decorator.py for tasks to queue
[2024-09-13T14:35:05.349+0000] {logging_mixin.py:190} INFO - [2024-09-13T14:35:05.349+0000] {dagbag.py:587} INFO - Filling up the DagBag from /home/airflow/.local/lib/python3.12/site-packages/airflow/example_dags/example_dag_decorator.py
[2024-09-13T14:35:05.360+0000] {processor.py:925} INFO - DAG(s) 'example_dag_decorator' retrieved from /home/airflow/.local/lib/python3.12/site-packages/airflow/example_dags/example_dag_decorator.py
[2024-09-13T14:35:05.505+0000] {logging_mixin.py:190} INFO - [2024-09-13T14:35:05.505+0000] {dag.py:3229} INFO - Sync 1 DAGs
[2024-09-13T14:35:05.516+0000] {logging_mixin.py:190} INFO - [2024-09-13T14:35:05.516+0000] {dag.py:4156} INFO - Setting next_dagrun for example_dag_decorator to None, run_after=None
[2024-09-13T14:35:05.534+0000] {processor.py:208} INFO - Processing /home/airflow/.local/lib/python3.12/site-packages/airflow/example_dags/example_dag_decorator.py took 0.193 seconds
[2024-09-13T14:35:35.887+0000] {processor.py:186} INFO - Started process (PID=204) to work on /home/airflow/.local/lib/python3.12/site-packages/airflow/example_dags/example_dag_decorator.py
[2024-09-13T14:35:35.888+0000] {processor.py:914} INFO - Processing file /home/airflow/.local/lib/python3.12/site-packages/airflow/example_dags/example_dag_decorator.py for tasks to queue
[2024-09-13T14:35:35.891+0000] {logging_mixin.py:190} INFO - [2024-09-13T14:35:35.890+0000] {dagbag.py:587} INFO - Filling up the DagBag from /home/airflow/.local/lib/python3.12/site-packages/airflow/example_dags/example_dag_decorator.py
[2024-09-13T14:35:35.901+0000] {processor.py:925} INFO - DAG(s) 'example_dag_decorator' retrieved from /home/airflow/.local/lib/python3.12/site-packages/airflow/example_dags/example_dag_decorator.py
[2024-09-13T14:35:36.055+0000] {logging_mixin.py:190} INFO - [2024-09-13T14:35:36.055+0000] {dag.py:3229} INFO - Sync 1 DAGs
[2024-09-13T14:35:36.067+0000] {logging_mixin.py:190} INFO - [2024-09-13T14:35:36.067+0000] {dag.py:4156} INFO - Setting next_dagrun for example_dag_decorator to None, run_after=None
[2024-09-13T14:35:36.095+0000] {processor.py:208} INFO - Processing /home/airflow/.local/lib/python3.12/site-packages/airflow/example_dags/example_dag_decorator.py took 0.212 seconds
[2024-09-13T14:36:06.177+0000] {processor.py:186} INFO - Started process (PID=266) to work on /home/airflow/.local/lib/python3.12/site-packages/airflow/example_dags/example_dag_decorator.py
[2024-09-13T14:36:06.179+0000] {processor.py:914} INFO - Processing file /home/airflow/.local/lib/python3.12/site-packages/airflow/example_dags/example_dag_decorator.py for tasks to queue
[2024-09-13T14:36:06.180+0000] {logging_mixin.py:190} INFO - [2024-09-13T14:36:06.180+0000] {dagbag.py:587} INFO - Filling up the DagBag from /home/airflow/.local/lib/python3.12/site-packages/airflow/example_dags/example_dag_decorator.py
[2024-09-13T14:36:06.191+0000] {processor.py:925} INFO - DAG(s) 'example_dag_decorator' retrieved from /home/airflow/.local/lib/python3.12/site-packages/airflow/example_dags/example_dag_decorator.py
[2024-09-13T14:36:06.327+0000] {logging_mixin.py:190} INFO - [2024-09-13T14:36:06.326+0000] {dag.py:3229} INFO - Sync 1 DAGs
[2024-09-13T14:36:06.338+0000] {logging_mixin.py:190} INFO - [2024-09-13T14:36:06.337+0000] {dag.py:4156} INFO - Setting next_dagrun for example_dag_decorator to None, run_after=None
[2024-09-13T14:36:06.355+0000] {processor.py:208} INFO - Processing /home/airflow/.local/lib/python3.12/site-packages/airflow/example_dags/example_dag_decorator.py took 0.183 seconds
[2024-09-13T14:36:36.497+0000] {processor.py:186} INFO - Started process (PID=328) to work on /home/airflow/.local/lib/python3.12/site-packages/airflow/example_dags/example_dag_decorator.py
[2024-09-13T14:36:36.499+0000] {processor.py:914} INFO - Processing file /home/airflow/.local/lib/python3.12/site-packages/airflow/example_dags/example_dag_decorator.py for tasks to queue
[2024-09-13T14:36:36.501+0000] {logging_mixin.py:190} INFO - [2024-09-13T14:36:36.501+0000] {dagbag.py:587} INFO - Filling up the DagBag from /home/airflow/.local/lib/python3.12/site-packages/airflow/example_dags/example_dag_decorator.py
[2024-09-13T14:36:36.514+0000] {processor.py:925} INFO - DAG(s) 'example_dag_decorator' retrieved from /home/airflow/.local/lib/python3.12/site-packages/airflow/example_dags/example_dag_decorator.py
[2024-09-13T14:36:36.540+0000] {logging_mixin.py:190} INFO - [2024-09-13T14:36:36.540+0000] {dag.py:3229} INFO - Sync 1 DAGs
[2024-09-13T14:36:36.552+0000] {logging_mixin.py:190} INFO - [2024-09-13T14:36:36.552+0000] {dag.py:4156} INFO - Setting next_dagrun for example_dag_decorator to None, run_after=None
[2024-09-13T14:36:36.570+0000] {processor.py:208} INFO - Processing /home/airflow/.local/lib/python3.12/site-packages/airflow/example_dags/example_dag_decorator.py took 0.079 seconds
[2024-09-13T14:37:07.425+0000] {processor.py:186} INFO - Started process (PID=390) to work on /home/airflow/.local/lib/python3.12/site-packages/airflow/example_dags/example_dag_decorator.py
[2024-09-13T14:37:07.426+0000] {processor.py:914} INFO - Processing file /home/airflow/.local/lib/python3.12/site-packages/airflow/example_dags/example_dag_decorator.py for tasks to queue
[2024-09-13T14:37:07.428+0000] {logging_mixin.py:190} INFO - [2024-09-13T14:37:07.428+0000] {dagbag.py:587} INFO - Filling up the DagBag from /home/airflow/.local/lib/python3.12/site-packages/airflow/example_dags/example_dag_decorator.py
[2024-09-13T14:37:07.439+0000] {processor.py:925} INFO - DAG(s) 'example_dag_decorator' retrieved from /home/airflow/.local/lib/python3.12/site-packages/airflow/example_dags/example_dag_decorator.py
[2024-09-13T14:37:07.463+0000] {logging_mixin.py:190} INFO - [2024-09-13T14:37:07.462+0000] {dag.py:3229} INFO - Sync 1 DAGs
[2024-09-13T14:37:07.476+0000] {logging_mixin.py:190} INFO - [2024-09-13T14:37:07.475+0000] {dag.py:4156} INFO - Setting next_dagrun for example_dag_decorator to None, run_after=None
[2024-09-13T14:37:07.493+0000] {processor.py:208} INFO - Processing /home/airflow/.local/lib/python3.12/site-packages/airflow/example_dags/example_dag_decorator.py took 0.073 seconds
[2024-09-13T14:37:38.352+0000] {processor.py:186} INFO - Started process (PID=452) to work on /home/airflow/.local/lib/python3.12/site-packages/airflow/example_dags/example_dag_decorator.py
[2024-09-13T14:37:38.353+0000] {processor.py:914} INFO - Processing file /home/airflow/.local/lib/python3.12/site-packages/airflow/example_dags/example_dag_decorator.py for tasks to queue
[2024-09-13T14:37:38.355+0000] {logging_mixin.py:190} INFO - [2024-09-13T14:37:38.355+0000] {dagbag.py:587} INFO - Filling up the DagBag from /home/airflow/.local/lib/python3.12/site-packages/airflow/example_dags/example_dag_decorator.py
[2024-09-13T14:37:38.366+0000] {processor.py:925} INFO - DAG(s) 'example_dag_decorator' retrieved from /home/airflow/.local/lib/python3.12/site-packages/airflow/example_dags/example_dag_decorator.py
[2024-09-13T14:37:38.510+0000] {logging_mixin.py:190} INFO - [2024-09-13T14:37:38.510+0000] {dag.py:3229} INFO - Sync 1 DAGs
[2024-09-13T14:37:38.521+0000] {logging_mixin.py:190} INFO - [2024-09-13T14:37:38.521+0000] {dag.py:4156} INFO - Setting next_dagrun for example_dag_decorator to None, run_after=None
[2024-09-13T14:37:38.538+0000] {processor.py:208} INFO - Processing /home/airflow/.local/lib/python3.12/site-packages/airflow/example_dags/example_dag_decorator.py took 0.191 seconds
[2024-09-13T14:38:08.727+0000] {processor.py:186} INFO - Started process (PID=514) to work on /home/airflow/.local/lib/python3.12/site-packages/airflow/example_dags/example_dag_decorator.py
[2024-09-13T14:38:08.728+0000] {processor.py:914} INFO - Processing file /home/airflow/.local/lib/python3.12/site-packages/airflow/example_dags/example_dag_decorator.py for tasks to queue
[2024-09-13T14:38:08.730+0000] {logging_mixin.py:190} INFO - [2024-09-13T14:38:08.730+0000] {dagbag.py:587} INFO - Filling up the DagBag from /home/airflow/.local/lib/python3.12/site-packages/airflow/example_dags/example_dag_decorator.py
[2024-09-13T14:38:08.741+0000] {processor.py:925} INFO - DAG(s) 'example_dag_decorator' retrieved from /home/airflow/.local/lib/python3.12/site-packages/airflow/example_dags/example_dag_decorator.py
[2024-09-13T14:38:08.766+0000] {logging_mixin.py:190} INFO - [2024-09-13T14:38:08.765+0000] {dag.py:3229} INFO - Sync 1 DAGs
[2024-09-13T14:38:08.778+0000] {logging_mixin.py:190} INFO - [2024-09-13T14:38:08.778+0000] {dag.py:4156} INFO - Setting next_dagrun for example_dag_decorator to None, run_after=None
[2024-09-13T14:38:08.795+0000] {processor.py:208} INFO - Processing /home/airflow/.local/lib/python3.12/site-packages/airflow/example_dags/example_dag_decorator.py took 0.073 seconds
[2024-09-13T14:39:31.774+0000] {processor.py:186} INFO - Started process (PID=74) to work on /home/airflow/.local/lib/python3.12/site-packages/airflow/example_dags/example_dag_decorator.py
[2024-09-13T14:39:31.775+0000] {processor.py:914} INFO - Processing file /home/airflow/.local/lib/python3.12/site-packages/airflow/example_dags/example_dag_decorator.py for tasks to queue
[2024-09-13T14:39:31.778+0000] {logging_mixin.py:190} INFO - [2024-09-13T14:39:31.778+0000] {dagbag.py:587} INFO - Filling up the DagBag from /home/airflow/.local/lib/python3.12/site-packages/airflow/example_dags/example_dag_decorator.py
[2024-09-13T14:39:31.793+0000] {processor.py:925} INFO - DAG(s) 'example_dag_decorator' retrieved from /home/airflow/.local/lib/python3.12/site-packages/airflow/example_dags/example_dag_decorator.py
[2024-09-13T14:39:31.930+0000] {logging_mixin.py:190} INFO - [2024-09-13T14:39:31.930+0000] {dag.py:3229} INFO - Sync 1 DAGs
[2024-09-13T14:39:31.944+0000] {logging_mixin.py:190} INFO - [2024-09-13T14:39:31.944+0000] {dag.py:4156} INFO - Setting next_dagrun for example_dag_decorator to None, run_after=None
[2024-09-13T14:39:31.966+0000] {processor.py:208} INFO - Processing /home/airflow/.local/lib/python3.12/site-packages/airflow/example_dags/example_dag_decorator.py took 0.201 seconds
[2024-09-13T14:40:02.067+0000] {processor.py:186} INFO - Started process (PID=136) to work on /home/airflow/.local/lib/python3.12/site-packages/airflow/example_dags/example_dag_decorator.py
[2024-09-13T14:40:02.069+0000] {processor.py:914} INFO - Processing file /home/airflow/.local/lib/python3.12/site-packages/airflow/example_dags/example_dag_decorator.py for tasks to queue
[2024-09-13T14:40:02.072+0000] {logging_mixin.py:190} INFO - [2024-09-13T14:40:02.071+0000] {dagbag.py:587} INFO - Filling up the DagBag from /home/airflow/.local/lib/python3.12/site-packages/airflow/example_dags/example_dag_decorator.py
[2024-09-13T14:40:02.085+0000] {processor.py:925} INFO - DAG(s) 'example_dag_decorator' retrieved from /home/airflow/.local/lib/python3.12/site-packages/airflow/example_dags/example_dag_decorator.py
[2024-09-13T14:40:02.114+0000] {logging_mixin.py:190} INFO - [2024-09-13T14:40:02.113+0000] {dag.py:3229} INFO - Sync 1 DAGs
[2024-09-13T14:40:02.130+0000] {logging_mixin.py:190} INFO - [2024-09-13T14:40:02.129+0000] {dag.py:4156} INFO - Setting next_dagrun for example_dag_decorator to None, run_after=None
[2024-09-13T14:40:02.151+0000] {processor.py:208} INFO - Processing /home/airflow/.local/lib/python3.12/site-packages/airflow/example_dags/example_dag_decorator.py took 0.090 seconds
[2024-09-13T14:40:33.282+0000] {processor.py:186} INFO - Started process (PID=198) to work on /home/airflow/.local/lib/python3.12/site-packages/airflow/example_dags/example_dag_decorator.py
[2024-09-13T14:40:33.283+0000] {processor.py:914} INFO - Processing file /home/airflow/.local/lib/python3.12/site-packages/airflow/example_dags/example_dag_decorator.py for tasks to queue
[2024-09-13T14:40:33.284+0000] {logging_mixin.py:190} INFO - [2024-09-13T14:40:33.284+0000] {dagbag.py:587} INFO - Filling up the DagBag from /home/airflow/.local/lib/python3.12/site-packages/airflow/example_dags/example_dag_decorator.py
[2024-09-13T14:40:33.297+0000] {processor.py:925} INFO - DAG(s) 'example_dag_decorator' retrieved from /home/airflow/.local/lib/python3.12/site-packages/airflow/example_dags/example_dag_decorator.py
[2024-09-13T14:40:33.325+0000] {logging_mixin.py:190} INFO - [2024-09-13T14:40:33.324+0000] {dag.py:3229} INFO - Sync 1 DAGs
[2024-09-13T14:40:33.338+0000] {logging_mixin.py:190} INFO - [2024-09-13T14:40:33.338+0000] {dag.py:4156} INFO - Setting next_dagrun for example_dag_decorator to None, run_after=None
[2024-09-13T14:40:33.355+0000] {processor.py:208} INFO - Processing /home/airflow/.local/lib/python3.12/site-packages/airflow/example_dags/example_dag_decorator.py took 0.078 seconds
[2024-09-13T14:41:24.546+0000] {processor.py:186} INFO - Started process (PID=67) to work on /home/airflow/.local/lib/python3.12/site-packages/airflow/example_dags/example_dag_decorator.py
[2024-09-13T14:41:24.548+0000] {processor.py:914} INFO - Processing file /home/airflow/.local/lib/python3.12/site-packages/airflow/example_dags/example_dag_decorator.py for tasks to queue
[2024-09-13T14:41:24.551+0000] {logging_mixin.py:190} INFO - [2024-09-13T14:41:24.550+0000] {dagbag.py:587} INFO - Filling up the DagBag from /home/airflow/.local/lib/python3.12/site-packages/airflow/example_dags/example_dag_decorator.py
[2024-09-13T14:41:24.566+0000] {processor.py:925} INFO - DAG(s) 'example_dag_decorator' retrieved from /home/airflow/.local/lib/python3.12/site-packages/airflow/example_dags/example_dag_decorator.py
[2024-09-13T14:41:24.701+0000] {logging_mixin.py:190} INFO - [2024-09-13T14:41:24.700+0000] {dag.py:3229} INFO - Sync 1 DAGs
[2024-09-13T14:41:24.714+0000] {logging_mixin.py:190} INFO - [2024-09-13T14:41:24.714+0000] {dag.py:4156} INFO - Setting next_dagrun for example_dag_decorator to None, run_after=None
[2024-09-13T14:41:24.731+0000] {processor.py:208} INFO - Processing /home/airflow/.local/lib/python3.12/site-packages/airflow/example_dags/example_dag_decorator.py took 0.191 seconds
[2024-09-13T14:41:55.672+0000] {processor.py:186} INFO - Started process (PID=129) to work on /home/airflow/.local/lib/python3.12/site-packages/airflow/example_dags/example_dag_decorator.py
[2024-09-13T14:41:55.673+0000] {processor.py:914} INFO - Processing file /home/airflow/.local/lib/python3.12/site-packages/airflow/example_dags/example_dag_decorator.py for tasks to queue
[2024-09-13T14:41:55.675+0000] {logging_mixin.py:190} INFO - [2024-09-13T14:41:55.675+0000] {dagbag.py:587} INFO - Filling up the DagBag from /home/airflow/.local/lib/python3.12/site-packages/airflow/example_dags/example_dag_decorator.py
[2024-09-13T14:41:55.686+0000] {processor.py:925} INFO - DAG(s) 'example_dag_decorator' retrieved from /home/airflow/.local/lib/python3.12/site-packages/airflow/example_dags/example_dag_decorator.py
[2024-09-13T14:41:55.797+0000] {logging_mixin.py:190} INFO - [2024-09-13T14:41:55.797+0000] {dag.py:3229} INFO - Sync 1 DAGs
[2024-09-13T14:41:55.811+0000] {logging_mixin.py:190} INFO - [2024-09-13T14:41:55.811+0000] {dag.py:4156} INFO - Setting next_dagrun for example_dag_decorator to None, run_after=None
[2024-09-13T14:41:55.831+0000] {processor.py:208} INFO - Processing /home/airflow/.local/lib/python3.12/site-packages/airflow/example_dags/example_dag_decorator.py took 0.164 seconds
[2024-09-13T14:42:26.642+0000] {processor.py:186} INFO - Started process (PID=191) to work on /home/airflow/.local/lib/python3.12/site-packages/airflow/example_dags/example_dag_decorator.py
[2024-09-13T14:42:26.643+0000] {processor.py:914} INFO - Processing file /home/airflow/.local/lib/python3.12/site-packages/airflow/example_dags/example_dag_decorator.py for tasks to queue
[2024-09-13T14:42:26.645+0000] {logging_mixin.py:190} INFO - [2024-09-13T14:42:26.645+0000] {dagbag.py:587} INFO - Filling up the DagBag from /home/airflow/.local/lib/python3.12/site-packages/airflow/example_dags/example_dag_decorator.py
[2024-09-13T14:42:26.657+0000] {processor.py:925} INFO - DAG(s) 'example_dag_decorator' retrieved from /home/airflow/.local/lib/python3.12/site-packages/airflow/example_dags/example_dag_decorator.py
[2024-09-13T14:42:26.802+0000] {logging_mixin.py:190} INFO - [2024-09-13T14:42:26.802+0000] {dag.py:3229} INFO - Sync 1 DAGs
[2024-09-13T14:42:26.813+0000] {logging_mixin.py:190} INFO - [2024-09-13T14:42:26.813+0000] {dag.py:4156} INFO - Setting next_dagrun for example_dag_decorator to None, run_after=None
[2024-09-13T14:42:26.832+0000] {processor.py:208} INFO - Processing /home/airflow/.local/lib/python3.12/site-packages/airflow/example_dags/example_dag_decorator.py took 0.195 seconds
[2024-09-13T14:42:57.585+0000] {processor.py:186} INFO - Started process (PID=253) to work on /home/airflow/.local/lib/python3.12/site-packages/airflow/example_dags/example_dag_decorator.py
[2024-09-13T14:42:57.749+0000] {processor.py:914} INFO - Processing file /home/airflow/.local/lib/python3.12/site-packages/airflow/example_dags/example_dag_decorator.py for tasks to queue
[2024-09-13T14:42:57.755+0000] {logging_mixin.py:190} INFO - [2024-09-13T14:42:57.754+0000] {dagbag.py:587} INFO - Filling up the DagBag from /home/airflow/.local/lib/python3.12/site-packages/airflow/example_dags/example_dag_decorator.py
[2024-09-13T14:42:57.768+0000] {processor.py:925} INFO - DAG(s) 'example_dag_decorator' retrieved from /home/airflow/.local/lib/python3.12/site-packages/airflow/example_dags/example_dag_decorator.py
[2024-09-13T14:42:57.924+0000] {logging_mixin.py:190} INFO - [2024-09-13T14:42:57.924+0000] {dag.py:3229} INFO - Sync 1 DAGs
[2024-09-13T14:42:57.937+0000] {logging_mixin.py:190} INFO - [2024-09-13T14:42:57.937+0000] {dag.py:4156} INFO - Setting next_dagrun for example_dag_decorator to None, run_after=None
[2024-09-13T14:42:57.958+0000] {processor.py:208} INFO - Processing /home/airflow/.local/lib/python3.12/site-packages/airflow/example_dags/example_dag_decorator.py took 0.378 seconds
