[2024-09-13T14:34:38.604+0000] {processor.py:186} INFO - Started process (PID=106) to work on /home/airflow/.local/lib/python3.12/site-packages/airflow/example_dags/example_branch_datetime_operator.py
[2024-09-13T14:34:38.605+0000] {processor.py:914} INFO - Processing file /home/airflow/.local/lib/python3.12/site-packages/airflow/example_dags/example_branch_datetime_operator.py for tasks to queue
[2024-09-13T14:34:38.607+0000] {logging_mixin.py:190} INFO - [2024-09-13T14:34:38.607+0000] {dagbag.py:587} INFO - Filling up the DagBag from /home/airflow/.local/lib/python3.12/site-packages/airflow/example_dags/example_branch_datetime_operator.py
[2024-09-13T14:34:38.624+0000] {processor.py:925} INFO - DAG(s) 'example_branch_datetime_operator_3', 'example_branch_datetime_operator_2', 'example_branch_datetime_operator' retrieved from /home/airflow/.local/lib/python3.12/site-packages/airflow/example_dags/example_branch_datetime_operator.py
[2024-09-13T14:34:38.727+0000] {logging_mixin.py:190} INFO - [2024-09-13T14:34:38.726+0000] {override.py:1900} INFO - Created Permission View: can read on DAG:example_branch_datetime_operator_3
[2024-09-13T14:34:38.738+0000] {logging_mixin.py:190} INFO - [2024-09-13T14:34:38.738+0000] {override.py:1900} INFO - Created Permission View: can delete on DAG:example_branch_datetime_operator_3
[2024-09-13T14:34:38.745+0000] {logging_mixin.py:190} INFO - [2024-09-13T14:34:38.745+0000] {override.py:1900} INFO - Created Permission View: can edit on DAG:example_branch_datetime_operator_3
[2024-09-13T14:34:38.752+0000] {logging_mixin.py:190} INFO - [2024-09-13T14:34:38.751+0000] {override.py:1900} INFO - Created Permission View: can create on DAG Run:example_branch_datetime_operator_3
[2024-09-13T14:34:38.758+0000] {logging_mixin.py:190} INFO - [2024-09-13T14:34:38.758+0000] {override.py:1900} INFO - Created Permission View: menu access on DAG Run:example_branch_datetime_operator_3
[2024-09-13T14:34:38.765+0000] {logging_mixin.py:190} INFO - [2024-09-13T14:34:38.765+0000] {override.py:1900} INFO - Created Permission View: can read on DAG Run:example_branch_datetime_operator_3
[2024-09-13T14:34:38.771+0000] {logging_mixin.py:190} INFO - [2024-09-13T14:34:38.771+0000] {override.py:1900} INFO - Created Permission View: can delete on DAG Run:example_branch_datetime_operator_3
[2024-09-13T14:34:38.783+0000] {logging_mixin.py:190} INFO - [2024-09-13T14:34:38.783+0000] {override.py:1900} INFO - Created Permission View: can read on DAG:example_branch_datetime_operator_2
[2024-09-13T14:34:38.789+0000] {logging_mixin.py:190} INFO - [2024-09-13T14:34:38.789+0000] {override.py:1900} INFO - Created Permission View: can delete on DAG:example_branch_datetime_operator_2
[2024-09-13T14:34:38.796+0000] {logging_mixin.py:190} INFO - [2024-09-13T14:34:38.796+0000] {override.py:1900} INFO - Created Permission View: can edit on DAG:example_branch_datetime_operator_2
[2024-09-13T14:34:38.803+0000] {logging_mixin.py:190} INFO - [2024-09-13T14:34:38.803+0000] {override.py:1900} INFO - Created Permission View: can create on DAG Run:example_branch_datetime_operator_2
[2024-09-13T14:34:38.810+0000] {logging_mixin.py:190} INFO - [2024-09-13T14:34:38.810+0000] {override.py:1900} INFO - Created Permission View: menu access on DAG Run:example_branch_datetime_operator_2
[2024-09-13T14:34:38.816+0000] {logging_mixin.py:190} INFO - [2024-09-13T14:34:38.815+0000] {override.py:1900} INFO - Created Permission View: can read on DAG Run:example_branch_datetime_operator_2
[2024-09-13T14:34:38.822+0000] {logging_mixin.py:190} INFO - [2024-09-13T14:34:38.821+0000] {override.py:1900} INFO - Created Permission View: can delete on DAG Run:example_branch_datetime_operator_2
[2024-09-13T14:34:38.833+0000] {logging_mixin.py:190} INFO - [2024-09-13T14:34:38.833+0000] {override.py:1900} INFO - Created Permission View: can read on DAG:example_branch_datetime_operator
[2024-09-13T14:34:38.839+0000] {logging_mixin.py:190} INFO - [2024-09-13T14:34:38.839+0000] {override.py:1900} INFO - Created Permission View: can delete on DAG:example_branch_datetime_operator
[2024-09-13T14:34:38.845+0000] {logging_mixin.py:190} INFO - [2024-09-13T14:34:38.845+0000] {override.py:1900} INFO - Created Permission View: can edit on DAG:example_branch_datetime_operator
[2024-09-13T14:34:38.852+0000] {logging_mixin.py:190} INFO - [2024-09-13T14:34:38.851+0000] {override.py:1900} INFO - Created Permission View: can create on DAG Run:example_branch_datetime_operator
[2024-09-13T14:34:38.858+0000] {logging_mixin.py:190} INFO - [2024-09-13T14:34:38.857+0000] {override.py:1900} INFO - Created Permission View: menu access on DAG Run:example_branch_datetime_operator
[2024-09-13T14:34:38.864+0000] {logging_mixin.py:190} INFO - [2024-09-13T14:34:38.863+0000] {override.py:1900} INFO - Created Permission View: can read on DAG Run:example_branch_datetime_operator
[2024-09-13T14:34:38.869+0000] {logging_mixin.py:190} INFO - [2024-09-13T14:34:38.869+0000] {override.py:1900} INFO - Created Permission View: can delete on DAG Run:example_branch_datetime_operator
[2024-09-13T14:34:38.870+0000] {logging_mixin.py:190} INFO - [2024-09-13T14:34:38.870+0000] {dag.py:3229} INFO - Sync 3 DAGs
[2024-09-13T14:34:38.883+0000] {logging_mixin.py:190} INFO - [2024-09-13T14:34:38.883+0000] {dag.py:3252} INFO - Creating ORM DAG for example_branch_datetime_operator_3
[2024-09-13T14:34:38.884+0000] {logging_mixin.py:190} INFO - [2024-09-13T14:34:38.884+0000] {dag.py:3252} INFO - Creating ORM DAG for example_branch_datetime_operator_2
[2024-09-13T14:34:38.884+0000] {logging_mixin.py:190} INFO - [2024-09-13T14:34:38.884+0000] {dag.py:3252} INFO - Creating ORM DAG for example_branch_datetime_operator
[2024-09-13T14:34:38.894+0000] {logging_mixin.py:190} INFO - [2024-09-13T14:34:38.894+0000] {dag.py:4156} INFO - Setting next_dagrun for example_branch_datetime_operator to 2024-09-12 00:00:00+00:00, run_after=2024-09-13 00:00:00+00:00
[2024-09-13T14:34:38.896+0000] {logging_mixin.py:190} INFO - [2024-09-13T14:34:38.895+0000] {dag.py:4156} INFO - Setting next_dagrun for example_branch_datetime_operator_2 to 2024-09-12 00:00:00+00:00, run_after=2024-09-13 00:00:00+00:00
[2024-09-13T14:34:38.898+0000] {logging_mixin.py:190} INFO - [2024-09-13T14:34:38.897+0000] {dag.py:4156} INFO - Setting next_dagrun for example_branch_datetime_operator_3 to 2024-09-12 00:00:00+00:00, run_after=2024-09-13 00:00:00+00:00
[2024-09-13T14:34:38.925+0000] {processor.py:208} INFO - Processing /home/airflow/.local/lib/python3.12/site-packages/airflow/example_dags/example_branch_datetime_operator.py took 0.326 seconds
[2024-09-13T14:35:09.596+0000] {processor.py:186} INFO - Started process (PID=168) to work on /home/airflow/.local/lib/python3.12/site-packages/airflow/example_dags/example_branch_datetime_operator.py
[2024-09-13T14:35:09.597+0000] {processor.py:914} INFO - Processing file /home/airflow/.local/lib/python3.12/site-packages/airflow/example_dags/example_branch_datetime_operator.py for tasks to queue
[2024-09-13T14:35:09.599+0000] {logging_mixin.py:190} INFO - [2024-09-13T14:35:09.599+0000] {dagbag.py:587} INFO - Filling up the DagBag from /home/airflow/.local/lib/python3.12/site-packages/airflow/example_dags/example_branch_datetime_operator.py
[2024-09-13T14:35:09.610+0000] {processor.py:925} INFO - DAG(s) 'example_branch_datetime_operator_3', 'example_branch_datetime_operator_2', 'example_branch_datetime_operator' retrieved from /home/airflow/.local/lib/python3.12/site-packages/airflow/example_dags/example_branch_datetime_operator.py
[2024-09-13T14:35:09.637+0000] {logging_mixin.py:190} INFO - [2024-09-13T14:35:09.636+0000] {dag.py:3229} INFO - Sync 3 DAGs
[2024-09-13T14:35:09.662+0000] {logging_mixin.py:190} INFO - [2024-09-13T14:35:09.662+0000] {dag.py:4156} INFO - Setting next_dagrun for example_branch_datetime_operator to 2024-09-12 00:00:00+00:00, run_after=2024-09-13 00:00:00+00:00
[2024-09-13T14:35:09.667+0000] {logging_mixin.py:190} INFO - [2024-09-13T14:35:09.667+0000] {dag.py:4156} INFO - Setting next_dagrun for example_branch_datetime_operator_2 to 2024-09-12 00:00:00+00:00, run_after=2024-09-13 00:00:00+00:00
[2024-09-13T14:35:09.670+0000] {logging_mixin.py:190} INFO - [2024-09-13T14:35:09.670+0000] {dag.py:4156} INFO - Setting next_dagrun for example_branch_datetime_operator_3 to 2024-09-12 00:00:00+00:00, run_after=2024-09-13 00:00:00+00:00
[2024-09-13T14:35:09.688+0000] {processor.py:208} INFO - Processing /home/airflow/.local/lib/python3.12/site-packages/airflow/example_dags/example_branch_datetime_operator.py took 0.097 seconds
[2024-09-13T14:35:40.119+0000] {processor.py:186} INFO - Started process (PID=230) to work on /home/airflow/.local/lib/python3.12/site-packages/airflow/example_dags/example_branch_datetime_operator.py
[2024-09-13T14:35:40.120+0000] {processor.py:914} INFO - Processing file /home/airflow/.local/lib/python3.12/site-packages/airflow/example_dags/example_branch_datetime_operator.py for tasks to queue
[2024-09-13T14:35:40.123+0000] {logging_mixin.py:190} INFO - [2024-09-13T14:35:40.122+0000] {dagbag.py:587} INFO - Filling up the DagBag from /home/airflow/.local/lib/python3.12/site-packages/airflow/example_dags/example_branch_datetime_operator.py
[2024-09-13T14:35:40.138+0000] {processor.py:925} INFO - DAG(s) 'example_branch_datetime_operator_3', 'example_branch_datetime_operator_2', 'example_branch_datetime_operator' retrieved from /home/airflow/.local/lib/python3.12/site-packages/airflow/example_dags/example_branch_datetime_operator.py
[2024-09-13T14:35:40.167+0000] {logging_mixin.py:190} INFO - [2024-09-13T14:35:40.167+0000] {dag.py:3229} INFO - Sync 3 DAGs
[2024-09-13T14:35:40.191+0000] {logging_mixin.py:190} INFO - [2024-09-13T14:35:40.191+0000] {dag.py:4156} INFO - Setting next_dagrun for example_branch_datetime_operator to 2024-09-12 00:00:00+00:00, run_after=2024-09-13 00:00:00+00:00
[2024-09-13T14:35:40.196+0000] {logging_mixin.py:190} INFO - [2024-09-13T14:35:40.195+0000] {dag.py:4156} INFO - Setting next_dagrun for example_branch_datetime_operator_2 to 2024-09-12 00:00:00+00:00, run_after=2024-09-13 00:00:00+00:00
[2024-09-13T14:35:40.198+0000] {logging_mixin.py:190} INFO - [2024-09-13T14:35:40.198+0000] {dag.py:4156} INFO - Setting next_dagrun for example_branch_datetime_operator_3 to 2024-09-12 00:00:00+00:00, run_after=2024-09-13 00:00:00+00:00
[2024-09-13T14:35:40.216+0000] {processor.py:208} INFO - Processing /home/airflow/.local/lib/python3.12/site-packages/airflow/example_dags/example_branch_datetime_operator.py took 0.103 seconds
[2024-09-13T14:36:10.327+0000] {processor.py:186} INFO - Started process (PID=292) to work on /home/airflow/.local/lib/python3.12/site-packages/airflow/example_dags/example_branch_datetime_operator.py
[2024-09-13T14:36:10.328+0000] {processor.py:914} INFO - Processing file /home/airflow/.local/lib/python3.12/site-packages/airflow/example_dags/example_branch_datetime_operator.py for tasks to queue
[2024-09-13T14:36:10.329+0000] {logging_mixin.py:190} INFO - [2024-09-13T14:36:10.329+0000] {dagbag.py:587} INFO - Filling up the DagBag from /home/airflow/.local/lib/python3.12/site-packages/airflow/example_dags/example_branch_datetime_operator.py
[2024-09-13T14:36:10.340+0000] {processor.py:925} INFO - DAG(s) 'example_branch_datetime_operator_2', 'example_branch_datetime_operator_3', 'example_branch_datetime_operator' retrieved from /home/airflow/.local/lib/python3.12/site-packages/airflow/example_dags/example_branch_datetime_operator.py
[2024-09-13T14:36:10.366+0000] {logging_mixin.py:190} INFO - [2024-09-13T14:36:10.366+0000] {dag.py:3229} INFO - Sync 3 DAGs
[2024-09-13T14:36:10.389+0000] {logging_mixin.py:190} INFO - [2024-09-13T14:36:10.389+0000] {dag.py:4156} INFO - Setting next_dagrun for example_branch_datetime_operator to 2024-09-12 00:00:00+00:00, run_after=2024-09-13 00:00:00+00:00
[2024-09-13T14:36:10.393+0000] {logging_mixin.py:190} INFO - [2024-09-13T14:36:10.393+0000] {dag.py:4156} INFO - Setting next_dagrun for example_branch_datetime_operator_2 to 2024-09-12 00:00:00+00:00, run_after=2024-09-13 00:00:00+00:00
[2024-09-13T14:36:10.395+0000] {logging_mixin.py:190} INFO - [2024-09-13T14:36:10.395+0000] {dag.py:4156} INFO - Setting next_dagrun for example_branch_datetime_operator_3 to 2024-09-12 00:00:00+00:00, run_after=2024-09-13 00:00:00+00:00
[2024-09-13T14:36:10.410+0000] {processor.py:208} INFO - Processing /home/airflow/.local/lib/python3.12/site-packages/airflow/example_dags/example_branch_datetime_operator.py took 0.088 seconds
[2024-09-13T14:36:41.464+0000] {processor.py:186} INFO - Started process (PID=354) to work on /home/airflow/.local/lib/python3.12/site-packages/airflow/example_dags/example_branch_datetime_operator.py
[2024-09-13T14:36:41.465+0000] {processor.py:914} INFO - Processing file /home/airflow/.local/lib/python3.12/site-packages/airflow/example_dags/example_branch_datetime_operator.py for tasks to queue
[2024-09-13T14:36:41.467+0000] {logging_mixin.py:190} INFO - [2024-09-13T14:36:41.467+0000] {dagbag.py:587} INFO - Filling up the DagBag from /home/airflow/.local/lib/python3.12/site-packages/airflow/example_dags/example_branch_datetime_operator.py
[2024-09-13T14:36:41.479+0000] {processor.py:925} INFO - DAG(s) 'example_branch_datetime_operator_2', 'example_branch_datetime_operator_3', 'example_branch_datetime_operator' retrieved from /home/airflow/.local/lib/python3.12/site-packages/airflow/example_dags/example_branch_datetime_operator.py
[2024-09-13T14:36:41.511+0000] {logging_mixin.py:190} INFO - [2024-09-13T14:36:41.510+0000] {dag.py:3229} INFO - Sync 3 DAGs
[2024-09-13T14:36:41.539+0000] {logging_mixin.py:190} INFO - [2024-09-13T14:36:41.539+0000] {dag.py:4156} INFO - Setting next_dagrun for example_branch_datetime_operator to 2024-09-12 00:00:00+00:00, run_after=2024-09-13 00:00:00+00:00
[2024-09-13T14:36:41.545+0000] {logging_mixin.py:190} INFO - [2024-09-13T14:36:41.545+0000] {dag.py:4156} INFO - Setting next_dagrun for example_branch_datetime_operator_2 to 2024-09-12 00:00:00+00:00, run_after=2024-09-13 00:00:00+00:00
[2024-09-13T14:36:41.548+0000] {logging_mixin.py:190} INFO - [2024-09-13T14:36:41.548+0000] {dag.py:4156} INFO - Setting next_dagrun for example_branch_datetime_operator_3 to 2024-09-12 00:00:00+00:00, run_after=2024-09-13 00:00:00+00:00
[2024-09-13T14:36:41.567+0000] {processor.py:208} INFO - Processing /home/airflow/.local/lib/python3.12/site-packages/airflow/example_dags/example_branch_datetime_operator.py took 0.108 seconds
[2024-09-13T14:37:12.187+0000] {processor.py:186} INFO - Started process (PID=416) to work on /home/airflow/.local/lib/python3.12/site-packages/airflow/example_dags/example_branch_datetime_operator.py
[2024-09-13T14:37:12.188+0000] {processor.py:914} INFO - Processing file /home/airflow/.local/lib/python3.12/site-packages/airflow/example_dags/example_branch_datetime_operator.py for tasks to queue
[2024-09-13T14:37:12.190+0000] {logging_mixin.py:190} INFO - [2024-09-13T14:37:12.189+0000] {dagbag.py:587} INFO - Filling up the DagBag from /home/airflow/.local/lib/python3.12/site-packages/airflow/example_dags/example_branch_datetime_operator.py
[2024-09-13T14:37:12.201+0000] {processor.py:925} INFO - DAG(s) 'example_branch_datetime_operator', 'example_branch_datetime_operator_2', 'example_branch_datetime_operator_3' retrieved from /home/airflow/.local/lib/python3.12/site-packages/airflow/example_dags/example_branch_datetime_operator.py
[2024-09-13T14:37:12.227+0000] {logging_mixin.py:190} INFO - [2024-09-13T14:37:12.227+0000] {dag.py:3229} INFO - Sync 3 DAGs
[2024-09-13T14:37:12.251+0000] {logging_mixin.py:190} INFO - [2024-09-13T14:37:12.251+0000] {dag.py:4156} INFO - Setting next_dagrun for example_branch_datetime_operator to 2024-09-12 00:00:00+00:00, run_after=2024-09-13 00:00:00+00:00
[2024-09-13T14:37:12.256+0000] {logging_mixin.py:190} INFO - [2024-09-13T14:37:12.256+0000] {dag.py:4156} INFO - Setting next_dagrun for example_branch_datetime_operator_2 to 2024-09-12 00:00:00+00:00, run_after=2024-09-13 00:00:00+00:00
[2024-09-13T14:37:12.258+0000] {logging_mixin.py:190} INFO - [2024-09-13T14:37:12.258+0000] {dag.py:4156} INFO - Setting next_dagrun for example_branch_datetime_operator_3 to 2024-09-12 00:00:00+00:00, run_after=2024-09-13 00:00:00+00:00
[2024-09-13T14:37:12.275+0000] {processor.py:208} INFO - Processing /home/airflow/.local/lib/python3.12/site-packages/airflow/example_dags/example_branch_datetime_operator.py took 0.093 seconds
[2024-09-13T14:37:42.597+0000] {processor.py:186} INFO - Started process (PID=478) to work on /home/airflow/.local/lib/python3.12/site-packages/airflow/example_dags/example_branch_datetime_operator.py
[2024-09-13T14:37:42.598+0000] {processor.py:914} INFO - Processing file /home/airflow/.local/lib/python3.12/site-packages/airflow/example_dags/example_branch_datetime_operator.py for tasks to queue
[2024-09-13T14:37:42.600+0000] {logging_mixin.py:190} INFO - [2024-09-13T14:37:42.600+0000] {dagbag.py:587} INFO - Filling up the DagBag from /home/airflow/.local/lib/python3.12/site-packages/airflow/example_dags/example_branch_datetime_operator.py
[2024-09-13T14:37:42.611+0000] {processor.py:925} INFO - DAG(s) 'example_branch_datetime_operator_2', 'example_branch_datetime_operator_3', 'example_branch_datetime_operator' retrieved from /home/airflow/.local/lib/python3.12/site-packages/airflow/example_dags/example_branch_datetime_operator.py
[2024-09-13T14:37:42.644+0000] {logging_mixin.py:190} INFO - [2024-09-13T14:37:42.644+0000] {dag.py:3229} INFO - Sync 3 DAGs
[2024-09-13T14:37:42.666+0000] {logging_mixin.py:190} INFO - [2024-09-13T14:37:42.666+0000] {dag.py:4156} INFO - Setting next_dagrun for example_branch_datetime_operator to 2024-09-12 00:00:00+00:00, run_after=2024-09-13 00:00:00+00:00
[2024-09-13T14:37:42.671+0000] {logging_mixin.py:190} INFO - [2024-09-13T14:37:42.671+0000] {dag.py:4156} INFO - Setting next_dagrun for example_branch_datetime_operator_2 to 2024-09-12 00:00:00+00:00, run_after=2024-09-13 00:00:00+00:00
[2024-09-13T14:37:42.674+0000] {logging_mixin.py:190} INFO - [2024-09-13T14:37:42.673+0000] {dag.py:4156} INFO - Setting next_dagrun for example_branch_datetime_operator_3 to 2024-09-12 00:00:00+00:00, run_after=2024-09-13 00:00:00+00:00
[2024-09-13T14:37:42.689+0000] {processor.py:208} INFO - Processing /home/airflow/.local/lib/python3.12/site-packages/airflow/example_dags/example_branch_datetime_operator.py took 0.097 seconds
[2024-09-13T14:38:12.746+0000] {processor.py:186} INFO - Started process (PID=540) to work on /home/airflow/.local/lib/python3.12/site-packages/airflow/example_dags/example_branch_datetime_operator.py
[2024-09-13T14:38:12.747+0000] {processor.py:914} INFO - Processing file /home/airflow/.local/lib/python3.12/site-packages/airflow/example_dags/example_branch_datetime_operator.py for tasks to queue
[2024-09-13T14:38:12.750+0000] {logging_mixin.py:190} INFO - [2024-09-13T14:38:12.749+0000] {dagbag.py:587} INFO - Filling up the DagBag from /home/airflow/.local/lib/python3.12/site-packages/airflow/example_dags/example_branch_datetime_operator.py
[2024-09-13T14:38:12.761+0000] {processor.py:925} INFO - DAG(s) 'example_branch_datetime_operator', 'example_branch_datetime_operator_3', 'example_branch_datetime_operator_2' retrieved from /home/airflow/.local/lib/python3.12/site-packages/airflow/example_dags/example_branch_datetime_operator.py
[2024-09-13T14:38:12.787+0000] {logging_mixin.py:190} INFO - [2024-09-13T14:38:12.787+0000] {dag.py:3229} INFO - Sync 3 DAGs
[2024-09-13T14:38:12.809+0000] {logging_mixin.py:190} INFO - [2024-09-13T14:38:12.809+0000] {dag.py:4156} INFO - Setting next_dagrun for example_branch_datetime_operator to 2024-09-12 00:00:00+00:00, run_after=2024-09-13 00:00:00+00:00
[2024-09-13T14:38:12.813+0000] {logging_mixin.py:190} INFO - [2024-09-13T14:38:12.813+0000] {dag.py:4156} INFO - Setting next_dagrun for example_branch_datetime_operator_2 to 2024-09-12 00:00:00+00:00, run_after=2024-09-13 00:00:00+00:00
[2024-09-13T14:38:12.816+0000] {logging_mixin.py:190} INFO - [2024-09-13T14:38:12.815+0000] {dag.py:4156} INFO - Setting next_dagrun for example_branch_datetime_operator_3 to 2024-09-12 00:00:00+00:00, run_after=2024-09-13 00:00:00+00:00
[2024-09-13T14:38:12.830+0000] {processor.py:208} INFO - Processing /home/airflow/.local/lib/python3.12/site-packages/airflow/example_dags/example_branch_datetime_operator.py took 0.089 seconds
[2024-09-13T14:39:33.925+0000] {processor.py:186} INFO - Started process (PID=100) to work on /home/airflow/.local/lib/python3.12/site-packages/airflow/example_dags/example_branch_datetime_operator.py
[2024-09-13T14:39:33.926+0000] {processor.py:914} INFO - Processing file /home/airflow/.local/lib/python3.12/site-packages/airflow/example_dags/example_branch_datetime_operator.py for tasks to queue
[2024-09-13T14:39:33.929+0000] {logging_mixin.py:190} INFO - [2024-09-13T14:39:33.928+0000] {dagbag.py:587} INFO - Filling up the DagBag from /home/airflow/.local/lib/python3.12/site-packages/airflow/example_dags/example_branch_datetime_operator.py
[2024-09-13T14:39:33.939+0000] {processor.py:925} INFO - DAG(s) 'example_branch_datetime_operator', 'example_branch_datetime_operator_3', 'example_branch_datetime_operator_2' retrieved from /home/airflow/.local/lib/python3.12/site-packages/airflow/example_dags/example_branch_datetime_operator.py
[2024-09-13T14:39:33.967+0000] {logging_mixin.py:190} INFO - [2024-09-13T14:39:33.967+0000] {dag.py:3229} INFO - Sync 3 DAGs
[2024-09-13T14:39:33.991+0000] {logging_mixin.py:190} INFO - [2024-09-13T14:39:33.991+0000] {dag.py:4156} INFO - Setting next_dagrun for example_branch_datetime_operator to 2024-09-12 00:00:00+00:00, run_after=2024-09-13 00:00:00+00:00
[2024-09-13T14:39:33.995+0000] {logging_mixin.py:190} INFO - [2024-09-13T14:39:33.995+0000] {dag.py:4156} INFO - Setting next_dagrun for example_branch_datetime_operator_2 to 2024-09-12 00:00:00+00:00, run_after=2024-09-13 00:00:00+00:00
[2024-09-13T14:39:33.998+0000] {logging_mixin.py:190} INFO - [2024-09-13T14:39:33.998+0000] {dag.py:4156} INFO - Setting next_dagrun for example_branch_datetime_operator_3 to 2024-09-12 00:00:00+00:00, run_after=2024-09-13 00:00:00+00:00
[2024-09-13T14:39:34.014+0000] {processor.py:208} INFO - Processing /home/airflow/.local/lib/python3.12/site-packages/airflow/example_dags/example_branch_datetime_operator.py took 0.094 seconds
[2024-09-13T14:40:04.809+0000] {processor.py:186} INFO - Started process (PID=162) to work on /home/airflow/.local/lib/python3.12/site-packages/airflow/example_dags/example_branch_datetime_operator.py
[2024-09-13T14:40:04.810+0000] {processor.py:914} INFO - Processing file /home/airflow/.local/lib/python3.12/site-packages/airflow/example_dags/example_branch_datetime_operator.py for tasks to queue
[2024-09-13T14:40:04.812+0000] {logging_mixin.py:190} INFO - [2024-09-13T14:40:04.812+0000] {dagbag.py:587} INFO - Filling up the DagBag from /home/airflow/.local/lib/python3.12/site-packages/airflow/example_dags/example_branch_datetime_operator.py
[2024-09-13T14:40:04.824+0000] {processor.py:925} INFO - DAG(s) 'example_branch_datetime_operator_3', 'example_branch_datetime_operator_2', 'example_branch_datetime_operator' retrieved from /home/airflow/.local/lib/python3.12/site-packages/airflow/example_dags/example_branch_datetime_operator.py
[2024-09-13T14:40:04.853+0000] {logging_mixin.py:190} INFO - [2024-09-13T14:40:04.852+0000] {dag.py:3229} INFO - Sync 3 DAGs
[2024-09-13T14:40:04.875+0000] {logging_mixin.py:190} INFO - [2024-09-13T14:40:04.875+0000] {dag.py:4156} INFO - Setting next_dagrun for example_branch_datetime_operator to 2024-09-12 00:00:00+00:00, run_after=2024-09-13 00:00:00+00:00
[2024-09-13T14:40:04.879+0000] {logging_mixin.py:190} INFO - [2024-09-13T14:40:04.879+0000] {dag.py:4156} INFO - Setting next_dagrun for example_branch_datetime_operator_2 to 2024-09-12 00:00:00+00:00, run_after=2024-09-13 00:00:00+00:00
[2024-09-13T14:40:04.882+0000] {logging_mixin.py:190} INFO - [2024-09-13T14:40:04.882+0000] {dag.py:4156} INFO - Setting next_dagrun for example_branch_datetime_operator_3 to 2024-09-12 00:00:00+00:00, run_after=2024-09-13 00:00:00+00:00
[2024-09-13T14:40:04.897+0000] {processor.py:208} INFO - Processing /home/airflow/.local/lib/python3.12/site-packages/airflow/example_dags/example_branch_datetime_operator.py took 0.094 seconds
[2024-09-13T14:40:35.116+0000] {processor.py:186} INFO - Started process (PID=224) to work on /home/airflow/.local/lib/python3.12/site-packages/airflow/example_dags/example_branch_datetime_operator.py
[2024-09-13T14:40:35.117+0000] {processor.py:914} INFO - Processing file /home/airflow/.local/lib/python3.12/site-packages/airflow/example_dags/example_branch_datetime_operator.py for tasks to queue
[2024-09-13T14:40:35.120+0000] {logging_mixin.py:190} INFO - [2024-09-13T14:40:35.119+0000] {dagbag.py:587} INFO - Filling up the DagBag from /home/airflow/.local/lib/python3.12/site-packages/airflow/example_dags/example_branch_datetime_operator.py
[2024-09-13T14:40:35.130+0000] {processor.py:925} INFO - DAG(s) 'example_branch_datetime_operator_2', 'example_branch_datetime_operator_3', 'example_branch_datetime_operator' retrieved from /home/airflow/.local/lib/python3.12/site-packages/airflow/example_dags/example_branch_datetime_operator.py
[2024-09-13T14:40:35.156+0000] {logging_mixin.py:190} INFO - [2024-09-13T14:40:35.156+0000] {dag.py:3229} INFO - Sync 3 DAGs
[2024-09-13T14:40:35.178+0000] {logging_mixin.py:190} INFO - [2024-09-13T14:40:35.178+0000] {dag.py:4156} INFO - Setting next_dagrun for example_branch_datetime_operator to 2024-09-12 00:00:00+00:00, run_after=2024-09-13 00:00:00+00:00
[2024-09-13T14:40:35.182+0000] {logging_mixin.py:190} INFO - [2024-09-13T14:40:35.182+0000] {dag.py:4156} INFO - Setting next_dagrun for example_branch_datetime_operator_2 to 2024-09-12 00:00:00+00:00, run_after=2024-09-13 00:00:00+00:00
[2024-09-13T14:40:35.184+0000] {logging_mixin.py:190} INFO - [2024-09-13T14:40:35.184+0000] {dag.py:4156} INFO - Setting next_dagrun for example_branch_datetime_operator_3 to 2024-09-12 00:00:00+00:00, run_after=2024-09-13 00:00:00+00:00
[2024-09-13T14:40:35.201+0000] {processor.py:208} INFO - Processing /home/airflow/.local/lib/python3.12/site-packages/airflow/example_dags/example_branch_datetime_operator.py took 0.090 seconds
[2024-09-13T14:41:26.646+0000] {processor.py:186} INFO - Started process (PID=93) to work on /home/airflow/.local/lib/python3.12/site-packages/airflow/example_dags/example_branch_datetime_operator.py
[2024-09-13T14:41:26.647+0000] {processor.py:914} INFO - Processing file /home/airflow/.local/lib/python3.12/site-packages/airflow/example_dags/example_branch_datetime_operator.py for tasks to queue
[2024-09-13T14:41:26.649+0000] {logging_mixin.py:190} INFO - [2024-09-13T14:41:26.649+0000] {dagbag.py:587} INFO - Filling up the DagBag from /home/airflow/.local/lib/python3.12/site-packages/airflow/example_dags/example_branch_datetime_operator.py
[2024-09-13T14:41:26.660+0000] {processor.py:925} INFO - DAG(s) 'example_branch_datetime_operator', 'example_branch_datetime_operator_3', 'example_branch_datetime_operator_2' retrieved from /home/airflow/.local/lib/python3.12/site-packages/airflow/example_dags/example_branch_datetime_operator.py
[2024-09-13T14:41:26.694+0000] {logging_mixin.py:190} INFO - [2024-09-13T14:41:26.693+0000] {dag.py:3229} INFO - Sync 3 DAGs
[2024-09-13T14:41:26.721+0000] {logging_mixin.py:190} INFO - [2024-09-13T14:41:26.721+0000] {dag.py:4156} INFO - Setting next_dagrun for example_branch_datetime_operator to 2024-09-12 00:00:00+00:00, run_after=2024-09-13 00:00:00+00:00
[2024-09-13T14:41:26.736+0000] {logging_mixin.py:190} INFO - [2024-09-13T14:41:26.736+0000] {dag.py:4156} INFO - Setting next_dagrun for example_branch_datetime_operator_2 to 2024-09-12 00:00:00+00:00, run_after=2024-09-13 00:00:00+00:00
[2024-09-13T14:41:26.739+0000] {logging_mixin.py:190} INFO - [2024-09-13T14:41:26.739+0000] {dag.py:4156} INFO - Setting next_dagrun for example_branch_datetime_operator_3 to 2024-09-12 00:00:00+00:00, run_after=2024-09-13 00:00:00+00:00
[2024-09-13T14:41:26.756+0000] {processor.py:208} INFO - Processing /home/airflow/.local/lib/python3.12/site-packages/airflow/example_dags/example_branch_datetime_operator.py took 0.115 seconds
[2024-09-13T14:41:57.520+0000] {processor.py:186} INFO - Started process (PID=155) to work on /home/airflow/.local/lib/python3.12/site-packages/airflow/example_dags/example_branch_datetime_operator.py
[2024-09-13T14:41:57.521+0000] {processor.py:914} INFO - Processing file /home/airflow/.local/lib/python3.12/site-packages/airflow/example_dags/example_branch_datetime_operator.py for tasks to queue
[2024-09-13T14:41:57.523+0000] {logging_mixin.py:190} INFO - [2024-09-13T14:41:57.523+0000] {dagbag.py:587} INFO - Filling up the DagBag from /home/airflow/.local/lib/python3.12/site-packages/airflow/example_dags/example_branch_datetime_operator.py
[2024-09-13T14:41:57.533+0000] {processor.py:925} INFO - DAG(s) 'example_branch_datetime_operator', 'example_branch_datetime_operator_2', 'example_branch_datetime_operator_3' retrieved from /home/airflow/.local/lib/python3.12/site-packages/airflow/example_dags/example_branch_datetime_operator.py
[2024-09-13T14:41:57.559+0000] {logging_mixin.py:190} INFO - [2024-09-13T14:41:57.559+0000] {dag.py:3229} INFO - Sync 3 DAGs
[2024-09-13T14:41:57.581+0000] {logging_mixin.py:190} INFO - [2024-09-13T14:41:57.581+0000] {dag.py:4156} INFO - Setting next_dagrun for example_branch_datetime_operator to 2024-09-12 00:00:00+00:00, run_after=2024-09-13 00:00:00+00:00
[2024-09-13T14:41:57.586+0000] {logging_mixin.py:190} INFO - [2024-09-13T14:41:57.585+0000] {dag.py:4156} INFO - Setting next_dagrun for example_branch_datetime_operator_2 to 2024-09-12 00:00:00+00:00, run_after=2024-09-13 00:00:00+00:00
[2024-09-13T14:41:57.589+0000] {logging_mixin.py:190} INFO - [2024-09-13T14:41:57.589+0000] {dag.py:4156} INFO - Setting next_dagrun for example_branch_datetime_operator_3 to 2024-09-12 00:00:00+00:00, run_after=2024-09-13 00:00:00+00:00
[2024-09-13T14:41:57.604+0000] {processor.py:208} INFO - Processing /home/airflow/.local/lib/python3.12/site-packages/airflow/example_dags/example_branch_datetime_operator.py took 0.089 seconds
[2024-09-13T14:42:28.564+0000] {processor.py:186} INFO - Started process (PID=217) to work on /home/airflow/.local/lib/python3.12/site-packages/airflow/example_dags/example_branch_datetime_operator.py
[2024-09-13T14:42:28.565+0000] {processor.py:914} INFO - Processing file /home/airflow/.local/lib/python3.12/site-packages/airflow/example_dags/example_branch_datetime_operator.py for tasks to queue
[2024-09-13T14:42:28.567+0000] {logging_mixin.py:190} INFO - [2024-09-13T14:42:28.567+0000] {dagbag.py:587} INFO - Filling up the DagBag from /home/airflow/.local/lib/python3.12/site-packages/airflow/example_dags/example_branch_datetime_operator.py
[2024-09-13T14:42:28.578+0000] {processor.py:925} INFO - DAG(s) 'example_branch_datetime_operator', 'example_branch_datetime_operator_2', 'example_branch_datetime_operator_3' retrieved from /home/airflow/.local/lib/python3.12/site-packages/airflow/example_dags/example_branch_datetime_operator.py
[2024-09-13T14:42:28.612+0000] {logging_mixin.py:190} INFO - [2024-09-13T14:42:28.612+0000] {dag.py:3229} INFO - Sync 3 DAGs
[2024-09-13T14:42:28.637+0000] {logging_mixin.py:190} INFO - [2024-09-13T14:42:28.637+0000] {dag.py:4156} INFO - Setting next_dagrun for example_branch_datetime_operator to 2024-09-12 00:00:00+00:00, run_after=2024-09-13 00:00:00+00:00
[2024-09-13T14:42:28.642+0000] {logging_mixin.py:190} INFO - [2024-09-13T14:42:28.641+0000] {dag.py:4156} INFO - Setting next_dagrun for example_branch_datetime_operator_2 to 2024-09-12 00:00:00+00:00, run_after=2024-09-13 00:00:00+00:00
[2024-09-13T14:42:28.644+0000] {logging_mixin.py:190} INFO - [2024-09-13T14:42:28.644+0000] {dag.py:4156} INFO - Setting next_dagrun for example_branch_datetime_operator_3 to 2024-09-12 00:00:00+00:00, run_after=2024-09-13 00:00:00+00:00
[2024-09-13T14:42:28.661+0000] {processor.py:208} INFO - Processing /home/airflow/.local/lib/python3.12/site-packages/airflow/example_dags/example_branch_datetime_operator.py took 0.102 seconds
[2024-09-13T14:42:59.653+0000] {processor.py:186} INFO - Started process (PID=279) to work on /home/airflow/.local/lib/python3.12/site-packages/airflow/example_dags/example_branch_datetime_operator.py
[2024-09-13T14:42:59.654+0000] {processor.py:914} INFO - Processing file /home/airflow/.local/lib/python3.12/site-packages/airflow/example_dags/example_branch_datetime_operator.py for tasks to queue
[2024-09-13T14:42:59.656+0000] {logging_mixin.py:190} INFO - [2024-09-13T14:42:59.656+0000] {dagbag.py:587} INFO - Filling up the DagBag from /home/airflow/.local/lib/python3.12/site-packages/airflow/example_dags/example_branch_datetime_operator.py
[2024-09-13T14:42:59.666+0000] {processor.py:925} INFO - DAG(s) 'example_branch_datetime_operator_2', 'example_branch_datetime_operator_3', 'example_branch_datetime_operator' retrieved from /home/airflow/.local/lib/python3.12/site-packages/airflow/example_dags/example_branch_datetime_operator.py
[2024-09-13T14:42:59.693+0000] {logging_mixin.py:190} INFO - [2024-09-13T14:42:59.693+0000] {dag.py:3229} INFO - Sync 3 DAGs
[2024-09-13T14:42:59.716+0000] {logging_mixin.py:190} INFO - [2024-09-13T14:42:59.715+0000] {dag.py:4156} INFO - Setting next_dagrun for example_branch_datetime_operator to 2024-09-12 00:00:00+00:00, run_after=2024-09-13 00:00:00+00:00
[2024-09-13T14:42:59.720+0000] {logging_mixin.py:190} INFO - [2024-09-13T14:42:59.720+0000] {dag.py:4156} INFO - Setting next_dagrun for example_branch_datetime_operator_2 to 2024-09-12 00:00:00+00:00, run_after=2024-09-13 00:00:00+00:00
[2024-09-13T14:42:59.722+0000] {logging_mixin.py:190} INFO - [2024-09-13T14:42:59.722+0000] {dag.py:4156} INFO - Setting next_dagrun for example_branch_datetime_operator_3 to 2024-09-12 00:00:00+00:00, run_after=2024-09-13 00:00:00+00:00
[2024-09-13T14:42:59.738+0000] {processor.py:208} INFO - Processing /home/airflow/.local/lib/python3.12/site-packages/airflow/example_dags/example_branch_datetime_operator.py took 0.090 seconds
