[2024-09-13T14:34:39.059+0000] {processor.py:186} INFO - Started process (PID=109) to work on /home/airflow/.local/lib/python3.12/site-packages/airflow/example_dags/example_external_task_marker_dag.py
[2024-09-13T14:34:39.060+0000] {processor.py:914} INFO - Processing file /home/airflow/.local/lib/python3.12/site-packages/airflow/example_dags/example_external_task_marker_dag.py for tasks to queue
[2024-09-13T14:34:39.062+0000] {logging_mixin.py:190} INFO - [2024-09-13T14:34:39.061+0000] {dagbag.py:587} INFO - Filling up the DagBag from /home/airflow/.local/lib/python3.12/site-packages/airflow/example_dags/example_external_task_marker_dag.py
[2024-09-13T14:34:39.069+0000] {processor.py:925} INFO - DAG(s) 'example_external_task_marker_parent', 'example_external_task_marker_child' retrieved from /home/airflow/.local/lib/python3.12/site-packages/airflow/example_dags/example_external_task_marker_dag.py
[2024-09-13T14:34:39.158+0000] {logging_mixin.py:190} INFO - [2024-09-13T14:34:39.158+0000] {override.py:1900} INFO - Created Permission View: can read on DAG:example_external_task_marker_parent
[2024-09-13T14:34:39.166+0000] {logging_mixin.py:190} INFO - [2024-09-13T14:34:39.166+0000] {override.py:1900} INFO - Created Permission View: can delete on DAG:example_external_task_marker_parent
[2024-09-13T14:34:39.171+0000] {logging_mixin.py:190} INFO - [2024-09-13T14:34:39.171+0000] {override.py:1900} INFO - Created Permission View: can edit on DAG:example_external_task_marker_parent
[2024-09-13T14:34:39.177+0000] {logging_mixin.py:190} INFO - [2024-09-13T14:34:39.177+0000] {override.py:1900} INFO - Created Permission View: can create on DAG Run:example_external_task_marker_parent
[2024-09-13T14:34:39.184+0000] {logging_mixin.py:190} INFO - [2024-09-13T14:34:39.183+0000] {override.py:1900} INFO - Created Permission View: menu access on DAG Run:example_external_task_marker_parent
[2024-09-13T14:34:39.189+0000] {logging_mixin.py:190} INFO - [2024-09-13T14:34:39.189+0000] {override.py:1900} INFO - Created Permission View: can read on DAG Run:example_external_task_marker_parent
[2024-09-13T14:34:39.195+0000] {logging_mixin.py:190} INFO - [2024-09-13T14:34:39.194+0000] {override.py:1900} INFO - Created Permission View: can delete on DAG Run:example_external_task_marker_parent
[2024-09-13T14:34:39.207+0000] {logging_mixin.py:190} INFO - [2024-09-13T14:34:39.207+0000] {override.py:1900} INFO - Created Permission View: can read on DAG:example_external_task_marker_child
[2024-09-13T14:34:39.213+0000] {logging_mixin.py:190} INFO - [2024-09-13T14:34:39.212+0000] {override.py:1900} INFO - Created Permission View: can delete on DAG:example_external_task_marker_child
[2024-09-13T14:34:39.218+0000] {logging_mixin.py:190} INFO - [2024-09-13T14:34:39.217+0000] {override.py:1900} INFO - Created Permission View: can edit on DAG:example_external_task_marker_child
[2024-09-13T14:34:39.224+0000] {logging_mixin.py:190} INFO - [2024-09-13T14:34:39.224+0000] {override.py:1900} INFO - Created Permission View: can create on DAG Run:example_external_task_marker_child
[2024-09-13T14:34:39.229+0000] {logging_mixin.py:190} INFO - [2024-09-13T14:34:39.229+0000] {override.py:1900} INFO - Created Permission View: menu access on DAG Run:example_external_task_marker_child
[2024-09-13T14:34:39.234+0000] {logging_mixin.py:190} INFO - [2024-09-13T14:34:39.234+0000] {override.py:1900} INFO - Created Permission View: can read on DAG Run:example_external_task_marker_child
[2024-09-13T14:34:39.240+0000] {logging_mixin.py:190} INFO - [2024-09-13T14:34:39.239+0000] {override.py:1900} INFO - Created Permission View: can delete on DAG Run:example_external_task_marker_child
[2024-09-13T14:34:39.240+0000] {logging_mixin.py:190} INFO - [2024-09-13T14:34:39.240+0000] {dag.py:3229} INFO - Sync 2 DAGs
[2024-09-13T14:34:39.252+0000] {logging_mixin.py:190} INFO - [2024-09-13T14:34:39.252+0000] {dag.py:3252} INFO - Creating ORM DAG for example_external_task_marker_parent
[2024-09-13T14:34:39.253+0000] {logging_mixin.py:190} INFO - [2024-09-13T14:34:39.253+0000] {dag.py:3252} INFO - Creating ORM DAG for example_external_task_marker_child
[2024-09-13T14:34:39.253+0000] {logging_mixin.py:190} INFO - [2024-09-13T14:34:39.253+0000] {dag.py:4156} INFO - Setting next_dagrun for example_external_task_marker_child to None, run_after=None
[2024-09-13T14:34:39.254+0000] {logging_mixin.py:190} INFO - [2024-09-13T14:34:39.254+0000] {dag.py:4156} INFO - Setting next_dagrun for example_external_task_marker_parent to None, run_after=None
[2024-09-13T14:34:39.271+0000] {processor.py:208} INFO - Processing /home/airflow/.local/lib/python3.12/site-packages/airflow/example_dags/example_external_task_marker_dag.py took 0.217 seconds
[2024-09-13T14:35:09.768+0000] {processor.py:186} INFO - Started process (PID=171) to work on /home/airflow/.local/lib/python3.12/site-packages/airflow/example_dags/example_external_task_marker_dag.py
[2024-09-13T14:35:09.769+0000] {processor.py:914} INFO - Processing file /home/airflow/.local/lib/python3.12/site-packages/airflow/example_dags/example_external_task_marker_dag.py for tasks to queue
[2024-09-13T14:35:09.771+0000] {logging_mixin.py:190} INFO - [2024-09-13T14:35:09.771+0000] {dagbag.py:587} INFO - Filling up the DagBag from /home/airflow/.local/lib/python3.12/site-packages/airflow/example_dags/example_external_task_marker_dag.py
[2024-09-13T14:35:09.779+0000] {processor.py:925} INFO - DAG(s) 'example_external_task_marker_parent', 'example_external_task_marker_child' retrieved from /home/airflow/.local/lib/python3.12/site-packages/airflow/example_dags/example_external_task_marker_dag.py
[2024-09-13T14:35:09.801+0000] {logging_mixin.py:190} INFO - [2024-09-13T14:35:09.800+0000] {dag.py:3229} INFO - Sync 2 DAGs
[2024-09-13T14:35:09.814+0000] {logging_mixin.py:190} INFO - [2024-09-13T14:35:09.813+0000] {dag.py:4156} INFO - Setting next_dagrun for example_external_task_marker_child to None, run_after=None
[2024-09-13T14:35:09.817+0000] {logging_mixin.py:190} INFO - [2024-09-13T14:35:09.817+0000] {dag.py:4156} INFO - Setting next_dagrun for example_external_task_marker_parent to None, run_after=None
[2024-09-13T14:35:09.833+0000] {processor.py:208} INFO - Processing /home/airflow/.local/lib/python3.12/site-packages/airflow/example_dags/example_external_task_marker_dag.py took 0.071 seconds
[2024-09-13T14:35:40.330+0000] {processor.py:186} INFO - Started process (PID=233) to work on /home/airflow/.local/lib/python3.12/site-packages/airflow/example_dags/example_external_task_marker_dag.py
[2024-09-13T14:35:40.331+0000] {processor.py:914} INFO - Processing file /home/airflow/.local/lib/python3.12/site-packages/airflow/example_dags/example_external_task_marker_dag.py for tasks to queue
[2024-09-13T14:35:40.333+0000] {logging_mixin.py:190} INFO - [2024-09-13T14:35:40.333+0000] {dagbag.py:587} INFO - Filling up the DagBag from /home/airflow/.local/lib/python3.12/site-packages/airflow/example_dags/example_external_task_marker_dag.py
[2024-09-13T14:35:40.341+0000] {processor.py:925} INFO - DAG(s) 'example_external_task_marker_parent', 'example_external_task_marker_child' retrieved from /home/airflow/.local/lib/python3.12/site-packages/airflow/example_dags/example_external_task_marker_dag.py
[2024-09-13T14:35:40.365+0000] {logging_mixin.py:190} INFO - [2024-09-13T14:35:40.365+0000] {dag.py:3229} INFO - Sync 2 DAGs
[2024-09-13T14:35:40.380+0000] {logging_mixin.py:190} INFO - [2024-09-13T14:35:40.380+0000] {dag.py:4156} INFO - Setting next_dagrun for example_external_task_marker_child to None, run_after=None
[2024-09-13T14:35:40.384+0000] {logging_mixin.py:190} INFO - [2024-09-13T14:35:40.384+0000] {dag.py:4156} INFO - Setting next_dagrun for example_external_task_marker_parent to None, run_after=None
[2024-09-13T14:35:40.403+0000] {processor.py:208} INFO - Processing /home/airflow/.local/lib/python3.12/site-packages/airflow/example_dags/example_external_task_marker_dag.py took 0.080 seconds
[2024-09-13T14:36:10.549+0000] {processor.py:186} INFO - Started process (PID=295) to work on /home/airflow/.local/lib/python3.12/site-packages/airflow/example_dags/example_external_task_marker_dag.py
[2024-09-13T14:36:10.550+0000] {processor.py:914} INFO - Processing file /home/airflow/.local/lib/python3.12/site-packages/airflow/example_dags/example_external_task_marker_dag.py for tasks to queue
[2024-09-13T14:36:10.552+0000] {logging_mixin.py:190} INFO - [2024-09-13T14:36:10.551+0000] {dagbag.py:587} INFO - Filling up the DagBag from /home/airflow/.local/lib/python3.12/site-packages/airflow/example_dags/example_external_task_marker_dag.py
[2024-09-13T14:36:10.559+0000] {processor.py:925} INFO - DAG(s) 'example_external_task_marker_child', 'example_external_task_marker_parent' retrieved from /home/airflow/.local/lib/python3.12/site-packages/airflow/example_dags/example_external_task_marker_dag.py
[2024-09-13T14:36:10.579+0000] {logging_mixin.py:190} INFO - [2024-09-13T14:36:10.579+0000] {dag.py:3229} INFO - Sync 2 DAGs
[2024-09-13T14:36:10.591+0000] {logging_mixin.py:190} INFO - [2024-09-13T14:36:10.591+0000] {dag.py:4156} INFO - Setting next_dagrun for example_external_task_marker_child to None, run_after=None
[2024-09-13T14:36:10.594+0000] {logging_mixin.py:190} INFO - [2024-09-13T14:36:10.594+0000] {dag.py:4156} INFO - Setting next_dagrun for example_external_task_marker_parent to None, run_after=None
[2024-09-13T14:36:10.610+0000] {processor.py:208} INFO - Processing /home/airflow/.local/lib/python3.12/site-packages/airflow/example_dags/example_external_task_marker_dag.py took 0.066 seconds
[2024-09-13T14:36:41.606+0000] {processor.py:186} INFO - Started process (PID=357) to work on /home/airflow/.local/lib/python3.12/site-packages/airflow/example_dags/example_external_task_marker_dag.py
[2024-09-13T14:36:41.607+0000] {processor.py:914} INFO - Processing file /home/airflow/.local/lib/python3.12/site-packages/airflow/example_dags/example_external_task_marker_dag.py for tasks to queue
[2024-09-13T14:36:41.609+0000] {logging_mixin.py:190} INFO - [2024-09-13T14:36:41.609+0000] {dagbag.py:587} INFO - Filling up the DagBag from /home/airflow/.local/lib/python3.12/site-packages/airflow/example_dags/example_external_task_marker_dag.py
[2024-09-13T14:36:41.616+0000] {processor.py:925} INFO - DAG(s) 'example_external_task_marker_child', 'example_external_task_marker_parent' retrieved from /home/airflow/.local/lib/python3.12/site-packages/airflow/example_dags/example_external_task_marker_dag.py
[2024-09-13T14:36:41.640+0000] {logging_mixin.py:190} INFO - [2024-09-13T14:36:41.639+0000] {dag.py:3229} INFO - Sync 2 DAGs
[2024-09-13T14:36:41.653+0000] {logging_mixin.py:190} INFO - [2024-09-13T14:36:41.653+0000] {dag.py:4156} INFO - Setting next_dagrun for example_external_task_marker_child to None, run_after=None
[2024-09-13T14:36:41.657+0000] {logging_mixin.py:190} INFO - [2024-09-13T14:36:41.656+0000] {dag.py:4156} INFO - Setting next_dagrun for example_external_task_marker_parent to None, run_after=None
[2024-09-13T14:36:41.674+0000] {processor.py:208} INFO - Processing /home/airflow/.local/lib/python3.12/site-packages/airflow/example_dags/example_external_task_marker_dag.py took 0.072 seconds
[2024-09-13T14:37:12.401+0000] {processor.py:186} INFO - Started process (PID=419) to work on /home/airflow/.local/lib/python3.12/site-packages/airflow/example_dags/example_external_task_marker_dag.py
[2024-09-13T14:37:12.402+0000] {processor.py:914} INFO - Processing file /home/airflow/.local/lib/python3.12/site-packages/airflow/example_dags/example_external_task_marker_dag.py for tasks to queue
[2024-09-13T14:37:12.404+0000] {logging_mixin.py:190} INFO - [2024-09-13T14:37:12.404+0000] {dagbag.py:587} INFO - Filling up the DagBag from /home/airflow/.local/lib/python3.12/site-packages/airflow/example_dags/example_external_task_marker_dag.py
[2024-09-13T14:37:12.411+0000] {processor.py:925} INFO - DAG(s) 'example_external_task_marker_parent', 'example_external_task_marker_child' retrieved from /home/airflow/.local/lib/python3.12/site-packages/airflow/example_dags/example_external_task_marker_dag.py
[2024-09-13T14:37:12.435+0000] {logging_mixin.py:190} INFO - [2024-09-13T14:37:12.435+0000] {dag.py:3229} INFO - Sync 2 DAGs
[2024-09-13T14:37:12.450+0000] {logging_mixin.py:190} INFO - [2024-09-13T14:37:12.450+0000] {dag.py:4156} INFO - Setting next_dagrun for example_external_task_marker_child to None, run_after=None
[2024-09-13T14:37:12.454+0000] {logging_mixin.py:190} INFO - [2024-09-13T14:37:12.454+0000] {dag.py:4156} INFO - Setting next_dagrun for example_external_task_marker_parent to None, run_after=None
[2024-09-13T14:37:12.470+0000] {processor.py:208} INFO - Processing /home/airflow/.local/lib/python3.12/site-packages/airflow/example_dags/example_external_task_marker_dag.py took 0.074 seconds
[2024-09-13T14:37:42.725+0000] {processor.py:186} INFO - Started process (PID=481) to work on /home/airflow/.local/lib/python3.12/site-packages/airflow/example_dags/example_external_task_marker_dag.py
[2024-09-13T14:37:42.726+0000] {processor.py:914} INFO - Processing file /home/airflow/.local/lib/python3.12/site-packages/airflow/example_dags/example_external_task_marker_dag.py for tasks to queue
[2024-09-13T14:37:42.728+0000] {logging_mixin.py:190} INFO - [2024-09-13T14:37:42.728+0000] {dagbag.py:587} INFO - Filling up the DagBag from /home/airflow/.local/lib/python3.12/site-packages/airflow/example_dags/example_external_task_marker_dag.py
[2024-09-13T14:37:42.736+0000] {processor.py:925} INFO - DAG(s) 'example_external_task_marker_parent', 'example_external_task_marker_child' retrieved from /home/airflow/.local/lib/python3.12/site-packages/airflow/example_dags/example_external_task_marker_dag.py
[2024-09-13T14:37:42.767+0000] {logging_mixin.py:190} INFO - [2024-09-13T14:37:42.767+0000] {dag.py:3229} INFO - Sync 2 DAGs
[2024-09-13T14:37:42.780+0000] {logging_mixin.py:190} INFO - [2024-09-13T14:37:42.780+0000] {dag.py:4156} INFO - Setting next_dagrun for example_external_task_marker_child to None, run_after=None
[2024-09-13T14:37:42.783+0000] {logging_mixin.py:190} INFO - [2024-09-13T14:37:42.783+0000] {dag.py:4156} INFO - Setting next_dagrun for example_external_task_marker_parent to None, run_after=None
[2024-09-13T14:37:42.799+0000] {processor.py:208} INFO - Processing /home/airflow/.local/lib/python3.12/site-packages/airflow/example_dags/example_external_task_marker_dag.py took 0.079 seconds
[2024-09-13T14:38:12.965+0000] {processor.py:186} INFO - Started process (PID=543) to work on /home/airflow/.local/lib/python3.12/site-packages/airflow/example_dags/example_external_task_marker_dag.py
[2024-09-13T14:38:12.966+0000] {processor.py:914} INFO - Processing file /home/airflow/.local/lib/python3.12/site-packages/airflow/example_dags/example_external_task_marker_dag.py for tasks to queue
[2024-09-13T14:38:12.968+0000] {logging_mixin.py:190} INFO - [2024-09-13T14:38:12.967+0000] {dagbag.py:587} INFO - Filling up the DagBag from /home/airflow/.local/lib/python3.12/site-packages/airflow/example_dags/example_external_task_marker_dag.py
[2024-09-13T14:38:12.975+0000] {processor.py:925} INFO - DAG(s) 'example_external_task_marker_parent', 'example_external_task_marker_child' retrieved from /home/airflow/.local/lib/python3.12/site-packages/airflow/example_dags/example_external_task_marker_dag.py
[2024-09-13T14:38:12.998+0000] {logging_mixin.py:190} INFO - [2024-09-13T14:38:12.998+0000] {dag.py:3229} INFO - Sync 2 DAGs
[2024-09-13T14:38:13.011+0000] {logging_mixin.py:190} INFO - [2024-09-13T14:38:13.011+0000] {dag.py:4156} INFO - Setting next_dagrun for example_external_task_marker_child to None, run_after=None
[2024-09-13T14:38:13.015+0000] {logging_mixin.py:190} INFO - [2024-09-13T14:38:13.015+0000] {dag.py:4156} INFO - Setting next_dagrun for example_external_task_marker_parent to None, run_after=None
[2024-09-13T14:38:13.036+0000] {processor.py:208} INFO - Processing /home/airflow/.local/lib/python3.12/site-packages/airflow/example_dags/example_external_task_marker_dag.py took 0.076 seconds
[2024-09-13T14:39:34.243+0000] {processor.py:186} INFO - Started process (PID=103) to work on /home/airflow/.local/lib/python3.12/site-packages/airflow/example_dags/example_external_task_marker_dag.py
[2024-09-13T14:39:34.244+0000] {processor.py:914} INFO - Processing file /home/airflow/.local/lib/python3.12/site-packages/airflow/example_dags/example_external_task_marker_dag.py for tasks to queue
[2024-09-13T14:39:34.246+0000] {logging_mixin.py:190} INFO - [2024-09-13T14:39:34.245+0000] {dagbag.py:587} INFO - Filling up the DagBag from /home/airflow/.local/lib/python3.12/site-packages/airflow/example_dags/example_external_task_marker_dag.py
[2024-09-13T14:39:34.254+0000] {processor.py:925} INFO - DAG(s) 'example_external_task_marker_parent', 'example_external_task_marker_child' retrieved from /home/airflow/.local/lib/python3.12/site-packages/airflow/example_dags/example_external_task_marker_dag.py
[2024-09-13T14:39:34.278+0000] {logging_mixin.py:190} INFO - [2024-09-13T14:39:34.277+0000] {dag.py:3229} INFO - Sync 2 DAGs
[2024-09-13T14:39:34.293+0000] {logging_mixin.py:190} INFO - [2024-09-13T14:39:34.293+0000] {dag.py:4156} INFO - Setting next_dagrun for example_external_task_marker_child to None, run_after=None
[2024-09-13T14:39:34.297+0000] {logging_mixin.py:190} INFO - [2024-09-13T14:39:34.297+0000] {dag.py:4156} INFO - Setting next_dagrun for example_external_task_marker_parent to None, run_after=None
[2024-09-13T14:39:34.315+0000] {processor.py:208} INFO - Processing /home/airflow/.local/lib/python3.12/site-packages/airflow/example_dags/example_external_task_marker_dag.py took 0.078 seconds
[2024-09-13T14:40:05.046+0000] {processor.py:186} INFO - Started process (PID=165) to work on /home/airflow/.local/lib/python3.12/site-packages/airflow/example_dags/example_external_task_marker_dag.py
[2024-09-13T14:40:05.047+0000] {processor.py:914} INFO - Processing file /home/airflow/.local/lib/python3.12/site-packages/airflow/example_dags/example_external_task_marker_dag.py for tasks to queue
[2024-09-13T14:40:05.049+0000] {logging_mixin.py:190} INFO - [2024-09-13T14:40:05.048+0000] {dagbag.py:587} INFO - Filling up the DagBag from /home/airflow/.local/lib/python3.12/site-packages/airflow/example_dags/example_external_task_marker_dag.py
[2024-09-13T14:40:05.057+0000] {processor.py:925} INFO - DAG(s) 'example_external_task_marker_child', 'example_external_task_marker_parent' retrieved from /home/airflow/.local/lib/python3.12/site-packages/airflow/example_dags/example_external_task_marker_dag.py
[2024-09-13T14:40:05.079+0000] {logging_mixin.py:190} INFO - [2024-09-13T14:40:05.079+0000] {dag.py:3229} INFO - Sync 2 DAGs
[2024-09-13T14:40:05.093+0000] {logging_mixin.py:190} INFO - [2024-09-13T14:40:05.093+0000] {dag.py:4156} INFO - Setting next_dagrun for example_external_task_marker_child to None, run_after=None
[2024-09-13T14:40:05.096+0000] {logging_mixin.py:190} INFO - [2024-09-13T14:40:05.096+0000] {dag.py:4156} INFO - Setting next_dagrun for example_external_task_marker_parent to None, run_after=None
[2024-09-13T14:40:05.114+0000] {processor.py:208} INFO - Processing /home/airflow/.local/lib/python3.12/site-packages/airflow/example_dags/example_external_task_marker_dag.py took 0.074 seconds
[2024-09-13T14:40:35.303+0000] {processor.py:186} INFO - Started process (PID=227) to work on /home/airflow/.local/lib/python3.12/site-packages/airflow/example_dags/example_external_task_marker_dag.py
[2024-09-13T14:40:35.304+0000] {processor.py:914} INFO - Processing file /home/airflow/.local/lib/python3.12/site-packages/airflow/example_dags/example_external_task_marker_dag.py for tasks to queue
[2024-09-13T14:40:35.307+0000] {logging_mixin.py:190} INFO - [2024-09-13T14:40:35.307+0000] {dagbag.py:587} INFO - Filling up the DagBag from /home/airflow/.local/lib/python3.12/site-packages/airflow/example_dags/example_external_task_marker_dag.py
[2024-09-13T14:40:35.315+0000] {processor.py:925} INFO - DAG(s) 'example_external_task_marker_child', 'example_external_task_marker_parent' retrieved from /home/airflow/.local/lib/python3.12/site-packages/airflow/example_dags/example_external_task_marker_dag.py
[2024-09-13T14:40:35.339+0000] {logging_mixin.py:190} INFO - [2024-09-13T14:40:35.339+0000] {dag.py:3229} INFO - Sync 2 DAGs
[2024-09-13T14:40:35.353+0000] {logging_mixin.py:190} INFO - [2024-09-13T14:40:35.353+0000] {dag.py:4156} INFO - Setting next_dagrun for example_external_task_marker_child to None, run_after=None
[2024-09-13T14:40:35.357+0000] {logging_mixin.py:190} INFO - [2024-09-13T14:40:35.356+0000] {dag.py:4156} INFO - Setting next_dagrun for example_external_task_marker_parent to None, run_after=None
[2024-09-13T14:40:35.371+0000] {processor.py:208} INFO - Processing /home/airflow/.local/lib/python3.12/site-packages/airflow/example_dags/example_external_task_marker_dag.py took 0.074 seconds
[2024-09-13T14:41:26.841+0000] {processor.py:186} INFO - Started process (PID=96) to work on /home/airflow/.local/lib/python3.12/site-packages/airflow/example_dags/example_external_task_marker_dag.py
[2024-09-13T14:41:26.842+0000] {processor.py:914} INFO - Processing file /home/airflow/.local/lib/python3.12/site-packages/airflow/example_dags/example_external_task_marker_dag.py for tasks to queue
[2024-09-13T14:41:26.844+0000] {logging_mixin.py:190} INFO - [2024-09-13T14:41:26.844+0000] {dagbag.py:587} INFO - Filling up the DagBag from /home/airflow/.local/lib/python3.12/site-packages/airflow/example_dags/example_external_task_marker_dag.py
[2024-09-13T14:41:26.851+0000] {processor.py:925} INFO - DAG(s) 'example_external_task_marker_child', 'example_external_task_marker_parent' retrieved from /home/airflow/.local/lib/python3.12/site-packages/airflow/example_dags/example_external_task_marker_dag.py
[2024-09-13T14:41:26.876+0000] {logging_mixin.py:190} INFO - [2024-09-13T14:41:26.875+0000] {dag.py:3229} INFO - Sync 2 DAGs
[2024-09-13T14:41:26.890+0000] {logging_mixin.py:190} INFO - [2024-09-13T14:41:26.890+0000] {dag.py:4156} INFO - Setting next_dagrun for example_external_task_marker_child to None, run_after=None
[2024-09-13T14:41:26.894+0000] {logging_mixin.py:190} INFO - [2024-09-13T14:41:26.893+0000] {dag.py:4156} INFO - Setting next_dagrun for example_external_task_marker_parent to None, run_after=None
[2024-09-13T14:41:26.912+0000] {processor.py:208} INFO - Processing /home/airflow/.local/lib/python3.12/site-packages/airflow/example_dags/example_external_task_marker_dag.py took 0.077 seconds
[2024-09-13T14:41:57.730+0000] {processor.py:186} INFO - Started process (PID=158) to work on /home/airflow/.local/lib/python3.12/site-packages/airflow/example_dags/example_external_task_marker_dag.py
[2024-09-13T14:41:57.731+0000] {processor.py:914} INFO - Processing file /home/airflow/.local/lib/python3.12/site-packages/airflow/example_dags/example_external_task_marker_dag.py for tasks to queue
[2024-09-13T14:41:57.733+0000] {logging_mixin.py:190} INFO - [2024-09-13T14:41:57.732+0000] {dagbag.py:587} INFO - Filling up the DagBag from /home/airflow/.local/lib/python3.12/site-packages/airflow/example_dags/example_external_task_marker_dag.py
[2024-09-13T14:41:57.739+0000] {processor.py:925} INFO - DAG(s) 'example_external_task_marker_child', 'example_external_task_marker_parent' retrieved from /home/airflow/.local/lib/python3.12/site-packages/airflow/example_dags/example_external_task_marker_dag.py
[2024-09-13T14:41:57.763+0000] {logging_mixin.py:190} INFO - [2024-09-13T14:41:57.762+0000] {dag.py:3229} INFO - Sync 2 DAGs
[2024-09-13T14:41:57.776+0000] {logging_mixin.py:190} INFO - [2024-09-13T14:41:57.776+0000] {dag.py:4156} INFO - Setting next_dagrun for example_external_task_marker_child to None, run_after=None
[2024-09-13T14:41:57.779+0000] {logging_mixin.py:190} INFO - [2024-09-13T14:41:57.779+0000] {dag.py:4156} INFO - Setting next_dagrun for example_external_task_marker_parent to None, run_after=None
[2024-09-13T14:41:57.794+0000] {processor.py:208} INFO - Processing /home/airflow/.local/lib/python3.12/site-packages/airflow/example_dags/example_external_task_marker_dag.py took 0.069 seconds
[2024-09-13T14:42:28.731+0000] {processor.py:186} INFO - Started process (PID=220) to work on /home/airflow/.local/lib/python3.12/site-packages/airflow/example_dags/example_external_task_marker_dag.py
[2024-09-13T14:42:28.732+0000] {processor.py:914} INFO - Processing file /home/airflow/.local/lib/python3.12/site-packages/airflow/example_dags/example_external_task_marker_dag.py for tasks to queue
[2024-09-13T14:42:28.734+0000] {logging_mixin.py:190} INFO - [2024-09-13T14:42:28.734+0000] {dagbag.py:587} INFO - Filling up the DagBag from /home/airflow/.local/lib/python3.12/site-packages/airflow/example_dags/example_external_task_marker_dag.py
[2024-09-13T14:42:28.742+0000] {processor.py:925} INFO - DAG(s) 'example_external_task_marker_child', 'example_external_task_marker_parent' retrieved from /home/airflow/.local/lib/python3.12/site-packages/airflow/example_dags/example_external_task_marker_dag.py
[2024-09-13T14:42:28.765+0000] {logging_mixin.py:190} INFO - [2024-09-13T14:42:28.765+0000] {dag.py:3229} INFO - Sync 2 DAGs
[2024-09-13T14:42:28.780+0000] {logging_mixin.py:190} INFO - [2024-09-13T14:42:28.780+0000] {dag.py:4156} INFO - Setting next_dagrun for example_external_task_marker_child to None, run_after=None
[2024-09-13T14:42:28.784+0000] {logging_mixin.py:190} INFO - [2024-09-13T14:42:28.784+0000] {dag.py:4156} INFO - Setting next_dagrun for example_external_task_marker_parent to None, run_after=None
[2024-09-13T14:42:28.801+0000] {processor.py:208} INFO - Processing /home/airflow/.local/lib/python3.12/site-packages/airflow/example_dags/example_external_task_marker_dag.py took 0.075 seconds
[2024-09-13T14:42:59.866+0000] {processor.py:186} INFO - Started process (PID=282) to work on /home/airflow/.local/lib/python3.12/site-packages/airflow/example_dags/example_external_task_marker_dag.py
[2024-09-13T14:42:59.867+0000] {processor.py:914} INFO - Processing file /home/airflow/.local/lib/python3.12/site-packages/airflow/example_dags/example_external_task_marker_dag.py for tasks to queue
[2024-09-13T14:42:59.869+0000] {logging_mixin.py:190} INFO - [2024-09-13T14:42:59.869+0000] {dagbag.py:587} INFO - Filling up the DagBag from /home/airflow/.local/lib/python3.12/site-packages/airflow/example_dags/example_external_task_marker_dag.py
[2024-09-13T14:42:59.876+0000] {processor.py:925} INFO - DAG(s) 'example_external_task_marker_child', 'example_external_task_marker_parent' retrieved from /home/airflow/.local/lib/python3.12/site-packages/airflow/example_dags/example_external_task_marker_dag.py
[2024-09-13T14:42:59.899+0000] {logging_mixin.py:190} INFO - [2024-09-13T14:42:59.899+0000] {dag.py:3229} INFO - Sync 2 DAGs
[2024-09-13T14:42:59.912+0000] {logging_mixin.py:190} INFO - [2024-09-13T14:42:59.912+0000] {dag.py:4156} INFO - Setting next_dagrun for example_external_task_marker_child to None, run_after=None
[2024-09-13T14:42:59.916+0000] {logging_mixin.py:190} INFO - [2024-09-13T14:42:59.916+0000] {dag.py:4156} INFO - Setting next_dagrun for example_external_task_marker_parent to None, run_after=None
[2024-09-13T14:42:59.930+0000] {processor.py:208} INFO - Processing /home/airflow/.local/lib/python3.12/site-packages/airflow/example_dags/example_external_task_marker_dag.py took 0.070 seconds
