[2024-09-13T14:34:36.089+0000] {processor.py:186} INFO - Started process (PID=89) to work on /home/airflow/.local/lib/python3.12/site-packages/airflow/example_dags/example_datasets.py
[2024-09-13T14:34:36.090+0000] {processor.py:914} INFO - Processing file /home/airflow/.local/lib/python3.12/site-packages/airflow/example_dags/example_datasets.py for tasks to queue
[2024-09-13T14:34:36.093+0000] {logging_mixin.py:190} INFO - [2024-09-13T14:34:36.092+0000] {dagbag.py:587} INFO - Filling up the DagBag from /home/airflow/.local/lib/python3.12/site-packages/airflow/example_dags/example_datasets.py
[2024-09-13T14:34:36.304+0000] {processor.py:925} INFO - DAG(s) 'dataset_consumes_1_never_scheduled', 'conditional_dataset_and_time_based_timetable', 'consume_1_or_2_with_dataset_expressions', 'consume_1_or_both_2_and_3_with_dataset_expressions', 'dataset_consumes_unknown_never_scheduled', 'dataset_produces_1', 'dataset_consumes_1', 'consume_1_and_2_with_dataset_expressions', 'dataset_consumes_1_and_2', 'dataset_produces_2' retrieved from /home/airflow/.local/lib/python3.12/site-packages/airflow/example_dags/example_datasets.py
[2024-09-13T14:34:36.451+0000] {logging_mixin.py:190} INFO - [2024-09-13T14:34:36.450+0000] {override.py:1900} INFO - Created Permission View: can read on DAG:dataset_consumes_1_never_scheduled
[2024-09-13T14:34:36.460+0000] {logging_mixin.py:190} INFO - [2024-09-13T14:34:36.460+0000] {override.py:1900} INFO - Created Permission View: can delete on DAG:dataset_consumes_1_never_scheduled
[2024-09-13T14:34:36.466+0000] {logging_mixin.py:190} INFO - [2024-09-13T14:34:36.466+0000] {override.py:1900} INFO - Created Permission View: can edit on DAG:dataset_consumes_1_never_scheduled
[2024-09-13T14:34:36.473+0000] {logging_mixin.py:190} INFO - [2024-09-13T14:34:36.473+0000] {override.py:1900} INFO - Created Permission View: can create on DAG Run:dataset_consumes_1_never_scheduled
[2024-09-13T14:34:36.479+0000] {logging_mixin.py:190} INFO - [2024-09-13T14:34:36.479+0000] {override.py:1900} INFO - Created Permission View: menu access on DAG Run:dataset_consumes_1_never_scheduled
[2024-09-13T14:34:36.484+0000] {logging_mixin.py:190} INFO - [2024-09-13T14:34:36.484+0000] {override.py:1900} INFO - Created Permission View: can read on DAG Run:dataset_consumes_1_never_scheduled
[2024-09-13T14:34:36.489+0000] {logging_mixin.py:190} INFO - [2024-09-13T14:34:36.489+0000] {override.py:1900} INFO - Created Permission View: can delete on DAG Run:dataset_consumes_1_never_scheduled
[2024-09-13T14:34:36.499+0000] {logging_mixin.py:190} INFO - [2024-09-13T14:34:36.499+0000] {override.py:1900} INFO - Created Permission View: can read on DAG:conditional_dataset_and_time_based_timetable
[2024-09-13T14:34:36.504+0000] {logging_mixin.py:190} INFO - [2024-09-13T14:34:36.504+0000] {override.py:1900} INFO - Created Permission View: can delete on DAG:conditional_dataset_and_time_based_timetable
[2024-09-13T14:34:36.510+0000] {logging_mixin.py:190} INFO - [2024-09-13T14:34:36.509+0000] {override.py:1900} INFO - Created Permission View: can edit on DAG:conditional_dataset_and_time_based_timetable
[2024-09-13T14:34:36.516+0000] {logging_mixin.py:190} INFO - [2024-09-13T14:34:36.515+0000] {override.py:1900} INFO - Created Permission View: can create on DAG Run:conditional_dataset_and_time_based_timetable
[2024-09-13T14:34:36.521+0000] {logging_mixin.py:190} INFO - [2024-09-13T14:34:36.521+0000] {override.py:1900} INFO - Created Permission View: menu access on DAG Run:conditional_dataset_and_time_based_timetable
[2024-09-13T14:34:36.526+0000] {logging_mixin.py:190} INFO - [2024-09-13T14:34:36.526+0000] {override.py:1900} INFO - Created Permission View: can read on DAG Run:conditional_dataset_and_time_based_timetable
[2024-09-13T14:34:36.531+0000] {logging_mixin.py:190} INFO - [2024-09-13T14:34:36.530+0000] {override.py:1900} INFO - Created Permission View: can delete on DAG Run:conditional_dataset_and_time_based_timetable
[2024-09-13T14:34:36.540+0000] {logging_mixin.py:190} INFO - [2024-09-13T14:34:36.540+0000] {override.py:1900} INFO - Created Permission View: can read on DAG:consume_1_or_2_with_dataset_expressions
[2024-09-13T14:34:36.545+0000] {logging_mixin.py:190} INFO - [2024-09-13T14:34:36.545+0000] {override.py:1900} INFO - Created Permission View: can delete on DAG:consume_1_or_2_with_dataset_expressions
[2024-09-13T14:34:36.549+0000] {logging_mixin.py:190} INFO - [2024-09-13T14:34:36.549+0000] {override.py:1900} INFO - Created Permission View: can edit on DAG:consume_1_or_2_with_dataset_expressions
[2024-09-13T14:34:36.554+0000] {logging_mixin.py:190} INFO - [2024-09-13T14:34:36.554+0000] {override.py:1900} INFO - Created Permission View: can create on DAG Run:consume_1_or_2_with_dataset_expressions
[2024-09-13T14:34:36.559+0000] {logging_mixin.py:190} INFO - [2024-09-13T14:34:36.559+0000] {override.py:1900} INFO - Created Permission View: menu access on DAG Run:consume_1_or_2_with_dataset_expressions
[2024-09-13T14:34:36.563+0000] {logging_mixin.py:190} INFO - [2024-09-13T14:34:36.563+0000] {override.py:1900} INFO - Created Permission View: can read on DAG Run:consume_1_or_2_with_dataset_expressions
[2024-09-13T14:34:36.568+0000] {logging_mixin.py:190} INFO - [2024-09-13T14:34:36.568+0000] {override.py:1900} INFO - Created Permission View: can delete on DAG Run:consume_1_or_2_with_dataset_expressions
[2024-09-13T14:34:36.578+0000] {logging_mixin.py:190} INFO - [2024-09-13T14:34:36.577+0000] {override.py:1900} INFO - Created Permission View: can read on DAG:consume_1_or_both_2_and_3_with_dataset_expressions
[2024-09-13T14:34:36.583+0000] {logging_mixin.py:190} INFO - [2024-09-13T14:34:36.583+0000] {override.py:1900} INFO - Created Permission View: can delete on DAG:consume_1_or_both_2_and_3_with_dataset_expressions
[2024-09-13T14:34:36.589+0000] {logging_mixin.py:190} INFO - [2024-09-13T14:34:36.588+0000] {override.py:1900} INFO - Created Permission View: can edit on DAG:consume_1_or_both_2_and_3_with_dataset_expressions
[2024-09-13T14:34:36.594+0000] {logging_mixin.py:190} INFO - [2024-09-13T14:34:36.594+0000] {override.py:1900} INFO - Created Permission View: can create on DAG Run:consume_1_or_both_2_and_3_with_dataset_expressions
[2024-09-13T14:34:36.599+0000] {logging_mixin.py:190} INFO - [2024-09-13T14:34:36.599+0000] {override.py:1900} INFO - Created Permission View: menu access on DAG Run:consume_1_or_both_2_and_3_with_dataset_expressions
[2024-09-13T14:34:36.604+0000] {logging_mixin.py:190} INFO - [2024-09-13T14:34:36.604+0000] {override.py:1900} INFO - Created Permission View: can read on DAG Run:consume_1_or_both_2_and_3_with_dataset_expressions
[2024-09-13T14:34:36.609+0000] {logging_mixin.py:190} INFO - [2024-09-13T14:34:36.609+0000] {override.py:1900} INFO - Created Permission View: can delete on DAG Run:consume_1_or_both_2_and_3_with_dataset_expressions
[2024-09-13T14:34:36.620+0000] {logging_mixin.py:190} INFO - [2024-09-13T14:34:36.620+0000] {override.py:1900} INFO - Created Permission View: can read on DAG:dataset_consumes_unknown_never_scheduled
[2024-09-13T14:34:36.625+0000] {logging_mixin.py:190} INFO - [2024-09-13T14:34:36.625+0000] {override.py:1900} INFO - Created Permission View: can delete on DAG:dataset_consumes_unknown_never_scheduled
[2024-09-13T14:34:36.630+0000] {logging_mixin.py:190} INFO - [2024-09-13T14:34:36.630+0000] {override.py:1900} INFO - Created Permission View: can edit on DAG:dataset_consumes_unknown_never_scheduled
[2024-09-13T14:34:36.636+0000] {logging_mixin.py:190} INFO - [2024-09-13T14:34:36.636+0000] {override.py:1900} INFO - Created Permission View: can create on DAG Run:dataset_consumes_unknown_never_scheduled
[2024-09-13T14:34:36.641+0000] {logging_mixin.py:190} INFO - [2024-09-13T14:34:36.640+0000] {override.py:1900} INFO - Created Permission View: menu access on DAG Run:dataset_consumes_unknown_never_scheduled
[2024-09-13T14:34:36.645+0000] {logging_mixin.py:190} INFO - [2024-09-13T14:34:36.645+0000] {override.py:1900} INFO - Created Permission View: can read on DAG Run:dataset_consumes_unknown_never_scheduled
[2024-09-13T14:34:36.649+0000] {logging_mixin.py:190} INFO - [2024-09-13T14:34:36.649+0000] {override.py:1900} INFO - Created Permission View: can delete on DAG Run:dataset_consumes_unknown_never_scheduled
[2024-09-13T14:34:36.658+0000] {logging_mixin.py:190} INFO - [2024-09-13T14:34:36.657+0000] {override.py:1900} INFO - Created Permission View: can read on DAG:dataset_produces_1
[2024-09-13T14:34:36.662+0000] {logging_mixin.py:190} INFO - [2024-09-13T14:34:36.662+0000] {override.py:1900} INFO - Created Permission View: can delete on DAG:dataset_produces_1
[2024-09-13T14:34:36.667+0000] {logging_mixin.py:190} INFO - [2024-09-13T14:34:36.667+0000] {override.py:1900} INFO - Created Permission View: can edit on DAG:dataset_produces_1
[2024-09-13T14:34:36.673+0000] {logging_mixin.py:190} INFO - [2024-09-13T14:34:36.673+0000] {override.py:1900} INFO - Created Permission View: can create on DAG Run:dataset_produces_1
[2024-09-13T14:34:36.678+0000] {logging_mixin.py:190} INFO - [2024-09-13T14:34:36.678+0000] {override.py:1900} INFO - Created Permission View: menu access on DAG Run:dataset_produces_1
[2024-09-13T14:34:36.683+0000] {logging_mixin.py:190} INFO - [2024-09-13T14:34:36.683+0000] {override.py:1900} INFO - Created Permission View: can read on DAG Run:dataset_produces_1
[2024-09-13T14:34:36.688+0000] {logging_mixin.py:190} INFO - [2024-09-13T14:34:36.688+0000] {override.py:1900} INFO - Created Permission View: can delete on DAG Run:dataset_produces_1
[2024-09-13T14:34:36.697+0000] {logging_mixin.py:190} INFO - [2024-09-13T14:34:36.697+0000] {override.py:1900} INFO - Created Permission View: can read on DAG:dataset_consumes_1
[2024-09-13T14:34:36.702+0000] {logging_mixin.py:190} INFO - [2024-09-13T14:34:36.702+0000] {override.py:1900} INFO - Created Permission View: can delete on DAG:dataset_consumes_1
[2024-09-13T14:34:36.707+0000] {logging_mixin.py:190} INFO - [2024-09-13T14:34:36.707+0000] {override.py:1900} INFO - Created Permission View: can edit on DAG:dataset_consumes_1
[2024-09-13T14:34:36.713+0000] {logging_mixin.py:190} INFO - [2024-09-13T14:34:36.713+0000] {override.py:1900} INFO - Created Permission View: can create on DAG Run:dataset_consumes_1
[2024-09-13T14:34:36.718+0000] {logging_mixin.py:190} INFO - [2024-09-13T14:34:36.718+0000] {override.py:1900} INFO - Created Permission View: menu access on DAG Run:dataset_consumes_1
[2024-09-13T14:34:36.723+0000] {logging_mixin.py:190} INFO - [2024-09-13T14:34:36.723+0000] {override.py:1900} INFO - Created Permission View: can read on DAG Run:dataset_consumes_1
[2024-09-13T14:34:36.728+0000] {logging_mixin.py:190} INFO - [2024-09-13T14:34:36.728+0000] {override.py:1900} INFO - Created Permission View: can delete on DAG Run:dataset_consumes_1
[2024-09-13T14:34:36.737+0000] {logging_mixin.py:190} INFO - [2024-09-13T14:34:36.737+0000] {override.py:1900} INFO - Created Permission View: can read on DAG:consume_1_and_2_with_dataset_expressions
[2024-09-13T14:34:36.742+0000] {logging_mixin.py:190} INFO - [2024-09-13T14:34:36.742+0000] {override.py:1900} INFO - Created Permission View: can delete on DAG:consume_1_and_2_with_dataset_expressions
[2024-09-13T14:34:36.747+0000] {logging_mixin.py:190} INFO - [2024-09-13T14:34:36.746+0000] {override.py:1900} INFO - Created Permission View: can edit on DAG:consume_1_and_2_with_dataset_expressions
[2024-09-13T14:34:36.752+0000] {logging_mixin.py:190} INFO - [2024-09-13T14:34:36.752+0000] {override.py:1900} INFO - Created Permission View: can create on DAG Run:consume_1_and_2_with_dataset_expressions
[2024-09-13T14:34:36.757+0000] {logging_mixin.py:190} INFO - [2024-09-13T14:34:36.757+0000] {override.py:1900} INFO - Created Permission View: menu access on DAG Run:consume_1_and_2_with_dataset_expressions
[2024-09-13T14:34:36.762+0000] {logging_mixin.py:190} INFO - [2024-09-13T14:34:36.762+0000] {override.py:1900} INFO - Created Permission View: can read on DAG Run:consume_1_and_2_with_dataset_expressions
[2024-09-13T14:34:36.767+0000] {logging_mixin.py:190} INFO - [2024-09-13T14:34:36.767+0000] {override.py:1900} INFO - Created Permission View: can delete on DAG Run:consume_1_and_2_with_dataset_expressions
[2024-09-13T14:34:36.776+0000] {logging_mixin.py:190} INFO - [2024-09-13T14:34:36.775+0000] {override.py:1900} INFO - Created Permission View: can read on DAG:dataset_consumes_1_and_2
[2024-09-13T14:34:36.780+0000] {logging_mixin.py:190} INFO - [2024-09-13T14:34:36.780+0000] {override.py:1900} INFO - Created Permission View: can delete on DAG:dataset_consumes_1_and_2
[2024-09-13T14:34:36.785+0000] {logging_mixin.py:190} INFO - [2024-09-13T14:34:36.784+0000] {override.py:1900} INFO - Created Permission View: can edit on DAG:dataset_consumes_1_and_2
[2024-09-13T14:34:36.790+0000] {logging_mixin.py:190} INFO - [2024-09-13T14:34:36.790+0000] {override.py:1900} INFO - Created Permission View: can create on DAG Run:dataset_consumes_1_and_2
[2024-09-13T14:34:36.794+0000] {logging_mixin.py:190} INFO - [2024-09-13T14:34:36.794+0000] {override.py:1900} INFO - Created Permission View: menu access on DAG Run:dataset_consumes_1_and_2
[2024-09-13T14:34:36.799+0000] {logging_mixin.py:190} INFO - [2024-09-13T14:34:36.799+0000] {override.py:1900} INFO - Created Permission View: can read on DAG Run:dataset_consumes_1_and_2
[2024-09-13T14:34:36.804+0000] {logging_mixin.py:190} INFO - [2024-09-13T14:34:36.804+0000] {override.py:1900} INFO - Created Permission View: can delete on DAG Run:dataset_consumes_1_and_2
[2024-09-13T14:34:36.814+0000] {logging_mixin.py:190} INFO - [2024-09-13T14:34:36.814+0000] {override.py:1900} INFO - Created Permission View: can read on DAG:dataset_produces_2
[2024-09-13T14:34:36.820+0000] {logging_mixin.py:190} INFO - [2024-09-13T14:34:36.820+0000] {override.py:1900} INFO - Created Permission View: can delete on DAG:dataset_produces_2
[2024-09-13T14:34:36.826+0000] {logging_mixin.py:190} INFO - [2024-09-13T14:34:36.826+0000] {override.py:1900} INFO - Created Permission View: can edit on DAG:dataset_produces_2
[2024-09-13T14:34:36.833+0000] {logging_mixin.py:190} INFO - [2024-09-13T14:34:36.833+0000] {override.py:1900} INFO - Created Permission View: can create on DAG Run:dataset_produces_2
[2024-09-13T14:34:36.839+0000] {logging_mixin.py:190} INFO - [2024-09-13T14:34:36.839+0000] {override.py:1900} INFO - Created Permission View: menu access on DAG Run:dataset_produces_2
[2024-09-13T14:34:36.844+0000] {logging_mixin.py:190} INFO - [2024-09-13T14:34:36.844+0000] {override.py:1900} INFO - Created Permission View: can read on DAG Run:dataset_produces_2
[2024-09-13T14:34:36.850+0000] {logging_mixin.py:190} INFO - [2024-09-13T14:34:36.850+0000] {override.py:1900} INFO - Created Permission View: can delete on DAG Run:dataset_produces_2
[2024-09-13T14:34:36.851+0000] {logging_mixin.py:190} INFO - [2024-09-13T14:34:36.850+0000] {dag.py:3229} INFO - Sync 10 DAGs
[2024-09-13T14:34:36.861+0000] {logging_mixin.py:190} INFO - [2024-09-13T14:34:36.860+0000] {dag.py:3252} INFO - Creating ORM DAG for consume_1_and_2_with_dataset_expressions
[2024-09-13T14:34:36.861+0000] {logging_mixin.py:190} INFO - [2024-09-13T14:34:36.861+0000] {dag.py:3252} INFO - Creating ORM DAG for dataset_produces_2
[2024-09-13T14:34:36.862+0000] {logging_mixin.py:190} INFO - [2024-09-13T14:34:36.862+0000] {dag.py:3252} INFO - Creating ORM DAG for conditional_dataset_and_time_based_timetable
[2024-09-13T14:34:36.862+0000] {logging_mixin.py:190} INFO - [2024-09-13T14:34:36.862+0000] {dag.py:3252} INFO - Creating ORM DAG for consume_1_or_2_with_dataset_expressions
[2024-09-13T14:34:36.864+0000] {logging_mixin.py:190} INFO - [2024-09-13T14:34:36.863+0000] {dag.py:3252} INFO - Creating ORM DAG for consume_1_or_both_2_and_3_with_dataset_expressions
[2024-09-13T14:34:36.864+0000] {logging_mixin.py:190} INFO - [2024-09-13T14:34:36.864+0000] {dag.py:3252} INFO - Creating ORM DAG for dataset_consumes_1_never_scheduled
[2024-09-13T14:34:36.865+0000] {logging_mixin.py:190} INFO - [2024-09-13T14:34:36.865+0000] {dag.py:3252} INFO - Creating ORM DAG for dataset_produces_1
[2024-09-13T14:34:36.865+0000] {logging_mixin.py:190} INFO - [2024-09-13T14:34:36.865+0000] {dag.py:3252} INFO - Creating ORM DAG for dataset_consumes_1_and_2
[2024-09-13T14:34:36.865+0000] {logging_mixin.py:190} INFO - [2024-09-13T14:34:36.865+0000] {dag.py:3252} INFO - Creating ORM DAG for dataset_consumes_unknown_never_scheduled
[2024-09-13T14:34:36.866+0000] {logging_mixin.py:190} INFO - [2024-09-13T14:34:36.866+0000] {dag.py:3252} INFO - Creating ORM DAG for dataset_consumes_1
[2024-09-13T14:34:36.877+0000] {logging_mixin.py:190} INFO - [2024-09-13T14:34:36.877+0000] {dag.py:4156} INFO - Setting next_dagrun for conditional_dataset_and_time_based_timetable to 2024-09-11 01:00:00+00:00, run_after=2024-09-11 01:00:00+00:00
[2024-09-13T14:34:36.877+0000] {logging_mixin.py:190} INFO - [2024-09-13T14:34:36.877+0000] {dag.py:4156} INFO - Setting next_dagrun for consume_1_and_2_with_dataset_expressions to None, run_after=None
[2024-09-13T14:34:36.878+0000] {logging_mixin.py:190} INFO - [2024-09-13T14:34:36.878+0000] {dag.py:4156} INFO - Setting next_dagrun for consume_1_or_2_with_dataset_expressions to None, run_after=None
[2024-09-13T14:34:36.878+0000] {logging_mixin.py:190} INFO - [2024-09-13T14:34:36.878+0000] {dag.py:4156} INFO - Setting next_dagrun for consume_1_or_both_2_and_3_with_dataset_expressions to None, run_after=None
[2024-09-13T14:34:36.878+0000] {logging_mixin.py:190} INFO - [2024-09-13T14:34:36.878+0000] {dag.py:4156} INFO - Setting next_dagrun for dataset_consumes_1 to None, run_after=None
[2024-09-13T14:34:36.879+0000] {logging_mixin.py:190} INFO - [2024-09-13T14:34:36.878+0000] {dag.py:4156} INFO - Setting next_dagrun for dataset_consumes_1_and_2 to None, run_after=None
[2024-09-13T14:34:36.879+0000] {logging_mixin.py:190} INFO - [2024-09-13T14:34:36.879+0000] {dag.py:4156} INFO - Setting next_dagrun for dataset_consumes_1_never_scheduled to None, run_after=None
[2024-09-13T14:34:36.879+0000] {logging_mixin.py:190} INFO - [2024-09-13T14:34:36.879+0000] {dag.py:4156} INFO - Setting next_dagrun for dataset_consumes_unknown_never_scheduled to None, run_after=None
[2024-09-13T14:34:36.880+0000] {logging_mixin.py:190} INFO - [2024-09-13T14:34:36.880+0000] {dag.py:4156} INFO - Setting next_dagrun for dataset_produces_1 to 2024-09-12 00:00:00+00:00, run_after=2024-09-13 00:00:00+00:00
[2024-09-13T14:34:36.881+0000] {logging_mixin.py:190} INFO - [2024-09-13T14:34:36.881+0000] {dag.py:4156} INFO - Setting next_dagrun for dataset_produces_2 to None, run_after=None
[2024-09-13T14:34:36.932+0000] {processor.py:208} INFO - Processing /home/airflow/.local/lib/python3.12/site-packages/airflow/example_dags/example_datasets.py took 0.849 seconds
[2024-09-13T14:35:07.222+0000] {processor.py:186} INFO - Started process (PID=153) to work on /home/airflow/.local/lib/python3.12/site-packages/airflow/example_dags/example_datasets.py
[2024-09-13T14:35:07.223+0000] {processor.py:914} INFO - Processing file /home/airflow/.local/lib/python3.12/site-packages/airflow/example_dags/example_datasets.py for tasks to queue
[2024-09-13T14:35:07.226+0000] {logging_mixin.py:190} INFO - [2024-09-13T14:35:07.225+0000] {dagbag.py:587} INFO - Filling up the DagBag from /home/airflow/.local/lib/python3.12/site-packages/airflow/example_dags/example_datasets.py
[2024-09-13T14:35:07.454+0000] {processor.py:925} INFO - DAG(s) 'dataset_consumes_1', 'dataset_consumes_unknown_never_scheduled', 'conditional_dataset_and_time_based_timetable', 'dataset_produces_2', 'dataset_produces_1', 'consume_1_and_2_with_dataset_expressions', 'dataset_consumes_1_never_scheduled', 'consume_1_or_2_with_dataset_expressions', 'dataset_consumes_1_and_2', 'consume_1_or_both_2_and_3_with_dataset_expressions' retrieved from /home/airflow/.local/lib/python3.12/site-packages/airflow/example_dags/example_datasets.py
[2024-09-13T14:35:07.514+0000] {logging_mixin.py:190} INFO - [2024-09-13T14:35:07.514+0000] {dag.py:3229} INFO - Sync 10 DAGs
[2024-09-13T14:35:07.539+0000] {logging_mixin.py:190} INFO - [2024-09-13T14:35:07.539+0000] {dag.py:4156} INFO - Setting next_dagrun for conditional_dataset_and_time_based_timetable to 2024-09-11 01:00:00+00:00, run_after=2024-09-11 01:00:00+00:00
[2024-09-13T14:35:07.542+0000] {logging_mixin.py:190} INFO - [2024-09-13T14:35:07.542+0000] {dag.py:4156} INFO - Setting next_dagrun for consume_1_and_2_with_dataset_expressions to None, run_after=None
[2024-09-13T14:35:07.544+0000] {logging_mixin.py:190} INFO - [2024-09-13T14:35:07.544+0000] {dag.py:4156} INFO - Setting next_dagrun for consume_1_or_2_with_dataset_expressions to None, run_after=None
[2024-09-13T14:35:07.546+0000] {logging_mixin.py:190} INFO - [2024-09-13T14:35:07.545+0000] {dag.py:4156} INFO - Setting next_dagrun for consume_1_or_both_2_and_3_with_dataset_expressions to None, run_after=None
[2024-09-13T14:35:07.547+0000] {logging_mixin.py:190} INFO - [2024-09-13T14:35:07.547+0000] {dag.py:4156} INFO - Setting next_dagrun for dataset_consumes_1 to None, run_after=None
[2024-09-13T14:35:07.548+0000] {logging_mixin.py:190} INFO - [2024-09-13T14:35:07.548+0000] {dag.py:4156} INFO - Setting next_dagrun for dataset_consumes_1_and_2 to None, run_after=None
[2024-09-13T14:35:07.550+0000] {logging_mixin.py:190} INFO - [2024-09-13T14:35:07.549+0000] {dag.py:4156} INFO - Setting next_dagrun for dataset_consumes_1_never_scheduled to None, run_after=None
[2024-09-13T14:35:07.551+0000] {logging_mixin.py:190} INFO - [2024-09-13T14:35:07.551+0000] {dag.py:4156} INFO - Setting next_dagrun for dataset_consumes_unknown_never_scheduled to None, run_after=None
[2024-09-13T14:35:07.553+0000] {logging_mixin.py:190} INFO - [2024-09-13T14:35:07.553+0000] {dag.py:4156} INFO - Setting next_dagrun for dataset_produces_1 to 2024-09-12 00:00:00+00:00, run_after=2024-09-13 00:00:00+00:00
[2024-09-13T14:35:07.555+0000] {logging_mixin.py:190} INFO - [2024-09-13T14:35:07.555+0000] {dag.py:4156} INFO - Setting next_dagrun for dataset_produces_2 to None, run_after=None
[2024-09-13T14:35:07.593+0000] {processor.py:208} INFO - Processing /home/airflow/.local/lib/python3.12/site-packages/airflow/example_dags/example_datasets.py took 0.376 seconds
[2024-09-13T14:35:37.758+0000] {processor.py:186} INFO - Started process (PID=217) to work on /home/airflow/.local/lib/python3.12/site-packages/airflow/example_dags/example_datasets.py
[2024-09-13T14:35:37.759+0000] {processor.py:914} INFO - Processing file /home/airflow/.local/lib/python3.12/site-packages/airflow/example_dags/example_datasets.py for tasks to queue
[2024-09-13T14:35:37.762+0000] {logging_mixin.py:190} INFO - [2024-09-13T14:35:37.761+0000] {dagbag.py:587} INFO - Filling up the DagBag from /home/airflow/.local/lib/python3.12/site-packages/airflow/example_dags/example_datasets.py
[2024-09-13T14:35:37.987+0000] {processor.py:925} INFO - DAG(s) 'dataset_consumes_1', 'dataset_produces_2', 'consume_1_and_2_with_dataset_expressions', 'consume_1_or_both_2_and_3_with_dataset_expressions', 'dataset_produces_1', 'conditional_dataset_and_time_based_timetable', 'dataset_consumes_1_never_scheduled', 'consume_1_or_2_with_dataset_expressions', 'dataset_consumes_1_and_2', 'dataset_consumes_unknown_never_scheduled' retrieved from /home/airflow/.local/lib/python3.12/site-packages/airflow/example_dags/example_datasets.py
[2024-09-13T14:35:38.035+0000] {logging_mixin.py:190} INFO - [2024-09-13T14:35:38.035+0000] {dag.py:3229} INFO - Sync 10 DAGs
[2024-09-13T14:35:38.058+0000] {logging_mixin.py:190} INFO - [2024-09-13T14:35:38.058+0000] {dag.py:4156} INFO - Setting next_dagrun for conditional_dataset_and_time_based_timetable to 2024-09-11 01:00:00+00:00, run_after=2024-09-11 01:00:00+00:00
[2024-09-13T14:35:38.061+0000] {logging_mixin.py:190} INFO - [2024-09-13T14:35:38.061+0000] {dag.py:4156} INFO - Setting next_dagrun for consume_1_and_2_with_dataset_expressions to None, run_after=None
[2024-09-13T14:35:38.062+0000] {logging_mixin.py:190} INFO - [2024-09-13T14:35:38.062+0000] {dag.py:4156} INFO - Setting next_dagrun for consume_1_or_2_with_dataset_expressions to None, run_after=None
[2024-09-13T14:35:38.064+0000] {logging_mixin.py:190} INFO - [2024-09-13T14:35:38.063+0000] {dag.py:4156} INFO - Setting next_dagrun for consume_1_or_both_2_and_3_with_dataset_expressions to None, run_after=None
[2024-09-13T14:35:38.065+0000] {logging_mixin.py:190} INFO - [2024-09-13T14:35:38.065+0000] {dag.py:4156} INFO - Setting next_dagrun for dataset_consumes_1 to None, run_after=None
[2024-09-13T14:35:38.066+0000] {logging_mixin.py:190} INFO - [2024-09-13T14:35:38.066+0000] {dag.py:4156} INFO - Setting next_dagrun for dataset_consumes_1_and_2 to None, run_after=None
[2024-09-13T14:35:38.067+0000] {logging_mixin.py:190} INFO - [2024-09-13T14:35:38.067+0000] {dag.py:4156} INFO - Setting next_dagrun for dataset_consumes_1_never_scheduled to None, run_after=None
[2024-09-13T14:35:38.069+0000] {logging_mixin.py:190} INFO - [2024-09-13T14:35:38.069+0000] {dag.py:4156} INFO - Setting next_dagrun for dataset_consumes_unknown_never_scheduled to None, run_after=None
[2024-09-13T14:35:38.071+0000] {logging_mixin.py:190} INFO - [2024-09-13T14:35:38.071+0000] {dag.py:4156} INFO - Setting next_dagrun for dataset_produces_1 to 2024-09-12 00:00:00+00:00, run_after=2024-09-13 00:00:00+00:00
[2024-09-13T14:35:38.073+0000] {logging_mixin.py:190} INFO - [2024-09-13T14:35:38.073+0000] {dag.py:4156} INFO - Setting next_dagrun for dataset_produces_2 to None, run_after=None
[2024-09-13T14:35:38.111+0000] {processor.py:208} INFO - Processing /home/airflow/.local/lib/python3.12/site-packages/airflow/example_dags/example_datasets.py took 0.358 seconds
[2024-09-13T14:36:08.357+0000] {processor.py:186} INFO - Started process (PID=282) to work on /home/airflow/.local/lib/python3.12/site-packages/airflow/example_dags/example_datasets.py
[2024-09-13T14:36:08.358+0000] {processor.py:914} INFO - Processing file /home/airflow/.local/lib/python3.12/site-packages/airflow/example_dags/example_datasets.py for tasks to queue
[2024-09-13T14:36:08.360+0000] {logging_mixin.py:190} INFO - [2024-09-13T14:36:08.360+0000] {dagbag.py:587} INFO - Filling up the DagBag from /home/airflow/.local/lib/python3.12/site-packages/airflow/example_dags/example_datasets.py
[2024-09-13T14:36:08.568+0000] {processor.py:925} INFO - DAG(s) 'dataset_consumes_1_and_2', 'conditional_dataset_and_time_based_timetable', 'dataset_consumes_unknown_never_scheduled', 'consume_1_or_2_with_dataset_expressions', 'consume_1_and_2_with_dataset_expressions', 'dataset_consumes_1_never_scheduled', 'dataset_consumes_1', 'dataset_produces_2', 'consume_1_or_both_2_and_3_with_dataset_expressions', 'dataset_produces_1' retrieved from /home/airflow/.local/lib/python3.12/site-packages/airflow/example_dags/example_datasets.py
[2024-09-13T14:36:08.615+0000] {logging_mixin.py:190} INFO - [2024-09-13T14:36:08.615+0000] {dag.py:3229} INFO - Sync 10 DAGs
[2024-09-13T14:36:08.644+0000] {logging_mixin.py:190} INFO - [2024-09-13T14:36:08.643+0000] {dag.py:4156} INFO - Setting next_dagrun for conditional_dataset_and_time_based_timetable to 2024-09-11 01:00:00+00:00, run_after=2024-09-11 01:00:00+00:00
[2024-09-13T14:36:08.647+0000] {logging_mixin.py:190} INFO - [2024-09-13T14:36:08.647+0000] {dag.py:4156} INFO - Setting next_dagrun for consume_1_and_2_with_dataset_expressions to None, run_after=None
[2024-09-13T14:36:08.649+0000] {logging_mixin.py:190} INFO - [2024-09-13T14:36:08.649+0000] {dag.py:4156} INFO - Setting next_dagrun for consume_1_or_2_with_dataset_expressions to None, run_after=None
[2024-09-13T14:36:08.650+0000] {logging_mixin.py:190} INFO - [2024-09-13T14:36:08.650+0000] {dag.py:4156} INFO - Setting next_dagrun for consume_1_or_both_2_and_3_with_dataset_expressions to None, run_after=None
[2024-09-13T14:36:08.652+0000] {logging_mixin.py:190} INFO - [2024-09-13T14:36:08.652+0000] {dag.py:4156} INFO - Setting next_dagrun for dataset_consumes_1 to None, run_after=None
[2024-09-13T14:36:08.654+0000] {logging_mixin.py:190} INFO - [2024-09-13T14:36:08.653+0000] {dag.py:4156} INFO - Setting next_dagrun for dataset_consumes_1_and_2 to None, run_after=None
[2024-09-13T14:36:08.655+0000] {logging_mixin.py:190} INFO - [2024-09-13T14:36:08.655+0000] {dag.py:4156} INFO - Setting next_dagrun for dataset_consumes_1_never_scheduled to None, run_after=None
[2024-09-13T14:36:08.657+0000] {logging_mixin.py:190} INFO - [2024-09-13T14:36:08.656+0000] {dag.py:4156} INFO - Setting next_dagrun for dataset_consumes_unknown_never_scheduled to None, run_after=None
[2024-09-13T14:36:08.659+0000] {logging_mixin.py:190} INFO - [2024-09-13T14:36:08.659+0000] {dag.py:4156} INFO - Setting next_dagrun for dataset_produces_1 to 2024-09-12 00:00:00+00:00, run_after=2024-09-13 00:00:00+00:00
[2024-09-13T14:36:08.661+0000] {logging_mixin.py:190} INFO - [2024-09-13T14:36:08.660+0000] {dag.py:4156} INFO - Setting next_dagrun for dataset_produces_2 to None, run_after=None
[2024-09-13T14:36:08.701+0000] {processor.py:208} INFO - Processing /home/airflow/.local/lib/python3.12/site-packages/airflow/example_dags/example_datasets.py took 0.350 seconds
[2024-09-13T14:36:39.638+0000] {processor.py:186} INFO - Started process (PID=345) to work on /home/airflow/.local/lib/python3.12/site-packages/airflow/example_dags/example_datasets.py
[2024-09-13T14:36:39.639+0000] {processor.py:914} INFO - Processing file /home/airflow/.local/lib/python3.12/site-packages/airflow/example_dags/example_datasets.py for tasks to queue
[2024-09-13T14:36:39.641+0000] {logging_mixin.py:190} INFO - [2024-09-13T14:36:39.641+0000] {dagbag.py:587} INFO - Filling up the DagBag from /home/airflow/.local/lib/python3.12/site-packages/airflow/example_dags/example_datasets.py
[2024-09-13T14:36:39.836+0000] {processor.py:925} INFO - DAG(s) 'dataset_consumes_unknown_never_scheduled', 'conditional_dataset_and_time_based_timetable', 'dataset_consumes_1_never_scheduled', 'dataset_consumes_1_and_2', 'consume_1_and_2_with_dataset_expressions', 'dataset_consumes_1', 'dataset_produces_1', 'dataset_produces_2', 'consume_1_or_2_with_dataset_expressions', 'consume_1_or_both_2_and_3_with_dataset_expressions' retrieved from /home/airflow/.local/lib/python3.12/site-packages/airflow/example_dags/example_datasets.py
[2024-09-13T14:36:39.882+0000] {logging_mixin.py:190} INFO - [2024-09-13T14:36:39.882+0000] {dag.py:3229} INFO - Sync 10 DAGs
[2024-09-13T14:36:39.906+0000] {logging_mixin.py:190} INFO - [2024-09-13T14:36:39.906+0000] {dag.py:4156} INFO - Setting next_dagrun for conditional_dataset_and_time_based_timetable to 2024-09-11 01:00:00+00:00, run_after=2024-09-11 01:00:00+00:00
[2024-09-13T14:36:39.910+0000] {logging_mixin.py:190} INFO - [2024-09-13T14:36:39.909+0000] {dag.py:4156} INFO - Setting next_dagrun for consume_1_and_2_with_dataset_expressions to None, run_after=None
[2024-09-13T14:36:39.911+0000] {logging_mixin.py:190} INFO - [2024-09-13T14:36:39.911+0000] {dag.py:4156} INFO - Setting next_dagrun for consume_1_or_2_with_dataset_expressions to None, run_after=None
[2024-09-13T14:36:39.912+0000] {logging_mixin.py:190} INFO - [2024-09-13T14:36:39.912+0000] {dag.py:4156} INFO - Setting next_dagrun for consume_1_or_both_2_and_3_with_dataset_expressions to None, run_after=None
[2024-09-13T14:36:39.914+0000] {logging_mixin.py:190} INFO - [2024-09-13T14:36:39.913+0000] {dag.py:4156} INFO - Setting next_dagrun for dataset_consumes_1 to None, run_after=None
[2024-09-13T14:36:39.915+0000] {logging_mixin.py:190} INFO - [2024-09-13T14:36:39.915+0000] {dag.py:4156} INFO - Setting next_dagrun for dataset_consumes_1_and_2 to None, run_after=None
[2024-09-13T14:36:39.916+0000] {logging_mixin.py:190} INFO - [2024-09-13T14:36:39.916+0000] {dag.py:4156} INFO - Setting next_dagrun for dataset_consumes_1_never_scheduled to None, run_after=None
[2024-09-13T14:36:39.918+0000] {logging_mixin.py:190} INFO - [2024-09-13T14:36:39.917+0000] {dag.py:4156} INFO - Setting next_dagrun for dataset_consumes_unknown_never_scheduled to None, run_after=None
[2024-09-13T14:36:39.920+0000] {logging_mixin.py:190} INFO - [2024-09-13T14:36:39.920+0000] {dag.py:4156} INFO - Setting next_dagrun for dataset_produces_1 to 2024-09-12 00:00:00+00:00, run_after=2024-09-13 00:00:00+00:00
[2024-09-13T14:36:39.921+0000] {logging_mixin.py:190} INFO - [2024-09-13T14:36:39.921+0000] {dag.py:4156} INFO - Setting next_dagrun for dataset_produces_2 to None, run_after=None
[2024-09-13T14:36:39.953+0000] {processor.py:208} INFO - Processing /home/airflow/.local/lib/python3.12/site-packages/airflow/example_dags/example_datasets.py took 0.320 seconds
[2024-09-13T14:37:10.429+0000] {processor.py:186} INFO - Started process (PID=407) to work on /home/airflow/.local/lib/python3.12/site-packages/airflow/example_dags/example_datasets.py
[2024-09-13T14:37:10.430+0000] {processor.py:914} INFO - Processing file /home/airflow/.local/lib/python3.12/site-packages/airflow/example_dags/example_datasets.py for tasks to queue
[2024-09-13T14:37:10.432+0000] {logging_mixin.py:190} INFO - [2024-09-13T14:37:10.432+0000] {dagbag.py:587} INFO - Filling up the DagBag from /home/airflow/.local/lib/python3.12/site-packages/airflow/example_dags/example_datasets.py
[2024-09-13T14:37:10.570+0000] {processor.py:925} INFO - DAG(s) 'consume_1_and_2_with_dataset_expressions', 'conditional_dataset_and_time_based_timetable', 'consume_1_or_2_with_dataset_expressions', 'dataset_consumes_1_never_scheduled', 'consume_1_or_both_2_and_3_with_dataset_expressions', 'dataset_consumes_1_and_2', 'dataset_produces_2', 'dataset_consumes_unknown_never_scheduled', 'dataset_consumes_1', 'dataset_produces_1' retrieved from /home/airflow/.local/lib/python3.12/site-packages/airflow/example_dags/example_datasets.py
[2024-09-13T14:37:10.610+0000] {logging_mixin.py:190} INFO - [2024-09-13T14:37:10.610+0000] {dag.py:3229} INFO - Sync 10 DAGs
[2024-09-13T14:37:10.633+0000] {logging_mixin.py:190} INFO - [2024-09-13T14:37:10.633+0000] {dag.py:4156} INFO - Setting next_dagrun for conditional_dataset_and_time_based_timetable to 2024-09-11 01:00:00+00:00, run_after=2024-09-11 01:00:00+00:00
[2024-09-13T14:37:10.636+0000] {logging_mixin.py:190} INFO - [2024-09-13T14:37:10.636+0000] {dag.py:4156} INFO - Setting next_dagrun for consume_1_and_2_with_dataset_expressions to None, run_after=None
[2024-09-13T14:37:10.637+0000] {logging_mixin.py:190} INFO - [2024-09-13T14:37:10.637+0000] {dag.py:4156} INFO - Setting next_dagrun for consume_1_or_2_with_dataset_expressions to None, run_after=None
[2024-09-13T14:37:10.639+0000] {logging_mixin.py:190} INFO - [2024-09-13T14:37:10.638+0000] {dag.py:4156} INFO - Setting next_dagrun for consume_1_or_both_2_and_3_with_dataset_expressions to None, run_after=None
[2024-09-13T14:37:10.640+0000] {logging_mixin.py:190} INFO - [2024-09-13T14:37:10.640+0000] {dag.py:4156} INFO - Setting next_dagrun for dataset_consumes_1 to None, run_after=None
[2024-09-13T14:37:10.641+0000] {logging_mixin.py:190} INFO - [2024-09-13T14:37:10.641+0000] {dag.py:4156} INFO - Setting next_dagrun for dataset_consumes_1_and_2 to None, run_after=None
[2024-09-13T14:37:10.642+0000] {logging_mixin.py:190} INFO - [2024-09-13T14:37:10.642+0000] {dag.py:4156} INFO - Setting next_dagrun for dataset_consumes_1_never_scheduled to None, run_after=None
[2024-09-13T14:37:10.644+0000] {logging_mixin.py:190} INFO - [2024-09-13T14:37:10.643+0000] {dag.py:4156} INFO - Setting next_dagrun for dataset_consumes_unknown_never_scheduled to None, run_after=None
[2024-09-13T14:37:10.646+0000] {logging_mixin.py:190} INFO - [2024-09-13T14:37:10.646+0000] {dag.py:4156} INFO - Setting next_dagrun for dataset_produces_1 to 2024-09-12 00:00:00+00:00, run_after=2024-09-13 00:00:00+00:00
[2024-09-13T14:37:10.647+0000] {logging_mixin.py:190} INFO - [2024-09-13T14:37:10.647+0000] {dag.py:4156} INFO - Setting next_dagrun for dataset_produces_2 to None, run_after=None
[2024-09-13T14:37:10.685+0000] {processor.py:208} INFO - Processing /home/airflow/.local/lib/python3.12/site-packages/airflow/example_dags/example_datasets.py took 0.261 seconds
[2024-09-13T14:37:41.374+0000] {processor.py:186} INFO - Started process (PID=469) to work on /home/airflow/.local/lib/python3.12/site-packages/airflow/example_dags/example_datasets.py
[2024-09-13T14:37:41.376+0000] {processor.py:914} INFO - Processing file /home/airflow/.local/lib/python3.12/site-packages/airflow/example_dags/example_datasets.py for tasks to queue
[2024-09-13T14:37:41.379+0000] {logging_mixin.py:190} INFO - [2024-09-13T14:37:41.378+0000] {dagbag.py:587} INFO - Filling up the DagBag from /home/airflow/.local/lib/python3.12/site-packages/airflow/example_dags/example_datasets.py
[2024-09-13T14:37:41.614+0000] {processor.py:925} INFO - DAG(s) 'dataset_consumes_1_and_2', 'dataset_produces_2', 'dataset_consumes_1_never_scheduled', 'conditional_dataset_and_time_based_timetable', 'dataset_produces_1', 'consume_1_or_2_with_dataset_expressions', 'dataset_consumes_1', 'dataset_consumes_unknown_never_scheduled', 'consume_1_and_2_with_dataset_expressions', 'consume_1_or_both_2_and_3_with_dataset_expressions' retrieved from /home/airflow/.local/lib/python3.12/site-packages/airflow/example_dags/example_datasets.py
[2024-09-13T14:37:41.701+0000] {logging_mixin.py:190} INFO - [2024-09-13T14:37:41.700+0000] {dag.py:3229} INFO - Sync 10 DAGs
[2024-09-13T14:37:41.724+0000] {logging_mixin.py:190} INFO - [2024-09-13T14:37:41.724+0000] {dag.py:4156} INFO - Setting next_dagrun for conditional_dataset_and_time_based_timetable to 2024-09-11 01:00:00+00:00, run_after=2024-09-11 01:00:00+00:00
[2024-09-13T14:37:41.728+0000] {logging_mixin.py:190} INFO - [2024-09-13T14:37:41.727+0000] {dag.py:4156} INFO - Setting next_dagrun for consume_1_and_2_with_dataset_expressions to None, run_after=None
[2024-09-13T14:37:41.729+0000] {logging_mixin.py:190} INFO - [2024-09-13T14:37:41.729+0000] {dag.py:4156} INFO - Setting next_dagrun for consume_1_or_2_with_dataset_expressions to None, run_after=None
[2024-09-13T14:37:41.731+0000] {logging_mixin.py:190} INFO - [2024-09-13T14:37:41.730+0000] {dag.py:4156} INFO - Setting next_dagrun for consume_1_or_both_2_and_3_with_dataset_expressions to None, run_after=None
[2024-09-13T14:37:41.732+0000] {logging_mixin.py:190} INFO - [2024-09-13T14:37:41.732+0000] {dag.py:4156} INFO - Setting next_dagrun for dataset_consumes_1 to None, run_after=None
[2024-09-13T14:37:41.733+0000] {logging_mixin.py:190} INFO - [2024-09-13T14:37:41.733+0000] {dag.py:4156} INFO - Setting next_dagrun for dataset_consumes_1_and_2 to None, run_after=None
[2024-09-13T14:37:41.734+0000] {logging_mixin.py:190} INFO - [2024-09-13T14:37:41.734+0000] {dag.py:4156} INFO - Setting next_dagrun for dataset_consumes_1_never_scheduled to None, run_after=None
[2024-09-13T14:37:41.735+0000] {logging_mixin.py:190} INFO - [2024-09-13T14:37:41.735+0000] {dag.py:4156} INFO - Setting next_dagrun for dataset_consumes_unknown_never_scheduled to None, run_after=None
[2024-09-13T14:37:41.738+0000] {logging_mixin.py:190} INFO - [2024-09-13T14:37:41.737+0000] {dag.py:4156} INFO - Setting next_dagrun for dataset_produces_1 to 2024-09-12 00:00:00+00:00, run_after=2024-09-13 00:00:00+00:00
[2024-09-13T14:37:41.739+0000] {logging_mixin.py:190} INFO - [2024-09-13T14:37:41.739+0000] {dag.py:4156} INFO - Setting next_dagrun for dataset_produces_2 to None, run_after=None
[2024-09-13T14:37:41.778+0000] {processor.py:208} INFO - Processing /home/airflow/.local/lib/python3.12/site-packages/airflow/example_dags/example_datasets.py took 0.413 seconds
[2024-09-13T14:38:11.863+0000] {processor.py:186} INFO - Started process (PID=531) to work on /home/airflow/.local/lib/python3.12/site-packages/airflow/example_dags/example_datasets.py
[2024-09-13T14:38:11.865+0000] {processor.py:914} INFO - Processing file /home/airflow/.local/lib/python3.12/site-packages/airflow/example_dags/example_datasets.py for tasks to queue
[2024-09-13T14:38:11.867+0000] {logging_mixin.py:190} INFO - [2024-09-13T14:38:11.866+0000] {dagbag.py:587} INFO - Filling up the DagBag from /home/airflow/.local/lib/python3.12/site-packages/airflow/example_dags/example_datasets.py
[2024-09-13T14:38:12.091+0000] {processor.py:925} INFO - DAG(s) 'dataset_produces_2', 'consume_1_or_both_2_and_3_with_dataset_expressions', 'conditional_dataset_and_time_based_timetable', 'dataset_consumes_1_never_scheduled', 'consume_1_and_2_with_dataset_expressions', 'dataset_consumes_1', 'dataset_produces_1', 'dataset_consumes_1_and_2', 'consume_1_or_2_with_dataset_expressions', 'dataset_consumes_unknown_never_scheduled' retrieved from /home/airflow/.local/lib/python3.12/site-packages/airflow/example_dags/example_datasets.py
[2024-09-13T14:38:12.199+0000] {logging_mixin.py:190} INFO - [2024-09-13T14:38:12.199+0000] {dag.py:3229} INFO - Sync 10 DAGs
[2024-09-13T14:38:12.223+0000] {logging_mixin.py:190} INFO - [2024-09-13T14:38:12.222+0000] {dag.py:4156} INFO - Setting next_dagrun for conditional_dataset_and_time_based_timetable to 2024-09-11 01:00:00+00:00, run_after=2024-09-11 01:00:00+00:00
[2024-09-13T14:38:12.226+0000] {logging_mixin.py:190} INFO - [2024-09-13T14:38:12.226+0000] {dag.py:4156} INFO - Setting next_dagrun for consume_1_and_2_with_dataset_expressions to None, run_after=None
[2024-09-13T14:38:12.227+0000] {logging_mixin.py:190} INFO - [2024-09-13T14:38:12.227+0000] {dag.py:4156} INFO - Setting next_dagrun for consume_1_or_2_with_dataset_expressions to None, run_after=None
[2024-09-13T14:38:12.228+0000] {logging_mixin.py:190} INFO - [2024-09-13T14:38:12.228+0000] {dag.py:4156} INFO - Setting next_dagrun for consume_1_or_both_2_and_3_with_dataset_expressions to None, run_after=None
[2024-09-13T14:38:12.229+0000] {logging_mixin.py:190} INFO - [2024-09-13T14:38:12.229+0000] {dag.py:4156} INFO - Setting next_dagrun for dataset_consumes_1 to None, run_after=None
[2024-09-13T14:38:12.231+0000] {logging_mixin.py:190} INFO - [2024-09-13T14:38:12.231+0000] {dag.py:4156} INFO - Setting next_dagrun for dataset_consumes_1_and_2 to None, run_after=None
[2024-09-13T14:38:12.232+0000] {logging_mixin.py:190} INFO - [2024-09-13T14:38:12.232+0000] {dag.py:4156} INFO - Setting next_dagrun for dataset_consumes_1_never_scheduled to None, run_after=None
[2024-09-13T14:38:12.233+0000] {logging_mixin.py:190} INFO - [2024-09-13T14:38:12.233+0000] {dag.py:4156} INFO - Setting next_dagrun for dataset_consumes_unknown_never_scheduled to None, run_after=None
[2024-09-13T14:38:12.235+0000] {logging_mixin.py:190} INFO - [2024-09-13T14:38:12.235+0000] {dag.py:4156} INFO - Setting next_dagrun for dataset_produces_1 to 2024-09-12 00:00:00+00:00, run_after=2024-09-13 00:00:00+00:00
[2024-09-13T14:38:12.237+0000] {logging_mixin.py:190} INFO - [2024-09-13T14:38:12.236+0000] {dag.py:4156} INFO - Setting next_dagrun for dataset_produces_2 to None, run_after=None
[2024-09-13T14:38:12.268+0000] {processor.py:208} INFO - Processing /home/airflow/.local/lib/python3.12/site-packages/airflow/example_dags/example_datasets.py took 0.415 seconds
[2024-09-13T14:39:32.479+0000] {processor.py:186} INFO - Started process (PID=83) to work on /home/airflow/.local/lib/python3.12/site-packages/airflow/example_dags/example_datasets.py
[2024-09-13T14:39:32.480+0000] {processor.py:914} INFO - Processing file /home/airflow/.local/lib/python3.12/site-packages/airflow/example_dags/example_datasets.py for tasks to queue
[2024-09-13T14:39:32.482+0000] {logging_mixin.py:190} INFO - [2024-09-13T14:39:32.482+0000] {dagbag.py:587} INFO - Filling up the DagBag from /home/airflow/.local/lib/python3.12/site-packages/airflow/example_dags/example_datasets.py
[2024-09-13T14:39:32.696+0000] {processor.py:925} INFO - DAG(s) 'consume_1_or_both_2_and_3_with_dataset_expressions', 'dataset_consumes_1', 'consume_1_or_2_with_dataset_expressions', 'dataset_consumes_1_never_scheduled', 'dataset_consumes_unknown_never_scheduled', 'dataset_produces_2', 'dataset_produces_1', 'consume_1_and_2_with_dataset_expressions', 'conditional_dataset_and_time_based_timetable', 'dataset_consumes_1_and_2' retrieved from /home/airflow/.local/lib/python3.12/site-packages/airflow/example_dags/example_datasets.py
[2024-09-13T14:39:32.740+0000] {logging_mixin.py:190} INFO - [2024-09-13T14:39:32.740+0000] {dag.py:3229} INFO - Sync 10 DAGs
[2024-09-13T14:39:32.765+0000] {logging_mixin.py:190} INFO - [2024-09-13T14:39:32.765+0000] {dag.py:4156} INFO - Setting next_dagrun for conditional_dataset_and_time_based_timetable to 2024-09-11 01:00:00+00:00, run_after=2024-09-11 01:00:00+00:00
[2024-09-13T14:39:32.769+0000] {logging_mixin.py:190} INFO - [2024-09-13T14:39:32.769+0000] {dag.py:4156} INFO - Setting next_dagrun for consume_1_and_2_with_dataset_expressions to None, run_after=None
[2024-09-13T14:39:32.771+0000] {logging_mixin.py:190} INFO - [2024-09-13T14:39:32.770+0000] {dag.py:4156} INFO - Setting next_dagrun for consume_1_or_2_with_dataset_expressions to None, run_after=None
[2024-09-13T14:39:32.772+0000] {logging_mixin.py:190} INFO - [2024-09-13T14:39:32.772+0000] {dag.py:4156} INFO - Setting next_dagrun for consume_1_or_both_2_and_3_with_dataset_expressions to None, run_after=None
[2024-09-13T14:39:32.774+0000] {logging_mixin.py:190} INFO - [2024-09-13T14:39:32.774+0000] {dag.py:4156} INFO - Setting next_dagrun for dataset_consumes_1 to None, run_after=None
[2024-09-13T14:39:32.776+0000] {logging_mixin.py:190} INFO - [2024-09-13T14:39:32.775+0000] {dag.py:4156} INFO - Setting next_dagrun for dataset_consumes_1_and_2 to None, run_after=None
[2024-09-13T14:39:32.777+0000] {logging_mixin.py:190} INFO - [2024-09-13T14:39:32.777+0000] {dag.py:4156} INFO - Setting next_dagrun for dataset_consumes_1_never_scheduled to None, run_after=None
[2024-09-13T14:39:32.779+0000] {logging_mixin.py:190} INFO - [2024-09-13T14:39:32.778+0000] {dag.py:4156} INFO - Setting next_dagrun for dataset_consumes_unknown_never_scheduled to None, run_after=None
[2024-09-13T14:39:32.781+0000] {logging_mixin.py:190} INFO - [2024-09-13T14:39:32.781+0000] {dag.py:4156} INFO - Setting next_dagrun for dataset_produces_1 to 2024-09-12 00:00:00+00:00, run_after=2024-09-13 00:00:00+00:00
[2024-09-13T14:39:32.783+0000] {logging_mixin.py:190} INFO - [2024-09-13T14:39:32.783+0000] {dag.py:4156} INFO - Setting next_dagrun for dataset_produces_2 to None, run_after=None
[2024-09-13T14:39:32.815+0000] {processor.py:208} INFO - Processing /home/airflow/.local/lib/python3.12/site-packages/airflow/example_dags/example_datasets.py took 0.342 seconds
[2024-09-13T14:40:03.688+0000] {processor.py:186} INFO - Started process (PID=146) to work on /home/airflow/.local/lib/python3.12/site-packages/airflow/example_dags/example_datasets.py
[2024-09-13T14:40:03.690+0000] {processor.py:914} INFO - Processing file /home/airflow/.local/lib/python3.12/site-packages/airflow/example_dags/example_datasets.py for tasks to queue
[2024-09-13T14:40:03.692+0000] {logging_mixin.py:190} INFO - [2024-09-13T14:40:03.691+0000] {dagbag.py:587} INFO - Filling up the DagBag from /home/airflow/.local/lib/python3.12/site-packages/airflow/example_dags/example_datasets.py
[2024-09-13T14:40:03.844+0000] {processor.py:925} INFO - DAG(s) 'consume_1_or_2_with_dataset_expressions', 'dataset_consumes_1_and_2', 'conditional_dataset_and_time_based_timetable', 'dataset_produces_2', 'consume_1_and_2_with_dataset_expressions', 'dataset_consumes_1_never_scheduled', 'dataset_produces_1', 'consume_1_or_both_2_and_3_with_dataset_expressions', 'dataset_consumes_unknown_never_scheduled', 'dataset_consumes_1' retrieved from /home/airflow/.local/lib/python3.12/site-packages/airflow/example_dags/example_datasets.py
[2024-09-13T14:40:03.889+0000] {logging_mixin.py:190} INFO - [2024-09-13T14:40:03.888+0000] {dag.py:3229} INFO - Sync 10 DAGs
[2024-09-13T14:40:03.918+0000] {logging_mixin.py:190} INFO - [2024-09-13T14:40:03.918+0000] {dag.py:4156} INFO - Setting next_dagrun for conditional_dataset_and_time_based_timetable to 2024-09-11 01:00:00+00:00, run_after=2024-09-11 01:00:00+00:00
[2024-09-13T14:40:03.922+0000] {logging_mixin.py:190} INFO - [2024-09-13T14:40:03.922+0000] {dag.py:4156} INFO - Setting next_dagrun for consume_1_and_2_with_dataset_expressions to None, run_after=None
[2024-09-13T14:40:03.924+0000] {logging_mixin.py:190} INFO - [2024-09-13T14:40:03.924+0000] {dag.py:4156} INFO - Setting next_dagrun for consume_1_or_2_with_dataset_expressions to None, run_after=None
[2024-09-13T14:40:03.925+0000] {logging_mixin.py:190} INFO - [2024-09-13T14:40:03.925+0000] {dag.py:4156} INFO - Setting next_dagrun for consume_1_or_both_2_and_3_with_dataset_expressions to None, run_after=None
[2024-09-13T14:40:03.926+0000] {logging_mixin.py:190} INFO - [2024-09-13T14:40:03.926+0000] {dag.py:4156} INFO - Setting next_dagrun for dataset_consumes_1 to None, run_after=None
[2024-09-13T14:40:03.928+0000] {logging_mixin.py:190} INFO - [2024-09-13T14:40:03.927+0000] {dag.py:4156} INFO - Setting next_dagrun for dataset_consumes_1_and_2 to None, run_after=None
[2024-09-13T14:40:03.929+0000] {logging_mixin.py:190} INFO - [2024-09-13T14:40:03.928+0000] {dag.py:4156} INFO - Setting next_dagrun for dataset_consumes_1_never_scheduled to None, run_after=None
[2024-09-13T14:40:03.930+0000] {logging_mixin.py:190} INFO - [2024-09-13T14:40:03.929+0000] {dag.py:4156} INFO - Setting next_dagrun for dataset_consumes_unknown_never_scheduled to None, run_after=None
[2024-09-13T14:40:03.932+0000] {logging_mixin.py:190} INFO - [2024-09-13T14:40:03.931+0000] {dag.py:4156} INFO - Setting next_dagrun for dataset_produces_1 to 2024-09-12 00:00:00+00:00, run_after=2024-09-13 00:00:00+00:00
[2024-09-13T14:40:03.933+0000] {logging_mixin.py:190} INFO - [2024-09-13T14:40:03.933+0000] {dag.py:4156} INFO - Setting next_dagrun for dataset_produces_2 to None, run_after=None
[2024-09-13T14:40:03.964+0000] {processor.py:208} INFO - Processing /home/airflow/.local/lib/python3.12/site-packages/airflow/example_dags/example_datasets.py took 0.280 seconds
[2024-09-13T14:40:34.179+0000] {processor.py:186} INFO - Started process (PID=210) to work on /home/airflow/.local/lib/python3.12/site-packages/airflow/example_dags/example_datasets.py
[2024-09-13T14:40:34.180+0000] {processor.py:914} INFO - Processing file /home/airflow/.local/lib/python3.12/site-packages/airflow/example_dags/example_datasets.py for tasks to queue
[2024-09-13T14:40:34.182+0000] {logging_mixin.py:190} INFO - [2024-09-13T14:40:34.182+0000] {dagbag.py:587} INFO - Filling up the DagBag from /home/airflow/.local/lib/python3.12/site-packages/airflow/example_dags/example_datasets.py
[2024-09-13T14:40:34.320+0000] {processor.py:925} INFO - DAG(s) 'dataset_consumes_1', 'consume_1_and_2_with_dataset_expressions', 'consume_1_or_2_with_dataset_expressions', 'conditional_dataset_and_time_based_timetable', 'dataset_consumes_unknown_never_scheduled', 'dataset_consumes_1_and_2', 'dataset_consumes_1_never_scheduled', 'dataset_produces_2', 'consume_1_or_both_2_and_3_with_dataset_expressions', 'dataset_produces_1' retrieved from /home/airflow/.local/lib/python3.12/site-packages/airflow/example_dags/example_datasets.py
[2024-09-13T14:40:34.359+0000] {logging_mixin.py:190} INFO - [2024-09-13T14:40:34.359+0000] {dag.py:3229} INFO - Sync 10 DAGs
[2024-09-13T14:40:34.380+0000] {logging_mixin.py:190} INFO - [2024-09-13T14:40:34.380+0000] {dag.py:4156} INFO - Setting next_dagrun for conditional_dataset_and_time_based_timetable to 2024-09-11 01:00:00+00:00, run_after=2024-09-11 01:00:00+00:00
[2024-09-13T14:40:34.383+0000] {logging_mixin.py:190} INFO - [2024-09-13T14:40:34.383+0000] {dag.py:4156} INFO - Setting next_dagrun for consume_1_and_2_with_dataset_expressions to None, run_after=None
[2024-09-13T14:40:34.384+0000] {logging_mixin.py:190} INFO - [2024-09-13T14:40:34.384+0000] {dag.py:4156} INFO - Setting next_dagrun for consume_1_or_2_with_dataset_expressions to None, run_after=None
[2024-09-13T14:40:34.385+0000] {logging_mixin.py:190} INFO - [2024-09-13T14:40:34.385+0000] {dag.py:4156} INFO - Setting next_dagrun for consume_1_or_both_2_and_3_with_dataset_expressions to None, run_after=None
[2024-09-13T14:40:34.386+0000] {logging_mixin.py:190} INFO - [2024-09-13T14:40:34.386+0000] {dag.py:4156} INFO - Setting next_dagrun for dataset_consumes_1 to None, run_after=None
[2024-09-13T14:40:34.388+0000] {logging_mixin.py:190} INFO - [2024-09-13T14:40:34.387+0000] {dag.py:4156} INFO - Setting next_dagrun for dataset_consumes_1_and_2 to None, run_after=None
[2024-09-13T14:40:34.389+0000] {logging_mixin.py:190} INFO - [2024-09-13T14:40:34.389+0000] {dag.py:4156} INFO - Setting next_dagrun for dataset_consumes_1_never_scheduled to None, run_after=None
[2024-09-13T14:40:34.390+0000] {logging_mixin.py:190} INFO - [2024-09-13T14:40:34.390+0000] {dag.py:4156} INFO - Setting next_dagrun for dataset_consumes_unknown_never_scheduled to None, run_after=None
[2024-09-13T14:40:34.392+0000] {logging_mixin.py:190} INFO - [2024-09-13T14:40:34.392+0000] {dag.py:4156} INFO - Setting next_dagrun for dataset_produces_1 to 2024-09-12 00:00:00+00:00, run_after=2024-09-13 00:00:00+00:00
[2024-09-13T14:40:34.393+0000] {logging_mixin.py:190} INFO - [2024-09-13T14:40:34.393+0000] {dag.py:4156} INFO - Setting next_dagrun for dataset_produces_2 to None, run_after=None
[2024-09-13T14:40:34.424+0000] {processor.py:208} INFO - Processing /home/airflow/.local/lib/python3.12/site-packages/airflow/example_dags/example_datasets.py took 0.251 seconds
[2024-09-13T14:41:25.262+0000] {processor.py:186} INFO - Started process (PID=76) to work on /home/airflow/.local/lib/python3.12/site-packages/airflow/example_dags/example_datasets.py
[2024-09-13T14:41:25.263+0000] {processor.py:914} INFO - Processing file /home/airflow/.local/lib/python3.12/site-packages/airflow/example_dags/example_datasets.py for tasks to queue
[2024-09-13T14:41:25.265+0000] {logging_mixin.py:190} INFO - [2024-09-13T14:41:25.265+0000] {dagbag.py:587} INFO - Filling up the DagBag from /home/airflow/.local/lib/python3.12/site-packages/airflow/example_dags/example_datasets.py
[2024-09-13T14:41:25.405+0000] {processor.py:925} INFO - DAG(s) 'consume_1_or_both_2_and_3_with_dataset_expressions', 'dataset_consumes_1_and_2', 'dataset_produces_2', 'conditional_dataset_and_time_based_timetable', 'consume_1_or_2_with_dataset_expressions', 'dataset_consumes_unknown_never_scheduled', 'dataset_consumes_1_never_scheduled', 'dataset_produces_1', 'dataset_consumes_1', 'consume_1_and_2_with_dataset_expressions' retrieved from /home/airflow/.local/lib/python3.12/site-packages/airflow/example_dags/example_datasets.py
[2024-09-13T14:41:25.453+0000] {logging_mixin.py:190} INFO - [2024-09-13T14:41:25.453+0000] {dag.py:3229} INFO - Sync 10 DAGs
[2024-09-13T14:41:25.483+0000] {logging_mixin.py:190} INFO - [2024-09-13T14:41:25.483+0000] {dag.py:4156} INFO - Setting next_dagrun for conditional_dataset_and_time_based_timetable to 2024-09-11 01:00:00+00:00, run_after=2024-09-11 01:00:00+00:00
[2024-09-13T14:41:25.486+0000] {logging_mixin.py:190} INFO - [2024-09-13T14:41:25.486+0000] {dag.py:4156} INFO - Setting next_dagrun for consume_1_and_2_with_dataset_expressions to None, run_after=None
[2024-09-13T14:41:25.488+0000] {logging_mixin.py:190} INFO - [2024-09-13T14:41:25.487+0000] {dag.py:4156} INFO - Setting next_dagrun for consume_1_or_2_with_dataset_expressions to None, run_after=None
[2024-09-13T14:41:25.489+0000] {logging_mixin.py:190} INFO - [2024-09-13T14:41:25.488+0000] {dag.py:4156} INFO - Setting next_dagrun for consume_1_or_both_2_and_3_with_dataset_expressions to None, run_after=None
[2024-09-13T14:41:25.490+0000] {logging_mixin.py:190} INFO - [2024-09-13T14:41:25.490+0000] {dag.py:4156} INFO - Setting next_dagrun for dataset_consumes_1 to None, run_after=None
[2024-09-13T14:41:25.492+0000] {logging_mixin.py:190} INFO - [2024-09-13T14:41:25.491+0000] {dag.py:4156} INFO - Setting next_dagrun for dataset_consumes_1_and_2 to None, run_after=None
[2024-09-13T14:41:25.493+0000] {logging_mixin.py:190} INFO - [2024-09-13T14:41:25.493+0000] {dag.py:4156} INFO - Setting next_dagrun for dataset_consumes_1_never_scheduled to None, run_after=None
[2024-09-13T14:41:25.494+0000] {logging_mixin.py:190} INFO - [2024-09-13T14:41:25.494+0000] {dag.py:4156} INFO - Setting next_dagrun for dataset_consumes_unknown_never_scheduled to None, run_after=None
[2024-09-13T14:41:25.496+0000] {logging_mixin.py:190} INFO - [2024-09-13T14:41:25.496+0000] {dag.py:4156} INFO - Setting next_dagrun for dataset_produces_1 to 2024-09-12 00:00:00+00:00, run_after=2024-09-13 00:00:00+00:00
[2024-09-13T14:41:25.497+0000] {logging_mixin.py:190} INFO - [2024-09-13T14:41:25.497+0000] {dag.py:4156} INFO - Setting next_dagrun for dataset_produces_2 to None, run_after=None
[2024-09-13T14:41:25.526+0000] {processor.py:208} INFO - Processing /home/airflow/.local/lib/python3.12/site-packages/airflow/example_dags/example_datasets.py took 0.269 seconds
[2024-09-13T14:41:56.240+0000] {processor.py:186} INFO - Started process (PID=138) to work on /home/airflow/.local/lib/python3.12/site-packages/airflow/example_dags/example_datasets.py
[2024-09-13T14:41:56.241+0000] {processor.py:914} INFO - Processing file /home/airflow/.local/lib/python3.12/site-packages/airflow/example_dags/example_datasets.py for tasks to queue
[2024-09-13T14:41:56.243+0000] {logging_mixin.py:190} INFO - [2024-09-13T14:41:56.242+0000] {dagbag.py:587} INFO - Filling up the DagBag from /home/airflow/.local/lib/python3.12/site-packages/airflow/example_dags/example_datasets.py
[2024-09-13T14:41:56.374+0000] {processor.py:925} INFO - DAG(s) 'dataset_consumes_1_never_scheduled', 'dataset_consumes_1', 'conditional_dataset_and_time_based_timetable', 'dataset_consumes_unknown_never_scheduled', 'consume_1_or_2_with_dataset_expressions', 'dataset_consumes_1_and_2', 'dataset_produces_2', 'dataset_produces_1', 'consume_1_or_both_2_and_3_with_dataset_expressions', 'consume_1_and_2_with_dataset_expressions' retrieved from /home/airflow/.local/lib/python3.12/site-packages/airflow/example_dags/example_datasets.py
[2024-09-13T14:41:56.416+0000] {logging_mixin.py:190} INFO - [2024-09-13T14:41:56.415+0000] {dag.py:3229} INFO - Sync 10 DAGs
[2024-09-13T14:41:56.439+0000] {logging_mixin.py:190} INFO - [2024-09-13T14:41:56.439+0000] {dag.py:4156} INFO - Setting next_dagrun for conditional_dataset_and_time_based_timetable to 2024-09-11 01:00:00+00:00, run_after=2024-09-11 01:00:00+00:00
[2024-09-13T14:41:56.443+0000] {logging_mixin.py:190} INFO - [2024-09-13T14:41:56.442+0000] {dag.py:4156} INFO - Setting next_dagrun for consume_1_and_2_with_dataset_expressions to None, run_after=None
[2024-09-13T14:41:56.444+0000] {logging_mixin.py:190} INFO - [2024-09-13T14:41:56.443+0000] {dag.py:4156} INFO - Setting next_dagrun for consume_1_or_2_with_dataset_expressions to None, run_after=None
[2024-09-13T14:41:56.445+0000] {logging_mixin.py:190} INFO - [2024-09-13T14:41:56.445+0000] {dag.py:4156} INFO - Setting next_dagrun for consume_1_or_both_2_and_3_with_dataset_expressions to None, run_after=None
[2024-09-13T14:41:56.446+0000] {logging_mixin.py:190} INFO - [2024-09-13T14:41:56.446+0000] {dag.py:4156} INFO - Setting next_dagrun for dataset_consumes_1 to None, run_after=None
[2024-09-13T14:41:56.447+0000] {logging_mixin.py:190} INFO - [2024-09-13T14:41:56.447+0000] {dag.py:4156} INFO - Setting next_dagrun for dataset_consumes_1_and_2 to None, run_after=None
[2024-09-13T14:41:56.448+0000] {logging_mixin.py:190} INFO - [2024-09-13T14:41:56.448+0000] {dag.py:4156} INFO - Setting next_dagrun for dataset_consumes_1_never_scheduled to None, run_after=None
[2024-09-13T14:41:56.449+0000] {logging_mixin.py:190} INFO - [2024-09-13T14:41:56.449+0000] {dag.py:4156} INFO - Setting next_dagrun for dataset_consumes_unknown_never_scheduled to None, run_after=None
[2024-09-13T14:41:56.451+0000] {logging_mixin.py:190} INFO - [2024-09-13T14:41:56.451+0000] {dag.py:4156} INFO - Setting next_dagrun for dataset_produces_1 to 2024-09-12 00:00:00+00:00, run_after=2024-09-13 00:00:00+00:00
[2024-09-13T14:41:56.453+0000] {logging_mixin.py:190} INFO - [2024-09-13T14:41:56.452+0000] {dag.py:4156} INFO - Setting next_dagrun for dataset_produces_2 to None, run_after=None
[2024-09-13T14:41:56.485+0000] {processor.py:208} INFO - Processing /home/airflow/.local/lib/python3.12/site-packages/airflow/example_dags/example_datasets.py took 0.249 seconds
[2024-09-13T14:42:27.247+0000] {processor.py:186} INFO - Started process (PID=200) to work on /home/airflow/.local/lib/python3.12/site-packages/airflow/example_dags/example_datasets.py
[2024-09-13T14:42:27.248+0000] {processor.py:914} INFO - Processing file /home/airflow/.local/lib/python3.12/site-packages/airflow/example_dags/example_datasets.py for tasks to queue
[2024-09-13T14:42:27.250+0000] {logging_mixin.py:190} INFO - [2024-09-13T14:42:27.249+0000] {dagbag.py:587} INFO - Filling up the DagBag from /home/airflow/.local/lib/python3.12/site-packages/airflow/example_dags/example_datasets.py
[2024-09-13T14:42:27.416+0000] {processor.py:925} INFO - DAG(s) 'consume_1_or_both_2_and_3_with_dataset_expressions', 'dataset_consumes_1_never_scheduled', 'conditional_dataset_and_time_based_timetable', 'dataset_consumes_1_and_2', 'consume_1_and_2_with_dataset_expressions', 'dataset_produces_1', 'dataset_consumes_unknown_never_scheduled', 'consume_1_or_2_with_dataset_expressions', 'dataset_produces_2', 'dataset_consumes_1' retrieved from /home/airflow/.local/lib/python3.12/site-packages/airflow/example_dags/example_datasets.py
[2024-09-13T14:42:27.462+0000] {logging_mixin.py:190} INFO - [2024-09-13T14:42:27.462+0000] {dag.py:3229} INFO - Sync 10 DAGs
[2024-09-13T14:42:27.486+0000] {logging_mixin.py:190} INFO - [2024-09-13T14:42:27.486+0000] {dag.py:4156} INFO - Setting next_dagrun for conditional_dataset_and_time_based_timetable to 2024-09-11 01:00:00+00:00, run_after=2024-09-11 01:00:00+00:00
[2024-09-13T14:42:27.490+0000] {logging_mixin.py:190} INFO - [2024-09-13T14:42:27.490+0000] {dag.py:4156} INFO - Setting next_dagrun for consume_1_and_2_with_dataset_expressions to None, run_after=None
[2024-09-13T14:42:27.491+0000] {logging_mixin.py:190} INFO - [2024-09-13T14:42:27.491+0000] {dag.py:4156} INFO - Setting next_dagrun for consume_1_or_2_with_dataset_expressions to None, run_after=None
[2024-09-13T14:42:27.493+0000] {logging_mixin.py:190} INFO - [2024-09-13T14:42:27.493+0000] {dag.py:4156} INFO - Setting next_dagrun for consume_1_or_both_2_and_3_with_dataset_expressions to None, run_after=None
[2024-09-13T14:42:27.494+0000] {logging_mixin.py:190} INFO - [2024-09-13T14:42:27.494+0000] {dag.py:4156} INFO - Setting next_dagrun for dataset_consumes_1 to None, run_after=None
[2024-09-13T14:42:27.495+0000] {logging_mixin.py:190} INFO - [2024-09-13T14:42:27.495+0000] {dag.py:4156} INFO - Setting next_dagrun for dataset_consumes_1_and_2 to None, run_after=None
[2024-09-13T14:42:27.496+0000] {logging_mixin.py:190} INFO - [2024-09-13T14:42:27.496+0000] {dag.py:4156} INFO - Setting next_dagrun for dataset_consumes_1_never_scheduled to None, run_after=None
[2024-09-13T14:42:27.497+0000] {logging_mixin.py:190} INFO - [2024-09-13T14:42:27.497+0000] {dag.py:4156} INFO - Setting next_dagrun for dataset_consumes_unknown_never_scheduled to None, run_after=None
[2024-09-13T14:42:27.499+0000] {logging_mixin.py:190} INFO - [2024-09-13T14:42:27.499+0000] {dag.py:4156} INFO - Setting next_dagrun for dataset_produces_1 to 2024-09-12 00:00:00+00:00, run_after=2024-09-13 00:00:00+00:00
[2024-09-13T14:42:27.501+0000] {logging_mixin.py:190} INFO - [2024-09-13T14:42:27.500+0000] {dag.py:4156} INFO - Setting next_dagrun for dataset_produces_2 to None, run_after=None
[2024-09-13T14:42:27.533+0000] {processor.py:208} INFO - Processing /home/airflow/.local/lib/python3.12/site-packages/airflow/example_dags/example_datasets.py took 0.291 seconds
[2024-09-13T14:42:58.340+0000] {processor.py:186} INFO - Started process (PID=262) to work on /home/airflow/.local/lib/python3.12/site-packages/airflow/example_dags/example_datasets.py
[2024-09-13T14:42:58.341+0000] {processor.py:914} INFO - Processing file /home/airflow/.local/lib/python3.12/site-packages/airflow/example_dags/example_datasets.py for tasks to queue
[2024-09-13T14:42:58.343+0000] {logging_mixin.py:190} INFO - [2024-09-13T14:42:58.343+0000] {dagbag.py:587} INFO - Filling up the DagBag from /home/airflow/.local/lib/python3.12/site-packages/airflow/example_dags/example_datasets.py
[2024-09-13T14:42:58.602+0000] {processor.py:925} INFO - DAG(s) 'consume_1_or_2_with_dataset_expressions', 'conditional_dataset_and_time_based_timetable', 'dataset_consumes_1_never_scheduled', 'dataset_consumes_1_and_2', 'dataset_produces_2', 'dataset_consumes_unknown_never_scheduled', 'dataset_consumes_1', 'dataset_produces_1', 'consume_1_or_both_2_and_3_with_dataset_expressions', 'consume_1_and_2_with_dataset_expressions' retrieved from /home/airflow/.local/lib/python3.12/site-packages/airflow/example_dags/example_datasets.py
[2024-09-13T14:42:58.648+0000] {logging_mixin.py:190} INFO - [2024-09-13T14:42:58.648+0000] {dag.py:3229} INFO - Sync 10 DAGs
[2024-09-13T14:42:58.671+0000] {logging_mixin.py:190} INFO - [2024-09-13T14:42:58.671+0000] {dag.py:4156} INFO - Setting next_dagrun for conditional_dataset_and_time_based_timetable to 2024-09-11 01:00:00+00:00, run_after=2024-09-11 01:00:00+00:00
[2024-09-13T14:42:58.674+0000] {logging_mixin.py:190} INFO - [2024-09-13T14:42:58.674+0000] {dag.py:4156} INFO - Setting next_dagrun for consume_1_and_2_with_dataset_expressions to None, run_after=None
[2024-09-13T14:42:58.675+0000] {logging_mixin.py:190} INFO - [2024-09-13T14:42:58.675+0000] {dag.py:4156} INFO - Setting next_dagrun for consume_1_or_2_with_dataset_expressions to None, run_after=None
[2024-09-13T14:42:58.676+0000] {logging_mixin.py:190} INFO - [2024-09-13T14:42:58.676+0000] {dag.py:4156} INFO - Setting next_dagrun for consume_1_or_both_2_and_3_with_dataset_expressions to None, run_after=None
[2024-09-13T14:42:58.677+0000] {logging_mixin.py:190} INFO - [2024-09-13T14:42:58.677+0000] {dag.py:4156} INFO - Setting next_dagrun for dataset_consumes_1 to None, run_after=None
[2024-09-13T14:42:58.678+0000] {logging_mixin.py:190} INFO - [2024-09-13T14:42:58.678+0000] {dag.py:4156} INFO - Setting next_dagrun for dataset_consumes_1_and_2 to None, run_after=None
[2024-09-13T14:42:58.679+0000] {logging_mixin.py:190} INFO - [2024-09-13T14:42:58.679+0000] {dag.py:4156} INFO - Setting next_dagrun for dataset_consumes_1_never_scheduled to None, run_after=None
[2024-09-13T14:42:58.681+0000] {logging_mixin.py:190} INFO - [2024-09-13T14:42:58.680+0000] {dag.py:4156} INFO - Setting next_dagrun for dataset_consumes_unknown_never_scheduled to None, run_after=None
[2024-09-13T14:42:58.682+0000] {logging_mixin.py:190} INFO - [2024-09-13T14:42:58.682+0000] {dag.py:4156} INFO - Setting next_dagrun for dataset_produces_1 to 2024-09-12 00:00:00+00:00, run_after=2024-09-13 00:00:00+00:00
[2024-09-13T14:42:58.684+0000] {logging_mixin.py:190} INFO - [2024-09-13T14:42:58.683+0000] {dag.py:4156} INFO - Setting next_dagrun for dataset_produces_2 to None, run_after=None
[2024-09-13T14:42:58.714+0000] {processor.py:208} INFO - Processing /home/airflow/.local/lib/python3.12/site-packages/airflow/example_dags/example_datasets.py took 0.380 seconds
