[2024-09-13T14:34:39.404+0000] {processor.py:186} INFO - Started process (PID=112) to work on /home/airflow/.local/lib/python3.12/site-packages/airflow/example_dags/example_time_delta_sensor_async.py
[2024-09-13T14:34:39.405+0000] {processor.py:914} INFO - Processing file /home/airflow/.local/lib/python3.12/site-packages/airflow/example_dags/example_time_delta_sensor_async.py for tasks to queue
[2024-09-13T14:34:39.408+0000] {logging_mixin.py:190} INFO - [2024-09-13T14:34:39.407+0000] {dagbag.py:587} INFO - Filling up the DagBag from /home/airflow/.local/lib/python3.12/site-packages/airflow/example_dags/example_time_delta_sensor_async.py
[2024-09-13T14:34:39.414+0000] {processor.py:925} INFO - DAG(s) 'example_time_delta_sensor_async' retrieved from /home/airflow/.local/lib/python3.12/site-packages/airflow/example_dags/example_time_delta_sensor_async.py
[2024-09-13T14:34:39.505+0000] {logging_mixin.py:190} INFO - [2024-09-13T14:34:39.504+0000] {override.py:1900} INFO - Created Permission View: can read on DAG:example_time_delta_sensor_async
[2024-09-13T14:34:39.513+0000] {logging_mixin.py:190} INFO - [2024-09-13T14:34:39.513+0000] {override.py:1900} INFO - Created Permission View: can delete on DAG:example_time_delta_sensor_async
[2024-09-13T14:34:39.521+0000] {logging_mixin.py:190} INFO - [2024-09-13T14:34:39.520+0000] {override.py:1900} INFO - Created Permission View: can edit on DAG:example_time_delta_sensor_async
[2024-09-13T14:34:39.529+0000] {logging_mixin.py:190} INFO - [2024-09-13T14:34:39.529+0000] {override.py:1900} INFO - Created Permission View: can create on DAG Run:example_time_delta_sensor_async
[2024-09-13T14:34:39.536+0000] {logging_mixin.py:190} INFO - [2024-09-13T14:34:39.536+0000] {override.py:1900} INFO - Created Permission View: menu access on DAG Run:example_time_delta_sensor_async
[2024-09-13T14:34:39.543+0000] {logging_mixin.py:190} INFO - [2024-09-13T14:34:39.542+0000] {override.py:1900} INFO - Created Permission View: can read on DAG Run:example_time_delta_sensor_async
[2024-09-13T14:34:39.548+0000] {logging_mixin.py:190} INFO - [2024-09-13T14:34:39.548+0000] {override.py:1900} INFO - Created Permission View: can delete on DAG Run:example_time_delta_sensor_async
[2024-09-13T14:34:39.548+0000] {logging_mixin.py:190} INFO - [2024-09-13T14:34:39.548+0000] {dag.py:3229} INFO - Sync 1 DAGs
[2024-09-13T14:34:39.561+0000] {logging_mixin.py:190} INFO - [2024-09-13T14:34:39.561+0000] {dag.py:3252} INFO - Creating ORM DAG for example_time_delta_sensor_async
[2024-09-13T14:34:39.562+0000] {logging_mixin.py:190} INFO - [2024-09-13T14:34:39.562+0000] {dag.py:4156} INFO - Setting next_dagrun for example_time_delta_sensor_async to None, run_after=None
[2024-09-13T14:34:39.575+0000] {processor.py:208} INFO - Processing /home/airflow/.local/lib/python3.12/site-packages/airflow/example_dags/example_time_delta_sensor_async.py took 0.176 seconds
[2024-09-13T14:35:09.939+0000] {processor.py:186} INFO - Started process (PID=174) to work on /home/airflow/.local/lib/python3.12/site-packages/airflow/example_dags/example_time_delta_sensor_async.py
[2024-09-13T14:35:09.939+0000] {processor.py:914} INFO - Processing file /home/airflow/.local/lib/python3.12/site-packages/airflow/example_dags/example_time_delta_sensor_async.py for tasks to queue
[2024-09-13T14:35:09.942+0000] {logging_mixin.py:190} INFO - [2024-09-13T14:35:09.941+0000] {dagbag.py:587} INFO - Filling up the DagBag from /home/airflow/.local/lib/python3.12/site-packages/airflow/example_dags/example_time_delta_sensor_async.py
[2024-09-13T14:35:09.948+0000] {processor.py:925} INFO - DAG(s) 'example_time_delta_sensor_async' retrieved from /home/airflow/.local/lib/python3.12/site-packages/airflow/example_dags/example_time_delta_sensor_async.py
[2024-09-13T14:35:09.969+0000] {logging_mixin.py:190} INFO - [2024-09-13T14:35:09.968+0000] {dag.py:3229} INFO - Sync 1 DAGs
[2024-09-13T14:35:09.982+0000] {logging_mixin.py:190} INFO - [2024-09-13T14:35:09.982+0000] {dag.py:4156} INFO - Setting next_dagrun for example_time_delta_sensor_async to None, run_after=None
[2024-09-13T14:35:09.999+0000] {processor.py:208} INFO - Processing /home/airflow/.local/lib/python3.12/site-packages/airflow/example_dags/example_time_delta_sensor_async.py took 0.065 seconds
[2024-09-13T14:35:40.482+0000] {processor.py:186} INFO - Started process (PID=236) to work on /home/airflow/.local/lib/python3.12/site-packages/airflow/example_dags/example_time_delta_sensor_async.py
[2024-09-13T14:35:40.483+0000] {processor.py:914} INFO - Processing file /home/airflow/.local/lib/python3.12/site-packages/airflow/example_dags/example_time_delta_sensor_async.py for tasks to queue
[2024-09-13T14:35:40.485+0000] {logging_mixin.py:190} INFO - [2024-09-13T14:35:40.485+0000] {dagbag.py:587} INFO - Filling up the DagBag from /home/airflow/.local/lib/python3.12/site-packages/airflow/example_dags/example_time_delta_sensor_async.py
[2024-09-13T14:35:40.492+0000] {processor.py:925} INFO - DAG(s) 'example_time_delta_sensor_async' retrieved from /home/airflow/.local/lib/python3.12/site-packages/airflow/example_dags/example_time_delta_sensor_async.py
[2024-09-13T14:35:40.513+0000] {logging_mixin.py:190} INFO - [2024-09-13T14:35:40.512+0000] {dag.py:3229} INFO - Sync 1 DAGs
[2024-09-13T14:35:40.527+0000] {logging_mixin.py:190} INFO - [2024-09-13T14:35:40.527+0000] {dag.py:4156} INFO - Setting next_dagrun for example_time_delta_sensor_async to None, run_after=None
[2024-09-13T14:35:40.546+0000] {processor.py:208} INFO - Processing /home/airflow/.local/lib/python3.12/site-packages/airflow/example_dags/example_time_delta_sensor_async.py took 0.069 seconds
[2024-09-13T14:36:10.747+0000] {processor.py:186} INFO - Started process (PID=298) to work on /home/airflow/.local/lib/python3.12/site-packages/airflow/example_dags/example_time_delta_sensor_async.py
[2024-09-13T14:36:10.747+0000] {processor.py:914} INFO - Processing file /home/airflow/.local/lib/python3.12/site-packages/airflow/example_dags/example_time_delta_sensor_async.py for tasks to queue
[2024-09-13T14:36:10.749+0000] {logging_mixin.py:190} INFO - [2024-09-13T14:36:10.749+0000] {dagbag.py:587} INFO - Filling up the DagBag from /home/airflow/.local/lib/python3.12/site-packages/airflow/example_dags/example_time_delta_sensor_async.py
[2024-09-13T14:36:10.755+0000] {processor.py:925} INFO - DAG(s) 'example_time_delta_sensor_async' retrieved from /home/airflow/.local/lib/python3.12/site-packages/airflow/example_dags/example_time_delta_sensor_async.py
[2024-09-13T14:36:10.774+0000] {logging_mixin.py:190} INFO - [2024-09-13T14:36:10.774+0000] {dag.py:3229} INFO - Sync 1 DAGs
[2024-09-13T14:36:10.786+0000] {logging_mixin.py:190} INFO - [2024-09-13T14:36:10.786+0000] {dag.py:4156} INFO - Setting next_dagrun for example_time_delta_sensor_async to None, run_after=None
[2024-09-13T14:36:10.802+0000] {processor.py:208} INFO - Processing /home/airflow/.local/lib/python3.12/site-packages/airflow/example_dags/example_time_delta_sensor_async.py took 0.061 seconds
[2024-09-13T14:36:41.802+0000] {processor.py:186} INFO - Started process (PID=360) to work on /home/airflow/.local/lib/python3.12/site-packages/airflow/example_dags/example_time_delta_sensor_async.py
[2024-09-13T14:36:41.803+0000] {processor.py:914} INFO - Processing file /home/airflow/.local/lib/python3.12/site-packages/airflow/example_dags/example_time_delta_sensor_async.py for tasks to queue
[2024-09-13T14:36:41.805+0000] {logging_mixin.py:190} INFO - [2024-09-13T14:36:41.804+0000] {dagbag.py:587} INFO - Filling up the DagBag from /home/airflow/.local/lib/python3.12/site-packages/airflow/example_dags/example_time_delta_sensor_async.py
[2024-09-13T14:36:41.813+0000] {processor.py:925} INFO - DAG(s) 'example_time_delta_sensor_async' retrieved from /home/airflow/.local/lib/python3.12/site-packages/airflow/example_dags/example_time_delta_sensor_async.py
[2024-09-13T14:36:41.841+0000] {logging_mixin.py:190} INFO - [2024-09-13T14:36:41.840+0000] {dag.py:3229} INFO - Sync 1 DAGs
[2024-09-13T14:36:41.856+0000] {logging_mixin.py:190} INFO - [2024-09-13T14:36:41.856+0000] {dag.py:4156} INFO - Setting next_dagrun for example_time_delta_sensor_async to None, run_after=None
[2024-09-13T14:36:41.878+0000] {processor.py:208} INFO - Processing /home/airflow/.local/lib/python3.12/site-packages/airflow/example_dags/example_time_delta_sensor_async.py took 0.082 seconds
[2024-09-13T14:37:12.605+0000] {processor.py:186} INFO - Started process (PID=422) to work on /home/airflow/.local/lib/python3.12/site-packages/airflow/example_dags/example_time_delta_sensor_async.py
[2024-09-13T14:37:12.606+0000] {processor.py:914} INFO - Processing file /home/airflow/.local/lib/python3.12/site-packages/airflow/example_dags/example_time_delta_sensor_async.py for tasks to queue
[2024-09-13T14:37:12.608+0000] {logging_mixin.py:190} INFO - [2024-09-13T14:37:12.608+0000] {dagbag.py:587} INFO - Filling up the DagBag from /home/airflow/.local/lib/python3.12/site-packages/airflow/example_dags/example_time_delta_sensor_async.py
[2024-09-13T14:37:12.614+0000] {processor.py:925} INFO - DAG(s) 'example_time_delta_sensor_async' retrieved from /home/airflow/.local/lib/python3.12/site-packages/airflow/example_dags/example_time_delta_sensor_async.py
[2024-09-13T14:37:12.632+0000] {logging_mixin.py:190} INFO - [2024-09-13T14:37:12.632+0000] {dag.py:3229} INFO - Sync 1 DAGs
[2024-09-13T14:37:12.644+0000] {logging_mixin.py:190} INFO - [2024-09-13T14:37:12.644+0000] {dag.py:4156} INFO - Setting next_dagrun for example_time_delta_sensor_async to None, run_after=None
[2024-09-13T14:37:12.660+0000] {processor.py:208} INFO - Processing /home/airflow/.local/lib/python3.12/site-packages/airflow/example_dags/example_time_delta_sensor_async.py took 0.060 seconds
[2024-09-13T14:37:42.948+0000] {processor.py:186} INFO - Started process (PID=484) to work on /home/airflow/.local/lib/python3.12/site-packages/airflow/example_dags/example_time_delta_sensor_async.py
[2024-09-13T14:37:42.949+0000] {processor.py:914} INFO - Processing file /home/airflow/.local/lib/python3.12/site-packages/airflow/example_dags/example_time_delta_sensor_async.py for tasks to queue
[2024-09-13T14:37:42.951+0000] {logging_mixin.py:190} INFO - [2024-09-13T14:37:42.951+0000] {dagbag.py:587} INFO - Filling up the DagBag from /home/airflow/.local/lib/python3.12/site-packages/airflow/example_dags/example_time_delta_sensor_async.py
[2024-09-13T14:37:42.957+0000] {processor.py:925} INFO - DAG(s) 'example_time_delta_sensor_async' retrieved from /home/airflow/.local/lib/python3.12/site-packages/airflow/example_dags/example_time_delta_sensor_async.py
[2024-09-13T14:37:42.977+0000] {logging_mixin.py:190} INFO - [2024-09-13T14:37:42.977+0000] {dag.py:3229} INFO - Sync 1 DAGs
[2024-09-13T14:37:42.990+0000] {logging_mixin.py:190} INFO - [2024-09-13T14:37:42.990+0000] {dag.py:4156} INFO - Setting next_dagrun for example_time_delta_sensor_async to None, run_after=None
[2024-09-13T14:37:43.008+0000] {processor.py:208} INFO - Processing /home/airflow/.local/lib/python3.12/site-packages/airflow/example_dags/example_time_delta_sensor_async.py took 0.065 seconds
[2024-09-13T14:38:13.111+0000] {processor.py:186} INFO - Started process (PID=546) to work on /home/airflow/.local/lib/python3.12/site-packages/airflow/example_dags/example_time_delta_sensor_async.py
[2024-09-13T14:38:13.112+0000] {processor.py:914} INFO - Processing file /home/airflow/.local/lib/python3.12/site-packages/airflow/example_dags/example_time_delta_sensor_async.py for tasks to queue
[2024-09-13T14:38:13.114+0000] {logging_mixin.py:190} INFO - [2024-09-13T14:38:13.114+0000] {dagbag.py:587} INFO - Filling up the DagBag from /home/airflow/.local/lib/python3.12/site-packages/airflow/example_dags/example_time_delta_sensor_async.py
[2024-09-13T14:38:13.121+0000] {processor.py:925} INFO - DAG(s) 'example_time_delta_sensor_async' retrieved from /home/airflow/.local/lib/python3.12/site-packages/airflow/example_dags/example_time_delta_sensor_async.py
[2024-09-13T14:38:13.139+0000] {logging_mixin.py:190} INFO - [2024-09-13T14:38:13.138+0000] {dag.py:3229} INFO - Sync 1 DAGs
[2024-09-13T14:38:13.153+0000] {logging_mixin.py:190} INFO - [2024-09-13T14:38:13.153+0000] {dag.py:4156} INFO - Setting next_dagrun for example_time_delta_sensor_async to None, run_after=None
[2024-09-13T14:38:13.170+0000] {processor.py:208} INFO - Processing /home/airflow/.local/lib/python3.12/site-packages/airflow/example_dags/example_time_delta_sensor_async.py took 0.065 seconds
[2024-09-13T14:39:34.371+0000] {processor.py:186} INFO - Started process (PID=106) to work on /home/airflow/.local/lib/python3.12/site-packages/airflow/example_dags/example_time_delta_sensor_async.py
[2024-09-13T14:39:34.372+0000] {processor.py:914} INFO - Processing file /home/airflow/.local/lib/python3.12/site-packages/airflow/example_dags/example_time_delta_sensor_async.py for tasks to queue
[2024-09-13T14:39:34.375+0000] {logging_mixin.py:190} INFO - [2024-09-13T14:39:34.374+0000] {dagbag.py:587} INFO - Filling up the DagBag from /home/airflow/.local/lib/python3.12/site-packages/airflow/example_dags/example_time_delta_sensor_async.py
[2024-09-13T14:39:34.381+0000] {processor.py:925} INFO - DAG(s) 'example_time_delta_sensor_async' retrieved from /home/airflow/.local/lib/python3.12/site-packages/airflow/example_dags/example_time_delta_sensor_async.py
[2024-09-13T14:39:34.400+0000] {logging_mixin.py:190} INFO - [2024-09-13T14:39:34.400+0000] {dag.py:3229} INFO - Sync 1 DAGs
[2024-09-13T14:39:34.413+0000] {logging_mixin.py:190} INFO - [2024-09-13T14:39:34.413+0000] {dag.py:4156} INFO - Setting next_dagrun for example_time_delta_sensor_async to None, run_after=None
[2024-09-13T14:39:34.431+0000] {processor.py:208} INFO - Processing /home/airflow/.local/lib/python3.12/site-packages/airflow/example_dags/example_time_delta_sensor_async.py took 0.065 seconds
[2024-09-13T14:40:05.166+0000] {processor.py:186} INFO - Started process (PID=168) to work on /home/airflow/.local/lib/python3.12/site-packages/airflow/example_dags/example_time_delta_sensor_async.py
[2024-09-13T14:40:05.167+0000] {processor.py:914} INFO - Processing file /home/airflow/.local/lib/python3.12/site-packages/airflow/example_dags/example_time_delta_sensor_async.py for tasks to queue
[2024-09-13T14:40:05.169+0000] {logging_mixin.py:190} INFO - [2024-09-13T14:40:05.169+0000] {dagbag.py:587} INFO - Filling up the DagBag from /home/airflow/.local/lib/python3.12/site-packages/airflow/example_dags/example_time_delta_sensor_async.py
[2024-09-13T14:40:05.175+0000] {processor.py:925} INFO - DAG(s) 'example_time_delta_sensor_async' retrieved from /home/airflow/.local/lib/python3.12/site-packages/airflow/example_dags/example_time_delta_sensor_async.py
[2024-09-13T14:40:05.197+0000] {logging_mixin.py:190} INFO - [2024-09-13T14:40:05.197+0000] {dag.py:3229} INFO - Sync 1 DAGs
[2024-09-13T14:40:05.213+0000] {logging_mixin.py:190} INFO - [2024-09-13T14:40:05.213+0000] {dag.py:4156} INFO - Setting next_dagrun for example_time_delta_sensor_async to None, run_after=None
[2024-09-13T14:40:05.233+0000] {processor.py:208} INFO - Processing /home/airflow/.local/lib/python3.12/site-packages/airflow/example_dags/example_time_delta_sensor_async.py took 0.073 seconds
[2024-09-13T14:40:35.439+0000] {processor.py:186} INFO - Started process (PID=230) to work on /home/airflow/.local/lib/python3.12/site-packages/airflow/example_dags/example_time_delta_sensor_async.py
[2024-09-13T14:40:35.440+0000] {processor.py:914} INFO - Processing file /home/airflow/.local/lib/python3.12/site-packages/airflow/example_dags/example_time_delta_sensor_async.py for tasks to queue
[2024-09-13T14:40:35.442+0000] {logging_mixin.py:190} INFO - [2024-09-13T14:40:35.442+0000] {dagbag.py:587} INFO - Filling up the DagBag from /home/airflow/.local/lib/python3.12/site-packages/airflow/example_dags/example_time_delta_sensor_async.py
[2024-09-13T14:40:35.448+0000] {processor.py:925} INFO - DAG(s) 'example_time_delta_sensor_async' retrieved from /home/airflow/.local/lib/python3.12/site-packages/airflow/example_dags/example_time_delta_sensor_async.py
[2024-09-13T14:40:35.466+0000] {logging_mixin.py:190} INFO - [2024-09-13T14:40:35.466+0000] {dag.py:3229} INFO - Sync 1 DAGs
[2024-09-13T14:40:35.480+0000] {logging_mixin.py:190} INFO - [2024-09-13T14:40:35.480+0000] {dag.py:4156} INFO - Setting next_dagrun for example_time_delta_sensor_async to None, run_after=None
[2024-09-13T14:40:35.497+0000] {processor.py:208} INFO - Processing /home/airflow/.local/lib/python3.12/site-packages/airflow/example_dags/example_time_delta_sensor_async.py took 0.063 seconds
[2024-09-13T14:41:27.071+0000] {processor.py:186} INFO - Started process (PID=99) to work on /home/airflow/.local/lib/python3.12/site-packages/airflow/example_dags/example_time_delta_sensor_async.py
[2024-09-13T14:41:27.072+0000] {processor.py:914} INFO - Processing file /home/airflow/.local/lib/python3.12/site-packages/airflow/example_dags/example_time_delta_sensor_async.py for tasks to queue
[2024-09-13T14:41:27.075+0000] {logging_mixin.py:190} INFO - [2024-09-13T14:41:27.074+0000] {dagbag.py:587} INFO - Filling up the DagBag from /home/airflow/.local/lib/python3.12/site-packages/airflow/example_dags/example_time_delta_sensor_async.py
[2024-09-13T14:41:27.082+0000] {processor.py:925} INFO - DAG(s) 'example_time_delta_sensor_async' retrieved from /home/airflow/.local/lib/python3.12/site-packages/airflow/example_dags/example_time_delta_sensor_async.py
[2024-09-13T14:41:27.105+0000] {logging_mixin.py:190} INFO - [2024-09-13T14:41:27.105+0000] {dag.py:3229} INFO - Sync 1 DAGs
[2024-09-13T14:41:27.119+0000] {logging_mixin.py:190} INFO - [2024-09-13T14:41:27.119+0000] {dag.py:4156} INFO - Setting next_dagrun for example_time_delta_sensor_async to None, run_after=None
[2024-09-13T14:41:27.142+0000] {processor.py:208} INFO - Processing /home/airflow/.local/lib/python3.12/site-packages/airflow/example_dags/example_time_delta_sensor_async.py took 0.077 seconds
[2024-09-13T14:41:57.868+0000] {processor.py:186} INFO - Started process (PID=161) to work on /home/airflow/.local/lib/python3.12/site-packages/airflow/example_dags/example_time_delta_sensor_async.py
[2024-09-13T14:41:57.869+0000] {processor.py:914} INFO - Processing file /home/airflow/.local/lib/python3.12/site-packages/airflow/example_dags/example_time_delta_sensor_async.py for tasks to queue
[2024-09-13T14:41:57.871+0000] {logging_mixin.py:190} INFO - [2024-09-13T14:41:57.871+0000] {dagbag.py:587} INFO - Filling up the DagBag from /home/airflow/.local/lib/python3.12/site-packages/airflow/example_dags/example_time_delta_sensor_async.py
[2024-09-13T14:41:57.877+0000] {processor.py:925} INFO - DAG(s) 'example_time_delta_sensor_async' retrieved from /home/airflow/.local/lib/python3.12/site-packages/airflow/example_dags/example_time_delta_sensor_async.py
[2024-09-13T14:41:57.895+0000] {logging_mixin.py:190} INFO - [2024-09-13T14:41:57.895+0000] {dag.py:3229} INFO - Sync 1 DAGs
[2024-09-13T14:41:57.907+0000] {logging_mixin.py:190} INFO - [2024-09-13T14:41:57.907+0000] {dag.py:4156} INFO - Setting next_dagrun for example_time_delta_sensor_async to None, run_after=None
[2024-09-13T14:41:57.925+0000] {processor.py:208} INFO - Processing /home/airflow/.local/lib/python3.12/site-packages/airflow/example_dags/example_time_delta_sensor_async.py took 0.061 seconds
[2024-09-13T14:42:28.902+0000] {processor.py:186} INFO - Started process (PID=223) to work on /home/airflow/.local/lib/python3.12/site-packages/airflow/example_dags/example_time_delta_sensor_async.py
[2024-09-13T14:42:28.903+0000] {processor.py:914} INFO - Processing file /home/airflow/.local/lib/python3.12/site-packages/airflow/example_dags/example_time_delta_sensor_async.py for tasks to queue
[2024-09-13T14:42:28.905+0000] {logging_mixin.py:190} INFO - [2024-09-13T14:42:28.905+0000] {dagbag.py:587} INFO - Filling up the DagBag from /home/airflow/.local/lib/python3.12/site-packages/airflow/example_dags/example_time_delta_sensor_async.py
[2024-09-13T14:42:28.912+0000] {processor.py:925} INFO - DAG(s) 'example_time_delta_sensor_async' retrieved from /home/airflow/.local/lib/python3.12/site-packages/airflow/example_dags/example_time_delta_sensor_async.py
[2024-09-13T14:42:28.933+0000] {logging_mixin.py:190} INFO - [2024-09-13T14:42:28.933+0000] {dag.py:3229} INFO - Sync 1 DAGs
[2024-09-13T14:42:28.948+0000] {logging_mixin.py:190} INFO - [2024-09-13T14:42:28.948+0000] {dag.py:4156} INFO - Setting next_dagrun for example_time_delta_sensor_async to None, run_after=None
[2024-09-13T14:42:28.969+0000] {processor.py:208} INFO - Processing /home/airflow/.local/lib/python3.12/site-packages/airflow/example_dags/example_time_delta_sensor_async.py took 0.072 seconds
[2024-09-13T14:43:00.076+0000] {processor.py:186} INFO - Started process (PID=285) to work on /home/airflow/.local/lib/python3.12/site-packages/airflow/example_dags/example_time_delta_sensor_async.py
[2024-09-13T14:43:00.077+0000] {processor.py:914} INFO - Processing file /home/airflow/.local/lib/python3.12/site-packages/airflow/example_dags/example_time_delta_sensor_async.py for tasks to queue
[2024-09-13T14:43:00.080+0000] {logging_mixin.py:190} INFO - [2024-09-13T14:43:00.080+0000] {dagbag.py:587} INFO - Filling up the DagBag from /home/airflow/.local/lib/python3.12/site-packages/airflow/example_dags/example_time_delta_sensor_async.py
[2024-09-13T14:43:00.088+0000] {processor.py:925} INFO - DAG(s) 'example_time_delta_sensor_async' retrieved from /home/airflow/.local/lib/python3.12/site-packages/airflow/example_dags/example_time_delta_sensor_async.py
[2024-09-13T14:43:00.107+0000] {logging_mixin.py:190} INFO - [2024-09-13T14:43:00.107+0000] {dag.py:3229} INFO - Sync 1 DAGs
[2024-09-13T14:43:00.119+0000] {logging_mixin.py:190} INFO - [2024-09-13T14:43:00.119+0000] {dag.py:4156} INFO - Setting next_dagrun for example_time_delta_sensor_async to None, run_after=None
[2024-09-13T14:43:00.137+0000] {processor.py:208} INFO - Processing /home/airflow/.local/lib/python3.12/site-packages/airflow/example_dags/example_time_delta_sensor_async.py took 0.067 seconds
