[2024-09-13T14:34:35.645+0000] {processor.py:186} INFO - Started process (PID=85) to work on /home/airflow/.local/lib/python3.12/site-packages/airflow/example_dags/example_python_operator.py
[2024-09-13T14:34:35.646+0000] {processor.py:914} INFO - Processing file /home/airflow/.local/lib/python3.12/site-packages/airflow/example_dags/example_python_operator.py for tasks to queue
[2024-09-13T14:34:35.648+0000] {logging_mixin.py:190} INFO - [2024-09-13T14:34:35.647+0000] {dagbag.py:587} INFO - Filling up the DagBag from /home/airflow/.local/lib/python3.12/site-packages/airflow/example_dags/example_python_operator.py
[2024-09-13T14:34:35.659+0000] {processor.py:925} INFO - DAG(s) 'example_python_operator' retrieved from /home/airflow/.local/lib/python3.12/site-packages/airflow/example_dags/example_python_operator.py
[2024-09-13T14:34:35.760+0000] {logging_mixin.py:190} INFO - [2024-09-13T14:34:35.759+0000] {override.py:1900} INFO - Created Permission View: can read on DAG:example_python_operator
[2024-09-13T14:34:35.768+0000] {logging_mixin.py:190} INFO - [2024-09-13T14:34:35.768+0000] {override.py:1900} INFO - Created Permission View: can delete on DAG:example_python_operator
[2024-09-13T14:34:35.773+0000] {logging_mixin.py:190} INFO - [2024-09-13T14:34:35.773+0000] {override.py:1900} INFO - Created Permission View: can edit on DAG:example_python_operator
[2024-09-13T14:34:35.779+0000] {logging_mixin.py:190} INFO - [2024-09-13T14:34:35.779+0000] {override.py:1900} INFO - Created Permission View: can create on DAG Run:example_python_operator
[2024-09-13T14:34:35.784+0000] {logging_mixin.py:190} INFO - [2024-09-13T14:34:35.784+0000] {override.py:1900} INFO - Created Permission View: menu access on DAG Run:example_python_operator
[2024-09-13T14:34:35.789+0000] {logging_mixin.py:190} INFO - [2024-09-13T14:34:35.789+0000] {override.py:1900} INFO - Created Permission View: can read on DAG Run:example_python_operator
[2024-09-13T14:34:35.794+0000] {logging_mixin.py:190} INFO - [2024-09-13T14:34:35.794+0000] {override.py:1900} INFO - Created Permission View: can delete on DAG Run:example_python_operator
[2024-09-13T14:34:35.794+0000] {logging_mixin.py:190} INFO - [2024-09-13T14:34:35.794+0000] {dag.py:3229} INFO - Sync 1 DAGs
[2024-09-13T14:34:35.804+0000] {logging_mixin.py:190} INFO - [2024-09-13T14:34:35.804+0000] {dag.py:3252} INFO - Creating ORM DAG for example_python_operator
[2024-09-13T14:34:35.804+0000] {logging_mixin.py:190} INFO - [2024-09-13T14:34:35.804+0000] {dag.py:4156} INFO - Setting next_dagrun for example_python_operator to None, run_after=None
[2024-09-13T14:34:35.817+0000] {processor.py:208} INFO - Processing /home/airflow/.local/lib/python3.12/site-packages/airflow/example_dags/example_python_operator.py took 0.178 seconds
[2024-09-13T14:35:06.794+0000] {processor.py:186} INFO - Started process (PID=147) to work on /home/airflow/.local/lib/python3.12/site-packages/airflow/example_dags/example_python_operator.py
[2024-09-13T14:35:06.795+0000] {processor.py:914} INFO - Processing file /home/airflow/.local/lib/python3.12/site-packages/airflow/example_dags/example_python_operator.py for tasks to queue
[2024-09-13T14:35:06.798+0000] {logging_mixin.py:190} INFO - [2024-09-13T14:35:06.797+0000] {dagbag.py:587} INFO - Filling up the DagBag from /home/airflow/.local/lib/python3.12/site-packages/airflow/example_dags/example_python_operator.py
[2024-09-13T14:35:06.812+0000] {processor.py:925} INFO - DAG(s) 'example_python_operator' retrieved from /home/airflow/.local/lib/python3.12/site-packages/airflow/example_dags/example_python_operator.py
[2024-09-13T14:35:06.835+0000] {logging_mixin.py:190} INFO - [2024-09-13T14:35:06.835+0000] {dag.py:3229} INFO - Sync 1 DAGs
[2024-09-13T14:35:06.847+0000] {logging_mixin.py:190} INFO - [2024-09-13T14:35:06.847+0000] {dag.py:4156} INFO - Setting next_dagrun for example_python_operator to None, run_after=None
[2024-09-13T14:35:06.865+0000] {processor.py:208} INFO - Processing /home/airflow/.local/lib/python3.12/site-packages/airflow/example_dags/example_python_operator.py took 0.078 seconds
[2024-09-13T14:35:37.242+0000] {processor.py:186} INFO - Started process (PID=209) to work on /home/airflow/.local/lib/python3.12/site-packages/airflow/example_dags/example_python_operator.py
[2024-09-13T14:35:37.243+0000] {processor.py:914} INFO - Processing file /home/airflow/.local/lib/python3.12/site-packages/airflow/example_dags/example_python_operator.py for tasks to queue
[2024-09-13T14:35:37.245+0000] {logging_mixin.py:190} INFO - [2024-09-13T14:35:37.245+0000] {dagbag.py:587} INFO - Filling up the DagBag from /home/airflow/.local/lib/python3.12/site-packages/airflow/example_dags/example_python_operator.py
[2024-09-13T14:35:37.256+0000] {processor.py:925} INFO - DAG(s) 'example_python_operator' retrieved from /home/airflow/.local/lib/python3.12/site-packages/airflow/example_dags/example_python_operator.py
[2024-09-13T14:35:37.279+0000] {logging_mixin.py:190} INFO - [2024-09-13T14:35:37.278+0000] {dag.py:3229} INFO - Sync 1 DAGs
[2024-09-13T14:35:37.292+0000] {logging_mixin.py:190} INFO - [2024-09-13T14:35:37.292+0000] {dag.py:4156} INFO - Setting next_dagrun for example_python_operator to None, run_after=None
[2024-09-13T14:35:37.312+0000] {processor.py:208} INFO - Processing /home/airflow/.local/lib/python3.12/site-packages/airflow/example_dags/example_python_operator.py took 0.075 seconds
[2024-09-13T14:36:07.602+0000] {processor.py:186} INFO - Started process (PID=271) to work on /home/airflow/.local/lib/python3.12/site-packages/airflow/example_dags/example_python_operator.py
[2024-09-13T14:36:07.603+0000] {processor.py:914} INFO - Processing file /home/airflow/.local/lib/python3.12/site-packages/airflow/example_dags/example_python_operator.py for tasks to queue
[2024-09-13T14:36:07.605+0000] {logging_mixin.py:190} INFO - [2024-09-13T14:36:07.605+0000] {dagbag.py:587} INFO - Filling up the DagBag from /home/airflow/.local/lib/python3.12/site-packages/airflow/example_dags/example_python_operator.py
[2024-09-13T14:36:07.618+0000] {processor.py:925} INFO - DAG(s) 'example_python_operator' retrieved from /home/airflow/.local/lib/python3.12/site-packages/airflow/example_dags/example_python_operator.py
[2024-09-13T14:36:07.640+0000] {logging_mixin.py:190} INFO - [2024-09-13T14:36:07.640+0000] {dag.py:3229} INFO - Sync 1 DAGs
[2024-09-13T14:36:07.654+0000] {logging_mixin.py:190} INFO - [2024-09-13T14:36:07.654+0000] {dag.py:4156} INFO - Setting next_dagrun for example_python_operator to None, run_after=None
[2024-09-13T14:36:07.670+0000] {processor.py:208} INFO - Processing /home/airflow/.local/lib/python3.12/site-packages/airflow/example_dags/example_python_operator.py took 0.074 seconds
[2024-09-13T14:36:37.830+0000] {processor.py:186} INFO - Started process (PID=333) to work on /home/airflow/.local/lib/python3.12/site-packages/airflow/example_dags/example_python_operator.py
[2024-09-13T14:36:37.831+0000] {processor.py:914} INFO - Processing file /home/airflow/.local/lib/python3.12/site-packages/airflow/example_dags/example_python_operator.py for tasks to queue
[2024-09-13T14:36:37.833+0000] {logging_mixin.py:190} INFO - [2024-09-13T14:36:37.833+0000] {dagbag.py:587} INFO - Filling up the DagBag from /home/airflow/.local/lib/python3.12/site-packages/airflow/example_dags/example_python_operator.py
[2024-09-13T14:36:37.846+0000] {processor.py:925} INFO - DAG(s) 'example_python_operator' retrieved from /home/airflow/.local/lib/python3.12/site-packages/airflow/example_dags/example_python_operator.py
[2024-09-13T14:36:37.867+0000] {logging_mixin.py:190} INFO - [2024-09-13T14:36:37.867+0000] {dag.py:3229} INFO - Sync 1 DAGs
[2024-09-13T14:36:37.880+0000] {logging_mixin.py:190} INFO - [2024-09-13T14:36:37.879+0000] {dag.py:4156} INFO - Setting next_dagrun for example_python_operator to None, run_after=None
[2024-09-13T14:36:37.898+0000] {processor.py:208} INFO - Processing /home/airflow/.local/lib/python3.12/site-packages/airflow/example_dags/example_python_operator.py took 0.075 seconds
[2024-09-13T14:37:08.722+0000] {processor.py:186} INFO - Started process (PID=395) to work on /home/airflow/.local/lib/python3.12/site-packages/airflow/example_dags/example_python_operator.py
[2024-09-13T14:37:08.723+0000] {processor.py:914} INFO - Processing file /home/airflow/.local/lib/python3.12/site-packages/airflow/example_dags/example_python_operator.py for tasks to queue
[2024-09-13T14:37:08.725+0000] {logging_mixin.py:190} INFO - [2024-09-13T14:37:08.724+0000] {dagbag.py:587} INFO - Filling up the DagBag from /home/airflow/.local/lib/python3.12/site-packages/airflow/example_dags/example_python_operator.py
[2024-09-13T14:37:08.736+0000] {processor.py:925} INFO - DAG(s) 'example_python_operator' retrieved from /home/airflow/.local/lib/python3.12/site-packages/airflow/example_dags/example_python_operator.py
[2024-09-13T14:37:08.757+0000] {logging_mixin.py:190} INFO - [2024-09-13T14:37:08.757+0000] {dag.py:3229} INFO - Sync 1 DAGs
[2024-09-13T14:37:08.770+0000] {logging_mixin.py:190} INFO - [2024-09-13T14:37:08.770+0000] {dag.py:4156} INFO - Setting next_dagrun for example_python_operator to None, run_after=None
[2024-09-13T14:37:08.786+0000] {processor.py:208} INFO - Processing /home/airflow/.local/lib/python3.12/site-packages/airflow/example_dags/example_python_operator.py took 0.069 seconds
[2024-09-13T14:37:39.679+0000] {processor.py:186} INFO - Started process (PID=457) to work on /home/airflow/.local/lib/python3.12/site-packages/airflow/example_dags/example_python_operator.py
[2024-09-13T14:37:39.680+0000] {processor.py:914} INFO - Processing file /home/airflow/.local/lib/python3.12/site-packages/airflow/example_dags/example_python_operator.py for tasks to queue
[2024-09-13T14:37:39.682+0000] {logging_mixin.py:190} INFO - [2024-09-13T14:37:39.682+0000] {dagbag.py:587} INFO - Filling up the DagBag from /home/airflow/.local/lib/python3.12/site-packages/airflow/example_dags/example_python_operator.py
[2024-09-13T14:37:39.694+0000] {processor.py:925} INFO - DAG(s) 'example_python_operator' retrieved from /home/airflow/.local/lib/python3.12/site-packages/airflow/example_dags/example_python_operator.py
[2024-09-13T14:37:39.714+0000] {logging_mixin.py:190} INFO - [2024-09-13T14:37:39.714+0000] {dag.py:3229} INFO - Sync 1 DAGs
[2024-09-13T14:37:39.727+0000] {logging_mixin.py:190} INFO - [2024-09-13T14:37:39.727+0000] {dag.py:4156} INFO - Setting next_dagrun for example_python_operator to None, run_after=None
[2024-09-13T14:37:39.743+0000] {processor.py:208} INFO - Processing /home/airflow/.local/lib/python3.12/site-packages/airflow/example_dags/example_python_operator.py took 0.069 seconds
[2024-09-13T14:38:10.017+0000] {processor.py:186} INFO - Started process (PID=519) to work on /home/airflow/.local/lib/python3.12/site-packages/airflow/example_dags/example_python_operator.py
[2024-09-13T14:38:10.018+0000] {processor.py:914} INFO - Processing file /home/airflow/.local/lib/python3.12/site-packages/airflow/example_dags/example_python_operator.py for tasks to queue
[2024-09-13T14:38:10.020+0000] {logging_mixin.py:190} INFO - [2024-09-13T14:38:10.020+0000] {dagbag.py:587} INFO - Filling up the DagBag from /home/airflow/.local/lib/python3.12/site-packages/airflow/example_dags/example_python_operator.py
[2024-09-13T14:38:10.036+0000] {processor.py:925} INFO - DAG(s) 'example_python_operator' retrieved from /home/airflow/.local/lib/python3.12/site-packages/airflow/example_dags/example_python_operator.py
[2024-09-13T14:38:10.060+0000] {logging_mixin.py:190} INFO - [2024-09-13T14:38:10.060+0000] {dag.py:3229} INFO - Sync 1 DAGs
[2024-09-13T14:38:10.073+0000] {logging_mixin.py:190} INFO - [2024-09-13T14:38:10.073+0000] {dag.py:4156} INFO - Setting next_dagrun for example_python_operator to None, run_after=None
[2024-09-13T14:38:10.090+0000] {processor.py:208} INFO - Processing /home/airflow/.local/lib/python3.12/site-packages/airflow/example_dags/example_python_operator.py took 0.082 seconds
[2024-09-13T14:39:32.242+0000] {processor.py:186} INFO - Started process (PID=79) to work on /home/airflow/.local/lib/python3.12/site-packages/airflow/example_dags/example_python_operator.py
[2024-09-13T14:39:32.243+0000] {processor.py:914} INFO - Processing file /home/airflow/.local/lib/python3.12/site-packages/airflow/example_dags/example_python_operator.py for tasks to queue
[2024-09-13T14:39:32.245+0000] {logging_mixin.py:190} INFO - [2024-09-13T14:39:32.245+0000] {dagbag.py:587} INFO - Filling up the DagBag from /home/airflow/.local/lib/python3.12/site-packages/airflow/example_dags/example_python_operator.py
[2024-09-13T14:39:32.259+0000] {processor.py:925} INFO - DAG(s) 'example_python_operator' retrieved from /home/airflow/.local/lib/python3.12/site-packages/airflow/example_dags/example_python_operator.py
[2024-09-13T14:39:32.385+0000] {logging_mixin.py:190} INFO - [2024-09-13T14:39:32.384+0000] {dag.py:3229} INFO - Sync 1 DAGs
[2024-09-13T14:39:32.395+0000] {logging_mixin.py:190} INFO - [2024-09-13T14:39:32.395+0000] {dag.py:4156} INFO - Setting next_dagrun for example_python_operator to None, run_after=None
[2024-09-13T14:39:32.414+0000] {processor.py:208} INFO - Processing /home/airflow/.local/lib/python3.12/site-packages/airflow/example_dags/example_python_operator.py took 0.179 seconds
[2024-09-13T14:40:02.496+0000] {processor.py:186} INFO - Started process (PID=142) to work on /home/airflow/.local/lib/python3.12/site-packages/airflow/example_dags/example_python_operator.py
[2024-09-13T14:40:02.497+0000] {processor.py:914} INFO - Processing file /home/airflow/.local/lib/python3.12/site-packages/airflow/example_dags/example_python_operator.py for tasks to queue
[2024-09-13T14:40:02.499+0000] {logging_mixin.py:190} INFO - [2024-09-13T14:40:02.499+0000] {dagbag.py:587} INFO - Filling up the DagBag from /home/airflow/.local/lib/python3.12/site-packages/airflow/example_dags/example_python_operator.py
[2024-09-13T14:40:02.509+0000] {processor.py:925} INFO - DAG(s) 'example_python_operator' retrieved from /home/airflow/.local/lib/python3.12/site-packages/airflow/example_dags/example_python_operator.py
[2024-09-13T14:40:02.530+0000] {logging_mixin.py:190} INFO - [2024-09-13T14:40:02.530+0000] {dag.py:3229} INFO - Sync 1 DAGs
[2024-09-13T14:40:02.543+0000] {logging_mixin.py:190} INFO - [2024-09-13T14:40:02.543+0000] {dag.py:4156} INFO - Setting next_dagrun for example_python_operator to None, run_after=None
[2024-09-13T14:40:02.559+0000] {processor.py:208} INFO - Processing /home/airflow/.local/lib/python3.12/site-packages/airflow/example_dags/example_python_operator.py took 0.068 seconds
[2024-09-13T14:40:33.685+0000] {processor.py:186} INFO - Started process (PID=203) to work on /home/airflow/.local/lib/python3.12/site-packages/airflow/example_dags/example_python_operator.py
[2024-09-13T14:40:33.686+0000] {processor.py:914} INFO - Processing file /home/airflow/.local/lib/python3.12/site-packages/airflow/example_dags/example_python_operator.py for tasks to queue
[2024-09-13T14:40:33.688+0000] {logging_mixin.py:190} INFO - [2024-09-13T14:40:33.688+0000] {dagbag.py:587} INFO - Filling up the DagBag from /home/airflow/.local/lib/python3.12/site-packages/airflow/example_dags/example_python_operator.py
[2024-09-13T14:40:33.699+0000] {processor.py:925} INFO - DAG(s) 'example_python_operator' retrieved from /home/airflow/.local/lib/python3.12/site-packages/airflow/example_dags/example_python_operator.py
[2024-09-13T14:40:33.719+0000] {logging_mixin.py:190} INFO - [2024-09-13T14:40:33.719+0000] {dag.py:3229} INFO - Sync 1 DAGs
[2024-09-13T14:40:33.732+0000] {logging_mixin.py:190} INFO - [2024-09-13T14:40:33.732+0000] {dag.py:4156} INFO - Setting next_dagrun for example_python_operator to None, run_after=None
[2024-09-13T14:40:33.748+0000] {processor.py:208} INFO - Processing /home/airflow/.local/lib/python3.12/site-packages/airflow/example_dags/example_python_operator.py took 0.068 seconds
[2024-09-13T14:41:24.982+0000] {processor.py:186} INFO - Started process (PID=72) to work on /home/airflow/.local/lib/python3.12/site-packages/airflow/example_dags/example_python_operator.py
[2024-09-13T14:41:24.983+0000] {processor.py:914} INFO - Processing file /home/airflow/.local/lib/python3.12/site-packages/airflow/example_dags/example_python_operator.py for tasks to queue
[2024-09-13T14:41:24.986+0000] {logging_mixin.py:190} INFO - [2024-09-13T14:41:24.986+0000] {dagbag.py:587} INFO - Filling up the DagBag from /home/airflow/.local/lib/python3.12/site-packages/airflow/example_dags/example_python_operator.py
[2024-09-13T14:41:24.998+0000] {processor.py:925} INFO - DAG(s) 'example_python_operator' retrieved from /home/airflow/.local/lib/python3.12/site-packages/airflow/example_dags/example_python_operator.py
[2024-09-13T14:41:25.146+0000] {logging_mixin.py:190} INFO - [2024-09-13T14:41:25.145+0000] {dag.py:3229} INFO - Sync 1 DAGs
[2024-09-13T14:41:25.157+0000] {logging_mixin.py:190} INFO - [2024-09-13T14:41:25.157+0000] {dag.py:4156} INFO - Setting next_dagrun for example_python_operator to None, run_after=None
[2024-09-13T14:41:25.175+0000] {processor.py:208} INFO - Processing /home/airflow/.local/lib/python3.12/site-packages/airflow/example_dags/example_python_operator.py took 0.200 seconds
[2024-09-13T14:41:55.972+0000] {processor.py:186} INFO - Started process (PID=134) to work on /home/airflow/.local/lib/python3.12/site-packages/airflow/example_dags/example_python_operator.py
[2024-09-13T14:41:55.973+0000] {processor.py:914} INFO - Processing file /home/airflow/.local/lib/python3.12/site-packages/airflow/example_dags/example_python_operator.py for tasks to queue
[2024-09-13T14:41:55.975+0000] {logging_mixin.py:190} INFO - [2024-09-13T14:41:55.975+0000] {dagbag.py:587} INFO - Filling up the DagBag from /home/airflow/.local/lib/python3.12/site-packages/airflow/example_dags/example_python_operator.py
[2024-09-13T14:41:55.985+0000] {processor.py:925} INFO - DAG(s) 'example_python_operator' retrieved from /home/airflow/.local/lib/python3.12/site-packages/airflow/example_dags/example_python_operator.py
[2024-09-13T14:41:56.004+0000] {logging_mixin.py:190} INFO - [2024-09-13T14:41:56.004+0000] {dag.py:3229} INFO - Sync 1 DAGs
[2024-09-13T14:41:56.016+0000] {logging_mixin.py:190} INFO - [2024-09-13T14:41:56.016+0000] {dag.py:4156} INFO - Setting next_dagrun for example_python_operator to None, run_after=None
[2024-09-13T14:41:56.032+0000] {processor.py:208} INFO - Processing /home/airflow/.local/lib/python3.12/site-packages/airflow/example_dags/example_python_operator.py took 0.066 seconds
[2024-09-13T14:42:26.974+0000] {processor.py:186} INFO - Started process (PID=196) to work on /home/airflow/.local/lib/python3.12/site-packages/airflow/example_dags/example_python_operator.py
[2024-09-13T14:42:26.975+0000] {processor.py:914} INFO - Processing file /home/airflow/.local/lib/python3.12/site-packages/airflow/example_dags/example_python_operator.py for tasks to queue
[2024-09-13T14:42:26.977+0000] {logging_mixin.py:190} INFO - [2024-09-13T14:42:26.977+0000] {dagbag.py:587} INFO - Filling up the DagBag from /home/airflow/.local/lib/python3.12/site-packages/airflow/example_dags/example_python_operator.py
[2024-09-13T14:42:26.987+0000] {processor.py:925} INFO - DAG(s) 'example_python_operator' retrieved from /home/airflow/.local/lib/python3.12/site-packages/airflow/example_dags/example_python_operator.py
[2024-09-13T14:42:27.008+0000] {logging_mixin.py:190} INFO - [2024-09-13T14:42:27.008+0000] {dag.py:3229} INFO - Sync 1 DAGs
[2024-09-13T14:42:27.021+0000] {logging_mixin.py:190} INFO - [2024-09-13T14:42:27.020+0000] {dag.py:4156} INFO - Setting next_dagrun for example_python_operator to None, run_after=None
[2024-09-13T14:42:27.037+0000] {processor.py:208} INFO - Processing /home/airflow/.local/lib/python3.12/site-packages/airflow/example_dags/example_python_operator.py took 0.068 seconds
[2024-09-13T14:42:58.132+0000] {processor.py:186} INFO - Started process (PID=258) to work on /home/airflow/.local/lib/python3.12/site-packages/airflow/example_dags/example_python_operator.py
[2024-09-13T14:42:58.133+0000] {processor.py:914} INFO - Processing file /home/airflow/.local/lib/python3.12/site-packages/airflow/example_dags/example_python_operator.py for tasks to queue
[2024-09-13T14:42:58.136+0000] {logging_mixin.py:190} INFO - [2024-09-13T14:42:58.136+0000] {dagbag.py:587} INFO - Filling up the DagBag from /home/airflow/.local/lib/python3.12/site-packages/airflow/example_dags/example_python_operator.py
[2024-09-13T14:42:58.148+0000] {processor.py:925} INFO - DAG(s) 'example_python_operator' retrieved from /home/airflow/.local/lib/python3.12/site-packages/airflow/example_dags/example_python_operator.py
[2024-09-13T14:42:58.170+0000] {logging_mixin.py:190} INFO - [2024-09-13T14:42:58.169+0000] {dag.py:3229} INFO - Sync 1 DAGs
[2024-09-13T14:42:58.183+0000] {logging_mixin.py:190} INFO - [2024-09-13T14:42:58.182+0000] {dag.py:4156} INFO - Setting next_dagrun for example_python_operator to None, run_after=None
[2024-09-13T14:42:58.202+0000] {processor.py:208} INFO - Processing /home/airflow/.local/lib/python3.12/site-packages/airflow/example_dags/example_python_operator.py took 0.076 seconds
