[2024-09-13T14:34:34.322+0000] {processor.py:186} INFO - Started process (PID=72) to work on /home/airflow/.local/lib/python3.12/site-packages/airflow/example_dags/example_subdag_operator.py
[2024-09-13T14:34:34.322+0000] {processor.py:914} INFO - Processing file /home/airflow/.local/lib/python3.12/site-packages/airflow/example_dags/example_subdag_operator.py for tasks to queue
[2024-09-13T14:34:34.325+0000] {logging_mixin.py:190} INFO - [2024-09-13T14:34:34.324+0000] {dagbag.py:587} INFO - Filling up the DagBag from /home/airflow/.local/lib/python3.12/site-packages/airflow/example_dags/example_subdag_operator.py
[2024-09-13T14:34:34.368+0000] {processor.py:925} INFO - DAG(s) 'example_subdag_operator.section-1', 'example_subdag_operator.section-2', 'example_subdag_operator' retrieved from /home/airflow/.local/lib/python3.12/site-packages/airflow/example_dags/example_subdag_operator.py
[2024-09-13T14:34:34.584+0000] {logging_mixin.py:190} INFO - [2024-09-13T14:34:34.584+0000] {override.py:1900} INFO - Created Permission View: can read on DAG:example_subdag_operator
[2024-09-13T14:34:34.594+0000] {logging_mixin.py:190} INFO - [2024-09-13T14:34:34.594+0000] {override.py:1900} INFO - Created Permission View: can delete on DAG:example_subdag_operator
[2024-09-13T14:34:34.601+0000] {logging_mixin.py:190} INFO - [2024-09-13T14:34:34.601+0000] {override.py:1900} INFO - Created Permission View: can edit on DAG:example_subdag_operator
[2024-09-13T14:34:34.609+0000] {logging_mixin.py:190} INFO - [2024-09-13T14:34:34.609+0000] {override.py:1900} INFO - Created Permission View: can create on DAG Run:example_subdag_operator
[2024-09-13T14:34:34.616+0000] {logging_mixin.py:190} INFO - [2024-09-13T14:34:34.615+0000] {override.py:1900} INFO - Created Permission View: menu access on DAG Run:example_subdag_operator
[2024-09-13T14:34:34.621+0000] {logging_mixin.py:190} INFO - [2024-09-13T14:34:34.621+0000] {override.py:1900} INFO - Created Permission View: can read on DAG Run:example_subdag_operator
[2024-09-13T14:34:34.629+0000] {logging_mixin.py:190} INFO - [2024-09-13T14:34:34.628+0000] {override.py:1900} INFO - Created Permission View: can delete on DAG Run:example_subdag_operator
[2024-09-13T14:34:34.629+0000] {logging_mixin.py:190} INFO - [2024-09-13T14:34:34.629+0000] {dag.py:3229} INFO - Sync 3 DAGs
[2024-09-13T14:34:34.640+0000] {logging_mixin.py:190} INFO - [2024-09-13T14:34:34.640+0000] {dag.py:3252} INFO - Creating ORM DAG for example_subdag_operator.section-2
[2024-09-13T14:34:34.641+0000] {logging_mixin.py:190} INFO - [2024-09-13T14:34:34.641+0000] {dag.py:3252} INFO - Creating ORM DAG for example_subdag_operator
[2024-09-13T14:34:34.642+0000] {logging_mixin.py:190} INFO - [2024-09-13T14:34:34.642+0000] {dag.py:3252} INFO - Creating ORM DAG for example_subdag_operator.section-1
[2024-09-13T14:34:34.652+0000] {logging_mixin.py:190} INFO - [2024-09-13T14:34:34.652+0000] {dag.py:4156} INFO - Setting next_dagrun for example_subdag_operator to 2022-01-01 00:00:00+00:00, run_after=2022-01-01 00:00:00+00:00
[2024-09-13T14:34:34.653+0000] {logging_mixin.py:190} INFO - [2024-09-13T14:34:34.653+0000] {dag.py:4156} INFO - Setting next_dagrun for example_subdag_operator.section-1 to None, run_after=None
[2024-09-13T14:34:34.653+0000] {logging_mixin.py:190} INFO - [2024-09-13T14:34:34.653+0000] {dag.py:4156} INFO - Setting next_dagrun for example_subdag_operator.section-2 to None, run_after=None
[2024-09-13T14:34:34.662+0000] {logging_mixin.py:190} INFO - [2024-09-13T14:34:34.662+0000] {dag.py:3229} INFO - Sync 2 DAGs
[2024-09-13T14:34:34.667+0000] {logging_mixin.py:190} INFO - [2024-09-13T14:34:34.667+0000] {dag.py:4156} INFO - Setting next_dagrun for example_subdag_operator.section-1 to None, run_after=None
[2024-09-13T14:34:34.670+0000] {logging_mixin.py:190} INFO - [2024-09-13T14:34:34.670+0000] {dag.py:4156} INFO - Setting next_dagrun for example_subdag_operator.section-2 to None, run_after=None
[2024-09-13T14:34:34.681+0000] {processor.py:208} INFO - Processing /home/airflow/.local/lib/python3.12/site-packages/airflow/example_dags/example_subdag_operator.py took 0.366 seconds
[2024-09-13T14:35:05.222+0000] {processor.py:186} INFO - Started process (PID=134) to work on /home/airflow/.local/lib/python3.12/site-packages/airflow/example_dags/example_subdag_operator.py
[2024-09-13T14:35:05.223+0000] {processor.py:914} INFO - Processing file /home/airflow/.local/lib/python3.12/site-packages/airflow/example_dags/example_subdag_operator.py for tasks to queue
[2024-09-13T14:35:05.225+0000] {logging_mixin.py:190} INFO - [2024-09-13T14:35:05.225+0000] {dagbag.py:587} INFO - Filling up the DagBag from /home/airflow/.local/lib/python3.12/site-packages/airflow/example_dags/example_subdag_operator.py
[2024-09-13T14:35:05.252+0000] {processor.py:925} INFO - DAG(s) 'example_subdag_operator.section-1', 'example_subdag_operator.section-2', 'example_subdag_operator' retrieved from /home/airflow/.local/lib/python3.12/site-packages/airflow/example_dags/example_subdag_operator.py
[2024-09-13T14:35:05.267+0000] {logging_mixin.py:190} INFO - [2024-09-13T14:35:05.266+0000] {dag.py:3229} INFO - Sync 3 DAGs
[2024-09-13T14:35:05.289+0000] {logging_mixin.py:190} INFO - [2024-09-13T14:35:05.289+0000] {dag.py:4156} INFO - Setting next_dagrun for example_subdag_operator to 2022-01-01 00:00:00+00:00, run_after=2022-01-01 00:00:00+00:00
[2024-09-13T14:35:05.293+0000] {logging_mixin.py:190} INFO - [2024-09-13T14:35:05.293+0000] {dag.py:4156} INFO - Setting next_dagrun for example_subdag_operator.section-1 to None, run_after=None
[2024-09-13T14:35:05.295+0000] {logging_mixin.py:190} INFO - [2024-09-13T14:35:05.294+0000] {dag.py:4156} INFO - Setting next_dagrun for example_subdag_operator.section-2 to None, run_after=None
[2024-09-13T14:35:05.303+0000] {logging_mixin.py:190} INFO - [2024-09-13T14:35:05.302+0000] {dag.py:3229} INFO - Sync 2 DAGs
[2024-09-13T14:35:05.309+0000] {logging_mixin.py:190} INFO - [2024-09-13T14:35:05.309+0000] {dag.py:4156} INFO - Setting next_dagrun for example_subdag_operator.section-1 to None, run_after=None
[2024-09-13T14:35:05.309+0000] {logging_mixin.py:190} INFO - [2024-09-13T14:35:05.309+0000] {dag.py:4156} INFO - Setting next_dagrun for example_subdag_operator.section-2 to None, run_after=None
[2024-09-13T14:35:05.320+0000] {processor.py:208} INFO - Processing /home/airflow/.local/lib/python3.12/site-packages/airflow/example_dags/example_subdag_operator.py took 0.102 seconds
[2024-09-13T14:35:35.664+0000] {processor.py:186} INFO - Started process (PID=202) to work on /home/airflow/.local/lib/python3.12/site-packages/airflow/example_dags/example_subdag_operator.py
[2024-09-13T14:35:35.665+0000] {processor.py:914} INFO - Processing file /home/airflow/.local/lib/python3.12/site-packages/airflow/example_dags/example_subdag_operator.py for tasks to queue
[2024-09-13T14:35:35.666+0000] {logging_mixin.py:190} INFO - [2024-09-13T14:35:35.666+0000] {dagbag.py:587} INFO - Filling up the DagBag from /home/airflow/.local/lib/python3.12/site-packages/airflow/example_dags/example_subdag_operator.py
[2024-09-13T14:35:35.693+0000] {processor.py:925} INFO - DAG(s) 'example_subdag_operator.section-1', 'example_subdag_operator.section-2', 'example_subdag_operator' retrieved from /home/airflow/.local/lib/python3.12/site-packages/airflow/example_dags/example_subdag_operator.py
[2024-09-13T14:35:35.706+0000] {logging_mixin.py:190} INFO - [2024-09-13T14:35:35.706+0000] {dag.py:3229} INFO - Sync 3 DAGs
[2024-09-13T14:35:35.725+0000] {logging_mixin.py:190} INFO - [2024-09-13T14:35:35.725+0000] {dag.py:4156} INFO - Setting next_dagrun for example_subdag_operator to 2022-01-01 00:00:00+00:00, run_after=2022-01-01 00:00:00+00:00
[2024-09-13T14:35:35.728+0000] {logging_mixin.py:190} INFO - [2024-09-13T14:35:35.728+0000] {dag.py:4156} INFO - Setting next_dagrun for example_subdag_operator.section-1 to None, run_after=None
[2024-09-13T14:35:35.730+0000] {logging_mixin.py:190} INFO - [2024-09-13T14:35:35.730+0000] {dag.py:4156} INFO - Setting next_dagrun for example_subdag_operator.section-2 to None, run_after=None
[2024-09-13T14:35:35.736+0000] {logging_mixin.py:190} INFO - [2024-09-13T14:35:35.736+0000] {dag.py:3229} INFO - Sync 2 DAGs
[2024-09-13T14:35:35.742+0000] {logging_mixin.py:190} INFO - [2024-09-13T14:35:35.742+0000] {dag.py:4156} INFO - Setting next_dagrun for example_subdag_operator.section-1 to None, run_after=None
[2024-09-13T14:35:35.742+0000] {logging_mixin.py:190} INFO - [2024-09-13T14:35:35.742+0000] {dag.py:4156} INFO - Setting next_dagrun for example_subdag_operator.section-2 to None, run_after=None
[2024-09-13T14:35:35.752+0000] {processor.py:208} INFO - Processing /home/airflow/.local/lib/python3.12/site-packages/airflow/example_dags/example_subdag_operator.py took 0.093 seconds
[2024-09-13T14:36:06.051+0000] {processor.py:186} INFO - Started process (PID=264) to work on /home/airflow/.local/lib/python3.12/site-packages/airflow/example_dags/example_subdag_operator.py
[2024-09-13T14:36:06.052+0000] {processor.py:914} INFO - Processing file /home/airflow/.local/lib/python3.12/site-packages/airflow/example_dags/example_subdag_operator.py for tasks to queue
[2024-09-13T14:36:06.054+0000] {logging_mixin.py:190} INFO - [2024-09-13T14:36:06.054+0000] {dagbag.py:587} INFO - Filling up the DagBag from /home/airflow/.local/lib/python3.12/site-packages/airflow/example_dags/example_subdag_operator.py
[2024-09-13T14:36:06.080+0000] {processor.py:925} INFO - DAG(s) 'example_subdag_operator.section-1', 'example_subdag_operator.section-2', 'example_subdag_operator' retrieved from /home/airflow/.local/lib/python3.12/site-packages/airflow/example_dags/example_subdag_operator.py
[2024-09-13T14:36:06.094+0000] {logging_mixin.py:190} INFO - [2024-09-13T14:36:06.094+0000] {dag.py:3229} INFO - Sync 3 DAGs
[2024-09-13T14:36:06.116+0000] {logging_mixin.py:190} INFO - [2024-09-13T14:36:06.115+0000] {dag.py:4156} INFO - Setting next_dagrun for example_subdag_operator to 2022-01-01 00:00:00+00:00, run_after=2022-01-01 00:00:00+00:00
[2024-09-13T14:36:06.119+0000] {logging_mixin.py:190} INFO - [2024-09-13T14:36:06.119+0000] {dag.py:4156} INFO - Setting next_dagrun for example_subdag_operator.section-1 to None, run_after=None
[2024-09-13T14:36:06.120+0000] {logging_mixin.py:190} INFO - [2024-09-13T14:36:06.120+0000] {dag.py:4156} INFO - Setting next_dagrun for example_subdag_operator.section-2 to None, run_after=None
[2024-09-13T14:36:06.127+0000] {logging_mixin.py:190} INFO - [2024-09-13T14:36:06.127+0000] {dag.py:3229} INFO - Sync 2 DAGs
[2024-09-13T14:36:06.132+0000] {logging_mixin.py:190} INFO - [2024-09-13T14:36:06.132+0000] {dag.py:4156} INFO - Setting next_dagrun for example_subdag_operator.section-1 to None, run_after=None
[2024-09-13T14:36:06.133+0000] {logging_mixin.py:190} INFO - [2024-09-13T14:36:06.132+0000] {dag.py:4156} INFO - Setting next_dagrun for example_subdag_operator.section-2 to None, run_after=None
[2024-09-13T14:36:06.143+0000] {processor.py:208} INFO - Processing /home/airflow/.local/lib/python3.12/site-packages/airflow/example_dags/example_subdag_operator.py took 0.097 seconds
[2024-09-13T14:36:36.333+0000] {processor.py:186} INFO - Started process (PID=326) to work on /home/airflow/.local/lib/python3.12/site-packages/airflow/example_dags/example_subdag_operator.py
[2024-09-13T14:36:36.334+0000] {processor.py:914} INFO - Processing file /home/airflow/.local/lib/python3.12/site-packages/airflow/example_dags/example_subdag_operator.py for tasks to queue
[2024-09-13T14:36:36.337+0000] {logging_mixin.py:190} INFO - [2024-09-13T14:36:36.336+0000] {dagbag.py:587} INFO - Filling up the DagBag from /home/airflow/.local/lib/python3.12/site-packages/airflow/example_dags/example_subdag_operator.py
[2024-09-13T14:36:36.372+0000] {processor.py:925} INFO - DAG(s) 'example_subdag_operator.section-1', 'example_subdag_operator.section-2', 'example_subdag_operator' retrieved from /home/airflow/.local/lib/python3.12/site-packages/airflow/example_dags/example_subdag_operator.py
[2024-09-13T14:36:36.390+0000] {logging_mixin.py:190} INFO - [2024-09-13T14:36:36.390+0000] {dag.py:3229} INFO - Sync 3 DAGs
[2024-09-13T14:36:36.425+0000] {logging_mixin.py:190} INFO - [2024-09-13T14:36:36.424+0000] {dag.py:4156} INFO - Setting next_dagrun for example_subdag_operator to 2022-01-01 00:00:00+00:00, run_after=2022-01-01 00:00:00+00:00
[2024-09-13T14:36:36.428+0000] {logging_mixin.py:190} INFO - [2024-09-13T14:36:36.428+0000] {dag.py:4156} INFO - Setting next_dagrun for example_subdag_operator.section-1 to None, run_after=None
[2024-09-13T14:36:36.430+0000] {logging_mixin.py:190} INFO - [2024-09-13T14:36:36.429+0000] {dag.py:4156} INFO - Setting next_dagrun for example_subdag_operator.section-2 to None, run_after=None
[2024-09-13T14:36:36.438+0000] {logging_mixin.py:190} INFO - [2024-09-13T14:36:36.438+0000] {dag.py:3229} INFO - Sync 2 DAGs
[2024-09-13T14:36:36.445+0000] {logging_mixin.py:190} INFO - [2024-09-13T14:36:36.444+0000] {dag.py:4156} INFO - Setting next_dagrun for example_subdag_operator.section-1 to None, run_after=None
[2024-09-13T14:36:36.445+0000] {logging_mixin.py:190} INFO - [2024-09-13T14:36:36.445+0000] {dag.py:4156} INFO - Setting next_dagrun for example_subdag_operator.section-2 to None, run_after=None
[2024-09-13T14:36:36.458+0000] {processor.py:208} INFO - Processing /home/airflow/.local/lib/python3.12/site-packages/airflow/example_dags/example_subdag_operator.py took 0.132 seconds
[2024-09-13T14:37:07.269+0000] {processor.py:186} INFO - Started process (PID=388) to work on /home/airflow/.local/lib/python3.12/site-packages/airflow/example_dags/example_subdag_operator.py
[2024-09-13T14:37:07.270+0000] {processor.py:914} INFO - Processing file /home/airflow/.local/lib/python3.12/site-packages/airflow/example_dags/example_subdag_operator.py for tasks to queue
[2024-09-13T14:37:07.273+0000] {logging_mixin.py:190} INFO - [2024-09-13T14:37:07.273+0000] {dagbag.py:587} INFO - Filling up the DagBag from /home/airflow/.local/lib/python3.12/site-packages/airflow/example_dags/example_subdag_operator.py
[2024-09-13T14:37:07.304+0000] {processor.py:925} INFO - DAG(s) 'example_subdag_operator.section-1', 'example_subdag_operator.section-2', 'example_subdag_operator' retrieved from /home/airflow/.local/lib/python3.12/site-packages/airflow/example_dags/example_subdag_operator.py
[2024-09-13T14:37:07.319+0000] {logging_mixin.py:190} INFO - [2024-09-13T14:37:07.319+0000] {dag.py:3229} INFO - Sync 3 DAGs
[2024-09-13T14:37:07.346+0000] {logging_mixin.py:190} INFO - [2024-09-13T14:37:07.346+0000] {dag.py:4156} INFO - Setting next_dagrun for example_subdag_operator to 2022-01-01 00:00:00+00:00, run_after=2022-01-01 00:00:00+00:00
[2024-09-13T14:37:07.351+0000] {logging_mixin.py:190} INFO - [2024-09-13T14:37:07.350+0000] {dag.py:4156} INFO - Setting next_dagrun for example_subdag_operator.section-1 to None, run_after=None
[2024-09-13T14:37:07.353+0000] {logging_mixin.py:190} INFO - [2024-09-13T14:37:07.353+0000] {dag.py:4156} INFO - Setting next_dagrun for example_subdag_operator.section-2 to None, run_after=None
[2024-09-13T14:37:07.364+0000] {logging_mixin.py:190} INFO - [2024-09-13T14:37:07.364+0000] {dag.py:3229} INFO - Sync 2 DAGs
[2024-09-13T14:37:07.370+0000] {logging_mixin.py:190} INFO - [2024-09-13T14:37:07.370+0000] {dag.py:4156} INFO - Setting next_dagrun for example_subdag_operator.section-1 to None, run_after=None
[2024-09-13T14:37:07.371+0000] {logging_mixin.py:190} INFO - [2024-09-13T14:37:07.371+0000] {dag.py:4156} INFO - Setting next_dagrun for example_subdag_operator.section-2 to None, run_after=None
[2024-09-13T14:37:07.384+0000] {processor.py:208} INFO - Processing /home/airflow/.local/lib/python3.12/site-packages/airflow/example_dags/example_subdag_operator.py took 0.121 seconds
[2024-09-13T14:37:38.127+0000] {processor.py:186} INFO - Started process (PID=450) to work on /home/airflow/.local/lib/python3.12/site-packages/airflow/example_dags/example_subdag_operator.py
[2024-09-13T14:37:38.128+0000] {processor.py:914} INFO - Processing file /home/airflow/.local/lib/python3.12/site-packages/airflow/example_dags/example_subdag_operator.py for tasks to queue
[2024-09-13T14:37:38.130+0000] {logging_mixin.py:190} INFO - [2024-09-13T14:37:38.129+0000] {dagbag.py:587} INFO - Filling up the DagBag from /home/airflow/.local/lib/python3.12/site-packages/airflow/example_dags/example_subdag_operator.py
[2024-09-13T14:37:38.155+0000] {processor.py:925} INFO - DAG(s) 'example_subdag_operator.section-1', 'example_subdag_operator.section-2', 'example_subdag_operator' retrieved from /home/airflow/.local/lib/python3.12/site-packages/airflow/example_dags/example_subdag_operator.py
[2024-09-13T14:37:38.168+0000] {logging_mixin.py:190} INFO - [2024-09-13T14:37:38.168+0000] {dag.py:3229} INFO - Sync 3 DAGs
[2024-09-13T14:37:38.188+0000] {logging_mixin.py:190} INFO - [2024-09-13T14:37:38.188+0000] {dag.py:4156} INFO - Setting next_dagrun for example_subdag_operator to 2022-01-01 00:00:00+00:00, run_after=2022-01-01 00:00:00+00:00
[2024-09-13T14:37:38.191+0000] {logging_mixin.py:190} INFO - [2024-09-13T14:37:38.191+0000] {dag.py:4156} INFO - Setting next_dagrun for example_subdag_operator.section-1 to None, run_after=None
[2024-09-13T14:37:38.192+0000] {logging_mixin.py:190} INFO - [2024-09-13T14:37:38.192+0000] {dag.py:4156} INFO - Setting next_dagrun for example_subdag_operator.section-2 to None, run_after=None
[2024-09-13T14:37:38.199+0000] {logging_mixin.py:190} INFO - [2024-09-13T14:37:38.198+0000] {dag.py:3229} INFO - Sync 2 DAGs
[2024-09-13T14:37:38.204+0000] {logging_mixin.py:190} INFO - [2024-09-13T14:37:38.203+0000] {dag.py:4156} INFO - Setting next_dagrun for example_subdag_operator.section-1 to None, run_after=None
[2024-09-13T14:37:38.204+0000] {logging_mixin.py:190} INFO - [2024-09-13T14:37:38.204+0000] {dag.py:4156} INFO - Setting next_dagrun for example_subdag_operator.section-2 to None, run_after=None
[2024-09-13T14:37:38.214+0000] {processor.py:208} INFO - Processing /home/airflow/.local/lib/python3.12/site-packages/airflow/example_dags/example_subdag_operator.py took 0.093 seconds
[2024-09-13T14:38:08.608+0000] {processor.py:186} INFO - Started process (PID=512) to work on /home/airflow/.local/lib/python3.12/site-packages/airflow/example_dags/example_subdag_operator.py
[2024-09-13T14:38:08.609+0000] {processor.py:914} INFO - Processing file /home/airflow/.local/lib/python3.12/site-packages/airflow/example_dags/example_subdag_operator.py for tasks to queue
[2024-09-13T14:38:08.611+0000] {logging_mixin.py:190} INFO - [2024-09-13T14:38:08.610+0000] {dagbag.py:587} INFO - Filling up the DagBag from /home/airflow/.local/lib/python3.12/site-packages/airflow/example_dags/example_subdag_operator.py
[2024-09-13T14:38:08.636+0000] {processor.py:925} INFO - DAG(s) 'example_subdag_operator.section-1', 'example_subdag_operator.section-2', 'example_subdag_operator' retrieved from /home/airflow/.local/lib/python3.12/site-packages/airflow/example_dags/example_subdag_operator.py
[2024-09-13T14:38:08.649+0000] {logging_mixin.py:190} INFO - [2024-09-13T14:38:08.648+0000] {dag.py:3229} INFO - Sync 3 DAGs
[2024-09-13T14:38:08.668+0000] {logging_mixin.py:190} INFO - [2024-09-13T14:38:08.668+0000] {dag.py:4156} INFO - Setting next_dagrun for example_subdag_operator to 2022-01-01 00:00:00+00:00, run_after=2022-01-01 00:00:00+00:00
[2024-09-13T14:38:08.671+0000] {logging_mixin.py:190} INFO - [2024-09-13T14:38:08.671+0000] {dag.py:4156} INFO - Setting next_dagrun for example_subdag_operator.section-1 to None, run_after=None
[2024-09-13T14:38:08.673+0000] {logging_mixin.py:190} INFO - [2024-09-13T14:38:08.672+0000] {dag.py:4156} INFO - Setting next_dagrun for example_subdag_operator.section-2 to None, run_after=None
[2024-09-13T14:38:08.679+0000] {logging_mixin.py:190} INFO - [2024-09-13T14:38:08.679+0000] {dag.py:3229} INFO - Sync 2 DAGs
[2024-09-13T14:38:08.684+0000] {logging_mixin.py:190} INFO - [2024-09-13T14:38:08.684+0000] {dag.py:4156} INFO - Setting next_dagrun for example_subdag_operator.section-1 to None, run_after=None
[2024-09-13T14:38:08.685+0000] {logging_mixin.py:190} INFO - [2024-09-13T14:38:08.685+0000] {dag.py:4156} INFO - Setting next_dagrun for example_subdag_operator.section-2 to None, run_after=None
[2024-09-13T14:38:08.694+0000] {processor.py:208} INFO - Processing /home/airflow/.local/lib/python3.12/site-packages/airflow/example_dags/example_subdag_operator.py took 0.091 seconds
[2024-09-13T14:39:31.508+0000] {processor.py:186} INFO - Started process (PID=72) to work on /home/airflow/.local/lib/python3.12/site-packages/airflow/example_dags/example_subdag_operator.py
[2024-09-13T14:39:31.509+0000] {processor.py:914} INFO - Processing file /home/airflow/.local/lib/python3.12/site-packages/airflow/example_dags/example_subdag_operator.py for tasks to queue
[2024-09-13T14:39:31.512+0000] {logging_mixin.py:190} INFO - [2024-09-13T14:39:31.511+0000] {dagbag.py:587} INFO - Filling up the DagBag from /home/airflow/.local/lib/python3.12/site-packages/airflow/example_dags/example_subdag_operator.py
[2024-09-13T14:39:31.543+0000] {processor.py:925} INFO - DAG(s) 'example_subdag_operator.section-1', 'example_subdag_operator.section-2', 'example_subdag_operator' retrieved from /home/airflow/.local/lib/python3.12/site-packages/airflow/example_dags/example_subdag_operator.py
[2024-09-13T14:39:31.566+0000] {logging_mixin.py:190} INFO - [2024-09-13T14:39:31.566+0000] {dag.py:3229} INFO - Sync 3 DAGs
[2024-09-13T14:39:31.589+0000] {logging_mixin.py:190} INFO - [2024-09-13T14:39:31.589+0000] {dag.py:4156} INFO - Setting next_dagrun for example_subdag_operator to 2022-01-01 00:00:00+00:00, run_after=2022-01-01 00:00:00+00:00
[2024-09-13T14:39:31.594+0000] {logging_mixin.py:190} INFO - [2024-09-13T14:39:31.594+0000] {dag.py:4156} INFO - Setting next_dagrun for example_subdag_operator.section-1 to None, run_after=None
[2024-09-13T14:39:31.596+0000] {logging_mixin.py:190} INFO - [2024-09-13T14:39:31.596+0000] {dag.py:4156} INFO - Setting next_dagrun for example_subdag_operator.section-2 to None, run_after=None
[2024-09-13T14:39:31.603+0000] {logging_mixin.py:190} INFO - [2024-09-13T14:39:31.602+0000] {dag.py:3229} INFO - Sync 2 DAGs
[2024-09-13T14:39:31.610+0000] {logging_mixin.py:190} INFO - [2024-09-13T14:39:31.610+0000] {dag.py:4156} INFO - Setting next_dagrun for example_subdag_operator.section-1 to None, run_after=None
[2024-09-13T14:39:31.610+0000] {logging_mixin.py:190} INFO - [2024-09-13T14:39:31.610+0000] {dag.py:4156} INFO - Setting next_dagrun for example_subdag_operator.section-2 to None, run_after=None
[2024-09-13T14:39:31.623+0000] {processor.py:208} INFO - Processing /home/airflow/.local/lib/python3.12/site-packages/airflow/example_dags/example_subdag_operator.py took 0.121 seconds
[2024-09-13T14:40:01.667+0000] {processor.py:186} INFO - Started process (PID=133) to work on /home/airflow/.local/lib/python3.12/site-packages/airflow/example_dags/example_subdag_operator.py
[2024-09-13T14:40:01.667+0000] {processor.py:914} INFO - Processing file /home/airflow/.local/lib/python3.12/site-packages/airflow/example_dags/example_subdag_operator.py for tasks to queue
[2024-09-13T14:40:01.670+0000] {logging_mixin.py:190} INFO - [2024-09-13T14:40:01.670+0000] {dagbag.py:587} INFO - Filling up the DagBag from /home/airflow/.local/lib/python3.12/site-packages/airflow/example_dags/example_subdag_operator.py
[2024-09-13T14:40:01.695+0000] {processor.py:925} INFO - DAG(s) 'example_subdag_operator.section-1', 'example_subdag_operator.section-2', 'example_subdag_operator' retrieved from /home/airflow/.local/lib/python3.12/site-packages/airflow/example_dags/example_subdag_operator.py
[2024-09-13T14:40:01.709+0000] {logging_mixin.py:190} INFO - [2024-09-13T14:40:01.708+0000] {dag.py:3229} INFO - Sync 3 DAGs
[2024-09-13T14:40:01.728+0000] {logging_mixin.py:190} INFO - [2024-09-13T14:40:01.728+0000] {dag.py:4156} INFO - Setting next_dagrun for example_subdag_operator to 2022-01-01 00:00:00+00:00, run_after=2022-01-01 00:00:00+00:00
[2024-09-13T14:40:01.731+0000] {logging_mixin.py:190} INFO - [2024-09-13T14:40:01.731+0000] {dag.py:4156} INFO - Setting next_dagrun for example_subdag_operator.section-1 to None, run_after=None
[2024-09-13T14:40:01.733+0000] {logging_mixin.py:190} INFO - [2024-09-13T14:40:01.733+0000] {dag.py:4156} INFO - Setting next_dagrun for example_subdag_operator.section-2 to None, run_after=None
[2024-09-13T14:40:01.740+0000] {logging_mixin.py:190} INFO - [2024-09-13T14:40:01.739+0000] {dag.py:3229} INFO - Sync 2 DAGs
[2024-09-13T14:40:01.745+0000] {logging_mixin.py:190} INFO - [2024-09-13T14:40:01.745+0000] {dag.py:4156} INFO - Setting next_dagrun for example_subdag_operator.section-1 to None, run_after=None
[2024-09-13T14:40:01.745+0000] {logging_mixin.py:190} INFO - [2024-09-13T14:40:01.745+0000] {dag.py:4156} INFO - Setting next_dagrun for example_subdag_operator.section-2 to None, run_after=None
[2024-09-13T14:40:01.756+0000] {processor.py:208} INFO - Processing /home/airflow/.local/lib/python3.12/site-packages/airflow/example_dags/example_subdag_operator.py took 0.094 seconds
[2024-09-13T14:40:33.149+0000] {processor.py:186} INFO - Started process (PID=196) to work on /home/airflow/.local/lib/python3.12/site-packages/airflow/example_dags/example_subdag_operator.py
[2024-09-13T14:40:33.150+0000] {processor.py:914} INFO - Processing file /home/airflow/.local/lib/python3.12/site-packages/airflow/example_dags/example_subdag_operator.py for tasks to queue
[2024-09-13T14:40:33.152+0000] {logging_mixin.py:190} INFO - [2024-09-13T14:40:33.151+0000] {dagbag.py:587} INFO - Filling up the DagBag from /home/airflow/.local/lib/python3.12/site-packages/airflow/example_dags/example_subdag_operator.py
[2024-09-13T14:40:33.178+0000] {processor.py:925} INFO - DAG(s) 'example_subdag_operator.section-1', 'example_subdag_operator.section-2', 'example_subdag_operator' retrieved from /home/airflow/.local/lib/python3.12/site-packages/airflow/example_dags/example_subdag_operator.py
[2024-09-13T14:40:33.191+0000] {logging_mixin.py:190} INFO - [2024-09-13T14:40:33.191+0000] {dag.py:3229} INFO - Sync 3 DAGs
[2024-09-13T14:40:33.213+0000] {logging_mixin.py:190} INFO - [2024-09-13T14:40:33.213+0000] {dag.py:4156} INFO - Setting next_dagrun for example_subdag_operator to 2022-01-01 00:00:00+00:00, run_after=2022-01-01 00:00:00+00:00
[2024-09-13T14:40:33.217+0000] {logging_mixin.py:190} INFO - [2024-09-13T14:40:33.217+0000] {dag.py:4156} INFO - Setting next_dagrun for example_subdag_operator.section-1 to None, run_after=None
[2024-09-13T14:40:33.219+0000] {logging_mixin.py:190} INFO - [2024-09-13T14:40:33.218+0000] {dag.py:4156} INFO - Setting next_dagrun for example_subdag_operator.section-2 to None, run_after=None
[2024-09-13T14:40:33.226+0000] {logging_mixin.py:190} INFO - [2024-09-13T14:40:33.226+0000] {dag.py:3229} INFO - Sync 2 DAGs
[2024-09-13T14:40:33.231+0000] {logging_mixin.py:190} INFO - [2024-09-13T14:40:33.231+0000] {dag.py:4156} INFO - Setting next_dagrun for example_subdag_operator.section-1 to None, run_after=None
[2024-09-13T14:40:33.231+0000] {logging_mixin.py:190} INFO - [2024-09-13T14:40:33.231+0000] {dag.py:4156} INFO - Setting next_dagrun for example_subdag_operator.section-2 to None, run_after=None
[2024-09-13T14:40:33.241+0000] {processor.py:208} INFO - Processing /home/airflow/.local/lib/python3.12/site-packages/airflow/example_dags/example_subdag_operator.py took 0.097 seconds
[2024-09-13T14:41:24.334+0000] {processor.py:186} INFO - Started process (PID=65) to work on /home/airflow/.local/lib/python3.12/site-packages/airflow/example_dags/example_subdag_operator.py
[2024-09-13T14:41:24.336+0000] {processor.py:914} INFO - Processing file /home/airflow/.local/lib/python3.12/site-packages/airflow/example_dags/example_subdag_operator.py for tasks to queue
[2024-09-13T14:41:24.338+0000] {logging_mixin.py:190} INFO - [2024-09-13T14:41:24.337+0000] {dagbag.py:587} INFO - Filling up the DagBag from /home/airflow/.local/lib/python3.12/site-packages/airflow/example_dags/example_subdag_operator.py
[2024-09-13T14:41:24.366+0000] {processor.py:925} INFO - DAG(s) 'example_subdag_operator.section-1', 'example_subdag_operator.section-2', 'example_subdag_operator' retrieved from /home/airflow/.local/lib/python3.12/site-packages/airflow/example_dags/example_subdag_operator.py
[2024-09-13T14:41:24.391+0000] {logging_mixin.py:190} INFO - [2024-09-13T14:41:24.391+0000] {dag.py:3229} INFO - Sync 3 DAGs
[2024-09-13T14:41:24.415+0000] {logging_mixin.py:190} INFO - [2024-09-13T14:41:24.415+0000] {dag.py:4156} INFO - Setting next_dagrun for example_subdag_operator to 2022-01-01 00:00:00+00:00, run_after=2022-01-01 00:00:00+00:00
[2024-09-13T14:41:24.420+0000] {logging_mixin.py:190} INFO - [2024-09-13T14:41:24.419+0000] {dag.py:4156} INFO - Setting next_dagrun for example_subdag_operator.section-1 to None, run_after=None
[2024-09-13T14:41:24.422+0000] {logging_mixin.py:190} INFO - [2024-09-13T14:41:24.422+0000] {dag.py:4156} INFO - Setting next_dagrun for example_subdag_operator.section-2 to None, run_after=None
[2024-09-13T14:41:24.431+0000] {logging_mixin.py:190} INFO - [2024-09-13T14:41:24.430+0000] {dag.py:3229} INFO - Sync 2 DAGs
[2024-09-13T14:41:24.437+0000] {logging_mixin.py:190} INFO - [2024-09-13T14:41:24.437+0000] {dag.py:4156} INFO - Setting next_dagrun for example_subdag_operator.section-1 to None, run_after=None
[2024-09-13T14:41:24.438+0000] {logging_mixin.py:190} INFO - [2024-09-13T14:41:24.438+0000] {dag.py:4156} INFO - Setting next_dagrun for example_subdag_operator.section-2 to None, run_after=None
[2024-09-13T14:41:24.452+0000] {processor.py:208} INFO - Processing /home/airflow/.local/lib/python3.12/site-packages/airflow/example_dags/example_subdag_operator.py took 0.123 seconds
[2024-09-13T14:41:54.528+0000] {processor.py:186} INFO - Started process (PID=126) to work on /home/airflow/.local/lib/python3.12/site-packages/airflow/example_dags/example_subdag_operator.py
[2024-09-13T14:41:54.529+0000] {processor.py:914} INFO - Processing file /home/airflow/.local/lib/python3.12/site-packages/airflow/example_dags/example_subdag_operator.py for tasks to queue
[2024-09-13T14:41:54.531+0000] {logging_mixin.py:190} INFO - [2024-09-13T14:41:54.531+0000] {dagbag.py:587} INFO - Filling up the DagBag from /home/airflow/.local/lib/python3.12/site-packages/airflow/example_dags/example_subdag_operator.py
[2024-09-13T14:41:54.555+0000] {processor.py:925} INFO - DAG(s) 'example_subdag_operator.section-1', 'example_subdag_operator.section-2', 'example_subdag_operator' retrieved from /home/airflow/.local/lib/python3.12/site-packages/airflow/example_dags/example_subdag_operator.py
[2024-09-13T14:41:54.569+0000] {logging_mixin.py:190} INFO - [2024-09-13T14:41:54.568+0000] {dag.py:3229} INFO - Sync 3 DAGs
[2024-09-13T14:41:54.592+0000] {logging_mixin.py:190} INFO - [2024-09-13T14:41:54.592+0000] {dag.py:4156} INFO - Setting next_dagrun for example_subdag_operator to 2022-01-01 00:00:00+00:00, run_after=2022-01-01 00:00:00+00:00
[2024-09-13T14:41:54.597+0000] {logging_mixin.py:190} INFO - [2024-09-13T14:41:54.596+0000] {dag.py:4156} INFO - Setting next_dagrun for example_subdag_operator.section-1 to None, run_after=None
[2024-09-13T14:41:54.599+0000] {logging_mixin.py:190} INFO - [2024-09-13T14:41:54.598+0000] {dag.py:4156} INFO - Setting next_dagrun for example_subdag_operator.section-2 to None, run_after=None
[2024-09-13T14:41:54.607+0000] {logging_mixin.py:190} INFO - [2024-09-13T14:41:54.607+0000] {dag.py:3229} INFO - Sync 2 DAGs
[2024-09-13T14:41:54.613+0000] {logging_mixin.py:190} INFO - [2024-09-13T14:41:54.613+0000] {dag.py:4156} INFO - Setting next_dagrun for example_subdag_operator.section-1 to None, run_after=None
[2024-09-13T14:41:54.614+0000] {logging_mixin.py:190} INFO - [2024-09-13T14:41:54.614+0000] {dag.py:4156} INFO - Setting next_dagrun for example_subdag_operator.section-2 to None, run_after=None
[2024-09-13T14:41:54.624+0000] {processor.py:208} INFO - Processing /home/airflow/.local/lib/python3.12/site-packages/airflow/example_dags/example_subdag_operator.py took 0.100 seconds
[2024-09-13T14:42:25.511+0000] {processor.py:186} INFO - Started process (PID=189) to work on /home/airflow/.local/lib/python3.12/site-packages/airflow/example_dags/example_subdag_operator.py
[2024-09-13T14:42:25.513+0000] {processor.py:914} INFO - Processing file /home/airflow/.local/lib/python3.12/site-packages/airflow/example_dags/example_subdag_operator.py for tasks to queue
[2024-09-13T14:42:25.515+0000] {logging_mixin.py:190} INFO - [2024-09-13T14:42:25.515+0000] {dagbag.py:587} INFO - Filling up the DagBag from /home/airflow/.local/lib/python3.12/site-packages/airflow/example_dags/example_subdag_operator.py
[2024-09-13T14:42:25.544+0000] {processor.py:925} INFO - DAG(s) 'example_subdag_operator.section-1', 'example_subdag_operator.section-2', 'example_subdag_operator' retrieved from /home/airflow/.local/lib/python3.12/site-packages/airflow/example_dags/example_subdag_operator.py
[2024-09-13T14:42:25.558+0000] {logging_mixin.py:190} INFO - [2024-09-13T14:42:25.558+0000] {dag.py:3229} INFO - Sync 3 DAGs
[2024-09-13T14:42:25.579+0000] {logging_mixin.py:190} INFO - [2024-09-13T14:42:25.579+0000] {dag.py:4156} INFO - Setting next_dagrun for example_subdag_operator to 2022-01-01 00:00:00+00:00, run_after=2022-01-01 00:00:00+00:00
[2024-09-13T14:42:25.582+0000] {logging_mixin.py:190} INFO - [2024-09-13T14:42:25.582+0000] {dag.py:4156} INFO - Setting next_dagrun for example_subdag_operator.section-1 to None, run_after=None
[2024-09-13T14:42:25.584+0000] {logging_mixin.py:190} INFO - [2024-09-13T14:42:25.584+0000] {dag.py:4156} INFO - Setting next_dagrun for example_subdag_operator.section-2 to None, run_after=None
[2024-09-13T14:42:25.591+0000] {logging_mixin.py:190} INFO - [2024-09-13T14:42:25.591+0000] {dag.py:3229} INFO - Sync 2 DAGs
[2024-09-13T14:42:25.597+0000] {logging_mixin.py:190} INFO - [2024-09-13T14:42:25.597+0000] {dag.py:4156} INFO - Setting next_dagrun for example_subdag_operator.section-1 to None, run_after=None
[2024-09-13T14:42:25.597+0000] {logging_mixin.py:190} INFO - [2024-09-13T14:42:25.597+0000] {dag.py:4156} INFO - Setting next_dagrun for example_subdag_operator.section-2 to None, run_after=None
[2024-09-13T14:42:25.607+0000] {processor.py:208} INFO - Processing /home/airflow/.local/lib/python3.12/site-packages/airflow/example_dags/example_subdag_operator.py took 0.101 seconds
[2024-09-13T14:42:56.501+0000] {processor.py:186} INFO - Started process (PID=251) to work on /home/airflow/.local/lib/python3.12/site-packages/airflow/example_dags/example_subdag_operator.py
[2024-09-13T14:42:56.502+0000] {processor.py:914} INFO - Processing file /home/airflow/.local/lib/python3.12/site-packages/airflow/example_dags/example_subdag_operator.py for tasks to queue
[2024-09-13T14:42:56.504+0000] {logging_mixin.py:190} INFO - [2024-09-13T14:42:56.504+0000] {dagbag.py:587} INFO - Filling up the DagBag from /home/airflow/.local/lib/python3.12/site-packages/airflow/example_dags/example_subdag_operator.py
[2024-09-13T14:42:56.528+0000] {processor.py:925} INFO - DAG(s) 'example_subdag_operator.section-1', 'example_subdag_operator.section-2', 'example_subdag_operator' retrieved from /home/airflow/.local/lib/python3.12/site-packages/airflow/example_dags/example_subdag_operator.py
[2024-09-13T14:42:56.540+0000] {logging_mixin.py:190} INFO - [2024-09-13T14:42:56.540+0000] {dag.py:3229} INFO - Sync 3 DAGs
[2024-09-13T14:42:56.561+0000] {logging_mixin.py:190} INFO - [2024-09-13T14:42:56.561+0000] {dag.py:4156} INFO - Setting next_dagrun for example_subdag_operator to 2022-01-01 00:00:00+00:00, run_after=2022-01-01 00:00:00+00:00
[2024-09-13T14:42:56.564+0000] {logging_mixin.py:190} INFO - [2024-09-13T14:42:56.564+0000] {dag.py:4156} INFO - Setting next_dagrun for example_subdag_operator.section-1 to None, run_after=None
[2024-09-13T14:42:56.566+0000] {logging_mixin.py:190} INFO - [2024-09-13T14:42:56.565+0000] {dag.py:4156} INFO - Setting next_dagrun for example_subdag_operator.section-2 to None, run_after=None
[2024-09-13T14:42:56.572+0000] {logging_mixin.py:190} INFO - [2024-09-13T14:42:56.572+0000] {dag.py:3229} INFO - Sync 2 DAGs
[2024-09-13T14:42:56.578+0000] {logging_mixin.py:190} INFO - [2024-09-13T14:42:56.578+0000] {dag.py:4156} INFO - Setting next_dagrun for example_subdag_operator.section-1 to None, run_after=None
[2024-09-13T14:42:56.578+0000] {logging_mixin.py:190} INFO - [2024-09-13T14:42:56.578+0000] {dag.py:4156} INFO - Setting next_dagrun for example_subdag_operator.section-2 to None, run_after=None
[2024-09-13T14:42:56.588+0000] {processor.py:208} INFO - Processing /home/airflow/.local/lib/python3.12/site-packages/airflow/example_dags/example_subdag_operator.py took 0.093 seconds
