[2024-09-13T14:34:39.958+0000] {processor.py:186} INFO - Started process (PID=116) to work on /home/airflow/.local/lib/python3.12/site-packages/airflow/example_dags/example_setup_teardown_taskflow.py
[2024-09-13T14:34:39.958+0000] {processor.py:914} INFO - Processing file /home/airflow/.local/lib/python3.12/site-packages/airflow/example_dags/example_setup_teardown_taskflow.py for tasks to queue
[2024-09-13T14:34:39.961+0000] {logging_mixin.py:190} INFO - [2024-09-13T14:34:39.960+0000] {dagbag.py:587} INFO - Filling up the DagBag from /home/airflow/.local/lib/python3.12/site-packages/airflow/example_dags/example_setup_teardown_taskflow.py
[2024-09-13T14:34:39.971+0000] {processor.py:925} INFO - DAG(s) 'example_setup_teardown_taskflow' retrieved from /home/airflow/.local/lib/python3.12/site-packages/airflow/example_dags/example_setup_teardown_taskflow.py
[2024-09-13T14:34:40.067+0000] {logging_mixin.py:190} INFO - [2024-09-13T14:34:40.066+0000] {override.py:1900} INFO - Created Permission View: can read on DAG:example_setup_teardown_taskflow
[2024-09-13T14:34:40.077+0000] {logging_mixin.py:190} INFO - [2024-09-13T14:34:40.077+0000] {override.py:1900} INFO - Created Permission View: can delete on DAG:example_setup_teardown_taskflow
[2024-09-13T14:34:40.083+0000] {logging_mixin.py:190} INFO - [2024-09-13T14:34:40.083+0000] {override.py:1900} INFO - Created Permission View: can edit on DAG:example_setup_teardown_taskflow
[2024-09-13T14:34:40.093+0000] {logging_mixin.py:190} INFO - [2024-09-13T14:34:40.093+0000] {override.py:1900} INFO - Created Permission View: can create on DAG Run:example_setup_teardown_taskflow
[2024-09-13T14:34:40.101+0000] {logging_mixin.py:190} INFO - [2024-09-13T14:34:40.101+0000] {override.py:1900} INFO - Created Permission View: menu access on DAG Run:example_setup_teardown_taskflow
[2024-09-13T14:34:40.107+0000] {logging_mixin.py:190} INFO - [2024-09-13T14:34:40.107+0000] {override.py:1900} INFO - Created Permission View: can read on DAG Run:example_setup_teardown_taskflow
[2024-09-13T14:34:40.114+0000] {logging_mixin.py:190} INFO - [2024-09-13T14:34:40.114+0000] {override.py:1900} INFO - Created Permission View: can delete on DAG Run:example_setup_teardown_taskflow
[2024-09-13T14:34:40.115+0000] {logging_mixin.py:190} INFO - [2024-09-13T14:34:40.115+0000] {dag.py:3229} INFO - Sync 1 DAGs
[2024-09-13T14:34:40.129+0000] {logging_mixin.py:190} INFO - [2024-09-13T14:34:40.129+0000] {dag.py:3252} INFO - Creating ORM DAG for example_setup_teardown_taskflow
[2024-09-13T14:34:40.130+0000] {logging_mixin.py:190} INFO - [2024-09-13T14:34:40.130+0000] {dag.py:4156} INFO - Setting next_dagrun for example_setup_teardown_taskflow to None, run_after=None
[2024-09-13T14:34:40.148+0000] {processor.py:208} INFO - Processing /home/airflow/.local/lib/python3.12/site-packages/airflow/example_dags/example_setup_teardown_taskflow.py took 0.196 seconds
[2024-09-13T14:35:10.202+0000] {processor.py:186} INFO - Started process (PID=179) to work on /home/airflow/.local/lib/python3.12/site-packages/airflow/example_dags/example_setup_teardown_taskflow.py
[2024-09-13T14:35:10.203+0000] {processor.py:914} INFO - Processing file /home/airflow/.local/lib/python3.12/site-packages/airflow/example_dags/example_setup_teardown_taskflow.py for tasks to queue
[2024-09-13T14:35:10.205+0000] {logging_mixin.py:190} INFO - [2024-09-13T14:35:10.205+0000] {dagbag.py:587} INFO - Filling up the DagBag from /home/airflow/.local/lib/python3.12/site-packages/airflow/example_dags/example_setup_teardown_taskflow.py
[2024-09-13T14:35:10.215+0000] {processor.py:925} INFO - DAG(s) 'example_setup_teardown_taskflow' retrieved from /home/airflow/.local/lib/python3.12/site-packages/airflow/example_dags/example_setup_teardown_taskflow.py
[2024-09-13T14:35:10.238+0000] {logging_mixin.py:190} INFO - [2024-09-13T14:35:10.237+0000] {dag.py:3229} INFO - Sync 1 DAGs
[2024-09-13T14:35:10.252+0000] {logging_mixin.py:190} INFO - [2024-09-13T14:35:10.252+0000] {dag.py:4156} INFO - Setting next_dagrun for example_setup_teardown_taskflow to None, run_after=None
[2024-09-13T14:35:10.271+0000] {processor.py:208} INFO - Processing /home/airflow/.local/lib/python3.12/site-packages/airflow/example_dags/example_setup_teardown_taskflow.py took 0.074 seconds
[2024-09-13T14:35:40.785+0000] {processor.py:186} INFO - Started process (PID=240) to work on /home/airflow/.local/lib/python3.12/site-packages/airflow/example_dags/example_setup_teardown_taskflow.py
[2024-09-13T14:35:40.786+0000] {processor.py:914} INFO - Processing file /home/airflow/.local/lib/python3.12/site-packages/airflow/example_dags/example_setup_teardown_taskflow.py for tasks to queue
[2024-09-13T14:35:40.788+0000] {logging_mixin.py:190} INFO - [2024-09-13T14:35:40.787+0000] {dagbag.py:587} INFO - Filling up the DagBag from /home/airflow/.local/lib/python3.12/site-packages/airflow/example_dags/example_setup_teardown_taskflow.py
[2024-09-13T14:35:40.799+0000] {processor.py:925} INFO - DAG(s) 'example_setup_teardown_taskflow' retrieved from /home/airflow/.local/lib/python3.12/site-packages/airflow/example_dags/example_setup_teardown_taskflow.py
[2024-09-13T14:35:40.822+0000] {logging_mixin.py:190} INFO - [2024-09-13T14:35:40.822+0000] {dag.py:3229} INFO - Sync 1 DAGs
[2024-09-13T14:35:40.836+0000] {logging_mixin.py:190} INFO - [2024-09-13T14:35:40.835+0000] {dag.py:4156} INFO - Setting next_dagrun for example_setup_teardown_taskflow to None, run_after=None
[2024-09-13T14:35:40.858+0000] {processor.py:208} INFO - Processing /home/airflow/.local/lib/python3.12/site-packages/airflow/example_dags/example_setup_teardown_taskflow.py took 0.079 seconds
[2024-09-13T14:36:11.053+0000] {processor.py:186} INFO - Started process (PID=302) to work on /home/airflow/.local/lib/python3.12/site-packages/airflow/example_dags/example_setup_teardown_taskflow.py
[2024-09-13T14:36:11.054+0000] {processor.py:914} INFO - Processing file /home/airflow/.local/lib/python3.12/site-packages/airflow/example_dags/example_setup_teardown_taskflow.py for tasks to queue
[2024-09-13T14:36:11.056+0000] {logging_mixin.py:190} INFO - [2024-09-13T14:36:11.056+0000] {dagbag.py:587} INFO - Filling up the DagBag from /home/airflow/.local/lib/python3.12/site-packages/airflow/example_dags/example_setup_teardown_taskflow.py
[2024-09-13T14:36:11.065+0000] {processor.py:925} INFO - DAG(s) 'example_setup_teardown_taskflow' retrieved from /home/airflow/.local/lib/python3.12/site-packages/airflow/example_dags/example_setup_teardown_taskflow.py
[2024-09-13T14:36:11.086+0000] {logging_mixin.py:190} INFO - [2024-09-13T14:36:11.086+0000] {dag.py:3229} INFO - Sync 1 DAGs
[2024-09-13T14:36:11.099+0000] {logging_mixin.py:190} INFO - [2024-09-13T14:36:11.099+0000] {dag.py:4156} INFO - Setting next_dagrun for example_setup_teardown_taskflow to None, run_after=None
[2024-09-13T14:36:11.116+0000] {processor.py:208} INFO - Processing /home/airflow/.local/lib/python3.12/site-packages/airflow/example_dags/example_setup_teardown_taskflow.py took 0.067 seconds
[2024-09-13T14:36:42.048+0000] {processor.py:186} INFO - Started process (PID=364) to work on /home/airflow/.local/lib/python3.12/site-packages/airflow/example_dags/example_setup_teardown_taskflow.py
[2024-09-13T14:36:42.049+0000] {processor.py:914} INFO - Processing file /home/airflow/.local/lib/python3.12/site-packages/airflow/example_dags/example_setup_teardown_taskflow.py for tasks to queue
[2024-09-13T14:36:42.052+0000] {logging_mixin.py:190} INFO - [2024-09-13T14:36:42.052+0000] {dagbag.py:587} INFO - Filling up the DagBag from /home/airflow/.local/lib/python3.12/site-packages/airflow/example_dags/example_setup_teardown_taskflow.py
[2024-09-13T14:36:42.062+0000] {processor.py:925} INFO - DAG(s) 'example_setup_teardown_taskflow' retrieved from /home/airflow/.local/lib/python3.12/site-packages/airflow/example_dags/example_setup_teardown_taskflow.py
[2024-09-13T14:36:42.084+0000] {logging_mixin.py:190} INFO - [2024-09-13T14:36:42.084+0000] {dag.py:3229} INFO - Sync 1 DAGs
[2024-09-13T14:36:42.098+0000] {logging_mixin.py:190} INFO - [2024-09-13T14:36:42.098+0000] {dag.py:4156} INFO - Setting next_dagrun for example_setup_teardown_taskflow to None, run_after=None
[2024-09-13T14:36:42.118+0000] {processor.py:208} INFO - Processing /home/airflow/.local/lib/python3.12/site-packages/airflow/example_dags/example_setup_teardown_taskflow.py took 0.075 seconds
[2024-09-13T14:37:12.910+0000] {processor.py:186} INFO - Started process (PID=426) to work on /home/airflow/.local/lib/python3.12/site-packages/airflow/example_dags/example_setup_teardown_taskflow.py
[2024-09-13T14:37:12.911+0000] {processor.py:914} INFO - Processing file /home/airflow/.local/lib/python3.12/site-packages/airflow/example_dags/example_setup_teardown_taskflow.py for tasks to queue
[2024-09-13T14:37:12.912+0000] {logging_mixin.py:190} INFO - [2024-09-13T14:37:12.912+0000] {dagbag.py:587} INFO - Filling up the DagBag from /home/airflow/.local/lib/python3.12/site-packages/airflow/example_dags/example_setup_teardown_taskflow.py
[2024-09-13T14:37:12.921+0000] {processor.py:925} INFO - DAG(s) 'example_setup_teardown_taskflow' retrieved from /home/airflow/.local/lib/python3.12/site-packages/airflow/example_dags/example_setup_teardown_taskflow.py
[2024-09-13T14:37:12.943+0000] {logging_mixin.py:190} INFO - [2024-09-13T14:37:12.942+0000] {dag.py:3229} INFO - Sync 1 DAGs
[2024-09-13T14:37:12.955+0000] {logging_mixin.py:190} INFO - [2024-09-13T14:37:12.955+0000] {dag.py:4156} INFO - Setting next_dagrun for example_setup_teardown_taskflow to None, run_after=None
[2024-09-13T14:37:12.975+0000] {processor.py:208} INFO - Processing /home/airflow/.local/lib/python3.12/site-packages/airflow/example_dags/example_setup_teardown_taskflow.py took 0.071 seconds
[2024-09-13T14:37:43.268+0000] {processor.py:186} INFO - Started process (PID=488) to work on /home/airflow/.local/lib/python3.12/site-packages/airflow/example_dags/example_setup_teardown_taskflow.py
[2024-09-13T14:37:43.269+0000] {processor.py:914} INFO - Processing file /home/airflow/.local/lib/python3.12/site-packages/airflow/example_dags/example_setup_teardown_taskflow.py for tasks to queue
[2024-09-13T14:37:43.271+0000] {logging_mixin.py:190} INFO - [2024-09-13T14:37:43.271+0000] {dagbag.py:587} INFO - Filling up the DagBag from /home/airflow/.local/lib/python3.12/site-packages/airflow/example_dags/example_setup_teardown_taskflow.py
[2024-09-13T14:37:43.281+0000] {processor.py:925} INFO - DAG(s) 'example_setup_teardown_taskflow' retrieved from /home/airflow/.local/lib/python3.12/site-packages/airflow/example_dags/example_setup_teardown_taskflow.py
[2024-09-13T14:37:43.302+0000] {logging_mixin.py:190} INFO - [2024-09-13T14:37:43.302+0000] {dag.py:3229} INFO - Sync 1 DAGs
[2024-09-13T14:37:43.316+0000] {logging_mixin.py:190} INFO - [2024-09-13T14:37:43.316+0000] {dag.py:4156} INFO - Setting next_dagrun for example_setup_teardown_taskflow to None, run_after=None
[2024-09-13T14:37:43.334+0000] {processor.py:208} INFO - Processing /home/airflow/.local/lib/python3.12/site-packages/airflow/example_dags/example_setup_teardown_taskflow.py took 0.071 seconds
[2024-09-13T14:38:13.394+0000] {processor.py:186} INFO - Started process (PID=549) to work on /home/airflow/.local/lib/python3.12/site-packages/airflow/example_dags/example_setup_teardown_taskflow.py
[2024-09-13T14:38:13.395+0000] {processor.py:914} INFO - Processing file /home/airflow/.local/lib/python3.12/site-packages/airflow/example_dags/example_setup_teardown_taskflow.py for tasks to queue
[2024-09-13T14:38:13.397+0000] {logging_mixin.py:190} INFO - [2024-09-13T14:38:13.397+0000] {dagbag.py:587} INFO - Filling up the DagBag from /home/airflow/.local/lib/python3.12/site-packages/airflow/example_dags/example_setup_teardown_taskflow.py
[2024-09-13T14:38:13.407+0000] {processor.py:925} INFO - DAG(s) 'example_setup_teardown_taskflow' retrieved from /home/airflow/.local/lib/python3.12/site-packages/airflow/example_dags/example_setup_teardown_taskflow.py
[2024-09-13T14:38:13.427+0000] {logging_mixin.py:190} INFO - [2024-09-13T14:38:13.427+0000] {dag.py:3229} INFO - Sync 1 DAGs
[2024-09-13T14:38:13.440+0000] {logging_mixin.py:190} INFO - [2024-09-13T14:38:13.440+0000] {dag.py:4156} INFO - Setting next_dagrun for example_setup_teardown_taskflow to None, run_after=None
[2024-09-13T14:38:13.456+0000] {processor.py:208} INFO - Processing /home/airflow/.local/lib/python3.12/site-packages/airflow/example_dags/example_setup_teardown_taskflow.py took 0.067 seconds
[2024-09-13T14:39:34.664+0000] {processor.py:186} INFO - Started process (PID=110) to work on /home/airflow/.local/lib/python3.12/site-packages/airflow/example_dags/example_setup_teardown_taskflow.py
[2024-09-13T14:39:34.666+0000] {processor.py:914} INFO - Processing file /home/airflow/.local/lib/python3.12/site-packages/airflow/example_dags/example_setup_teardown_taskflow.py for tasks to queue
[2024-09-13T14:39:34.668+0000] {logging_mixin.py:190} INFO - [2024-09-13T14:39:34.667+0000] {dagbag.py:587} INFO - Filling up the DagBag from /home/airflow/.local/lib/python3.12/site-packages/airflow/example_dags/example_setup_teardown_taskflow.py
[2024-09-13T14:39:34.678+0000] {processor.py:925} INFO - DAG(s) 'example_setup_teardown_taskflow' retrieved from /home/airflow/.local/lib/python3.12/site-packages/airflow/example_dags/example_setup_teardown_taskflow.py
[2024-09-13T14:39:34.699+0000] {logging_mixin.py:190} INFO - [2024-09-13T14:39:34.699+0000] {dag.py:3229} INFO - Sync 1 DAGs
[2024-09-13T14:39:34.717+0000] {logging_mixin.py:190} INFO - [2024-09-13T14:39:34.717+0000] {dag.py:4156} INFO - Setting next_dagrun for example_setup_teardown_taskflow to None, run_after=None
[2024-09-13T14:39:34.734+0000] {processor.py:208} INFO - Processing /home/airflow/.local/lib/python3.12/site-packages/airflow/example_dags/example_setup_teardown_taskflow.py took 0.075 seconds
[2024-09-13T14:40:05.540+0000] {processor.py:186} INFO - Started process (PID=172) to work on /home/airflow/.local/lib/python3.12/site-packages/airflow/example_dags/example_setup_teardown_taskflow.py
[2024-09-13T14:40:05.541+0000] {processor.py:914} INFO - Processing file /home/airflow/.local/lib/python3.12/site-packages/airflow/example_dags/example_setup_teardown_taskflow.py for tasks to queue
[2024-09-13T14:40:05.544+0000] {logging_mixin.py:190} INFO - [2024-09-13T14:40:05.543+0000] {dagbag.py:587} INFO - Filling up the DagBag from /home/airflow/.local/lib/python3.12/site-packages/airflow/example_dags/example_setup_teardown_taskflow.py
[2024-09-13T14:40:05.554+0000] {processor.py:925} INFO - DAG(s) 'example_setup_teardown_taskflow' retrieved from /home/airflow/.local/lib/python3.12/site-packages/airflow/example_dags/example_setup_teardown_taskflow.py
[2024-09-13T14:40:05.576+0000] {logging_mixin.py:190} INFO - [2024-09-13T14:40:05.576+0000] {dag.py:3229} INFO - Sync 1 DAGs
[2024-09-13T14:40:05.590+0000] {logging_mixin.py:190} INFO - [2024-09-13T14:40:05.589+0000] {dag.py:4156} INFO - Setting next_dagrun for example_setup_teardown_taskflow to None, run_after=None
[2024-09-13T14:40:05.610+0000] {processor.py:208} INFO - Processing /home/airflow/.local/lib/python3.12/site-packages/airflow/example_dags/example_setup_teardown_taskflow.py took 0.075 seconds
[2024-09-13T14:40:35.716+0000] {processor.py:186} INFO - Started process (PID=233) to work on /home/airflow/.local/lib/python3.12/site-packages/airflow/example_dags/example_setup_teardown_taskflow.py
[2024-09-13T14:40:35.718+0000] {processor.py:914} INFO - Processing file /home/airflow/.local/lib/python3.12/site-packages/airflow/example_dags/example_setup_teardown_taskflow.py for tasks to queue
[2024-09-13T14:40:35.721+0000] {logging_mixin.py:190} INFO - [2024-09-13T14:40:35.721+0000] {dagbag.py:587} INFO - Filling up the DagBag from /home/airflow/.local/lib/python3.12/site-packages/airflow/example_dags/example_setup_teardown_taskflow.py
[2024-09-13T14:40:35.732+0000] {processor.py:925} INFO - DAG(s) 'example_setup_teardown_taskflow' retrieved from /home/airflow/.local/lib/python3.12/site-packages/airflow/example_dags/example_setup_teardown_taskflow.py
[2024-09-13T14:40:35.754+0000] {logging_mixin.py:190} INFO - [2024-09-13T14:40:35.754+0000] {dag.py:3229} INFO - Sync 1 DAGs
[2024-09-13T14:40:35.769+0000] {logging_mixin.py:190} INFO - [2024-09-13T14:40:35.769+0000] {dag.py:4156} INFO - Setting next_dagrun for example_setup_teardown_taskflow to None, run_after=None
[2024-09-13T14:40:35.791+0000] {processor.py:208} INFO - Processing /home/airflow/.local/lib/python3.12/site-packages/airflow/example_dags/example_setup_teardown_taskflow.py took 0.082 seconds
[2024-09-13T14:41:27.375+0000] {processor.py:186} INFO - Started process (PID=103) to work on /home/airflow/.local/lib/python3.12/site-packages/airflow/example_dags/example_setup_teardown_taskflow.py
[2024-09-13T14:41:27.376+0000] {processor.py:914} INFO - Processing file /home/airflow/.local/lib/python3.12/site-packages/airflow/example_dags/example_setup_teardown_taskflow.py for tasks to queue
[2024-09-13T14:41:27.378+0000] {logging_mixin.py:190} INFO - [2024-09-13T14:41:27.377+0000] {dagbag.py:587} INFO - Filling up the DagBag from /home/airflow/.local/lib/python3.12/site-packages/airflow/example_dags/example_setup_teardown_taskflow.py
[2024-09-13T14:41:27.388+0000] {processor.py:925} INFO - DAG(s) 'example_setup_teardown_taskflow' retrieved from /home/airflow/.local/lib/python3.12/site-packages/airflow/example_dags/example_setup_teardown_taskflow.py
[2024-09-13T14:41:27.409+0000] {logging_mixin.py:190} INFO - [2024-09-13T14:41:27.409+0000] {dag.py:3229} INFO - Sync 1 DAGs
[2024-09-13T14:41:27.423+0000] {logging_mixin.py:190} INFO - [2024-09-13T14:41:27.423+0000] {dag.py:4156} INFO - Setting next_dagrun for example_setup_teardown_taskflow to None, run_after=None
[2024-09-13T14:41:27.442+0000] {processor.py:208} INFO - Processing /home/airflow/.local/lib/python3.12/site-packages/airflow/example_dags/example_setup_teardown_taskflow.py took 0.073 seconds
[2024-09-13T14:41:58.053+0000] {processor.py:186} INFO - Started process (PID=165) to work on /home/airflow/.local/lib/python3.12/site-packages/airflow/example_dags/example_setup_teardown_taskflow.py
[2024-09-13T14:41:58.054+0000] {processor.py:914} INFO - Processing file /home/airflow/.local/lib/python3.12/site-packages/airflow/example_dags/example_setup_teardown_taskflow.py for tasks to queue
[2024-09-13T14:41:58.056+0000] {logging_mixin.py:190} INFO - [2024-09-13T14:41:58.055+0000] {dagbag.py:587} INFO - Filling up the DagBag from /home/airflow/.local/lib/python3.12/site-packages/airflow/example_dags/example_setup_teardown_taskflow.py
[2024-09-13T14:41:58.064+0000] {processor.py:925} INFO - DAG(s) 'example_setup_teardown_taskflow' retrieved from /home/airflow/.local/lib/python3.12/site-packages/airflow/example_dags/example_setup_teardown_taskflow.py
[2024-09-13T14:41:58.085+0000] {logging_mixin.py:190} INFO - [2024-09-13T14:41:58.085+0000] {dag.py:3229} INFO - Sync 1 DAGs
[2024-09-13T14:41:58.098+0000] {logging_mixin.py:190} INFO - [2024-09-13T14:41:58.098+0000] {dag.py:4156} INFO - Setting next_dagrun for example_setup_teardown_taskflow to None, run_after=None
[2024-09-13T14:41:58.115+0000] {processor.py:208} INFO - Processing /home/airflow/.local/lib/python3.12/site-packages/airflow/example_dags/example_setup_teardown_taskflow.py took 0.067 seconds
[2024-09-13T14:42:29.157+0000] {processor.py:186} INFO - Started process (PID=227) to work on /home/airflow/.local/lib/python3.12/site-packages/airflow/example_dags/example_setup_teardown_taskflow.py
[2024-09-13T14:42:29.157+0000] {processor.py:914} INFO - Processing file /home/airflow/.local/lib/python3.12/site-packages/airflow/example_dags/example_setup_teardown_taskflow.py for tasks to queue
[2024-09-13T14:42:29.159+0000] {logging_mixin.py:190} INFO - [2024-09-13T14:42:29.159+0000] {dagbag.py:587} INFO - Filling up the DagBag from /home/airflow/.local/lib/python3.12/site-packages/airflow/example_dags/example_setup_teardown_taskflow.py
[2024-09-13T14:42:29.169+0000] {processor.py:925} INFO - DAG(s) 'example_setup_teardown_taskflow' retrieved from /home/airflow/.local/lib/python3.12/site-packages/airflow/example_dags/example_setup_teardown_taskflow.py
[2024-09-13T14:42:29.190+0000] {logging_mixin.py:190} INFO - [2024-09-13T14:42:29.190+0000] {dag.py:3229} INFO - Sync 1 DAGs
[2024-09-13T14:42:29.204+0000] {logging_mixin.py:190} INFO - [2024-09-13T14:42:29.203+0000] {dag.py:4156} INFO - Setting next_dagrun for example_setup_teardown_taskflow to None, run_after=None
[2024-09-13T14:42:29.222+0000] {processor.py:208} INFO - Processing /home/airflow/.local/lib/python3.12/site-packages/airflow/example_dags/example_setup_teardown_taskflow.py took 0.071 seconds
[2024-09-13T14:43:00.312+0000] {processor.py:186} INFO - Started process (PID=289) to work on /home/airflow/.local/lib/python3.12/site-packages/airflow/example_dags/example_setup_teardown_taskflow.py
[2024-09-13T14:43:00.313+0000] {processor.py:914} INFO - Processing file /home/airflow/.local/lib/python3.12/site-packages/airflow/example_dags/example_setup_teardown_taskflow.py for tasks to queue
[2024-09-13T14:43:00.316+0000] {logging_mixin.py:190} INFO - [2024-09-13T14:43:00.315+0000] {dagbag.py:587} INFO - Filling up the DagBag from /home/airflow/.local/lib/python3.12/site-packages/airflow/example_dags/example_setup_teardown_taskflow.py
[2024-09-13T14:43:00.324+0000] {processor.py:925} INFO - DAG(s) 'example_setup_teardown_taskflow' retrieved from /home/airflow/.local/lib/python3.12/site-packages/airflow/example_dags/example_setup_teardown_taskflow.py
[2024-09-13T14:43:00.343+0000] {logging_mixin.py:190} INFO - [2024-09-13T14:43:00.343+0000] {dag.py:3229} INFO - Sync 1 DAGs
[2024-09-13T14:43:00.356+0000] {logging_mixin.py:190} INFO - [2024-09-13T14:43:00.355+0000] {dag.py:4156} INFO - Setting next_dagrun for example_setup_teardown_taskflow to None, run_after=None
[2024-09-13T14:43:00.372+0000] {processor.py:208} INFO - Processing /home/airflow/.local/lib/python3.12/site-packages/airflow/example_dags/example_setup_teardown_taskflow.py took 0.064 seconds
