[2024-09-13T14:34:32.368+0000] {processor.py:186} INFO - Started process (PID=64) to work on /home/airflow/.local/lib/python3.12/site-packages/airflow/example_dags/example_sensor_decorator.py
[2024-09-13T14:34:32.369+0000] {processor.py:914} INFO - Processing file /home/airflow/.local/lib/python3.12/site-packages/airflow/example_dags/example_sensor_decorator.py for tasks to queue
[2024-09-13T14:34:32.371+0000] {logging_mixin.py:190} INFO - [2024-09-13T14:34:32.371+0000] {dagbag.py:587} INFO - Filling up the DagBag from /home/airflow/.local/lib/python3.12/site-packages/airflow/example_dags/example_sensor_decorator.py
[2024-09-13T14:34:32.381+0000] {processor.py:925} INFO - DAG(s) 'example_sensor_decorator' retrieved from /home/airflow/.local/lib/python3.12/site-packages/airflow/example_dags/example_sensor_decorator.py
[2024-09-13T14:34:32.520+0000] {logging_mixin.py:190} INFO - [2024-09-13T14:34:32.519+0000] {override.py:1900} INFO - Created Permission View: can read on DAG:example_sensor_decorator
[2024-09-13T14:34:32.531+0000] {logging_mixin.py:190} INFO - [2024-09-13T14:34:32.531+0000] {override.py:1900} INFO - Created Permission View: can delete on DAG:example_sensor_decorator
[2024-09-13T14:34:32.537+0000] {logging_mixin.py:190} INFO - [2024-09-13T14:34:32.537+0000] {override.py:1900} INFO - Created Permission View: can edit on DAG:example_sensor_decorator
[2024-09-13T14:34:32.546+0000] {logging_mixin.py:190} INFO - [2024-09-13T14:34:32.545+0000] {override.py:1900} INFO - Created Permission View: can create on DAG Run:example_sensor_decorator
[2024-09-13T14:34:32.551+0000] {logging_mixin.py:190} INFO - [2024-09-13T14:34:32.551+0000] {override.py:1900} INFO - Created Permission View: menu access on DAG Run:example_sensor_decorator
[2024-09-13T14:34:32.559+0000] {logging_mixin.py:190} INFO - [2024-09-13T14:34:32.559+0000] {override.py:1900} INFO - Created Permission View: can read on DAG Run:example_sensor_decorator
[2024-09-13T14:34:32.566+0000] {logging_mixin.py:190} INFO - [2024-09-13T14:34:32.566+0000] {override.py:1900} INFO - Created Permission View: can delete on DAG Run:example_sensor_decorator
[2024-09-13T14:34:32.566+0000] {logging_mixin.py:190} INFO - [2024-09-13T14:34:32.566+0000] {dag.py:3229} INFO - Sync 1 DAGs
[2024-09-13T14:34:32.579+0000] {logging_mixin.py:190} INFO - [2024-09-13T14:34:32.579+0000] {dag.py:3252} INFO - Creating ORM DAG for example_sensor_decorator
[2024-09-13T14:34:32.579+0000] {logging_mixin.py:190} INFO - [2024-09-13T14:34:32.579+0000] {dag.py:4156} INFO - Setting next_dagrun for example_sensor_decorator to None, run_after=None
[2024-09-13T14:34:32.598+0000] {processor.py:208} INFO - Processing /home/airflow/.local/lib/python3.12/site-packages/airflow/example_dags/example_sensor_decorator.py took 0.237 seconds
[2024-09-13T14:35:02.644+0000] {processor.py:186} INFO - Started process (PID=126) to work on /home/airflow/.local/lib/python3.12/site-packages/airflow/example_dags/example_sensor_decorator.py
[2024-09-13T14:35:02.644+0000] {processor.py:914} INFO - Processing file /home/airflow/.local/lib/python3.12/site-packages/airflow/example_dags/example_sensor_decorator.py for tasks to queue
[2024-09-13T14:35:02.646+0000] {logging_mixin.py:190} INFO - [2024-09-13T14:35:02.646+0000] {dagbag.py:587} INFO - Filling up the DagBag from /home/airflow/.local/lib/python3.12/site-packages/airflow/example_dags/example_sensor_decorator.py
[2024-09-13T14:35:02.653+0000] {processor.py:925} INFO - DAG(s) 'example_sensor_decorator' retrieved from /home/airflow/.local/lib/python3.12/site-packages/airflow/example_dags/example_sensor_decorator.py
[2024-09-13T14:35:02.673+0000] {logging_mixin.py:190} INFO - [2024-09-13T14:35:02.673+0000] {dag.py:3229} INFO - Sync 1 DAGs
[2024-09-13T14:35:02.685+0000] {logging_mixin.py:190} INFO - [2024-09-13T14:35:02.685+0000] {dag.py:4156} INFO - Setting next_dagrun for example_sensor_decorator to None, run_after=None
[2024-09-13T14:35:02.701+0000] {processor.py:208} INFO - Processing /home/airflow/.local/lib/python3.12/site-packages/airflow/example_dags/example_sensor_decorator.py took 0.062 seconds
[2024-09-13T14:35:32.921+0000] {processor.py:186} INFO - Started process (PID=188) to work on /home/airflow/.local/lib/python3.12/site-packages/airflow/example_dags/example_sensor_decorator.py
[2024-09-13T14:35:32.923+0000] {processor.py:914} INFO - Processing file /home/airflow/.local/lib/python3.12/site-packages/airflow/example_dags/example_sensor_decorator.py for tasks to queue
[2024-09-13T14:35:32.926+0000] {logging_mixin.py:190} INFO - [2024-09-13T14:35:32.925+0000] {dagbag.py:587} INFO - Filling up the DagBag from /home/airflow/.local/lib/python3.12/site-packages/airflow/example_dags/example_sensor_decorator.py
[2024-09-13T14:35:32.936+0000] {processor.py:925} INFO - DAG(s) 'example_sensor_decorator' retrieved from /home/airflow/.local/lib/python3.12/site-packages/airflow/example_dags/example_sensor_decorator.py
[2024-09-13T14:35:32.974+0000] {logging_mixin.py:190} INFO - [2024-09-13T14:35:32.974+0000] {dag.py:3229} INFO - Sync 1 DAGs
[2024-09-13T14:35:32.992+0000] {logging_mixin.py:190} INFO - [2024-09-13T14:35:32.992+0000] {dag.py:4156} INFO - Setting next_dagrun for example_sensor_decorator to None, run_after=None
[2024-09-13T14:35:33.012+0000] {processor.py:208} INFO - Processing /home/airflow/.local/lib/python3.12/site-packages/airflow/example_dags/example_sensor_decorator.py took 0.098 seconds
[2024-09-13T14:36:03.496+0000] {processor.py:186} INFO - Started process (PID=250) to work on /home/airflow/.local/lib/python3.12/site-packages/airflow/example_dags/example_sensor_decorator.py
[2024-09-13T14:36:03.497+0000] {processor.py:914} INFO - Processing file /home/airflow/.local/lib/python3.12/site-packages/airflow/example_dags/example_sensor_decorator.py for tasks to queue
[2024-09-13T14:36:03.499+0000] {logging_mixin.py:190} INFO - [2024-09-13T14:36:03.499+0000] {dagbag.py:587} INFO - Filling up the DagBag from /home/airflow/.local/lib/python3.12/site-packages/airflow/example_dags/example_sensor_decorator.py
[2024-09-13T14:36:03.506+0000] {processor.py:925} INFO - DAG(s) 'example_sensor_decorator' retrieved from /home/airflow/.local/lib/python3.12/site-packages/airflow/example_dags/example_sensor_decorator.py
[2024-09-13T14:36:03.526+0000] {logging_mixin.py:190} INFO - [2024-09-13T14:36:03.526+0000] {dag.py:3229} INFO - Sync 1 DAGs
[2024-09-13T14:36:03.540+0000] {logging_mixin.py:190} INFO - [2024-09-13T14:36:03.540+0000] {dag.py:4156} INFO - Setting next_dagrun for example_sensor_decorator to None, run_after=None
[2024-09-13T14:36:03.559+0000] {processor.py:208} INFO - Processing /home/airflow/.local/lib/python3.12/site-packages/airflow/example_dags/example_sensor_decorator.py took 0.068 seconds
[2024-09-13T14:36:33.692+0000] {processor.py:186} INFO - Started process (PID=312) to work on /home/airflow/.local/lib/python3.12/site-packages/airflow/example_dags/example_sensor_decorator.py
[2024-09-13T14:36:33.693+0000] {processor.py:914} INFO - Processing file /home/airflow/.local/lib/python3.12/site-packages/airflow/example_dags/example_sensor_decorator.py for tasks to queue
[2024-09-13T14:36:33.696+0000] {logging_mixin.py:190} INFO - [2024-09-13T14:36:33.695+0000] {dagbag.py:587} INFO - Filling up the DagBag from /home/airflow/.local/lib/python3.12/site-packages/airflow/example_dags/example_sensor_decorator.py
[2024-09-13T14:36:33.703+0000] {processor.py:925} INFO - DAG(s) 'example_sensor_decorator' retrieved from /home/airflow/.local/lib/python3.12/site-packages/airflow/example_dags/example_sensor_decorator.py
[2024-09-13T14:36:33.723+0000] {logging_mixin.py:190} INFO - [2024-09-13T14:36:33.723+0000] {dag.py:3229} INFO - Sync 1 DAGs
[2024-09-13T14:36:33.737+0000] {logging_mixin.py:190} INFO - [2024-09-13T14:36:33.737+0000] {dag.py:4156} INFO - Setting next_dagrun for example_sensor_decorator to None, run_after=None
[2024-09-13T14:36:33.756+0000] {processor.py:208} INFO - Processing /home/airflow/.local/lib/python3.12/site-packages/airflow/example_dags/example_sensor_decorator.py took 0.068 seconds
[2024-09-13T14:37:04.675+0000] {processor.py:186} INFO - Started process (PID=374) to work on /home/airflow/.local/lib/python3.12/site-packages/airflow/example_dags/example_sensor_decorator.py
[2024-09-13T14:37:04.676+0000] {processor.py:914} INFO - Processing file /home/airflow/.local/lib/python3.12/site-packages/airflow/example_dags/example_sensor_decorator.py for tasks to queue
[2024-09-13T14:37:04.678+0000] {logging_mixin.py:190} INFO - [2024-09-13T14:37:04.678+0000] {dagbag.py:587} INFO - Filling up the DagBag from /home/airflow/.local/lib/python3.12/site-packages/airflow/example_dags/example_sensor_decorator.py
[2024-09-13T14:37:04.685+0000] {processor.py:925} INFO - DAG(s) 'example_sensor_decorator' retrieved from /home/airflow/.local/lib/python3.12/site-packages/airflow/example_dags/example_sensor_decorator.py
[2024-09-13T14:37:04.704+0000] {logging_mixin.py:190} INFO - [2024-09-13T14:37:04.703+0000] {dag.py:3229} INFO - Sync 1 DAGs
[2024-09-13T14:37:04.716+0000] {logging_mixin.py:190} INFO - [2024-09-13T14:37:04.716+0000] {dag.py:4156} INFO - Setting next_dagrun for example_sensor_decorator to None, run_after=None
[2024-09-13T14:37:04.732+0000] {processor.py:208} INFO - Processing /home/airflow/.local/lib/python3.12/site-packages/airflow/example_dags/example_sensor_decorator.py took 0.062 seconds
[2024-09-13T14:37:35.536+0000] {processor.py:186} INFO - Started process (PID=436) to work on /home/airflow/.local/lib/python3.12/site-packages/airflow/example_dags/example_sensor_decorator.py
[2024-09-13T14:37:35.537+0000] {processor.py:914} INFO - Processing file /home/airflow/.local/lib/python3.12/site-packages/airflow/example_dags/example_sensor_decorator.py for tasks to queue
[2024-09-13T14:37:35.539+0000] {logging_mixin.py:190} INFO - [2024-09-13T14:37:35.539+0000] {dagbag.py:587} INFO - Filling up the DagBag from /home/airflow/.local/lib/python3.12/site-packages/airflow/example_dags/example_sensor_decorator.py
[2024-09-13T14:37:35.551+0000] {processor.py:925} INFO - DAG(s) 'example_sensor_decorator' retrieved from /home/airflow/.local/lib/python3.12/site-packages/airflow/example_dags/example_sensor_decorator.py
[2024-09-13T14:37:35.580+0000] {logging_mixin.py:190} INFO - [2024-09-13T14:37:35.580+0000] {dag.py:3229} INFO - Sync 1 DAGs
[2024-09-13T14:37:35.603+0000] {logging_mixin.py:190} INFO - [2024-09-13T14:37:35.603+0000] {dag.py:4156} INFO - Setting next_dagrun for example_sensor_decorator to None, run_after=None
[2024-09-13T14:37:35.629+0000] {processor.py:208} INFO - Processing /home/airflow/.local/lib/python3.12/site-packages/airflow/example_dags/example_sensor_decorator.py took 0.099 seconds
[2024-09-13T14:38:06.063+0000] {processor.py:186} INFO - Started process (PID=498) to work on /home/airflow/.local/lib/python3.12/site-packages/airflow/example_dags/example_sensor_decorator.py
[2024-09-13T14:38:06.064+0000] {processor.py:914} INFO - Processing file /home/airflow/.local/lib/python3.12/site-packages/airflow/example_dags/example_sensor_decorator.py for tasks to queue
[2024-09-13T14:38:06.066+0000] {logging_mixin.py:190} INFO - [2024-09-13T14:38:06.066+0000] {dagbag.py:587} INFO - Filling up the DagBag from /home/airflow/.local/lib/python3.12/site-packages/airflow/example_dags/example_sensor_decorator.py
[2024-09-13T14:38:06.076+0000] {processor.py:925} INFO - DAG(s) 'example_sensor_decorator' retrieved from /home/airflow/.local/lib/python3.12/site-packages/airflow/example_dags/example_sensor_decorator.py
[2024-09-13T14:38:06.097+0000] {logging_mixin.py:190} INFO - [2024-09-13T14:38:06.097+0000] {dag.py:3229} INFO - Sync 1 DAGs
[2024-09-13T14:38:06.110+0000] {logging_mixin.py:190} INFO - [2024-09-13T14:38:06.110+0000] {dag.py:4156} INFO - Setting next_dagrun for example_sensor_decorator to None, run_after=None
[2024-09-13T14:38:06.126+0000] {processor.py:208} INFO - Processing /home/airflow/.local/lib/python3.12/site-packages/airflow/example_dags/example_sensor_decorator.py took 0.069 seconds
[2024-09-13T14:39:30.779+0000] {processor.py:186} INFO - Started process (PID=64) to work on /home/airflow/.local/lib/python3.12/site-packages/airflow/example_dags/example_sensor_decorator.py
[2024-09-13T14:39:30.780+0000] {processor.py:914} INFO - Processing file /home/airflow/.local/lib/python3.12/site-packages/airflow/example_dags/example_sensor_decorator.py for tasks to queue
[2024-09-13T14:39:30.782+0000] {logging_mixin.py:190} INFO - [2024-09-13T14:39:30.781+0000] {dagbag.py:587} INFO - Filling up the DagBag from /home/airflow/.local/lib/python3.12/site-packages/airflow/example_dags/example_sensor_decorator.py
[2024-09-13T14:39:30.793+0000] {processor.py:925} INFO - DAG(s) 'example_sensor_decorator' retrieved from /home/airflow/.local/lib/python3.12/site-packages/airflow/example_dags/example_sensor_decorator.py
[2024-09-13T14:39:30.820+0000] {logging_mixin.py:190} INFO - [2024-09-13T14:39:30.819+0000] {dag.py:3229} INFO - Sync 1 DAGs
[2024-09-13T14:39:30.832+0000] {logging_mixin.py:190} INFO - [2024-09-13T14:39:30.831+0000] {dag.py:4156} INFO - Setting next_dagrun for example_sensor_decorator to None, run_after=None
[2024-09-13T14:39:30.851+0000] {processor.py:208} INFO - Processing /home/airflow/.local/lib/python3.12/site-packages/airflow/example_dags/example_sensor_decorator.py took 0.077 seconds
[2024-09-13T14:40:01.270+0000] {processor.py:186} INFO - Started process (PID=126) to work on /home/airflow/.local/lib/python3.12/site-packages/airflow/example_dags/example_sensor_decorator.py
[2024-09-13T14:40:01.271+0000] {processor.py:914} INFO - Processing file /home/airflow/.local/lib/python3.12/site-packages/airflow/example_dags/example_sensor_decorator.py for tasks to queue
[2024-09-13T14:40:01.274+0000] {logging_mixin.py:190} INFO - [2024-09-13T14:40:01.274+0000] {dagbag.py:587} INFO - Filling up the DagBag from /home/airflow/.local/lib/python3.12/site-packages/airflow/example_dags/example_sensor_decorator.py
[2024-09-13T14:40:01.281+0000] {processor.py:925} INFO - DAG(s) 'example_sensor_decorator' retrieved from /home/airflow/.local/lib/python3.12/site-packages/airflow/example_dags/example_sensor_decorator.py
[2024-09-13T14:40:01.303+0000] {logging_mixin.py:190} INFO - [2024-09-13T14:40:01.302+0000] {dag.py:3229} INFO - Sync 1 DAGs
[2024-09-13T14:40:01.315+0000] {logging_mixin.py:190} INFO - [2024-09-13T14:40:01.315+0000] {dag.py:4156} INFO - Setting next_dagrun for example_sensor_decorator to None, run_after=None
[2024-09-13T14:40:01.333+0000] {processor.py:208} INFO - Processing /home/airflow/.local/lib/python3.12/site-packages/airflow/example_dags/example_sensor_decorator.py took 0.068 seconds
[2024-09-13T14:40:32.271+0000] {processor.py:186} INFO - Started process (PID=188) to work on /home/airflow/.local/lib/python3.12/site-packages/airflow/example_dags/example_sensor_decorator.py
[2024-09-13T14:40:32.272+0000] {processor.py:914} INFO - Processing file /home/airflow/.local/lib/python3.12/site-packages/airflow/example_dags/example_sensor_decorator.py for tasks to queue
[2024-09-13T14:40:32.274+0000] {logging_mixin.py:190} INFO - [2024-09-13T14:40:32.273+0000] {dagbag.py:587} INFO - Filling up the DagBag from /home/airflow/.local/lib/python3.12/site-packages/airflow/example_dags/example_sensor_decorator.py
[2024-09-13T14:40:32.281+0000] {processor.py:925} INFO - DAG(s) 'example_sensor_decorator' retrieved from /home/airflow/.local/lib/python3.12/site-packages/airflow/example_dags/example_sensor_decorator.py
[2024-09-13T14:40:32.303+0000] {logging_mixin.py:190} INFO - [2024-09-13T14:40:32.303+0000] {dag.py:3229} INFO - Sync 1 DAGs
[2024-09-13T14:40:32.319+0000] {logging_mixin.py:190} INFO - [2024-09-13T14:40:32.319+0000] {dag.py:4156} INFO - Setting next_dagrun for example_sensor_decorator to None, run_after=None
[2024-09-13T14:40:32.339+0000] {processor.py:208} INFO - Processing /home/airflow/.local/lib/python3.12/site-packages/airflow/example_dags/example_sensor_decorator.py took 0.074 seconds
[2024-09-13T14:41:23.827+0000] {processor.py:186} INFO - Started process (PID=57) to work on /home/airflow/.local/lib/python3.12/site-packages/airflow/example_dags/example_sensor_decorator.py
[2024-09-13T14:41:23.828+0000] {processor.py:914} INFO - Processing file /home/airflow/.local/lib/python3.12/site-packages/airflow/example_dags/example_sensor_decorator.py for tasks to queue
[2024-09-13T14:41:23.830+0000] {logging_mixin.py:190} INFO - [2024-09-13T14:41:23.830+0000] {dagbag.py:587} INFO - Filling up the DagBag from /home/airflow/.local/lib/python3.12/site-packages/airflow/example_dags/example_sensor_decorator.py
[2024-09-13T14:41:23.838+0000] {processor.py:925} INFO - DAG(s) 'example_sensor_decorator' retrieved from /home/airflow/.local/lib/python3.12/site-packages/airflow/example_dags/example_sensor_decorator.py
[2024-09-13T14:41:23.869+0000] {logging_mixin.py:190} INFO - [2024-09-13T14:41:23.868+0000] {dag.py:3229} INFO - Sync 1 DAGs
[2024-09-13T14:41:23.881+0000] {logging_mixin.py:190} INFO - [2024-09-13T14:41:23.881+0000] {dag.py:4156} INFO - Setting next_dagrun for example_sensor_decorator to None, run_after=None
[2024-09-13T14:41:23.898+0000] {processor.py:208} INFO - Processing /home/airflow/.local/lib/python3.12/site-packages/airflow/example_dags/example_sensor_decorator.py took 0.075 seconds
[2024-09-13T14:41:54.009+0000] {processor.py:186} INFO - Started process (PID=119) to work on /home/airflow/.local/lib/python3.12/site-packages/airflow/example_dags/example_sensor_decorator.py
[2024-09-13T14:41:54.010+0000] {processor.py:914} INFO - Processing file /home/airflow/.local/lib/python3.12/site-packages/airflow/example_dags/example_sensor_decorator.py for tasks to queue
[2024-09-13T14:41:54.013+0000] {logging_mixin.py:190} INFO - [2024-09-13T14:41:54.012+0000] {dagbag.py:587} INFO - Filling up the DagBag from /home/airflow/.local/lib/python3.12/site-packages/airflow/example_dags/example_sensor_decorator.py
[2024-09-13T14:41:54.021+0000] {processor.py:925} INFO - DAG(s) 'example_sensor_decorator' retrieved from /home/airflow/.local/lib/python3.12/site-packages/airflow/example_dags/example_sensor_decorator.py
[2024-09-13T14:41:54.045+0000] {logging_mixin.py:190} INFO - [2024-09-13T14:41:54.045+0000] {dag.py:3229} INFO - Sync 1 DAGs
[2024-09-13T14:41:54.060+0000] {logging_mixin.py:190} INFO - [2024-09-13T14:41:54.060+0000] {dag.py:4156} INFO - Setting next_dagrun for example_sensor_decorator to None, run_after=None
[2024-09-13T14:41:54.081+0000] {processor.py:208} INFO - Processing /home/airflow/.local/lib/python3.12/site-packages/airflow/example_dags/example_sensor_decorator.py took 0.080 seconds
[2024-09-13T14:42:24.739+0000] {processor.py:186} INFO - Started process (PID=181) to work on /home/airflow/.local/lib/python3.12/site-packages/airflow/example_dags/example_sensor_decorator.py
[2024-09-13T14:42:24.740+0000] {processor.py:914} INFO - Processing file /home/airflow/.local/lib/python3.12/site-packages/airflow/example_dags/example_sensor_decorator.py for tasks to queue
[2024-09-13T14:42:24.742+0000] {logging_mixin.py:190} INFO - [2024-09-13T14:42:24.741+0000] {dagbag.py:587} INFO - Filling up the DagBag from /home/airflow/.local/lib/python3.12/site-packages/airflow/example_dags/example_sensor_decorator.py
[2024-09-13T14:42:24.749+0000] {processor.py:925} INFO - DAG(s) 'example_sensor_decorator' retrieved from /home/airflow/.local/lib/python3.12/site-packages/airflow/example_dags/example_sensor_decorator.py
[2024-09-13T14:42:24.768+0000] {logging_mixin.py:190} INFO - [2024-09-13T14:42:24.768+0000] {dag.py:3229} INFO - Sync 1 DAGs
[2024-09-13T14:42:24.781+0000] {logging_mixin.py:190} INFO - [2024-09-13T14:42:24.781+0000] {dag.py:4156} INFO - Setting next_dagrun for example_sensor_decorator to None, run_after=None
[2024-09-13T14:42:24.799+0000] {processor.py:208} INFO - Processing /home/airflow/.local/lib/python3.12/site-packages/airflow/example_dags/example_sensor_decorator.py took 0.065 seconds
[2024-09-13T14:42:54.920+0000] {processor.py:186} INFO - Started process (PID=243) to work on /home/airflow/.local/lib/python3.12/site-packages/airflow/example_dags/example_sensor_decorator.py
[2024-09-13T14:42:54.921+0000] {processor.py:914} INFO - Processing file /home/airflow/.local/lib/python3.12/site-packages/airflow/example_dags/example_sensor_decorator.py for tasks to queue
[2024-09-13T14:42:54.924+0000] {logging_mixin.py:190} INFO - [2024-09-13T14:42:54.924+0000] {dagbag.py:587} INFO - Filling up the DagBag from /home/airflow/.local/lib/python3.12/site-packages/airflow/example_dags/example_sensor_decorator.py
[2024-09-13T14:42:54.934+0000] {processor.py:925} INFO - DAG(s) 'example_sensor_decorator' retrieved from /home/airflow/.local/lib/python3.12/site-packages/airflow/example_dags/example_sensor_decorator.py
[2024-09-13T14:42:54.958+0000] {logging_mixin.py:190} INFO - [2024-09-13T14:42:54.958+0000] {dag.py:3229} INFO - Sync 1 DAGs
[2024-09-13T14:42:54.974+0000] {logging_mixin.py:190} INFO - [2024-09-13T14:42:54.974+0000] {dag.py:4156} INFO - Setting next_dagrun for example_sensor_decorator to None, run_after=None
[2024-09-13T14:42:54.995+0000] {processor.py:208} INFO - Processing /home/airflow/.local/lib/python3.12/site-packages/airflow/example_dags/example_sensor_decorator.py took 0.080 seconds
