[2024-09-13T14:34:36.565+0000] {processor.py:186} INFO - Started process (PID=91) to work on /home/airflow/.local/lib/python3.12/site-packages/airflow/example_dags/example_bash_operator.py
[2024-09-13T14:34:36.566+0000] {processor.py:914} INFO - Processing file /home/airflow/.local/lib/python3.12/site-packages/airflow/example_dags/example_bash_operator.py for tasks to queue
[2024-09-13T14:34:36.568+0000] {logging_mixin.py:190} INFO - [2024-09-13T14:34:36.567+0000] {dagbag.py:587} INFO - Filling up the DagBag from /home/airflow/.local/lib/python3.12/site-packages/airflow/example_dags/example_bash_operator.py
[2024-09-13T14:34:36.581+0000] {processor.py:925} INFO - DAG(s) 'example_bash_operator' retrieved from /home/airflow/.local/lib/python3.12/site-packages/airflow/example_dags/example_bash_operator.py
[2024-09-13T14:34:36.684+0000] {logging_mixin.py:190} INFO - [2024-09-13T14:34:36.683+0000] {override.py:1900} INFO - Created Permission View: can read on DAG:example_bash_operator
[2024-09-13T14:34:36.692+0000] {logging_mixin.py:190} INFO - [2024-09-13T14:34:36.692+0000] {override.py:1900} INFO - Created Permission View: can delete on DAG:example_bash_operator
[2024-09-13T14:34:36.698+0000] {logging_mixin.py:190} INFO - [2024-09-13T14:34:36.698+0000] {override.py:1900} INFO - Created Permission View: can edit on DAG:example_bash_operator
[2024-09-13T14:34:36.704+0000] {logging_mixin.py:190} INFO - [2024-09-13T14:34:36.704+0000] {override.py:1900} INFO - Created Permission View: can create on DAG Run:example_bash_operator
[2024-09-13T14:34:36.709+0000] {logging_mixin.py:190} INFO - [2024-09-13T14:34:36.709+0000] {override.py:1900} INFO - Created Permission View: menu access on DAG Run:example_bash_operator
[2024-09-13T14:34:36.715+0000] {logging_mixin.py:190} INFO - [2024-09-13T14:34:36.715+0000] {override.py:1900} INFO - Created Permission View: can read on DAG Run:example_bash_operator
[2024-09-13T14:34:36.720+0000] {logging_mixin.py:190} INFO - [2024-09-13T14:34:36.720+0000] {override.py:1900} INFO - Created Permission View: can delete on DAG Run:example_bash_operator
[2024-09-13T14:34:36.721+0000] {logging_mixin.py:190} INFO - [2024-09-13T14:34:36.721+0000] {dag.py:3229} INFO - Sync 1 DAGs
[2024-09-13T14:34:36.731+0000] {logging_mixin.py:190} INFO - [2024-09-13T14:34:36.730+0000] {dag.py:3252} INFO - Creating ORM DAG for example_bash_operator
[2024-09-13T14:34:36.740+0000] {logging_mixin.py:190} INFO - [2024-09-13T14:34:36.740+0000] {dag.py:4156} INFO - Setting next_dagrun for example_bash_operator to 2024-09-12 00:00:00+00:00, run_after=2024-09-13 00:00:00+00:00
[2024-09-13T14:34:36.757+0000] {processor.py:208} INFO - Processing /home/airflow/.local/lib/python3.12/site-packages/airflow/example_dags/example_bash_operator.py took 0.199 seconds
[2024-09-13T14:35:07.106+0000] {processor.py:186} INFO - Started process (PID=152) to work on /home/airflow/.local/lib/python3.12/site-packages/airflow/example_dags/example_bash_operator.py
[2024-09-13T14:35:07.107+0000] {processor.py:914} INFO - Processing file /home/airflow/.local/lib/python3.12/site-packages/airflow/example_dags/example_bash_operator.py for tasks to queue
[2024-09-13T14:35:07.109+0000] {logging_mixin.py:190} INFO - [2024-09-13T14:35:07.108+0000] {dagbag.py:587} INFO - Filling up the DagBag from /home/airflow/.local/lib/python3.12/site-packages/airflow/example_dags/example_bash_operator.py
[2024-09-13T14:35:07.122+0000] {processor.py:925} INFO - DAG(s) 'example_bash_operator' retrieved from /home/airflow/.local/lib/python3.12/site-packages/airflow/example_dags/example_bash_operator.py
[2024-09-13T14:35:07.147+0000] {logging_mixin.py:190} INFO - [2024-09-13T14:35:07.147+0000] {dag.py:3229} INFO - Sync 1 DAGs
[2024-09-13T14:35:07.169+0000] {logging_mixin.py:190} INFO - [2024-09-13T14:35:07.169+0000] {dag.py:4156} INFO - Setting next_dagrun for example_bash_operator to 2024-09-12 00:00:00+00:00, run_after=2024-09-13 00:00:00+00:00
[2024-09-13T14:35:07.187+0000] {processor.py:208} INFO - Processing /home/airflow/.local/lib/python3.12/site-packages/airflow/example_dags/example_bash_operator.py took 0.087 seconds
[2024-09-13T14:35:37.529+0000] {processor.py:186} INFO - Started process (PID=214) to work on /home/airflow/.local/lib/python3.12/site-packages/airflow/example_dags/example_bash_operator.py
[2024-09-13T14:35:37.530+0000] {processor.py:914} INFO - Processing file /home/airflow/.local/lib/python3.12/site-packages/airflow/example_dags/example_bash_operator.py for tasks to queue
[2024-09-13T14:35:37.532+0000] {logging_mixin.py:190} INFO - [2024-09-13T14:35:37.531+0000] {dagbag.py:587} INFO - Filling up the DagBag from /home/airflow/.local/lib/python3.12/site-packages/airflow/example_dags/example_bash_operator.py
[2024-09-13T14:35:37.545+0000] {processor.py:925} INFO - DAG(s) 'example_bash_operator' retrieved from /home/airflow/.local/lib/python3.12/site-packages/airflow/example_dags/example_bash_operator.py
[2024-09-13T14:35:37.574+0000] {logging_mixin.py:190} INFO - [2024-09-13T14:35:37.574+0000] {dag.py:3229} INFO - Sync 1 DAGs
[2024-09-13T14:35:37.597+0000] {logging_mixin.py:190} INFO - [2024-09-13T14:35:37.596+0000] {dag.py:4156} INFO - Setting next_dagrun for example_bash_operator to 2024-09-12 00:00:00+00:00, run_after=2024-09-13 00:00:00+00:00
[2024-09-13T14:35:37.614+0000] {processor.py:208} INFO - Processing /home/airflow/.local/lib/python3.12/site-packages/airflow/example_dags/example_bash_operator.py took 0.091 seconds
[2024-09-13T14:36:07.891+0000] {processor.py:186} INFO - Started process (PID=276) to work on /home/airflow/.local/lib/python3.12/site-packages/airflow/example_dags/example_bash_operator.py
[2024-09-13T14:36:07.892+0000] {processor.py:914} INFO - Processing file /home/airflow/.local/lib/python3.12/site-packages/airflow/example_dags/example_bash_operator.py for tasks to queue
[2024-09-13T14:36:07.894+0000] {logging_mixin.py:190} INFO - [2024-09-13T14:36:07.894+0000] {dagbag.py:587} INFO - Filling up the DagBag from /home/airflow/.local/lib/python3.12/site-packages/airflow/example_dags/example_bash_operator.py
[2024-09-13T14:36:07.905+0000] {processor.py:925} INFO - DAG(s) 'example_bash_operator' retrieved from /home/airflow/.local/lib/python3.12/site-packages/airflow/example_dags/example_bash_operator.py
[2024-09-13T14:36:07.930+0000] {logging_mixin.py:190} INFO - [2024-09-13T14:36:07.930+0000] {dag.py:3229} INFO - Sync 1 DAGs
[2024-09-13T14:36:07.952+0000] {logging_mixin.py:190} INFO - [2024-09-13T14:36:07.952+0000] {dag.py:4156} INFO - Setting next_dagrun for example_bash_operator to 2024-09-12 00:00:00+00:00, run_after=2024-09-13 00:00:00+00:00
[2024-09-13T14:36:07.968+0000] {processor.py:208} INFO - Processing /home/airflow/.local/lib/python3.12/site-packages/airflow/example_dags/example_bash_operator.py took 0.082 seconds
[2024-09-13T14:36:38.166+0000] {processor.py:186} INFO - Started process (PID=338) to work on /home/airflow/.local/lib/python3.12/site-packages/airflow/example_dags/example_bash_operator.py
[2024-09-13T14:36:38.166+0000] {processor.py:914} INFO - Processing file /home/airflow/.local/lib/python3.12/site-packages/airflow/example_dags/example_bash_operator.py for tasks to queue
[2024-09-13T14:36:38.169+0000] {logging_mixin.py:190} INFO - [2024-09-13T14:36:38.168+0000] {dagbag.py:587} INFO - Filling up the DagBag from /home/airflow/.local/lib/python3.12/site-packages/airflow/example_dags/example_bash_operator.py
[2024-09-13T14:36:38.184+0000] {processor.py:925} INFO - DAG(s) 'example_bash_operator' retrieved from /home/airflow/.local/lib/python3.12/site-packages/airflow/example_dags/example_bash_operator.py
[2024-09-13T14:36:38.216+0000] {logging_mixin.py:190} INFO - [2024-09-13T14:36:38.215+0000] {dag.py:3229} INFO - Sync 1 DAGs
[2024-09-13T14:36:38.239+0000] {logging_mixin.py:190} INFO - [2024-09-13T14:36:38.239+0000] {dag.py:4156} INFO - Setting next_dagrun for example_bash_operator to 2024-09-12 00:00:00+00:00, run_after=2024-09-13 00:00:00+00:00
[2024-09-13T14:36:38.257+0000] {processor.py:208} INFO - Processing /home/airflow/.local/lib/python3.12/site-packages/airflow/example_dags/example_bash_operator.py took 0.098 seconds
[2024-09-13T14:37:08.992+0000] {processor.py:186} INFO - Started process (PID=400) to work on /home/airflow/.local/lib/python3.12/site-packages/airflow/example_dags/example_bash_operator.py
[2024-09-13T14:37:08.993+0000] {processor.py:914} INFO - Processing file /home/airflow/.local/lib/python3.12/site-packages/airflow/example_dags/example_bash_operator.py for tasks to queue
[2024-09-13T14:37:08.995+0000] {logging_mixin.py:190} INFO - [2024-09-13T14:37:08.994+0000] {dagbag.py:587} INFO - Filling up the DagBag from /home/airflow/.local/lib/python3.12/site-packages/airflow/example_dags/example_bash_operator.py
[2024-09-13T14:37:09.006+0000] {processor.py:925} INFO - DAG(s) 'example_bash_operator' retrieved from /home/airflow/.local/lib/python3.12/site-packages/airflow/example_dags/example_bash_operator.py
[2024-09-13T14:37:09.030+0000] {logging_mixin.py:190} INFO - [2024-09-13T14:37:09.030+0000] {dag.py:3229} INFO - Sync 1 DAGs
[2024-09-13T14:37:09.051+0000] {logging_mixin.py:190} INFO - [2024-09-13T14:37:09.051+0000] {dag.py:4156} INFO - Setting next_dagrun for example_bash_operator to 2024-09-12 00:00:00+00:00, run_after=2024-09-13 00:00:00+00:00
[2024-09-13T14:37:09.069+0000] {processor.py:208} INFO - Processing /home/airflow/.local/lib/python3.12/site-packages/airflow/example_dags/example_bash_operator.py took 0.082 seconds
[2024-09-13T14:37:39.948+0000] {processor.py:186} INFO - Started process (PID=462) to work on /home/airflow/.local/lib/python3.12/site-packages/airflow/example_dags/example_bash_operator.py
[2024-09-13T14:37:39.949+0000] {processor.py:914} INFO - Processing file /home/airflow/.local/lib/python3.12/site-packages/airflow/example_dags/example_bash_operator.py for tasks to queue
[2024-09-13T14:37:39.951+0000] {logging_mixin.py:190} INFO - [2024-09-13T14:37:39.950+0000] {dagbag.py:587} INFO - Filling up the DagBag from /home/airflow/.local/lib/python3.12/site-packages/airflow/example_dags/example_bash_operator.py
[2024-09-13T14:37:39.962+0000] {processor.py:925} INFO - DAG(s) 'example_bash_operator' retrieved from /home/airflow/.local/lib/python3.12/site-packages/airflow/example_dags/example_bash_operator.py
[2024-09-13T14:37:39.984+0000] {logging_mixin.py:190} INFO - [2024-09-13T14:37:39.984+0000] {dag.py:3229} INFO - Sync 1 DAGs
[2024-09-13T14:37:40.005+0000] {logging_mixin.py:190} INFO - [2024-09-13T14:37:40.004+0000] {dag.py:4156} INFO - Setting next_dagrun for example_bash_operator to 2024-09-12 00:00:00+00:00, run_after=2024-09-13 00:00:00+00:00
[2024-09-13T14:37:40.021+0000] {processor.py:208} INFO - Processing /home/airflow/.local/lib/python3.12/site-packages/airflow/example_dags/example_bash_operator.py took 0.079 seconds
[2024-09-13T14:38:10.301+0000] {processor.py:186} INFO - Started process (PID=524) to work on /home/airflow/.local/lib/python3.12/site-packages/airflow/example_dags/example_bash_operator.py
[2024-09-13T14:38:10.302+0000] {processor.py:914} INFO - Processing file /home/airflow/.local/lib/python3.12/site-packages/airflow/example_dags/example_bash_operator.py for tasks to queue
[2024-09-13T14:38:10.304+0000] {logging_mixin.py:190} INFO - [2024-09-13T14:38:10.303+0000] {dagbag.py:587} INFO - Filling up the DagBag from /home/airflow/.local/lib/python3.12/site-packages/airflow/example_dags/example_bash_operator.py
[2024-09-13T14:38:10.318+0000] {processor.py:925} INFO - DAG(s) 'example_bash_operator' retrieved from /home/airflow/.local/lib/python3.12/site-packages/airflow/example_dags/example_bash_operator.py
[2024-09-13T14:38:10.342+0000] {logging_mixin.py:190} INFO - [2024-09-13T14:38:10.342+0000] {dag.py:3229} INFO - Sync 1 DAGs
[2024-09-13T14:38:10.364+0000] {logging_mixin.py:190} INFO - [2024-09-13T14:38:10.364+0000] {dag.py:4156} INFO - Setting next_dagrun for example_bash_operator to 2024-09-12 00:00:00+00:00, run_after=2024-09-13 00:00:00+00:00
[2024-09-13T14:38:10.380+0000] {processor.py:208} INFO - Processing /home/airflow/.local/lib/python3.12/site-packages/airflow/example_dags/example_bash_operator.py took 0.085 seconds
[2024-09-13T14:39:32.674+0000] {processor.py:186} INFO - Started process (PID=85) to work on /home/airflow/.local/lib/python3.12/site-packages/airflow/example_dags/example_bash_operator.py
[2024-09-13T14:39:32.675+0000] {processor.py:914} INFO - Processing file /home/airflow/.local/lib/python3.12/site-packages/airflow/example_dags/example_bash_operator.py for tasks to queue
[2024-09-13T14:39:32.677+0000] {logging_mixin.py:190} INFO - [2024-09-13T14:39:32.676+0000] {dagbag.py:587} INFO - Filling up the DagBag from /home/airflow/.local/lib/python3.12/site-packages/airflow/example_dags/example_bash_operator.py
[2024-09-13T14:39:32.689+0000] {processor.py:925} INFO - DAG(s) 'example_bash_operator' retrieved from /home/airflow/.local/lib/python3.12/site-packages/airflow/example_dags/example_bash_operator.py
[2024-09-13T14:39:32.720+0000] {logging_mixin.py:190} INFO - [2024-09-13T14:39:32.720+0000] {dag.py:3229} INFO - Sync 1 DAGs
[2024-09-13T14:39:32.742+0000] {logging_mixin.py:190} INFO - [2024-09-13T14:39:32.742+0000] {dag.py:4156} INFO - Setting next_dagrun for example_bash_operator to 2024-09-12 00:00:00+00:00, run_after=2024-09-13 00:00:00+00:00
[2024-09-13T14:39:32.761+0000] {processor.py:208} INFO - Processing /home/airflow/.local/lib/python3.12/site-packages/airflow/example_dags/example_bash_operator.py took 0.093 seconds
[2024-09-13T14:40:03.698+0000] {processor.py:186} INFO - Started process (PID=147) to work on /home/airflow/.local/lib/python3.12/site-packages/airflow/example_dags/example_bash_operator.py
[2024-09-13T14:40:03.699+0000] {processor.py:914} INFO - Processing file /home/airflow/.local/lib/python3.12/site-packages/airflow/example_dags/example_bash_operator.py for tasks to queue
[2024-09-13T14:40:03.701+0000] {logging_mixin.py:190} INFO - [2024-09-13T14:40:03.700+0000] {dagbag.py:587} INFO - Filling up the DagBag from /home/airflow/.local/lib/python3.12/site-packages/airflow/example_dags/example_bash_operator.py
[2024-09-13T14:40:03.712+0000] {processor.py:925} INFO - DAG(s) 'example_bash_operator' retrieved from /home/airflow/.local/lib/python3.12/site-packages/airflow/example_dags/example_bash_operator.py
[2024-09-13T14:40:03.738+0000] {logging_mixin.py:190} INFO - [2024-09-13T14:40:03.738+0000] {dag.py:3229} INFO - Sync 1 DAGs
[2024-09-13T14:40:03.761+0000] {logging_mixin.py:190} INFO - [2024-09-13T14:40:03.761+0000] {dag.py:4156} INFO - Setting next_dagrun for example_bash_operator to 2024-09-12 00:00:00+00:00, run_after=2024-09-13 00:00:00+00:00
[2024-09-13T14:40:03.778+0000] {processor.py:208} INFO - Processing /home/airflow/.local/lib/python3.12/site-packages/airflow/example_dags/example_bash_operator.py took 0.086 seconds
[2024-09-13T14:40:33.970+0000] {processor.py:186} INFO - Started process (PID=208) to work on /home/airflow/.local/lib/python3.12/site-packages/airflow/example_dags/example_bash_operator.py
[2024-09-13T14:40:33.971+0000] {processor.py:914} INFO - Processing file /home/airflow/.local/lib/python3.12/site-packages/airflow/example_dags/example_bash_operator.py for tasks to queue
[2024-09-13T14:40:33.973+0000] {logging_mixin.py:190} INFO - [2024-09-13T14:40:33.973+0000] {dagbag.py:587} INFO - Filling up the DagBag from /home/airflow/.local/lib/python3.12/site-packages/airflow/example_dags/example_bash_operator.py
[2024-09-13T14:40:33.986+0000] {processor.py:925} INFO - DAG(s) 'example_bash_operator' retrieved from /home/airflow/.local/lib/python3.12/site-packages/airflow/example_dags/example_bash_operator.py
[2024-09-13T14:40:34.010+0000] {logging_mixin.py:190} INFO - [2024-09-13T14:40:34.009+0000] {dag.py:3229} INFO - Sync 1 DAGs
[2024-09-13T14:40:34.031+0000] {logging_mixin.py:190} INFO - [2024-09-13T14:40:34.031+0000] {dag.py:4156} INFO - Setting next_dagrun for example_bash_operator to 2024-09-12 00:00:00+00:00, run_after=2024-09-13 00:00:00+00:00
[2024-09-13T14:40:34.047+0000] {processor.py:208} INFO - Processing /home/airflow/.local/lib/python3.12/site-packages/airflow/example_dags/example_bash_operator.py took 0.082 seconds
[2024-09-13T14:41:25.397+0000] {processor.py:186} INFO - Started process (PID=78) to work on /home/airflow/.local/lib/python3.12/site-packages/airflow/example_dags/example_bash_operator.py
[2024-09-13T14:41:25.398+0000] {processor.py:914} INFO - Processing file /home/airflow/.local/lib/python3.12/site-packages/airflow/example_dags/example_bash_operator.py for tasks to queue
[2024-09-13T14:41:25.400+0000] {logging_mixin.py:190} INFO - [2024-09-13T14:41:25.400+0000] {dagbag.py:587} INFO - Filling up the DagBag from /home/airflow/.local/lib/python3.12/site-packages/airflow/example_dags/example_bash_operator.py
[2024-09-13T14:41:25.412+0000] {processor.py:925} INFO - DAG(s) 'example_bash_operator' retrieved from /home/airflow/.local/lib/python3.12/site-packages/airflow/example_dags/example_bash_operator.py
[2024-09-13T14:41:25.441+0000] {logging_mixin.py:190} INFO - [2024-09-13T14:41:25.440+0000] {dag.py:3229} INFO - Sync 1 DAGs
[2024-09-13T14:41:25.461+0000] {logging_mixin.py:190} INFO - [2024-09-13T14:41:25.461+0000] {dag.py:4156} INFO - Setting next_dagrun for example_bash_operator to 2024-09-12 00:00:00+00:00, run_after=2024-09-13 00:00:00+00:00
[2024-09-13T14:41:25.487+0000] {processor.py:208} INFO - Processing /home/airflow/.local/lib/python3.12/site-packages/airflow/example_dags/example_bash_operator.py took 0.095 seconds
[2024-09-13T14:41:56.523+0000] {processor.py:186} INFO - Started process (PID=140) to work on /home/airflow/.local/lib/python3.12/site-packages/airflow/example_dags/example_bash_operator.py
[2024-09-13T14:41:56.524+0000] {processor.py:914} INFO - Processing file /home/airflow/.local/lib/python3.12/site-packages/airflow/example_dags/example_bash_operator.py for tasks to queue
[2024-09-13T14:41:56.526+0000] {logging_mixin.py:190} INFO - [2024-09-13T14:41:56.525+0000] {dagbag.py:587} INFO - Filling up the DagBag from /home/airflow/.local/lib/python3.12/site-packages/airflow/example_dags/example_bash_operator.py
[2024-09-13T14:41:56.537+0000] {processor.py:925} INFO - DAG(s) 'example_bash_operator' retrieved from /home/airflow/.local/lib/python3.12/site-packages/airflow/example_dags/example_bash_operator.py
[2024-09-13T14:41:56.561+0000] {logging_mixin.py:190} INFO - [2024-09-13T14:41:56.561+0000] {dag.py:3229} INFO - Sync 1 DAGs
[2024-09-13T14:41:56.581+0000] {logging_mixin.py:190} INFO - [2024-09-13T14:41:56.581+0000] {dag.py:4156} INFO - Setting next_dagrun for example_bash_operator to 2024-09-12 00:00:00+00:00, run_after=2024-09-13 00:00:00+00:00
[2024-09-13T14:41:56.598+0000] {processor.py:208} INFO - Processing /home/airflow/.local/lib/python3.12/site-packages/airflow/example_dags/example_bash_operator.py took 0.080 seconds
[2024-09-13T14:42:27.576+0000] {processor.py:186} INFO - Started process (PID=202) to work on /home/airflow/.local/lib/python3.12/site-packages/airflow/example_dags/example_bash_operator.py
[2024-09-13T14:42:27.577+0000] {processor.py:914} INFO - Processing file /home/airflow/.local/lib/python3.12/site-packages/airflow/example_dags/example_bash_operator.py for tasks to queue
[2024-09-13T14:42:27.579+0000] {logging_mixin.py:190} INFO - [2024-09-13T14:42:27.579+0000] {dagbag.py:587} INFO - Filling up the DagBag from /home/airflow/.local/lib/python3.12/site-packages/airflow/example_dags/example_bash_operator.py
[2024-09-13T14:42:27.592+0000] {processor.py:925} INFO - DAG(s) 'example_bash_operator' retrieved from /home/airflow/.local/lib/python3.12/site-packages/airflow/example_dags/example_bash_operator.py
[2024-09-13T14:42:27.625+0000] {logging_mixin.py:190} INFO - [2024-09-13T14:42:27.624+0000] {dag.py:3229} INFO - Sync 1 DAGs
[2024-09-13T14:42:27.647+0000] {logging_mixin.py:190} INFO - [2024-09-13T14:42:27.647+0000] {dag.py:4156} INFO - Setting next_dagrun for example_bash_operator to 2024-09-12 00:00:00+00:00, run_after=2024-09-13 00:00:00+00:00
[2024-09-13T14:42:27.666+0000] {processor.py:208} INFO - Processing /home/airflow/.local/lib/python3.12/site-packages/airflow/example_dags/example_bash_operator.py took 0.095 seconds
[2024-09-13T14:42:58.497+0000] {processor.py:186} INFO - Started process (PID=264) to work on /home/airflow/.local/lib/python3.12/site-packages/airflow/example_dags/example_bash_operator.py
[2024-09-13T14:42:58.499+0000] {processor.py:914} INFO - Processing file /home/airflow/.local/lib/python3.12/site-packages/airflow/example_dags/example_bash_operator.py for tasks to queue
[2024-09-13T14:42:58.501+0000] {logging_mixin.py:190} INFO - [2024-09-13T14:42:58.501+0000] {dagbag.py:587} INFO - Filling up the DagBag from /home/airflow/.local/lib/python3.12/site-packages/airflow/example_dags/example_bash_operator.py
[2024-09-13T14:42:58.514+0000] {processor.py:925} INFO - DAG(s) 'example_bash_operator' retrieved from /home/airflow/.local/lib/python3.12/site-packages/airflow/example_dags/example_bash_operator.py
[2024-09-13T14:42:58.541+0000] {logging_mixin.py:190} INFO - [2024-09-13T14:42:58.541+0000] {dag.py:3229} INFO - Sync 1 DAGs
[2024-09-13T14:42:58.566+0000] {logging_mixin.py:190} INFO - [2024-09-13T14:42:58.566+0000] {dag.py:4156} INFO - Setting next_dagrun for example_bash_operator to 2024-09-12 00:00:00+00:00, run_after=2024-09-13 00:00:00+00:00
[2024-09-13T14:42:58.593+0000] {processor.py:208} INFO - Processing /home/airflow/.local/lib/python3.12/site-packages/airflow/example_dags/example_bash_operator.py took 0.101 seconds
