[2024-09-13T14:34:33.963+0000] {processor.py:186} INFO - Started process (PID=70) to work on /home/airflow/.local/lib/python3.12/site-packages/airflow/example_dags/example_skip_dag.py
[2024-09-13T14:34:33.964+0000] {processor.py:914} INFO - Processing file /home/airflow/.local/lib/python3.12/site-packages/airflow/example_dags/example_skip_dag.py for tasks to queue
[2024-09-13T14:34:33.968+0000] {logging_mixin.py:190} INFO - [2024-09-13T14:34:33.967+0000] {dagbag.py:587} INFO - Filling up the DagBag from /home/airflow/.local/lib/python3.12/site-packages/airflow/example_dags/example_skip_dag.py
[2024-09-13T14:34:33.978+0000] {processor.py:925} INFO - DAG(s) 'example_skip_dag' retrieved from /home/airflow/.local/lib/python3.12/site-packages/airflow/example_dags/example_skip_dag.py
[2024-09-13T14:34:34.171+0000] {logging_mixin.py:190} INFO - [2024-09-13T14:34:34.170+0000] {override.py:1900} INFO - Created Permission View: can read on DAG:example_skip_dag
[2024-09-13T14:34:34.184+0000] {logging_mixin.py:190} INFO - [2024-09-13T14:34:34.184+0000] {override.py:1900} INFO - Created Permission View: can delete on DAG:example_skip_dag
[2024-09-13T14:34:34.193+0000] {logging_mixin.py:190} INFO - [2024-09-13T14:34:34.193+0000] {override.py:1900} INFO - Created Permission View: can edit on DAG:example_skip_dag
[2024-09-13T14:34:34.203+0000] {logging_mixin.py:190} INFO - [2024-09-13T14:34:34.202+0000] {override.py:1900} INFO - Created Permission View: can create on DAG Run:example_skip_dag
[2024-09-13T14:34:34.211+0000] {logging_mixin.py:190} INFO - [2024-09-13T14:34:34.211+0000] {override.py:1900} INFO - Created Permission View: menu access on DAG Run:example_skip_dag
[2024-09-13T14:34:34.220+0000] {logging_mixin.py:190} INFO - [2024-09-13T14:34:34.220+0000] {override.py:1900} INFO - Created Permission View: can read on DAG Run:example_skip_dag
[2024-09-13T14:34:34.229+0000] {logging_mixin.py:190} INFO - [2024-09-13T14:34:34.228+0000] {override.py:1900} INFO - Created Permission View: can delete on DAG Run:example_skip_dag
[2024-09-13T14:34:34.229+0000] {logging_mixin.py:190} INFO - [2024-09-13T14:34:34.229+0000] {dag.py:3229} INFO - Sync 1 DAGs
[2024-09-13T14:34:34.243+0000] {logging_mixin.py:190} INFO - [2024-09-13T14:34:34.242+0000] {dag.py:3252} INFO - Creating ORM DAG for example_skip_dag
[2024-09-13T14:34:34.257+0000] {logging_mixin.py:190} INFO - [2024-09-13T14:34:34.257+0000] {dag.py:4156} INFO - Setting next_dagrun for example_skip_dag to 2024-09-12 00:00:00+00:00, run_after=2024-09-13 00:00:00+00:00
[2024-09-13T14:34:34.277+0000] {processor.py:208} INFO - Processing /home/airflow/.local/lib/python3.12/site-packages/airflow/example_dags/example_skip_dag.py took 0.320 seconds
[2024-09-13T14:35:05.095+0000] {processor.py:186} INFO - Started process (PID=132) to work on /home/airflow/.local/lib/python3.12/site-packages/airflow/example_dags/example_skip_dag.py
[2024-09-13T14:35:05.097+0000] {processor.py:914} INFO - Processing file /home/airflow/.local/lib/python3.12/site-packages/airflow/example_dags/example_skip_dag.py for tasks to queue
[2024-09-13T14:35:05.100+0000] {logging_mixin.py:190} INFO - [2024-09-13T14:35:05.100+0000] {dagbag.py:587} INFO - Filling up the DagBag from /home/airflow/.local/lib/python3.12/site-packages/airflow/example_dags/example_skip_dag.py
[2024-09-13T14:35:05.112+0000] {processor.py:925} INFO - DAG(s) 'example_skip_dag' retrieved from /home/airflow/.local/lib/python3.12/site-packages/airflow/example_dags/example_skip_dag.py
[2024-09-13T14:35:05.143+0000] {logging_mixin.py:190} INFO - [2024-09-13T14:35:05.143+0000] {dag.py:3229} INFO - Sync 1 DAGs
[2024-09-13T14:35:05.167+0000] {logging_mixin.py:190} INFO - [2024-09-13T14:35:05.167+0000] {dag.py:4156} INFO - Setting next_dagrun for example_skip_dag to 2024-09-12 00:00:00+00:00, run_after=2024-09-13 00:00:00+00:00
[2024-09-13T14:35:05.187+0000] {processor.py:208} INFO - Processing /home/airflow/.local/lib/python3.12/site-packages/airflow/example_dags/example_skip_dag.py took 0.102 seconds
[2024-09-13T14:35:35.514+0000] {processor.py:186} INFO - Started process (PID=200) to work on /home/airflow/.local/lib/python3.12/site-packages/airflow/example_dags/example_skip_dag.py
[2024-09-13T14:35:35.516+0000] {processor.py:914} INFO - Processing file /home/airflow/.local/lib/python3.12/site-packages/airflow/example_dags/example_skip_dag.py for tasks to queue
[2024-09-13T14:35:35.519+0000] {logging_mixin.py:190} INFO - [2024-09-13T14:35:35.518+0000] {dagbag.py:587} INFO - Filling up the DagBag from /home/airflow/.local/lib/python3.12/site-packages/airflow/example_dags/example_skip_dag.py
[2024-09-13T14:35:35.535+0000] {processor.py:925} INFO - DAG(s) 'example_skip_dag' retrieved from /home/airflow/.local/lib/python3.12/site-packages/airflow/example_dags/example_skip_dag.py
[2024-09-13T14:35:35.587+0000] {logging_mixin.py:190} INFO - [2024-09-13T14:35:35.587+0000] {dag.py:3229} INFO - Sync 1 DAGs
[2024-09-13T14:35:35.614+0000] {logging_mixin.py:190} INFO - [2024-09-13T14:35:35.614+0000] {dag.py:4156} INFO - Setting next_dagrun for example_skip_dag to 2024-09-12 00:00:00+00:00, run_after=2024-09-13 00:00:00+00:00
[2024-09-13T14:35:35.632+0000] {processor.py:208} INFO - Processing /home/airflow/.local/lib/python3.12/site-packages/airflow/example_dags/example_skip_dag.py took 0.127 seconds
[2024-09-13T14:36:05.924+0000] {processor.py:186} INFO - Started process (PID=262) to work on /home/airflow/.local/lib/python3.12/site-packages/airflow/example_dags/example_skip_dag.py
[2024-09-13T14:36:05.926+0000] {processor.py:914} INFO - Processing file /home/airflow/.local/lib/python3.12/site-packages/airflow/example_dags/example_skip_dag.py for tasks to queue
[2024-09-13T14:36:05.928+0000] {logging_mixin.py:190} INFO - [2024-09-13T14:36:05.928+0000] {dagbag.py:587} INFO - Filling up the DagBag from /home/airflow/.local/lib/python3.12/site-packages/airflow/example_dags/example_skip_dag.py
[2024-09-13T14:36:05.939+0000] {processor.py:925} INFO - DAG(s) 'example_skip_dag' retrieved from /home/airflow/.local/lib/python3.12/site-packages/airflow/example_dags/example_skip_dag.py
[2024-09-13T14:36:05.965+0000] {logging_mixin.py:190} INFO - [2024-09-13T14:36:05.965+0000] {dag.py:3229} INFO - Sync 1 DAGs
[2024-09-13T14:36:05.989+0000] {logging_mixin.py:190} INFO - [2024-09-13T14:36:05.989+0000] {dag.py:4156} INFO - Setting next_dagrun for example_skip_dag to 2024-09-12 00:00:00+00:00, run_after=2024-09-13 00:00:00+00:00
[2024-09-13T14:36:06.012+0000] {processor.py:208} INFO - Processing /home/airflow/.local/lib/python3.12/site-packages/airflow/example_dags/example_skip_dag.py took 0.094 seconds
[2024-09-13T14:36:36.222+0000] {processor.py:186} INFO - Started process (PID=324) to work on /home/airflow/.local/lib/python3.12/site-packages/airflow/example_dags/example_skip_dag.py
[2024-09-13T14:36:36.222+0000] {processor.py:914} INFO - Processing file /home/airflow/.local/lib/python3.12/site-packages/airflow/example_dags/example_skip_dag.py for tasks to queue
[2024-09-13T14:36:36.224+0000] {logging_mixin.py:190} INFO - [2024-09-13T14:36:36.224+0000] {dagbag.py:587} INFO - Filling up the DagBag from /home/airflow/.local/lib/python3.12/site-packages/airflow/example_dags/example_skip_dag.py
[2024-09-13T14:36:36.231+0000] {processor.py:925} INFO - DAG(s) 'example_skip_dag' retrieved from /home/airflow/.local/lib/python3.12/site-packages/airflow/example_dags/example_skip_dag.py
[2024-09-13T14:36:36.252+0000] {logging_mixin.py:190} INFO - [2024-09-13T14:36:36.251+0000] {dag.py:3229} INFO - Sync 1 DAGs
[2024-09-13T14:36:36.271+0000] {logging_mixin.py:190} INFO - [2024-09-13T14:36:36.271+0000] {dag.py:4156} INFO - Setting next_dagrun for example_skip_dag to 2024-09-12 00:00:00+00:00, run_after=2024-09-13 00:00:00+00:00
[2024-09-13T14:36:36.290+0000] {processor.py:208} INFO - Processing /home/airflow/.local/lib/python3.12/site-packages/airflow/example_dags/example_skip_dag.py took 0.073 seconds
[2024-09-13T14:37:07.022+0000] {processor.py:186} INFO - Started process (PID=386) to work on /home/airflow/.local/lib/python3.12/site-packages/airflow/example_dags/example_skip_dag.py
[2024-09-13T14:37:07.022+0000] {processor.py:914} INFO - Processing file /home/airflow/.local/lib/python3.12/site-packages/airflow/example_dags/example_skip_dag.py for tasks to queue
[2024-09-13T14:37:07.025+0000] {logging_mixin.py:190} INFO - [2024-09-13T14:37:07.024+0000] {dagbag.py:587} INFO - Filling up the DagBag from /home/airflow/.local/lib/python3.12/site-packages/airflow/example_dags/example_skip_dag.py
[2024-09-13T14:37:07.032+0000] {processor.py:925} INFO - DAG(s) 'example_skip_dag' retrieved from /home/airflow/.local/lib/python3.12/site-packages/airflow/example_dags/example_skip_dag.py
[2024-09-13T14:37:07.055+0000] {logging_mixin.py:190} INFO - [2024-09-13T14:37:07.054+0000] {dag.py:3229} INFO - Sync 1 DAGs
[2024-09-13T14:37:07.078+0000] {logging_mixin.py:190} INFO - [2024-09-13T14:37:07.078+0000] {dag.py:4156} INFO - Setting next_dagrun for example_skip_dag to 2024-09-12 00:00:00+00:00, run_after=2024-09-13 00:00:00+00:00
[2024-09-13T14:37:07.095+0000] {processor.py:208} INFO - Processing /home/airflow/.local/lib/python3.12/site-packages/airflow/example_dags/example_skip_dag.py took 0.079 seconds
[2024-09-13T14:37:37.904+0000] {processor.py:186} INFO - Started process (PID=448) to work on /home/airflow/.local/lib/python3.12/site-packages/airflow/example_dags/example_skip_dag.py
[2024-09-13T14:37:37.904+0000] {processor.py:914} INFO - Processing file /home/airflow/.local/lib/python3.12/site-packages/airflow/example_dags/example_skip_dag.py for tasks to queue
[2024-09-13T14:37:37.906+0000] {logging_mixin.py:190} INFO - [2024-09-13T14:37:37.906+0000] {dagbag.py:587} INFO - Filling up the DagBag from /home/airflow/.local/lib/python3.12/site-packages/airflow/example_dags/example_skip_dag.py
[2024-09-13T14:37:37.915+0000] {processor.py:925} INFO - DAG(s) 'example_skip_dag' retrieved from /home/airflow/.local/lib/python3.12/site-packages/airflow/example_dags/example_skip_dag.py
[2024-09-13T14:37:37.939+0000] {logging_mixin.py:190} INFO - [2024-09-13T14:37:37.939+0000] {dag.py:3229} INFO - Sync 1 DAGs
[2024-09-13T14:37:37.962+0000] {logging_mixin.py:190} INFO - [2024-09-13T14:37:37.962+0000] {dag.py:4156} INFO - Setting next_dagrun for example_skip_dag to 2024-09-12 00:00:00+00:00, run_after=2024-09-13 00:00:00+00:00
[2024-09-13T14:37:37.980+0000] {processor.py:208} INFO - Processing /home/airflow/.local/lib/python3.12/site-packages/airflow/example_dags/example_skip_dag.py took 0.081 seconds
[2024-09-13T14:38:08.372+0000] {processor.py:186} INFO - Started process (PID=510) to work on /home/airflow/.local/lib/python3.12/site-packages/airflow/example_dags/example_skip_dag.py
[2024-09-13T14:38:08.372+0000] {processor.py:914} INFO - Processing file /home/airflow/.local/lib/python3.12/site-packages/airflow/example_dags/example_skip_dag.py for tasks to queue
[2024-09-13T14:38:08.374+0000] {logging_mixin.py:190} INFO - [2024-09-13T14:38:08.374+0000] {dagbag.py:587} INFO - Filling up the DagBag from /home/airflow/.local/lib/python3.12/site-packages/airflow/example_dags/example_skip_dag.py
[2024-09-13T14:38:08.383+0000] {processor.py:925} INFO - DAG(s) 'example_skip_dag' retrieved from /home/airflow/.local/lib/python3.12/site-packages/airflow/example_dags/example_skip_dag.py
[2024-09-13T14:38:08.425+0000] {logging_mixin.py:190} INFO - [2024-09-13T14:38:08.425+0000] {dag.py:3229} INFO - Sync 1 DAGs
[2024-09-13T14:38:08.449+0000] {logging_mixin.py:190} INFO - [2024-09-13T14:38:08.448+0000] {dag.py:4156} INFO - Setting next_dagrun for example_skip_dag to 2024-09-12 00:00:00+00:00, run_after=2024-09-13 00:00:00+00:00
[2024-09-13T14:38:08.468+0000] {processor.py:208} INFO - Processing /home/airflow/.local/lib/python3.12/site-packages/airflow/example_dags/example_skip_dag.py took 0.102 seconds
[2024-09-13T14:39:31.351+0000] {processor.py:186} INFO - Started process (PID=70) to work on /home/airflow/.local/lib/python3.12/site-packages/airflow/example_dags/example_skip_dag.py
[2024-09-13T14:39:31.352+0000] {processor.py:914} INFO - Processing file /home/airflow/.local/lib/python3.12/site-packages/airflow/example_dags/example_skip_dag.py for tasks to queue
[2024-09-13T14:39:31.354+0000] {logging_mixin.py:190} INFO - [2024-09-13T14:39:31.354+0000] {dagbag.py:587} INFO - Filling up the DagBag from /home/airflow/.local/lib/python3.12/site-packages/airflow/example_dags/example_skip_dag.py
[2024-09-13T14:39:31.367+0000] {processor.py:925} INFO - DAG(s) 'example_skip_dag' retrieved from /home/airflow/.local/lib/python3.12/site-packages/airflow/example_dags/example_skip_dag.py
[2024-09-13T14:39:31.397+0000] {logging_mixin.py:190} INFO - [2024-09-13T14:39:31.397+0000] {dag.py:3229} INFO - Sync 1 DAGs
[2024-09-13T14:39:31.421+0000] {logging_mixin.py:190} INFO - [2024-09-13T14:39:31.420+0000] {dag.py:4156} INFO - Setting next_dagrun for example_skip_dag to 2024-09-12 00:00:00+00:00, run_after=2024-09-13 00:00:00+00:00
[2024-09-13T14:39:31.441+0000] {processor.py:208} INFO - Processing /home/airflow/.local/lib/python3.12/site-packages/airflow/example_dags/example_skip_dag.py took 0.095 seconds
[2024-09-13T14:40:01.566+0000] {processor.py:186} INFO - Started process (PID=132) to work on /home/airflow/.local/lib/python3.12/site-packages/airflow/example_dags/example_skip_dag.py
[2024-09-13T14:40:01.566+0000] {processor.py:914} INFO - Processing file /home/airflow/.local/lib/python3.12/site-packages/airflow/example_dags/example_skip_dag.py for tasks to queue
[2024-09-13T14:40:01.569+0000] {logging_mixin.py:190} INFO - [2024-09-13T14:40:01.569+0000] {dagbag.py:587} INFO - Filling up the DagBag from /home/airflow/.local/lib/python3.12/site-packages/airflow/example_dags/example_skip_dag.py
[2024-09-13T14:40:01.576+0000] {processor.py:925} INFO - DAG(s) 'example_skip_dag' retrieved from /home/airflow/.local/lib/python3.12/site-packages/airflow/example_dags/example_skip_dag.py
[2024-09-13T14:40:01.597+0000] {logging_mixin.py:190} INFO - [2024-09-13T14:40:01.597+0000] {dag.py:3229} INFO - Sync 1 DAGs
[2024-09-13T14:40:01.618+0000] {logging_mixin.py:190} INFO - [2024-09-13T14:40:01.618+0000] {dag.py:4156} INFO - Setting next_dagrun for example_skip_dag to 2024-09-12 00:00:00+00:00, run_after=2024-09-13 00:00:00+00:00
[2024-09-13T14:40:01.635+0000] {processor.py:208} INFO - Processing /home/airflow/.local/lib/python3.12/site-packages/airflow/example_dags/example_skip_dag.py took 0.074 seconds
[2024-09-13T14:40:32.930+0000] {processor.py:186} INFO - Started process (PID=194) to work on /home/airflow/.local/lib/python3.12/site-packages/airflow/example_dags/example_skip_dag.py
[2024-09-13T14:40:32.931+0000] {processor.py:914} INFO - Processing file /home/airflow/.local/lib/python3.12/site-packages/airflow/example_dags/example_skip_dag.py for tasks to queue
[2024-09-13T14:40:32.934+0000] {logging_mixin.py:190} INFO - [2024-09-13T14:40:32.933+0000] {dagbag.py:587} INFO - Filling up the DagBag from /home/airflow/.local/lib/python3.12/site-packages/airflow/example_dags/example_skip_dag.py
[2024-09-13T14:40:32.941+0000] {processor.py:925} INFO - DAG(s) 'example_skip_dag' retrieved from /home/airflow/.local/lib/python3.12/site-packages/airflow/example_dags/example_skip_dag.py
[2024-09-13T14:40:32.965+0000] {logging_mixin.py:190} INFO - [2024-09-13T14:40:32.965+0000] {dag.py:3229} INFO - Sync 1 DAGs
[2024-09-13T14:40:32.988+0000] {logging_mixin.py:190} INFO - [2024-09-13T14:40:32.988+0000] {dag.py:4156} INFO - Setting next_dagrun for example_skip_dag to 2024-09-12 00:00:00+00:00, run_after=2024-09-13 00:00:00+00:00
[2024-09-13T14:40:33.007+0000] {processor.py:208} INFO - Processing /home/airflow/.local/lib/python3.12/site-packages/airflow/example_dags/example_skip_dag.py took 0.082 seconds
[2024-09-13T14:41:24.224+0000] {processor.py:186} INFO - Started process (PID=63) to work on /home/airflow/.local/lib/python3.12/site-packages/airflow/example_dags/example_skip_dag.py
[2024-09-13T14:41:24.225+0000] {processor.py:914} INFO - Processing file /home/airflow/.local/lib/python3.12/site-packages/airflow/example_dags/example_skip_dag.py for tasks to queue
[2024-09-13T14:41:24.227+0000] {logging_mixin.py:190} INFO - [2024-09-13T14:41:24.226+0000] {dagbag.py:587} INFO - Filling up the DagBag from /home/airflow/.local/lib/python3.12/site-packages/airflow/example_dags/example_skip_dag.py
[2024-09-13T14:41:24.233+0000] {processor.py:925} INFO - DAG(s) 'example_skip_dag' retrieved from /home/airflow/.local/lib/python3.12/site-packages/airflow/example_dags/example_skip_dag.py
[2024-09-13T14:41:24.261+0000] {logging_mixin.py:190} INFO - [2024-09-13T14:41:24.260+0000] {dag.py:3229} INFO - Sync 1 DAGs
[2024-09-13T14:41:24.282+0000] {logging_mixin.py:190} INFO - [2024-09-13T14:41:24.282+0000] {dag.py:4156} INFO - Setting next_dagrun for example_skip_dag to 2024-09-12 00:00:00+00:00, run_after=2024-09-13 00:00:00+00:00
[2024-09-13T14:41:24.300+0000] {processor.py:208} INFO - Processing /home/airflow/.local/lib/python3.12/site-packages/airflow/example_dags/example_skip_dag.py took 0.081 seconds
[2024-09-13T14:41:54.474+0000] {processor.py:186} INFO - Started process (PID=125) to work on /home/airflow/.local/lib/python3.12/site-packages/airflow/example_dags/example_skip_dag.py
[2024-09-13T14:41:54.474+0000] {processor.py:914} INFO - Processing file /home/airflow/.local/lib/python3.12/site-packages/airflow/example_dags/example_skip_dag.py for tasks to queue
[2024-09-13T14:41:54.477+0000] {logging_mixin.py:190} INFO - [2024-09-13T14:41:54.476+0000] {dagbag.py:587} INFO - Filling up the DagBag from /home/airflow/.local/lib/python3.12/site-packages/airflow/example_dags/example_skip_dag.py
[2024-09-13T14:41:54.485+0000] {processor.py:925} INFO - DAG(s) 'example_skip_dag' retrieved from /home/airflow/.local/lib/python3.12/site-packages/airflow/example_dags/example_skip_dag.py
[2024-09-13T14:41:54.510+0000] {logging_mixin.py:190} INFO - [2024-09-13T14:41:54.510+0000] {dag.py:3229} INFO - Sync 1 DAGs
[2024-09-13T14:41:54.533+0000] {logging_mixin.py:190} INFO - [2024-09-13T14:41:54.533+0000] {dag.py:4156} INFO - Setting next_dagrun for example_skip_dag to 2024-09-12 00:00:00+00:00, run_after=2024-09-13 00:00:00+00:00
[2024-09-13T14:41:54.551+0000] {processor.py:208} INFO - Processing /home/airflow/.local/lib/python3.12/site-packages/airflow/example_dags/example_skip_dag.py took 0.083 seconds
[2024-09-13T14:42:25.355+0000] {processor.py:186} INFO - Started process (PID=187) to work on /home/airflow/.local/lib/python3.12/site-packages/airflow/example_dags/example_skip_dag.py
[2024-09-13T14:42:25.356+0000] {processor.py:914} INFO - Processing file /home/airflow/.local/lib/python3.12/site-packages/airflow/example_dags/example_skip_dag.py for tasks to queue
[2024-09-13T14:42:25.358+0000] {logging_mixin.py:190} INFO - [2024-09-13T14:42:25.357+0000] {dagbag.py:587} INFO - Filling up the DagBag from /home/airflow/.local/lib/python3.12/site-packages/airflow/example_dags/example_skip_dag.py
[2024-09-13T14:42:25.365+0000] {processor.py:925} INFO - DAG(s) 'example_skip_dag' retrieved from /home/airflow/.local/lib/python3.12/site-packages/airflow/example_dags/example_skip_dag.py
[2024-09-13T14:42:25.385+0000] {logging_mixin.py:190} INFO - [2024-09-13T14:42:25.385+0000] {dag.py:3229} INFO - Sync 1 DAGs
[2024-09-13T14:42:25.411+0000] {logging_mixin.py:190} INFO - [2024-09-13T14:42:25.411+0000] {dag.py:4156} INFO - Setting next_dagrun for example_skip_dag to 2024-09-12 00:00:00+00:00, run_after=2024-09-13 00:00:00+00:00
[2024-09-13T14:42:25.432+0000] {processor.py:208} INFO - Processing /home/airflow/.local/lib/python3.12/site-packages/airflow/example_dags/example_skip_dag.py took 0.082 seconds
[2024-09-13T14:42:56.399+0000] {processor.py:186} INFO - Started process (PID=249) to work on /home/airflow/.local/lib/python3.12/site-packages/airflow/example_dags/example_skip_dag.py
[2024-09-13T14:42:56.400+0000] {processor.py:914} INFO - Processing file /home/airflow/.local/lib/python3.12/site-packages/airflow/example_dags/example_skip_dag.py for tasks to queue
[2024-09-13T14:42:56.403+0000] {logging_mixin.py:190} INFO - [2024-09-13T14:42:56.402+0000] {dagbag.py:587} INFO - Filling up the DagBag from /home/airflow/.local/lib/python3.12/site-packages/airflow/example_dags/example_skip_dag.py
[2024-09-13T14:42:56.410+0000] {processor.py:925} INFO - DAG(s) 'example_skip_dag' retrieved from /home/airflow/.local/lib/python3.12/site-packages/airflow/example_dags/example_skip_dag.py
[2024-09-13T14:42:56.430+0000] {logging_mixin.py:190} INFO - [2024-09-13T14:42:56.430+0000] {dag.py:3229} INFO - Sync 1 DAGs
[2024-09-13T14:42:56.452+0000] {logging_mixin.py:190} INFO - [2024-09-13T14:42:56.452+0000] {dag.py:4156} INFO - Setting next_dagrun for example_skip_dag to 2024-09-12 00:00:00+00:00, run_after=2024-09-13 00:00:00+00:00
[2024-09-13T14:42:56.469+0000] {processor.py:208} INFO - Processing /home/airflow/.local/lib/python3.12/site-packages/airflow/example_dags/example_skip_dag.py took 0.075 seconds
