[2024-09-13T14:34:37.016+0000] {processor.py:186} INFO - Started process (PID=94) to work on /home/airflow/.local/lib/python3.12/site-packages/airflow/example_dags/example_task_group_decorator.py
[2024-09-13T14:34:37.017+0000] {processor.py:914} INFO - Processing file /home/airflow/.local/lib/python3.12/site-packages/airflow/example_dags/example_task_group_decorator.py for tasks to queue
[2024-09-13T14:34:37.018+0000] {logging_mixin.py:190} INFO - [2024-09-13T14:34:37.018+0000] {dagbag.py:587} INFO - Filling up the DagBag from /home/airflow/.local/lib/python3.12/site-packages/airflow/example_dags/example_task_group_decorator.py
[2024-09-13T14:34:37.034+0000] {processor.py:925} INFO - DAG(s) 'example_task_group_decorator' retrieved from /home/airflow/.local/lib/python3.12/site-packages/airflow/example_dags/example_task_group_decorator.py
[2024-09-13T14:34:37.134+0000] {logging_mixin.py:190} INFO - [2024-09-13T14:34:37.134+0000] {override.py:1900} INFO - Created Permission View: can read on DAG:example_task_group_decorator
[2024-09-13T14:34:37.142+0000] {logging_mixin.py:190} INFO - [2024-09-13T14:34:37.142+0000] {override.py:1900} INFO - Created Permission View: can delete on DAG:example_task_group_decorator
[2024-09-13T14:34:37.148+0000] {logging_mixin.py:190} INFO - [2024-09-13T14:34:37.148+0000] {override.py:1900} INFO - Created Permission View: can edit on DAG:example_task_group_decorator
[2024-09-13T14:34:37.154+0000] {logging_mixin.py:190} INFO - [2024-09-13T14:34:37.154+0000] {override.py:1900} INFO - Created Permission View: can create on DAG Run:example_task_group_decorator
[2024-09-13T14:34:37.160+0000] {logging_mixin.py:190} INFO - [2024-09-13T14:34:37.160+0000] {override.py:1900} INFO - Created Permission View: menu access on DAG Run:example_task_group_decorator
[2024-09-13T14:34:37.166+0000] {logging_mixin.py:190} INFO - [2024-09-13T14:34:37.166+0000] {override.py:1900} INFO - Created Permission View: can read on DAG Run:example_task_group_decorator
[2024-09-13T14:34:37.171+0000] {logging_mixin.py:190} INFO - [2024-09-13T14:34:37.171+0000] {override.py:1900} INFO - Created Permission View: can delete on DAG Run:example_task_group_decorator
[2024-09-13T14:34:37.172+0000] {logging_mixin.py:190} INFO - [2024-09-13T14:34:37.172+0000] {dag.py:3229} INFO - Sync 1 DAGs
[2024-09-13T14:34:37.185+0000] {logging_mixin.py:190} INFO - [2024-09-13T14:34:37.184+0000] {dag.py:3252} INFO - Creating ORM DAG for example_task_group_decorator
[2024-09-13T14:34:37.185+0000] {logging_mixin.py:190} INFO - [2024-09-13T14:34:37.185+0000] {dag.py:4156} INFO - Setting next_dagrun for example_task_group_decorator to None, run_after=None
[2024-09-13T14:34:37.205+0000] {processor.py:208} INFO - Processing /home/airflow/.local/lib/python3.12/site-packages/airflow/example_dags/example_task_group_decorator.py took 0.194 seconds
[2024-09-13T14:35:07.467+0000] {processor.py:186} INFO - Started process (PID=156) to work on /home/airflow/.local/lib/python3.12/site-packages/airflow/example_dags/example_task_group_decorator.py
[2024-09-13T14:35:07.468+0000] {processor.py:914} INFO - Processing file /home/airflow/.local/lib/python3.12/site-packages/airflow/example_dags/example_task_group_decorator.py for tasks to queue
[2024-09-13T14:35:07.470+0000] {logging_mixin.py:190} INFO - [2024-09-13T14:35:07.469+0000] {dagbag.py:587} INFO - Filling up the DagBag from /home/airflow/.local/lib/python3.12/site-packages/airflow/example_dags/example_task_group_decorator.py
[2024-09-13T14:35:07.484+0000] {processor.py:925} INFO - DAG(s) 'example_task_group_decorator' retrieved from /home/airflow/.local/lib/python3.12/site-packages/airflow/example_dags/example_task_group_decorator.py
[2024-09-13T14:35:07.512+0000] {logging_mixin.py:190} INFO - [2024-09-13T14:35:07.512+0000] {dag.py:3229} INFO - Sync 1 DAGs
[2024-09-13T14:35:07.525+0000] {logging_mixin.py:190} INFO - [2024-09-13T14:35:07.525+0000] {dag.py:4156} INFO - Setting next_dagrun for example_task_group_decorator to None, run_after=None
[2024-09-13T14:35:07.542+0000] {processor.py:208} INFO - Processing /home/airflow/.local/lib/python3.12/site-packages/airflow/example_dags/example_task_group_decorator.py took 0.081 seconds
[2024-09-13T14:35:37.767+0000] {processor.py:186} INFO - Started process (PID=218) to work on /home/airflow/.local/lib/python3.12/site-packages/airflow/example_dags/example_task_group_decorator.py
[2024-09-13T14:35:37.767+0000] {processor.py:914} INFO - Processing file /home/airflow/.local/lib/python3.12/site-packages/airflow/example_dags/example_task_group_decorator.py for tasks to queue
[2024-09-13T14:35:37.769+0000] {logging_mixin.py:190} INFO - [2024-09-13T14:35:37.769+0000] {dagbag.py:587} INFO - Filling up the DagBag from /home/airflow/.local/lib/python3.12/site-packages/airflow/example_dags/example_task_group_decorator.py
[2024-09-13T14:35:37.784+0000] {processor.py:925} INFO - DAG(s) 'example_task_group_decorator' retrieved from /home/airflow/.local/lib/python3.12/site-packages/airflow/example_dags/example_task_group_decorator.py
[2024-09-13T14:35:37.815+0000] {logging_mixin.py:190} INFO - [2024-09-13T14:35:37.815+0000] {dag.py:3229} INFO - Sync 1 DAGs
[2024-09-13T14:35:37.832+0000] {logging_mixin.py:190} INFO - [2024-09-13T14:35:37.832+0000] {dag.py:4156} INFO - Setting next_dagrun for example_task_group_decorator to None, run_after=None
[2024-09-13T14:35:37.853+0000] {processor.py:208} INFO - Processing /home/airflow/.local/lib/python3.12/site-packages/airflow/example_dags/example_task_group_decorator.py took 0.092 seconds
[2024-09-13T14:36:08.108+0000] {processor.py:186} INFO - Started process (PID=279) to work on /home/airflow/.local/lib/python3.12/site-packages/airflow/example_dags/example_task_group_decorator.py
[2024-09-13T14:36:08.108+0000] {processor.py:914} INFO - Processing file /home/airflow/.local/lib/python3.12/site-packages/airflow/example_dags/example_task_group_decorator.py for tasks to queue
[2024-09-13T14:36:08.110+0000] {logging_mixin.py:190} INFO - [2024-09-13T14:36:08.110+0000] {dagbag.py:587} INFO - Filling up the DagBag from /home/airflow/.local/lib/python3.12/site-packages/airflow/example_dags/example_task_group_decorator.py
[2024-09-13T14:36:08.123+0000] {processor.py:925} INFO - DAG(s) 'example_task_group_decorator' retrieved from /home/airflow/.local/lib/python3.12/site-packages/airflow/example_dags/example_task_group_decorator.py
[2024-09-13T14:36:08.146+0000] {logging_mixin.py:190} INFO - [2024-09-13T14:36:08.145+0000] {dag.py:3229} INFO - Sync 1 DAGs
[2024-09-13T14:36:08.161+0000] {logging_mixin.py:190} INFO - [2024-09-13T14:36:08.161+0000] {dag.py:4156} INFO - Setting next_dagrun for example_task_group_decorator to None, run_after=None
[2024-09-13T14:36:08.183+0000] {processor.py:208} INFO - Processing /home/airflow/.local/lib/python3.12/site-packages/airflow/example_dags/example_task_group_decorator.py took 0.080 seconds
[2024-09-13T14:36:38.404+0000] {processor.py:186} INFO - Started process (PID=341) to work on /home/airflow/.local/lib/python3.12/site-packages/airflow/example_dags/example_task_group_decorator.py
[2024-09-13T14:36:38.405+0000] {processor.py:914} INFO - Processing file /home/airflow/.local/lib/python3.12/site-packages/airflow/example_dags/example_task_group_decorator.py for tasks to queue
[2024-09-13T14:36:38.407+0000] {logging_mixin.py:190} INFO - [2024-09-13T14:36:38.406+0000] {dagbag.py:587} INFO - Filling up the DagBag from /home/airflow/.local/lib/python3.12/site-packages/airflow/example_dags/example_task_group_decorator.py
[2024-09-13T14:36:38.421+0000] {processor.py:925} INFO - DAG(s) 'example_task_group_decorator' retrieved from /home/airflow/.local/lib/python3.12/site-packages/airflow/example_dags/example_task_group_decorator.py
[2024-09-13T14:36:38.444+0000] {logging_mixin.py:190} INFO - [2024-09-13T14:36:38.444+0000] {dag.py:3229} INFO - Sync 1 DAGs
[2024-09-13T14:36:38.456+0000] {logging_mixin.py:190} INFO - [2024-09-13T14:36:38.456+0000] {dag.py:4156} INFO - Setting next_dagrun for example_task_group_decorator to None, run_after=None
[2024-09-13T14:36:38.475+0000] {processor.py:208} INFO - Processing /home/airflow/.local/lib/python3.12/site-packages/airflow/example_dags/example_task_group_decorator.py took 0.076 seconds
[2024-09-13T14:37:09.199+0000] {processor.py:186} INFO - Started process (PID=403) to work on /home/airflow/.local/lib/python3.12/site-packages/airflow/example_dags/example_task_group_decorator.py
[2024-09-13T14:37:09.200+0000] {processor.py:914} INFO - Processing file /home/airflow/.local/lib/python3.12/site-packages/airflow/example_dags/example_task_group_decorator.py for tasks to queue
[2024-09-13T14:37:09.202+0000] {logging_mixin.py:190} INFO - [2024-09-13T14:37:09.201+0000] {dagbag.py:587} INFO - Filling up the DagBag from /home/airflow/.local/lib/python3.12/site-packages/airflow/example_dags/example_task_group_decorator.py
[2024-09-13T14:37:09.215+0000] {processor.py:925} INFO - DAG(s) 'example_task_group_decorator' retrieved from /home/airflow/.local/lib/python3.12/site-packages/airflow/example_dags/example_task_group_decorator.py
[2024-09-13T14:37:09.239+0000] {logging_mixin.py:190} INFO - [2024-09-13T14:37:09.238+0000] {dag.py:3229} INFO - Sync 1 DAGs
[2024-09-13T14:37:09.252+0000] {logging_mixin.py:190} INFO - [2024-09-13T14:37:09.252+0000] {dag.py:4156} INFO - Setting next_dagrun for example_task_group_decorator to None, run_after=None
[2024-09-13T14:37:09.270+0000] {processor.py:208} INFO - Processing /home/airflow/.local/lib/python3.12/site-packages/airflow/example_dags/example_task_group_decorator.py took 0.076 seconds
[2024-09-13T14:37:40.071+0000] {processor.py:186} INFO - Started process (PID=465) to work on /home/airflow/.local/lib/python3.12/site-packages/airflow/example_dags/example_task_group_decorator.py
[2024-09-13T14:37:40.072+0000] {processor.py:914} INFO - Processing file /home/airflow/.local/lib/python3.12/site-packages/airflow/example_dags/example_task_group_decorator.py for tasks to queue
[2024-09-13T14:37:40.074+0000] {logging_mixin.py:190} INFO - [2024-09-13T14:37:40.074+0000] {dagbag.py:587} INFO - Filling up the DagBag from /home/airflow/.local/lib/python3.12/site-packages/airflow/example_dags/example_task_group_decorator.py
[2024-09-13T14:37:40.094+0000] {processor.py:925} INFO - DAG(s) 'example_task_group_decorator' retrieved from /home/airflow/.local/lib/python3.12/site-packages/airflow/example_dags/example_task_group_decorator.py
[2024-09-13T14:37:40.118+0000] {logging_mixin.py:190} INFO - [2024-09-13T14:37:40.118+0000] {dag.py:3229} INFO - Sync 1 DAGs
[2024-09-13T14:37:40.131+0000] {logging_mixin.py:190} INFO - [2024-09-13T14:37:40.130+0000] {dag.py:4156} INFO - Setting next_dagrun for example_task_group_decorator to None, run_after=None
[2024-09-13T14:37:40.150+0000] {processor.py:208} INFO - Processing /home/airflow/.local/lib/python3.12/site-packages/airflow/example_dags/example_task_group_decorator.py took 0.084 seconds
[2024-09-13T14:38:10.511+0000] {processor.py:186} INFO - Started process (PID=527) to work on /home/airflow/.local/lib/python3.12/site-packages/airflow/example_dags/example_task_group_decorator.py
[2024-09-13T14:38:10.512+0000] {processor.py:914} INFO - Processing file /home/airflow/.local/lib/python3.12/site-packages/airflow/example_dags/example_task_group_decorator.py for tasks to queue
[2024-09-13T14:38:10.514+0000] {logging_mixin.py:190} INFO - [2024-09-13T14:38:10.513+0000] {dagbag.py:587} INFO - Filling up the DagBag from /home/airflow/.local/lib/python3.12/site-packages/airflow/example_dags/example_task_group_decorator.py
[2024-09-13T14:38:10.528+0000] {processor.py:925} INFO - DAG(s) 'example_task_group_decorator' retrieved from /home/airflow/.local/lib/python3.12/site-packages/airflow/example_dags/example_task_group_decorator.py
[2024-09-13T14:38:10.550+0000] {logging_mixin.py:190} INFO - [2024-09-13T14:38:10.550+0000] {dag.py:3229} INFO - Sync 1 DAGs
[2024-09-13T14:38:10.563+0000] {logging_mixin.py:190} INFO - [2024-09-13T14:38:10.563+0000] {dag.py:4156} INFO - Setting next_dagrun for example_task_group_decorator to None, run_after=None
[2024-09-13T14:38:10.580+0000] {processor.py:208} INFO - Processing /home/airflow/.local/lib/python3.12/site-packages/airflow/example_dags/example_task_group_decorator.py took 0.075 seconds
[2024-09-13T14:39:32.920+0000] {processor.py:186} INFO - Started process (PID=88) to work on /home/airflow/.local/lib/python3.12/site-packages/airflow/example_dags/example_task_group_decorator.py
[2024-09-13T14:39:32.921+0000] {processor.py:914} INFO - Processing file /home/airflow/.local/lib/python3.12/site-packages/airflow/example_dags/example_task_group_decorator.py for tasks to queue
[2024-09-13T14:39:32.923+0000] {logging_mixin.py:190} INFO - [2024-09-13T14:39:32.922+0000] {dagbag.py:587} INFO - Filling up the DagBag from /home/airflow/.local/lib/python3.12/site-packages/airflow/example_dags/example_task_group_decorator.py
[2024-09-13T14:39:32.939+0000] {processor.py:925} INFO - DAG(s) 'example_task_group_decorator' retrieved from /home/airflow/.local/lib/python3.12/site-packages/airflow/example_dags/example_task_group_decorator.py
[2024-09-13T14:39:32.971+0000] {logging_mixin.py:190} INFO - [2024-09-13T14:39:32.971+0000] {dag.py:3229} INFO - Sync 1 DAGs
[2024-09-13T14:39:32.984+0000] {logging_mixin.py:190} INFO - [2024-09-13T14:39:32.984+0000] {dag.py:4156} INFO - Setting next_dagrun for example_task_group_decorator to None, run_after=None
[2024-09-13T14:39:33.003+0000] {processor.py:208} INFO - Processing /home/airflow/.local/lib/python3.12/site-packages/airflow/example_dags/example_task_group_decorator.py took 0.088 seconds
[2024-09-13T14:40:03.998+0000] {processor.py:186} INFO - Started process (PID=150) to work on /home/airflow/.local/lib/python3.12/site-packages/airflow/example_dags/example_task_group_decorator.py
[2024-09-13T14:40:03.999+0000] {processor.py:914} INFO - Processing file /home/airflow/.local/lib/python3.12/site-packages/airflow/example_dags/example_task_group_decorator.py for tasks to queue
[2024-09-13T14:40:04.001+0000] {logging_mixin.py:190} INFO - [2024-09-13T14:40:04.001+0000] {dagbag.py:587} INFO - Filling up the DagBag from /home/airflow/.local/lib/python3.12/site-packages/airflow/example_dags/example_task_group_decorator.py
[2024-09-13T14:40:04.015+0000] {processor.py:925} INFO - DAG(s) 'example_task_group_decorator' retrieved from /home/airflow/.local/lib/python3.12/site-packages/airflow/example_dags/example_task_group_decorator.py
[2024-09-13T14:40:04.038+0000] {logging_mixin.py:190} INFO - [2024-09-13T14:40:04.038+0000] {dag.py:3229} INFO - Sync 1 DAGs
[2024-09-13T14:40:04.051+0000] {logging_mixin.py:190} INFO - [2024-09-13T14:40:04.050+0000] {dag.py:4156} INFO - Setting next_dagrun for example_task_group_decorator to None, run_after=None
[2024-09-13T14:40:04.067+0000] {processor.py:208} INFO - Processing /home/airflow/.local/lib/python3.12/site-packages/airflow/example_dags/example_task_group_decorator.py took 0.074 seconds
[2024-09-13T14:40:34.307+0000] {processor.py:186} INFO - Started process (PID=212) to work on /home/airflow/.local/lib/python3.12/site-packages/airflow/example_dags/example_task_group_decorator.py
[2024-09-13T14:40:34.308+0000] {processor.py:914} INFO - Processing file /home/airflow/.local/lib/python3.12/site-packages/airflow/example_dags/example_task_group_decorator.py for tasks to queue
[2024-09-13T14:40:34.310+0000] {logging_mixin.py:190} INFO - [2024-09-13T14:40:34.310+0000] {dagbag.py:587} INFO - Filling up the DagBag from /home/airflow/.local/lib/python3.12/site-packages/airflow/example_dags/example_task_group_decorator.py
[2024-09-13T14:40:34.323+0000] {processor.py:925} INFO - DAG(s) 'example_task_group_decorator' retrieved from /home/airflow/.local/lib/python3.12/site-packages/airflow/example_dags/example_task_group_decorator.py
[2024-09-13T14:40:34.346+0000] {logging_mixin.py:190} INFO - [2024-09-13T14:40:34.346+0000] {dag.py:3229} INFO - Sync 1 DAGs
[2024-09-13T14:40:34.359+0000] {logging_mixin.py:190} INFO - [2024-09-13T14:40:34.359+0000] {dag.py:4156} INFO - Setting next_dagrun for example_task_group_decorator to None, run_after=None
[2024-09-13T14:40:34.375+0000] {processor.py:208} INFO - Processing /home/airflow/.local/lib/python3.12/site-packages/airflow/example_dags/example_task_group_decorator.py took 0.073 seconds
[2024-09-13T14:41:25.625+0000] {processor.py:186} INFO - Started process (PID=81) to work on /home/airflow/.local/lib/python3.12/site-packages/airflow/example_dags/example_task_group_decorator.py
[2024-09-13T14:41:25.626+0000] {processor.py:914} INFO - Processing file /home/airflow/.local/lib/python3.12/site-packages/airflow/example_dags/example_task_group_decorator.py for tasks to queue
[2024-09-13T14:41:25.628+0000] {logging_mixin.py:190} INFO - [2024-09-13T14:41:25.627+0000] {dagbag.py:587} INFO - Filling up the DagBag from /home/airflow/.local/lib/python3.12/site-packages/airflow/example_dags/example_task_group_decorator.py
[2024-09-13T14:41:25.640+0000] {processor.py:925} INFO - DAG(s) 'example_task_group_decorator' retrieved from /home/airflow/.local/lib/python3.12/site-packages/airflow/example_dags/example_task_group_decorator.py
[2024-09-13T14:41:25.670+0000] {logging_mixin.py:190} INFO - [2024-09-13T14:41:25.670+0000] {dag.py:3229} INFO - Sync 1 DAGs
[2024-09-13T14:41:25.684+0000] {logging_mixin.py:190} INFO - [2024-09-13T14:41:25.684+0000] {dag.py:4156} INFO - Setting next_dagrun for example_task_group_decorator to None, run_after=None
[2024-09-13T14:41:25.703+0000] {processor.py:208} INFO - Processing /home/airflow/.local/lib/python3.12/site-packages/airflow/example_dags/example_task_group_decorator.py took 0.084 seconds
[2024-09-13T14:41:56.703+0000] {processor.py:186} INFO - Started process (PID=143) to work on /home/airflow/.local/lib/python3.12/site-packages/airflow/example_dags/example_task_group_decorator.py
[2024-09-13T14:41:56.703+0000] {processor.py:914} INFO - Processing file /home/airflow/.local/lib/python3.12/site-packages/airflow/example_dags/example_task_group_decorator.py for tasks to queue
[2024-09-13T14:41:56.705+0000] {logging_mixin.py:190} INFO - [2024-09-13T14:41:56.705+0000] {dagbag.py:587} INFO - Filling up the DagBag from /home/airflow/.local/lib/python3.12/site-packages/airflow/example_dags/example_task_group_decorator.py
[2024-09-13T14:41:56.717+0000] {processor.py:925} INFO - DAG(s) 'example_task_group_decorator' retrieved from /home/airflow/.local/lib/python3.12/site-packages/airflow/example_dags/example_task_group_decorator.py
[2024-09-13T14:41:56.741+0000] {logging_mixin.py:190} INFO - [2024-09-13T14:41:56.741+0000] {dag.py:3229} INFO - Sync 1 DAGs
[2024-09-13T14:41:56.753+0000] {logging_mixin.py:190} INFO - [2024-09-13T14:41:56.753+0000] {dag.py:4156} INFO - Setting next_dagrun for example_task_group_decorator to None, run_after=None
[2024-09-13T14:41:56.770+0000] {processor.py:208} INFO - Processing /home/airflow/.local/lib/python3.12/site-packages/airflow/example_dags/example_task_group_decorator.py took 0.073 seconds
[2024-09-13T14:42:27.781+0000] {processor.py:186} INFO - Started process (PID=205) to work on /home/airflow/.local/lib/python3.12/site-packages/airflow/example_dags/example_task_group_decorator.py
[2024-09-13T14:42:27.782+0000] {processor.py:914} INFO - Processing file /home/airflow/.local/lib/python3.12/site-packages/airflow/example_dags/example_task_group_decorator.py for tasks to queue
[2024-09-13T14:42:27.784+0000] {logging_mixin.py:190} INFO - [2024-09-13T14:42:27.784+0000] {dagbag.py:587} INFO - Filling up the DagBag from /home/airflow/.local/lib/python3.12/site-packages/airflow/example_dags/example_task_group_decorator.py
[2024-09-13T14:42:27.799+0000] {processor.py:925} INFO - DAG(s) 'example_task_group_decorator' retrieved from /home/airflow/.local/lib/python3.12/site-packages/airflow/example_dags/example_task_group_decorator.py
[2024-09-13T14:42:27.823+0000] {logging_mixin.py:190} INFO - [2024-09-13T14:42:27.823+0000] {dag.py:3229} INFO - Sync 1 DAGs
[2024-09-13T14:42:27.837+0000] {logging_mixin.py:190} INFO - [2024-09-13T14:42:27.837+0000] {dag.py:4156} INFO - Setting next_dagrun for example_task_group_decorator to None, run_after=None
[2024-09-13T14:42:27.858+0000] {processor.py:208} INFO - Processing /home/airflow/.local/lib/python3.12/site-packages/airflow/example_dags/example_task_group_decorator.py took 0.082 seconds
[2024-09-13T14:42:58.749+0000] {processor.py:186} INFO - Started process (PID=267) to work on /home/airflow/.local/lib/python3.12/site-packages/airflow/example_dags/example_task_group_decorator.py
[2024-09-13T14:42:58.750+0000] {processor.py:914} INFO - Processing file /home/airflow/.local/lib/python3.12/site-packages/airflow/example_dags/example_task_group_decorator.py for tasks to queue
[2024-09-13T14:42:58.752+0000] {logging_mixin.py:190} INFO - [2024-09-13T14:42:58.752+0000] {dagbag.py:587} INFO - Filling up the DagBag from /home/airflow/.local/lib/python3.12/site-packages/airflow/example_dags/example_task_group_decorator.py
[2024-09-13T14:42:58.765+0000] {processor.py:925} INFO - DAG(s) 'example_task_group_decorator' retrieved from /home/airflow/.local/lib/python3.12/site-packages/airflow/example_dags/example_task_group_decorator.py
[2024-09-13T14:42:58.791+0000] {logging_mixin.py:190} INFO - [2024-09-13T14:42:58.791+0000] {dag.py:3229} INFO - Sync 1 DAGs
[2024-09-13T14:42:58.805+0000] {logging_mixin.py:190} INFO - [2024-09-13T14:42:58.804+0000] {dag.py:4156} INFO - Setting next_dagrun for example_task_group_decorator to None, run_after=None
[2024-09-13T14:42:58.825+0000] {processor.py:208} INFO - Processing /home/airflow/.local/lib/python3.12/site-packages/airflow/example_dags/example_task_group_decorator.py took 0.081 seconds
