[2024-09-13T14:34:39.607+0000] {processor.py:186} INFO - Started process (PID=114) to work on /home/airflow/.local/lib/python3.12/site-packages/airflow/example_dags/example_dataset_alias_with_no_taskflow.py
[2024-09-13T14:34:39.608+0000] {processor.py:914} INFO - Processing file /home/airflow/.local/lib/python3.12/site-packages/airflow/example_dags/example_dataset_alias_with_no_taskflow.py for tasks to queue
[2024-09-13T14:34:39.610+0000] {logging_mixin.py:190} INFO - [2024-09-13T14:34:39.610+0000] {dagbag.py:587} INFO - Filling up the DagBag from /home/airflow/.local/lib/python3.12/site-packages/airflow/example_dags/example_dataset_alias_with_no_taskflow.py
[2024-09-13T14:34:39.751+0000] {processor.py:925} INFO - DAG(s) 'dataset_alias_example_alias_consumer_with_no_taskflow', 'dataset_s3_bucket_producer_with_no_taskflow', 'dataset_alias_example_alias_producer_with_no_taskflow', 'dataset_s3_bucket_consumer_with_no_taskflow' retrieved from /home/airflow/.local/lib/python3.12/site-packages/airflow/example_dags/example_dataset_alias_with_no_taskflow.py
[2024-09-13T14:34:39.826+0000] {logging_mixin.py:190} INFO - [2024-09-13T14:34:39.826+0000] {override.py:1900} INFO - Created Permission View: can read on DAG:dataset_alias_example_alias_consumer_with_no_taskflow
[2024-09-13T14:34:39.835+0000] {logging_mixin.py:190} INFO - [2024-09-13T14:34:39.835+0000] {override.py:1900} INFO - Created Permission View: can delete on DAG:dataset_alias_example_alias_consumer_with_no_taskflow
[2024-09-13T14:34:39.841+0000] {logging_mixin.py:190} INFO - [2024-09-13T14:34:39.840+0000] {override.py:1900} INFO - Created Permission View: can edit on DAG:dataset_alias_example_alias_consumer_with_no_taskflow
[2024-09-13T14:34:39.847+0000] {logging_mixin.py:190} INFO - [2024-09-13T14:34:39.847+0000] {override.py:1900} INFO - Created Permission View: can create on DAG Run:dataset_alias_example_alias_consumer_with_no_taskflow
[2024-09-13T14:34:39.853+0000] {logging_mixin.py:190} INFO - [2024-09-13T14:34:39.852+0000] {override.py:1900} INFO - Created Permission View: menu access on DAG Run:dataset_alias_example_alias_consumer_with_no_taskflow
[2024-09-13T14:34:39.858+0000] {logging_mixin.py:190} INFO - [2024-09-13T14:34:39.858+0000] {override.py:1900} INFO - Created Permission View: can read on DAG Run:dataset_alias_example_alias_consumer_with_no_taskflow
[2024-09-13T14:34:39.864+0000] {logging_mixin.py:190} INFO - [2024-09-13T14:34:39.864+0000] {override.py:1900} INFO - Created Permission View: can delete on DAG Run:dataset_alias_example_alias_consumer_with_no_taskflow
[2024-09-13T14:34:39.876+0000] {logging_mixin.py:190} INFO - [2024-09-13T14:34:39.875+0000] {override.py:1900} INFO - Created Permission View: can read on DAG:dataset_s3_bucket_producer_with_no_taskflow
[2024-09-13T14:34:39.881+0000] {logging_mixin.py:190} INFO - [2024-09-13T14:34:39.880+0000] {override.py:1900} INFO - Created Permission View: can delete on DAG:dataset_s3_bucket_producer_with_no_taskflow
[2024-09-13T14:34:39.886+0000] {logging_mixin.py:190} INFO - [2024-09-13T14:34:39.886+0000] {override.py:1900} INFO - Created Permission View: can edit on DAG:dataset_s3_bucket_producer_with_no_taskflow
[2024-09-13T14:34:39.891+0000] {logging_mixin.py:190} INFO - [2024-09-13T14:34:39.891+0000] {override.py:1900} INFO - Created Permission View: can create on DAG Run:dataset_s3_bucket_producer_with_no_taskflow
[2024-09-13T14:34:39.896+0000] {logging_mixin.py:190} INFO - [2024-09-13T14:34:39.896+0000] {override.py:1900} INFO - Created Permission View: menu access on DAG Run:dataset_s3_bucket_producer_with_no_taskflow
[2024-09-13T14:34:39.901+0000] {logging_mixin.py:190} INFO - [2024-09-13T14:34:39.901+0000] {override.py:1900} INFO - Created Permission View: can read on DAG Run:dataset_s3_bucket_producer_with_no_taskflow
[2024-09-13T14:34:39.908+0000] {logging_mixin.py:190} INFO - [2024-09-13T14:34:39.908+0000] {override.py:1900} INFO - Created Permission View: can delete on DAG Run:dataset_s3_bucket_producer_with_no_taskflow
[2024-09-13T14:34:39.919+0000] {logging_mixin.py:190} INFO - [2024-09-13T14:34:39.918+0000] {override.py:1900} INFO - Created Permission View: can read on DAG:dataset_alias_example_alias_producer_with_no_taskflow
[2024-09-13T14:34:39.924+0000] {logging_mixin.py:190} INFO - [2024-09-13T14:34:39.923+0000] {override.py:1900} INFO - Created Permission View: can delete on DAG:dataset_alias_example_alias_producer_with_no_taskflow
[2024-09-13T14:34:39.929+0000] {logging_mixin.py:190} INFO - [2024-09-13T14:34:39.928+0000] {override.py:1900} INFO - Created Permission View: can edit on DAG:dataset_alias_example_alias_producer_with_no_taskflow
[2024-09-13T14:34:39.935+0000] {logging_mixin.py:190} INFO - [2024-09-13T14:34:39.934+0000] {override.py:1900} INFO - Created Permission View: can create on DAG Run:dataset_alias_example_alias_producer_with_no_taskflow
[2024-09-13T14:34:39.940+0000] {logging_mixin.py:190} INFO - [2024-09-13T14:34:39.940+0000] {override.py:1900} INFO - Created Permission View: menu access on DAG Run:dataset_alias_example_alias_producer_with_no_taskflow
[2024-09-13T14:34:39.947+0000] {logging_mixin.py:190} INFO - [2024-09-13T14:34:39.946+0000] {override.py:1900} INFO - Created Permission View: can read on DAG Run:dataset_alias_example_alias_producer_with_no_taskflow
[2024-09-13T14:34:39.953+0000] {logging_mixin.py:190} INFO - [2024-09-13T14:34:39.953+0000] {override.py:1900} INFO - Created Permission View: can delete on DAG Run:dataset_alias_example_alias_producer_with_no_taskflow
[2024-09-13T14:34:39.966+0000] {logging_mixin.py:190} INFO - [2024-09-13T14:34:39.966+0000] {override.py:1900} INFO - Created Permission View: can read on DAG:dataset_s3_bucket_consumer_with_no_taskflow
[2024-09-13T14:34:39.973+0000] {logging_mixin.py:190} INFO - [2024-09-13T14:34:39.972+0000] {override.py:1900} INFO - Created Permission View: can delete on DAG:dataset_s3_bucket_consumer_with_no_taskflow
[2024-09-13T14:34:39.980+0000] {logging_mixin.py:190} INFO - [2024-09-13T14:34:39.980+0000] {override.py:1900} INFO - Created Permission View: can edit on DAG:dataset_s3_bucket_consumer_with_no_taskflow
[2024-09-13T14:34:39.986+0000] {logging_mixin.py:190} INFO - [2024-09-13T14:34:39.986+0000] {override.py:1900} INFO - Created Permission View: can create on DAG Run:dataset_s3_bucket_consumer_with_no_taskflow
[2024-09-13T14:34:39.992+0000] {logging_mixin.py:190} INFO - [2024-09-13T14:34:39.991+0000] {override.py:1900} INFO - Created Permission View: menu access on DAG Run:dataset_s3_bucket_consumer_with_no_taskflow
[2024-09-13T14:34:39.998+0000] {logging_mixin.py:190} INFO - [2024-09-13T14:34:39.998+0000] {override.py:1900} INFO - Created Permission View: can read on DAG Run:dataset_s3_bucket_consumer_with_no_taskflow
[2024-09-13T14:34:40.003+0000] {logging_mixin.py:190} INFO - [2024-09-13T14:34:40.003+0000] {override.py:1900} INFO - Created Permission View: can delete on DAG Run:dataset_s3_bucket_consumer_with_no_taskflow
[2024-09-13T14:34:40.003+0000] {logging_mixin.py:190} INFO - [2024-09-13T14:34:40.003+0000] {dag.py:3229} INFO - Sync 4 DAGs
[2024-09-13T14:34:40.015+0000] {logging_mixin.py:190} INFO - [2024-09-13T14:34:40.015+0000] {dag.py:3252} INFO - Creating ORM DAG for dataset_s3_bucket_consumer_with_no_taskflow
[2024-09-13T14:34:40.016+0000] {logging_mixin.py:190} INFO - [2024-09-13T14:34:40.016+0000] {dag.py:3252} INFO - Creating ORM DAG for dataset_s3_bucket_producer_with_no_taskflow
[2024-09-13T14:34:40.016+0000] {logging_mixin.py:190} INFO - [2024-09-13T14:34:40.016+0000] {dag.py:3252} INFO - Creating ORM DAG for dataset_alias_example_alias_producer_with_no_taskflow
[2024-09-13T14:34:40.017+0000] {logging_mixin.py:190} INFO - [2024-09-13T14:34:40.016+0000] {dag.py:3252} INFO - Creating ORM DAG for dataset_alias_example_alias_consumer_with_no_taskflow
[2024-09-13T14:34:40.024+0000] {logging_mixin.py:190} INFO - [2024-09-13T14:34:40.024+0000] {dag.py:4156} INFO - Setting next_dagrun for dataset_alias_example_alias_consumer_with_no_taskflow to None, run_after=None
[2024-09-13T14:34:40.025+0000] {logging_mixin.py:190} INFO - [2024-09-13T14:34:40.025+0000] {dag.py:4156} INFO - Setting next_dagrun for dataset_alias_example_alias_producer_with_no_taskflow to None, run_after=None
[2024-09-13T14:34:40.025+0000] {logging_mixin.py:190} INFO - [2024-09-13T14:34:40.025+0000] {dag.py:4156} INFO - Setting next_dagrun for dataset_s3_bucket_consumer_with_no_taskflow to None, run_after=None
[2024-09-13T14:34:40.026+0000] {logging_mixin.py:190} INFO - [2024-09-13T14:34:40.026+0000] {dag.py:4156} INFO - Setting next_dagrun for dataset_s3_bucket_producer_with_no_taskflow to None, run_after=None
[2024-09-13T14:34:40.053+0000] {processor.py:208} INFO - Processing /home/airflow/.local/lib/python3.12/site-packages/airflow/example_dags/example_dataset_alias_with_no_taskflow.py took 0.450 seconds
[2024-09-13T14:35:10.092+0000] {processor.py:186} INFO - Started process (PID=177) to work on /home/airflow/.local/lib/python3.12/site-packages/airflow/example_dags/example_dataset_alias_with_no_taskflow.py
[2024-09-13T14:35:10.093+0000] {processor.py:914} INFO - Processing file /home/airflow/.local/lib/python3.12/site-packages/airflow/example_dags/example_dataset_alias_with_no_taskflow.py for tasks to queue
[2024-09-13T14:35:10.095+0000] {logging_mixin.py:190} INFO - [2024-09-13T14:35:10.094+0000] {dagbag.py:587} INFO - Filling up the DagBag from /home/airflow/.local/lib/python3.12/site-packages/airflow/example_dags/example_dataset_alias_with_no_taskflow.py
[2024-09-13T14:35:10.241+0000] {processor.py:925} INFO - DAG(s) 'dataset_s3_bucket_producer_with_no_taskflow', 'dataset_alias_example_alias_producer_with_no_taskflow', 'dataset_alias_example_alias_consumer_with_no_taskflow', 'dataset_s3_bucket_consumer_with_no_taskflow' retrieved from /home/airflow/.local/lib/python3.12/site-packages/airflow/example_dags/example_dataset_alias_with_no_taskflow.py
[2024-09-13T14:35:10.261+0000] {logging_mixin.py:190} INFO - [2024-09-13T14:35:10.261+0000] {dag.py:3229} INFO - Sync 4 DAGs
[2024-09-13T14:35:10.283+0000] {logging_mixin.py:190} INFO - [2024-09-13T14:35:10.282+0000] {dag.py:4156} INFO - Setting next_dagrun for dataset_alias_example_alias_consumer_with_no_taskflow to None, run_after=None
[2024-09-13T14:35:10.288+0000] {logging_mixin.py:190} INFO - [2024-09-13T14:35:10.287+0000] {dag.py:4156} INFO - Setting next_dagrun for dataset_alias_example_alias_producer_with_no_taskflow to None, run_after=None
[2024-09-13T14:35:10.289+0000] {logging_mixin.py:190} INFO - [2024-09-13T14:35:10.289+0000] {dag.py:4156} INFO - Setting next_dagrun for dataset_s3_bucket_consumer_with_no_taskflow to None, run_after=None
[2024-09-13T14:35:10.290+0000] {logging_mixin.py:190} INFO - [2024-09-13T14:35:10.290+0000] {dag.py:4156} INFO - Setting next_dagrun for dataset_s3_bucket_producer_with_no_taskflow to None, run_after=None
[2024-09-13T14:35:10.313+0000] {processor.py:208} INFO - Processing /home/airflow/.local/lib/python3.12/site-packages/airflow/example_dags/example_dataset_alias_with_no_taskflow.py took 0.227 seconds
[2024-09-13T14:35:40.586+0000] {processor.py:186} INFO - Started process (PID=238) to work on /home/airflow/.local/lib/python3.12/site-packages/airflow/example_dags/example_dataset_alias_with_no_taskflow.py
[2024-09-13T14:35:40.587+0000] {processor.py:914} INFO - Processing file /home/airflow/.local/lib/python3.12/site-packages/airflow/example_dags/example_dataset_alias_with_no_taskflow.py for tasks to queue
[2024-09-13T14:35:40.589+0000] {logging_mixin.py:190} INFO - [2024-09-13T14:35:40.589+0000] {dagbag.py:587} INFO - Filling up the DagBag from /home/airflow/.local/lib/python3.12/site-packages/airflow/example_dags/example_dataset_alias_with_no_taskflow.py
[2024-09-13T14:35:40.773+0000] {processor.py:925} INFO - DAG(s) 'dataset_s3_bucket_consumer_with_no_taskflow', 'dataset_alias_example_alias_producer_with_no_taskflow', 'dataset_alias_example_alias_consumer_with_no_taskflow', 'dataset_s3_bucket_producer_with_no_taskflow' retrieved from /home/airflow/.local/lib/python3.12/site-packages/airflow/example_dags/example_dataset_alias_with_no_taskflow.py
[2024-09-13T14:35:40.801+0000] {logging_mixin.py:190} INFO - [2024-09-13T14:35:40.800+0000] {dag.py:3229} INFO - Sync 4 DAGs
[2024-09-13T14:35:40.822+0000] {logging_mixin.py:190} INFO - [2024-09-13T14:35:40.822+0000] {dag.py:4156} INFO - Setting next_dagrun for dataset_alias_example_alias_consumer_with_no_taskflow to None, run_after=None
[2024-09-13T14:35:40.825+0000] {logging_mixin.py:190} INFO - [2024-09-13T14:35:40.825+0000] {dag.py:4156} INFO - Setting next_dagrun for dataset_alias_example_alias_producer_with_no_taskflow to None, run_after=None
[2024-09-13T14:35:40.827+0000] {logging_mixin.py:190} INFO - [2024-09-13T14:35:40.826+0000] {dag.py:4156} INFO - Setting next_dagrun for dataset_s3_bucket_consumer_with_no_taskflow to None, run_after=None
[2024-09-13T14:35:40.828+0000] {logging_mixin.py:190} INFO - [2024-09-13T14:35:40.828+0000] {dag.py:4156} INFO - Setting next_dagrun for dataset_s3_bucket_producer_with_no_taskflow to None, run_after=None
[2024-09-13T14:35:40.853+0000] {processor.py:208} INFO - Processing /home/airflow/.local/lib/python3.12/site-packages/airflow/example_dags/example_dataset_alias_with_no_taskflow.py took 0.273 seconds
[2024-09-13T14:36:10.944+0000] {processor.py:186} INFO - Started process (PID=300) to work on /home/airflow/.local/lib/python3.12/site-packages/airflow/example_dags/example_dataset_alias_with_no_taskflow.py
[2024-09-13T14:36:10.945+0000] {processor.py:914} INFO - Processing file /home/airflow/.local/lib/python3.12/site-packages/airflow/example_dags/example_dataset_alias_with_no_taskflow.py for tasks to queue
[2024-09-13T14:36:10.947+0000] {logging_mixin.py:190} INFO - [2024-09-13T14:36:10.947+0000] {dagbag.py:587} INFO - Filling up the DagBag from /home/airflow/.local/lib/python3.12/site-packages/airflow/example_dags/example_dataset_alias_with_no_taskflow.py
[2024-09-13T14:36:11.087+0000] {processor.py:925} INFO - DAG(s) 'dataset_alias_example_alias_producer_with_no_taskflow', 'dataset_s3_bucket_producer_with_no_taskflow', 'dataset_s3_bucket_consumer_with_no_taskflow', 'dataset_alias_example_alias_consumer_with_no_taskflow' retrieved from /home/airflow/.local/lib/python3.12/site-packages/airflow/example_dags/example_dataset_alias_with_no_taskflow.py
[2024-09-13T14:36:11.109+0000] {logging_mixin.py:190} INFO - [2024-09-13T14:36:11.109+0000] {dag.py:3229} INFO - Sync 4 DAGs
[2024-09-13T14:36:11.130+0000] {logging_mixin.py:190} INFO - [2024-09-13T14:36:11.130+0000] {dag.py:4156} INFO - Setting next_dagrun for dataset_alias_example_alias_consumer_with_no_taskflow to None, run_after=None
[2024-09-13T14:36:11.133+0000] {logging_mixin.py:190} INFO - [2024-09-13T14:36:11.132+0000] {dag.py:4156} INFO - Setting next_dagrun for dataset_alias_example_alias_producer_with_no_taskflow to None, run_after=None
[2024-09-13T14:36:11.134+0000] {logging_mixin.py:190} INFO - [2024-09-13T14:36:11.134+0000] {dag.py:4156} INFO - Setting next_dagrun for dataset_s3_bucket_consumer_with_no_taskflow to None, run_after=None
[2024-09-13T14:36:11.135+0000] {logging_mixin.py:190} INFO - [2024-09-13T14:36:11.135+0000] {dag.py:4156} INFO - Setting next_dagrun for dataset_s3_bucket_producer_with_no_taskflow to None, run_after=None
[2024-09-13T14:36:11.155+0000] {processor.py:208} INFO - Processing /home/airflow/.local/lib/python3.12/site-packages/airflow/example_dags/example_dataset_alias_with_no_taskflow.py took 0.215 seconds
[2024-09-13T14:36:41.912+0000] {processor.py:186} INFO - Started process (PID=362) to work on /home/airflow/.local/lib/python3.12/site-packages/airflow/example_dags/example_dataset_alias_with_no_taskflow.py
[2024-09-13T14:36:41.914+0000] {processor.py:914} INFO - Processing file /home/airflow/.local/lib/python3.12/site-packages/airflow/example_dags/example_dataset_alias_with_no_taskflow.py for tasks to queue
[2024-09-13T14:36:41.916+0000] {logging_mixin.py:190} INFO - [2024-09-13T14:36:41.916+0000] {dagbag.py:587} INFO - Filling up the DagBag from /home/airflow/.local/lib/python3.12/site-packages/airflow/example_dags/example_dataset_alias_with_no_taskflow.py
[2024-09-13T14:36:42.077+0000] {processor.py:925} INFO - DAG(s) 'dataset_alias_example_alias_consumer_with_no_taskflow', 'dataset_s3_bucket_consumer_with_no_taskflow', 'dataset_alias_example_alias_producer_with_no_taskflow', 'dataset_s3_bucket_producer_with_no_taskflow' retrieved from /home/airflow/.local/lib/python3.12/site-packages/airflow/example_dags/example_dataset_alias_with_no_taskflow.py
[2024-09-13T14:36:42.101+0000] {logging_mixin.py:190} INFO - [2024-09-13T14:36:42.101+0000] {dag.py:3229} INFO - Sync 4 DAGs
[2024-09-13T14:36:42.125+0000] {logging_mixin.py:190} INFO - [2024-09-13T14:36:42.124+0000] {dag.py:4156} INFO - Setting next_dagrun for dataset_alias_example_alias_consumer_with_no_taskflow to None, run_after=None
[2024-09-13T14:36:42.128+0000] {logging_mixin.py:190} INFO - [2024-09-13T14:36:42.128+0000] {dag.py:4156} INFO - Setting next_dagrun for dataset_alias_example_alias_producer_with_no_taskflow to None, run_after=None
[2024-09-13T14:36:42.130+0000] {logging_mixin.py:190} INFO - [2024-09-13T14:36:42.130+0000] {dag.py:4156} INFO - Setting next_dagrun for dataset_s3_bucket_consumer_with_no_taskflow to None, run_after=None
[2024-09-13T14:36:42.132+0000] {logging_mixin.py:190} INFO - [2024-09-13T14:36:42.132+0000] {dag.py:4156} INFO - Setting next_dagrun for dataset_s3_bucket_producer_with_no_taskflow to None, run_after=None
[2024-09-13T14:36:42.157+0000] {processor.py:208} INFO - Processing /home/airflow/.local/lib/python3.12/site-packages/airflow/example_dags/example_dataset_alias_with_no_taskflow.py took 0.250 seconds
[2024-09-13T14:37:12.703+0000] {processor.py:186} INFO - Started process (PID=424) to work on /home/airflow/.local/lib/python3.12/site-packages/airflow/example_dags/example_dataset_alias_with_no_taskflow.py
[2024-09-13T14:37:12.704+0000] {processor.py:914} INFO - Processing file /home/airflow/.local/lib/python3.12/site-packages/airflow/example_dags/example_dataset_alias_with_no_taskflow.py for tasks to queue
[2024-09-13T14:37:12.706+0000] {logging_mixin.py:190} INFO - [2024-09-13T14:37:12.706+0000] {dagbag.py:587} INFO - Filling up the DagBag from /home/airflow/.local/lib/python3.12/site-packages/airflow/example_dags/example_dataset_alias_with_no_taskflow.py
[2024-09-13T14:37:12.872+0000] {processor.py:925} INFO - DAG(s) 'dataset_s3_bucket_consumer_with_no_taskflow', 'dataset_alias_example_alias_consumer_with_no_taskflow', 'dataset_alias_example_alias_producer_with_no_taskflow', 'dataset_s3_bucket_producer_with_no_taskflow' retrieved from /home/airflow/.local/lib/python3.12/site-packages/airflow/example_dags/example_dataset_alias_with_no_taskflow.py
[2024-09-13T14:37:12.892+0000] {logging_mixin.py:190} INFO - [2024-09-13T14:37:12.892+0000] {dag.py:3229} INFO - Sync 4 DAGs
[2024-09-13T14:37:12.913+0000] {logging_mixin.py:190} INFO - [2024-09-13T14:37:12.913+0000] {dag.py:4156} INFO - Setting next_dagrun for dataset_alias_example_alias_consumer_with_no_taskflow to None, run_after=None
[2024-09-13T14:37:12.916+0000] {logging_mixin.py:190} INFO - [2024-09-13T14:37:12.916+0000] {dag.py:4156} INFO - Setting next_dagrun for dataset_alias_example_alias_producer_with_no_taskflow to None, run_after=None
[2024-09-13T14:37:12.917+0000] {logging_mixin.py:190} INFO - [2024-09-13T14:37:12.917+0000] {dag.py:4156} INFO - Setting next_dagrun for dataset_s3_bucket_consumer_with_no_taskflow to None, run_after=None
[2024-09-13T14:37:12.918+0000] {logging_mixin.py:190} INFO - [2024-09-13T14:37:12.918+0000] {dag.py:4156} INFO - Setting next_dagrun for dataset_s3_bucket_producer_with_no_taskflow to None, run_after=None
[2024-09-13T14:37:12.941+0000] {processor.py:208} INFO - Processing /home/airflow/.local/lib/python3.12/site-packages/airflow/example_dags/example_dataset_alias_with_no_taskflow.py took 0.244 seconds
[2024-09-13T14:37:43.259+0000] {processor.py:186} INFO - Started process (PID=487) to work on /home/airflow/.local/lib/python3.12/site-packages/airflow/example_dags/example_dataset_alias_with_no_taskflow.py
[2024-09-13T14:37:43.260+0000] {processor.py:914} INFO - Processing file /home/airflow/.local/lib/python3.12/site-packages/airflow/example_dags/example_dataset_alias_with_no_taskflow.py for tasks to queue
[2024-09-13T14:37:43.262+0000] {logging_mixin.py:190} INFO - [2024-09-13T14:37:43.261+0000] {dagbag.py:587} INFO - Filling up the DagBag from /home/airflow/.local/lib/python3.12/site-packages/airflow/example_dags/example_dataset_alias_with_no_taskflow.py
[2024-09-13T14:37:43.437+0000] {processor.py:925} INFO - DAG(s) 'dataset_s3_bucket_consumer_with_no_taskflow', 'dataset_alias_example_alias_producer_with_no_taskflow', 'dataset_s3_bucket_producer_with_no_taskflow', 'dataset_alias_example_alias_consumer_with_no_taskflow' retrieved from /home/airflow/.local/lib/python3.12/site-packages/airflow/example_dags/example_dataset_alias_with_no_taskflow.py
[2024-09-13T14:37:43.454+0000] {logging_mixin.py:190} INFO - [2024-09-13T14:37:43.454+0000] {dag.py:3229} INFO - Sync 4 DAGs
[2024-09-13T14:37:43.474+0000] {logging_mixin.py:190} INFO - [2024-09-13T14:37:43.473+0000] {dag.py:4156} INFO - Setting next_dagrun for dataset_alias_example_alias_consumer_with_no_taskflow to None, run_after=None
[2024-09-13T14:37:43.478+0000] {logging_mixin.py:190} INFO - [2024-09-13T14:37:43.478+0000] {dag.py:4156} INFO - Setting next_dagrun for dataset_alias_example_alias_producer_with_no_taskflow to None, run_after=None
[2024-09-13T14:37:43.479+0000] {logging_mixin.py:190} INFO - [2024-09-13T14:37:43.479+0000] {dag.py:4156} INFO - Setting next_dagrun for dataset_s3_bucket_consumer_with_no_taskflow to None, run_after=None
[2024-09-13T14:37:43.481+0000] {logging_mixin.py:190} INFO - [2024-09-13T14:37:43.481+0000] {dag.py:4156} INFO - Setting next_dagrun for dataset_s3_bucket_producer_with_no_taskflow to None, run_after=None
[2024-09-13T14:37:43.500+0000] {processor.py:208} INFO - Processing /home/airflow/.local/lib/python3.12/site-packages/airflow/example_dags/example_dataset_alias_with_no_taskflow.py took 0.247 seconds
[2024-09-13T14:38:13.564+0000] {processor.py:186} INFO - Started process (PID=552) to work on /home/airflow/.local/lib/python3.12/site-packages/airflow/example_dags/example_dataset_alias_with_no_taskflow.py
[2024-09-13T14:38:13.565+0000] {processor.py:914} INFO - Processing file /home/airflow/.local/lib/python3.12/site-packages/airflow/example_dags/example_dataset_alias_with_no_taskflow.py for tasks to queue
[2024-09-13T14:38:13.566+0000] {logging_mixin.py:190} INFO - [2024-09-13T14:38:13.566+0000] {dagbag.py:587} INFO - Filling up the DagBag from /home/airflow/.local/lib/python3.12/site-packages/airflow/example_dags/example_dataset_alias_with_no_taskflow.py
[2024-09-13T14:38:13.791+0000] {processor.py:925} INFO - DAG(s) 'dataset_alias_example_alias_producer_with_no_taskflow', 'dataset_alias_example_alias_consumer_with_no_taskflow', 'dataset_s3_bucket_producer_with_no_taskflow', 'dataset_s3_bucket_consumer_with_no_taskflow' retrieved from /home/airflow/.local/lib/python3.12/site-packages/airflow/example_dags/example_dataset_alias_with_no_taskflow.py
[2024-09-13T14:38:13.811+0000] {logging_mixin.py:190} INFO - [2024-09-13T14:38:13.811+0000] {dag.py:3229} INFO - Sync 4 DAGs
[2024-09-13T14:38:13.832+0000] {logging_mixin.py:190} INFO - [2024-09-13T14:38:13.832+0000] {dag.py:4156} INFO - Setting next_dagrun for dataset_alias_example_alias_consumer_with_no_taskflow to None, run_after=None
[2024-09-13T14:38:13.835+0000] {logging_mixin.py:190} INFO - [2024-09-13T14:38:13.835+0000] {dag.py:4156} INFO - Setting next_dagrun for dataset_alias_example_alias_producer_with_no_taskflow to None, run_after=None
[2024-09-13T14:38:13.836+0000] {logging_mixin.py:190} INFO - [2024-09-13T14:38:13.836+0000] {dag.py:4156} INFO - Setting next_dagrun for dataset_s3_bucket_consumer_with_no_taskflow to None, run_after=None
[2024-09-13T14:38:13.837+0000] {logging_mixin.py:190} INFO - [2024-09-13T14:38:13.837+0000] {dag.py:4156} INFO - Setting next_dagrun for dataset_s3_bucket_producer_with_no_taskflow to None, run_after=None
[2024-09-13T14:38:13.858+0000] {processor.py:208} INFO - Processing /home/airflow/.local/lib/python3.12/site-packages/airflow/example_dags/example_dataset_alias_with_no_taskflow.py took 0.299 seconds
[2024-09-13T14:39:34.464+0000] {processor.py:186} INFO - Started process (PID=108) to work on /home/airflow/.local/lib/python3.12/site-packages/airflow/example_dags/example_dataset_alias_with_no_taskflow.py
[2024-09-13T14:39:34.465+0000] {processor.py:914} INFO - Processing file /home/airflow/.local/lib/python3.12/site-packages/airflow/example_dags/example_dataset_alias_with_no_taskflow.py for tasks to queue
[2024-09-13T14:39:34.467+0000] {logging_mixin.py:190} INFO - [2024-09-13T14:39:34.467+0000] {dagbag.py:587} INFO - Filling up the DagBag from /home/airflow/.local/lib/python3.12/site-packages/airflow/example_dags/example_dataset_alias_with_no_taskflow.py
[2024-09-13T14:39:34.610+0000] {processor.py:925} INFO - DAG(s) 'dataset_alias_example_alias_producer_with_no_taskflow', 'dataset_s3_bucket_consumer_with_no_taskflow', 'dataset_s3_bucket_producer_with_no_taskflow', 'dataset_alias_example_alias_consumer_with_no_taskflow' retrieved from /home/airflow/.local/lib/python3.12/site-packages/airflow/example_dags/example_dataset_alias_with_no_taskflow.py
[2024-09-13T14:39:34.630+0000] {logging_mixin.py:190} INFO - [2024-09-13T14:39:34.630+0000] {dag.py:3229} INFO - Sync 4 DAGs
[2024-09-13T14:39:34.650+0000] {logging_mixin.py:190} INFO - [2024-09-13T14:39:34.649+0000] {dag.py:4156} INFO - Setting next_dagrun for dataset_alias_example_alias_consumer_with_no_taskflow to None, run_after=None
[2024-09-13T14:39:34.652+0000] {logging_mixin.py:190} INFO - [2024-09-13T14:39:34.652+0000] {dag.py:4156} INFO - Setting next_dagrun for dataset_alias_example_alias_producer_with_no_taskflow to None, run_after=None
[2024-09-13T14:39:34.653+0000] {logging_mixin.py:190} INFO - [2024-09-13T14:39:34.653+0000] {dag.py:4156} INFO - Setting next_dagrun for dataset_s3_bucket_consumer_with_no_taskflow to None, run_after=None
[2024-09-13T14:39:34.654+0000] {logging_mixin.py:190} INFO - [2024-09-13T14:39:34.654+0000] {dag.py:4156} INFO - Setting next_dagrun for dataset_s3_bucket_producer_with_no_taskflow to None, run_after=None
[2024-09-13T14:39:34.675+0000] {processor.py:208} INFO - Processing /home/airflow/.local/lib/python3.12/site-packages/airflow/example_dags/example_dataset_alias_with_no_taskflow.py took 0.216 seconds
[2024-09-13T14:40:05.384+0000] {processor.py:186} INFO - Started process (PID=170) to work on /home/airflow/.local/lib/python3.12/site-packages/airflow/example_dags/example_dataset_alias_with_no_taskflow.py
[2024-09-13T14:40:05.386+0000] {processor.py:914} INFO - Processing file /home/airflow/.local/lib/python3.12/site-packages/airflow/example_dags/example_dataset_alias_with_no_taskflow.py for tasks to queue
[2024-09-13T14:40:05.389+0000] {logging_mixin.py:190} INFO - [2024-09-13T14:40:05.388+0000] {dagbag.py:587} INFO - Filling up the DagBag from /home/airflow/.local/lib/python3.12/site-packages/airflow/example_dags/example_dataset_alias_with_no_taskflow.py
[2024-09-13T14:40:05.688+0000] {processor.py:925} INFO - DAG(s) 'dataset_alias_example_alias_consumer_with_no_taskflow', 'dataset_s3_bucket_producer_with_no_taskflow', 'dataset_alias_example_alias_producer_with_no_taskflow', 'dataset_s3_bucket_consumer_with_no_taskflow' retrieved from /home/airflow/.local/lib/python3.12/site-packages/airflow/example_dags/example_dataset_alias_with_no_taskflow.py
[2024-09-13T14:40:05.714+0000] {logging_mixin.py:190} INFO - [2024-09-13T14:40:05.714+0000] {dag.py:3229} INFO - Sync 4 DAGs
[2024-09-13T14:40:05.740+0000] {logging_mixin.py:190} INFO - [2024-09-13T14:40:05.739+0000] {dag.py:4156} INFO - Setting next_dagrun for dataset_alias_example_alias_consumer_with_no_taskflow to None, run_after=None
[2024-09-13T14:40:05.746+0000] {logging_mixin.py:190} INFO - [2024-09-13T14:40:05.745+0000] {dag.py:4156} INFO - Setting next_dagrun for dataset_alias_example_alias_producer_with_no_taskflow to None, run_after=None
[2024-09-13T14:40:05.747+0000] {logging_mixin.py:190} INFO - [2024-09-13T14:40:05.747+0000] {dag.py:4156} INFO - Setting next_dagrun for dataset_s3_bucket_consumer_with_no_taskflow to None, run_after=None
[2024-09-13T14:40:05.749+0000] {logging_mixin.py:190} INFO - [2024-09-13T14:40:05.749+0000] {dag.py:4156} INFO - Setting next_dagrun for dataset_s3_bucket_producer_with_no_taskflow to None, run_after=None
[2024-09-13T14:40:05.773+0000] {processor.py:208} INFO - Processing /home/airflow/.local/lib/python3.12/site-packages/airflow/example_dags/example_dataset_alias_with_no_taskflow.py took 0.393 seconds
[2024-09-13T14:40:35.826+0000] {processor.py:186} INFO - Started process (PID=236) to work on /home/airflow/.local/lib/python3.12/site-packages/airflow/example_dags/example_dataset_alias_with_no_taskflow.py
[2024-09-13T14:40:35.827+0000] {processor.py:914} INFO - Processing file /home/airflow/.local/lib/python3.12/site-packages/airflow/example_dags/example_dataset_alias_with_no_taskflow.py for tasks to queue
[2024-09-13T14:40:35.830+0000] {logging_mixin.py:190} INFO - [2024-09-13T14:40:35.829+0000] {dagbag.py:587} INFO - Filling up the DagBag from /home/airflow/.local/lib/python3.12/site-packages/airflow/example_dags/example_dataset_alias_with_no_taskflow.py
[2024-09-13T14:40:35.997+0000] {processor.py:925} INFO - DAG(s) 'dataset_alias_example_alias_consumer_with_no_taskflow', 'dataset_alias_example_alias_producer_with_no_taskflow', 'dataset_s3_bucket_producer_with_no_taskflow', 'dataset_s3_bucket_consumer_with_no_taskflow' retrieved from /home/airflow/.local/lib/python3.12/site-packages/airflow/example_dags/example_dataset_alias_with_no_taskflow.py
[2024-09-13T14:40:36.020+0000] {logging_mixin.py:190} INFO - [2024-09-13T14:40:36.019+0000] {dag.py:3229} INFO - Sync 4 DAGs
[2024-09-13T14:40:36.041+0000] {logging_mixin.py:190} INFO - [2024-09-13T14:40:36.040+0000] {dag.py:4156} INFO - Setting next_dagrun for dataset_alias_example_alias_consumer_with_no_taskflow to None, run_after=None
[2024-09-13T14:40:36.043+0000] {logging_mixin.py:190} INFO - [2024-09-13T14:40:36.043+0000] {dag.py:4156} INFO - Setting next_dagrun for dataset_alias_example_alias_producer_with_no_taskflow to None, run_after=None
[2024-09-13T14:40:36.045+0000] {logging_mixin.py:190} INFO - [2024-09-13T14:40:36.044+0000] {dag.py:4156} INFO - Setting next_dagrun for dataset_s3_bucket_consumer_with_no_taskflow to None, run_after=None
[2024-09-13T14:40:36.046+0000] {logging_mixin.py:190} INFO - [2024-09-13T14:40:36.046+0000] {dag.py:4156} INFO - Setting next_dagrun for dataset_s3_bucket_producer_with_no_taskflow to None, run_after=None
[2024-09-13T14:40:36.067+0000] {processor.py:208} INFO - Processing /home/airflow/.local/lib/python3.12/site-packages/airflow/example_dags/example_dataset_alias_with_no_taskflow.py took 0.247 seconds
[2024-09-13T14:41:27.175+0000] {processor.py:186} INFO - Started process (PID=101) to work on /home/airflow/.local/lib/python3.12/site-packages/airflow/example_dags/example_dataset_alias_with_no_taskflow.py
[2024-09-13T14:41:27.176+0000] {processor.py:914} INFO - Processing file /home/airflow/.local/lib/python3.12/site-packages/airflow/example_dags/example_dataset_alias_with_no_taskflow.py for tasks to queue
[2024-09-13T14:41:27.178+0000] {logging_mixin.py:190} INFO - [2024-09-13T14:41:27.178+0000] {dagbag.py:587} INFO - Filling up the DagBag from /home/airflow/.local/lib/python3.12/site-packages/airflow/example_dags/example_dataset_alias_with_no_taskflow.py
[2024-09-13T14:41:27.349+0000] {processor.py:925} INFO - DAG(s) 'dataset_alias_example_alias_producer_with_no_taskflow', 'dataset_alias_example_alias_consumer_with_no_taskflow', 'dataset_s3_bucket_producer_with_no_taskflow', 'dataset_s3_bucket_consumer_with_no_taskflow' retrieved from /home/airflow/.local/lib/python3.12/site-packages/airflow/example_dags/example_dataset_alias_with_no_taskflow.py
[2024-09-13T14:41:27.371+0000] {logging_mixin.py:190} INFO - [2024-09-13T14:41:27.371+0000] {dag.py:3229} INFO - Sync 4 DAGs
[2024-09-13T14:41:27.394+0000] {logging_mixin.py:190} INFO - [2024-09-13T14:41:27.393+0000] {dag.py:4156} INFO - Setting next_dagrun for dataset_alias_example_alias_consumer_with_no_taskflow to None, run_after=None
[2024-09-13T14:41:27.398+0000] {logging_mixin.py:190} INFO - [2024-09-13T14:41:27.397+0000] {dag.py:4156} INFO - Setting next_dagrun for dataset_alias_example_alias_producer_with_no_taskflow to None, run_after=None
[2024-09-13T14:41:27.399+0000] {logging_mixin.py:190} INFO - [2024-09-13T14:41:27.399+0000] {dag.py:4156} INFO - Setting next_dagrun for dataset_s3_bucket_consumer_with_no_taskflow to None, run_after=None
[2024-09-13T14:41:27.401+0000] {logging_mixin.py:190} INFO - [2024-09-13T14:41:27.401+0000] {dag.py:4156} INFO - Setting next_dagrun for dataset_s3_bucket_producer_with_no_taskflow to None, run_after=None
[2024-09-13T14:41:27.423+0000] {processor.py:208} INFO - Processing /home/airflow/.local/lib/python3.12/site-packages/airflow/example_dags/example_dataset_alias_with_no_taskflow.py took 0.253 seconds
[2024-09-13T14:41:58.030+0000] {processor.py:186} INFO - Started process (PID=164) to work on /home/airflow/.local/lib/python3.12/site-packages/airflow/example_dags/example_dataset_alias_with_no_taskflow.py
[2024-09-13T14:41:58.031+0000] {processor.py:914} INFO - Processing file /home/airflow/.local/lib/python3.12/site-packages/airflow/example_dags/example_dataset_alias_with_no_taskflow.py for tasks to queue
[2024-09-13T14:41:58.033+0000] {logging_mixin.py:190} INFO - [2024-09-13T14:41:58.033+0000] {dagbag.py:587} INFO - Filling up the DagBag from /home/airflow/.local/lib/python3.12/site-packages/airflow/example_dags/example_dataset_alias_with_no_taskflow.py
[2024-09-13T14:41:58.176+0000] {processor.py:925} INFO - DAG(s) 'dataset_alias_example_alias_producer_with_no_taskflow', 'dataset_alias_example_alias_consumer_with_no_taskflow', 'dataset_s3_bucket_producer_with_no_taskflow', 'dataset_s3_bucket_consumer_with_no_taskflow' retrieved from /home/airflow/.local/lib/python3.12/site-packages/airflow/example_dags/example_dataset_alias_with_no_taskflow.py
[2024-09-13T14:41:58.198+0000] {logging_mixin.py:190} INFO - [2024-09-13T14:41:58.198+0000] {dag.py:3229} INFO - Sync 4 DAGs
[2024-09-13T14:41:58.221+0000] {logging_mixin.py:190} INFO - [2024-09-13T14:41:58.221+0000] {dag.py:4156} INFO - Setting next_dagrun for dataset_alias_example_alias_consumer_with_no_taskflow to None, run_after=None
[2024-09-13T14:41:58.226+0000] {logging_mixin.py:190} INFO - [2024-09-13T14:41:58.225+0000] {dag.py:4156} INFO - Setting next_dagrun for dataset_alias_example_alias_producer_with_no_taskflow to None, run_after=None
[2024-09-13T14:41:58.227+0000] {logging_mixin.py:190} INFO - [2024-09-13T14:41:58.227+0000] {dag.py:4156} INFO - Setting next_dagrun for dataset_s3_bucket_consumer_with_no_taskflow to None, run_after=None
[2024-09-13T14:41:58.228+0000] {logging_mixin.py:190} INFO - [2024-09-13T14:41:58.228+0000] {dag.py:4156} INFO - Setting next_dagrun for dataset_s3_bucket_producer_with_no_taskflow to None, run_after=None
[2024-09-13T14:41:58.249+0000] {processor.py:208} INFO - Processing /home/airflow/.local/lib/python3.12/site-packages/airflow/example_dags/example_dataset_alias_with_no_taskflow.py took 0.224 seconds
[2024-09-13T14:42:29.002+0000] {processor.py:186} INFO - Started process (PID=225) to work on /home/airflow/.local/lib/python3.12/site-packages/airflow/example_dags/example_dataset_alias_with_no_taskflow.py
[2024-09-13T14:42:29.003+0000] {processor.py:914} INFO - Processing file /home/airflow/.local/lib/python3.12/site-packages/airflow/example_dags/example_dataset_alias_with_no_taskflow.py for tasks to queue
[2024-09-13T14:42:29.006+0000] {logging_mixin.py:190} INFO - [2024-09-13T14:42:29.005+0000] {dagbag.py:587} INFO - Filling up the DagBag from /home/airflow/.local/lib/python3.12/site-packages/airflow/example_dags/example_dataset_alias_with_no_taskflow.py
[2024-09-13T14:42:29.157+0000] {processor.py:925} INFO - DAG(s) 'dataset_alias_example_alias_producer_with_no_taskflow', 'dataset_s3_bucket_consumer_with_no_taskflow', 'dataset_alias_example_alias_consumer_with_no_taskflow', 'dataset_s3_bucket_producer_with_no_taskflow' retrieved from /home/airflow/.local/lib/python3.12/site-packages/airflow/example_dags/example_dataset_alias_with_no_taskflow.py
[2024-09-13T14:42:29.177+0000] {logging_mixin.py:190} INFO - [2024-09-13T14:42:29.177+0000] {dag.py:3229} INFO - Sync 4 DAGs
[2024-09-13T14:42:29.198+0000] {logging_mixin.py:190} INFO - [2024-09-13T14:42:29.198+0000] {dag.py:4156} INFO - Setting next_dagrun for dataset_alias_example_alias_consumer_with_no_taskflow to None, run_after=None
[2024-09-13T14:42:29.200+0000] {logging_mixin.py:190} INFO - [2024-09-13T14:42:29.200+0000] {dag.py:4156} INFO - Setting next_dagrun for dataset_alias_example_alias_producer_with_no_taskflow to None, run_after=None
[2024-09-13T14:42:29.202+0000] {logging_mixin.py:190} INFO - [2024-09-13T14:42:29.201+0000] {dag.py:4156} INFO - Setting next_dagrun for dataset_s3_bucket_consumer_with_no_taskflow to None, run_after=None
[2024-09-13T14:42:29.203+0000] {logging_mixin.py:190} INFO - [2024-09-13T14:42:29.203+0000] {dag.py:4156} INFO - Setting next_dagrun for dataset_s3_bucket_producer_with_no_taskflow to None, run_after=None
[2024-09-13T14:42:29.224+0000] {processor.py:208} INFO - Processing /home/airflow/.local/lib/python3.12/site-packages/airflow/example_dags/example_dataset_alias_with_no_taskflow.py took 0.227 seconds
[2024-09-13T14:43:00.168+0000] {processor.py:186} INFO - Started process (PID=287) to work on /home/airflow/.local/lib/python3.12/site-packages/airflow/example_dags/example_dataset_alias_with_no_taskflow.py
[2024-09-13T14:43:00.169+0000] {processor.py:914} INFO - Processing file /home/airflow/.local/lib/python3.12/site-packages/airflow/example_dags/example_dataset_alias_with_no_taskflow.py for tasks to queue
[2024-09-13T14:43:00.171+0000] {logging_mixin.py:190} INFO - [2024-09-13T14:43:00.171+0000] {dagbag.py:587} INFO - Filling up the DagBag from /home/airflow/.local/lib/python3.12/site-packages/airflow/example_dags/example_dataset_alias_with_no_taskflow.py
[2024-09-13T14:43:00.342+0000] {processor.py:925} INFO - DAG(s) 'dataset_s3_bucket_producer_with_no_taskflow', 'dataset_s3_bucket_consumer_with_no_taskflow', 'dataset_alias_example_alias_producer_with_no_taskflow', 'dataset_alias_example_alias_consumer_with_no_taskflow' retrieved from /home/airflow/.local/lib/python3.12/site-packages/airflow/example_dags/example_dataset_alias_with_no_taskflow.py
[2024-09-13T14:43:00.361+0000] {logging_mixin.py:190} INFO - [2024-09-13T14:43:00.361+0000] {dag.py:3229} INFO - Sync 4 DAGs
[2024-09-13T14:43:00.380+0000] {logging_mixin.py:190} INFO - [2024-09-13T14:43:00.380+0000] {dag.py:4156} INFO - Setting next_dagrun for dataset_alias_example_alias_consumer_with_no_taskflow to None, run_after=None
[2024-09-13T14:43:00.383+0000] {logging_mixin.py:190} INFO - [2024-09-13T14:43:00.383+0000] {dag.py:4156} INFO - Setting next_dagrun for dataset_alias_example_alias_producer_with_no_taskflow to None, run_after=None
[2024-09-13T14:43:00.384+0000] {logging_mixin.py:190} INFO - [2024-09-13T14:43:00.384+0000] {dag.py:4156} INFO - Setting next_dagrun for dataset_s3_bucket_consumer_with_no_taskflow to None, run_after=None
[2024-09-13T14:43:00.385+0000] {logging_mixin.py:190} INFO - [2024-09-13T14:43:00.385+0000] {dag.py:4156} INFO - Setting next_dagrun for dataset_s3_bucket_producer_with_no_taskflow to None, run_after=None
[2024-09-13T14:43:00.404+0000] {processor.py:208} INFO - Processing /home/airflow/.local/lib/python3.12/site-packages/airflow/example_dags/example_dataset_alias_with_no_taskflow.py took 0.241 seconds
