[2024-09-13T14:34:36.074+0000] {processor.py:186} INFO - Started process (PID=88) to work on /home/airflow/.local/lib/python3.12/site-packages/airflow/example_dags/example_display_name.py
[2024-09-13T14:34:36.075+0000] {processor.py:914} INFO - Processing file /home/airflow/.local/lib/python3.12/site-packages/airflow/example_dags/example_display_name.py for tasks to queue
[2024-09-13T14:34:36.077+0000] {logging_mixin.py:190} INFO - [2024-09-13T14:34:36.077+0000] {dagbag.py:587} INFO - Filling up the DagBag from /home/airflow/.local/lib/python3.12/site-packages/airflow/example_dags/example_display_name.py
[2024-09-13T14:34:36.085+0000] {processor.py:925} INFO - DAG(s) 'example_display_name' retrieved from /home/airflow/.local/lib/python3.12/site-packages/airflow/example_dags/example_display_name.py
[2024-09-13T14:34:36.217+0000] {logging_mixin.py:190} INFO - [2024-09-13T14:34:36.216+0000] {override.py:1900} INFO - Created Permission View: can read on DAG:example_display_name
[2024-09-13T14:34:36.227+0000] {logging_mixin.py:190} INFO - [2024-09-13T14:34:36.227+0000] {override.py:1900} INFO - Created Permission View: can delete on DAG:example_display_name
[2024-09-13T14:34:36.236+0000] {logging_mixin.py:190} INFO - [2024-09-13T14:34:36.235+0000] {override.py:1900} INFO - Created Permission View: can edit on DAG:example_display_name
[2024-09-13T14:34:36.243+0000] {logging_mixin.py:190} INFO - [2024-09-13T14:34:36.243+0000] {override.py:1900} INFO - Created Permission View: can create on DAG Run:example_display_name
[2024-09-13T14:34:36.252+0000] {logging_mixin.py:190} INFO - [2024-09-13T14:34:36.252+0000] {override.py:1900} INFO - Created Permission View: menu access on DAG Run:example_display_name
[2024-09-13T14:34:36.260+0000] {logging_mixin.py:190} INFO - [2024-09-13T14:34:36.260+0000] {override.py:1900} INFO - Created Permission View: can read on DAG Run:example_display_name
[2024-09-13T14:34:36.268+0000] {logging_mixin.py:190} INFO - [2024-09-13T14:34:36.268+0000] {override.py:1900} INFO - Created Permission View: can delete on DAG Run:example_display_name
[2024-09-13T14:34:36.269+0000] {logging_mixin.py:190} INFO - [2024-09-13T14:34:36.269+0000] {dag.py:3229} INFO - Sync 1 DAGs
[2024-09-13T14:34:36.282+0000] {logging_mixin.py:190} INFO - [2024-09-13T14:34:36.281+0000] {dag.py:3252} INFO - Creating ORM DAG for example_display_name
[2024-09-13T14:34:36.282+0000] {logging_mixin.py:190} INFO - [2024-09-13T14:34:36.282+0000] {dag.py:4156} INFO - Setting next_dagrun for example_display_name to None, run_after=None
[2024-09-13T14:34:36.305+0000] {processor.py:208} INFO - Processing /home/airflow/.local/lib/python3.12/site-packages/airflow/example_dags/example_display_name.py took 0.237 seconds
[2024-09-13T14:35:06.998+0000] {processor.py:186} INFO - Started process (PID=150) to work on /home/airflow/.local/lib/python3.12/site-packages/airflow/example_dags/example_display_name.py
[2024-09-13T14:35:06.999+0000] {processor.py:914} INFO - Processing file /home/airflow/.local/lib/python3.12/site-packages/airflow/example_dags/example_display_name.py for tasks to queue
[2024-09-13T14:35:07.002+0000] {logging_mixin.py:190} INFO - [2024-09-13T14:35:07.001+0000] {dagbag.py:587} INFO - Filling up the DagBag from /home/airflow/.local/lib/python3.12/site-packages/airflow/example_dags/example_display_name.py
[2024-09-13T14:35:07.012+0000] {processor.py:925} INFO - DAG(s) 'example_display_name' retrieved from /home/airflow/.local/lib/python3.12/site-packages/airflow/example_dags/example_display_name.py
[2024-09-13T14:35:07.034+0000] {logging_mixin.py:190} INFO - [2024-09-13T14:35:07.033+0000] {dag.py:3229} INFO - Sync 1 DAGs
[2024-09-13T14:35:07.048+0000] {logging_mixin.py:190} INFO - [2024-09-13T14:35:07.047+0000] {dag.py:4156} INFO - Setting next_dagrun for example_display_name to None, run_after=None
[2024-09-13T14:35:07.068+0000] {processor.py:208} INFO - Processing /home/airflow/.local/lib/python3.12/site-packages/airflow/example_dags/example_display_name.py took 0.078 seconds
[2024-09-13T14:35:37.436+0000] {processor.py:186} INFO - Started process (PID=212) to work on /home/airflow/.local/lib/python3.12/site-packages/airflow/example_dags/example_display_name.py
[2024-09-13T14:35:37.437+0000] {processor.py:914} INFO - Processing file /home/airflow/.local/lib/python3.12/site-packages/airflow/example_dags/example_display_name.py for tasks to queue
[2024-09-13T14:35:37.439+0000] {logging_mixin.py:190} INFO - [2024-09-13T14:35:37.438+0000] {dagbag.py:587} INFO - Filling up the DagBag from /home/airflow/.local/lib/python3.12/site-packages/airflow/example_dags/example_display_name.py
[2024-09-13T14:35:37.446+0000] {processor.py:925} INFO - DAG(s) 'example_display_name' retrieved from /home/airflow/.local/lib/python3.12/site-packages/airflow/example_dags/example_display_name.py
[2024-09-13T14:35:37.465+0000] {logging_mixin.py:190} INFO - [2024-09-13T14:35:37.465+0000] {dag.py:3229} INFO - Sync 1 DAGs
[2024-09-13T14:35:37.477+0000] {logging_mixin.py:190} INFO - [2024-09-13T14:35:37.477+0000] {dag.py:4156} INFO - Setting next_dagrun for example_display_name to None, run_after=None
[2024-09-13T14:35:37.494+0000] {processor.py:208} INFO - Processing /home/airflow/.local/lib/python3.12/site-packages/airflow/example_dags/example_display_name.py took 0.063 seconds
[2024-09-13T14:36:07.793+0000] {processor.py:186} INFO - Started process (PID=274) to work on /home/airflow/.local/lib/python3.12/site-packages/airflow/example_dags/example_display_name.py
[2024-09-13T14:36:07.793+0000] {processor.py:914} INFO - Processing file /home/airflow/.local/lib/python3.12/site-packages/airflow/example_dags/example_display_name.py for tasks to queue
[2024-09-13T14:36:07.796+0000] {logging_mixin.py:190} INFO - [2024-09-13T14:36:07.795+0000] {dagbag.py:587} INFO - Filling up the DagBag from /home/airflow/.local/lib/python3.12/site-packages/airflow/example_dags/example_display_name.py
[2024-09-13T14:36:07.803+0000] {processor.py:925} INFO - DAG(s) 'example_display_name' retrieved from /home/airflow/.local/lib/python3.12/site-packages/airflow/example_dags/example_display_name.py
[2024-09-13T14:36:07.823+0000] {logging_mixin.py:190} INFO - [2024-09-13T14:36:07.823+0000] {dag.py:3229} INFO - Sync 1 DAGs
[2024-09-13T14:36:07.837+0000] {logging_mixin.py:190} INFO - [2024-09-13T14:36:07.837+0000] {dag.py:4156} INFO - Setting next_dagrun for example_display_name to None, run_after=None
[2024-09-13T14:36:07.856+0000] {processor.py:208} INFO - Processing /home/airflow/.local/lib/python3.12/site-packages/airflow/example_dags/example_display_name.py took 0.068 seconds
[2024-09-13T14:36:38.063+0000] {processor.py:186} INFO - Started process (PID=336) to work on /home/airflow/.local/lib/python3.12/site-packages/airflow/example_dags/example_display_name.py
[2024-09-13T14:36:38.064+0000] {processor.py:914} INFO - Processing file /home/airflow/.local/lib/python3.12/site-packages/airflow/example_dags/example_display_name.py for tasks to queue
[2024-09-13T14:36:38.068+0000] {logging_mixin.py:190} INFO - [2024-09-13T14:36:38.067+0000] {dagbag.py:587} INFO - Filling up the DagBag from /home/airflow/.local/lib/python3.12/site-packages/airflow/example_dags/example_display_name.py
[2024-09-13T14:36:38.081+0000] {processor.py:925} INFO - DAG(s) 'example_display_name' retrieved from /home/airflow/.local/lib/python3.12/site-packages/airflow/example_dags/example_display_name.py
[2024-09-13T14:36:38.101+0000] {logging_mixin.py:190} INFO - [2024-09-13T14:36:38.101+0000] {dag.py:3229} INFO - Sync 1 DAGs
[2024-09-13T14:36:38.114+0000] {logging_mixin.py:190} INFO - [2024-09-13T14:36:38.114+0000] {dag.py:4156} INFO - Setting next_dagrun for example_display_name to None, run_after=None
[2024-09-13T14:36:38.132+0000] {processor.py:208} INFO - Processing /home/airflow/.local/lib/python3.12/site-packages/airflow/example_dags/example_display_name.py took 0.076 seconds
[2024-09-13T14:37:08.903+0000] {processor.py:186} INFO - Started process (PID=398) to work on /home/airflow/.local/lib/python3.12/site-packages/airflow/example_dags/example_display_name.py
[2024-09-13T14:37:08.904+0000] {processor.py:914} INFO - Processing file /home/airflow/.local/lib/python3.12/site-packages/airflow/example_dags/example_display_name.py for tasks to queue
[2024-09-13T14:37:08.906+0000] {logging_mixin.py:190} INFO - [2024-09-13T14:37:08.906+0000] {dagbag.py:587} INFO - Filling up the DagBag from /home/airflow/.local/lib/python3.12/site-packages/airflow/example_dags/example_display_name.py
[2024-09-13T14:37:08.913+0000] {processor.py:925} INFO - DAG(s) 'example_display_name' retrieved from /home/airflow/.local/lib/python3.12/site-packages/airflow/example_dags/example_display_name.py
[2024-09-13T14:37:08.933+0000] {logging_mixin.py:190} INFO - [2024-09-13T14:37:08.932+0000] {dag.py:3229} INFO - Sync 1 DAGs
[2024-09-13T14:37:08.945+0000] {logging_mixin.py:190} INFO - [2024-09-13T14:37:08.945+0000] {dag.py:4156} INFO - Setting next_dagrun for example_display_name to None, run_after=None
[2024-09-13T14:37:08.961+0000] {processor.py:208} INFO - Processing /home/airflow/.local/lib/python3.12/site-packages/airflow/example_dags/example_display_name.py took 0.063 seconds
[2024-09-13T14:37:39.861+0000] {processor.py:186} INFO - Started process (PID=460) to work on /home/airflow/.local/lib/python3.12/site-packages/airflow/example_dags/example_display_name.py
[2024-09-13T14:37:39.862+0000] {processor.py:914} INFO - Processing file /home/airflow/.local/lib/python3.12/site-packages/airflow/example_dags/example_display_name.py for tasks to queue
[2024-09-13T14:37:39.864+0000] {logging_mixin.py:190} INFO - [2024-09-13T14:37:39.864+0000] {dagbag.py:587} INFO - Filling up the DagBag from /home/airflow/.local/lib/python3.12/site-packages/airflow/example_dags/example_display_name.py
[2024-09-13T14:37:39.872+0000] {processor.py:925} INFO - DAG(s) 'example_display_name' retrieved from /home/airflow/.local/lib/python3.12/site-packages/airflow/example_dags/example_display_name.py
[2024-09-13T14:37:39.890+0000] {logging_mixin.py:190} INFO - [2024-09-13T14:37:39.889+0000] {dag.py:3229} INFO - Sync 1 DAGs
[2024-09-13T14:37:39.901+0000] {logging_mixin.py:190} INFO - [2024-09-13T14:37:39.901+0000] {dag.py:4156} INFO - Setting next_dagrun for example_display_name to None, run_after=None
[2024-09-13T14:37:39.916+0000] {processor.py:208} INFO - Processing /home/airflow/.local/lib/python3.12/site-packages/airflow/example_dags/example_display_name.py took 0.060 seconds
[2024-09-13T14:38:10.210+0000] {processor.py:186} INFO - Started process (PID=522) to work on /home/airflow/.local/lib/python3.12/site-packages/airflow/example_dags/example_display_name.py
[2024-09-13T14:38:10.211+0000] {processor.py:914} INFO - Processing file /home/airflow/.local/lib/python3.12/site-packages/airflow/example_dags/example_display_name.py for tasks to queue
[2024-09-13T14:38:10.213+0000] {logging_mixin.py:190} INFO - [2024-09-13T14:38:10.213+0000] {dagbag.py:587} INFO - Filling up the DagBag from /home/airflow/.local/lib/python3.12/site-packages/airflow/example_dags/example_display_name.py
[2024-09-13T14:38:10.220+0000] {processor.py:925} INFO - DAG(s) 'example_display_name' retrieved from /home/airflow/.local/lib/python3.12/site-packages/airflow/example_dags/example_display_name.py
[2024-09-13T14:38:10.240+0000] {logging_mixin.py:190} INFO - [2024-09-13T14:38:10.239+0000] {dag.py:3229} INFO - Sync 1 DAGs
[2024-09-13T14:38:10.252+0000] {logging_mixin.py:190} INFO - [2024-09-13T14:38:10.252+0000] {dag.py:4156} INFO - Setting next_dagrun for example_display_name to None, run_after=None
[2024-09-13T14:38:10.268+0000] {processor.py:208} INFO - Processing /home/airflow/.local/lib/python3.12/site-packages/airflow/example_dags/example_display_name.py took 0.063 seconds
[2024-09-13T14:39:32.449+0000] {processor.py:186} INFO - Started process (PID=82) to work on /home/airflow/.local/lib/python3.12/site-packages/airflow/example_dags/example_display_name.py
[2024-09-13T14:39:32.450+0000] {processor.py:914} INFO - Processing file /home/airflow/.local/lib/python3.12/site-packages/airflow/example_dags/example_display_name.py for tasks to queue
[2024-09-13T14:39:32.453+0000] {logging_mixin.py:190} INFO - [2024-09-13T14:39:32.452+0000] {dagbag.py:587} INFO - Filling up the DagBag from /home/airflow/.local/lib/python3.12/site-packages/airflow/example_dags/example_display_name.py
[2024-09-13T14:39:32.462+0000] {processor.py:925} INFO - DAG(s) 'example_display_name' retrieved from /home/airflow/.local/lib/python3.12/site-packages/airflow/example_dags/example_display_name.py
[2024-09-13T14:39:32.491+0000] {logging_mixin.py:190} INFO - [2024-09-13T14:39:32.491+0000] {dag.py:3229} INFO - Sync 1 DAGs
[2024-09-13T14:39:32.504+0000] {logging_mixin.py:190} INFO - [2024-09-13T14:39:32.504+0000] {dag.py:4156} INFO - Setting next_dagrun for example_display_name to None, run_after=None
[2024-09-13T14:39:32.525+0000] {processor.py:208} INFO - Processing /home/airflow/.local/lib/python3.12/site-packages/airflow/example_dags/example_display_name.py took 0.082 seconds
[2024-09-13T14:40:02.589+0000] {processor.py:186} INFO - Started process (PID=144) to work on /home/airflow/.local/lib/python3.12/site-packages/airflow/example_dags/example_display_name.py
[2024-09-13T14:40:02.590+0000] {processor.py:914} INFO - Processing file /home/airflow/.local/lib/python3.12/site-packages/airflow/example_dags/example_display_name.py for tasks to queue
[2024-09-13T14:40:02.591+0000] {logging_mixin.py:190} INFO - [2024-09-13T14:40:02.591+0000] {dagbag.py:587} INFO - Filling up the DagBag from /home/airflow/.local/lib/python3.12/site-packages/airflow/example_dags/example_display_name.py
[2024-09-13T14:40:02.598+0000] {processor.py:925} INFO - DAG(s) 'example_display_name' retrieved from /home/airflow/.local/lib/python3.12/site-packages/airflow/example_dags/example_display_name.py
[2024-09-13T14:40:02.617+0000] {logging_mixin.py:190} INFO - [2024-09-13T14:40:02.617+0000] {dag.py:3229} INFO - Sync 1 DAGs
[2024-09-13T14:40:02.629+0000] {logging_mixin.py:190} INFO - [2024-09-13T14:40:02.628+0000] {dag.py:4156} INFO - Setting next_dagrun for example_display_name to None, run_after=None
[2024-09-13T14:40:02.644+0000] {processor.py:208} INFO - Processing /home/airflow/.local/lib/python3.12/site-packages/airflow/example_dags/example_display_name.py took 0.060 seconds
[2024-09-13T14:40:33.869+0000] {processor.py:186} INFO - Started process (PID=206) to work on /home/airflow/.local/lib/python3.12/site-packages/airflow/example_dags/example_display_name.py
[2024-09-13T14:40:33.871+0000] {processor.py:914} INFO - Processing file /home/airflow/.local/lib/python3.12/site-packages/airflow/example_dags/example_display_name.py for tasks to queue
[2024-09-13T14:40:33.874+0000] {logging_mixin.py:190} INFO - [2024-09-13T14:40:33.873+0000] {dagbag.py:587} INFO - Filling up the DagBag from /home/airflow/.local/lib/python3.12/site-packages/airflow/example_dags/example_display_name.py
[2024-09-13T14:40:33.884+0000] {processor.py:925} INFO - DAG(s) 'example_display_name' retrieved from /home/airflow/.local/lib/python3.12/site-packages/airflow/example_dags/example_display_name.py
[2024-09-13T14:40:33.909+0000] {logging_mixin.py:190} INFO - [2024-09-13T14:40:33.909+0000] {dag.py:3229} INFO - Sync 1 DAGs
[2024-09-13T14:40:33.923+0000] {logging_mixin.py:190} INFO - [2024-09-13T14:40:33.923+0000] {dag.py:4156} INFO - Setting next_dagrun for example_display_name to None, run_after=None
[2024-09-13T14:40:33.939+0000] {processor.py:208} INFO - Processing /home/airflow/.local/lib/python3.12/site-packages/airflow/example_dags/example_display_name.py took 0.077 seconds
[2024-09-13T14:41:25.207+0000] {processor.py:186} INFO - Started process (PID=75) to work on /home/airflow/.local/lib/python3.12/site-packages/airflow/example_dags/example_display_name.py
[2024-09-13T14:41:25.208+0000] {processor.py:914} INFO - Processing file /home/airflow/.local/lib/python3.12/site-packages/airflow/example_dags/example_display_name.py for tasks to queue
[2024-09-13T14:41:25.210+0000] {logging_mixin.py:190} INFO - [2024-09-13T14:41:25.210+0000] {dagbag.py:587} INFO - Filling up the DagBag from /home/airflow/.local/lib/python3.12/site-packages/airflow/example_dags/example_display_name.py
[2024-09-13T14:41:25.221+0000] {processor.py:925} INFO - DAG(s) 'example_display_name' retrieved from /home/airflow/.local/lib/python3.12/site-packages/airflow/example_dags/example_display_name.py
[2024-09-13T14:41:25.245+0000] {logging_mixin.py:190} INFO - [2024-09-13T14:41:25.245+0000] {dag.py:3229} INFO - Sync 1 DAGs
[2024-09-13T14:41:25.258+0000] {logging_mixin.py:190} INFO - [2024-09-13T14:41:25.258+0000] {dag.py:4156} INFO - Setting next_dagrun for example_display_name to None, run_after=None
[2024-09-13T14:41:25.274+0000] {processor.py:208} INFO - Processing /home/airflow/.local/lib/python3.12/site-packages/airflow/example_dags/example_display_name.py took 0.073 seconds
[2024-09-13T14:41:56.155+0000] {processor.py:186} INFO - Started process (PID=137) to work on /home/airflow/.local/lib/python3.12/site-packages/airflow/example_dags/example_display_name.py
[2024-09-13T14:41:56.156+0000] {processor.py:914} INFO - Processing file /home/airflow/.local/lib/python3.12/site-packages/airflow/example_dags/example_display_name.py for tasks to queue
[2024-09-13T14:41:56.158+0000] {logging_mixin.py:190} INFO - [2024-09-13T14:41:56.158+0000] {dagbag.py:587} INFO - Filling up the DagBag from /home/airflow/.local/lib/python3.12/site-packages/airflow/example_dags/example_display_name.py
[2024-09-13T14:41:56.165+0000] {processor.py:925} INFO - DAG(s) 'example_display_name' retrieved from /home/airflow/.local/lib/python3.12/site-packages/airflow/example_dags/example_display_name.py
[2024-09-13T14:41:56.183+0000] {logging_mixin.py:190} INFO - [2024-09-13T14:41:56.183+0000] {dag.py:3229} INFO - Sync 1 DAGs
[2024-09-13T14:41:56.196+0000] {logging_mixin.py:190} INFO - [2024-09-13T14:41:56.196+0000] {dag.py:4156} INFO - Setting next_dagrun for example_display_name to None, run_after=None
[2024-09-13T14:41:56.212+0000] {processor.py:208} INFO - Processing /home/airflow/.local/lib/python3.12/site-packages/airflow/example_dags/example_display_name.py took 0.062 seconds
[2024-09-13T14:42:27.161+0000] {processor.py:186} INFO - Started process (PID=199) to work on /home/airflow/.local/lib/python3.12/site-packages/airflow/example_dags/example_display_name.py
[2024-09-13T14:42:27.162+0000] {processor.py:914} INFO - Processing file /home/airflow/.local/lib/python3.12/site-packages/airflow/example_dags/example_display_name.py for tasks to queue
[2024-09-13T14:42:27.164+0000] {logging_mixin.py:190} INFO - [2024-09-13T14:42:27.164+0000] {dagbag.py:587} INFO - Filling up the DagBag from /home/airflow/.local/lib/python3.12/site-packages/airflow/example_dags/example_display_name.py
[2024-09-13T14:42:27.171+0000] {processor.py:925} INFO - DAG(s) 'example_display_name' retrieved from /home/airflow/.local/lib/python3.12/site-packages/airflow/example_dags/example_display_name.py
[2024-09-13T14:42:27.192+0000] {logging_mixin.py:190} INFO - [2024-09-13T14:42:27.192+0000] {dag.py:3229} INFO - Sync 1 DAGs
[2024-09-13T14:42:27.207+0000] {logging_mixin.py:190} INFO - [2024-09-13T14:42:27.207+0000] {dag.py:4156} INFO - Setting next_dagrun for example_display_name to None, run_after=None
[2024-09-13T14:42:27.225+0000] {processor.py:208} INFO - Processing /home/airflow/.local/lib/python3.12/site-packages/airflow/example_dags/example_display_name.py took 0.069 seconds
[2024-09-13T14:42:58.302+0000] {processor.py:186} INFO - Started process (PID=261) to work on /home/airflow/.local/lib/python3.12/site-packages/airflow/example_dags/example_display_name.py
[2024-09-13T14:42:58.303+0000] {processor.py:914} INFO - Processing file /home/airflow/.local/lib/python3.12/site-packages/airflow/example_dags/example_display_name.py for tasks to queue
[2024-09-13T14:42:58.305+0000] {logging_mixin.py:190} INFO - [2024-09-13T14:42:58.305+0000] {dagbag.py:587} INFO - Filling up the DagBag from /home/airflow/.local/lib/python3.12/site-packages/airflow/example_dags/example_display_name.py
[2024-09-13T14:42:58.313+0000] {processor.py:925} INFO - DAG(s) 'example_display_name' retrieved from /home/airflow/.local/lib/python3.12/site-packages/airflow/example_dags/example_display_name.py
[2024-09-13T14:42:58.334+0000] {logging_mixin.py:190} INFO - [2024-09-13T14:42:58.334+0000] {dag.py:3229} INFO - Sync 1 DAGs
[2024-09-13T14:42:58.348+0000] {logging_mixin.py:190} INFO - [2024-09-13T14:42:58.348+0000] {dag.py:4156} INFO - Setting next_dagrun for example_display_name to None, run_after=None
[2024-09-13T14:42:58.366+0000] {processor.py:208} INFO - Processing /home/airflow/.local/lib/python3.12/site-packages/airflow/example_dags/example_display_name.py took 0.069 seconds
