[2024-09-13T14:34:35.418+0000] {processor.py:186} INFO - Started process (PID=84) to work on /home/airflow/.local/lib/python3.12/site-packages/airflow/example_dags/example_params_trigger_ui.py
[2024-09-13T14:34:35.418+0000] {processor.py:914} INFO - Processing file /home/airflow/.local/lib/python3.12/site-packages/airflow/example_dags/example_params_trigger_ui.py for tasks to queue
[2024-09-13T14:34:35.420+0000] {logging_mixin.py:190} INFO - [2024-09-13T14:34:35.420+0000] {dagbag.py:587} INFO - Filling up the DagBag from /home/airflow/.local/lib/python3.12/site-packages/airflow/example_dags/example_params_trigger_ui.py
[2024-09-13T14:34:35.431+0000] {processor.py:925} INFO - DAG(s) 'example_params_trigger_ui' retrieved from /home/airflow/.local/lib/python3.12/site-packages/airflow/example_dags/example_params_trigger_ui.py
[2024-09-13T14:34:35.547+0000] {logging_mixin.py:190} INFO - [2024-09-13T14:34:35.547+0000] {override.py:1900} INFO - Created Permission View: can read on DAG:example_params_trigger_ui
[2024-09-13T14:34:35.556+0000] {logging_mixin.py:190} INFO - [2024-09-13T14:34:35.555+0000] {override.py:1900} INFO - Created Permission View: can delete on DAG:example_params_trigger_ui
[2024-09-13T14:34:35.561+0000] {logging_mixin.py:190} INFO - [2024-09-13T14:34:35.561+0000] {override.py:1900} INFO - Created Permission View: can edit on DAG:example_params_trigger_ui
[2024-09-13T14:34:35.567+0000] {logging_mixin.py:190} INFO - [2024-09-13T14:34:35.567+0000] {override.py:1900} INFO - Created Permission View: can create on DAG Run:example_params_trigger_ui
[2024-09-13T14:34:35.573+0000] {logging_mixin.py:190} INFO - [2024-09-13T14:34:35.572+0000] {override.py:1900} INFO - Created Permission View: menu access on DAG Run:example_params_trigger_ui
[2024-09-13T14:34:35.578+0000] {logging_mixin.py:190} INFO - [2024-09-13T14:34:35.578+0000] {override.py:1900} INFO - Created Permission View: can read on DAG Run:example_params_trigger_ui
[2024-09-13T14:34:35.584+0000] {logging_mixin.py:190} INFO - [2024-09-13T14:34:35.583+0000] {override.py:1900} INFO - Created Permission View: can delete on DAG Run:example_params_trigger_ui
[2024-09-13T14:34:35.584+0000] {logging_mixin.py:190} INFO - [2024-09-13T14:34:35.584+0000] {dag.py:3229} INFO - Sync 1 DAGs
[2024-09-13T14:34:35.595+0000] {logging_mixin.py:190} INFO - [2024-09-13T14:34:35.595+0000] {dag.py:3252} INFO - Creating ORM DAG for example_params_trigger_ui
[2024-09-13T14:34:35.596+0000] {logging_mixin.py:190} INFO - [2024-09-13T14:34:35.595+0000] {dag.py:4156} INFO - Setting next_dagrun for example_params_trigger_ui to None, run_after=None
[2024-09-13T14:34:35.611+0000] {processor.py:208} INFO - Processing /home/airflow/.local/lib/python3.12/site-packages/airflow/example_dags/example_params_trigger_ui.py took 0.199 seconds
[2024-09-13T14:35:05.693+0000] {processor.py:186} INFO - Started process (PID=146) to work on /home/airflow/.local/lib/python3.12/site-packages/airflow/example_dags/example_params_trigger_ui.py
[2024-09-13T14:35:05.694+0000] {processor.py:914} INFO - Processing file /home/airflow/.local/lib/python3.12/site-packages/airflow/example_dags/example_params_trigger_ui.py for tasks to queue
[2024-09-13T14:35:05.697+0000] {logging_mixin.py:190} INFO - [2024-09-13T14:35:05.696+0000] {dagbag.py:587} INFO - Filling up the DagBag from /home/airflow/.local/lib/python3.12/site-packages/airflow/example_dags/example_params_trigger_ui.py
[2024-09-13T14:35:05.707+0000] {processor.py:925} INFO - DAG(s) 'example_params_trigger_ui' retrieved from /home/airflow/.local/lib/python3.12/site-packages/airflow/example_dags/example_params_trigger_ui.py
[2024-09-13T14:35:05.747+0000] {logging_mixin.py:190} INFO - [2024-09-13T14:35:05.747+0000] {dag.py:3229} INFO - Sync 1 DAGs
[2024-09-13T14:35:05.762+0000] {logging_mixin.py:190} INFO - [2024-09-13T14:35:05.762+0000] {dag.py:4156} INFO - Setting next_dagrun for example_params_trigger_ui to None, run_after=None
[2024-09-13T14:35:05.779+0000] {processor.py:208} INFO - Processing /home/airflow/.local/lib/python3.12/site-packages/airflow/example_dags/example_params_trigger_ui.py took 0.091 seconds
[2024-09-13T14:35:36.136+0000] {processor.py:186} INFO - Started process (PID=208) to work on /home/airflow/.local/lib/python3.12/site-packages/airflow/example_dags/example_params_trigger_ui.py
[2024-09-13T14:35:36.137+0000] {processor.py:914} INFO - Processing file /home/airflow/.local/lib/python3.12/site-packages/airflow/example_dags/example_params_trigger_ui.py for tasks to queue
[2024-09-13T14:35:36.139+0000] {logging_mixin.py:190} INFO - [2024-09-13T14:35:36.139+0000] {dagbag.py:587} INFO - Filling up the DagBag from /home/airflow/.local/lib/python3.12/site-packages/airflow/example_dags/example_params_trigger_ui.py
[2024-09-13T14:35:36.151+0000] {processor.py:925} INFO - DAG(s) 'example_params_trigger_ui' retrieved from /home/airflow/.local/lib/python3.12/site-packages/airflow/example_dags/example_params_trigger_ui.py
[2024-09-13T14:35:36.189+0000] {logging_mixin.py:190} INFO - [2024-09-13T14:35:36.189+0000] {dag.py:3229} INFO - Sync 1 DAGs
[2024-09-13T14:35:36.204+0000] {logging_mixin.py:190} INFO - [2024-09-13T14:35:36.203+0000] {dag.py:4156} INFO - Setting next_dagrun for example_params_trigger_ui to None, run_after=None
[2024-09-13T14:35:36.223+0000] {processor.py:208} INFO - Processing /home/airflow/.local/lib/python3.12/site-packages/airflow/example_dags/example_params_trigger_ui.py took 0.092 seconds
[2024-09-13T14:36:06.509+0000] {processor.py:186} INFO - Started process (PID=270) to work on /home/airflow/.local/lib/python3.12/site-packages/airflow/example_dags/example_params_trigger_ui.py
[2024-09-13T14:36:06.510+0000] {processor.py:914} INFO - Processing file /home/airflow/.local/lib/python3.12/site-packages/airflow/example_dags/example_params_trigger_ui.py for tasks to queue
[2024-09-13T14:36:06.512+0000] {logging_mixin.py:190} INFO - [2024-09-13T14:36:06.512+0000] {dagbag.py:587} INFO - Filling up the DagBag from /home/airflow/.local/lib/python3.12/site-packages/airflow/example_dags/example_params_trigger_ui.py
[2024-09-13T14:36:06.522+0000] {processor.py:925} INFO - DAG(s) 'example_params_trigger_ui' retrieved from /home/airflow/.local/lib/python3.12/site-packages/airflow/example_dags/example_params_trigger_ui.py
[2024-09-13T14:36:06.560+0000] {logging_mixin.py:190} INFO - [2024-09-13T14:36:06.560+0000] {dag.py:3229} INFO - Sync 1 DAGs
[2024-09-13T14:36:06.573+0000] {logging_mixin.py:190} INFO - [2024-09-13T14:36:06.573+0000] {dag.py:4156} INFO - Setting next_dagrun for example_params_trigger_ui to None, run_after=None
[2024-09-13T14:36:06.590+0000] {processor.py:208} INFO - Processing /home/airflow/.local/lib/python3.12/site-packages/airflow/example_dags/example_params_trigger_ui.py took 0.087 seconds
[2024-09-13T14:36:36.805+0000] {processor.py:186} INFO - Started process (PID=332) to work on /home/airflow/.local/lib/python3.12/site-packages/airflow/example_dags/example_params_trigger_ui.py
[2024-09-13T14:36:36.806+0000] {processor.py:914} INFO - Processing file /home/airflow/.local/lib/python3.12/site-packages/airflow/example_dags/example_params_trigger_ui.py for tasks to queue
[2024-09-13T14:36:36.809+0000] {logging_mixin.py:190} INFO - [2024-09-13T14:36:36.808+0000] {dagbag.py:587} INFO - Filling up the DagBag from /home/airflow/.local/lib/python3.12/site-packages/airflow/example_dags/example_params_trigger_ui.py
[2024-09-13T14:36:36.820+0000] {processor.py:925} INFO - DAG(s) 'example_params_trigger_ui' retrieved from /home/airflow/.local/lib/python3.12/site-packages/airflow/example_dags/example_params_trigger_ui.py
[2024-09-13T14:36:36.861+0000] {logging_mixin.py:190} INFO - [2024-09-13T14:36:36.861+0000] {dag.py:3229} INFO - Sync 1 DAGs
[2024-09-13T14:36:36.875+0000] {logging_mixin.py:190} INFO - [2024-09-13T14:36:36.875+0000] {dag.py:4156} INFO - Setting next_dagrun for example_params_trigger_ui to None, run_after=None
[2024-09-13T14:36:36.899+0000] {processor.py:208} INFO - Processing /home/airflow/.local/lib/python3.12/site-packages/airflow/example_dags/example_params_trigger_ui.py took 0.099 seconds
[2024-09-13T14:37:07.650+0000] {processor.py:186} INFO - Started process (PID=394) to work on /home/airflow/.local/lib/python3.12/site-packages/airflow/example_dags/example_params_trigger_ui.py
[2024-09-13T14:37:07.651+0000] {processor.py:914} INFO - Processing file /home/airflow/.local/lib/python3.12/site-packages/airflow/example_dags/example_params_trigger_ui.py for tasks to queue
[2024-09-13T14:37:07.653+0000] {logging_mixin.py:190} INFO - [2024-09-13T14:37:07.653+0000] {dagbag.py:587} INFO - Filling up the DagBag from /home/airflow/.local/lib/python3.12/site-packages/airflow/example_dags/example_params_trigger_ui.py
[2024-09-13T14:37:07.664+0000] {processor.py:925} INFO - DAG(s) 'example_params_trigger_ui' retrieved from /home/airflow/.local/lib/python3.12/site-packages/airflow/example_dags/example_params_trigger_ui.py
[2024-09-13T14:37:07.706+0000] {logging_mixin.py:190} INFO - [2024-09-13T14:37:07.706+0000] {dag.py:3229} INFO - Sync 1 DAGs
[2024-09-13T14:37:07.719+0000] {logging_mixin.py:190} INFO - [2024-09-13T14:37:07.718+0000] {dag.py:4156} INFO - Setting next_dagrun for example_params_trigger_ui to None, run_after=None
[2024-09-13T14:37:07.735+0000] {processor.py:208} INFO - Processing /home/airflow/.local/lib/python3.12/site-packages/airflow/example_dags/example_params_trigger_ui.py took 0.090 seconds
[2024-09-13T14:37:38.661+0000] {processor.py:186} INFO - Started process (PID=456) to work on /home/airflow/.local/lib/python3.12/site-packages/airflow/example_dags/example_params_trigger_ui.py
[2024-09-13T14:37:38.663+0000] {processor.py:914} INFO - Processing file /home/airflow/.local/lib/python3.12/site-packages/airflow/example_dags/example_params_trigger_ui.py for tasks to queue
[2024-09-13T14:37:38.665+0000] {logging_mixin.py:190} INFO - [2024-09-13T14:37:38.665+0000] {dagbag.py:587} INFO - Filling up the DagBag from /home/airflow/.local/lib/python3.12/site-packages/airflow/example_dags/example_params_trigger_ui.py
[2024-09-13T14:37:38.676+0000] {processor.py:925} INFO - DAG(s) 'example_params_trigger_ui' retrieved from /home/airflow/.local/lib/python3.12/site-packages/airflow/example_dags/example_params_trigger_ui.py
[2024-09-13T14:37:38.716+0000] {logging_mixin.py:190} INFO - [2024-09-13T14:37:38.716+0000] {dag.py:3229} INFO - Sync 1 DAGs
[2024-09-13T14:37:38.729+0000] {logging_mixin.py:190} INFO - [2024-09-13T14:37:38.729+0000] {dag.py:4156} INFO - Setting next_dagrun for example_params_trigger_ui to None, run_after=None
[2024-09-13T14:37:38.746+0000] {processor.py:208} INFO - Processing /home/airflow/.local/lib/python3.12/site-packages/airflow/example_dags/example_params_trigger_ui.py took 0.091 seconds
[2024-09-13T14:38:08.934+0000] {processor.py:186} INFO - Started process (PID=518) to work on /home/airflow/.local/lib/python3.12/site-packages/airflow/example_dags/example_params_trigger_ui.py
[2024-09-13T14:38:08.935+0000] {processor.py:914} INFO - Processing file /home/airflow/.local/lib/python3.12/site-packages/airflow/example_dags/example_params_trigger_ui.py for tasks to queue
[2024-09-13T14:38:08.937+0000] {logging_mixin.py:190} INFO - [2024-09-13T14:38:08.937+0000] {dagbag.py:587} INFO - Filling up the DagBag from /home/airflow/.local/lib/python3.12/site-packages/airflow/example_dags/example_params_trigger_ui.py
[2024-09-13T14:38:08.947+0000] {processor.py:925} INFO - DAG(s) 'example_params_trigger_ui' retrieved from /home/airflow/.local/lib/python3.12/site-packages/airflow/example_dags/example_params_trigger_ui.py
[2024-09-13T14:38:08.987+0000] {logging_mixin.py:190} INFO - [2024-09-13T14:38:08.986+0000] {dag.py:3229} INFO - Sync 1 DAGs
[2024-09-13T14:38:08.999+0000] {logging_mixin.py:190} INFO - [2024-09-13T14:38:08.999+0000] {dag.py:4156} INFO - Setting next_dagrun for example_params_trigger_ui to None, run_after=None
[2024-09-13T14:38:09.016+0000] {processor.py:208} INFO - Processing /home/airflow/.local/lib/python3.12/site-packages/airflow/example_dags/example_params_trigger_ui.py took 0.087 seconds
[2024-09-13T14:39:32.132+0000] {processor.py:186} INFO - Started process (PID=78) to work on /home/airflow/.local/lib/python3.12/site-packages/airflow/example_dags/example_params_trigger_ui.py
[2024-09-13T14:39:32.133+0000] {processor.py:914} INFO - Processing file /home/airflow/.local/lib/python3.12/site-packages/airflow/example_dags/example_params_trigger_ui.py for tasks to queue
[2024-09-13T14:39:32.135+0000] {logging_mixin.py:190} INFO - [2024-09-13T14:39:32.135+0000] {dagbag.py:587} INFO - Filling up the DagBag from /home/airflow/.local/lib/python3.12/site-packages/airflow/example_dags/example_params_trigger_ui.py
[2024-09-13T14:39:32.149+0000] {processor.py:925} INFO - DAG(s) 'example_params_trigger_ui' retrieved from /home/airflow/.local/lib/python3.12/site-packages/airflow/example_dags/example_params_trigger_ui.py
[2024-09-13T14:39:32.197+0000] {logging_mixin.py:190} INFO - [2024-09-13T14:39:32.197+0000] {dag.py:3229} INFO - Sync 1 DAGs
[2024-09-13T14:39:32.210+0000] {logging_mixin.py:190} INFO - [2024-09-13T14:39:32.210+0000] {dag.py:4156} INFO - Setting next_dagrun for example_params_trigger_ui to None, run_after=None
[2024-09-13T14:39:32.228+0000] {processor.py:208} INFO - Processing /home/airflow/.local/lib/python3.12/site-packages/airflow/example_dags/example_params_trigger_ui.py took 0.101 seconds
[2024-09-13T14:40:02.308+0000] {processor.py:186} INFO - Started process (PID=140) to work on /home/airflow/.local/lib/python3.12/site-packages/airflow/example_dags/example_params_trigger_ui.py
[2024-09-13T14:40:02.309+0000] {processor.py:914} INFO - Processing file /home/airflow/.local/lib/python3.12/site-packages/airflow/example_dags/example_params_trigger_ui.py for tasks to queue
[2024-09-13T14:40:02.311+0000] {logging_mixin.py:190} INFO - [2024-09-13T14:40:02.311+0000] {dagbag.py:587} INFO - Filling up the DagBag from /home/airflow/.local/lib/python3.12/site-packages/airflow/example_dags/example_params_trigger_ui.py
[2024-09-13T14:40:02.321+0000] {processor.py:925} INFO - DAG(s) 'example_params_trigger_ui' retrieved from /home/airflow/.local/lib/python3.12/site-packages/airflow/example_dags/example_params_trigger_ui.py
[2024-09-13T14:40:02.360+0000] {logging_mixin.py:190} INFO - [2024-09-13T14:40:02.360+0000] {dag.py:3229} INFO - Sync 1 DAGs
[2024-09-13T14:40:02.372+0000] {logging_mixin.py:190} INFO - [2024-09-13T14:40:02.372+0000] {dag.py:4156} INFO - Setting next_dagrun for example_params_trigger_ui to None, run_after=None
[2024-09-13T14:40:02.391+0000] {processor.py:208} INFO - Processing /home/airflow/.local/lib/python3.12/site-packages/airflow/example_dags/example_params_trigger_ui.py took 0.089 seconds
[2024-09-13T14:40:33.576+0000] {processor.py:186} INFO - Started process (PID=202) to work on /home/airflow/.local/lib/python3.12/site-packages/airflow/example_dags/example_params_trigger_ui.py
[2024-09-13T14:40:33.577+0000] {processor.py:914} INFO - Processing file /home/airflow/.local/lib/python3.12/site-packages/airflow/example_dags/example_params_trigger_ui.py for tasks to queue
[2024-09-13T14:40:33.579+0000] {logging_mixin.py:190} INFO - [2024-09-13T14:40:33.579+0000] {dagbag.py:587} INFO - Filling up the DagBag from /home/airflow/.local/lib/python3.12/site-packages/airflow/example_dags/example_params_trigger_ui.py
[2024-09-13T14:40:33.588+0000] {processor.py:925} INFO - DAG(s) 'example_params_trigger_ui' retrieved from /home/airflow/.local/lib/python3.12/site-packages/airflow/example_dags/example_params_trigger_ui.py
[2024-09-13T14:40:33.625+0000] {logging_mixin.py:190} INFO - [2024-09-13T14:40:33.625+0000] {dag.py:3229} INFO - Sync 1 DAGs
[2024-09-13T14:40:33.638+0000] {logging_mixin.py:190} INFO - [2024-09-13T14:40:33.638+0000] {dag.py:4156} INFO - Setting next_dagrun for example_params_trigger_ui to None, run_after=None
[2024-09-13T14:40:33.654+0000] {processor.py:208} INFO - Processing /home/airflow/.local/lib/python3.12/site-packages/airflow/example_dags/example_params_trigger_ui.py took 0.083 seconds
[2024-09-13T14:41:24.886+0000] {processor.py:186} INFO - Started process (PID=71) to work on /home/airflow/.local/lib/python3.12/site-packages/airflow/example_dags/example_params_trigger_ui.py
[2024-09-13T14:41:24.887+0000] {processor.py:914} INFO - Processing file /home/airflow/.local/lib/python3.12/site-packages/airflow/example_dags/example_params_trigger_ui.py for tasks to queue
[2024-09-13T14:41:24.889+0000] {logging_mixin.py:190} INFO - [2024-09-13T14:41:24.889+0000] {dagbag.py:587} INFO - Filling up the DagBag from /home/airflow/.local/lib/python3.12/site-packages/airflow/example_dags/example_params_trigger_ui.py
[2024-09-13T14:41:24.900+0000] {processor.py:925} INFO - DAG(s) 'example_params_trigger_ui' retrieved from /home/airflow/.local/lib/python3.12/site-packages/airflow/example_dags/example_params_trigger_ui.py
[2024-09-13T14:41:24.961+0000] {logging_mixin.py:190} INFO - [2024-09-13T14:41:24.961+0000] {dag.py:3229} INFO - Sync 1 DAGs
[2024-09-13T14:41:24.978+0000] {logging_mixin.py:190} INFO - [2024-09-13T14:41:24.978+0000] {dag.py:4156} INFO - Setting next_dagrun for example_params_trigger_ui to None, run_after=None
[2024-09-13T14:41:24.996+0000] {processor.py:208} INFO - Processing /home/airflow/.local/lib/python3.12/site-packages/airflow/example_dags/example_params_trigger_ui.py took 0.115 seconds
[2024-09-13T14:41:55.949+0000] {processor.py:186} INFO - Started process (PID=133) to work on /home/airflow/.local/lib/python3.12/site-packages/airflow/example_dags/example_params_trigger_ui.py
[2024-09-13T14:41:55.950+0000] {processor.py:914} INFO - Processing file /home/airflow/.local/lib/python3.12/site-packages/airflow/example_dags/example_params_trigger_ui.py for tasks to queue
[2024-09-13T14:41:55.952+0000] {logging_mixin.py:190} INFO - [2024-09-13T14:41:55.952+0000] {dagbag.py:587} INFO - Filling up the DagBag from /home/airflow/.local/lib/python3.12/site-packages/airflow/example_dags/example_params_trigger_ui.py
[2024-09-13T14:41:55.962+0000] {processor.py:925} INFO - DAG(s) 'example_params_trigger_ui' retrieved from /home/airflow/.local/lib/python3.12/site-packages/airflow/example_dags/example_params_trigger_ui.py
[2024-09-13T14:41:55.999+0000] {logging_mixin.py:190} INFO - [2024-09-13T14:41:55.998+0000] {dag.py:3229} INFO - Sync 1 DAGs
[2024-09-13T14:41:56.011+0000] {logging_mixin.py:190} INFO - [2024-09-13T14:41:56.011+0000] {dag.py:4156} INFO - Setting next_dagrun for example_params_trigger_ui to None, run_after=None
[2024-09-13T14:41:56.027+0000] {processor.py:208} INFO - Processing /home/airflow/.local/lib/python3.12/site-packages/airflow/example_dags/example_params_trigger_ui.py took 0.083 seconds
[2024-09-13T14:42:26.952+0000] {processor.py:186} INFO - Started process (PID=195) to work on /home/airflow/.local/lib/python3.12/site-packages/airflow/example_dags/example_params_trigger_ui.py
[2024-09-13T14:42:26.953+0000] {processor.py:914} INFO - Processing file /home/airflow/.local/lib/python3.12/site-packages/airflow/example_dags/example_params_trigger_ui.py for tasks to queue
[2024-09-13T14:42:26.955+0000] {logging_mixin.py:190} INFO - [2024-09-13T14:42:26.954+0000] {dagbag.py:587} INFO - Filling up the DagBag from /home/airflow/.local/lib/python3.12/site-packages/airflow/example_dags/example_params_trigger_ui.py
[2024-09-13T14:42:26.965+0000] {processor.py:925} INFO - DAG(s) 'example_params_trigger_ui' retrieved from /home/airflow/.local/lib/python3.12/site-packages/airflow/example_dags/example_params_trigger_ui.py
[2024-09-13T14:42:27.011+0000] {logging_mixin.py:190} INFO - [2024-09-13T14:42:27.011+0000] {dag.py:3229} INFO - Sync 1 DAGs
[2024-09-13T14:42:27.025+0000] {logging_mixin.py:190} INFO - [2024-09-13T14:42:27.024+0000] {dag.py:4156} INFO - Setting next_dagrun for example_params_trigger_ui to None, run_after=None
[2024-09-13T14:42:27.043+0000] {processor.py:208} INFO - Processing /home/airflow/.local/lib/python3.12/site-packages/airflow/example_dags/example_params_trigger_ui.py took 0.097 seconds
[2024-09-13T14:42:58.070+0000] {processor.py:186} INFO - Started process (PID=257) to work on /home/airflow/.local/lib/python3.12/site-packages/airflow/example_dags/example_params_trigger_ui.py
[2024-09-13T14:42:58.072+0000] {processor.py:914} INFO - Processing file /home/airflow/.local/lib/python3.12/site-packages/airflow/example_dags/example_params_trigger_ui.py for tasks to queue
[2024-09-13T14:42:58.076+0000] {logging_mixin.py:190} INFO - [2024-09-13T14:42:58.075+0000] {dagbag.py:587} INFO - Filling up the DagBag from /home/airflow/.local/lib/python3.12/site-packages/airflow/example_dags/example_params_trigger_ui.py
[2024-09-13T14:42:58.094+0000] {processor.py:925} INFO - DAG(s) 'example_params_trigger_ui' retrieved from /home/airflow/.local/lib/python3.12/site-packages/airflow/example_dags/example_params_trigger_ui.py
[2024-09-13T14:42:58.138+0000] {logging_mixin.py:190} INFO - [2024-09-13T14:42:58.138+0000] {dag.py:3229} INFO - Sync 1 DAGs
[2024-09-13T14:42:58.154+0000] {logging_mixin.py:190} INFO - [2024-09-13T14:42:58.153+0000] {dag.py:4156} INFO - Setting next_dagrun for example_params_trigger_ui to None, run_after=None
[2024-09-13T14:42:58.174+0000] {processor.py:208} INFO - Processing /home/airflow/.local/lib/python3.12/site-packages/airflow/example_dags/example_params_trigger_ui.py took 0.110 seconds
