[2024-09-13T14:34:36.972+0000] {processor.py:186} INFO - Started process (PID=93) to work on /home/airflow/.local/lib/python3.12/site-packages/airflow/example_dags/example_params_ui_tutorial.py
[2024-09-13T14:34:36.972+0000] {processor.py:914} INFO - Processing file /home/airflow/.local/lib/python3.12/site-packages/airflow/example_dags/example_params_ui_tutorial.py for tasks to queue
[2024-09-13T14:34:36.974+0000] {logging_mixin.py:190} INFO - [2024-09-13T14:34:36.974+0000] {dagbag.py:587} INFO - Filling up the DagBag from /home/airflow/.local/lib/python3.12/site-packages/airflow/example_dags/example_params_ui_tutorial.py
[2024-09-13T14:34:36.984+0000] {processor.py:925} INFO - DAG(s) 'example_params_ui_tutorial' retrieved from /home/airflow/.local/lib/python3.12/site-packages/airflow/example_dags/example_params_ui_tutorial.py
[2024-09-13T14:34:37.101+0000] {logging_mixin.py:190} INFO - [2024-09-13T14:34:37.101+0000] {override.py:1900} INFO - Created Permission View: can read on DAG:example_params_ui_tutorial
[2024-09-13T14:34:37.109+0000] {logging_mixin.py:190} INFO - [2024-09-13T14:34:37.109+0000] {override.py:1900} INFO - Created Permission View: can delete on DAG:example_params_ui_tutorial
[2024-09-13T14:34:37.115+0000] {logging_mixin.py:190} INFO - [2024-09-13T14:34:37.115+0000] {override.py:1900} INFO - Created Permission View: can edit on DAG:example_params_ui_tutorial
[2024-09-13T14:34:37.122+0000] {logging_mixin.py:190} INFO - [2024-09-13T14:34:37.122+0000] {override.py:1900} INFO - Created Permission View: can create on DAG Run:example_params_ui_tutorial
[2024-09-13T14:34:37.128+0000] {logging_mixin.py:190} INFO - [2024-09-13T14:34:37.127+0000] {override.py:1900} INFO - Created Permission View: menu access on DAG Run:example_params_ui_tutorial
[2024-09-13T14:34:37.133+0000] {logging_mixin.py:190} INFO - [2024-09-13T14:34:37.133+0000] {override.py:1900} INFO - Created Permission View: can read on DAG Run:example_params_ui_tutorial
[2024-09-13T14:34:37.138+0000] {logging_mixin.py:190} INFO - [2024-09-13T14:34:37.138+0000] {override.py:1900} INFO - Created Permission View: can delete on DAG Run:example_params_ui_tutorial
[2024-09-13T14:34:37.138+0000] {logging_mixin.py:190} INFO - [2024-09-13T14:34:37.138+0000] {dag.py:3229} INFO - Sync 1 DAGs
[2024-09-13T14:34:37.148+0000] {logging_mixin.py:190} INFO - [2024-09-13T14:34:37.148+0000] {dag.py:3252} INFO - Creating ORM DAG for example_params_ui_tutorial
[2024-09-13T14:34:37.148+0000] {logging_mixin.py:190} INFO - [2024-09-13T14:34:37.148+0000] {dag.py:4156} INFO - Setting next_dagrun for example_params_ui_tutorial to None, run_after=None
[2024-09-13T14:34:37.164+0000] {processor.py:208} INFO - Processing /home/airflow/.local/lib/python3.12/site-packages/airflow/example_dags/example_params_ui_tutorial.py took 0.197 seconds
[2024-09-13T14:35:07.343+0000] {processor.py:186} INFO - Started process (PID=155) to work on /home/airflow/.local/lib/python3.12/site-packages/airflow/example_dags/example_params_ui_tutorial.py
[2024-09-13T14:35:07.344+0000] {processor.py:914} INFO - Processing file /home/airflow/.local/lib/python3.12/site-packages/airflow/example_dags/example_params_ui_tutorial.py for tasks to queue
[2024-09-13T14:35:07.346+0000] {logging_mixin.py:190} INFO - [2024-09-13T14:35:07.346+0000] {dagbag.py:587} INFO - Filling up the DagBag from /home/airflow/.local/lib/python3.12/site-packages/airflow/example_dags/example_params_ui_tutorial.py
[2024-09-13T14:35:07.354+0000] {processor.py:925} INFO - DAG(s) 'example_params_ui_tutorial' retrieved from /home/airflow/.local/lib/python3.12/site-packages/airflow/example_dags/example_params_ui_tutorial.py
[2024-09-13T14:35:07.400+0000] {logging_mixin.py:190} INFO - [2024-09-13T14:35:07.399+0000] {dag.py:3229} INFO - Sync 1 DAGs
[2024-09-13T14:35:07.413+0000] {logging_mixin.py:190} INFO - [2024-09-13T14:35:07.412+0000] {dag.py:4156} INFO - Setting next_dagrun for example_params_ui_tutorial to None, run_after=None
[2024-09-13T14:35:07.431+0000] {processor.py:208} INFO - Processing /home/airflow/.local/lib/python3.12/site-packages/airflow/example_dags/example_params_ui_tutorial.py took 0.093 seconds
[2024-09-13T14:35:37.648+0000] {processor.py:186} INFO - Started process (PID=216) to work on /home/airflow/.local/lib/python3.12/site-packages/airflow/example_dags/example_params_ui_tutorial.py
[2024-09-13T14:35:37.648+0000] {processor.py:914} INFO - Processing file /home/airflow/.local/lib/python3.12/site-packages/airflow/example_dags/example_params_ui_tutorial.py for tasks to queue
[2024-09-13T14:35:37.650+0000] {logging_mixin.py:190} INFO - [2024-09-13T14:35:37.650+0000] {dagbag.py:587} INFO - Filling up the DagBag from /home/airflow/.local/lib/python3.12/site-packages/airflow/example_dags/example_params_ui_tutorial.py
[2024-09-13T14:35:37.658+0000] {processor.py:925} INFO - DAG(s) 'example_params_ui_tutorial' retrieved from /home/airflow/.local/lib/python3.12/site-packages/airflow/example_dags/example_params_ui_tutorial.py
[2024-09-13T14:35:37.696+0000] {logging_mixin.py:190} INFO - [2024-09-13T14:35:37.696+0000] {dag.py:3229} INFO - Sync 1 DAGs
[2024-09-13T14:35:37.709+0000] {logging_mixin.py:190} INFO - [2024-09-13T14:35:37.709+0000] {dag.py:4156} INFO - Setting next_dagrun for example_params_ui_tutorial to None, run_after=None
[2024-09-13T14:35:37.725+0000] {processor.py:208} INFO - Processing /home/airflow/.local/lib/python3.12/site-packages/airflow/example_dags/example_params_ui_tutorial.py took 0.083 seconds
[2024-09-13T14:36:08.010+0000] {processor.py:186} INFO - Started process (PID=278) to work on /home/airflow/.local/lib/python3.12/site-packages/airflow/example_dags/example_params_ui_tutorial.py
[2024-09-13T14:36:08.010+0000] {processor.py:914} INFO - Processing file /home/airflow/.local/lib/python3.12/site-packages/airflow/example_dags/example_params_ui_tutorial.py for tasks to queue
[2024-09-13T14:36:08.012+0000] {logging_mixin.py:190} INFO - [2024-09-13T14:36:08.012+0000] {dagbag.py:587} INFO - Filling up the DagBag from /home/airflow/.local/lib/python3.12/site-packages/airflow/example_dags/example_params_ui_tutorial.py
[2024-09-13T14:36:08.020+0000] {processor.py:925} INFO - DAG(s) 'example_params_ui_tutorial' retrieved from /home/airflow/.local/lib/python3.12/site-packages/airflow/example_dags/example_params_ui_tutorial.py
[2024-09-13T14:36:08.060+0000] {logging_mixin.py:190} INFO - [2024-09-13T14:36:08.060+0000] {dag.py:3229} INFO - Sync 1 DAGs
[2024-09-13T14:36:08.072+0000] {logging_mixin.py:190} INFO - [2024-09-13T14:36:08.072+0000] {dag.py:4156} INFO - Setting next_dagrun for example_params_ui_tutorial to None, run_after=None
[2024-09-13T14:36:08.089+0000] {processor.py:208} INFO - Processing /home/airflow/.local/lib/python3.12/site-packages/airflow/example_dags/example_params_ui_tutorial.py took 0.085 seconds
[2024-09-13T14:36:38.291+0000] {processor.py:186} INFO - Started process (PID=340) to work on /home/airflow/.local/lib/python3.12/site-packages/airflow/example_dags/example_params_ui_tutorial.py
[2024-09-13T14:36:38.292+0000] {processor.py:914} INFO - Processing file /home/airflow/.local/lib/python3.12/site-packages/airflow/example_dags/example_params_ui_tutorial.py for tasks to queue
[2024-09-13T14:36:38.295+0000] {logging_mixin.py:190} INFO - [2024-09-13T14:36:38.294+0000] {dagbag.py:587} INFO - Filling up the DagBag from /home/airflow/.local/lib/python3.12/site-packages/airflow/example_dags/example_params_ui_tutorial.py
[2024-09-13T14:36:38.302+0000] {processor.py:925} INFO - DAG(s) 'example_params_ui_tutorial' retrieved from /home/airflow/.local/lib/python3.12/site-packages/airflow/example_dags/example_params_ui_tutorial.py
[2024-09-13T14:36:38.342+0000] {logging_mixin.py:190} INFO - [2024-09-13T14:36:38.341+0000] {dag.py:3229} INFO - Sync 1 DAGs
[2024-09-13T14:36:38.356+0000] {logging_mixin.py:190} INFO - [2024-09-13T14:36:38.355+0000] {dag.py:4156} INFO - Setting next_dagrun for example_params_ui_tutorial to None, run_after=None
[2024-09-13T14:36:38.372+0000] {processor.py:208} INFO - Processing /home/airflow/.local/lib/python3.12/site-packages/airflow/example_dags/example_params_ui_tutorial.py took 0.086 seconds
[2024-09-13T14:37:09.111+0000] {processor.py:186} INFO - Started process (PID=402) to work on /home/airflow/.local/lib/python3.12/site-packages/airflow/example_dags/example_params_ui_tutorial.py
[2024-09-13T14:37:09.112+0000] {processor.py:914} INFO - Processing file /home/airflow/.local/lib/python3.12/site-packages/airflow/example_dags/example_params_ui_tutorial.py for tasks to queue
[2024-09-13T14:37:09.114+0000] {logging_mixin.py:190} INFO - [2024-09-13T14:37:09.113+0000] {dagbag.py:587} INFO - Filling up the DagBag from /home/airflow/.local/lib/python3.12/site-packages/airflow/example_dags/example_params_ui_tutorial.py
[2024-09-13T14:37:09.121+0000] {processor.py:925} INFO - DAG(s) 'example_params_ui_tutorial' retrieved from /home/airflow/.local/lib/python3.12/site-packages/airflow/example_dags/example_params_ui_tutorial.py
[2024-09-13T14:37:09.158+0000] {logging_mixin.py:190} INFO - [2024-09-13T14:37:09.158+0000] {dag.py:3229} INFO - Sync 1 DAGs
[2024-09-13T14:37:09.171+0000] {logging_mixin.py:190} INFO - [2024-09-13T14:37:09.171+0000] {dag.py:4156} INFO - Setting next_dagrun for example_params_ui_tutorial to None, run_after=None
[2024-09-13T14:37:09.188+0000] {processor.py:208} INFO - Processing /home/airflow/.local/lib/python3.12/site-packages/airflow/example_dags/example_params_ui_tutorial.py took 0.082 seconds
[2024-09-13T14:37:40.056+0000] {processor.py:186} INFO - Started process (PID=464) to work on /home/airflow/.local/lib/python3.12/site-packages/airflow/example_dags/example_params_ui_tutorial.py
[2024-09-13T14:37:40.056+0000] {processor.py:914} INFO - Processing file /home/airflow/.local/lib/python3.12/site-packages/airflow/example_dags/example_params_ui_tutorial.py for tasks to queue
[2024-09-13T14:37:40.058+0000] {logging_mixin.py:190} INFO - [2024-09-13T14:37:40.058+0000] {dagbag.py:587} INFO - Filling up the DagBag from /home/airflow/.local/lib/python3.12/site-packages/airflow/example_dags/example_params_ui_tutorial.py
[2024-09-13T14:37:40.066+0000] {processor.py:925} INFO - DAG(s) 'example_params_ui_tutorial' retrieved from /home/airflow/.local/lib/python3.12/site-packages/airflow/example_dags/example_params_ui_tutorial.py
[2024-09-13T14:37:40.108+0000] {logging_mixin.py:190} INFO - [2024-09-13T14:37:40.108+0000] {dag.py:3229} INFO - Sync 1 DAGs
[2024-09-13T14:37:40.122+0000] {logging_mixin.py:190} INFO - [2024-09-13T14:37:40.121+0000] {dag.py:4156} INFO - Setting next_dagrun for example_params_ui_tutorial to None, run_after=None
[2024-09-13T14:37:40.138+0000] {processor.py:208} INFO - Processing /home/airflow/.local/lib/python3.12/site-packages/airflow/example_dags/example_params_ui_tutorial.py took 0.087 seconds
[2024-09-13T14:38:10.424+0000] {processor.py:186} INFO - Started process (PID=526) to work on /home/airflow/.local/lib/python3.12/site-packages/airflow/example_dags/example_params_ui_tutorial.py
[2024-09-13T14:38:10.425+0000] {processor.py:914} INFO - Processing file /home/airflow/.local/lib/python3.12/site-packages/airflow/example_dags/example_params_ui_tutorial.py for tasks to queue
[2024-09-13T14:38:10.427+0000] {logging_mixin.py:190} INFO - [2024-09-13T14:38:10.427+0000] {dagbag.py:587} INFO - Filling up the DagBag from /home/airflow/.local/lib/python3.12/site-packages/airflow/example_dags/example_params_ui_tutorial.py
[2024-09-13T14:38:10.435+0000] {processor.py:925} INFO - DAG(s) 'example_params_ui_tutorial' retrieved from /home/airflow/.local/lib/python3.12/site-packages/airflow/example_dags/example_params_ui_tutorial.py
[2024-09-13T14:38:10.472+0000] {logging_mixin.py:190} INFO - [2024-09-13T14:38:10.472+0000] {dag.py:3229} INFO - Sync 1 DAGs
[2024-09-13T14:38:10.485+0000] {logging_mixin.py:190} INFO - [2024-09-13T14:38:10.484+0000] {dag.py:4156} INFO - Setting next_dagrun for example_params_ui_tutorial to None, run_after=None
[2024-09-13T14:38:10.501+0000] {processor.py:208} INFO - Processing /home/airflow/.local/lib/python3.12/site-packages/airflow/example_dags/example_params_ui_tutorial.py took 0.082 seconds
[2024-09-13T14:39:32.850+0000] {processor.py:186} INFO - Started process (PID=87) to work on /home/airflow/.local/lib/python3.12/site-packages/airflow/example_dags/example_params_ui_tutorial.py
[2024-09-13T14:39:32.851+0000] {processor.py:914} INFO - Processing file /home/airflow/.local/lib/python3.12/site-packages/airflow/example_dags/example_params_ui_tutorial.py for tasks to queue
[2024-09-13T14:39:32.853+0000] {logging_mixin.py:190} INFO - [2024-09-13T14:39:32.853+0000] {dagbag.py:587} INFO - Filling up the DagBag from /home/airflow/.local/lib/python3.12/site-packages/airflow/example_dags/example_params_ui_tutorial.py
[2024-09-13T14:39:32.863+0000] {processor.py:925} INFO - DAG(s) 'example_params_ui_tutorial' retrieved from /home/airflow/.local/lib/python3.12/site-packages/airflow/example_dags/example_params_ui_tutorial.py
[2024-09-13T14:39:32.907+0000] {logging_mixin.py:190} INFO - [2024-09-13T14:39:32.907+0000] {dag.py:3229} INFO - Sync 1 DAGs
[2024-09-13T14:39:32.922+0000] {logging_mixin.py:190} INFO - [2024-09-13T14:39:32.922+0000] {dag.py:4156} INFO - Setting next_dagrun for example_params_ui_tutorial to None, run_after=None
[2024-09-13T14:39:32.946+0000] {processor.py:208} INFO - Processing /home/airflow/.local/lib/python3.12/site-packages/airflow/example_dags/example_params_ui_tutorial.py took 0.100 seconds
[2024-09-13T14:40:03.908+0000] {processor.py:186} INFO - Started process (PID=149) to work on /home/airflow/.local/lib/python3.12/site-packages/airflow/example_dags/example_params_ui_tutorial.py
[2024-09-13T14:40:03.908+0000] {processor.py:914} INFO - Processing file /home/airflow/.local/lib/python3.12/site-packages/airflow/example_dags/example_params_ui_tutorial.py for tasks to queue
[2024-09-13T14:40:03.910+0000] {logging_mixin.py:190} INFO - [2024-09-13T14:40:03.910+0000] {dagbag.py:587} INFO - Filling up the DagBag from /home/airflow/.local/lib/python3.12/site-packages/airflow/example_dags/example_params_ui_tutorial.py
[2024-09-13T14:40:03.918+0000] {processor.py:925} INFO - DAG(s) 'example_params_ui_tutorial' retrieved from /home/airflow/.local/lib/python3.12/site-packages/airflow/example_dags/example_params_ui_tutorial.py
[2024-09-13T14:40:03.955+0000] {logging_mixin.py:190} INFO - [2024-09-13T14:40:03.955+0000] {dag.py:3229} INFO - Sync 1 DAGs
[2024-09-13T14:40:03.968+0000] {logging_mixin.py:190} INFO - [2024-09-13T14:40:03.968+0000] {dag.py:4156} INFO - Setting next_dagrun for example_params_ui_tutorial to None, run_after=None
[2024-09-13T14:40:03.985+0000] {processor.py:208} INFO - Processing /home/airflow/.local/lib/python3.12/site-packages/airflow/example_dags/example_params_ui_tutorial.py took 0.083 seconds
[2024-09-13T14:40:34.191+0000] {processor.py:186} INFO - Started process (PID=211) to work on /home/airflow/.local/lib/python3.12/site-packages/airflow/example_dags/example_params_ui_tutorial.py
[2024-09-13T14:40:34.192+0000] {processor.py:914} INFO - Processing file /home/airflow/.local/lib/python3.12/site-packages/airflow/example_dags/example_params_ui_tutorial.py for tasks to queue
[2024-09-13T14:40:34.194+0000] {logging_mixin.py:190} INFO - [2024-09-13T14:40:34.193+0000] {dagbag.py:587} INFO - Filling up the DagBag from /home/airflow/.local/lib/python3.12/site-packages/airflow/example_dags/example_params_ui_tutorial.py
[2024-09-13T14:40:34.203+0000] {processor.py:925} INFO - DAG(s) 'example_params_ui_tutorial' retrieved from /home/airflow/.local/lib/python3.12/site-packages/airflow/example_dags/example_params_ui_tutorial.py
[2024-09-13T14:40:34.245+0000] {logging_mixin.py:190} INFO - [2024-09-13T14:40:34.245+0000] {dag.py:3229} INFO - Sync 1 DAGs
[2024-09-13T14:40:34.259+0000] {logging_mixin.py:190} INFO - [2024-09-13T14:40:34.259+0000] {dag.py:4156} INFO - Setting next_dagrun for example_params_ui_tutorial to None, run_after=None
[2024-09-13T14:40:34.276+0000] {processor.py:208} INFO - Processing /home/airflow/.local/lib/python3.12/site-packages/airflow/example_dags/example_params_ui_tutorial.py took 0.090 seconds
[2024-09-13T14:41:25.561+0000] {processor.py:186} INFO - Started process (PID=80) to work on /home/airflow/.local/lib/python3.12/site-packages/airflow/example_dags/example_params_ui_tutorial.py
[2024-09-13T14:41:25.562+0000] {processor.py:914} INFO - Processing file /home/airflow/.local/lib/python3.12/site-packages/airflow/example_dags/example_params_ui_tutorial.py for tasks to queue
[2024-09-13T14:41:25.564+0000] {logging_mixin.py:190} INFO - [2024-09-13T14:41:25.564+0000] {dagbag.py:587} INFO - Filling up the DagBag from /home/airflow/.local/lib/python3.12/site-packages/airflow/example_dags/example_params_ui_tutorial.py
[2024-09-13T14:41:25.573+0000] {processor.py:925} INFO - DAG(s) 'example_params_ui_tutorial' retrieved from /home/airflow/.local/lib/python3.12/site-packages/airflow/example_dags/example_params_ui_tutorial.py
[2024-09-13T14:41:25.618+0000] {logging_mixin.py:190} INFO - [2024-09-13T14:41:25.618+0000] {dag.py:3229} INFO - Sync 1 DAGs
[2024-09-13T14:41:25.631+0000] {logging_mixin.py:190} INFO - [2024-09-13T14:41:25.631+0000] {dag.py:4156} INFO - Setting next_dagrun for example_params_ui_tutorial to None, run_after=None
[2024-09-13T14:41:25.648+0000] {processor.py:208} INFO - Processing /home/airflow/.local/lib/python3.12/site-packages/airflow/example_dags/example_params_ui_tutorial.py took 0.091 seconds
[2024-09-13T14:41:56.632+0000] {processor.py:186} INFO - Started process (PID=142) to work on /home/airflow/.local/lib/python3.12/site-packages/airflow/example_dags/example_params_ui_tutorial.py
[2024-09-13T14:41:56.633+0000] {processor.py:914} INFO - Processing file /home/airflow/.local/lib/python3.12/site-packages/airflow/example_dags/example_params_ui_tutorial.py for tasks to queue
[2024-09-13T14:41:56.635+0000] {logging_mixin.py:190} INFO - [2024-09-13T14:41:56.635+0000] {dagbag.py:587} INFO - Filling up the DagBag from /home/airflow/.local/lib/python3.12/site-packages/airflow/example_dags/example_params_ui_tutorial.py
[2024-09-13T14:41:56.643+0000] {processor.py:925} INFO - DAG(s) 'example_params_ui_tutorial' retrieved from /home/airflow/.local/lib/python3.12/site-packages/airflow/example_dags/example_params_ui_tutorial.py
[2024-09-13T14:41:56.682+0000] {logging_mixin.py:190} INFO - [2024-09-13T14:41:56.682+0000] {dag.py:3229} INFO - Sync 1 DAGs
[2024-09-13T14:41:56.695+0000] {logging_mixin.py:190} INFO - [2024-09-13T14:41:56.695+0000] {dag.py:4156} INFO - Setting next_dagrun for example_params_ui_tutorial to None, run_after=None
[2024-09-13T14:41:56.713+0000] {processor.py:208} INFO - Processing /home/airflow/.local/lib/python3.12/site-packages/airflow/example_dags/example_params_ui_tutorial.py took 0.086 seconds
[2024-09-13T14:42:27.702+0000] {processor.py:186} INFO - Started process (PID=204) to work on /home/airflow/.local/lib/python3.12/site-packages/airflow/example_dags/example_params_ui_tutorial.py
[2024-09-13T14:42:27.703+0000] {processor.py:914} INFO - Processing file /home/airflow/.local/lib/python3.12/site-packages/airflow/example_dags/example_params_ui_tutorial.py for tasks to queue
[2024-09-13T14:42:27.705+0000] {logging_mixin.py:190} INFO - [2024-09-13T14:42:27.704+0000] {dagbag.py:587} INFO - Filling up the DagBag from /home/airflow/.local/lib/python3.12/site-packages/airflow/example_dags/example_params_ui_tutorial.py
[2024-09-13T14:42:27.713+0000] {processor.py:925} INFO - DAG(s) 'example_params_ui_tutorial' retrieved from /home/airflow/.local/lib/python3.12/site-packages/airflow/example_dags/example_params_ui_tutorial.py
[2024-09-13T14:42:27.753+0000] {logging_mixin.py:190} INFO - [2024-09-13T14:42:27.753+0000] {dag.py:3229} INFO - Sync 1 DAGs
[2024-09-13T14:42:27.768+0000] {logging_mixin.py:190} INFO - [2024-09-13T14:42:27.768+0000] {dag.py:4156} INFO - Setting next_dagrun for example_params_ui_tutorial to None, run_after=None
[2024-09-13T14:42:27.786+0000] {processor.py:208} INFO - Processing /home/airflow/.local/lib/python3.12/site-packages/airflow/example_dags/example_params_ui_tutorial.py took 0.089 seconds
[2024-09-13T14:42:58.726+0000] {processor.py:186} INFO - Started process (PID=266) to work on /home/airflow/.local/lib/python3.12/site-packages/airflow/example_dags/example_params_ui_tutorial.py
[2024-09-13T14:42:58.727+0000] {processor.py:914} INFO - Processing file /home/airflow/.local/lib/python3.12/site-packages/airflow/example_dags/example_params_ui_tutorial.py for tasks to queue
[2024-09-13T14:42:58.729+0000] {logging_mixin.py:190} INFO - [2024-09-13T14:42:58.729+0000] {dagbag.py:587} INFO - Filling up the DagBag from /home/airflow/.local/lib/python3.12/site-packages/airflow/example_dags/example_params_ui_tutorial.py
[2024-09-13T14:42:58.738+0000] {processor.py:925} INFO - DAG(s) 'example_params_ui_tutorial' retrieved from /home/airflow/.local/lib/python3.12/site-packages/airflow/example_dags/example_params_ui_tutorial.py
[2024-09-13T14:42:58.775+0000] {logging_mixin.py:190} INFO - [2024-09-13T14:42:58.775+0000] {dag.py:3229} INFO - Sync 1 DAGs
[2024-09-13T14:42:58.788+0000] {logging_mixin.py:190} INFO - [2024-09-13T14:42:58.788+0000] {dag.py:4156} INFO - Setting next_dagrun for example_params_ui_tutorial to None, run_after=None
[2024-09-13T14:42:58.808+0000] {processor.py:208} INFO - Processing /home/airflow/.local/lib/python3.12/site-packages/airflow/example_dags/example_params_ui_tutorial.py took 0.087 seconds
