[2024-09-13T14:34:35.185+0000] {processor.py:186} INFO - Started process (PID=77) to work on /home/airflow/.local/lib/python3.12/site-packages/airflow/example_dags/example_nested_branch_dag.py
[2024-09-13T14:34:35.186+0000] {processor.py:914} INFO - Processing file /home/airflow/.local/lib/python3.12/site-packages/airflow/example_dags/example_nested_branch_dag.py for tasks to queue
[2024-09-13T14:34:35.188+0000] {logging_mixin.py:190} INFO - [2024-09-13T14:34:35.188+0000] {dagbag.py:587} INFO - Filling up the DagBag from /home/airflow/.local/lib/python3.12/site-packages/airflow/example_dags/example_nested_branch_dag.py
[2024-09-13T14:34:35.200+0000] {processor.py:925} INFO - DAG(s) 'example_nested_branch_dag' retrieved from /home/airflow/.local/lib/python3.12/site-packages/airflow/example_dags/example_nested_branch_dag.py
[2024-09-13T14:34:35.311+0000] {logging_mixin.py:190} INFO - [2024-09-13T14:34:35.310+0000] {override.py:1900} INFO - Created Permission View: can read on DAG:example_nested_branch_dag
[2024-09-13T14:34:35.320+0000] {logging_mixin.py:190} INFO - [2024-09-13T14:34:35.319+0000] {override.py:1900} INFO - Created Permission View: can delete on DAG:example_nested_branch_dag
[2024-09-13T14:34:35.326+0000] {logging_mixin.py:190} INFO - [2024-09-13T14:34:35.325+0000] {override.py:1900} INFO - Created Permission View: can edit on DAG:example_nested_branch_dag
[2024-09-13T14:34:35.332+0000] {logging_mixin.py:190} INFO - [2024-09-13T14:34:35.332+0000] {override.py:1900} INFO - Created Permission View: can create on DAG Run:example_nested_branch_dag
[2024-09-13T14:34:35.338+0000] {logging_mixin.py:190} INFO - [2024-09-13T14:34:35.338+0000] {override.py:1900} INFO - Created Permission View: menu access on DAG Run:example_nested_branch_dag
[2024-09-13T14:34:35.345+0000] {logging_mixin.py:190} INFO - [2024-09-13T14:34:35.344+0000] {override.py:1900} INFO - Created Permission View: can read on DAG Run:example_nested_branch_dag
[2024-09-13T14:34:35.351+0000] {logging_mixin.py:190} INFO - [2024-09-13T14:34:35.350+0000] {override.py:1900} INFO - Created Permission View: can delete on DAG Run:example_nested_branch_dag
[2024-09-13T14:34:35.351+0000] {logging_mixin.py:190} INFO - [2024-09-13T14:34:35.351+0000] {dag.py:3229} INFO - Sync 1 DAGs
[2024-09-13T14:34:35.362+0000] {logging_mixin.py:190} INFO - [2024-09-13T14:34:35.361+0000] {dag.py:3252} INFO - Creating ORM DAG for example_nested_branch_dag
[2024-09-13T14:34:35.371+0000] {logging_mixin.py:190} INFO - [2024-09-13T14:34:35.370+0000] {dag.py:4156} INFO - Setting next_dagrun for example_nested_branch_dag to 2024-09-12 00:00:00+00:00, run_after=2024-09-13 00:00:00+00:00
[2024-09-13T14:34:35.385+0000] {processor.py:208} INFO - Processing /home/airflow/.local/lib/python3.12/site-packages/airflow/example_dags/example_nested_branch_dag.py took 0.206 seconds
[2024-09-13T14:35:05.673+0000] {processor.py:186} INFO - Started process (PID=145) to work on /home/airflow/.local/lib/python3.12/site-packages/airflow/example_dags/example_nested_branch_dag.py
[2024-09-13T14:35:05.674+0000] {processor.py:914} INFO - Processing file /home/airflow/.local/lib/python3.12/site-packages/airflow/example_dags/example_nested_branch_dag.py for tasks to queue
[2024-09-13T14:35:05.677+0000] {logging_mixin.py:190} INFO - [2024-09-13T14:35:05.676+0000] {dagbag.py:587} INFO - Filling up the DagBag from /home/airflow/.local/lib/python3.12/site-packages/airflow/example_dags/example_nested_branch_dag.py
[2024-09-13T14:35:05.687+0000] {processor.py:925} INFO - DAG(s) 'example_nested_branch_dag' retrieved from /home/airflow/.local/lib/python3.12/site-packages/airflow/example_dags/example_nested_branch_dag.py
[2024-09-13T14:35:05.708+0000] {logging_mixin.py:190} INFO - [2024-09-13T14:35:05.708+0000] {dag.py:3229} INFO - Sync 1 DAGs
[2024-09-13T14:35:05.732+0000] {logging_mixin.py:190} INFO - [2024-09-13T14:35:05.731+0000] {dag.py:4156} INFO - Setting next_dagrun for example_nested_branch_dag to 2024-09-12 00:00:00+00:00, run_after=2024-09-13 00:00:00+00:00
[2024-09-13T14:35:05.752+0000] {processor.py:208} INFO - Processing /home/airflow/.local/lib/python3.12/site-packages/airflow/example_dags/example_nested_branch_dag.py took 0.083 seconds
[2024-09-13T14:35:36.111+0000] {processor.py:186} INFO - Started process (PID=207) to work on /home/airflow/.local/lib/python3.12/site-packages/airflow/example_dags/example_nested_branch_dag.py
[2024-09-13T14:35:36.112+0000] {processor.py:914} INFO - Processing file /home/airflow/.local/lib/python3.12/site-packages/airflow/example_dags/example_nested_branch_dag.py for tasks to queue
[2024-09-13T14:35:36.114+0000] {logging_mixin.py:190} INFO - [2024-09-13T14:35:36.114+0000] {dagbag.py:587} INFO - Filling up the DagBag from /home/airflow/.local/lib/python3.12/site-packages/airflow/example_dags/example_nested_branch_dag.py
[2024-09-13T14:35:36.124+0000] {processor.py:925} INFO - DAG(s) 'example_nested_branch_dag' retrieved from /home/airflow/.local/lib/python3.12/site-packages/airflow/example_dags/example_nested_branch_dag.py
[2024-09-13T14:35:36.147+0000] {logging_mixin.py:190} INFO - [2024-09-13T14:35:36.146+0000] {dag.py:3229} INFO - Sync 1 DAGs
[2024-09-13T14:35:36.174+0000] {logging_mixin.py:190} INFO - [2024-09-13T14:35:36.174+0000] {dag.py:4156} INFO - Setting next_dagrun for example_nested_branch_dag to 2024-09-12 00:00:00+00:00, run_after=2024-09-13 00:00:00+00:00
[2024-09-13T14:35:36.196+0000] {processor.py:208} INFO - Processing /home/airflow/.local/lib/python3.12/site-packages/airflow/example_dags/example_nested_branch_dag.py took 0.091 seconds
[2024-09-13T14:36:06.492+0000] {processor.py:186} INFO - Started process (PID=269) to work on /home/airflow/.local/lib/python3.12/site-packages/airflow/example_dags/example_nested_branch_dag.py
[2024-09-13T14:36:06.492+0000] {processor.py:914} INFO - Processing file /home/airflow/.local/lib/python3.12/site-packages/airflow/example_dags/example_nested_branch_dag.py for tasks to queue
[2024-09-13T14:36:06.494+0000] {logging_mixin.py:190} INFO - [2024-09-13T14:36:06.494+0000] {dagbag.py:587} INFO - Filling up the DagBag from /home/airflow/.local/lib/python3.12/site-packages/airflow/example_dags/example_nested_branch_dag.py
[2024-09-13T14:36:06.505+0000] {processor.py:925} INFO - DAG(s) 'example_nested_branch_dag' retrieved from /home/airflow/.local/lib/python3.12/site-packages/airflow/example_dags/example_nested_branch_dag.py
[2024-09-13T14:36:06.524+0000] {logging_mixin.py:190} INFO - [2024-09-13T14:36:06.524+0000] {dag.py:3229} INFO - Sync 1 DAGs
[2024-09-13T14:36:06.546+0000] {logging_mixin.py:190} INFO - [2024-09-13T14:36:06.546+0000] {dag.py:4156} INFO - Setting next_dagrun for example_nested_branch_dag to 2024-09-12 00:00:00+00:00, run_after=2024-09-13 00:00:00+00:00
[2024-09-13T14:36:06.562+0000] {processor.py:208} INFO - Processing /home/airflow/.local/lib/python3.12/site-packages/airflow/example_dags/example_nested_branch_dag.py took 0.076 seconds
[2024-09-13T14:36:36.712+0000] {processor.py:186} INFO - Started process (PID=331) to work on /home/airflow/.local/lib/python3.12/site-packages/airflow/example_dags/example_nested_branch_dag.py
[2024-09-13T14:36:36.713+0000] {processor.py:914} INFO - Processing file /home/airflow/.local/lib/python3.12/site-packages/airflow/example_dags/example_nested_branch_dag.py for tasks to queue
[2024-09-13T14:36:36.715+0000] {logging_mixin.py:190} INFO - [2024-09-13T14:36:36.715+0000] {dagbag.py:587} INFO - Filling up the DagBag from /home/airflow/.local/lib/python3.12/site-packages/airflow/example_dags/example_nested_branch_dag.py
[2024-09-13T14:36:36.727+0000] {processor.py:925} INFO - DAG(s) 'example_nested_branch_dag' retrieved from /home/airflow/.local/lib/python3.12/site-packages/airflow/example_dags/example_nested_branch_dag.py
[2024-09-13T14:36:36.748+0000] {logging_mixin.py:190} INFO - [2024-09-13T14:36:36.748+0000] {dag.py:3229} INFO - Sync 1 DAGs
[2024-09-13T14:36:36.770+0000] {logging_mixin.py:190} INFO - [2024-09-13T14:36:36.770+0000] {dag.py:4156} INFO - Setting next_dagrun for example_nested_branch_dag to 2024-09-12 00:00:00+00:00, run_after=2024-09-13 00:00:00+00:00
[2024-09-13T14:36:36.787+0000] {processor.py:208} INFO - Processing /home/airflow/.local/lib/python3.12/site-packages/airflow/example_dags/example_nested_branch_dag.py took 0.080 seconds
[2024-09-13T14:37:07.601+0000] {processor.py:186} INFO - Started process (PID=393) to work on /home/airflow/.local/lib/python3.12/site-packages/airflow/example_dags/example_nested_branch_dag.py
[2024-09-13T14:37:07.602+0000] {processor.py:914} INFO - Processing file /home/airflow/.local/lib/python3.12/site-packages/airflow/example_dags/example_nested_branch_dag.py for tasks to queue
[2024-09-13T14:37:07.604+0000] {logging_mixin.py:190} INFO - [2024-09-13T14:37:07.604+0000] {dagbag.py:587} INFO - Filling up the DagBag from /home/airflow/.local/lib/python3.12/site-packages/airflow/example_dags/example_nested_branch_dag.py
[2024-09-13T14:37:07.614+0000] {processor.py:925} INFO - DAG(s) 'example_nested_branch_dag' retrieved from /home/airflow/.local/lib/python3.12/site-packages/airflow/example_dags/example_nested_branch_dag.py
[2024-09-13T14:37:07.634+0000] {logging_mixin.py:190} INFO - [2024-09-13T14:37:07.634+0000] {dag.py:3229} INFO - Sync 1 DAGs
[2024-09-13T14:37:07.656+0000] {logging_mixin.py:190} INFO - [2024-09-13T14:37:07.656+0000] {dag.py:4156} INFO - Setting next_dagrun for example_nested_branch_dag to 2024-09-12 00:00:00+00:00, run_after=2024-09-13 00:00:00+00:00
[2024-09-13T14:37:07.674+0000] {processor.py:208} INFO - Processing /home/airflow/.local/lib/python3.12/site-packages/airflow/example_dags/example_nested_branch_dag.py took 0.078 seconds
[2024-09-13T14:37:38.560+0000] {processor.py:186} INFO - Started process (PID=455) to work on /home/airflow/.local/lib/python3.12/site-packages/airflow/example_dags/example_nested_branch_dag.py
[2024-09-13T14:37:38.561+0000] {processor.py:914} INFO - Processing file /home/airflow/.local/lib/python3.12/site-packages/airflow/example_dags/example_nested_branch_dag.py for tasks to queue
[2024-09-13T14:37:38.563+0000] {logging_mixin.py:190} INFO - [2024-09-13T14:37:38.563+0000] {dagbag.py:587} INFO - Filling up the DagBag from /home/airflow/.local/lib/python3.12/site-packages/airflow/example_dags/example_nested_branch_dag.py
[2024-09-13T14:37:38.573+0000] {processor.py:925} INFO - DAG(s) 'example_nested_branch_dag' retrieved from /home/airflow/.local/lib/python3.12/site-packages/airflow/example_dags/example_nested_branch_dag.py
[2024-09-13T14:37:38.592+0000] {logging_mixin.py:190} INFO - [2024-09-13T14:37:38.592+0000] {dag.py:3229} INFO - Sync 1 DAGs
[2024-09-13T14:37:38.611+0000] {logging_mixin.py:190} INFO - [2024-09-13T14:37:38.611+0000] {dag.py:4156} INFO - Setting next_dagrun for example_nested_branch_dag to 2024-09-12 00:00:00+00:00, run_after=2024-09-13 00:00:00+00:00
[2024-09-13T14:37:38.627+0000] {processor.py:208} INFO - Processing /home/airflow/.local/lib/python3.12/site-packages/airflow/example_dags/example_nested_branch_dag.py took 0.072 seconds
[2024-09-13T14:38:08.885+0000] {processor.py:186} INFO - Started process (PID=517) to work on /home/airflow/.local/lib/python3.12/site-packages/airflow/example_dags/example_nested_branch_dag.py
[2024-09-13T14:38:08.885+0000] {processor.py:914} INFO - Processing file /home/airflow/.local/lib/python3.12/site-packages/airflow/example_dags/example_nested_branch_dag.py for tasks to queue
[2024-09-13T14:38:08.888+0000] {logging_mixin.py:190} INFO - [2024-09-13T14:38:08.887+0000] {dagbag.py:587} INFO - Filling up the DagBag from /home/airflow/.local/lib/python3.12/site-packages/airflow/example_dags/example_nested_branch_dag.py
[2024-09-13T14:38:08.898+0000] {processor.py:925} INFO - DAG(s) 'example_nested_branch_dag' retrieved from /home/airflow/.local/lib/python3.12/site-packages/airflow/example_dags/example_nested_branch_dag.py
[2024-09-13T14:38:08.920+0000] {logging_mixin.py:190} INFO - [2024-09-13T14:38:08.920+0000] {dag.py:3229} INFO - Sync 1 DAGs
[2024-09-13T14:38:08.944+0000] {logging_mixin.py:190} INFO - [2024-09-13T14:38:08.944+0000] {dag.py:4156} INFO - Setting next_dagrun for example_nested_branch_dag to 2024-09-12 00:00:00+00:00, run_after=2024-09-13 00:00:00+00:00
[2024-09-13T14:38:08.962+0000] {processor.py:208} INFO - Processing /home/airflow/.local/lib/python3.12/site-packages/airflow/example_dags/example_nested_branch_dag.py took 0.083 seconds
[2024-09-13T14:39:32.124+0000] {processor.py:186} INFO - Started process (PID=77) to work on /home/airflow/.local/lib/python3.12/site-packages/airflow/example_dags/example_nested_branch_dag.py
[2024-09-13T14:39:32.125+0000] {processor.py:914} INFO - Processing file /home/airflow/.local/lib/python3.12/site-packages/airflow/example_dags/example_nested_branch_dag.py for tasks to queue
[2024-09-13T14:39:32.127+0000] {logging_mixin.py:190} INFO - [2024-09-13T14:39:32.126+0000] {dagbag.py:587} INFO - Filling up the DagBag from /home/airflow/.local/lib/python3.12/site-packages/airflow/example_dags/example_nested_branch_dag.py
[2024-09-13T14:39:32.137+0000] {processor.py:925} INFO - DAG(s) 'example_nested_branch_dag' retrieved from /home/airflow/.local/lib/python3.12/site-packages/airflow/example_dags/example_nested_branch_dag.py
[2024-09-13T14:39:32.166+0000] {logging_mixin.py:190} INFO - [2024-09-13T14:39:32.166+0000] {dag.py:3229} INFO - Sync 1 DAGs
[2024-09-13T14:39:32.189+0000] {logging_mixin.py:190} INFO - [2024-09-13T14:39:32.189+0000] {dag.py:4156} INFO - Setting next_dagrun for example_nested_branch_dag to 2024-09-12 00:00:00+00:00, run_after=2024-09-13 00:00:00+00:00
[2024-09-13T14:39:32.206+0000] {processor.py:208} INFO - Processing /home/airflow/.local/lib/python3.12/site-packages/airflow/example_dags/example_nested_branch_dag.py took 0.090 seconds
[2024-09-13T14:40:02.297+0000] {processor.py:186} INFO - Started process (PID=139) to work on /home/airflow/.local/lib/python3.12/site-packages/airflow/example_dags/example_nested_branch_dag.py
[2024-09-13T14:40:02.298+0000] {processor.py:914} INFO - Processing file /home/airflow/.local/lib/python3.12/site-packages/airflow/example_dags/example_nested_branch_dag.py for tasks to queue
[2024-09-13T14:40:02.300+0000] {logging_mixin.py:190} INFO - [2024-09-13T14:40:02.300+0000] {dagbag.py:587} INFO - Filling up the DagBag from /home/airflow/.local/lib/python3.12/site-packages/airflow/example_dags/example_nested_branch_dag.py
[2024-09-13T14:40:02.312+0000] {processor.py:925} INFO - DAG(s) 'example_nested_branch_dag' retrieved from /home/airflow/.local/lib/python3.12/site-packages/airflow/example_dags/example_nested_branch_dag.py
[2024-09-13T14:40:02.335+0000] {logging_mixin.py:190} INFO - [2024-09-13T14:40:02.335+0000] {dag.py:3229} INFO - Sync 1 DAGs
[2024-09-13T14:40:02.357+0000] {logging_mixin.py:190} INFO - [2024-09-13T14:40:02.357+0000] {dag.py:4156} INFO - Setting next_dagrun for example_nested_branch_dag to 2024-09-12 00:00:00+00:00, run_after=2024-09-13 00:00:00+00:00
[2024-09-13T14:40:02.376+0000] {processor.py:208} INFO - Processing /home/airflow/.local/lib/python3.12/site-packages/airflow/example_dags/example_nested_branch_dag.py took 0.084 seconds
[2024-09-13T14:40:33.476+0000] {processor.py:186} INFO - Started process (PID=201) to work on /home/airflow/.local/lib/python3.12/site-packages/airflow/example_dags/example_nested_branch_dag.py
[2024-09-13T14:40:33.477+0000] {processor.py:914} INFO - Processing file /home/airflow/.local/lib/python3.12/site-packages/airflow/example_dags/example_nested_branch_dag.py for tasks to queue
[2024-09-13T14:40:33.479+0000] {logging_mixin.py:190} INFO - [2024-09-13T14:40:33.479+0000] {dagbag.py:587} INFO - Filling up the DagBag from /home/airflow/.local/lib/python3.12/site-packages/airflow/example_dags/example_nested_branch_dag.py
[2024-09-13T14:40:33.489+0000] {processor.py:925} INFO - DAG(s) 'example_nested_branch_dag' retrieved from /home/airflow/.local/lib/python3.12/site-packages/airflow/example_dags/example_nested_branch_dag.py
[2024-09-13T14:40:33.509+0000] {logging_mixin.py:190} INFO - [2024-09-13T14:40:33.509+0000] {dag.py:3229} INFO - Sync 1 DAGs
[2024-09-13T14:40:33.533+0000] {logging_mixin.py:190} INFO - [2024-09-13T14:40:33.533+0000] {dag.py:4156} INFO - Setting next_dagrun for example_nested_branch_dag to 2024-09-12 00:00:00+00:00, run_after=2024-09-13 00:00:00+00:00
[2024-09-13T14:40:33.552+0000] {processor.py:208} INFO - Processing /home/airflow/.local/lib/python3.12/site-packages/airflow/example_dags/example_nested_branch_dag.py took 0.081 seconds
[2024-09-13T14:41:24.835+0000] {processor.py:186} INFO - Started process (PID=70) to work on /home/airflow/.local/lib/python3.12/site-packages/airflow/example_dags/example_nested_branch_dag.py
[2024-09-13T14:41:24.837+0000] {processor.py:914} INFO - Processing file /home/airflow/.local/lib/python3.12/site-packages/airflow/example_dags/example_nested_branch_dag.py for tasks to queue
[2024-09-13T14:41:24.839+0000] {logging_mixin.py:190} INFO - [2024-09-13T14:41:24.839+0000] {dagbag.py:587} INFO - Filling up the DagBag from /home/airflow/.local/lib/python3.12/site-packages/airflow/example_dags/example_nested_branch_dag.py
[2024-09-13T14:41:24.850+0000] {processor.py:925} INFO - DAG(s) 'example_nested_branch_dag' retrieved from /home/airflow/.local/lib/python3.12/site-packages/airflow/example_dags/example_nested_branch_dag.py
[2024-09-13T14:41:24.880+0000] {logging_mixin.py:190} INFO - [2024-09-13T14:41:24.879+0000] {dag.py:3229} INFO - Sync 1 DAGs
[2024-09-13T14:41:24.905+0000] {logging_mixin.py:190} INFO - [2024-09-13T14:41:24.905+0000] {dag.py:4156} INFO - Setting next_dagrun for example_nested_branch_dag to 2024-09-12 00:00:00+00:00, run_after=2024-09-13 00:00:00+00:00
[2024-09-13T14:41:24.932+0000] {processor.py:208} INFO - Processing /home/airflow/.local/lib/python3.12/site-packages/airflow/example_dags/example_nested_branch_dag.py took 0.102 seconds
[2024-09-13T14:41:55.865+0000] {processor.py:186} INFO - Started process (PID=132) to work on /home/airflow/.local/lib/python3.12/site-packages/airflow/example_dags/example_nested_branch_dag.py
[2024-09-13T14:41:55.866+0000] {processor.py:914} INFO - Processing file /home/airflow/.local/lib/python3.12/site-packages/airflow/example_dags/example_nested_branch_dag.py for tasks to queue
[2024-09-13T14:41:55.868+0000] {logging_mixin.py:190} INFO - [2024-09-13T14:41:55.868+0000] {dagbag.py:587} INFO - Filling up the DagBag from /home/airflow/.local/lib/python3.12/site-packages/airflow/example_dags/example_nested_branch_dag.py
[2024-09-13T14:41:55.878+0000] {processor.py:925} INFO - DAG(s) 'example_nested_branch_dag' retrieved from /home/airflow/.local/lib/python3.12/site-packages/airflow/example_dags/example_nested_branch_dag.py
[2024-09-13T14:41:55.899+0000] {logging_mixin.py:190} INFO - [2024-09-13T14:41:55.899+0000] {dag.py:3229} INFO - Sync 1 DAGs
[2024-09-13T14:41:55.920+0000] {logging_mixin.py:190} INFO - [2024-09-13T14:41:55.920+0000] {dag.py:4156} INFO - Setting next_dagrun for example_nested_branch_dag to 2024-09-12 00:00:00+00:00, run_after=2024-09-13 00:00:00+00:00
[2024-09-13T14:41:55.937+0000] {processor.py:208} INFO - Processing /home/airflow/.local/lib/python3.12/site-packages/airflow/example_dags/example_nested_branch_dag.py took 0.077 seconds
[2024-09-13T14:42:26.869+0000] {processor.py:186} INFO - Started process (PID=194) to work on /home/airflow/.local/lib/python3.12/site-packages/airflow/example_dags/example_nested_branch_dag.py
[2024-09-13T14:42:26.870+0000] {processor.py:914} INFO - Processing file /home/airflow/.local/lib/python3.12/site-packages/airflow/example_dags/example_nested_branch_dag.py for tasks to queue
[2024-09-13T14:42:26.872+0000] {logging_mixin.py:190} INFO - [2024-09-13T14:42:26.872+0000] {dagbag.py:587} INFO - Filling up the DagBag from /home/airflow/.local/lib/python3.12/site-packages/airflow/example_dags/example_nested_branch_dag.py
[2024-09-13T14:42:26.884+0000] {processor.py:925} INFO - DAG(s) 'example_nested_branch_dag' retrieved from /home/airflow/.local/lib/python3.12/site-packages/airflow/example_dags/example_nested_branch_dag.py
[2024-09-13T14:42:26.903+0000] {logging_mixin.py:190} INFO - [2024-09-13T14:42:26.903+0000] {dag.py:3229} INFO - Sync 1 DAGs
[2024-09-13T14:42:26.924+0000] {logging_mixin.py:190} INFO - [2024-09-13T14:42:26.924+0000] {dag.py:4156} INFO - Setting next_dagrun for example_nested_branch_dag to 2024-09-12 00:00:00+00:00, run_after=2024-09-13 00:00:00+00:00
[2024-09-13T14:42:26.942+0000] {processor.py:208} INFO - Processing /home/airflow/.local/lib/python3.12/site-packages/airflow/example_dags/example_nested_branch_dag.py took 0.079 seconds
[2024-09-13T14:42:57.997+0000] {processor.py:186} INFO - Started process (PID=256) to work on /home/airflow/.local/lib/python3.12/site-packages/airflow/example_dags/example_nested_branch_dag.py
[2024-09-13T14:42:57.998+0000] {processor.py:914} INFO - Processing file /home/airflow/.local/lib/python3.12/site-packages/airflow/example_dags/example_nested_branch_dag.py for tasks to queue
[2024-09-13T14:42:58.001+0000] {logging_mixin.py:190} INFO - [2024-09-13T14:42:58.000+0000] {dagbag.py:587} INFO - Filling up the DagBag from /home/airflow/.local/lib/python3.12/site-packages/airflow/example_dags/example_nested_branch_dag.py
[2024-09-13T14:42:58.013+0000] {processor.py:925} INFO - DAG(s) 'example_nested_branch_dag' retrieved from /home/airflow/.local/lib/python3.12/site-packages/airflow/example_dags/example_nested_branch_dag.py
[2024-09-13T14:42:58.041+0000] {logging_mixin.py:190} INFO - [2024-09-13T14:42:58.040+0000] {dag.py:3229} INFO - Sync 1 DAGs
[2024-09-13T14:42:58.069+0000] {logging_mixin.py:190} INFO - [2024-09-13T14:42:58.068+0000] {dag.py:4156} INFO - Setting next_dagrun for example_nested_branch_dag to 2024-09-12 00:00:00+00:00, run_after=2024-09-13 00:00:00+00:00
[2024-09-13T14:42:58.092+0000] {processor.py:208} INFO - Processing /home/airflow/.local/lib/python3.12/site-packages/airflow/example_dags/example_nested_branch_dag.py took 0.102 seconds
