[2024-09-13T14:34:38.972+0000] {processor.py:186} INFO - Started process (PID=108) to work on /home/airflow/.local/lib/python3.12/site-packages/airflow/example_dags/example_bash_decorator.py
[2024-09-13T14:34:38.973+0000] {processor.py:914} INFO - Processing file /home/airflow/.local/lib/python3.12/site-packages/airflow/example_dags/example_bash_decorator.py for tasks to queue
[2024-09-13T14:34:38.975+0000] {logging_mixin.py:190} INFO - [2024-09-13T14:34:38.974+0000] {dagbag.py:587} INFO - Filling up the DagBag from /home/airflow/.local/lib/python3.12/site-packages/airflow/example_dags/example_bash_decorator.py
[2024-09-13T14:34:38.989+0000] {processor.py:925} INFO - DAG(s) 'example_bash_decorator' retrieved from /home/airflow/.local/lib/python3.12/site-packages/airflow/example_dags/example_bash_decorator.py
[2024-09-13T14:34:39.089+0000] {logging_mixin.py:190} INFO - [2024-09-13T14:34:39.088+0000] {override.py:1900} INFO - Created Permission View: can read on DAG:example_bash_decorator
[2024-09-13T14:34:39.097+0000] {logging_mixin.py:190} INFO - [2024-09-13T14:34:39.097+0000] {override.py:1900} INFO - Created Permission View: can delete on DAG:example_bash_decorator
[2024-09-13T14:34:39.103+0000] {logging_mixin.py:190} INFO - [2024-09-13T14:34:39.103+0000] {override.py:1900} INFO - Created Permission View: can edit on DAG:example_bash_decorator
[2024-09-13T14:34:39.109+0000] {logging_mixin.py:190} INFO - [2024-09-13T14:34:39.109+0000] {override.py:1900} INFO - Created Permission View: can create on DAG Run:example_bash_decorator
[2024-09-13T14:34:39.115+0000] {logging_mixin.py:190} INFO - [2024-09-13T14:34:39.114+0000] {override.py:1900} INFO - Created Permission View: menu access on DAG Run:example_bash_decorator
[2024-09-13T14:34:39.120+0000] {logging_mixin.py:190} INFO - [2024-09-13T14:34:39.120+0000] {override.py:1900} INFO - Created Permission View: can read on DAG Run:example_bash_decorator
[2024-09-13T14:34:39.126+0000] {logging_mixin.py:190} INFO - [2024-09-13T14:34:39.125+0000] {override.py:1900} INFO - Created Permission View: can delete on DAG Run:example_bash_decorator
[2024-09-13T14:34:39.126+0000] {logging_mixin.py:190} INFO - [2024-09-13T14:34:39.126+0000] {dag.py:3229} INFO - Sync 1 DAGs
[2024-09-13T14:34:39.138+0000] {logging_mixin.py:190} INFO - [2024-09-13T14:34:39.138+0000] {dag.py:3252} INFO - Creating ORM DAG for example_bash_decorator
[2024-09-13T14:34:39.138+0000] {logging_mixin.py:190} INFO - [2024-09-13T14:34:39.138+0000] {dag.py:4156} INFO - Setting next_dagrun for example_bash_decorator to None, run_after=None
[2024-09-13T14:34:39.152+0000] {processor.py:208} INFO - Processing /home/airflow/.local/lib/python3.12/site-packages/airflow/example_dags/example_bash_decorator.py took 0.186 seconds
[2024-09-13T14:35:09.727+0000] {processor.py:186} INFO - Started process (PID=170) to work on /home/airflow/.local/lib/python3.12/site-packages/airflow/example_dags/example_bash_decorator.py
[2024-09-13T14:35:09.728+0000] {processor.py:914} INFO - Processing file /home/airflow/.local/lib/python3.12/site-packages/airflow/example_dags/example_bash_decorator.py for tasks to queue
[2024-09-13T14:35:09.730+0000] {logging_mixin.py:190} INFO - [2024-09-13T14:35:09.730+0000] {dagbag.py:587} INFO - Filling up the DagBag from /home/airflow/.local/lib/python3.12/site-packages/airflow/example_dags/example_bash_decorator.py
[2024-09-13T14:35:09.743+0000] {processor.py:925} INFO - DAG(s) 'example_bash_decorator' retrieved from /home/airflow/.local/lib/python3.12/site-packages/airflow/example_dags/example_bash_decorator.py
[2024-09-13T14:35:09.766+0000] {logging_mixin.py:190} INFO - [2024-09-13T14:35:09.766+0000] {dag.py:3229} INFO - Sync 1 DAGs
[2024-09-13T14:35:09.779+0000] {logging_mixin.py:190} INFO - [2024-09-13T14:35:09.779+0000] {dag.py:4156} INFO - Setting next_dagrun for example_bash_decorator to None, run_after=None
[2024-09-13T14:35:09.795+0000] {processor.py:208} INFO - Processing /home/airflow/.local/lib/python3.12/site-packages/airflow/example_dags/example_bash_decorator.py took 0.074 seconds
[2024-09-13T14:35:40.251+0000] {processor.py:186} INFO - Started process (PID=232) to work on /home/airflow/.local/lib/python3.12/site-packages/airflow/example_dags/example_bash_decorator.py
[2024-09-13T14:35:40.252+0000] {processor.py:914} INFO - Processing file /home/airflow/.local/lib/python3.12/site-packages/airflow/example_dags/example_bash_decorator.py for tasks to queue
[2024-09-13T14:35:40.255+0000] {logging_mixin.py:190} INFO - [2024-09-13T14:35:40.254+0000] {dagbag.py:587} INFO - Filling up the DagBag from /home/airflow/.local/lib/python3.12/site-packages/airflow/example_dags/example_bash_decorator.py
[2024-09-13T14:35:40.270+0000] {processor.py:925} INFO - DAG(s) 'example_bash_decorator' retrieved from /home/airflow/.local/lib/python3.12/site-packages/airflow/example_dags/example_bash_decorator.py
[2024-09-13T14:35:40.296+0000] {logging_mixin.py:190} INFO - [2024-09-13T14:35:40.295+0000] {dag.py:3229} INFO - Sync 1 DAGs
[2024-09-13T14:35:40.308+0000] {logging_mixin.py:190} INFO - [2024-09-13T14:35:40.308+0000] {dag.py:4156} INFO - Setting next_dagrun for example_bash_decorator to None, run_after=None
[2024-09-13T14:35:40.329+0000] {processor.py:208} INFO - Processing /home/airflow/.local/lib/python3.12/site-packages/airflow/example_dags/example_bash_decorator.py took 0.083 seconds
[2024-09-13T14:36:10.540+0000] {processor.py:186} INFO - Started process (PID=294) to work on /home/airflow/.local/lib/python3.12/site-packages/airflow/example_dags/example_bash_decorator.py
[2024-09-13T14:36:10.540+0000] {processor.py:914} INFO - Processing file /home/airflow/.local/lib/python3.12/site-packages/airflow/example_dags/example_bash_decorator.py for tasks to queue
[2024-09-13T14:36:10.542+0000] {logging_mixin.py:190} INFO - [2024-09-13T14:36:10.542+0000] {dagbag.py:587} INFO - Filling up the DagBag from /home/airflow/.local/lib/python3.12/site-packages/airflow/example_dags/example_bash_decorator.py
[2024-09-13T14:36:10.555+0000] {processor.py:925} INFO - DAG(s) 'example_bash_decorator' retrieved from /home/airflow/.local/lib/python3.12/site-packages/airflow/example_dags/example_bash_decorator.py
[2024-09-13T14:36:10.578+0000] {logging_mixin.py:190} INFO - [2024-09-13T14:36:10.578+0000] {dag.py:3229} INFO - Sync 1 DAGs
[2024-09-13T14:36:10.591+0000] {logging_mixin.py:190} INFO - [2024-09-13T14:36:10.591+0000] {dag.py:4156} INFO - Setting next_dagrun for example_bash_decorator to None, run_after=None
[2024-09-13T14:36:10.608+0000] {processor.py:208} INFO - Processing /home/airflow/.local/lib/python3.12/site-packages/airflow/example_dags/example_bash_decorator.py took 0.073 seconds
[2024-09-13T14:36:41.590+0000] {processor.py:186} INFO - Started process (PID=356) to work on /home/airflow/.local/lib/python3.12/site-packages/airflow/example_dags/example_bash_decorator.py
[2024-09-13T14:36:41.591+0000] {processor.py:914} INFO - Processing file /home/airflow/.local/lib/python3.12/site-packages/airflow/example_dags/example_bash_decorator.py for tasks to queue
[2024-09-13T14:36:41.593+0000] {logging_mixin.py:190} INFO - [2024-09-13T14:36:41.593+0000] {dagbag.py:587} INFO - Filling up the DagBag from /home/airflow/.local/lib/python3.12/site-packages/airflow/example_dags/example_bash_decorator.py
[2024-09-13T14:36:41.606+0000] {processor.py:925} INFO - DAG(s) 'example_bash_decorator' retrieved from /home/airflow/.local/lib/python3.12/site-packages/airflow/example_dags/example_bash_decorator.py
[2024-09-13T14:36:41.627+0000] {logging_mixin.py:190} INFO - [2024-09-13T14:36:41.627+0000] {dag.py:3229} INFO - Sync 1 DAGs
[2024-09-13T14:36:41.639+0000] {logging_mixin.py:190} INFO - [2024-09-13T14:36:41.639+0000] {dag.py:4156} INFO - Setting next_dagrun for example_bash_decorator to None, run_after=None
[2024-09-13T14:36:41.656+0000] {processor.py:208} INFO - Processing /home/airflow/.local/lib/python3.12/site-packages/airflow/example_dags/example_bash_decorator.py took 0.070 seconds
[2024-09-13T14:37:12.305+0000] {processor.py:186} INFO - Started process (PID=418) to work on /home/airflow/.local/lib/python3.12/site-packages/airflow/example_dags/example_bash_decorator.py
[2024-09-13T14:37:12.306+0000] {processor.py:914} INFO - Processing file /home/airflow/.local/lib/python3.12/site-packages/airflow/example_dags/example_bash_decorator.py for tasks to queue
[2024-09-13T14:37:12.308+0000] {logging_mixin.py:190} INFO - [2024-09-13T14:37:12.308+0000] {dagbag.py:587} INFO - Filling up the DagBag from /home/airflow/.local/lib/python3.12/site-packages/airflow/example_dags/example_bash_decorator.py
[2024-09-13T14:37:12.320+0000] {processor.py:925} INFO - DAG(s) 'example_bash_decorator' retrieved from /home/airflow/.local/lib/python3.12/site-packages/airflow/example_dags/example_bash_decorator.py
[2024-09-13T14:37:12.342+0000] {logging_mixin.py:190} INFO - [2024-09-13T14:37:12.342+0000] {dag.py:3229} INFO - Sync 1 DAGs
[2024-09-13T14:37:12.355+0000] {logging_mixin.py:190} INFO - [2024-09-13T14:37:12.355+0000] {dag.py:4156} INFO - Setting next_dagrun for example_bash_decorator to None, run_after=None
[2024-09-13T14:37:12.371+0000] {processor.py:208} INFO - Processing /home/airflow/.local/lib/python3.12/site-packages/airflow/example_dags/example_bash_decorator.py took 0.071 seconds
[2024-09-13T14:37:42.711+0000] {processor.py:186} INFO - Started process (PID=480) to work on /home/airflow/.local/lib/python3.12/site-packages/airflow/example_dags/example_bash_decorator.py
[2024-09-13T14:37:42.712+0000] {processor.py:914} INFO - Processing file /home/airflow/.local/lib/python3.12/site-packages/airflow/example_dags/example_bash_decorator.py for tasks to queue
[2024-09-13T14:37:42.714+0000] {logging_mixin.py:190} INFO - [2024-09-13T14:37:42.714+0000] {dagbag.py:587} INFO - Filling up the DagBag from /home/airflow/.local/lib/python3.12/site-packages/airflow/example_dags/example_bash_decorator.py
[2024-09-13T14:37:42.730+0000] {processor.py:925} INFO - DAG(s) 'example_bash_decorator' retrieved from /home/airflow/.local/lib/python3.12/site-packages/airflow/example_dags/example_bash_decorator.py
[2024-09-13T14:37:42.765+0000] {logging_mixin.py:190} INFO - [2024-09-13T14:37:42.765+0000] {dag.py:3229} INFO - Sync 1 DAGs
[2024-09-13T14:37:42.779+0000] {logging_mixin.py:190} INFO - [2024-09-13T14:37:42.778+0000] {dag.py:4156} INFO - Setting next_dagrun for example_bash_decorator to None, run_after=None
[2024-09-13T14:37:42.795+0000] {processor.py:208} INFO - Processing /home/airflow/.local/lib/python3.12/site-packages/airflow/example_dags/example_bash_decorator.py took 0.090 seconds
[2024-09-13T14:38:12.902+0000] {processor.py:186} INFO - Started process (PID=542) to work on /home/airflow/.local/lib/python3.12/site-packages/airflow/example_dags/example_bash_decorator.py
[2024-09-13T14:38:12.903+0000] {processor.py:914} INFO - Processing file /home/airflow/.local/lib/python3.12/site-packages/airflow/example_dags/example_bash_decorator.py for tasks to queue
[2024-09-13T14:38:12.905+0000] {logging_mixin.py:190} INFO - [2024-09-13T14:38:12.905+0000] {dagbag.py:587} INFO - Filling up the DagBag from /home/airflow/.local/lib/python3.12/site-packages/airflow/example_dags/example_bash_decorator.py
[2024-09-13T14:38:12.919+0000] {processor.py:925} INFO - DAG(s) 'example_bash_decorator' retrieved from /home/airflow/.local/lib/python3.12/site-packages/airflow/example_dags/example_bash_decorator.py
[2024-09-13T14:38:12.940+0000] {logging_mixin.py:190} INFO - [2024-09-13T14:38:12.940+0000] {dag.py:3229} INFO - Sync 1 DAGs
[2024-09-13T14:38:12.955+0000] {logging_mixin.py:190} INFO - [2024-09-13T14:38:12.955+0000] {dag.py:4156} INFO - Setting next_dagrun for example_bash_decorator to None, run_after=None
[2024-09-13T14:38:12.972+0000] {processor.py:208} INFO - Processing /home/airflow/.local/lib/python3.12/site-packages/airflow/example_dags/example_bash_decorator.py took 0.075 seconds
[2024-09-13T14:39:34.049+0000] {processor.py:186} INFO - Started process (PID=102) to work on /home/airflow/.local/lib/python3.12/site-packages/airflow/example_dags/example_bash_decorator.py
[2024-09-13T14:39:34.050+0000] {processor.py:914} INFO - Processing file /home/airflow/.local/lib/python3.12/site-packages/airflow/example_dags/example_bash_decorator.py for tasks to queue
[2024-09-13T14:39:34.052+0000] {logging_mixin.py:190} INFO - [2024-09-13T14:39:34.052+0000] {dagbag.py:587} INFO - Filling up the DagBag from /home/airflow/.local/lib/python3.12/site-packages/airflow/example_dags/example_bash_decorator.py
[2024-09-13T14:39:34.065+0000] {processor.py:925} INFO - DAG(s) 'example_bash_decorator' retrieved from /home/airflow/.local/lib/python3.12/site-packages/airflow/example_dags/example_bash_decorator.py
[2024-09-13T14:39:34.179+0000] {logging_mixin.py:190} INFO - [2024-09-13T14:39:34.179+0000] {dag.py:3229} INFO - Sync 1 DAGs
[2024-09-13T14:39:34.192+0000] {logging_mixin.py:190} INFO - [2024-09-13T14:39:34.191+0000] {dag.py:4156} INFO - Setting next_dagrun for example_bash_decorator to None, run_after=None
[2024-09-13T14:39:34.210+0000] {processor.py:208} INFO - Processing /home/airflow/.local/lib/python3.12/site-packages/airflow/example_dags/example_bash_decorator.py took 0.166 seconds
[2024-09-13T14:40:04.930+0000] {processor.py:186} INFO - Started process (PID=164) to work on /home/airflow/.local/lib/python3.12/site-packages/airflow/example_dags/example_bash_decorator.py
[2024-09-13T14:40:04.931+0000] {processor.py:914} INFO - Processing file /home/airflow/.local/lib/python3.12/site-packages/airflow/example_dags/example_bash_decorator.py for tasks to queue
[2024-09-13T14:40:04.932+0000] {logging_mixin.py:190} INFO - [2024-09-13T14:40:04.932+0000] {dagbag.py:587} INFO - Filling up the DagBag from /home/airflow/.local/lib/python3.12/site-packages/airflow/example_dags/example_bash_decorator.py
[2024-09-13T14:40:04.945+0000] {processor.py:925} INFO - DAG(s) 'example_bash_decorator' retrieved from /home/airflow/.local/lib/python3.12/site-packages/airflow/example_dags/example_bash_decorator.py
[2024-09-13T14:40:04.977+0000] {logging_mixin.py:190} INFO - [2024-09-13T14:40:04.976+0000] {dag.py:3229} INFO - Sync 1 DAGs
[2024-09-13T14:40:04.991+0000] {logging_mixin.py:190} INFO - [2024-09-13T14:40:04.991+0000] {dag.py:4156} INFO - Setting next_dagrun for example_bash_decorator to None, run_after=None
[2024-09-13T14:40:05.012+0000] {processor.py:208} INFO - Processing /home/airflow/.local/lib/python3.12/site-packages/airflow/example_dags/example_bash_decorator.py took 0.088 seconds
[2024-09-13T14:40:35.235+0000] {processor.py:186} INFO - Started process (PID=226) to work on /home/airflow/.local/lib/python3.12/site-packages/airflow/example_dags/example_bash_decorator.py
[2024-09-13T14:40:35.235+0000] {processor.py:914} INFO - Processing file /home/airflow/.local/lib/python3.12/site-packages/airflow/example_dags/example_bash_decorator.py for tasks to queue
[2024-09-13T14:40:35.237+0000] {logging_mixin.py:190} INFO - [2024-09-13T14:40:35.237+0000] {dagbag.py:587} INFO - Filling up the DagBag from /home/airflow/.local/lib/python3.12/site-packages/airflow/example_dags/example_bash_decorator.py
[2024-09-13T14:40:35.250+0000] {processor.py:925} INFO - DAG(s) 'example_bash_decorator' retrieved from /home/airflow/.local/lib/python3.12/site-packages/airflow/example_dags/example_bash_decorator.py
[2024-09-13T14:40:35.271+0000] {logging_mixin.py:190} INFO - [2024-09-13T14:40:35.271+0000] {dag.py:3229} INFO - Sync 1 DAGs
[2024-09-13T14:40:35.283+0000] {logging_mixin.py:190} INFO - [2024-09-13T14:40:35.283+0000] {dag.py:4156} INFO - Setting next_dagrun for example_bash_decorator to None, run_after=None
[2024-09-13T14:40:35.302+0000] {processor.py:208} INFO - Processing /home/airflow/.local/lib/python3.12/site-packages/airflow/example_dags/example_bash_decorator.py took 0.073 seconds
[2024-09-13T14:41:26.792+0000] {processor.py:186} INFO - Started process (PID=95) to work on /home/airflow/.local/lib/python3.12/site-packages/airflow/example_dags/example_bash_decorator.py
[2024-09-13T14:41:26.793+0000] {processor.py:914} INFO - Processing file /home/airflow/.local/lib/python3.12/site-packages/airflow/example_dags/example_bash_decorator.py for tasks to queue
[2024-09-13T14:41:26.796+0000] {logging_mixin.py:190} INFO - [2024-09-13T14:41:26.795+0000] {dagbag.py:587} INFO - Filling up the DagBag from /home/airflow/.local/lib/python3.12/site-packages/airflow/example_dags/example_bash_decorator.py
[2024-09-13T14:41:26.811+0000] {processor.py:925} INFO - DAG(s) 'example_bash_decorator' retrieved from /home/airflow/.local/lib/python3.12/site-packages/airflow/example_dags/example_bash_decorator.py
[2024-09-13T14:41:26.934+0000] {logging_mixin.py:190} INFO - [2024-09-13T14:41:26.933+0000] {dag.py:3229} INFO - Sync 1 DAGs
[2024-09-13T14:41:26.948+0000] {logging_mixin.py:190} INFO - [2024-09-13T14:41:26.948+0000] {dag.py:4156} INFO - Setting next_dagrun for example_bash_decorator to None, run_after=None
[2024-09-13T14:41:26.976+0000] {processor.py:208} INFO - Processing /home/airflow/.local/lib/python3.12/site-packages/airflow/example_dags/example_bash_decorator.py took 0.190 seconds
[2024-09-13T14:41:57.661+0000] {processor.py:186} INFO - Started process (PID=157) to work on /home/airflow/.local/lib/python3.12/site-packages/airflow/example_dags/example_bash_decorator.py
[2024-09-13T14:41:57.662+0000] {processor.py:914} INFO - Processing file /home/airflow/.local/lib/python3.12/site-packages/airflow/example_dags/example_bash_decorator.py for tasks to queue
[2024-09-13T14:41:57.664+0000] {logging_mixin.py:190} INFO - [2024-09-13T14:41:57.664+0000] {dagbag.py:587} INFO - Filling up the DagBag from /home/airflow/.local/lib/python3.12/site-packages/airflow/example_dags/example_bash_decorator.py
[2024-09-13T14:41:57.678+0000] {processor.py:925} INFO - DAG(s) 'example_bash_decorator' retrieved from /home/airflow/.local/lib/python3.12/site-packages/airflow/example_dags/example_bash_decorator.py
[2024-09-13T14:41:57.699+0000] {logging_mixin.py:190} INFO - [2024-09-13T14:41:57.699+0000] {dag.py:3229} INFO - Sync 1 DAGs
[2024-09-13T14:41:57.711+0000] {logging_mixin.py:190} INFO - [2024-09-13T14:41:57.711+0000] {dag.py:4156} INFO - Setting next_dagrun for example_bash_decorator to None, run_after=None
[2024-09-13T14:41:57.728+0000] {processor.py:208} INFO - Processing /home/airflow/.local/lib/python3.12/site-packages/airflow/example_dags/example_bash_decorator.py took 0.072 seconds
[2024-09-13T14:42:28.695+0000] {processor.py:186} INFO - Started process (PID=219) to work on /home/airflow/.local/lib/python3.12/site-packages/airflow/example_dags/example_bash_decorator.py
[2024-09-13T14:42:28.696+0000] {processor.py:914} INFO - Processing file /home/airflow/.local/lib/python3.12/site-packages/airflow/example_dags/example_bash_decorator.py for tasks to queue
[2024-09-13T14:42:28.699+0000] {logging_mixin.py:190} INFO - [2024-09-13T14:42:28.698+0000] {dagbag.py:587} INFO - Filling up the DagBag from /home/airflow/.local/lib/python3.12/site-packages/airflow/example_dags/example_bash_decorator.py
[2024-09-13T14:42:28.713+0000] {processor.py:925} INFO - DAG(s) 'example_bash_decorator' retrieved from /home/airflow/.local/lib/python3.12/site-packages/airflow/example_dags/example_bash_decorator.py
[2024-09-13T14:42:28.736+0000] {logging_mixin.py:190} INFO - [2024-09-13T14:42:28.736+0000] {dag.py:3229} INFO - Sync 1 DAGs
[2024-09-13T14:42:28.750+0000] {logging_mixin.py:190} INFO - [2024-09-13T14:42:28.750+0000] {dag.py:4156} INFO - Setting next_dagrun for example_bash_decorator to None, run_after=None
[2024-09-13T14:42:28.767+0000] {processor.py:208} INFO - Processing /home/airflow/.local/lib/python3.12/site-packages/airflow/example_dags/example_bash_decorator.py took 0.078 seconds
[2024-09-13T14:42:59.777+0000] {processor.py:186} INFO - Started process (PID=281) to work on /home/airflow/.local/lib/python3.12/site-packages/airflow/example_dags/example_bash_decorator.py
[2024-09-13T14:42:59.778+0000] {processor.py:914} INFO - Processing file /home/airflow/.local/lib/python3.12/site-packages/airflow/example_dags/example_bash_decorator.py for tasks to queue
[2024-09-13T14:42:59.780+0000] {logging_mixin.py:190} INFO - [2024-09-13T14:42:59.779+0000] {dagbag.py:587} INFO - Filling up the DagBag from /home/airflow/.local/lib/python3.12/site-packages/airflow/example_dags/example_bash_decorator.py
[2024-09-13T14:42:59.793+0000] {processor.py:925} INFO - DAG(s) 'example_bash_decorator' retrieved from /home/airflow/.local/lib/python3.12/site-packages/airflow/example_dags/example_bash_decorator.py
[2024-09-13T14:42:59.815+0000] {logging_mixin.py:190} INFO - [2024-09-13T14:42:59.815+0000] {dag.py:3229} INFO - Sync 1 DAGs
[2024-09-13T14:42:59.828+0000] {logging_mixin.py:190} INFO - [2024-09-13T14:42:59.828+0000] {dag.py:4156} INFO - Setting next_dagrun for example_bash_decorator to None, run_after=None
[2024-09-13T14:42:59.844+0000] {processor.py:208} INFO - Processing /home/airflow/.local/lib/python3.12/site-packages/airflow/example_dags/example_bash_decorator.py took 0.073 seconds
