[2024-09-13T14:34:34.936+0000] {processor.py:186} INFO - Started process (PID=75) to work on /home/airflow/.local/lib/python3.12/site-packages/airflow/example_dags/example_short_circuit_decorator.py
[2024-09-13T14:34:34.937+0000] {processor.py:914} INFO - Processing file /home/airflow/.local/lib/python3.12/site-packages/airflow/example_dags/example_short_circuit_decorator.py for tasks to queue
[2024-09-13T14:34:34.940+0000] {logging_mixin.py:190} INFO - [2024-09-13T14:34:34.939+0000] {dagbag.py:587} INFO - Filling up the DagBag from /home/airflow/.local/lib/python3.12/site-packages/airflow/example_dags/example_short_circuit_decorator.py
[2024-09-13T14:34:34.953+0000] {processor.py:925} INFO - DAG(s) 'example_short_circuit_decorator' retrieved from /home/airflow/.local/lib/python3.12/site-packages/airflow/example_dags/example_short_circuit_decorator.py
[2024-09-13T14:34:35.070+0000] {logging_mixin.py:190} INFO - [2024-09-13T14:34:35.069+0000] {override.py:1900} INFO - Created Permission View: can read on DAG:example_short_circuit_decorator
[2024-09-13T14:34:35.081+0000] {logging_mixin.py:190} INFO - [2024-09-13T14:34:35.080+0000] {override.py:1900} INFO - Created Permission View: can delete on DAG:example_short_circuit_decorator
[2024-09-13T14:34:35.091+0000] {logging_mixin.py:190} INFO - [2024-09-13T14:34:35.090+0000] {override.py:1900} INFO - Created Permission View: can edit on DAG:example_short_circuit_decorator
[2024-09-13T14:34:35.100+0000] {logging_mixin.py:190} INFO - [2024-09-13T14:34:35.099+0000] {override.py:1900} INFO - Created Permission View: can create on DAG Run:example_short_circuit_decorator
[2024-09-13T14:34:35.106+0000] {logging_mixin.py:190} INFO - [2024-09-13T14:34:35.106+0000] {override.py:1900} INFO - Created Permission View: menu access on DAG Run:example_short_circuit_decorator
[2024-09-13T14:34:35.111+0000] {logging_mixin.py:190} INFO - [2024-09-13T14:34:35.111+0000] {override.py:1900} INFO - Created Permission View: can read on DAG Run:example_short_circuit_decorator
[2024-09-13T14:34:35.116+0000] {logging_mixin.py:190} INFO - [2024-09-13T14:34:35.116+0000] {override.py:1900} INFO - Created Permission View: can delete on DAG Run:example_short_circuit_decorator
[2024-09-13T14:34:35.117+0000] {logging_mixin.py:190} INFO - [2024-09-13T14:34:35.117+0000] {dag.py:3229} INFO - Sync 1 DAGs
[2024-09-13T14:34:35.126+0000] {logging_mixin.py:190} INFO - [2024-09-13T14:34:35.126+0000] {dag.py:3252} INFO - Creating ORM DAG for example_short_circuit_decorator
[2024-09-13T14:34:35.127+0000] {logging_mixin.py:190} INFO - [2024-09-13T14:34:35.127+0000] {dag.py:4156} INFO - Setting next_dagrun for example_short_circuit_decorator to None, run_after=None
[2024-09-13T14:34:35.140+0000] {processor.py:208} INFO - Processing /home/airflow/.local/lib/python3.12/site-packages/airflow/example_dags/example_short_circuit_decorator.py took 0.210 seconds
[2024-09-13T14:35:05.567+0000] {processor.py:186} INFO - Started process (PID=143) to work on /home/airflow/.local/lib/python3.12/site-packages/airflow/example_dags/example_short_circuit_decorator.py
[2024-09-13T14:35:05.568+0000] {processor.py:914} INFO - Processing file /home/airflow/.local/lib/python3.12/site-packages/airflow/example_dags/example_short_circuit_decorator.py for tasks to queue
[2024-09-13T14:35:05.570+0000] {logging_mixin.py:190} INFO - [2024-09-13T14:35:05.569+0000] {dagbag.py:587} INFO - Filling up the DagBag from /home/airflow/.local/lib/python3.12/site-packages/airflow/example_dags/example_short_circuit_decorator.py
[2024-09-13T14:35:05.580+0000] {processor.py:925} INFO - DAG(s) 'example_short_circuit_decorator' retrieved from /home/airflow/.local/lib/python3.12/site-packages/airflow/example_dags/example_short_circuit_decorator.py
[2024-09-13T14:35:05.605+0000] {logging_mixin.py:190} INFO - [2024-09-13T14:35:05.605+0000] {dag.py:3229} INFO - Sync 1 DAGs
[2024-09-13T14:35:05.622+0000] {logging_mixin.py:190} INFO - [2024-09-13T14:35:05.621+0000] {dag.py:4156} INFO - Setting next_dagrun for example_short_circuit_decorator to None, run_after=None
[2024-09-13T14:35:05.640+0000] {processor.py:208} INFO - Processing /home/airflow/.local/lib/python3.12/site-packages/airflow/example_dags/example_short_circuit_decorator.py took 0.079 seconds
[2024-09-13T14:35:35.897+0000] {processor.py:186} INFO - Started process (PID=205) to work on /home/airflow/.local/lib/python3.12/site-packages/airflow/example_dags/example_short_circuit_decorator.py
[2024-09-13T14:35:35.898+0000] {processor.py:914} INFO - Processing file /home/airflow/.local/lib/python3.12/site-packages/airflow/example_dags/example_short_circuit_decorator.py for tasks to queue
[2024-09-13T14:35:35.900+0000] {logging_mixin.py:190} INFO - [2024-09-13T14:35:35.900+0000] {dagbag.py:587} INFO - Filling up the DagBag from /home/airflow/.local/lib/python3.12/site-packages/airflow/example_dags/example_short_circuit_decorator.py
[2024-09-13T14:35:35.911+0000] {processor.py:925} INFO - DAG(s) 'example_short_circuit_decorator' retrieved from /home/airflow/.local/lib/python3.12/site-packages/airflow/example_dags/example_short_circuit_decorator.py
[2024-09-13T14:35:35.935+0000] {logging_mixin.py:190} INFO - [2024-09-13T14:35:35.934+0000] {dag.py:3229} INFO - Sync 1 DAGs
[2024-09-13T14:35:35.947+0000] {logging_mixin.py:190} INFO - [2024-09-13T14:35:35.947+0000] {dag.py:4156} INFO - Setting next_dagrun for example_short_circuit_decorator to None, run_after=None
[2024-09-13T14:35:35.963+0000] {processor.py:208} INFO - Processing /home/airflow/.local/lib/python3.12/site-packages/airflow/example_dags/example_short_circuit_decorator.py took 0.071 seconds
[2024-09-13T14:36:06.389+0000] {processor.py:186} INFO - Started process (PID=267) to work on /home/airflow/.local/lib/python3.12/site-packages/airflow/example_dags/example_short_circuit_decorator.py
[2024-09-13T14:36:06.390+0000] {processor.py:914} INFO - Processing file /home/airflow/.local/lib/python3.12/site-packages/airflow/example_dags/example_short_circuit_decorator.py for tasks to queue
[2024-09-13T14:36:06.392+0000] {logging_mixin.py:190} INFO - [2024-09-13T14:36:06.391+0000] {dagbag.py:587} INFO - Filling up the DagBag from /home/airflow/.local/lib/python3.12/site-packages/airflow/example_dags/example_short_circuit_decorator.py
[2024-09-13T14:36:06.401+0000] {processor.py:925} INFO - DAG(s) 'example_short_circuit_decorator' retrieved from /home/airflow/.local/lib/python3.12/site-packages/airflow/example_dags/example_short_circuit_decorator.py
[2024-09-13T14:36:06.429+0000] {logging_mixin.py:190} INFO - [2024-09-13T14:36:06.428+0000] {dag.py:3229} INFO - Sync 1 DAGs
[2024-09-13T14:36:06.442+0000] {logging_mixin.py:190} INFO - [2024-09-13T14:36:06.442+0000] {dag.py:4156} INFO - Setting next_dagrun for example_short_circuit_decorator to None, run_after=None
[2024-09-13T14:36:06.459+0000] {processor.py:208} INFO - Processing /home/airflow/.local/lib/python3.12/site-packages/airflow/example_dags/example_short_circuit_decorator.py took 0.076 seconds
[2024-09-13T14:36:36.604+0000] {processor.py:186} INFO - Started process (PID=329) to work on /home/airflow/.local/lib/python3.12/site-packages/airflow/example_dags/example_short_circuit_decorator.py
[2024-09-13T14:36:36.605+0000] {processor.py:914} INFO - Processing file /home/airflow/.local/lib/python3.12/site-packages/airflow/example_dags/example_short_circuit_decorator.py for tasks to queue
[2024-09-13T14:36:36.607+0000] {logging_mixin.py:190} INFO - [2024-09-13T14:36:36.606+0000] {dagbag.py:587} INFO - Filling up the DagBag from /home/airflow/.local/lib/python3.12/site-packages/airflow/example_dags/example_short_circuit_decorator.py
[2024-09-13T14:36:36.615+0000] {processor.py:925} INFO - DAG(s) 'example_short_circuit_decorator' retrieved from /home/airflow/.local/lib/python3.12/site-packages/airflow/example_dags/example_short_circuit_decorator.py
[2024-09-13T14:36:36.639+0000] {logging_mixin.py:190} INFO - [2024-09-13T14:36:36.638+0000] {dag.py:3229} INFO - Sync 1 DAGs
[2024-09-13T14:36:36.651+0000] {logging_mixin.py:190} INFO - [2024-09-13T14:36:36.651+0000] {dag.py:4156} INFO - Setting next_dagrun for example_short_circuit_decorator to None, run_after=None
[2024-09-13T14:36:36.669+0000] {processor.py:208} INFO - Processing /home/airflow/.local/lib/python3.12/site-packages/airflow/example_dags/example_short_circuit_decorator.py took 0.070 seconds
[2024-09-13T14:37:07.499+0000] {processor.py:186} INFO - Started process (PID=391) to work on /home/airflow/.local/lib/python3.12/site-packages/airflow/example_dags/example_short_circuit_decorator.py
[2024-09-13T14:37:07.500+0000] {processor.py:914} INFO - Processing file /home/airflow/.local/lib/python3.12/site-packages/airflow/example_dags/example_short_circuit_decorator.py for tasks to queue
[2024-09-13T14:37:07.503+0000] {logging_mixin.py:190} INFO - [2024-09-13T14:37:07.503+0000] {dagbag.py:587} INFO - Filling up the DagBag from /home/airflow/.local/lib/python3.12/site-packages/airflow/example_dags/example_short_circuit_decorator.py
[2024-09-13T14:37:07.514+0000] {processor.py:925} INFO - DAG(s) 'example_short_circuit_decorator' retrieved from /home/airflow/.local/lib/python3.12/site-packages/airflow/example_dags/example_short_circuit_decorator.py
[2024-09-13T14:37:07.535+0000] {logging_mixin.py:190} INFO - [2024-09-13T14:37:07.535+0000] {dag.py:3229} INFO - Sync 1 DAGs
[2024-09-13T14:37:07.548+0000] {logging_mixin.py:190} INFO - [2024-09-13T14:37:07.547+0000] {dag.py:4156} INFO - Setting next_dagrun for example_short_circuit_decorator to None, run_after=None
[2024-09-13T14:37:07.567+0000] {processor.py:208} INFO - Processing /home/airflow/.local/lib/python3.12/site-packages/airflow/example_dags/example_short_circuit_decorator.py took 0.074 seconds
[2024-09-13T14:37:38.362+0000] {processor.py:186} INFO - Started process (PID=453) to work on /home/airflow/.local/lib/python3.12/site-packages/airflow/example_dags/example_short_circuit_decorator.py
[2024-09-13T14:37:38.363+0000] {processor.py:914} INFO - Processing file /home/airflow/.local/lib/python3.12/site-packages/airflow/example_dags/example_short_circuit_decorator.py for tasks to queue
[2024-09-13T14:37:38.365+0000] {logging_mixin.py:190} INFO - [2024-09-13T14:37:38.365+0000] {dagbag.py:587} INFO - Filling up the DagBag from /home/airflow/.local/lib/python3.12/site-packages/airflow/example_dags/example_short_circuit_decorator.py
[2024-09-13T14:37:38.374+0000] {processor.py:925} INFO - DAG(s) 'example_short_circuit_decorator' retrieved from /home/airflow/.local/lib/python3.12/site-packages/airflow/example_dags/example_short_circuit_decorator.py
[2024-09-13T14:37:38.395+0000] {logging_mixin.py:190} INFO - [2024-09-13T14:37:38.394+0000] {dag.py:3229} INFO - Sync 1 DAGs
[2024-09-13T14:37:38.408+0000] {logging_mixin.py:190} INFO - [2024-09-13T14:37:38.408+0000] {dag.py:4156} INFO - Setting next_dagrun for example_short_circuit_decorator to None, run_after=None
[2024-09-13T14:37:38.425+0000] {processor.py:208} INFO - Processing /home/airflow/.local/lib/python3.12/site-packages/airflow/example_dags/example_short_circuit_decorator.py took 0.068 seconds
[2024-09-13T14:38:08.790+0000] {processor.py:186} INFO - Started process (PID=515) to work on /home/airflow/.local/lib/python3.12/site-packages/airflow/example_dags/example_short_circuit_decorator.py
[2024-09-13T14:38:08.791+0000] {processor.py:914} INFO - Processing file /home/airflow/.local/lib/python3.12/site-packages/airflow/example_dags/example_short_circuit_decorator.py for tasks to queue
[2024-09-13T14:38:08.793+0000] {logging_mixin.py:190} INFO - [2024-09-13T14:38:08.793+0000] {dagbag.py:587} INFO - Filling up the DagBag from /home/airflow/.local/lib/python3.12/site-packages/airflow/example_dags/example_short_circuit_decorator.py
[2024-09-13T14:38:08.802+0000] {processor.py:925} INFO - DAG(s) 'example_short_circuit_decorator' retrieved from /home/airflow/.local/lib/python3.12/site-packages/airflow/example_dags/example_short_circuit_decorator.py
[2024-09-13T14:38:08.823+0000] {logging_mixin.py:190} INFO - [2024-09-13T14:38:08.823+0000] {dag.py:3229} INFO - Sync 1 DAGs
[2024-09-13T14:38:08.835+0000] {logging_mixin.py:190} INFO - [2024-09-13T14:38:08.835+0000] {dag.py:4156} INFO - Setting next_dagrun for example_short_circuit_decorator to None, run_after=None
[2024-09-13T14:38:08.852+0000] {processor.py:208} INFO - Processing /home/airflow/.local/lib/python3.12/site-packages/airflow/example_dags/example_short_circuit_decorator.py took 0.067 seconds
[2024-09-13T14:39:31.884+0000] {processor.py:186} INFO - Started process (PID=75) to work on /home/airflow/.local/lib/python3.12/site-packages/airflow/example_dags/example_short_circuit_decorator.py
[2024-09-13T14:39:31.885+0000] {processor.py:914} INFO - Processing file /home/airflow/.local/lib/python3.12/site-packages/airflow/example_dags/example_short_circuit_decorator.py for tasks to queue
[2024-09-13T14:39:31.887+0000] {logging_mixin.py:190} INFO - [2024-09-13T14:39:31.887+0000] {dagbag.py:587} INFO - Filling up the DagBag from /home/airflow/.local/lib/python3.12/site-packages/airflow/example_dags/example_short_circuit_decorator.py
[2024-09-13T14:39:31.899+0000] {processor.py:925} INFO - DAG(s) 'example_short_circuit_decorator' retrieved from /home/airflow/.local/lib/python3.12/site-packages/airflow/example_dags/example_short_circuit_decorator.py
[2024-09-13T14:39:31.931+0000] {logging_mixin.py:190} INFO - [2024-09-13T14:39:31.931+0000] {dag.py:3229} INFO - Sync 1 DAGs
[2024-09-13T14:39:31.944+0000] {logging_mixin.py:190} INFO - [2024-09-13T14:39:31.943+0000] {dag.py:4156} INFO - Setting next_dagrun for example_short_circuit_decorator to None, run_after=None
[2024-09-13T14:39:31.964+0000] {processor.py:208} INFO - Processing /home/airflow/.local/lib/python3.12/site-packages/airflow/example_dags/example_short_circuit_decorator.py took 0.086 seconds
[2024-09-13T14:40:02.080+0000] {processor.py:186} INFO - Started process (PID=137) to work on /home/airflow/.local/lib/python3.12/site-packages/airflow/example_dags/example_short_circuit_decorator.py
[2024-09-13T14:40:02.081+0000] {processor.py:914} INFO - Processing file /home/airflow/.local/lib/python3.12/site-packages/airflow/example_dags/example_short_circuit_decorator.py for tasks to queue
[2024-09-13T14:40:02.084+0000] {logging_mixin.py:190} INFO - [2024-09-13T14:40:02.084+0000] {dagbag.py:587} INFO - Filling up the DagBag from /home/airflow/.local/lib/python3.12/site-packages/airflow/example_dags/example_short_circuit_decorator.py
[2024-09-13T14:40:02.095+0000] {processor.py:925} INFO - DAG(s) 'example_short_circuit_decorator' retrieved from /home/airflow/.local/lib/python3.12/site-packages/airflow/example_dags/example_short_circuit_decorator.py
[2024-09-13T14:40:02.122+0000] {logging_mixin.py:190} INFO - [2024-09-13T14:40:02.122+0000] {dag.py:3229} INFO - Sync 1 DAGs
[2024-09-13T14:40:02.140+0000] {logging_mixin.py:190} INFO - [2024-09-13T14:40:02.140+0000] {dag.py:4156} INFO - Setting next_dagrun for example_short_circuit_decorator to None, run_after=None
[2024-09-13T14:40:02.158+0000] {processor.py:208} INFO - Processing /home/airflow/.local/lib/python3.12/site-packages/airflow/example_dags/example_short_circuit_decorator.py took 0.086 seconds
[2024-09-13T14:40:33.377+0000] {processor.py:186} INFO - Started process (PID=199) to work on /home/airflow/.local/lib/python3.12/site-packages/airflow/example_dags/example_short_circuit_decorator.py
[2024-09-13T14:40:33.378+0000] {processor.py:914} INFO - Processing file /home/airflow/.local/lib/python3.12/site-packages/airflow/example_dags/example_short_circuit_decorator.py for tasks to queue
[2024-09-13T14:40:33.380+0000] {logging_mixin.py:190} INFO - [2024-09-13T14:40:33.380+0000] {dagbag.py:587} INFO - Filling up the DagBag from /home/airflow/.local/lib/python3.12/site-packages/airflow/example_dags/example_short_circuit_decorator.py
[2024-09-13T14:40:33.388+0000] {processor.py:925} INFO - DAG(s) 'example_short_circuit_decorator' retrieved from /home/airflow/.local/lib/python3.12/site-packages/airflow/example_dags/example_short_circuit_decorator.py
[2024-09-13T14:40:33.409+0000] {logging_mixin.py:190} INFO - [2024-09-13T14:40:33.409+0000] {dag.py:3229} INFO - Sync 1 DAGs
[2024-09-13T14:40:33.421+0000] {logging_mixin.py:190} INFO - [2024-09-13T14:40:33.421+0000] {dag.py:4156} INFO - Setting next_dagrun for example_short_circuit_decorator to None, run_after=None
[2024-09-13T14:40:33.437+0000] {processor.py:208} INFO - Processing /home/airflow/.local/lib/python3.12/site-packages/airflow/example_dags/example_short_circuit_decorator.py took 0.064 seconds
[2024-09-13T14:41:24.731+0000] {processor.py:186} INFO - Started process (PID=68) to work on /home/airflow/.local/lib/python3.12/site-packages/airflow/example_dags/example_short_circuit_decorator.py
[2024-09-13T14:41:24.732+0000] {processor.py:914} INFO - Processing file /home/airflow/.local/lib/python3.12/site-packages/airflow/example_dags/example_short_circuit_decorator.py for tasks to queue
[2024-09-13T14:41:24.737+0000] {logging_mixin.py:190} INFO - [2024-09-13T14:41:24.736+0000] {dagbag.py:587} INFO - Filling up the DagBag from /home/airflow/.local/lib/python3.12/site-packages/airflow/example_dags/example_short_circuit_decorator.py
[2024-09-13T14:41:24.745+0000] {processor.py:925} INFO - DAG(s) 'example_short_circuit_decorator' retrieved from /home/airflow/.local/lib/python3.12/site-packages/airflow/example_dags/example_short_circuit_decorator.py
[2024-09-13T14:41:24.774+0000] {logging_mixin.py:190} INFO - [2024-09-13T14:41:24.774+0000] {dag.py:3229} INFO - Sync 1 DAGs
[2024-09-13T14:41:24.786+0000] {logging_mixin.py:190} INFO - [2024-09-13T14:41:24.786+0000] {dag.py:4156} INFO - Setting next_dagrun for example_short_circuit_decorator to None, run_after=None
[2024-09-13T14:41:24.802+0000] {processor.py:208} INFO - Processing /home/airflow/.local/lib/python3.12/site-packages/airflow/example_dags/example_short_circuit_decorator.py took 0.076 seconds
[2024-09-13T14:41:55.758+0000] {processor.py:186} INFO - Started process (PID=130) to work on /home/airflow/.local/lib/python3.12/site-packages/airflow/example_dags/example_short_circuit_decorator.py
[2024-09-13T14:41:55.759+0000] {processor.py:914} INFO - Processing file /home/airflow/.local/lib/python3.12/site-packages/airflow/example_dags/example_short_circuit_decorator.py for tasks to queue
[2024-09-13T14:41:55.761+0000] {logging_mixin.py:190} INFO - [2024-09-13T14:41:55.760+0000] {dagbag.py:587} INFO - Filling up the DagBag from /home/airflow/.local/lib/python3.12/site-packages/airflow/example_dags/example_short_circuit_decorator.py
[2024-09-13T14:41:55.769+0000] {processor.py:925} INFO - DAG(s) 'example_short_circuit_decorator' retrieved from /home/airflow/.local/lib/python3.12/site-packages/airflow/example_dags/example_short_circuit_decorator.py
[2024-09-13T14:41:55.791+0000] {logging_mixin.py:190} INFO - [2024-09-13T14:41:55.790+0000] {dag.py:3229} INFO - Sync 1 DAGs
[2024-09-13T14:41:55.803+0000] {logging_mixin.py:190} INFO - [2024-09-13T14:41:55.803+0000] {dag.py:4156} INFO - Setting next_dagrun for example_short_circuit_decorator to None, run_after=None
[2024-09-13T14:41:55.819+0000] {processor.py:208} INFO - Processing /home/airflow/.local/lib/python3.12/site-packages/airflow/example_dags/example_short_circuit_decorator.py took 0.066 seconds
[2024-09-13T14:42:26.737+0000] {processor.py:186} INFO - Started process (PID=192) to work on /home/airflow/.local/lib/python3.12/site-packages/airflow/example_dags/example_short_circuit_decorator.py
[2024-09-13T14:42:26.738+0000] {processor.py:914} INFO - Processing file /home/airflow/.local/lib/python3.12/site-packages/airflow/example_dags/example_short_circuit_decorator.py for tasks to queue
[2024-09-13T14:42:26.740+0000] {logging_mixin.py:190} INFO - [2024-09-13T14:42:26.740+0000] {dagbag.py:587} INFO - Filling up the DagBag from /home/airflow/.local/lib/python3.12/site-packages/airflow/example_dags/example_short_circuit_decorator.py
[2024-09-13T14:42:26.749+0000] {processor.py:925} INFO - DAG(s) 'example_short_circuit_decorator' retrieved from /home/airflow/.local/lib/python3.12/site-packages/airflow/example_dags/example_short_circuit_decorator.py
[2024-09-13T14:42:26.776+0000] {logging_mixin.py:190} INFO - [2024-09-13T14:42:26.775+0000] {dag.py:3229} INFO - Sync 1 DAGs
[2024-09-13T14:42:26.790+0000] {logging_mixin.py:190} INFO - [2024-09-13T14:42:26.789+0000] {dag.py:4156} INFO - Setting next_dagrun for example_short_circuit_decorator to None, run_after=None
[2024-09-13T14:42:26.809+0000] {processor.py:208} INFO - Processing /home/airflow/.local/lib/python3.12/site-packages/airflow/example_dags/example_short_circuit_decorator.py took 0.076 seconds
[2024-09-13T14:42:57.854+0000] {processor.py:186} INFO - Started process (PID=254) to work on /home/airflow/.local/lib/python3.12/site-packages/airflow/example_dags/example_short_circuit_decorator.py
[2024-09-13T14:42:57.855+0000] {processor.py:914} INFO - Processing file /home/airflow/.local/lib/python3.12/site-packages/airflow/example_dags/example_short_circuit_decorator.py for tasks to queue
[2024-09-13T14:42:57.858+0000] {logging_mixin.py:190} INFO - [2024-09-13T14:42:57.857+0000] {dagbag.py:587} INFO - Filling up the DagBag from /home/airflow/.local/lib/python3.12/site-packages/airflow/example_dags/example_short_circuit_decorator.py
[2024-09-13T14:42:57.867+0000] {processor.py:925} INFO - DAG(s) 'example_short_circuit_decorator' retrieved from /home/airflow/.local/lib/python3.12/site-packages/airflow/example_dags/example_short_circuit_decorator.py
[2024-09-13T14:42:57.890+0000] {logging_mixin.py:190} INFO - [2024-09-13T14:42:57.890+0000] {dag.py:3229} INFO - Sync 1 DAGs
[2024-09-13T14:42:57.903+0000] {logging_mixin.py:190} INFO - [2024-09-13T14:42:57.903+0000] {dag.py:4156} INFO - Setting next_dagrun for example_short_circuit_decorator to None, run_after=None
[2024-09-13T14:42:57.920+0000] {processor.py:208} INFO - Processing /home/airflow/.local/lib/python3.12/site-packages/airflow/example_dags/example_short_circuit_decorator.py took 0.071 seconds
