[2024-09-13T14:34:39.520+0000] {processor.py:186} INFO - Started process (PID=113) to work on /home/airflow/.local/lib/python3.12/site-packages/airflow/example_dags/example_kubernetes_executor.py
[2024-09-13T14:34:39.520+0000] {processor.py:914} INFO - Processing file /home/airflow/.local/lib/python3.12/site-packages/airflow/example_dags/example_kubernetes_executor.py for tasks to queue
[2024-09-13T14:34:39.522+0000] {logging_mixin.py:190} INFO - [2024-09-13T14:34:39.522+0000] {dagbag.py:587} INFO - Filling up the DagBag from /home/airflow/.local/lib/python3.12/site-packages/airflow/example_dags/example_kubernetes_executor.py
[2024-09-13T14:34:39.536+0000] {processor.py:925} INFO - DAG(s) 'example_kubernetes_executor' retrieved from /home/airflow/.local/lib/python3.12/site-packages/airflow/example_dags/example_kubernetes_executor.py
[2024-09-13T14:34:39.644+0000] {logging_mixin.py:190} INFO - [2024-09-13T14:34:39.644+0000] {override.py:1900} INFO - Created Permission View: can read on DAG:example_kubernetes_executor
[2024-09-13T14:34:39.654+0000] {logging_mixin.py:190} INFO - [2024-09-13T14:34:39.654+0000] {override.py:1900} INFO - Created Permission View: can delete on DAG:example_kubernetes_executor
[2024-09-13T14:34:39.660+0000] {logging_mixin.py:190} INFO - [2024-09-13T14:34:39.660+0000] {override.py:1900} INFO - Created Permission View: can edit on DAG:example_kubernetes_executor
[2024-09-13T14:34:39.666+0000] {logging_mixin.py:190} INFO - [2024-09-13T14:34:39.666+0000] {override.py:1900} INFO - Created Permission View: can create on DAG Run:example_kubernetes_executor
[2024-09-13T14:34:39.673+0000] {logging_mixin.py:190} INFO - [2024-09-13T14:34:39.673+0000] {override.py:1900} INFO - Created Permission View: menu access on DAG Run:example_kubernetes_executor
[2024-09-13T14:34:39.680+0000] {logging_mixin.py:190} INFO - [2024-09-13T14:34:39.680+0000] {override.py:1900} INFO - Created Permission View: can read on DAG Run:example_kubernetes_executor
[2024-09-13T14:34:39.685+0000] {logging_mixin.py:190} INFO - [2024-09-13T14:34:39.685+0000] {override.py:1900} INFO - Created Permission View: can delete on DAG Run:example_kubernetes_executor
[2024-09-13T14:34:39.686+0000] {logging_mixin.py:190} INFO - [2024-09-13T14:34:39.685+0000] {dag.py:3229} INFO - Sync 1 DAGs
[2024-09-13T14:34:39.696+0000] {logging_mixin.py:190} INFO - [2024-09-13T14:34:39.695+0000] {dag.py:3252} INFO - Creating ORM DAG for example_kubernetes_executor
[2024-09-13T14:34:39.696+0000] {logging_mixin.py:190} INFO - [2024-09-13T14:34:39.696+0000] {dag.py:4156} INFO - Setting next_dagrun for example_kubernetes_executor to None, run_after=None
[2024-09-13T14:34:39.709+0000] {processor.py:208} INFO - Processing /home/airflow/.local/lib/python3.12/site-packages/airflow/example_dags/example_kubernetes_executor.py took 0.195 seconds
[2024-09-13T14:35:09.975+0000] {processor.py:186} INFO - Started process (PID=175) to work on /home/airflow/.local/lib/python3.12/site-packages/airflow/example_dags/example_kubernetes_executor.py
[2024-09-13T14:35:09.976+0000] {processor.py:914} INFO - Processing file /home/airflow/.local/lib/python3.12/site-packages/airflow/example_dags/example_kubernetes_executor.py for tasks to queue
[2024-09-13T14:35:09.978+0000] {logging_mixin.py:190} INFO - [2024-09-13T14:35:09.978+0000] {dagbag.py:587} INFO - Filling up the DagBag from /home/airflow/.local/lib/python3.12/site-packages/airflow/example_dags/example_kubernetes_executor.py
[2024-09-13T14:35:09.990+0000] {processor.py:925} INFO - DAG(s) 'example_kubernetes_executor' retrieved from /home/airflow/.local/lib/python3.12/site-packages/airflow/example_dags/example_kubernetes_executor.py
[2024-09-13T14:35:10.026+0000] {logging_mixin.py:190} INFO - [2024-09-13T14:35:10.026+0000] {dag.py:3229} INFO - Sync 1 DAGs
[2024-09-13T14:35:10.041+0000] {logging_mixin.py:190} INFO - [2024-09-13T14:35:10.040+0000] {dag.py:4156} INFO - Setting next_dagrun for example_kubernetes_executor to None, run_after=None
[2024-09-13T14:35:10.057+0000] {processor.py:208} INFO - Processing /home/airflow/.local/lib/python3.12/site-packages/airflow/example_dags/example_kubernetes_executor.py took 0.087 seconds
[2024-09-13T14:35:40.554+0000] {processor.py:186} INFO - Started process (PID=237) to work on /home/airflow/.local/lib/python3.12/site-packages/airflow/example_dags/example_kubernetes_executor.py
[2024-09-13T14:35:40.555+0000] {processor.py:914} INFO - Processing file /home/airflow/.local/lib/python3.12/site-packages/airflow/example_dags/example_kubernetes_executor.py for tasks to queue
[2024-09-13T14:35:40.557+0000] {logging_mixin.py:190} INFO - [2024-09-13T14:35:40.557+0000] {dagbag.py:587} INFO - Filling up the DagBag from /home/airflow/.local/lib/python3.12/site-packages/airflow/example_dags/example_kubernetes_executor.py
[2024-09-13T14:35:40.570+0000] {processor.py:925} INFO - DAG(s) 'example_kubernetes_executor' retrieved from /home/airflow/.local/lib/python3.12/site-packages/airflow/example_dags/example_kubernetes_executor.py
[2024-09-13T14:35:40.606+0000] {logging_mixin.py:190} INFO - [2024-09-13T14:35:40.606+0000] {dag.py:3229} INFO - Sync 1 DAGs
[2024-09-13T14:35:40.620+0000] {logging_mixin.py:190} INFO - [2024-09-13T14:35:40.619+0000] {dag.py:4156} INFO - Setting next_dagrun for example_kubernetes_executor to None, run_after=None
[2024-09-13T14:35:40.641+0000] {processor.py:208} INFO - Processing /home/airflow/.local/lib/python3.12/site-packages/airflow/example_dags/example_kubernetes_executor.py took 0.092 seconds
[2024-09-13T14:36:10.834+0000] {processor.py:186} INFO - Started process (PID=299) to work on /home/airflow/.local/lib/python3.12/site-packages/airflow/example_dags/example_kubernetes_executor.py
[2024-09-13T14:36:10.835+0000] {processor.py:914} INFO - Processing file /home/airflow/.local/lib/python3.12/site-packages/airflow/example_dags/example_kubernetes_executor.py for tasks to queue
[2024-09-13T14:36:10.837+0000] {logging_mixin.py:190} INFO - [2024-09-13T14:36:10.837+0000] {dagbag.py:587} INFO - Filling up the DagBag from /home/airflow/.local/lib/python3.12/site-packages/airflow/example_dags/example_kubernetes_executor.py
[2024-09-13T14:36:10.849+0000] {processor.py:925} INFO - DAG(s) 'example_kubernetes_executor' retrieved from /home/airflow/.local/lib/python3.12/site-packages/airflow/example_dags/example_kubernetes_executor.py
[2024-09-13T14:36:10.883+0000] {logging_mixin.py:190} INFO - [2024-09-13T14:36:10.882+0000] {dag.py:3229} INFO - Sync 1 DAGs
[2024-09-13T14:36:10.895+0000] {logging_mixin.py:190} INFO - [2024-09-13T14:36:10.895+0000] {dag.py:4156} INFO - Setting next_dagrun for example_kubernetes_executor to None, run_after=None
[2024-09-13T14:36:10.911+0000] {processor.py:208} INFO - Processing /home/airflow/.local/lib/python3.12/site-packages/airflow/example_dags/example_kubernetes_executor.py took 0.082 seconds
[2024-09-13T14:36:41.821+0000] {processor.py:186} INFO - Started process (PID=361) to work on /home/airflow/.local/lib/python3.12/site-packages/airflow/example_dags/example_kubernetes_executor.py
[2024-09-13T14:36:41.821+0000] {processor.py:914} INFO - Processing file /home/airflow/.local/lib/python3.12/site-packages/airflow/example_dags/example_kubernetes_executor.py for tasks to queue
[2024-09-13T14:36:41.824+0000] {logging_mixin.py:190} INFO - [2024-09-13T14:36:41.823+0000] {dagbag.py:587} INFO - Filling up the DagBag from /home/airflow/.local/lib/python3.12/site-packages/airflow/example_dags/example_kubernetes_executor.py
[2024-09-13T14:36:41.837+0000] {processor.py:925} INFO - DAG(s) 'example_kubernetes_executor' retrieved from /home/airflow/.local/lib/python3.12/site-packages/airflow/example_dags/example_kubernetes_executor.py
[2024-09-13T14:36:41.874+0000] {logging_mixin.py:190} INFO - [2024-09-13T14:36:41.874+0000] {dag.py:3229} INFO - Sync 1 DAGs
[2024-09-13T14:36:41.890+0000] {logging_mixin.py:190} INFO - [2024-09-13T14:36:41.889+0000] {dag.py:4156} INFO - Setting next_dagrun for example_kubernetes_executor to None, run_after=None
[2024-09-13T14:36:41.907+0000] {processor.py:208} INFO - Processing /home/airflow/.local/lib/python3.12/site-packages/airflow/example_dags/example_kubernetes_executor.py took 0.093 seconds
[2024-09-13T14:37:12.693+0000] {processor.py:186} INFO - Started process (PID=423) to work on /home/airflow/.local/lib/python3.12/site-packages/airflow/example_dags/example_kubernetes_executor.py
[2024-09-13T14:37:12.694+0000] {processor.py:914} INFO - Processing file /home/airflow/.local/lib/python3.12/site-packages/airflow/example_dags/example_kubernetes_executor.py for tasks to queue
[2024-09-13T14:37:12.696+0000] {logging_mixin.py:190} INFO - [2024-09-13T14:37:12.695+0000] {dagbag.py:587} INFO - Filling up the DagBag from /home/airflow/.local/lib/python3.12/site-packages/airflow/example_dags/example_kubernetes_executor.py
[2024-09-13T14:37:12.708+0000] {processor.py:925} INFO - DAG(s) 'example_kubernetes_executor' retrieved from /home/airflow/.local/lib/python3.12/site-packages/airflow/example_dags/example_kubernetes_executor.py
[2024-09-13T14:37:12.745+0000] {logging_mixin.py:190} INFO - [2024-09-13T14:37:12.744+0000] {dag.py:3229} INFO - Sync 1 DAGs
[2024-09-13T14:37:12.758+0000] {logging_mixin.py:190} INFO - [2024-09-13T14:37:12.758+0000] {dag.py:4156} INFO - Setting next_dagrun for example_kubernetes_executor to None, run_after=None
[2024-09-13T14:37:12.776+0000] {processor.py:208} INFO - Processing /home/airflow/.local/lib/python3.12/site-packages/airflow/example_dags/example_kubernetes_executor.py took 0.088 seconds
[2024-09-13T14:37:43.042+0000] {processor.py:186} INFO - Started process (PID=485) to work on /home/airflow/.local/lib/python3.12/site-packages/airflow/example_dags/example_kubernetes_executor.py
[2024-09-13T14:37:43.042+0000] {processor.py:914} INFO - Processing file /home/airflow/.local/lib/python3.12/site-packages/airflow/example_dags/example_kubernetes_executor.py for tasks to queue
[2024-09-13T14:37:43.045+0000] {logging_mixin.py:190} INFO - [2024-09-13T14:37:43.044+0000] {dagbag.py:587} INFO - Filling up the DagBag from /home/airflow/.local/lib/python3.12/site-packages/airflow/example_dags/example_kubernetes_executor.py
[2024-09-13T14:37:43.058+0000] {processor.py:925} INFO - DAG(s) 'example_kubernetes_executor' retrieved from /home/airflow/.local/lib/python3.12/site-packages/airflow/example_dags/example_kubernetes_executor.py
[2024-09-13T14:37:43.097+0000] {logging_mixin.py:190} INFO - [2024-09-13T14:37:43.097+0000] {dag.py:3229} INFO - Sync 1 DAGs
[2024-09-13T14:37:43.110+0000] {logging_mixin.py:190} INFO - [2024-09-13T14:37:43.109+0000] {dag.py:4156} INFO - Setting next_dagrun for example_kubernetes_executor to None, run_after=None
[2024-09-13T14:37:43.126+0000] {processor.py:208} INFO - Processing /home/airflow/.local/lib/python3.12/site-packages/airflow/example_dags/example_kubernetes_executor.py took 0.090 seconds
[2024-09-13T14:38:13.182+0000] {processor.py:186} INFO - Started process (PID=547) to work on /home/airflow/.local/lib/python3.12/site-packages/airflow/example_dags/example_kubernetes_executor.py
[2024-09-13T14:38:13.183+0000] {processor.py:914} INFO - Processing file /home/airflow/.local/lib/python3.12/site-packages/airflow/example_dags/example_kubernetes_executor.py for tasks to queue
[2024-09-13T14:38:13.185+0000] {logging_mixin.py:190} INFO - [2024-09-13T14:38:13.185+0000] {dagbag.py:587} INFO - Filling up the DagBag from /home/airflow/.local/lib/python3.12/site-packages/airflow/example_dags/example_kubernetes_executor.py
[2024-09-13T14:38:13.198+0000] {processor.py:925} INFO - DAG(s) 'example_kubernetes_executor' retrieved from /home/airflow/.local/lib/python3.12/site-packages/airflow/example_dags/example_kubernetes_executor.py
[2024-09-13T14:38:13.232+0000] {logging_mixin.py:190} INFO - [2024-09-13T14:38:13.231+0000] {dag.py:3229} INFO - Sync 1 DAGs
[2024-09-13T14:38:13.245+0000] {logging_mixin.py:190} INFO - [2024-09-13T14:38:13.245+0000] {dag.py:4156} INFO - Setting next_dagrun for example_kubernetes_executor to None, run_after=None
[2024-09-13T14:38:13.261+0000] {processor.py:208} INFO - Processing /home/airflow/.local/lib/python3.12/site-packages/airflow/example_dags/example_kubernetes_executor.py took 0.085 seconds
[2024-09-13T14:39:34.447+0000] {processor.py:186} INFO - Started process (PID=107) to work on /home/airflow/.local/lib/python3.12/site-packages/airflow/example_dags/example_kubernetes_executor.py
[2024-09-13T14:39:34.448+0000] {processor.py:914} INFO - Processing file /home/airflow/.local/lib/python3.12/site-packages/airflow/example_dags/example_kubernetes_executor.py for tasks to queue
[2024-09-13T14:39:34.450+0000] {logging_mixin.py:190} INFO - [2024-09-13T14:39:34.450+0000] {dagbag.py:587} INFO - Filling up the DagBag from /home/airflow/.local/lib/python3.12/site-packages/airflow/example_dags/example_kubernetes_executor.py
[2024-09-13T14:39:34.464+0000] {processor.py:925} INFO - DAG(s) 'example_kubernetes_executor' retrieved from /home/airflow/.local/lib/python3.12/site-packages/airflow/example_dags/example_kubernetes_executor.py
[2024-09-13T14:39:34.499+0000] {logging_mixin.py:190} INFO - [2024-09-13T14:39:34.499+0000] {dag.py:3229} INFO - Sync 1 DAGs
[2024-09-13T14:39:34.512+0000] {logging_mixin.py:190} INFO - [2024-09-13T14:39:34.511+0000] {dag.py:4156} INFO - Setting next_dagrun for example_kubernetes_executor to None, run_after=None
[2024-09-13T14:39:34.528+0000] {processor.py:208} INFO - Processing /home/airflow/.local/lib/python3.12/site-packages/airflow/example_dags/example_kubernetes_executor.py took 0.086 seconds
[2024-09-13T14:40:05.264+0000] {processor.py:186} INFO - Started process (PID=169) to work on /home/airflow/.local/lib/python3.12/site-packages/airflow/example_dags/example_kubernetes_executor.py
[2024-09-13T14:40:05.265+0000] {processor.py:914} INFO - Processing file /home/airflow/.local/lib/python3.12/site-packages/airflow/example_dags/example_kubernetes_executor.py for tasks to queue
[2024-09-13T14:40:05.267+0000] {logging_mixin.py:190} INFO - [2024-09-13T14:40:05.266+0000] {dagbag.py:587} INFO - Filling up the DagBag from /home/airflow/.local/lib/python3.12/site-packages/airflow/example_dags/example_kubernetes_executor.py
[2024-09-13T14:40:05.280+0000] {processor.py:925} INFO - DAG(s) 'example_kubernetes_executor' retrieved from /home/airflow/.local/lib/python3.12/site-packages/airflow/example_dags/example_kubernetes_executor.py
[2024-09-13T14:40:05.319+0000] {logging_mixin.py:190} INFO - [2024-09-13T14:40:05.319+0000] {dag.py:3229} INFO - Sync 1 DAGs
[2024-09-13T14:40:05.332+0000] {logging_mixin.py:190} INFO - [2024-09-13T14:40:05.332+0000] {dag.py:4156} INFO - Setting next_dagrun for example_kubernetes_executor to None, run_after=None
[2024-09-13T14:40:05.351+0000] {processor.py:208} INFO - Processing /home/airflow/.local/lib/python3.12/site-packages/airflow/example_dags/example_kubernetes_executor.py took 0.093 seconds
[2024-09-13T14:40:35.503+0000] {processor.py:186} INFO - Started process (PID=231) to work on /home/airflow/.local/lib/python3.12/site-packages/airflow/example_dags/example_kubernetes_executor.py
[2024-09-13T14:40:35.504+0000] {processor.py:914} INFO - Processing file /home/airflow/.local/lib/python3.12/site-packages/airflow/example_dags/example_kubernetes_executor.py for tasks to queue
[2024-09-13T14:40:35.506+0000] {logging_mixin.py:190} INFO - [2024-09-13T14:40:35.505+0000] {dagbag.py:587} INFO - Filling up the DagBag from /home/airflow/.local/lib/python3.12/site-packages/airflow/example_dags/example_kubernetes_executor.py
[2024-09-13T14:40:35.517+0000] {processor.py:925} INFO - DAG(s) 'example_kubernetes_executor' retrieved from /home/airflow/.local/lib/python3.12/site-packages/airflow/example_dags/example_kubernetes_executor.py
[2024-09-13T14:40:35.549+0000] {logging_mixin.py:190} INFO - [2024-09-13T14:40:35.549+0000] {dag.py:3229} INFO - Sync 1 DAGs
[2024-09-13T14:40:35.563+0000] {logging_mixin.py:190} INFO - [2024-09-13T14:40:35.563+0000] {dag.py:4156} INFO - Setting next_dagrun for example_kubernetes_executor to None, run_after=None
[2024-09-13T14:40:35.580+0000] {processor.py:208} INFO - Processing /home/airflow/.local/lib/python3.12/site-packages/airflow/example_dags/example_kubernetes_executor.py took 0.082 seconds
[2024-09-13T14:41:27.136+0000] {processor.py:186} INFO - Started process (PID=100) to work on /home/airflow/.local/lib/python3.12/site-packages/airflow/example_dags/example_kubernetes_executor.py
[2024-09-13T14:41:27.137+0000] {processor.py:914} INFO - Processing file /home/airflow/.local/lib/python3.12/site-packages/airflow/example_dags/example_kubernetes_executor.py for tasks to queue
[2024-09-13T14:41:27.139+0000] {logging_mixin.py:190} INFO - [2024-09-13T14:41:27.138+0000] {dagbag.py:587} INFO - Filling up the DagBag from /home/airflow/.local/lib/python3.12/site-packages/airflow/example_dags/example_kubernetes_executor.py
[2024-09-13T14:41:27.153+0000] {processor.py:925} INFO - DAG(s) 'example_kubernetes_executor' retrieved from /home/airflow/.local/lib/python3.12/site-packages/airflow/example_dags/example_kubernetes_executor.py
[2024-09-13T14:41:27.190+0000] {logging_mixin.py:190} INFO - [2024-09-13T14:41:27.190+0000] {dag.py:3229} INFO - Sync 1 DAGs
[2024-09-13T14:41:27.204+0000] {logging_mixin.py:190} INFO - [2024-09-13T14:41:27.204+0000] {dag.py:4156} INFO - Setting next_dagrun for example_kubernetes_executor to None, run_after=None
[2024-09-13T14:41:27.235+0000] {processor.py:208} INFO - Processing /home/airflow/.local/lib/python3.12/site-packages/airflow/example_dags/example_kubernetes_executor.py took 0.106 seconds
[2024-09-13T14:41:57.919+0000] {processor.py:186} INFO - Started process (PID=162) to work on /home/airflow/.local/lib/python3.12/site-packages/airflow/example_dags/example_kubernetes_executor.py
[2024-09-13T14:41:57.920+0000] {processor.py:914} INFO - Processing file /home/airflow/.local/lib/python3.12/site-packages/airflow/example_dags/example_kubernetes_executor.py for tasks to queue
[2024-09-13T14:41:57.922+0000] {logging_mixin.py:190} INFO - [2024-09-13T14:41:57.921+0000] {dagbag.py:587} INFO - Filling up the DagBag from /home/airflow/.local/lib/python3.12/site-packages/airflow/example_dags/example_kubernetes_executor.py
[2024-09-13T14:41:57.933+0000] {processor.py:925} INFO - DAG(s) 'example_kubernetes_executor' retrieved from /home/airflow/.local/lib/python3.12/site-packages/airflow/example_dags/example_kubernetes_executor.py
[2024-09-13T14:41:57.965+0000] {logging_mixin.py:190} INFO - [2024-09-13T14:41:57.965+0000] {dag.py:3229} INFO - Sync 1 DAGs
[2024-09-13T14:41:57.979+0000] {logging_mixin.py:190} INFO - [2024-09-13T14:41:57.979+0000] {dag.py:4156} INFO - Setting next_dagrun for example_kubernetes_executor to None, run_after=None
[2024-09-13T14:41:57.997+0000] {processor.py:208} INFO - Processing /home/airflow/.local/lib/python3.12/site-packages/airflow/example_dags/example_kubernetes_executor.py took 0.083 seconds
[2024-09-13T14:42:28.938+0000] {processor.py:186} INFO - Started process (PID=224) to work on /home/airflow/.local/lib/python3.12/site-packages/airflow/example_dags/example_kubernetes_executor.py
[2024-09-13T14:42:28.939+0000] {processor.py:914} INFO - Processing file /home/airflow/.local/lib/python3.12/site-packages/airflow/example_dags/example_kubernetes_executor.py for tasks to queue
[2024-09-13T14:42:28.941+0000] {logging_mixin.py:190} INFO - [2024-09-13T14:42:28.941+0000] {dagbag.py:587} INFO - Filling up the DagBag from /home/airflow/.local/lib/python3.12/site-packages/airflow/example_dags/example_kubernetes_executor.py
[2024-09-13T14:42:28.962+0000] {processor.py:925} INFO - DAG(s) 'example_kubernetes_executor' retrieved from /home/airflow/.local/lib/python3.12/site-packages/airflow/example_dags/example_kubernetes_executor.py
[2024-09-13T14:42:28.999+0000] {logging_mixin.py:190} INFO - [2024-09-13T14:42:28.998+0000] {dag.py:3229} INFO - Sync 1 DAGs
[2024-09-13T14:42:29.012+0000] {logging_mixin.py:190} INFO - [2024-09-13T14:42:29.012+0000] {dag.py:4156} INFO - Setting next_dagrun for example_kubernetes_executor to None, run_after=None
[2024-09-13T14:42:29.028+0000] {processor.py:208} INFO - Processing /home/airflow/.local/lib/python3.12/site-packages/airflow/example_dags/example_kubernetes_executor.py took 0.095 seconds
[2024-09-13T14:43:00.086+0000] {processor.py:186} INFO - Started process (PID=286) to work on /home/airflow/.local/lib/python3.12/site-packages/airflow/example_dags/example_kubernetes_executor.py
[2024-09-13T14:43:00.088+0000] {processor.py:914} INFO - Processing file /home/airflow/.local/lib/python3.12/site-packages/airflow/example_dags/example_kubernetes_executor.py for tasks to queue
[2024-09-13T14:43:00.090+0000] {logging_mixin.py:190} INFO - [2024-09-13T14:43:00.090+0000] {dagbag.py:587} INFO - Filling up the DagBag from /home/airflow/.local/lib/python3.12/site-packages/airflow/example_dags/example_kubernetes_executor.py
[2024-09-13T14:43:00.120+0000] {processor.py:925} INFO - DAG(s) 'example_kubernetes_executor' retrieved from /home/airflow/.local/lib/python3.12/site-packages/airflow/example_dags/example_kubernetes_executor.py
[2024-09-13T14:43:00.158+0000] {logging_mixin.py:190} INFO - [2024-09-13T14:43:00.158+0000] {dag.py:3229} INFO - Sync 1 DAGs
[2024-09-13T14:43:00.169+0000] {logging_mixin.py:190} INFO - [2024-09-13T14:43:00.169+0000] {dag.py:4156} INFO - Setting next_dagrun for example_kubernetes_executor to None, run_after=None
[2024-09-13T14:43:00.184+0000] {processor.py:208} INFO - Processing /home/airflow/.local/lib/python3.12/site-packages/airflow/example_dags/example_kubernetes_executor.py took 0.105 seconds
