[2024-09-13T14:34:32.142+0000] {processor.py:186} INFO - Started process (PID=63) to work on /home/airflow/.local/lib/python3.12/site-packages/airflow/example_dags/example_branch_python_dop_operator_3.py
[2024-09-13T14:34:32.143+0000] {processor.py:914} INFO - Processing file /home/airflow/.local/lib/python3.12/site-packages/airflow/example_dags/example_branch_python_dop_operator_3.py for tasks to queue
[2024-09-13T14:34:32.145+0000] {logging_mixin.py:190} INFO - [2024-09-13T14:34:32.145+0000] {dagbag.py:587} INFO - Filling up the DagBag from /home/airflow/.local/lib/python3.12/site-packages/airflow/example_dags/example_branch_python_dop_operator_3.py
[2024-09-13T14:34:32.158+0000] {processor.py:925} INFO - DAG(s) 'example_branch_dop_operator_v3' retrieved from /home/airflow/.local/lib/python3.12/site-packages/airflow/example_dags/example_branch_python_dop_operator_3.py
[2024-09-13T14:34:32.327+0000] {logging_mixin.py:190} INFO - [2024-09-13T14:34:32.326+0000] {override.py:1900} INFO - Created Permission View: can read on DAG:example_branch_dop_operator_v3
[2024-09-13T14:34:32.341+0000] {logging_mixin.py:190} INFO - [2024-09-13T14:34:32.340+0000] {override.py:1900} INFO - Created Permission View: can delete on DAG:example_branch_dop_operator_v3
[2024-09-13T14:34:32.350+0000] {logging_mixin.py:190} INFO - [2024-09-13T14:34:32.350+0000] {override.py:1900} INFO - Created Permission View: can edit on DAG:example_branch_dop_operator_v3
[2024-09-13T14:34:32.362+0000] {logging_mixin.py:190} INFO - [2024-09-13T14:34:32.361+0000] {override.py:1900} INFO - Created Permission View: can create on DAG Run:example_branch_dop_operator_v3
[2024-09-13T14:34:32.371+0000] {logging_mixin.py:190} INFO - [2024-09-13T14:34:32.371+0000] {override.py:1900} INFO - Created Permission View: menu access on DAG Run:example_branch_dop_operator_v3
[2024-09-13T14:34:32.382+0000] {logging_mixin.py:190} INFO - [2024-09-13T14:34:32.381+0000] {override.py:1900} INFO - Created Permission View: can read on DAG Run:example_branch_dop_operator_v3
[2024-09-13T14:34:32.391+0000] {logging_mixin.py:190} INFO - [2024-09-13T14:34:32.391+0000] {override.py:1900} INFO - Created Permission View: can delete on DAG Run:example_branch_dop_operator_v3
[2024-09-13T14:34:32.391+0000] {logging_mixin.py:190} INFO - [2024-09-13T14:34:32.391+0000] {dag.py:3229} INFO - Sync 1 DAGs
[2024-09-13T14:34:32.407+0000] {logging_mixin.py:190} INFO - [2024-09-13T14:34:32.406+0000] {dag.py:3252} INFO - Creating ORM DAG for example_branch_dop_operator_v3
[2024-09-13T14:34:32.423+0000] {logging_mixin.py:190} INFO - [2024-09-13T14:34:32.423+0000] {dag.py:4156} INFO - Setting next_dagrun for example_branch_dop_operator_v3 to 2024-09-13 14:33:00+00:00, run_after=2024-09-13 14:34:00+00:00
[2024-09-13T14:34:32.445+0000] {processor.py:208} INFO - Processing /home/airflow/.local/lib/python3.12/site-packages/airflow/example_dags/example_branch_python_dop_operator_3.py took 0.310 seconds
[2024-09-13T14:35:02.635+0000] {processor.py:186} INFO - Started process (PID=125) to work on /home/airflow/.local/lib/python3.12/site-packages/airflow/example_dags/example_branch_python_dop_operator_3.py
[2024-09-13T14:35:02.636+0000] {processor.py:914} INFO - Processing file /home/airflow/.local/lib/python3.12/site-packages/airflow/example_dags/example_branch_python_dop_operator_3.py for tasks to queue
[2024-09-13T14:35:02.638+0000] {logging_mixin.py:190} INFO - [2024-09-13T14:35:02.638+0000] {dagbag.py:587} INFO - Filling up the DagBag from /home/airflow/.local/lib/python3.12/site-packages/airflow/example_dags/example_branch_python_dop_operator_3.py
[2024-09-13T14:35:02.647+0000] {processor.py:925} INFO - DAG(s) 'example_branch_dop_operator_v3' retrieved from /home/airflow/.local/lib/python3.12/site-packages/airflow/example_dags/example_branch_python_dop_operator_3.py
[2024-09-13T14:35:02.668+0000] {logging_mixin.py:190} INFO - [2024-09-13T14:35:02.668+0000] {dag.py:3229} INFO - Sync 1 DAGs
[2024-09-13T14:35:02.692+0000] {logging_mixin.py:190} INFO - [2024-09-13T14:35:02.692+0000] {dag.py:4156} INFO - Setting next_dagrun for example_branch_dop_operator_v3 to 2024-09-13 14:34:00+00:00, run_after=2024-09-13 14:35:00+00:00
[2024-09-13T14:35:02.709+0000] {processor.py:208} INFO - Processing /home/airflow/.local/lib/python3.12/site-packages/airflow/example_dags/example_branch_python_dop_operator_3.py took 0.079 seconds
[2024-09-13T14:35:32.912+0000] {processor.py:186} INFO - Started process (PID=187) to work on /home/airflow/.local/lib/python3.12/site-packages/airflow/example_dags/example_branch_python_dop_operator_3.py
[2024-09-13T14:35:32.914+0000] {processor.py:914} INFO - Processing file /home/airflow/.local/lib/python3.12/site-packages/airflow/example_dags/example_branch_python_dop_operator_3.py for tasks to queue
[2024-09-13T14:35:32.917+0000] {logging_mixin.py:190} INFO - [2024-09-13T14:35:32.917+0000] {dagbag.py:587} INFO - Filling up the DagBag from /home/airflow/.local/lib/python3.12/site-packages/airflow/example_dags/example_branch_python_dop_operator_3.py
[2024-09-13T14:35:32.937+0000] {processor.py:925} INFO - DAG(s) 'example_branch_dop_operator_v3' retrieved from /home/airflow/.local/lib/python3.12/site-packages/airflow/example_dags/example_branch_python_dop_operator_3.py
[2024-09-13T14:35:32.975+0000] {logging_mixin.py:190} INFO - [2024-09-13T14:35:32.974+0000] {dag.py:3229} INFO - Sync 1 DAGs
[2024-09-13T14:35:33.015+0000] {logging_mixin.py:190} INFO - [2024-09-13T14:35:33.015+0000] {dag.py:4156} INFO - Setting next_dagrun for example_branch_dop_operator_v3 to 2024-09-13 14:34:00+00:00, run_after=2024-09-13 14:35:00+00:00
[2024-09-13T14:35:33.039+0000] {processor.py:208} INFO - Processing /home/airflow/.local/lib/python3.12/site-packages/airflow/example_dags/example_branch_python_dop_operator_3.py took 0.135 seconds
[2024-09-13T14:36:03.488+0000] {processor.py:186} INFO - Started process (PID=249) to work on /home/airflow/.local/lib/python3.12/site-packages/airflow/example_dags/example_branch_python_dop_operator_3.py
[2024-09-13T14:36:03.488+0000] {processor.py:914} INFO - Processing file /home/airflow/.local/lib/python3.12/site-packages/airflow/example_dags/example_branch_python_dop_operator_3.py for tasks to queue
[2024-09-13T14:36:03.490+0000] {logging_mixin.py:190} INFO - [2024-09-13T14:36:03.490+0000] {dagbag.py:587} INFO - Filling up the DagBag from /home/airflow/.local/lib/python3.12/site-packages/airflow/example_dags/example_branch_python_dop_operator_3.py
[2024-09-13T14:36:03.501+0000] {processor.py:925} INFO - DAG(s) 'example_branch_dop_operator_v3' retrieved from /home/airflow/.local/lib/python3.12/site-packages/airflow/example_dags/example_branch_python_dop_operator_3.py
[2024-09-13T14:36:03.521+0000] {logging_mixin.py:190} INFO - [2024-09-13T14:36:03.521+0000] {dag.py:3229} INFO - Sync 1 DAGs
[2024-09-13T14:36:03.554+0000] {logging_mixin.py:190} INFO - [2024-09-13T14:36:03.553+0000] {dag.py:4156} INFO - Setting next_dagrun for example_branch_dop_operator_v3 to 2024-09-13 14:35:00+00:00, run_after=2024-09-13 14:36:00+00:00
[2024-09-13T14:36:03.572+0000] {processor.py:208} INFO - Processing /home/airflow/.local/lib/python3.12/site-packages/airflow/example_dags/example_branch_python_dop_operator_3.py took 0.089 seconds
[2024-09-13T14:36:33.683+0000] {processor.py:186} INFO - Started process (PID=311) to work on /home/airflow/.local/lib/python3.12/site-packages/airflow/example_dags/example_branch_python_dop_operator_3.py
[2024-09-13T14:36:33.684+0000] {processor.py:914} INFO - Processing file /home/airflow/.local/lib/python3.12/site-packages/airflow/example_dags/example_branch_python_dop_operator_3.py for tasks to queue
[2024-09-13T14:36:33.686+0000] {logging_mixin.py:190} INFO - [2024-09-13T14:36:33.686+0000] {dagbag.py:587} INFO - Filling up the DagBag from /home/airflow/.local/lib/python3.12/site-packages/airflow/example_dags/example_branch_python_dop_operator_3.py
[2024-09-13T14:36:33.697+0000] {processor.py:925} INFO - DAG(s) 'example_branch_dop_operator_v3' retrieved from /home/airflow/.local/lib/python3.12/site-packages/airflow/example_dags/example_branch_python_dop_operator_3.py
[2024-09-13T14:36:33.717+0000] {logging_mixin.py:190} INFO - [2024-09-13T14:36:33.717+0000] {dag.py:3229} INFO - Sync 1 DAGs
[2024-09-13T14:36:33.741+0000] {logging_mixin.py:190} INFO - [2024-09-13T14:36:33.741+0000] {dag.py:4156} INFO - Setting next_dagrun for example_branch_dop_operator_v3 to 2024-09-13 14:35:00+00:00, run_after=2024-09-13 14:36:00+00:00
[2024-09-13T14:36:33.759+0000] {processor.py:208} INFO - Processing /home/airflow/.local/lib/python3.12/site-packages/airflow/example_dags/example_branch_python_dop_operator_3.py took 0.080 seconds
[2024-09-13T14:37:04.666+0000] {processor.py:186} INFO - Started process (PID=373) to work on /home/airflow/.local/lib/python3.12/site-packages/airflow/example_dags/example_branch_python_dop_operator_3.py
[2024-09-13T14:37:04.667+0000] {processor.py:914} INFO - Processing file /home/airflow/.local/lib/python3.12/site-packages/airflow/example_dags/example_branch_python_dop_operator_3.py for tasks to queue
[2024-09-13T14:37:04.669+0000] {logging_mixin.py:190} INFO - [2024-09-13T14:37:04.669+0000] {dagbag.py:587} INFO - Filling up the DagBag from /home/airflow/.local/lib/python3.12/site-packages/airflow/example_dags/example_branch_python_dop_operator_3.py
[2024-09-13T14:37:04.680+0000] {processor.py:925} INFO - DAG(s) 'example_branch_dop_operator_v3' retrieved from /home/airflow/.local/lib/python3.12/site-packages/airflow/example_dags/example_branch_python_dop_operator_3.py
[2024-09-13T14:37:04.699+0000] {logging_mixin.py:190} INFO - [2024-09-13T14:37:04.699+0000] {dag.py:3229} INFO - Sync 1 DAGs
[2024-09-13T14:37:04.724+0000] {logging_mixin.py:190} INFO - [2024-09-13T14:37:04.724+0000] {dag.py:4156} INFO - Setting next_dagrun for example_branch_dop_operator_v3 to 2024-09-13 14:36:00+00:00, run_after=2024-09-13 14:37:00+00:00
[2024-09-13T14:37:04.741+0000] {processor.py:208} INFO - Processing /home/airflow/.local/lib/python3.12/site-packages/airflow/example_dags/example_branch_python_dop_operator_3.py took 0.080 seconds
[2024-09-13T14:37:35.528+0000] {processor.py:186} INFO - Started process (PID=435) to work on /home/airflow/.local/lib/python3.12/site-packages/airflow/example_dags/example_branch_python_dop_operator_3.py
[2024-09-13T14:37:35.531+0000] {processor.py:914} INFO - Processing file /home/airflow/.local/lib/python3.12/site-packages/airflow/example_dags/example_branch_python_dop_operator_3.py for tasks to queue
[2024-09-13T14:37:35.534+0000] {logging_mixin.py:190} INFO - [2024-09-13T14:37:35.533+0000] {dagbag.py:587} INFO - Filling up the DagBag from /home/airflow/.local/lib/python3.12/site-packages/airflow/example_dags/example_branch_python_dop_operator_3.py
[2024-09-13T14:37:35.555+0000] {processor.py:925} INFO - DAG(s) 'example_branch_dop_operator_v3' retrieved from /home/airflow/.local/lib/python3.12/site-packages/airflow/example_dags/example_branch_python_dop_operator_3.py
[2024-09-13T14:37:35.588+0000] {logging_mixin.py:190} INFO - [2024-09-13T14:37:35.588+0000] {dag.py:3229} INFO - Sync 1 DAGs
[2024-09-13T14:37:35.632+0000] {logging_mixin.py:190} INFO - [2024-09-13T14:37:35.631+0000] {dag.py:4156} INFO - Setting next_dagrun for example_branch_dop_operator_v3 to 2024-09-13 14:36:00+00:00, run_after=2024-09-13 14:37:00+00:00
[2024-09-13T14:37:35.651+0000] {processor.py:208} INFO - Processing /home/airflow/.local/lib/python3.12/site-packages/airflow/example_dags/example_branch_python_dop_operator_3.py took 0.130 seconds
[2024-09-13T14:38:06.054+0000] {processor.py:186} INFO - Started process (PID=497) to work on /home/airflow/.local/lib/python3.12/site-packages/airflow/example_dags/example_branch_python_dop_operator_3.py
[2024-09-13T14:38:06.055+0000] {processor.py:914} INFO - Processing file /home/airflow/.local/lib/python3.12/site-packages/airflow/example_dags/example_branch_python_dop_operator_3.py for tasks to queue
[2024-09-13T14:38:06.058+0000] {logging_mixin.py:190} INFO - [2024-09-13T14:38:06.057+0000] {dagbag.py:587} INFO - Filling up the DagBag from /home/airflow/.local/lib/python3.12/site-packages/airflow/example_dags/example_branch_python_dop_operator_3.py
[2024-09-13T14:38:06.069+0000] {processor.py:925} INFO - DAG(s) 'example_branch_dop_operator_v3' retrieved from /home/airflow/.local/lib/python3.12/site-packages/airflow/example_dags/example_branch_python_dop_operator_3.py
[2024-09-13T14:38:06.091+0000] {logging_mixin.py:190} INFO - [2024-09-13T14:38:06.090+0000] {dag.py:3229} INFO - Sync 1 DAGs
[2024-09-13T14:38:06.117+0000] {logging_mixin.py:190} INFO - [2024-09-13T14:38:06.117+0000] {dag.py:4156} INFO - Setting next_dagrun for example_branch_dop_operator_v3 to 2024-09-13 14:37:00+00:00, run_after=2024-09-13 14:38:00+00:00
[2024-09-13T14:38:06.134+0000] {processor.py:208} INFO - Processing /home/airflow/.local/lib/python3.12/site-packages/airflow/example_dags/example_branch_python_dop_operator_3.py took 0.085 seconds
[2024-09-13T14:39:30.688+0000] {processor.py:186} INFO - Started process (PID=63) to work on /home/airflow/.local/lib/python3.12/site-packages/airflow/example_dags/example_branch_python_dop_operator_3.py
[2024-09-13T14:39:30.689+0000] {processor.py:914} INFO - Processing file /home/airflow/.local/lib/python3.12/site-packages/airflow/example_dags/example_branch_python_dop_operator_3.py for tasks to queue
[2024-09-13T14:39:30.691+0000] {logging_mixin.py:190} INFO - [2024-09-13T14:39:30.691+0000] {dagbag.py:587} INFO - Filling up the DagBag from /home/airflow/.local/lib/python3.12/site-packages/airflow/example_dags/example_branch_python_dop_operator_3.py
[2024-09-13T14:39:30.706+0000] {processor.py:925} INFO - DAG(s) 'example_branch_dop_operator_v3' retrieved from /home/airflow/.local/lib/python3.12/site-packages/airflow/example_dags/example_branch_python_dop_operator_3.py
[2024-09-13T14:39:30.731+0000] {logging_mixin.py:190} INFO - [2024-09-13T14:39:30.731+0000] {dag.py:3229} INFO - Sync 1 DAGs
[2024-09-13T14:39:30.758+0000] {logging_mixin.py:190} INFO - [2024-09-13T14:39:30.758+0000] {dag.py:4156} INFO - Setting next_dagrun for example_branch_dop_operator_v3 to 2024-09-13 14:38:00+00:00, run_after=2024-09-13 14:39:00+00:00
[2024-09-13T14:39:30.778+0000] {processor.py:208} INFO - Processing /home/airflow/.local/lib/python3.12/site-packages/airflow/example_dags/example_branch_python_dop_operator_3.py took 0.094 seconds
[2024-09-13T14:40:01.182+0000] {processor.py:186} INFO - Started process (PID=125) to work on /home/airflow/.local/lib/python3.12/site-packages/airflow/example_dags/example_branch_python_dop_operator_3.py
[2024-09-13T14:40:01.183+0000] {processor.py:914} INFO - Processing file /home/airflow/.local/lib/python3.12/site-packages/airflow/example_dags/example_branch_python_dop_operator_3.py for tasks to queue
[2024-09-13T14:40:01.186+0000] {logging_mixin.py:190} INFO - [2024-09-13T14:40:01.185+0000] {dagbag.py:587} INFO - Filling up the DagBag from /home/airflow/.local/lib/python3.12/site-packages/airflow/example_dags/example_branch_python_dop_operator_3.py
[2024-09-13T14:40:01.197+0000] {processor.py:925} INFO - DAG(s) 'example_branch_dop_operator_v3' retrieved from /home/airflow/.local/lib/python3.12/site-packages/airflow/example_dags/example_branch_python_dop_operator_3.py
[2024-09-13T14:40:01.219+0000] {logging_mixin.py:190} INFO - [2024-09-13T14:40:01.219+0000] {dag.py:3229} INFO - Sync 1 DAGs
[2024-09-13T14:40:01.244+0000] {logging_mixin.py:190} INFO - [2024-09-13T14:40:01.243+0000] {dag.py:4156} INFO - Setting next_dagrun for example_branch_dop_operator_v3 to 2024-09-13 14:39:00+00:00, run_after=2024-09-13 14:40:00+00:00
[2024-09-13T14:40:01.263+0000] {processor.py:208} INFO - Processing /home/airflow/.local/lib/python3.12/site-packages/airflow/example_dags/example_branch_python_dop_operator_3.py took 0.086 seconds
[2024-09-13T14:40:32.261+0000] {processor.py:186} INFO - Started process (PID=187) to work on /home/airflow/.local/lib/python3.12/site-packages/airflow/example_dags/example_branch_python_dop_operator_3.py
[2024-09-13T14:40:32.263+0000] {processor.py:914} INFO - Processing file /home/airflow/.local/lib/python3.12/site-packages/airflow/example_dags/example_branch_python_dop_operator_3.py for tasks to queue
[2024-09-13T14:40:32.265+0000] {logging_mixin.py:190} INFO - [2024-09-13T14:40:32.265+0000] {dagbag.py:587} INFO - Filling up the DagBag from /home/airflow/.local/lib/python3.12/site-packages/airflow/example_dags/example_branch_python_dop_operator_3.py
[2024-09-13T14:40:32.276+0000] {processor.py:925} INFO - DAG(s) 'example_branch_dop_operator_v3' retrieved from /home/airflow/.local/lib/python3.12/site-packages/airflow/example_dags/example_branch_python_dop_operator_3.py
[2024-09-13T14:40:32.296+0000] {logging_mixin.py:190} INFO - [2024-09-13T14:40:32.295+0000] {dag.py:3229} INFO - Sync 1 DAGs
[2024-09-13T14:40:32.319+0000] {logging_mixin.py:190} INFO - [2024-09-13T14:40:32.319+0000] {dag.py:4156} INFO - Setting next_dagrun for example_branch_dop_operator_v3 to 2024-09-13 14:39:00+00:00, run_after=2024-09-13 14:40:00+00:00
[2024-09-13T14:40:32.336+0000] {processor.py:208} INFO - Processing /home/airflow/.local/lib/python3.12/site-packages/airflow/example_dags/example_branch_python_dop_operator_3.py took 0.081 seconds
[2024-09-13T14:41:23.736+0000] {processor.py:186} INFO - Started process (PID=56) to work on /home/airflow/.local/lib/python3.12/site-packages/airflow/example_dags/example_branch_python_dop_operator_3.py
[2024-09-13T14:41:23.737+0000] {processor.py:914} INFO - Processing file /home/airflow/.local/lib/python3.12/site-packages/airflow/example_dags/example_branch_python_dop_operator_3.py for tasks to queue
[2024-09-13T14:41:23.739+0000] {logging_mixin.py:190} INFO - [2024-09-13T14:41:23.739+0000] {dagbag.py:587} INFO - Filling up the DagBag from /home/airflow/.local/lib/python3.12/site-packages/airflow/example_dags/example_branch_python_dop_operator_3.py
[2024-09-13T14:41:23.749+0000] {processor.py:925} INFO - DAG(s) 'example_branch_dop_operator_v3' retrieved from /home/airflow/.local/lib/python3.12/site-packages/airflow/example_dags/example_branch_python_dop_operator_3.py
[2024-09-13T14:41:23.777+0000] {logging_mixin.py:190} INFO - [2024-09-13T14:41:23.777+0000] {dag.py:3229} INFO - Sync 1 DAGs
[2024-09-13T14:41:23.802+0000] {logging_mixin.py:190} INFO - [2024-09-13T14:41:23.801+0000] {dag.py:4156} INFO - Setting next_dagrun for example_branch_dop_operator_v3 to 2024-09-13 14:40:00+00:00, run_after=2024-09-13 14:41:00+00:00
[2024-09-13T14:41:23.819+0000] {processor.py:208} INFO - Processing /home/airflow/.local/lib/python3.12/site-packages/airflow/example_dags/example_branch_python_dop_operator_3.py took 0.088 seconds
[2024-09-13T14:41:53.997+0000] {processor.py:186} INFO - Started process (PID=118) to work on /home/airflow/.local/lib/python3.12/site-packages/airflow/example_dags/example_branch_python_dop_operator_3.py
[2024-09-13T14:41:53.998+0000] {processor.py:914} INFO - Processing file /home/airflow/.local/lib/python3.12/site-packages/airflow/example_dags/example_branch_python_dop_operator_3.py for tasks to queue
[2024-09-13T14:41:54.001+0000] {logging_mixin.py:190} INFO - [2024-09-13T14:41:54.001+0000] {dagbag.py:587} INFO - Filling up the DagBag from /home/airflow/.local/lib/python3.12/site-packages/airflow/example_dags/example_branch_python_dop_operator_3.py
[2024-09-13T14:41:54.014+0000] {processor.py:925} INFO - DAG(s) 'example_branch_dop_operator_v3' retrieved from /home/airflow/.local/lib/python3.12/site-packages/airflow/example_dags/example_branch_python_dop_operator_3.py
[2024-09-13T14:41:54.039+0000] {logging_mixin.py:190} INFO - [2024-09-13T14:41:54.038+0000] {dag.py:3229} INFO - Sync 1 DAGs
[2024-09-13T14:41:54.069+0000] {logging_mixin.py:190} INFO - [2024-09-13T14:41:54.069+0000] {dag.py:4156} INFO - Setting next_dagrun for example_branch_dop_operator_v3 to 2024-09-13 14:40:00+00:00, run_after=2024-09-13 14:41:00+00:00
[2024-09-13T14:41:54.091+0000] {processor.py:208} INFO - Processing /home/airflow/.local/lib/python3.12/site-packages/airflow/example_dags/example_branch_python_dop_operator_3.py took 0.099 seconds
[2024-09-13T14:42:24.730+0000] {processor.py:186} INFO - Started process (PID=180) to work on /home/airflow/.local/lib/python3.12/site-packages/airflow/example_dags/example_branch_python_dop_operator_3.py
[2024-09-13T14:42:24.731+0000] {processor.py:914} INFO - Processing file /home/airflow/.local/lib/python3.12/site-packages/airflow/example_dags/example_branch_python_dop_operator_3.py for tasks to queue
[2024-09-13T14:42:24.733+0000] {logging_mixin.py:190} INFO - [2024-09-13T14:42:24.733+0000] {dagbag.py:587} INFO - Filling up the DagBag from /home/airflow/.local/lib/python3.12/site-packages/airflow/example_dags/example_branch_python_dop_operator_3.py
[2024-09-13T14:42:24.744+0000] {processor.py:925} INFO - DAG(s) 'example_branch_dop_operator_v3' retrieved from /home/airflow/.local/lib/python3.12/site-packages/airflow/example_dags/example_branch_python_dop_operator_3.py
[2024-09-13T14:42:24.764+0000] {logging_mixin.py:190} INFO - [2024-09-13T14:42:24.764+0000] {dag.py:3229} INFO - Sync 1 DAGs
[2024-09-13T14:42:24.790+0000] {logging_mixin.py:190} INFO - [2024-09-13T14:42:24.790+0000] {dag.py:4156} INFO - Setting next_dagrun for example_branch_dop_operator_v3 to 2024-09-13 14:41:00+00:00, run_after=2024-09-13 14:42:00+00:00
[2024-09-13T14:42:24.806+0000] {processor.py:208} INFO - Processing /home/airflow/.local/lib/python3.12/site-packages/airflow/example_dags/example_branch_python_dop_operator_3.py took 0.082 seconds
[2024-09-13T14:42:54.912+0000] {processor.py:186} INFO - Started process (PID=242) to work on /home/airflow/.local/lib/python3.12/site-packages/airflow/example_dags/example_branch_python_dop_operator_3.py
[2024-09-13T14:42:54.913+0000] {processor.py:914} INFO - Processing file /home/airflow/.local/lib/python3.12/site-packages/airflow/example_dags/example_branch_python_dop_operator_3.py for tasks to queue
[2024-09-13T14:42:54.915+0000] {logging_mixin.py:190} INFO - [2024-09-13T14:42:54.915+0000] {dagbag.py:587} INFO - Filling up the DagBag from /home/airflow/.local/lib/python3.12/site-packages/airflow/example_dags/example_branch_python_dop_operator_3.py
[2024-09-13T14:42:54.926+0000] {processor.py:925} INFO - DAG(s) 'example_branch_dop_operator_v3' retrieved from /home/airflow/.local/lib/python3.12/site-packages/airflow/example_dags/example_branch_python_dop_operator_3.py
[2024-09-13T14:42:54.948+0000] {logging_mixin.py:190} INFO - [2024-09-13T14:42:54.948+0000] {dag.py:3229} INFO - Sync 1 DAGs
[2024-09-13T14:42:54.976+0000] {logging_mixin.py:190} INFO - [2024-09-13T14:42:54.976+0000] {dag.py:4156} INFO - Setting next_dagrun for example_branch_dop_operator_v3 to 2024-09-13 14:41:00+00:00, run_after=2024-09-13 14:42:00+00:00
[2024-09-13T14:42:54.996+0000] {processor.py:208} INFO - Processing /home/airflow/.local/lib/python3.12/site-packages/airflow/example_dags/example_branch_python_dop_operator_3.py took 0.090 seconds
