[2024-09-13T14:34:37.663+0000] {processor.py:186} INFO - Started process (PID=98) to work on /home/airflow/.local/lib/python3.12/site-packages/airflow/example_dags/example_workday_timetable.py
[2024-09-13T14:34:37.664+0000] {processor.py:914} INFO - Processing file /home/airflow/.local/lib/python3.12/site-packages/airflow/example_dags/example_workday_timetable.py for tasks to queue
[2024-09-13T14:34:37.666+0000] {logging_mixin.py:190} INFO - [2024-09-13T14:34:37.666+0000] {dagbag.py:587} INFO - Filling up the DagBag from /home/airflow/.local/lib/python3.12/site-packages/airflow/example_dags/example_workday_timetable.py
[2024-09-13T14:34:37.672+0000] {processor.py:925} INFO - DAG(s) 'example_workday_timetable' retrieved from /home/airflow/.local/lib/python3.12/site-packages/airflow/example_dags/example_workday_timetable.py
[2024-09-13T14:34:37.781+0000] {logging_mixin.py:190} INFO - [2024-09-13T14:34:37.780+0000] {override.py:1900} INFO - Created Permission View: can read on DAG:example_workday_timetable
[2024-09-13T14:34:37.789+0000] {logging_mixin.py:190} INFO - [2024-09-13T14:34:37.789+0000] {override.py:1900} INFO - Created Permission View: can delete on DAG:example_workday_timetable
[2024-09-13T14:34:37.794+0000] {logging_mixin.py:190} INFO - [2024-09-13T14:34:37.794+0000] {override.py:1900} INFO - Created Permission View: can edit on DAG:example_workday_timetable
[2024-09-13T14:34:37.801+0000] {logging_mixin.py:190} INFO - [2024-09-13T14:34:37.801+0000] {override.py:1900} INFO - Created Permission View: can create on DAG Run:example_workday_timetable
[2024-09-13T14:34:37.806+0000] {logging_mixin.py:190} INFO - [2024-09-13T14:34:37.806+0000] {override.py:1900} INFO - Created Permission View: menu access on DAG Run:example_workday_timetable
[2024-09-13T14:34:37.812+0000] {logging_mixin.py:190} INFO - [2024-09-13T14:34:37.811+0000] {override.py:1900} INFO - Created Permission View: can read on DAG Run:example_workday_timetable
[2024-09-13T14:34:37.817+0000] {logging_mixin.py:190} INFO - [2024-09-13T14:34:37.817+0000] {override.py:1900} INFO - Created Permission View: can delete on DAG Run:example_workday_timetable
[2024-09-13T14:34:37.818+0000] {logging_mixin.py:190} INFO - [2024-09-13T14:34:37.817+0000] {dag.py:3229} INFO - Sync 1 DAGs
[2024-09-13T14:34:37.829+0000] {logging_mixin.py:190} INFO - [2024-09-13T14:34:37.828+0000] {dag.py:3252} INFO - Creating ORM DAG for example_workday_timetable
[2024-09-13T14:34:37.904+0000] {logging_mixin.py:190} INFO - [2024-09-13T14:34:37.904+0000] {dag.py:4156} INFO - Setting next_dagrun for example_workday_timetable to 2021-01-04 00:00:00+00:00, run_after=2021-01-05 00:00:00+00:00
[2024-09-13T14:34:37.919+0000] {processor.py:208} INFO - Processing /home/airflow/.local/lib/python3.12/site-packages/airflow/example_dags/example_workday_timetable.py took 0.261 seconds
[2024-09-13T14:35:08.034+0000] {processor.py:186} INFO - Started process (PID=160) to work on /home/airflow/.local/lib/python3.12/site-packages/airflow/example_dags/example_workday_timetable.py
[2024-09-13T14:35:08.036+0000] {processor.py:914} INFO - Processing file /home/airflow/.local/lib/python3.12/site-packages/airflow/example_dags/example_workday_timetable.py for tasks to queue
[2024-09-13T14:35:08.038+0000] {logging_mixin.py:190} INFO - [2024-09-13T14:35:08.038+0000] {dagbag.py:587} INFO - Filling up the DagBag from /home/airflow/.local/lib/python3.12/site-packages/airflow/example_dags/example_workday_timetable.py
[2024-09-13T14:35:08.043+0000] {processor.py:925} INFO - DAG(s) 'example_workday_timetable' retrieved from /home/airflow/.local/lib/python3.12/site-packages/airflow/example_dags/example_workday_timetable.py
[2024-09-13T14:35:08.063+0000] {logging_mixin.py:190} INFO - [2024-09-13T14:35:08.062+0000] {dag.py:3229} INFO - Sync 1 DAGs
[2024-09-13T14:35:08.156+0000] {logging_mixin.py:190} INFO - [2024-09-13T14:35:08.156+0000] {dag.py:4156} INFO - Setting next_dagrun for example_workday_timetable to 2021-01-04 00:00:00+00:00, run_after=2021-01-05 00:00:00+00:00
[2024-09-13T14:35:08.176+0000] {processor.py:208} INFO - Processing /home/airflow/.local/lib/python3.12/site-packages/airflow/example_dags/example_workday_timetable.py took 0.147 seconds
[2024-09-13T14:35:38.249+0000] {processor.py:186} INFO - Started process (PID=223) to work on /home/airflow/.local/lib/python3.12/site-packages/airflow/example_dags/example_workday_timetable.py
[2024-09-13T14:35:38.250+0000] {processor.py:914} INFO - Processing file /home/airflow/.local/lib/python3.12/site-packages/airflow/example_dags/example_workday_timetable.py for tasks to queue
[2024-09-13T14:35:38.252+0000] {logging_mixin.py:190} INFO - [2024-09-13T14:35:38.252+0000] {dagbag.py:587} INFO - Filling up the DagBag from /home/airflow/.local/lib/python3.12/site-packages/airflow/example_dags/example_workday_timetable.py
[2024-09-13T14:35:38.257+0000] {processor.py:925} INFO - DAG(s) 'example_workday_timetable' retrieved from /home/airflow/.local/lib/python3.12/site-packages/airflow/example_dags/example_workday_timetable.py
[2024-09-13T14:35:38.277+0000] {logging_mixin.py:190} INFO - [2024-09-13T14:35:38.276+0000] {dag.py:3229} INFO - Sync 1 DAGs
[2024-09-13T14:35:38.369+0000] {logging_mixin.py:190} INFO - [2024-09-13T14:35:38.369+0000] {dag.py:4156} INFO - Setting next_dagrun for example_workday_timetable to 2021-01-04 00:00:00+00:00, run_after=2021-01-05 00:00:00+00:00
[2024-09-13T14:35:38.387+0000] {processor.py:208} INFO - Processing /home/airflow/.local/lib/python3.12/site-packages/airflow/example_dags/example_workday_timetable.py took 0.143 seconds
[2024-09-13T14:36:08.723+0000] {processor.py:186} INFO - Started process (PID=285) to work on /home/airflow/.local/lib/python3.12/site-packages/airflow/example_dags/example_workday_timetable.py
[2024-09-13T14:36:08.724+0000] {processor.py:914} INFO - Processing file /home/airflow/.local/lib/python3.12/site-packages/airflow/example_dags/example_workday_timetable.py for tasks to queue
[2024-09-13T14:36:08.726+0000] {logging_mixin.py:190} INFO - [2024-09-13T14:36:08.726+0000] {dagbag.py:587} INFO - Filling up the DagBag from /home/airflow/.local/lib/python3.12/site-packages/airflow/example_dags/example_workday_timetable.py
[2024-09-13T14:36:08.732+0000] {processor.py:925} INFO - DAG(s) 'example_workday_timetable' retrieved from /home/airflow/.local/lib/python3.12/site-packages/airflow/example_dags/example_workday_timetable.py
[2024-09-13T14:36:08.750+0000] {logging_mixin.py:190} INFO - [2024-09-13T14:36:08.750+0000] {dag.py:3229} INFO - Sync 1 DAGs
[2024-09-13T14:36:08.844+0000] {logging_mixin.py:190} INFO - [2024-09-13T14:36:08.844+0000] {dag.py:4156} INFO - Setting next_dagrun for example_workday_timetable to 2021-01-04 00:00:00+00:00, run_after=2021-01-05 00:00:00+00:00
[2024-09-13T14:36:08.861+0000] {processor.py:208} INFO - Processing /home/airflow/.local/lib/python3.12/site-packages/airflow/example_dags/example_workday_timetable.py took 0.143 seconds
[2024-09-13T14:36:39.953+0000] {processor.py:186} INFO - Started process (PID=347) to work on /home/airflow/.local/lib/python3.12/site-packages/airflow/example_dags/example_workday_timetable.py
[2024-09-13T14:36:39.954+0000] {processor.py:914} INFO - Processing file /home/airflow/.local/lib/python3.12/site-packages/airflow/example_dags/example_workday_timetable.py for tasks to queue
[2024-09-13T14:36:39.956+0000] {logging_mixin.py:190} INFO - [2024-09-13T14:36:39.956+0000] {dagbag.py:587} INFO - Filling up the DagBag from /home/airflow/.local/lib/python3.12/site-packages/airflow/example_dags/example_workday_timetable.py
[2024-09-13T14:36:39.962+0000] {processor.py:925} INFO - DAG(s) 'example_workday_timetable' retrieved from /home/airflow/.local/lib/python3.12/site-packages/airflow/example_dags/example_workday_timetable.py
[2024-09-13T14:36:39.981+0000] {logging_mixin.py:190} INFO - [2024-09-13T14:36:39.981+0000] {dag.py:3229} INFO - Sync 1 DAGs
[2024-09-13T14:36:40.068+0000] {logging_mixin.py:190} INFO - [2024-09-13T14:36:40.067+0000] {dag.py:4156} INFO - Setting next_dagrun for example_workday_timetable to 2021-01-04 00:00:00+00:00, run_after=2021-01-05 00:00:00+00:00
[2024-09-13T14:36:40.085+0000] {processor.py:208} INFO - Processing /home/airflow/.local/lib/python3.12/site-packages/airflow/example_dags/example_workday_timetable.py took 0.139 seconds
[2024-09-13T14:37:10.680+0000] {processor.py:186} INFO - Started process (PID=409) to work on /home/airflow/.local/lib/python3.12/site-packages/airflow/example_dags/example_workday_timetable.py
[2024-09-13T14:37:10.681+0000] {processor.py:914} INFO - Processing file /home/airflow/.local/lib/python3.12/site-packages/airflow/example_dags/example_workday_timetable.py for tasks to queue
[2024-09-13T14:37:10.682+0000] {logging_mixin.py:190} INFO - [2024-09-13T14:37:10.682+0000] {dagbag.py:587} INFO - Filling up the DagBag from /home/airflow/.local/lib/python3.12/site-packages/airflow/example_dags/example_workday_timetable.py
[2024-09-13T14:37:10.688+0000] {processor.py:925} INFO - DAG(s) 'example_workday_timetable' retrieved from /home/airflow/.local/lib/python3.12/site-packages/airflow/example_dags/example_workday_timetable.py
[2024-09-13T14:37:10.707+0000] {logging_mixin.py:190} INFO - [2024-09-13T14:37:10.707+0000] {dag.py:3229} INFO - Sync 1 DAGs
[2024-09-13T14:37:10.795+0000] {logging_mixin.py:190} INFO - [2024-09-13T14:37:10.795+0000] {dag.py:4156} INFO - Setting next_dagrun for example_workday_timetable to 2021-01-04 00:00:00+00:00, run_after=2021-01-05 00:00:00+00:00
[2024-09-13T14:37:10.812+0000] {processor.py:208} INFO - Processing /home/airflow/.local/lib/python3.12/site-packages/airflow/example_dags/example_workday_timetable.py took 0.137 seconds
[2024-09-13T14:37:41.773+0000] {processor.py:186} INFO - Started process (PID=471) to work on /home/airflow/.local/lib/python3.12/site-packages/airflow/example_dags/example_workday_timetable.py
[2024-09-13T14:37:41.774+0000] {processor.py:914} INFO - Processing file /home/airflow/.local/lib/python3.12/site-packages/airflow/example_dags/example_workday_timetable.py for tasks to queue
[2024-09-13T14:37:41.776+0000] {logging_mixin.py:190} INFO - [2024-09-13T14:37:41.776+0000] {dagbag.py:587} INFO - Filling up the DagBag from /home/airflow/.local/lib/python3.12/site-packages/airflow/example_dags/example_workday_timetable.py
[2024-09-13T14:37:41.784+0000] {processor.py:925} INFO - DAG(s) 'example_workday_timetable' retrieved from /home/airflow/.local/lib/python3.12/site-packages/airflow/example_dags/example_workday_timetable.py
[2024-09-13T14:37:41.805+0000] {logging_mixin.py:190} INFO - [2024-09-13T14:37:41.805+0000] {dag.py:3229} INFO - Sync 1 DAGs
[2024-09-13T14:37:41.916+0000] {logging_mixin.py:190} INFO - [2024-09-13T14:37:41.915+0000] {dag.py:4156} INFO - Setting next_dagrun for example_workday_timetable to 2021-01-04 00:00:00+00:00, run_after=2021-01-05 00:00:00+00:00
[2024-09-13T14:37:41.936+0000] {processor.py:208} INFO - Processing /home/airflow/.local/lib/python3.12/site-packages/airflow/example_dags/example_workday_timetable.py took 0.170 seconds
[2024-09-13T14:38:12.265+0000] {processor.py:186} INFO - Started process (PID=533) to work on /home/airflow/.local/lib/python3.12/site-packages/airflow/example_dags/example_workday_timetable.py
[2024-09-13T14:38:12.266+0000] {processor.py:914} INFO - Processing file /home/airflow/.local/lib/python3.12/site-packages/airflow/example_dags/example_workday_timetable.py for tasks to queue
[2024-09-13T14:38:12.268+0000] {logging_mixin.py:190} INFO - [2024-09-13T14:38:12.267+0000] {dagbag.py:587} INFO - Filling up the DagBag from /home/airflow/.local/lib/python3.12/site-packages/airflow/example_dags/example_workday_timetable.py
[2024-09-13T14:38:12.274+0000] {processor.py:925} INFO - DAG(s) 'example_workday_timetable' retrieved from /home/airflow/.local/lib/python3.12/site-packages/airflow/example_dags/example_workday_timetable.py
[2024-09-13T14:38:12.292+0000] {logging_mixin.py:190} INFO - [2024-09-13T14:38:12.292+0000] {dag.py:3229} INFO - Sync 1 DAGs
[2024-09-13T14:38:12.374+0000] {logging_mixin.py:190} INFO - [2024-09-13T14:38:12.374+0000] {dag.py:4156} INFO - Setting next_dagrun for example_workday_timetable to 2021-01-04 00:00:00+00:00, run_after=2021-01-05 00:00:00+00:00
[2024-09-13T14:38:12.391+0000] {processor.py:208} INFO - Processing /home/airflow/.local/lib/python3.12/site-packages/airflow/example_dags/example_workday_timetable.py took 0.132 seconds
[2024-09-13T14:39:33.343+0000] {processor.py:186} INFO - Started process (PID=92) to work on /home/airflow/.local/lib/python3.12/site-packages/airflow/example_dags/example_workday_timetable.py
[2024-09-13T14:39:33.344+0000] {processor.py:914} INFO - Processing file /home/airflow/.local/lib/python3.12/site-packages/airflow/example_dags/example_workday_timetable.py for tasks to queue
[2024-09-13T14:39:33.346+0000] {logging_mixin.py:190} INFO - [2024-09-13T14:39:33.345+0000] {dagbag.py:587} INFO - Filling up the DagBag from /home/airflow/.local/lib/python3.12/site-packages/airflow/example_dags/example_workday_timetable.py
[2024-09-13T14:39:33.352+0000] {processor.py:925} INFO - DAG(s) 'example_workday_timetable' retrieved from /home/airflow/.local/lib/python3.12/site-packages/airflow/example_dags/example_workday_timetable.py
[2024-09-13T14:39:33.378+0000] {logging_mixin.py:190} INFO - [2024-09-13T14:39:33.377+0000] {dag.py:3229} INFO - Sync 1 DAGs
[2024-09-13T14:39:33.469+0000] {logging_mixin.py:190} INFO - [2024-09-13T14:39:33.469+0000] {dag.py:4156} INFO - Setting next_dagrun for example_workday_timetable to 2021-01-04 00:00:00+00:00, run_after=2021-01-05 00:00:00+00:00
[2024-09-13T14:39:33.486+0000] {processor.py:208} INFO - Processing /home/airflow/.local/lib/python3.12/site-packages/airflow/example_dags/example_workday_timetable.py took 0.150 seconds
[2024-09-13T14:40:04.245+0000] {processor.py:186} INFO - Started process (PID=154) to work on /home/airflow/.local/lib/python3.12/site-packages/airflow/example_dags/example_workday_timetable.py
[2024-09-13T14:40:04.246+0000] {processor.py:914} INFO - Processing file /home/airflow/.local/lib/python3.12/site-packages/airflow/example_dags/example_workday_timetable.py for tasks to queue
[2024-09-13T14:40:04.248+0000] {logging_mixin.py:190} INFO - [2024-09-13T14:40:04.248+0000] {dagbag.py:587} INFO - Filling up the DagBag from /home/airflow/.local/lib/python3.12/site-packages/airflow/example_dags/example_workday_timetable.py
[2024-09-13T14:40:04.254+0000] {processor.py:925} INFO - DAG(s) 'example_workday_timetable' retrieved from /home/airflow/.local/lib/python3.12/site-packages/airflow/example_dags/example_workday_timetable.py
[2024-09-13T14:40:04.274+0000] {logging_mixin.py:190} INFO - [2024-09-13T14:40:04.274+0000] {dag.py:3229} INFO - Sync 1 DAGs
[2024-09-13T14:40:04.364+0000] {logging_mixin.py:190} INFO - [2024-09-13T14:40:04.364+0000] {dag.py:4156} INFO - Setting next_dagrun for example_workday_timetable to 2021-01-04 00:00:00+00:00, run_after=2021-01-05 00:00:00+00:00
[2024-09-13T14:40:04.383+0000] {processor.py:208} INFO - Processing /home/airflow/.local/lib/python3.12/site-packages/airflow/example_dags/example_workday_timetable.py took 0.143 seconds
[2024-09-13T14:40:34.611+0000] {processor.py:186} INFO - Started process (PID=216) to work on /home/airflow/.local/lib/python3.12/site-packages/airflow/example_dags/example_workday_timetable.py
[2024-09-13T14:40:34.612+0000] {processor.py:914} INFO - Processing file /home/airflow/.local/lib/python3.12/site-packages/airflow/example_dags/example_workday_timetable.py for tasks to queue
[2024-09-13T14:40:34.614+0000] {logging_mixin.py:190} INFO - [2024-09-13T14:40:34.613+0000] {dagbag.py:587} INFO - Filling up the DagBag from /home/airflow/.local/lib/python3.12/site-packages/airflow/example_dags/example_workday_timetable.py
[2024-09-13T14:40:34.618+0000] {processor.py:925} INFO - DAG(s) 'example_workday_timetable' retrieved from /home/airflow/.local/lib/python3.12/site-packages/airflow/example_dags/example_workday_timetable.py
[2024-09-13T14:40:34.637+0000] {logging_mixin.py:190} INFO - [2024-09-13T14:40:34.637+0000] {dag.py:3229} INFO - Sync 1 DAGs
[2024-09-13T14:40:34.729+0000] {logging_mixin.py:190} INFO - [2024-09-13T14:40:34.729+0000] {dag.py:4156} INFO - Setting next_dagrun for example_workday_timetable to 2021-01-04 00:00:00+00:00, run_after=2021-01-05 00:00:00+00:00
[2024-09-13T14:40:34.746+0000] {processor.py:208} INFO - Processing /home/airflow/.local/lib/python3.12/site-packages/airflow/example_dags/example_workday_timetable.py took 0.141 seconds
[2024-09-13T14:41:26.058+0000] {processor.py:186} INFO - Started process (PID=85) to work on /home/airflow/.local/lib/python3.12/site-packages/airflow/example_dags/example_workday_timetable.py
[2024-09-13T14:41:26.059+0000] {processor.py:914} INFO - Processing file /home/airflow/.local/lib/python3.12/site-packages/airflow/example_dags/example_workday_timetable.py for tasks to queue
[2024-09-13T14:41:26.061+0000] {logging_mixin.py:190} INFO - [2024-09-13T14:41:26.061+0000] {dagbag.py:587} INFO - Filling up the DagBag from /home/airflow/.local/lib/python3.12/site-packages/airflow/example_dags/example_workday_timetable.py
[2024-09-13T14:41:26.067+0000] {processor.py:925} INFO - DAG(s) 'example_workday_timetable' retrieved from /home/airflow/.local/lib/python3.12/site-packages/airflow/example_dags/example_workday_timetable.py
[2024-09-13T14:41:26.095+0000] {logging_mixin.py:190} INFO - [2024-09-13T14:41:26.095+0000] {dag.py:3229} INFO - Sync 1 DAGs
[2024-09-13T14:41:26.165+0000] {logging_mixin.py:190} INFO - [2024-09-13T14:41:26.165+0000] {dag.py:4156} INFO - Setting next_dagrun for example_workday_timetable to 2021-01-04 00:00:00+00:00, run_after=2021-01-05 00:00:00+00:00
[2024-09-13T14:41:26.186+0000] {processor.py:208} INFO - Processing /home/airflow/.local/lib/python3.12/site-packages/airflow/example_dags/example_workday_timetable.py took 0.133 seconds
[2024-09-13T14:41:56.961+0000] {processor.py:186} INFO - Started process (PID=147) to work on /home/airflow/.local/lib/python3.12/site-packages/airflow/example_dags/example_workday_timetable.py
[2024-09-13T14:41:56.962+0000] {processor.py:914} INFO - Processing file /home/airflow/.local/lib/python3.12/site-packages/airflow/example_dags/example_workday_timetable.py for tasks to queue
[2024-09-13T14:41:56.964+0000] {logging_mixin.py:190} INFO - [2024-09-13T14:41:56.963+0000] {dagbag.py:587} INFO - Filling up the DagBag from /home/airflow/.local/lib/python3.12/site-packages/airflow/example_dags/example_workday_timetable.py
[2024-09-13T14:41:56.969+0000] {processor.py:925} INFO - DAG(s) 'example_workday_timetable' retrieved from /home/airflow/.local/lib/python3.12/site-packages/airflow/example_dags/example_workday_timetable.py
[2024-09-13T14:41:56.988+0000] {logging_mixin.py:190} INFO - [2024-09-13T14:41:56.987+0000] {dag.py:3229} INFO - Sync 1 DAGs
[2024-09-13T14:41:57.064+0000] {logging_mixin.py:190} INFO - [2024-09-13T14:41:57.064+0000] {dag.py:4156} INFO - Setting next_dagrun for example_workday_timetable to 2021-01-04 00:00:00+00:00, run_after=2021-01-05 00:00:00+00:00
[2024-09-13T14:41:57.083+0000] {processor.py:208} INFO - Processing /home/airflow/.local/lib/python3.12/site-packages/airflow/example_dags/example_workday_timetable.py took 0.128 seconds
[2024-09-13T14:42:28.050+0000] {processor.py:186} INFO - Started process (PID=209) to work on /home/airflow/.local/lib/python3.12/site-packages/airflow/example_dags/example_workday_timetable.py
[2024-09-13T14:42:28.051+0000] {processor.py:914} INFO - Processing file /home/airflow/.local/lib/python3.12/site-packages/airflow/example_dags/example_workday_timetable.py for tasks to queue
[2024-09-13T14:42:28.053+0000] {logging_mixin.py:190} INFO - [2024-09-13T14:42:28.053+0000] {dagbag.py:587} INFO - Filling up the DagBag from /home/airflow/.local/lib/python3.12/site-packages/airflow/example_dags/example_workday_timetable.py
[2024-09-13T14:42:28.058+0000] {processor.py:925} INFO - DAG(s) 'example_workday_timetable' retrieved from /home/airflow/.local/lib/python3.12/site-packages/airflow/example_dags/example_workday_timetable.py
[2024-09-13T14:42:28.079+0000] {logging_mixin.py:190} INFO - [2024-09-13T14:42:28.078+0000] {dag.py:3229} INFO - Sync 1 DAGs
[2024-09-13T14:42:28.137+0000] {logging_mixin.py:190} INFO - [2024-09-13T14:42:28.137+0000] {dag.py:4156} INFO - Setting next_dagrun for example_workday_timetable to 2021-01-04 00:00:00+00:00, run_after=2021-01-05 00:00:00+00:00
[2024-09-13T14:42:28.156+0000] {processor.py:208} INFO - Processing /home/airflow/.local/lib/python3.12/site-packages/airflow/example_dags/example_workday_timetable.py took 0.111 seconds
[2024-09-13T14:42:59.086+0000] {processor.py:186} INFO - Started process (PID=271) to work on /home/airflow/.local/lib/python3.12/site-packages/airflow/example_dags/example_workday_timetable.py
[2024-09-13T14:42:59.087+0000] {processor.py:914} INFO - Processing file /home/airflow/.local/lib/python3.12/site-packages/airflow/example_dags/example_workday_timetable.py for tasks to queue
[2024-09-13T14:42:59.091+0000] {logging_mixin.py:190} INFO - [2024-09-13T14:42:59.090+0000] {dagbag.py:587} INFO - Filling up the DagBag from /home/airflow/.local/lib/python3.12/site-packages/airflow/example_dags/example_workday_timetable.py
[2024-09-13T14:42:59.097+0000] {processor.py:925} INFO - DAG(s) 'example_workday_timetable' retrieved from /home/airflow/.local/lib/python3.12/site-packages/airflow/example_dags/example_workday_timetable.py
[2024-09-13T14:42:59.115+0000] {logging_mixin.py:190} INFO - [2024-09-13T14:42:59.114+0000] {dag.py:3229} INFO - Sync 1 DAGs
[2024-09-13T14:42:59.195+0000] {logging_mixin.py:190} INFO - [2024-09-13T14:42:59.195+0000] {dag.py:4156} INFO - Setting next_dagrun for example_workday_timetable to 2021-01-04 00:00:00+00:00, run_after=2021-01-05 00:00:00+00:00
[2024-09-13T14:42:59.211+0000] {processor.py:208} INFO - Processing /home/airflow/.local/lib/python3.12/site-packages/airflow/example_dags/example_workday_timetable.py took 0.132 seconds
