[2024-09-13T14:34:37.929+0000] {processor.py:186} INFO - Started process (PID=100) to work on /home/airflow/.local/lib/python3.12/site-packages/airflow/example_dags/example_sla_dag.py
[2024-09-13T14:34:37.930+0000] {processor.py:914} INFO - Processing file /home/airflow/.local/lib/python3.12/site-packages/airflow/example_dags/example_sla_dag.py for tasks to queue
[2024-09-13T14:34:37.932+0000] {logging_mixin.py:190} INFO - [2024-09-13T14:34:37.931+0000] {dagbag.py:587} INFO - Filling up the DagBag from /home/airflow/.local/lib/python3.12/site-packages/airflow/example_dags/example_sla_dag.py
[2024-09-13T14:34:37.942+0000] {processor.py:925} INFO - DAG(s) 'example_sla_dag' retrieved from /home/airflow/.local/lib/python3.12/site-packages/airflow/example_dags/example_sla_dag.py
[2024-09-13T14:34:38.039+0000] {logging_mixin.py:190} INFO - [2024-09-13T14:34:38.038+0000] {override.py:1900} INFO - Created Permission View: can read on DAG:example_sla_dag
[2024-09-13T14:34:38.048+0000] {logging_mixin.py:190} INFO - [2024-09-13T14:34:38.048+0000] {override.py:1900} INFO - Created Permission View: can delete on DAG:example_sla_dag
[2024-09-13T14:34:38.055+0000] {logging_mixin.py:190} INFO - [2024-09-13T14:34:38.055+0000] {override.py:1900} INFO - Created Permission View: can edit on DAG:example_sla_dag
[2024-09-13T14:34:38.062+0000] {logging_mixin.py:190} INFO - [2024-09-13T14:34:38.062+0000] {override.py:1900} INFO - Created Permission View: can create on DAG Run:example_sla_dag
[2024-09-13T14:34:38.069+0000] {logging_mixin.py:190} INFO - [2024-09-13T14:34:38.068+0000] {override.py:1900} INFO - Created Permission View: menu access on DAG Run:example_sla_dag
[2024-09-13T14:34:38.075+0000] {logging_mixin.py:190} INFO - [2024-09-13T14:34:38.075+0000] {override.py:1900} INFO - Created Permission View: can read on DAG Run:example_sla_dag
[2024-09-13T14:34:38.082+0000] {logging_mixin.py:190} INFO - [2024-09-13T14:34:38.081+0000] {override.py:1900} INFO - Created Permission View: can delete on DAG Run:example_sla_dag
[2024-09-13T14:34:38.082+0000] {logging_mixin.py:190} INFO - [2024-09-13T14:34:38.082+0000] {dag.py:3229} INFO - Sync 1 DAGs
[2024-09-13T14:34:38.094+0000] {logging_mixin.py:190} INFO - [2024-09-13T14:34:38.094+0000] {dag.py:3252} INFO - Creating ORM DAG for example_sla_dag
[2024-09-13T14:34:38.108+0000] {logging_mixin.py:190} INFO - [2024-09-13T14:34:38.108+0000] {dag.py:4156} INFO - Setting next_dagrun for example_sla_dag to 2024-09-13 14:32:00+00:00, run_after=2024-09-13 14:34:00+00:00
[2024-09-13T14:34:38.122+0000] {processor.py:208} INFO - Processing /home/airflow/.local/lib/python3.12/site-packages/airflow/example_dags/example_sla_dag.py took 0.198 seconds
[2024-09-13T14:35:08.210+0000] {processor.py:186} INFO - Started process (PID=162) to work on /home/airflow/.local/lib/python3.12/site-packages/airflow/example_dags/example_sla_dag.py
[2024-09-13T14:35:08.211+0000] {processor.py:914} INFO - Processing file /home/airflow/.local/lib/python3.12/site-packages/airflow/example_dags/example_sla_dag.py for tasks to queue
[2024-09-13T14:35:08.214+0000] {logging_mixin.py:190} INFO - [2024-09-13T14:35:08.214+0000] {dagbag.py:587} INFO - Filling up the DagBag from /home/airflow/.local/lib/python3.12/site-packages/airflow/example_dags/example_sla_dag.py
[2024-09-13T14:35:08.224+0000] {processor.py:925} INFO - DAG(s) 'example_sla_dag' retrieved from /home/airflow/.local/lib/python3.12/site-packages/airflow/example_dags/example_sla_dag.py
[2024-09-13T14:35:08.247+0000] {logging_mixin.py:190} INFO - [2024-09-13T14:35:08.247+0000] {dag.py:3229} INFO - Sync 1 DAGs
[2024-09-13T14:35:08.275+0000] {logging_mixin.py:190} INFO - [2024-09-13T14:35:08.275+0000] {dag.py:4156} INFO - Setting next_dagrun for example_sla_dag to 2024-09-13 14:32:00+00:00, run_after=2024-09-13 14:34:00+00:00
[2024-09-13T14:35:08.296+0000] {processor.py:208} INFO - Processing /home/airflow/.local/lib/python3.12/site-packages/airflow/example_dags/example_sla_dag.py took 0.091 seconds
[2024-09-13T14:35:38.424+0000] {processor.py:186} INFO - Started process (PID=224) to work on /home/airflow/.local/lib/python3.12/site-packages/airflow/example_dags/example_sla_dag.py
[2024-09-13T14:35:38.425+0000] {processor.py:914} INFO - Processing file /home/airflow/.local/lib/python3.12/site-packages/airflow/example_dags/example_sla_dag.py for tasks to queue
[2024-09-13T14:35:38.427+0000] {logging_mixin.py:190} INFO - [2024-09-13T14:35:38.427+0000] {dagbag.py:587} INFO - Filling up the DagBag from /home/airflow/.local/lib/python3.12/site-packages/airflow/example_dags/example_sla_dag.py
[2024-09-13T14:35:38.437+0000] {processor.py:925} INFO - DAG(s) 'example_sla_dag' retrieved from /home/airflow/.local/lib/python3.12/site-packages/airflow/example_dags/example_sla_dag.py
[2024-09-13T14:35:38.456+0000] {logging_mixin.py:190} INFO - [2024-09-13T14:35:38.456+0000] {dag.py:3229} INFO - Sync 1 DAGs
[2024-09-13T14:35:38.480+0000] {logging_mixin.py:190} INFO - [2024-09-13T14:35:38.480+0000] {dag.py:4156} INFO - Setting next_dagrun for example_sla_dag to 2024-09-13 14:32:00+00:00, run_after=2024-09-13 14:34:00+00:00
[2024-09-13T14:35:38.497+0000] {processor.py:208} INFO - Processing /home/airflow/.local/lib/python3.12/site-packages/airflow/example_dags/example_sla_dag.py took 0.078 seconds
[2024-09-13T14:36:08.740+0000] {processor.py:186} INFO - Started process (PID=286) to work on /home/airflow/.local/lib/python3.12/site-packages/airflow/example_dags/example_sla_dag.py
[2024-09-13T14:36:08.741+0000] {processor.py:914} INFO - Processing file /home/airflow/.local/lib/python3.12/site-packages/airflow/example_dags/example_sla_dag.py for tasks to queue
[2024-09-13T14:36:08.743+0000] {logging_mixin.py:190} INFO - [2024-09-13T14:36:08.743+0000] {dagbag.py:587} INFO - Filling up the DagBag from /home/airflow/.local/lib/python3.12/site-packages/airflow/example_dags/example_sla_dag.py
[2024-09-13T14:36:08.753+0000] {processor.py:925} INFO - DAG(s) 'example_sla_dag' retrieved from /home/airflow/.local/lib/python3.12/site-packages/airflow/example_dags/example_sla_dag.py
[2024-09-13T14:36:08.771+0000] {logging_mixin.py:190} INFO - [2024-09-13T14:36:08.771+0000] {dag.py:3229} INFO - Sync 1 DAGs
[2024-09-13T14:36:08.794+0000] {logging_mixin.py:190} INFO - [2024-09-13T14:36:08.793+0000] {dag.py:4156} INFO - Setting next_dagrun for example_sla_dag to 2024-09-13 14:34:00+00:00, run_after=2024-09-13 14:36:00+00:00
[2024-09-13T14:36:08.810+0000] {processor.py:208} INFO - Processing /home/airflow/.local/lib/python3.12/site-packages/airflow/example_dags/example_sla_dag.py took 0.075 seconds
[2024-09-13T14:36:39.990+0000] {processor.py:186} INFO - Started process (PID=348) to work on /home/airflow/.local/lib/python3.12/site-packages/airflow/example_dags/example_sla_dag.py
[2024-09-13T14:36:39.991+0000] {processor.py:914} INFO - Processing file /home/airflow/.local/lib/python3.12/site-packages/airflow/example_dags/example_sla_dag.py for tasks to queue
[2024-09-13T14:36:39.993+0000] {logging_mixin.py:190} INFO - [2024-09-13T14:36:39.993+0000] {dagbag.py:587} INFO - Filling up the DagBag from /home/airflow/.local/lib/python3.12/site-packages/airflow/example_dags/example_sla_dag.py
[2024-09-13T14:36:40.003+0000] {processor.py:925} INFO - DAG(s) 'example_sla_dag' retrieved from /home/airflow/.local/lib/python3.12/site-packages/airflow/example_dags/example_sla_dag.py
[2024-09-13T14:36:40.022+0000] {logging_mixin.py:190} INFO - [2024-09-13T14:36:40.022+0000] {dag.py:3229} INFO - Sync 1 DAGs
[2024-09-13T14:36:40.046+0000] {logging_mixin.py:190} INFO - [2024-09-13T14:36:40.046+0000] {dag.py:4156} INFO - Setting next_dagrun for example_sla_dag to 2024-09-13 14:34:00+00:00, run_after=2024-09-13 14:36:00+00:00
[2024-09-13T14:36:40.064+0000] {processor.py:208} INFO - Processing /home/airflow/.local/lib/python3.12/site-packages/airflow/example_dags/example_sla_dag.py took 0.080 seconds
[2024-09-13T14:37:10.719+0000] {processor.py:186} INFO - Started process (PID=410) to work on /home/airflow/.local/lib/python3.12/site-packages/airflow/example_dags/example_sla_dag.py
[2024-09-13T14:37:10.720+0000] {processor.py:914} INFO - Processing file /home/airflow/.local/lib/python3.12/site-packages/airflow/example_dags/example_sla_dag.py for tasks to queue
[2024-09-13T14:37:10.722+0000] {logging_mixin.py:190} INFO - [2024-09-13T14:37:10.722+0000] {dagbag.py:587} INFO - Filling up the DagBag from /home/airflow/.local/lib/python3.12/site-packages/airflow/example_dags/example_sla_dag.py
[2024-09-13T14:37:10.731+0000] {processor.py:925} INFO - DAG(s) 'example_sla_dag' retrieved from /home/airflow/.local/lib/python3.12/site-packages/airflow/example_dags/example_sla_dag.py
[2024-09-13T14:37:10.748+0000] {logging_mixin.py:190} INFO - [2024-09-13T14:37:10.748+0000] {dag.py:3229} INFO - Sync 1 DAGs
[2024-09-13T14:37:10.772+0000] {logging_mixin.py:190} INFO - [2024-09-13T14:37:10.772+0000] {dag.py:4156} INFO - Setting next_dagrun for example_sla_dag to 2024-09-13 14:34:00+00:00, run_after=2024-09-13 14:36:00+00:00
[2024-09-13T14:37:10.788+0000] {processor.py:208} INFO - Processing /home/airflow/.local/lib/python3.12/site-packages/airflow/example_dags/example_sla_dag.py took 0.074 seconds
[2024-09-13T14:37:41.817+0000] {processor.py:186} INFO - Started process (PID=472) to work on /home/airflow/.local/lib/python3.12/site-packages/airflow/example_dags/example_sla_dag.py
[2024-09-13T14:37:41.819+0000] {processor.py:914} INFO - Processing file /home/airflow/.local/lib/python3.12/site-packages/airflow/example_dags/example_sla_dag.py for tasks to queue
[2024-09-13T14:37:41.821+0000] {logging_mixin.py:190} INFO - [2024-09-13T14:37:41.821+0000] {dagbag.py:587} INFO - Filling up the DagBag from /home/airflow/.local/lib/python3.12/site-packages/airflow/example_dags/example_sla_dag.py
[2024-09-13T14:37:41.832+0000] {processor.py:925} INFO - DAG(s) 'example_sla_dag' retrieved from /home/airflow/.local/lib/python3.12/site-packages/airflow/example_dags/example_sla_dag.py
[2024-09-13T14:37:41.853+0000] {logging_mixin.py:190} INFO - [2024-09-13T14:37:41.852+0000] {dag.py:3229} INFO - Sync 1 DAGs
[2024-09-13T14:37:41.885+0000] {logging_mixin.py:190} INFO - [2024-09-13T14:37:41.884+0000] {dag.py:4156} INFO - Setting next_dagrun for example_sla_dag to 2024-09-13 14:34:00+00:00, run_after=2024-09-13 14:36:00+00:00
[2024-09-13T14:37:41.905+0000] {processor.py:208} INFO - Processing /home/airflow/.local/lib/python3.12/site-packages/airflow/example_dags/example_sla_dag.py took 0.093 seconds
[2024-09-13T14:38:12.304+0000] {processor.py:186} INFO - Started process (PID=534) to work on /home/airflow/.local/lib/python3.12/site-packages/airflow/example_dags/example_sla_dag.py
[2024-09-13T14:38:12.306+0000] {processor.py:914} INFO - Processing file /home/airflow/.local/lib/python3.12/site-packages/airflow/example_dags/example_sla_dag.py for tasks to queue
[2024-09-13T14:38:12.308+0000] {logging_mixin.py:190} INFO - [2024-09-13T14:38:12.307+0000] {dagbag.py:587} INFO - Filling up the DagBag from /home/airflow/.local/lib/python3.12/site-packages/airflow/example_dags/example_sla_dag.py
[2024-09-13T14:38:12.317+0000] {processor.py:925} INFO - DAG(s) 'example_sla_dag' retrieved from /home/airflow/.local/lib/python3.12/site-packages/airflow/example_dags/example_sla_dag.py
[2024-09-13T14:38:12.337+0000] {logging_mixin.py:190} INFO - [2024-09-13T14:38:12.337+0000] {dag.py:3229} INFO - Sync 1 DAGs
[2024-09-13T14:38:12.362+0000] {logging_mixin.py:190} INFO - [2024-09-13T14:38:12.361+0000] {dag.py:4156} INFO - Setting next_dagrun for example_sla_dag to 2024-09-13 14:36:00+00:00, run_after=2024-09-13 14:38:00+00:00
[2024-09-13T14:38:12.379+0000] {processor.py:208} INFO - Processing /home/airflow/.local/lib/python3.12/site-packages/airflow/example_dags/example_sla_dag.py took 0.080 seconds
[2024-09-13T14:39:33.474+0000] {processor.py:186} INFO - Started process (PID=94) to work on /home/airflow/.local/lib/python3.12/site-packages/airflow/example_dags/example_sla_dag.py
[2024-09-13T14:39:33.475+0000] {processor.py:914} INFO - Processing file /home/airflow/.local/lib/python3.12/site-packages/airflow/example_dags/example_sla_dag.py for tasks to queue
[2024-09-13T14:39:33.477+0000] {logging_mixin.py:190} INFO - [2024-09-13T14:39:33.477+0000] {dagbag.py:587} INFO - Filling up the DagBag from /home/airflow/.local/lib/python3.12/site-packages/airflow/example_dags/example_sla_dag.py
[2024-09-13T14:39:33.488+0000] {processor.py:925} INFO - DAG(s) 'example_sla_dag' retrieved from /home/airflow/.local/lib/python3.12/site-packages/airflow/example_dags/example_sla_dag.py
[2024-09-13T14:39:33.516+0000] {logging_mixin.py:190} INFO - [2024-09-13T14:39:33.515+0000] {dag.py:3229} INFO - Sync 1 DAGs
[2024-09-13T14:39:33.543+0000] {logging_mixin.py:190} INFO - [2024-09-13T14:39:33.543+0000] {dag.py:4156} INFO - Setting next_dagrun for example_sla_dag to 2024-09-13 14:36:00+00:00, run_after=2024-09-13 14:38:00+00:00
[2024-09-13T14:39:33.565+0000] {processor.py:208} INFO - Processing /home/airflow/.local/lib/python3.12/site-packages/airflow/example_dags/example_sla_dag.py took 0.096 seconds
[2024-09-13T14:40:04.418+0000] {processor.py:186} INFO - Started process (PID=156) to work on /home/airflow/.local/lib/python3.12/site-packages/airflow/example_dags/example_sla_dag.py
[2024-09-13T14:40:04.419+0000] {processor.py:914} INFO - Processing file /home/airflow/.local/lib/python3.12/site-packages/airflow/example_dags/example_sla_dag.py for tasks to queue
[2024-09-13T14:40:04.421+0000] {logging_mixin.py:190} INFO - [2024-09-13T14:40:04.420+0000] {dagbag.py:587} INFO - Filling up the DagBag from /home/airflow/.local/lib/python3.12/site-packages/airflow/example_dags/example_sla_dag.py
[2024-09-13T14:40:04.431+0000] {processor.py:925} INFO - DAG(s) 'example_sla_dag' retrieved from /home/airflow/.local/lib/python3.12/site-packages/airflow/example_dags/example_sla_dag.py
[2024-09-13T14:40:04.453+0000] {logging_mixin.py:190} INFO - [2024-09-13T14:40:04.453+0000] {dag.py:3229} INFO - Sync 1 DAGs
[2024-09-13T14:40:04.479+0000] {logging_mixin.py:190} INFO - [2024-09-13T14:40:04.478+0000] {dag.py:4156} INFO - Setting next_dagrun for example_sla_dag to 2024-09-13 14:38:00+00:00, run_after=2024-09-13 14:40:00+00:00
[2024-09-13T14:40:04.496+0000] {processor.py:208} INFO - Processing /home/airflow/.local/lib/python3.12/site-packages/airflow/example_dags/example_sla_dag.py took 0.084 seconds
[2024-09-13T14:40:34.779+0000] {processor.py:186} INFO - Started process (PID=218) to work on /home/airflow/.local/lib/python3.12/site-packages/airflow/example_dags/example_sla_dag.py
[2024-09-13T14:40:34.780+0000] {processor.py:914} INFO - Processing file /home/airflow/.local/lib/python3.12/site-packages/airflow/example_dags/example_sla_dag.py for tasks to queue
[2024-09-13T14:40:34.782+0000] {logging_mixin.py:190} INFO - [2024-09-13T14:40:34.782+0000] {dagbag.py:587} INFO - Filling up the DagBag from /home/airflow/.local/lib/python3.12/site-packages/airflow/example_dags/example_sla_dag.py
[2024-09-13T14:40:34.792+0000] {processor.py:925} INFO - DAG(s) 'example_sla_dag' retrieved from /home/airflow/.local/lib/python3.12/site-packages/airflow/example_dags/example_sla_dag.py
[2024-09-13T14:40:34.810+0000] {logging_mixin.py:190} INFO - [2024-09-13T14:40:34.810+0000] {dag.py:3229} INFO - Sync 1 DAGs
[2024-09-13T14:40:34.838+0000] {logging_mixin.py:190} INFO - [2024-09-13T14:40:34.838+0000] {dag.py:4156} INFO - Setting next_dagrun for example_sla_dag to 2024-09-13 14:38:00+00:00, run_after=2024-09-13 14:40:00+00:00
[2024-09-13T14:40:34.854+0000] {processor.py:208} INFO - Processing /home/airflow/.local/lib/python3.12/site-packages/airflow/example_dags/example_sla_dag.py took 0.080 seconds
[2024-09-13T14:41:26.200+0000] {processor.py:186} INFO - Started process (PID=87) to work on /home/airflow/.local/lib/python3.12/site-packages/airflow/example_dags/example_sla_dag.py
[2024-09-13T14:41:26.201+0000] {processor.py:914} INFO - Processing file /home/airflow/.local/lib/python3.12/site-packages/airflow/example_dags/example_sla_dag.py for tasks to queue
[2024-09-13T14:41:26.203+0000] {logging_mixin.py:190} INFO - [2024-09-13T14:41:26.203+0000] {dagbag.py:587} INFO - Filling up the DagBag from /home/airflow/.local/lib/python3.12/site-packages/airflow/example_dags/example_sla_dag.py
[2024-09-13T14:41:26.217+0000] {processor.py:925} INFO - DAG(s) 'example_sla_dag' retrieved from /home/airflow/.local/lib/python3.12/site-packages/airflow/example_dags/example_sla_dag.py
[2024-09-13T14:41:26.249+0000] {logging_mixin.py:190} INFO - [2024-09-13T14:41:26.249+0000] {dag.py:3229} INFO - Sync 1 DAGs
[2024-09-13T14:41:26.280+0000] {logging_mixin.py:190} INFO - [2024-09-13T14:41:26.280+0000] {dag.py:4156} INFO - Setting next_dagrun for example_sla_dag to 2024-09-13 14:38:00+00:00, run_after=2024-09-13 14:40:00+00:00
[2024-09-13T14:41:26.301+0000] {processor.py:208} INFO - Processing /home/airflow/.local/lib/python3.12/site-packages/airflow/example_dags/example_sla_dag.py took 0.107 seconds
[2024-09-13T14:41:57.113+0000] {processor.py:186} INFO - Started process (PID=149) to work on /home/airflow/.local/lib/python3.12/site-packages/airflow/example_dags/example_sla_dag.py
[2024-09-13T14:41:57.114+0000] {processor.py:914} INFO - Processing file /home/airflow/.local/lib/python3.12/site-packages/airflow/example_dags/example_sla_dag.py for tasks to queue
[2024-09-13T14:41:57.116+0000] {logging_mixin.py:190} INFO - [2024-09-13T14:41:57.115+0000] {dagbag.py:587} INFO - Filling up the DagBag from /home/airflow/.local/lib/python3.12/site-packages/airflow/example_dags/example_sla_dag.py
[2024-09-13T14:41:57.124+0000] {processor.py:925} INFO - DAG(s) 'example_sla_dag' retrieved from /home/airflow/.local/lib/python3.12/site-packages/airflow/example_dags/example_sla_dag.py
[2024-09-13T14:41:57.142+0000] {logging_mixin.py:190} INFO - [2024-09-13T14:41:57.142+0000] {dag.py:3229} INFO - Sync 1 DAGs
[2024-09-13T14:41:57.165+0000] {logging_mixin.py:190} INFO - [2024-09-13T14:41:57.165+0000] {dag.py:4156} INFO - Setting next_dagrun for example_sla_dag to 2024-09-13 14:38:00+00:00, run_after=2024-09-13 14:40:00+00:00
[2024-09-13T14:41:57.182+0000] {processor.py:208} INFO - Processing /home/airflow/.local/lib/python3.12/site-packages/airflow/example_dags/example_sla_dag.py took 0.074 seconds
[2024-09-13T14:42:28.189+0000] {processor.py:186} INFO - Started process (PID=211) to work on /home/airflow/.local/lib/python3.12/site-packages/airflow/example_dags/example_sla_dag.py
[2024-09-13T14:42:28.190+0000] {processor.py:914} INFO - Processing file /home/airflow/.local/lib/python3.12/site-packages/airflow/example_dags/example_sla_dag.py for tasks to queue
[2024-09-13T14:42:28.192+0000] {logging_mixin.py:190} INFO - [2024-09-13T14:42:28.192+0000] {dagbag.py:587} INFO - Filling up the DagBag from /home/airflow/.local/lib/python3.12/site-packages/airflow/example_dags/example_sla_dag.py
[2024-09-13T14:42:28.202+0000] {processor.py:925} INFO - DAG(s) 'example_sla_dag' retrieved from /home/airflow/.local/lib/python3.12/site-packages/airflow/example_dags/example_sla_dag.py
[2024-09-13T14:42:28.222+0000] {logging_mixin.py:190} INFO - [2024-09-13T14:42:28.222+0000] {dag.py:3229} INFO - Sync 1 DAGs
[2024-09-13T14:42:28.246+0000] {logging_mixin.py:190} INFO - [2024-09-13T14:42:28.246+0000] {dag.py:4156} INFO - Setting next_dagrun for example_sla_dag to 2024-09-13 14:40:00+00:00, run_after=2024-09-13 14:42:00+00:00
[2024-09-13T14:42:28.264+0000] {processor.py:208} INFO - Processing /home/airflow/.local/lib/python3.12/site-packages/airflow/example_dags/example_sla_dag.py took 0.080 seconds
[2024-09-13T14:42:59.244+0000] {processor.py:186} INFO - Started process (PID=273) to work on /home/airflow/.local/lib/python3.12/site-packages/airflow/example_dags/example_sla_dag.py
[2024-09-13T14:42:59.245+0000] {processor.py:914} INFO - Processing file /home/airflow/.local/lib/python3.12/site-packages/airflow/example_dags/example_sla_dag.py for tasks to queue
[2024-09-13T14:42:59.248+0000] {logging_mixin.py:190} INFO - [2024-09-13T14:42:59.247+0000] {dagbag.py:587} INFO - Filling up the DagBag from /home/airflow/.local/lib/python3.12/site-packages/airflow/example_dags/example_sla_dag.py
[2024-09-13T14:42:59.256+0000] {processor.py:925} INFO - DAG(s) 'example_sla_dag' retrieved from /home/airflow/.local/lib/python3.12/site-packages/airflow/example_dags/example_sla_dag.py
[2024-09-13T14:42:59.275+0000] {logging_mixin.py:190} INFO - [2024-09-13T14:42:59.275+0000] {dag.py:3229} INFO - Sync 1 DAGs
[2024-09-13T14:42:59.298+0000] {logging_mixin.py:190} INFO - [2024-09-13T14:42:59.298+0000] {dag.py:4156} INFO - Setting next_dagrun for example_sla_dag to 2024-09-13 14:40:00+00:00, run_after=2024-09-13 14:42:00+00:00
[2024-09-13T14:42:59.315+0000] {processor.py:208} INFO - Processing /home/airflow/.local/lib/python3.12/site-packages/airflow/example_dags/example_sla_dag.py took 0.076 seconds
