[2024-09-13T14:34:39.185+0000] {processor.py:186} INFO - Started process (PID=110) to work on /home/airflow/.local/lib/python3.12/site-packages/airflow/example_dags/example_branch_day_of_week_operator.py
[2024-09-13T14:34:39.185+0000] {processor.py:914} INFO - Processing file /home/airflow/.local/lib/python3.12/site-packages/airflow/example_dags/example_branch_day_of_week_operator.py for tasks to queue
[2024-09-13T14:34:39.188+0000] {logging_mixin.py:190} INFO - [2024-09-13T14:34:39.187+0000] {dagbag.py:587} INFO - Filling up the DagBag from /home/airflow/.local/lib/python3.12/site-packages/airflow/example_dags/example_branch_day_of_week_operator.py
[2024-09-13T14:34:39.196+0000] {processor.py:925} INFO - DAG(s) 'example_weekday_branch_operator' retrieved from /home/airflow/.local/lib/python3.12/site-packages/airflow/example_dags/example_branch_day_of_week_operator.py
[2024-09-13T14:34:39.289+0000] {logging_mixin.py:190} INFO - [2024-09-13T14:34:39.289+0000] {override.py:1900} INFO - Created Permission View: can read on DAG:example_weekday_branch_operator
[2024-09-13T14:34:39.300+0000] {logging_mixin.py:190} INFO - [2024-09-13T14:34:39.299+0000] {override.py:1900} INFO - Created Permission View: can delete on DAG:example_weekday_branch_operator
[2024-09-13T14:34:39.306+0000] {logging_mixin.py:190} INFO - [2024-09-13T14:34:39.306+0000] {override.py:1900} INFO - Created Permission View: can edit on DAG:example_weekday_branch_operator
[2024-09-13T14:34:39.312+0000] {logging_mixin.py:190} INFO - [2024-09-13T14:34:39.312+0000] {override.py:1900} INFO - Created Permission View: can create on DAG Run:example_weekday_branch_operator
[2024-09-13T14:34:39.318+0000] {logging_mixin.py:190} INFO - [2024-09-13T14:34:39.318+0000] {override.py:1900} INFO - Created Permission View: menu access on DAG Run:example_weekday_branch_operator
[2024-09-13T14:34:39.324+0000] {logging_mixin.py:190} INFO - [2024-09-13T14:34:39.324+0000] {override.py:1900} INFO - Created Permission View: can read on DAG Run:example_weekday_branch_operator
[2024-09-13T14:34:39.331+0000] {logging_mixin.py:190} INFO - [2024-09-13T14:34:39.331+0000] {override.py:1900} INFO - Created Permission View: can delete on DAG Run:example_weekday_branch_operator
[2024-09-13T14:34:39.331+0000] {logging_mixin.py:190} INFO - [2024-09-13T14:34:39.331+0000] {dag.py:3229} INFO - Sync 1 DAGs
[2024-09-13T14:34:39.344+0000] {logging_mixin.py:190} INFO - [2024-09-13T14:34:39.344+0000] {dag.py:3252} INFO - Creating ORM DAG for example_weekday_branch_operator
[2024-09-13T14:34:39.354+0000] {logging_mixin.py:190} INFO - [2024-09-13T14:34:39.353+0000] {dag.py:4156} INFO - Setting next_dagrun for example_weekday_branch_operator to 2024-09-12 00:00:00+00:00, run_after=2024-09-13 00:00:00+00:00
[2024-09-13T14:34:39.368+0000] {processor.py:208} INFO - Processing /home/airflow/.local/lib/python3.12/site-packages/airflow/example_dags/example_branch_day_of_week_operator.py took 0.188 seconds
[2024-09-13T14:35:09.827+0000] {processor.py:186} INFO - Started process (PID=172) to work on /home/airflow/.local/lib/python3.12/site-packages/airflow/example_dags/example_branch_day_of_week_operator.py
[2024-09-13T14:35:09.828+0000] {processor.py:914} INFO - Processing file /home/airflow/.local/lib/python3.12/site-packages/airflow/example_dags/example_branch_day_of_week_operator.py for tasks to queue
[2024-09-13T14:35:09.830+0000] {logging_mixin.py:190} INFO - [2024-09-13T14:35:09.829+0000] {dagbag.py:587} INFO - Filling up the DagBag from /home/airflow/.local/lib/python3.12/site-packages/airflow/example_dags/example_branch_day_of_week_operator.py
[2024-09-13T14:35:09.839+0000] {processor.py:925} INFO - DAG(s) 'example_weekday_branch_operator' retrieved from /home/airflow/.local/lib/python3.12/site-packages/airflow/example_dags/example_branch_day_of_week_operator.py
[2024-09-13T14:35:09.860+0000] {logging_mixin.py:190} INFO - [2024-09-13T14:35:09.860+0000] {dag.py:3229} INFO - Sync 1 DAGs
[2024-09-13T14:35:09.881+0000] {logging_mixin.py:190} INFO - [2024-09-13T14:35:09.881+0000] {dag.py:4156} INFO - Setting next_dagrun for example_weekday_branch_operator to 2024-09-12 00:00:00+00:00, run_after=2024-09-13 00:00:00+00:00
[2024-09-13T14:35:09.900+0000] {processor.py:208} INFO - Processing /home/airflow/.local/lib/python3.12/site-packages/airflow/example_dags/example_branch_day_of_week_operator.py took 0.078 seconds
[2024-09-13T14:35:40.370+0000] {processor.py:186} INFO - Started process (PID=234) to work on /home/airflow/.local/lib/python3.12/site-packages/airflow/example_dags/example_branch_day_of_week_operator.py
[2024-09-13T14:35:40.371+0000] {processor.py:914} INFO - Processing file /home/airflow/.local/lib/python3.12/site-packages/airflow/example_dags/example_branch_day_of_week_operator.py for tasks to queue
[2024-09-13T14:35:40.373+0000] {logging_mixin.py:190} INFO - [2024-09-13T14:35:40.373+0000] {dagbag.py:587} INFO - Filling up the DagBag from /home/airflow/.local/lib/python3.12/site-packages/airflow/example_dags/example_branch_day_of_week_operator.py
[2024-09-13T14:35:40.382+0000] {processor.py:925} INFO - DAG(s) 'example_weekday_branch_operator' retrieved from /home/airflow/.local/lib/python3.12/site-packages/airflow/example_dags/example_branch_day_of_week_operator.py
[2024-09-13T14:35:40.404+0000] {logging_mixin.py:190} INFO - [2024-09-13T14:35:40.404+0000] {dag.py:3229} INFO - Sync 1 DAGs
[2024-09-13T14:35:40.427+0000] {logging_mixin.py:190} INFO - [2024-09-13T14:35:40.427+0000] {dag.py:4156} INFO - Setting next_dagrun for example_weekday_branch_operator to 2024-09-12 00:00:00+00:00, run_after=2024-09-13 00:00:00+00:00
[2024-09-13T14:35:40.445+0000] {processor.py:208} INFO - Processing /home/airflow/.local/lib/python3.12/site-packages/airflow/example_dags/example_branch_day_of_week_operator.py took 0.082 seconds
[2024-09-13T14:36:10.640+0000] {processor.py:186} INFO - Started process (PID=296) to work on /home/airflow/.local/lib/python3.12/site-packages/airflow/example_dags/example_branch_day_of_week_operator.py
[2024-09-13T14:36:10.640+0000] {processor.py:914} INFO - Processing file /home/airflow/.local/lib/python3.12/site-packages/airflow/example_dags/example_branch_day_of_week_operator.py for tasks to queue
[2024-09-13T14:36:10.642+0000] {logging_mixin.py:190} INFO - [2024-09-13T14:36:10.642+0000] {dagbag.py:587} INFO - Filling up the DagBag from /home/airflow/.local/lib/python3.12/site-packages/airflow/example_dags/example_branch_day_of_week_operator.py
[2024-09-13T14:36:10.651+0000] {processor.py:925} INFO - DAG(s) 'example_weekday_branch_operator' retrieved from /home/airflow/.local/lib/python3.12/site-packages/airflow/example_dags/example_branch_day_of_week_operator.py
[2024-09-13T14:36:10.670+0000] {logging_mixin.py:190} INFO - [2024-09-13T14:36:10.669+0000] {dag.py:3229} INFO - Sync 1 DAGs
[2024-09-13T14:36:10.689+0000] {logging_mixin.py:190} INFO - [2024-09-13T14:36:10.689+0000] {dag.py:4156} INFO - Setting next_dagrun for example_weekday_branch_operator to 2024-09-12 00:00:00+00:00, run_after=2024-09-13 00:00:00+00:00
[2024-09-13T14:36:10.704+0000] {processor.py:208} INFO - Processing /home/airflow/.local/lib/python3.12/site-packages/airflow/example_dags/example_branch_day_of_week_operator.py took 0.070 seconds
[2024-09-13T14:36:41.690+0000] {processor.py:186} INFO - Started process (PID=358) to work on /home/airflow/.local/lib/python3.12/site-packages/airflow/example_dags/example_branch_day_of_week_operator.py
[2024-09-13T14:36:41.691+0000] {processor.py:914} INFO - Processing file /home/airflow/.local/lib/python3.12/site-packages/airflow/example_dags/example_branch_day_of_week_operator.py for tasks to queue
[2024-09-13T14:36:41.693+0000] {logging_mixin.py:190} INFO - [2024-09-13T14:36:41.693+0000] {dagbag.py:587} INFO - Filling up the DagBag from /home/airflow/.local/lib/python3.12/site-packages/airflow/example_dags/example_branch_day_of_week_operator.py
[2024-09-13T14:36:41.704+0000] {processor.py:925} INFO - DAG(s) 'example_weekday_branch_operator' retrieved from /home/airflow/.local/lib/python3.12/site-packages/airflow/example_dags/example_branch_day_of_week_operator.py
[2024-09-13T14:36:41.725+0000] {logging_mixin.py:190} INFO - [2024-09-13T14:36:41.724+0000] {dag.py:3229} INFO - Sync 1 DAGs
[2024-09-13T14:36:41.749+0000] {logging_mixin.py:190} INFO - [2024-09-13T14:36:41.749+0000] {dag.py:4156} INFO - Setting next_dagrun for example_weekday_branch_operator to 2024-09-12 00:00:00+00:00, run_after=2024-09-13 00:00:00+00:00
[2024-09-13T14:36:41.766+0000] {processor.py:208} INFO - Processing /home/airflow/.local/lib/python3.12/site-packages/airflow/example_dags/example_branch_day_of_week_operator.py took 0.082 seconds
[2024-09-13T14:37:12.410+0000] {processor.py:186} INFO - Started process (PID=420) to work on /home/airflow/.local/lib/python3.12/site-packages/airflow/example_dags/example_branch_day_of_week_operator.py
[2024-09-13T14:37:12.411+0000] {processor.py:914} INFO - Processing file /home/airflow/.local/lib/python3.12/site-packages/airflow/example_dags/example_branch_day_of_week_operator.py for tasks to queue
[2024-09-13T14:37:12.413+0000] {logging_mixin.py:190} INFO - [2024-09-13T14:37:12.413+0000] {dagbag.py:587} INFO - Filling up the DagBag from /home/airflow/.local/lib/python3.12/site-packages/airflow/example_dags/example_branch_day_of_week_operator.py
[2024-09-13T14:37:12.422+0000] {processor.py:925} INFO - DAG(s) 'example_weekday_branch_operator' retrieved from /home/airflow/.local/lib/python3.12/site-packages/airflow/example_dags/example_branch_day_of_week_operator.py
[2024-09-13T14:37:12.444+0000] {logging_mixin.py:190} INFO - [2024-09-13T14:37:12.444+0000] {dag.py:3229} INFO - Sync 1 DAGs
[2024-09-13T14:37:12.467+0000] {logging_mixin.py:190} INFO - [2024-09-13T14:37:12.466+0000] {dag.py:4156} INFO - Setting next_dagrun for example_weekday_branch_operator to 2024-09-12 00:00:00+00:00, run_after=2024-09-13 00:00:00+00:00
[2024-09-13T14:37:12.484+0000] {processor.py:208} INFO - Processing /home/airflow/.local/lib/python3.12/site-packages/airflow/example_dags/example_branch_day_of_week_operator.py took 0.079 seconds
[2024-09-13T14:37:42.831+0000] {processor.py:186} INFO - Started process (PID=482) to work on /home/airflow/.local/lib/python3.12/site-packages/airflow/example_dags/example_branch_day_of_week_operator.py
[2024-09-13T14:37:42.832+0000] {processor.py:914} INFO - Processing file /home/airflow/.local/lib/python3.12/site-packages/airflow/example_dags/example_branch_day_of_week_operator.py for tasks to queue
[2024-09-13T14:37:42.834+0000] {logging_mixin.py:190} INFO - [2024-09-13T14:37:42.834+0000] {dagbag.py:587} INFO - Filling up the DagBag from /home/airflow/.local/lib/python3.12/site-packages/airflow/example_dags/example_branch_day_of_week_operator.py
[2024-09-13T14:37:42.844+0000] {processor.py:925} INFO - DAG(s) 'example_weekday_branch_operator' retrieved from /home/airflow/.local/lib/python3.12/site-packages/airflow/example_dags/example_branch_day_of_week_operator.py
[2024-09-13T14:37:42.863+0000] {logging_mixin.py:190} INFO - [2024-09-13T14:37:42.863+0000] {dag.py:3229} INFO - Sync 1 DAGs
[2024-09-13T14:37:42.886+0000] {logging_mixin.py:190} INFO - [2024-09-13T14:37:42.885+0000] {dag.py:4156} INFO - Setting next_dagrun for example_weekday_branch_operator to 2024-09-12 00:00:00+00:00, run_after=2024-09-13 00:00:00+00:00
[2024-09-13T14:37:42.903+0000] {processor.py:208} INFO - Processing /home/airflow/.local/lib/python3.12/site-packages/airflow/example_dags/example_branch_day_of_week_operator.py took 0.078 seconds
[2024-09-13T14:38:13.005+0000] {processor.py:186} INFO - Started process (PID=544) to work on /home/airflow/.local/lib/python3.12/site-packages/airflow/example_dags/example_branch_day_of_week_operator.py
[2024-09-13T14:38:13.005+0000] {processor.py:914} INFO - Processing file /home/airflow/.local/lib/python3.12/site-packages/airflow/example_dags/example_branch_day_of_week_operator.py for tasks to queue
[2024-09-13T14:38:13.007+0000] {logging_mixin.py:190} INFO - [2024-09-13T14:38:13.007+0000] {dagbag.py:587} INFO - Filling up the DagBag from /home/airflow/.local/lib/python3.12/site-packages/airflow/example_dags/example_branch_day_of_week_operator.py
[2024-09-13T14:38:13.016+0000] {processor.py:925} INFO - DAG(s) 'example_weekday_branch_operator' retrieved from /home/airflow/.local/lib/python3.12/site-packages/airflow/example_dags/example_branch_day_of_week_operator.py
[2024-09-13T14:38:13.036+0000] {logging_mixin.py:190} INFO - [2024-09-13T14:38:13.036+0000] {dag.py:3229} INFO - Sync 1 DAGs
[2024-09-13T14:38:13.057+0000] {logging_mixin.py:190} INFO - [2024-09-13T14:38:13.057+0000] {dag.py:4156} INFO - Setting next_dagrun for example_weekday_branch_operator to 2024-09-12 00:00:00+00:00, run_after=2024-09-13 00:00:00+00:00
[2024-09-13T14:38:13.075+0000] {processor.py:208} INFO - Processing /home/airflow/.local/lib/python3.12/site-packages/airflow/example_dags/example_branch_day_of_week_operator.py took 0.076 seconds
[2024-09-13T14:39:34.255+0000] {processor.py:186} INFO - Started process (PID=104) to work on /home/airflow/.local/lib/python3.12/site-packages/airflow/example_dags/example_branch_day_of_week_operator.py
[2024-09-13T14:39:34.256+0000] {processor.py:914} INFO - Processing file /home/airflow/.local/lib/python3.12/site-packages/airflow/example_dags/example_branch_day_of_week_operator.py for tasks to queue
[2024-09-13T14:39:34.258+0000] {logging_mixin.py:190} INFO - [2024-09-13T14:39:34.257+0000] {dagbag.py:587} INFO - Filling up the DagBag from /home/airflow/.local/lib/python3.12/site-packages/airflow/example_dags/example_branch_day_of_week_operator.py
[2024-09-13T14:39:34.268+0000] {processor.py:925} INFO - DAG(s) 'example_weekday_branch_operator' retrieved from /home/airflow/.local/lib/python3.12/site-packages/airflow/example_dags/example_branch_day_of_week_operator.py
[2024-09-13T14:39:34.289+0000] {logging_mixin.py:190} INFO - [2024-09-13T14:39:34.289+0000] {dag.py:3229} INFO - Sync 1 DAGs
[2024-09-13T14:39:34.315+0000] {logging_mixin.py:190} INFO - [2024-09-13T14:39:34.315+0000] {dag.py:4156} INFO - Setting next_dagrun for example_weekday_branch_operator to 2024-09-12 00:00:00+00:00, run_after=2024-09-13 00:00:00+00:00
[2024-09-13T14:39:34.333+0000] {processor.py:208} INFO - Processing /home/airflow/.local/lib/python3.12/site-packages/airflow/example_dags/example_branch_day_of_week_operator.py took 0.084 seconds
[2024-09-13T14:40:05.056+0000] {processor.py:186} INFO - Started process (PID=166) to work on /home/airflow/.local/lib/python3.12/site-packages/airflow/example_dags/example_branch_day_of_week_operator.py
[2024-09-13T14:40:05.057+0000] {processor.py:914} INFO - Processing file /home/airflow/.local/lib/python3.12/site-packages/airflow/example_dags/example_branch_day_of_week_operator.py for tasks to queue
[2024-09-13T14:40:05.059+0000] {logging_mixin.py:190} INFO - [2024-09-13T14:40:05.058+0000] {dagbag.py:587} INFO - Filling up the DagBag from /home/airflow/.local/lib/python3.12/site-packages/airflow/example_dags/example_branch_day_of_week_operator.py
[2024-09-13T14:40:05.068+0000] {processor.py:925} INFO - DAG(s) 'example_weekday_branch_operator' retrieved from /home/airflow/.local/lib/python3.12/site-packages/airflow/example_dags/example_branch_day_of_week_operator.py
[2024-09-13T14:40:05.089+0000] {logging_mixin.py:190} INFO - [2024-09-13T14:40:05.089+0000] {dag.py:3229} INFO - Sync 1 DAGs
[2024-09-13T14:40:05.113+0000] {logging_mixin.py:190} INFO - [2024-09-13T14:40:05.113+0000] {dag.py:4156} INFO - Setting next_dagrun for example_weekday_branch_operator to 2024-09-12 00:00:00+00:00, run_after=2024-09-13 00:00:00+00:00
[2024-09-13T14:40:05.132+0000] {processor.py:208} INFO - Processing /home/airflow/.local/lib/python3.12/site-packages/airflow/example_dags/example_branch_day_of_week_operator.py took 0.082 seconds
[2024-09-13T14:40:35.339+0000] {processor.py:186} INFO - Started process (PID=228) to work on /home/airflow/.local/lib/python3.12/site-packages/airflow/example_dags/example_branch_day_of_week_operator.py
[2024-09-13T14:40:35.339+0000] {processor.py:914} INFO - Processing file /home/airflow/.local/lib/python3.12/site-packages/airflow/example_dags/example_branch_day_of_week_operator.py for tasks to queue
[2024-09-13T14:40:35.341+0000] {logging_mixin.py:190} INFO - [2024-09-13T14:40:35.341+0000] {dagbag.py:587} INFO - Filling up the DagBag from /home/airflow/.local/lib/python3.12/site-packages/airflow/example_dags/example_branch_day_of_week_operator.py
[2024-09-13T14:40:35.350+0000] {processor.py:925} INFO - DAG(s) 'example_weekday_branch_operator' retrieved from /home/airflow/.local/lib/python3.12/site-packages/airflow/example_dags/example_branch_day_of_week_operator.py
[2024-09-13T14:40:35.368+0000] {logging_mixin.py:190} INFO - [2024-09-13T14:40:35.368+0000] {dag.py:3229} INFO - Sync 1 DAGs
[2024-09-13T14:40:35.390+0000] {logging_mixin.py:190} INFO - [2024-09-13T14:40:35.390+0000] {dag.py:4156} INFO - Setting next_dagrun for example_weekday_branch_operator to 2024-09-12 00:00:00+00:00, run_after=2024-09-13 00:00:00+00:00
[2024-09-13T14:40:35.408+0000] {processor.py:208} INFO - Processing /home/airflow/.local/lib/python3.12/site-packages/airflow/example_dags/example_branch_day_of_week_operator.py took 0.074 seconds
[2024-09-13T14:41:26.947+0000] {processor.py:186} INFO - Started process (PID=97) to work on /home/airflow/.local/lib/python3.12/site-packages/airflow/example_dags/example_branch_day_of_week_operator.py
[2024-09-13T14:41:26.948+0000] {processor.py:914} INFO - Processing file /home/airflow/.local/lib/python3.12/site-packages/airflow/example_dags/example_branch_day_of_week_operator.py for tasks to queue
[2024-09-13T14:41:26.950+0000] {logging_mixin.py:190} INFO - [2024-09-13T14:41:26.950+0000] {dagbag.py:587} INFO - Filling up the DagBag from /home/airflow/.local/lib/python3.12/site-packages/airflow/example_dags/example_branch_day_of_week_operator.py
[2024-09-13T14:41:26.961+0000] {processor.py:925} INFO - DAG(s) 'example_weekday_branch_operator' retrieved from /home/airflow/.local/lib/python3.12/site-packages/airflow/example_dags/example_branch_day_of_week_operator.py
[2024-09-13T14:41:26.992+0000] {logging_mixin.py:190} INFO - [2024-09-13T14:41:26.992+0000] {dag.py:3229} INFO - Sync 1 DAGs
[2024-09-13T14:41:27.016+0000] {logging_mixin.py:190} INFO - [2024-09-13T14:41:27.015+0000] {dag.py:4156} INFO - Setting next_dagrun for example_weekday_branch_operator to 2024-09-12 00:00:00+00:00, run_after=2024-09-13 00:00:00+00:00
[2024-09-13T14:41:27.035+0000] {processor.py:208} INFO - Processing /home/airflow/.local/lib/python3.12/site-packages/airflow/example_dags/example_branch_day_of_week_operator.py took 0.094 seconds
[2024-09-13T14:41:57.763+0000] {processor.py:186} INFO - Started process (PID=159) to work on /home/airflow/.local/lib/python3.12/site-packages/airflow/example_dags/example_branch_day_of_week_operator.py
[2024-09-13T14:41:57.764+0000] {processor.py:914} INFO - Processing file /home/airflow/.local/lib/python3.12/site-packages/airflow/example_dags/example_branch_day_of_week_operator.py for tasks to queue
[2024-09-13T14:41:57.766+0000] {logging_mixin.py:190} INFO - [2024-09-13T14:41:57.765+0000] {dagbag.py:587} INFO - Filling up the DagBag from /home/airflow/.local/lib/python3.12/site-packages/airflow/example_dags/example_branch_day_of_week_operator.py
[2024-09-13T14:41:57.774+0000] {processor.py:925} INFO - DAG(s) 'example_weekday_branch_operator' retrieved from /home/airflow/.local/lib/python3.12/site-packages/airflow/example_dags/example_branch_day_of_week_operator.py
[2024-09-13T14:41:57.795+0000] {logging_mixin.py:190} INFO - [2024-09-13T14:41:57.795+0000] {dag.py:3229} INFO - Sync 1 DAGs
[2024-09-13T14:41:57.818+0000] {logging_mixin.py:190} INFO - [2024-09-13T14:41:57.818+0000] {dag.py:4156} INFO - Setting next_dagrun for example_weekday_branch_operator to 2024-09-12 00:00:00+00:00, run_after=2024-09-13 00:00:00+00:00
[2024-09-13T14:41:57.837+0000] {processor.py:208} INFO - Processing /home/airflow/.local/lib/python3.12/site-packages/airflow/example_dags/example_branch_day_of_week_operator.py took 0.079 seconds
[2024-09-13T14:42:28.799+0000] {processor.py:186} INFO - Started process (PID=221) to work on /home/airflow/.local/lib/python3.12/site-packages/airflow/example_dags/example_branch_day_of_week_operator.py
[2024-09-13T14:42:28.800+0000] {processor.py:914} INFO - Processing file /home/airflow/.local/lib/python3.12/site-packages/airflow/example_dags/example_branch_day_of_week_operator.py for tasks to queue
[2024-09-13T14:42:28.802+0000] {logging_mixin.py:190} INFO - [2024-09-13T14:42:28.802+0000] {dagbag.py:587} INFO - Filling up the DagBag from /home/airflow/.local/lib/python3.12/site-packages/airflow/example_dags/example_branch_day_of_week_operator.py
[2024-09-13T14:42:28.811+0000] {processor.py:925} INFO - DAG(s) 'example_weekday_branch_operator' retrieved from /home/airflow/.local/lib/python3.12/site-packages/airflow/example_dags/example_branch_day_of_week_operator.py
[2024-09-13T14:42:28.832+0000] {logging_mixin.py:190} INFO - [2024-09-13T14:42:28.832+0000] {dag.py:3229} INFO - Sync 1 DAGs
[2024-09-13T14:42:28.853+0000] {logging_mixin.py:190} INFO - [2024-09-13T14:42:28.853+0000] {dag.py:4156} INFO - Setting next_dagrun for example_weekday_branch_operator to 2024-09-12 00:00:00+00:00, run_after=2024-09-13 00:00:00+00:00
[2024-09-13T14:42:28.871+0000] {processor.py:208} INFO - Processing /home/airflow/.local/lib/python3.12/site-packages/airflow/example_dags/example_branch_day_of_week_operator.py took 0.077 seconds
[2024-09-13T14:42:59.962+0000] {processor.py:186} INFO - Started process (PID=283) to work on /home/airflow/.local/lib/python3.12/site-packages/airflow/example_dags/example_branch_day_of_week_operator.py
[2024-09-13T14:42:59.963+0000] {processor.py:914} INFO - Processing file /home/airflow/.local/lib/python3.12/site-packages/airflow/example_dags/example_branch_day_of_week_operator.py for tasks to queue
[2024-09-13T14:42:59.966+0000] {logging_mixin.py:190} INFO - [2024-09-13T14:42:59.966+0000] {dagbag.py:587} INFO - Filling up the DagBag from /home/airflow/.local/lib/python3.12/site-packages/airflow/example_dags/example_branch_day_of_week_operator.py
[2024-09-13T14:42:59.979+0000] {processor.py:925} INFO - DAG(s) 'example_weekday_branch_operator' retrieved from /home/airflow/.local/lib/python3.12/site-packages/airflow/example_dags/example_branch_day_of_week_operator.py
[2024-09-13T14:43:00.002+0000] {logging_mixin.py:190} INFO - [2024-09-13T14:43:00.001+0000] {dag.py:3229} INFO - Sync 1 DAGs
[2024-09-13T14:43:00.027+0000] {logging_mixin.py:190} INFO - [2024-09-13T14:43:00.027+0000] {dag.py:4156} INFO - Setting next_dagrun for example_weekday_branch_operator to 2024-09-12 00:00:00+00:00, run_after=2024-09-13 00:00:00+00:00
[2024-09-13T14:43:00.044+0000] {processor.py:208} INFO - Processing /home/airflow/.local/lib/python3.12/site-packages/airflow/example_dags/example_branch_day_of_week_operator.py took 0.088 seconds
