[2024-09-13T14:34:32.496+0000] {processor.py:186} INFO - Started process (PID=65) to work on /home/airflow/.local/lib/python3.12/site-packages/airflow/example_dags/example_dataset_alias.py
[2024-09-13T14:34:32.497+0000] {processor.py:914} INFO - Processing file /home/airflow/.local/lib/python3.12/site-packages/airflow/example_dags/example_dataset_alias.py for tasks to queue
[2024-09-13T14:34:32.500+0000] {logging_mixin.py:190} INFO - [2024-09-13T14:34:32.500+0000] {dagbag.py:587} INFO - Filling up the DagBag from /home/airflow/.local/lib/python3.12/site-packages/airflow/example_dags/example_dataset_alias.py
[2024-09-13T14:34:33.186+0000] {processor.py:925} INFO - DAG(s) 'dataset_alias_example_alias_consumer', 'dataset_s3_bucket_producer', 'dataset_alias_example_alias_producer', 'dataset_s3_bucket_consumer' retrieved from /home/airflow/.local/lib/python3.12/site-packages/airflow/example_dags/example_dataset_alias.py
[2024-09-13T14:34:33.301+0000] {logging_mixin.py:190} INFO - [2024-09-13T14:34:33.300+0000] {override.py:1900} INFO - Created Permission View: can read on DAG:dataset_alias_example_alias_consumer
[2024-09-13T14:34:33.315+0000] {logging_mixin.py:190} INFO - [2024-09-13T14:34:33.315+0000] {override.py:1900} INFO - Created Permission View: can delete on DAG:dataset_alias_example_alias_consumer
[2024-09-13T14:34:33.324+0000] {logging_mixin.py:190} INFO - [2024-09-13T14:34:33.323+0000] {override.py:1900} INFO - Created Permission View: can edit on DAG:dataset_alias_example_alias_consumer
[2024-09-13T14:34:33.334+0000] {logging_mixin.py:190} INFO - [2024-09-13T14:34:33.334+0000] {override.py:1900} INFO - Created Permission View: can create on DAG Run:dataset_alias_example_alias_consumer
[2024-09-13T14:34:33.342+0000] {logging_mixin.py:190} INFO - [2024-09-13T14:34:33.342+0000] {override.py:1900} INFO - Created Permission View: menu access on DAG Run:dataset_alias_example_alias_consumer
[2024-09-13T14:34:33.352+0000] {logging_mixin.py:190} INFO - [2024-09-13T14:34:33.351+0000] {override.py:1900} INFO - Created Permission View: can read on DAG Run:dataset_alias_example_alias_consumer
[2024-09-13T14:34:33.359+0000] {logging_mixin.py:190} INFO - [2024-09-13T14:34:33.358+0000] {override.py:1900} INFO - Created Permission View: can delete on DAG Run:dataset_alias_example_alias_consumer
[2024-09-13T14:34:33.372+0000] {logging_mixin.py:190} INFO - [2024-09-13T14:34:33.372+0000] {override.py:1900} INFO - Created Permission View: can read on DAG:dataset_s3_bucket_producer
[2024-09-13T14:34:33.380+0000] {logging_mixin.py:190} INFO - [2024-09-13T14:34:33.380+0000] {override.py:1900} INFO - Created Permission View: can delete on DAG:dataset_s3_bucket_producer
[2024-09-13T14:34:33.386+0000] {logging_mixin.py:190} INFO - [2024-09-13T14:34:33.386+0000] {override.py:1900} INFO - Created Permission View: can edit on DAG:dataset_s3_bucket_producer
[2024-09-13T14:34:33.394+0000] {logging_mixin.py:190} INFO - [2024-09-13T14:34:33.394+0000] {override.py:1900} INFO - Created Permission View: can create on DAG Run:dataset_s3_bucket_producer
[2024-09-13T14:34:33.401+0000] {logging_mixin.py:190} INFO - [2024-09-13T14:34:33.400+0000] {override.py:1900} INFO - Created Permission View: menu access on DAG Run:dataset_s3_bucket_producer
[2024-09-13T14:34:33.407+0000] {logging_mixin.py:190} INFO - [2024-09-13T14:34:33.407+0000] {override.py:1900} INFO - Created Permission View: can read on DAG Run:dataset_s3_bucket_producer
[2024-09-13T14:34:33.414+0000] {logging_mixin.py:190} INFO - [2024-09-13T14:34:33.414+0000] {override.py:1900} INFO - Created Permission View: can delete on DAG Run:dataset_s3_bucket_producer
[2024-09-13T14:34:33.426+0000] {logging_mixin.py:190} INFO - [2024-09-13T14:34:33.425+0000] {override.py:1900} INFO - Created Permission View: can read on DAG:dataset_alias_example_alias_producer
[2024-09-13T14:34:33.433+0000] {logging_mixin.py:190} INFO - [2024-09-13T14:34:33.433+0000] {override.py:1900} INFO - Created Permission View: can delete on DAG:dataset_alias_example_alias_producer
[2024-09-13T14:34:33.439+0000] {logging_mixin.py:190} INFO - [2024-09-13T14:34:33.439+0000] {override.py:1900} INFO - Created Permission View: can edit on DAG:dataset_alias_example_alias_producer
[2024-09-13T14:34:33.447+0000] {logging_mixin.py:190} INFO - [2024-09-13T14:34:33.447+0000] {override.py:1900} INFO - Created Permission View: can create on DAG Run:dataset_alias_example_alias_producer
[2024-09-13T14:34:33.453+0000] {logging_mixin.py:190} INFO - [2024-09-13T14:34:33.453+0000] {override.py:1900} INFO - Created Permission View: menu access on DAG Run:dataset_alias_example_alias_producer
[2024-09-13T14:34:33.459+0000] {logging_mixin.py:190} INFO - [2024-09-13T14:34:33.459+0000] {override.py:1900} INFO - Created Permission View: can read on DAG Run:dataset_alias_example_alias_producer
[2024-09-13T14:34:33.465+0000] {logging_mixin.py:190} INFO - [2024-09-13T14:34:33.465+0000] {override.py:1900} INFO - Created Permission View: can delete on DAG Run:dataset_alias_example_alias_producer
[2024-09-13T14:34:33.475+0000] {logging_mixin.py:190} INFO - [2024-09-13T14:34:33.475+0000] {override.py:1900} INFO - Created Permission View: can read on DAG:dataset_s3_bucket_consumer
[2024-09-13T14:34:33.483+0000] {logging_mixin.py:190} INFO - [2024-09-13T14:34:33.482+0000] {override.py:1900} INFO - Created Permission View: can delete on DAG:dataset_s3_bucket_consumer
[2024-09-13T14:34:33.488+0000] {logging_mixin.py:190} INFO - [2024-09-13T14:34:33.488+0000] {override.py:1900} INFO - Created Permission View: can edit on DAG:dataset_s3_bucket_consumer
[2024-09-13T14:34:33.497+0000] {logging_mixin.py:190} INFO - [2024-09-13T14:34:33.496+0000] {override.py:1900} INFO - Created Permission View: can create on DAG Run:dataset_s3_bucket_consumer
[2024-09-13T14:34:33.503+0000] {logging_mixin.py:190} INFO - [2024-09-13T14:34:33.503+0000] {override.py:1900} INFO - Created Permission View: menu access on DAG Run:dataset_s3_bucket_consumer
[2024-09-13T14:34:33.510+0000] {logging_mixin.py:190} INFO - [2024-09-13T14:34:33.510+0000] {override.py:1900} INFO - Created Permission View: can read on DAG Run:dataset_s3_bucket_consumer
[2024-09-13T14:34:33.517+0000] {logging_mixin.py:190} INFO - [2024-09-13T14:34:33.517+0000] {override.py:1900} INFO - Created Permission View: can delete on DAG Run:dataset_s3_bucket_consumer
[2024-09-13T14:34:33.517+0000] {logging_mixin.py:190} INFO - [2024-09-13T14:34:33.517+0000] {dag.py:3229} INFO - Sync 4 DAGs
[2024-09-13T14:34:33.534+0000] {logging_mixin.py:190} INFO - [2024-09-13T14:34:33.534+0000] {dag.py:3252} INFO - Creating ORM DAG for dataset_alias_example_alias_consumer
[2024-09-13T14:34:33.535+0000] {logging_mixin.py:190} INFO - [2024-09-13T14:34:33.535+0000] {dag.py:3252} INFO - Creating ORM DAG for dataset_s3_bucket_consumer
[2024-09-13T14:34:33.536+0000] {logging_mixin.py:190} INFO - [2024-09-13T14:34:33.535+0000] {dag.py:3252} INFO - Creating ORM DAG for dataset_alias_example_alias_producer
[2024-09-13T14:34:33.536+0000] {logging_mixin.py:190} INFO - [2024-09-13T14:34:33.536+0000] {dag.py:3252} INFO - Creating ORM DAG for dataset_s3_bucket_producer
[2024-09-13T14:34:33.547+0000] {logging_mixin.py:190} INFO - [2024-09-13T14:34:33.546+0000] {dag.py:4156} INFO - Setting next_dagrun for dataset_alias_example_alias_consumer to None, run_after=None
[2024-09-13T14:34:33.547+0000] {logging_mixin.py:190} INFO - [2024-09-13T14:34:33.547+0000] {dag.py:4156} INFO - Setting next_dagrun for dataset_alias_example_alias_producer to None, run_after=None
[2024-09-13T14:34:33.548+0000] {logging_mixin.py:190} INFO - [2024-09-13T14:34:33.548+0000] {dag.py:4156} INFO - Setting next_dagrun for dataset_s3_bucket_consumer to None, run_after=None
[2024-09-13T14:34:33.548+0000] {logging_mixin.py:190} INFO - [2024-09-13T14:34:33.548+0000] {dag.py:4156} INFO - Setting next_dagrun for dataset_s3_bucket_producer to None, run_after=None
[2024-09-13T14:34:33.585+0000] {processor.py:208} INFO - Processing /home/airflow/.local/lib/python3.12/site-packages/airflow/example_dags/example_dataset_alias.py took 1.096 seconds
[2024-09-13T14:35:03.739+0000] {processor.py:186} INFO - Started process (PID=127) to work on /home/airflow/.local/lib/python3.12/site-packages/airflow/example_dags/example_dataset_alias.py
[2024-09-13T14:35:03.740+0000] {processor.py:914} INFO - Processing file /home/airflow/.local/lib/python3.12/site-packages/airflow/example_dags/example_dataset_alias.py for tasks to queue
[2024-09-13T14:35:03.743+0000] {logging_mixin.py:190} INFO - [2024-09-13T14:35:03.743+0000] {dagbag.py:587} INFO - Filling up the DagBag from /home/airflow/.local/lib/python3.12/site-packages/airflow/example_dags/example_dataset_alias.py
[2024-09-13T14:35:03.974+0000] {processor.py:925} INFO - DAG(s) 'dataset_s3_bucket_consumer', 'dataset_alias_example_alias_consumer', 'dataset_s3_bucket_producer', 'dataset_alias_example_alias_producer' retrieved from /home/airflow/.local/lib/python3.12/site-packages/airflow/example_dags/example_dataset_alias.py
[2024-09-13T14:35:03.992+0000] {logging_mixin.py:190} INFO - [2024-09-13T14:35:03.992+0000] {dag.py:3229} INFO - Sync 4 DAGs
[2024-09-13T14:35:04.013+0000] {logging_mixin.py:190} INFO - [2024-09-13T14:35:04.013+0000] {dag.py:4156} INFO - Setting next_dagrun for dataset_alias_example_alias_consumer to None, run_after=None
[2024-09-13T14:35:04.016+0000] {logging_mixin.py:190} INFO - [2024-09-13T14:35:04.016+0000] {dag.py:4156} INFO - Setting next_dagrun for dataset_alias_example_alias_producer to None, run_after=None
[2024-09-13T14:35:04.017+0000] {logging_mixin.py:190} INFO - [2024-09-13T14:35:04.017+0000] {dag.py:4156} INFO - Setting next_dagrun for dataset_s3_bucket_consumer to None, run_after=None
[2024-09-13T14:35:04.018+0000] {logging_mixin.py:190} INFO - [2024-09-13T14:35:04.018+0000] {dag.py:4156} INFO - Setting next_dagrun for dataset_s3_bucket_producer to None, run_after=None
[2024-09-13T14:35:04.039+0000] {processor.py:208} INFO - Processing /home/airflow/.local/lib/python3.12/site-packages/airflow/example_dags/example_dataset_alias.py took 0.304 seconds
[2024-09-13T14:35:34.362+0000] {processor.py:186} INFO - Started process (PID=192) to work on /home/airflow/.local/lib/python3.12/site-packages/airflow/example_dags/example_dataset_alias.py
[2024-09-13T14:35:34.363+0000] {processor.py:914} INFO - Processing file /home/airflow/.local/lib/python3.12/site-packages/airflow/example_dags/example_dataset_alias.py for tasks to queue
[2024-09-13T14:35:34.366+0000] {logging_mixin.py:190} INFO - [2024-09-13T14:35:34.365+0000] {dagbag.py:587} INFO - Filling up the DagBag from /home/airflow/.local/lib/python3.12/site-packages/airflow/example_dags/example_dataset_alias.py
[2024-09-13T14:35:34.601+0000] {processor.py:925} INFO - DAG(s) 'dataset_alias_example_alias_producer', 'dataset_s3_bucket_producer', 'dataset_s3_bucket_consumer', 'dataset_alias_example_alias_consumer' retrieved from /home/airflow/.local/lib/python3.12/site-packages/airflow/example_dags/example_dataset_alias.py
[2024-09-13T14:35:34.621+0000] {logging_mixin.py:190} INFO - [2024-09-13T14:35:34.621+0000] {dag.py:3229} INFO - Sync 4 DAGs
[2024-09-13T14:35:34.643+0000] {logging_mixin.py:190} INFO - [2024-09-13T14:35:34.643+0000] {dag.py:4156} INFO - Setting next_dagrun for dataset_alias_example_alias_consumer to None, run_after=None
[2024-09-13T14:35:34.646+0000] {logging_mixin.py:190} INFO - [2024-09-13T14:35:34.646+0000] {dag.py:4156} INFO - Setting next_dagrun for dataset_alias_example_alias_producer to None, run_after=None
[2024-09-13T14:35:34.647+0000] {logging_mixin.py:190} INFO - [2024-09-13T14:35:34.647+0000] {dag.py:4156} INFO - Setting next_dagrun for dataset_s3_bucket_consumer to None, run_after=None
[2024-09-13T14:35:34.648+0000] {logging_mixin.py:190} INFO - [2024-09-13T14:35:34.648+0000] {dag.py:4156} INFO - Setting next_dagrun for dataset_s3_bucket_producer to None, run_after=None
[2024-09-13T14:35:34.669+0000] {processor.py:208} INFO - Processing /home/airflow/.local/lib/python3.12/site-packages/airflow/example_dags/example_dataset_alias.py took 0.312 seconds
[2024-09-13T14:36:04.907+0000] {processor.py:186} INFO - Started process (PID=255) to work on /home/airflow/.local/lib/python3.12/site-packages/airflow/example_dags/example_dataset_alias.py
[2024-09-13T14:36:04.907+0000] {processor.py:914} INFO - Processing file /home/airflow/.local/lib/python3.12/site-packages/airflow/example_dags/example_dataset_alias.py for tasks to queue
[2024-09-13T14:36:04.909+0000] {logging_mixin.py:190} INFO - [2024-09-13T14:36:04.909+0000] {dagbag.py:587} INFO - Filling up the DagBag from /home/airflow/.local/lib/python3.12/site-packages/airflow/example_dags/example_dataset_alias.py
[2024-09-13T14:36:05.110+0000] {processor.py:925} INFO - DAG(s) 'dataset_s3_bucket_consumer', 'dataset_alias_example_alias_consumer', 'dataset_s3_bucket_producer', 'dataset_alias_example_alias_producer' retrieved from /home/airflow/.local/lib/python3.12/site-packages/airflow/example_dags/example_dataset_alias.py
[2024-09-13T14:36:05.131+0000] {logging_mixin.py:190} INFO - [2024-09-13T14:36:05.131+0000] {dag.py:3229} INFO - Sync 4 DAGs
[2024-09-13T14:36:05.152+0000] {logging_mixin.py:190} INFO - [2024-09-13T14:36:05.151+0000] {dag.py:4156} INFO - Setting next_dagrun for dataset_alias_example_alias_consumer to None, run_after=None
[2024-09-13T14:36:05.155+0000] {logging_mixin.py:190} INFO - [2024-09-13T14:36:05.155+0000] {dag.py:4156} INFO - Setting next_dagrun for dataset_alias_example_alias_producer to None, run_after=None
[2024-09-13T14:36:05.157+0000] {logging_mixin.py:190} INFO - [2024-09-13T14:36:05.157+0000] {dag.py:4156} INFO - Setting next_dagrun for dataset_s3_bucket_consumer to None, run_after=None
[2024-09-13T14:36:05.159+0000] {logging_mixin.py:190} INFO - [2024-09-13T14:36:05.158+0000] {dag.py:4156} INFO - Setting next_dagrun for dataset_s3_bucket_producer to None, run_after=None
[2024-09-13T14:36:05.177+0000] {processor.py:208} INFO - Processing /home/airflow/.local/lib/python3.12/site-packages/airflow/example_dags/example_dataset_alias.py took 0.276 seconds
[2024-09-13T14:36:35.933+0000] {processor.py:186} INFO - Started process (PID=323) to work on /home/airflow/.local/lib/python3.12/site-packages/airflow/example_dags/example_dataset_alias.py
[2024-09-13T14:36:35.934+0000] {processor.py:914} INFO - Processing file /home/airflow/.local/lib/python3.12/site-packages/airflow/example_dags/example_dataset_alias.py for tasks to queue
[2024-09-13T14:36:35.936+0000] {logging_mixin.py:190} INFO - [2024-09-13T14:36:35.935+0000] {dagbag.py:587} INFO - Filling up the DagBag from /home/airflow/.local/lib/python3.12/site-packages/airflow/example_dags/example_dataset_alias.py
[2024-09-13T14:36:36.126+0000] {processor.py:925} INFO - DAG(s) 'dataset_s3_bucket_producer', 'dataset_alias_example_alias_producer', 'dataset_alias_example_alias_consumer', 'dataset_s3_bucket_consumer' retrieved from /home/airflow/.local/lib/python3.12/site-packages/airflow/example_dags/example_dataset_alias.py
[2024-09-13T14:36:36.145+0000] {logging_mixin.py:190} INFO - [2024-09-13T14:36:36.145+0000] {dag.py:3229} INFO - Sync 4 DAGs
[2024-09-13T14:36:36.164+0000] {logging_mixin.py:190} INFO - [2024-09-13T14:36:36.164+0000] {dag.py:4156} INFO - Setting next_dagrun for dataset_alias_example_alias_consumer to None, run_after=None
[2024-09-13T14:36:36.167+0000] {logging_mixin.py:190} INFO - [2024-09-13T14:36:36.167+0000] {dag.py:4156} INFO - Setting next_dagrun for dataset_alias_example_alias_producer to None, run_after=None
[2024-09-13T14:36:36.168+0000] {logging_mixin.py:190} INFO - [2024-09-13T14:36:36.168+0000] {dag.py:4156} INFO - Setting next_dagrun for dataset_s3_bucket_consumer to None, run_after=None
[2024-09-13T14:36:36.169+0000] {logging_mixin.py:190} INFO - [2024-09-13T14:36:36.169+0000] {dag.py:4156} INFO - Setting next_dagrun for dataset_s3_bucket_producer to None, run_after=None
[2024-09-13T14:36:36.188+0000] {processor.py:208} INFO - Processing /home/airflow/.local/lib/python3.12/site-packages/airflow/example_dags/example_dataset_alias.py took 0.261 seconds
[2024-09-13T14:37:07.012+0000] {processor.py:186} INFO - Started process (PID=385) to work on /home/airflow/.local/lib/python3.12/site-packages/airflow/example_dags/example_dataset_alias.py
[2024-09-13T14:37:07.014+0000] {processor.py:914} INFO - Processing file /home/airflow/.local/lib/python3.12/site-packages/airflow/example_dags/example_dataset_alias.py for tasks to queue
[2024-09-13T14:37:07.016+0000] {logging_mixin.py:190} INFO - [2024-09-13T14:37:07.016+0000] {dagbag.py:587} INFO - Filling up the DagBag from /home/airflow/.local/lib/python3.12/site-packages/airflow/example_dags/example_dataset_alias.py
[2024-09-13T14:37:07.263+0000] {processor.py:925} INFO - DAG(s) 'dataset_alias_example_alias_producer', 'dataset_s3_bucket_producer', 'dataset_alias_example_alias_consumer', 'dataset_s3_bucket_consumer' retrieved from /home/airflow/.local/lib/python3.12/site-packages/airflow/example_dags/example_dataset_alias.py
[2024-09-13T14:37:07.291+0000] {logging_mixin.py:190} INFO - [2024-09-13T14:37:07.291+0000] {dag.py:3229} INFO - Sync 4 DAGs
[2024-09-13T14:37:07.314+0000] {logging_mixin.py:190} INFO - [2024-09-13T14:37:07.314+0000] {dag.py:4156} INFO - Setting next_dagrun for dataset_alias_example_alias_consumer to None, run_after=None
[2024-09-13T14:37:07.317+0000] {logging_mixin.py:190} INFO - [2024-09-13T14:37:07.317+0000] {dag.py:4156} INFO - Setting next_dagrun for dataset_alias_example_alias_producer to None, run_after=None
[2024-09-13T14:37:07.319+0000] {logging_mixin.py:190} INFO - [2024-09-13T14:37:07.318+0000] {dag.py:4156} INFO - Setting next_dagrun for dataset_s3_bucket_consumer to None, run_after=None
[2024-09-13T14:37:07.320+0000] {logging_mixin.py:190} INFO - [2024-09-13T14:37:07.320+0000] {dag.py:4156} INFO - Setting next_dagrun for dataset_s3_bucket_producer to None, run_after=None
[2024-09-13T14:37:07.343+0000] {processor.py:208} INFO - Processing /home/airflow/.local/lib/python3.12/site-packages/airflow/example_dags/example_dataset_alias.py took 0.337 seconds
[2024-09-13T14:37:37.896+0000] {processor.py:186} INFO - Started process (PID=447) to work on /home/airflow/.local/lib/python3.12/site-packages/airflow/example_dags/example_dataset_alias.py
[2024-09-13T14:37:37.899+0000] {processor.py:914} INFO - Processing file /home/airflow/.local/lib/python3.12/site-packages/airflow/example_dags/example_dataset_alias.py for tasks to queue
[2024-09-13T14:37:37.900+0000] {logging_mixin.py:190} INFO - [2024-09-13T14:37:37.900+0000] {dagbag.py:587} INFO - Filling up the DagBag from /home/airflow/.local/lib/python3.12/site-packages/airflow/example_dags/example_dataset_alias.py
[2024-09-13T14:37:38.142+0000] {processor.py:925} INFO - DAG(s) 'dataset_alias_example_alias_producer', 'dataset_alias_example_alias_consumer', 'dataset_s3_bucket_consumer', 'dataset_s3_bucket_producer' retrieved from /home/airflow/.local/lib/python3.12/site-packages/airflow/example_dags/example_dataset_alias.py
[2024-09-13T14:37:38.165+0000] {logging_mixin.py:190} INFO - [2024-09-13T14:37:38.165+0000] {dag.py:3229} INFO - Sync 4 DAGs
[2024-09-13T14:37:38.185+0000] {logging_mixin.py:190} INFO - [2024-09-13T14:37:38.185+0000] {dag.py:4156} INFO - Setting next_dagrun for dataset_alias_example_alias_consumer to None, run_after=None
[2024-09-13T14:37:38.188+0000] {logging_mixin.py:190} INFO - [2024-09-13T14:37:38.188+0000] {dag.py:4156} INFO - Setting next_dagrun for dataset_alias_example_alias_producer to None, run_after=None
[2024-09-13T14:37:38.189+0000] {logging_mixin.py:190} INFO - [2024-09-13T14:37:38.189+0000] {dag.py:4156} INFO - Setting next_dagrun for dataset_s3_bucket_consumer to None, run_after=None
[2024-09-13T14:37:38.191+0000] {logging_mixin.py:190} INFO - [2024-09-13T14:37:38.190+0000] {dag.py:4156} INFO - Setting next_dagrun for dataset_s3_bucket_producer to None, run_after=None
[2024-09-13T14:37:38.210+0000] {processor.py:208} INFO - Processing /home/airflow/.local/lib/python3.12/site-packages/airflow/example_dags/example_dataset_alias.py took 0.320 seconds
[2024-09-13T14:38:08.365+0000] {processor.py:186} INFO - Started process (PID=509) to work on /home/airflow/.local/lib/python3.12/site-packages/airflow/example_dags/example_dataset_alias.py
[2024-09-13T14:38:08.368+0000] {processor.py:914} INFO - Processing file /home/airflow/.local/lib/python3.12/site-packages/airflow/example_dags/example_dataset_alias.py for tasks to queue
[2024-09-13T14:38:08.370+0000] {logging_mixin.py:190} INFO - [2024-09-13T14:38:08.369+0000] {dagbag.py:587} INFO - Filling up the DagBag from /home/airflow/.local/lib/python3.12/site-packages/airflow/example_dags/example_dataset_alias.py
[2024-09-13T14:38:08.587+0000] {processor.py:925} INFO - DAG(s) 'dataset_s3_bucket_consumer', 'dataset_alias_example_alias_consumer', 'dataset_alias_example_alias_producer', 'dataset_s3_bucket_producer' retrieved from /home/airflow/.local/lib/python3.12/site-packages/airflow/example_dags/example_dataset_alias.py
[2024-09-13T14:38:08.606+0000] {logging_mixin.py:190} INFO - [2024-09-13T14:38:08.606+0000] {dag.py:3229} INFO - Sync 4 DAGs
[2024-09-13T14:38:08.627+0000] {logging_mixin.py:190} INFO - [2024-09-13T14:38:08.627+0000] {dag.py:4156} INFO - Setting next_dagrun for dataset_alias_example_alias_consumer to None, run_after=None
[2024-09-13T14:38:08.630+0000] {logging_mixin.py:190} INFO - [2024-09-13T14:38:08.630+0000] {dag.py:4156} INFO - Setting next_dagrun for dataset_alias_example_alias_producer to None, run_after=None
[2024-09-13T14:38:08.631+0000] {logging_mixin.py:190} INFO - [2024-09-13T14:38:08.631+0000] {dag.py:4156} INFO - Setting next_dagrun for dataset_s3_bucket_consumer to None, run_after=None
[2024-09-13T14:38:08.632+0000] {logging_mixin.py:190} INFO - [2024-09-13T14:38:08.632+0000] {dag.py:4156} INFO - Setting next_dagrun for dataset_s3_bucket_producer to None, run_after=None
[2024-09-13T14:38:08.651+0000] {processor.py:208} INFO - Processing /home/airflow/.local/lib/python3.12/site-packages/airflow/example_dags/example_dataset_alias.py took 0.292 seconds
[2024-09-13T14:39:30.815+0000] {processor.py:186} INFO - Started process (PID=65) to work on /home/airflow/.local/lib/python3.12/site-packages/airflow/example_dags/example_dataset_alias.py
[2024-09-13T14:39:30.816+0000] {processor.py:914} INFO - Processing file /home/airflow/.local/lib/python3.12/site-packages/airflow/example_dags/example_dataset_alias.py for tasks to queue
[2024-09-13T14:39:30.818+0000] {logging_mixin.py:190} INFO - [2024-09-13T14:39:30.818+0000] {dagbag.py:587} INFO - Filling up the DagBag from /home/airflow/.local/lib/python3.12/site-packages/airflow/example_dags/example_dataset_alias.py
[2024-09-13T14:39:31.389+0000] {processor.py:925} INFO - DAG(s) 'dataset_alias_example_alias_producer', 'dataset_s3_bucket_consumer', 'dataset_s3_bucket_producer', 'dataset_alias_example_alias_consumer' retrieved from /home/airflow/.local/lib/python3.12/site-packages/airflow/example_dags/example_dataset_alias.py
[2024-09-13T14:39:31.415+0000] {logging_mixin.py:190} INFO - [2024-09-13T14:39:31.415+0000] {dag.py:3229} INFO - Sync 4 DAGs
[2024-09-13T14:39:31.438+0000] {logging_mixin.py:190} INFO - [2024-09-13T14:39:31.438+0000] {dag.py:4156} INFO - Setting next_dagrun for dataset_alias_example_alias_consumer to None, run_after=None
[2024-09-13T14:39:31.441+0000] {logging_mixin.py:190} INFO - [2024-09-13T14:39:31.440+0000] {dag.py:4156} INFO - Setting next_dagrun for dataset_alias_example_alias_producer to None, run_after=None
[2024-09-13T14:39:31.442+0000] {logging_mixin.py:190} INFO - [2024-09-13T14:39:31.442+0000] {dag.py:4156} INFO - Setting next_dagrun for dataset_s3_bucket_consumer to None, run_after=None
[2024-09-13T14:39:31.444+0000] {logging_mixin.py:190} INFO - [2024-09-13T14:39:31.444+0000] {dag.py:4156} INFO - Setting next_dagrun for dataset_s3_bucket_producer to None, run_after=None
[2024-09-13T14:39:31.468+0000] {processor.py:208} INFO - Processing /home/airflow/.local/lib/python3.12/site-packages/airflow/example_dags/example_dataset_alias.py took 0.659 seconds
[2024-09-13T14:40:01.505+0000] {processor.py:186} INFO - Started process (PID=131) to work on /home/airflow/.local/lib/python3.12/site-packages/airflow/example_dags/example_dataset_alias.py
[2024-09-13T14:40:01.507+0000] {processor.py:914} INFO - Processing file /home/airflow/.local/lib/python3.12/site-packages/airflow/example_dags/example_dataset_alias.py for tasks to queue
[2024-09-13T14:40:01.510+0000] {logging_mixin.py:190} INFO - [2024-09-13T14:40:01.510+0000] {dagbag.py:587} INFO - Filling up the DagBag from /home/airflow/.local/lib/python3.12/site-packages/airflow/example_dags/example_dataset_alias.py
[2024-09-13T14:40:01.694+0000] {processor.py:925} INFO - DAG(s) 'dataset_s3_bucket_producer', 'dataset_alias_example_alias_producer', 'dataset_s3_bucket_consumer', 'dataset_alias_example_alias_consumer' retrieved from /home/airflow/.local/lib/python3.12/site-packages/airflow/example_dags/example_dataset_alias.py
[2024-09-13T14:40:01.717+0000] {logging_mixin.py:190} INFO - [2024-09-13T14:40:01.717+0000] {dag.py:3229} INFO - Sync 4 DAGs
[2024-09-13T14:40:01.738+0000] {logging_mixin.py:190} INFO - [2024-09-13T14:40:01.738+0000] {dag.py:4156} INFO - Setting next_dagrun for dataset_alias_example_alias_consumer to None, run_after=None
[2024-09-13T14:40:01.740+0000] {logging_mixin.py:190} INFO - [2024-09-13T14:40:01.740+0000] {dag.py:4156} INFO - Setting next_dagrun for dataset_alias_example_alias_producer to None, run_after=None
[2024-09-13T14:40:01.742+0000] {logging_mixin.py:190} INFO - [2024-09-13T14:40:01.742+0000] {dag.py:4156} INFO - Setting next_dagrun for dataset_s3_bucket_consumer to None, run_after=None
[2024-09-13T14:40:01.743+0000] {logging_mixin.py:190} INFO - [2024-09-13T14:40:01.743+0000] {dag.py:4156} INFO - Setting next_dagrun for dataset_s3_bucket_producer to None, run_after=None
[2024-09-13T14:40:01.763+0000] {processor.py:208} INFO - Processing /home/airflow/.local/lib/python3.12/site-packages/airflow/example_dags/example_dataset_alias.py took 0.263 seconds
[2024-09-13T14:40:32.373+0000] {processor.py:186} INFO - Started process (PID=189) to work on /home/airflow/.local/lib/python3.12/site-packages/airflow/example_dags/example_dataset_alias.py
[2024-09-13T14:40:32.374+0000] {processor.py:914} INFO - Processing file /home/airflow/.local/lib/python3.12/site-packages/airflow/example_dags/example_dataset_alias.py for tasks to queue
[2024-09-13T14:40:32.377+0000] {logging_mixin.py:190} INFO - [2024-09-13T14:40:32.376+0000] {dagbag.py:587} INFO - Filling up the DagBag from /home/airflow/.local/lib/python3.12/site-packages/airflow/example_dags/example_dataset_alias.py
[2024-09-13T14:40:32.611+0000] {processor.py:925} INFO - DAG(s) 'dataset_s3_bucket_producer', 'dataset_alias_example_alias_producer', 'dataset_s3_bucket_consumer', 'dataset_alias_example_alias_consumer' retrieved from /home/airflow/.local/lib/python3.12/site-packages/airflow/example_dags/example_dataset_alias.py
[2024-09-13T14:40:32.635+0000] {logging_mixin.py:190} INFO - [2024-09-13T14:40:32.635+0000] {dag.py:3229} INFO - Sync 4 DAGs
[2024-09-13T14:40:32.662+0000] {logging_mixin.py:190} INFO - [2024-09-13T14:40:32.662+0000] {dag.py:4156} INFO - Setting next_dagrun for dataset_alias_example_alias_consumer to None, run_after=None
[2024-09-13T14:40:32.665+0000] {logging_mixin.py:190} INFO - [2024-09-13T14:40:32.664+0000] {dag.py:4156} INFO - Setting next_dagrun for dataset_alias_example_alias_producer to None, run_after=None
[2024-09-13T14:40:32.666+0000] {logging_mixin.py:190} INFO - [2024-09-13T14:40:32.666+0000] {dag.py:4156} INFO - Setting next_dagrun for dataset_s3_bucket_consumer to None, run_after=None
[2024-09-13T14:40:32.667+0000] {logging_mixin.py:190} INFO - [2024-09-13T14:40:32.667+0000] {dag.py:4156} INFO - Setting next_dagrun for dataset_s3_bucket_producer to None, run_after=None
[2024-09-13T14:40:32.687+0000] {processor.py:208} INFO - Processing /home/airflow/.local/lib/python3.12/site-packages/airflow/example_dags/example_dataset_alias.py took 0.321 seconds
[2024-09-13T14:41:23.854+0000] {processor.py:186} INFO - Started process (PID=58) to work on /home/airflow/.local/lib/python3.12/site-packages/airflow/example_dags/example_dataset_alias.py
[2024-09-13T14:41:23.855+0000] {processor.py:914} INFO - Processing file /home/airflow/.local/lib/python3.12/site-packages/airflow/example_dags/example_dataset_alias.py for tasks to queue
[2024-09-13T14:41:23.857+0000] {logging_mixin.py:190} INFO - [2024-09-13T14:41:23.857+0000] {dagbag.py:587} INFO - Filling up the DagBag from /home/airflow/.local/lib/python3.12/site-packages/airflow/example_dags/example_dataset_alias.py
[2024-09-13T14:41:24.061+0000] {processor.py:925} INFO - DAG(s) 'dataset_alias_example_alias_producer', 'dataset_s3_bucket_consumer', 'dataset_s3_bucket_producer', 'dataset_alias_example_alias_consumer' retrieved from /home/airflow/.local/lib/python3.12/site-packages/airflow/example_dags/example_dataset_alias.py
[2024-09-13T14:41:24.086+0000] {logging_mixin.py:190} INFO - [2024-09-13T14:41:24.086+0000] {dag.py:3229} INFO - Sync 4 DAGs
[2024-09-13T14:41:24.107+0000] {logging_mixin.py:190} INFO - [2024-09-13T14:41:24.107+0000] {dag.py:4156} INFO - Setting next_dagrun for dataset_alias_example_alias_consumer to None, run_after=None
[2024-09-13T14:41:24.109+0000] {logging_mixin.py:190} INFO - [2024-09-13T14:41:24.109+0000] {dag.py:4156} INFO - Setting next_dagrun for dataset_alias_example_alias_producer to None, run_after=None
[2024-09-13T14:41:24.111+0000] {logging_mixin.py:190} INFO - [2024-09-13T14:41:24.111+0000] {dag.py:4156} INFO - Setting next_dagrun for dataset_s3_bucket_consumer to None, run_after=None
[2024-09-13T14:41:24.112+0000] {logging_mixin.py:190} INFO - [2024-09-13T14:41:24.112+0000] {dag.py:4156} INFO - Setting next_dagrun for dataset_s3_bucket_producer to None, run_after=None
[2024-09-13T14:41:24.132+0000] {processor.py:208} INFO - Processing /home/airflow/.local/lib/python3.12/site-packages/airflow/example_dags/example_dataset_alias.py took 0.283 seconds
[2024-09-13T14:41:54.212+0000] {processor.py:186} INFO - Started process (PID=121) to work on /home/airflow/.local/lib/python3.12/site-packages/airflow/example_dags/example_dataset_alias.py
[2024-09-13T14:41:54.212+0000] {processor.py:914} INFO - Processing file /home/airflow/.local/lib/python3.12/site-packages/airflow/example_dags/example_dataset_alias.py for tasks to queue
[2024-09-13T14:41:54.214+0000] {logging_mixin.py:190} INFO - [2024-09-13T14:41:54.214+0000] {dagbag.py:587} INFO - Filling up the DagBag from /home/airflow/.local/lib/python3.12/site-packages/airflow/example_dags/example_dataset_alias.py
[2024-09-13T14:41:54.366+0000] {processor.py:925} INFO - DAG(s) 'dataset_alias_example_alias_consumer', 'dataset_s3_bucket_consumer', 'dataset_s3_bucket_producer', 'dataset_alias_example_alias_producer' retrieved from /home/airflow/.local/lib/python3.12/site-packages/airflow/example_dags/example_dataset_alias.py
[2024-09-13T14:41:54.387+0000] {logging_mixin.py:190} INFO - [2024-09-13T14:41:54.387+0000] {dag.py:3229} INFO - Sync 4 DAGs
[2024-09-13T14:41:54.408+0000] {logging_mixin.py:190} INFO - [2024-09-13T14:41:54.408+0000] {dag.py:4156} INFO - Setting next_dagrun for dataset_alias_example_alias_consumer to None, run_after=None
[2024-09-13T14:41:54.411+0000] {logging_mixin.py:190} INFO - [2024-09-13T14:41:54.411+0000] {dag.py:4156} INFO - Setting next_dagrun for dataset_alias_example_alias_producer to None, run_after=None
[2024-09-13T14:41:54.413+0000] {logging_mixin.py:190} INFO - [2024-09-13T14:41:54.412+0000] {dag.py:4156} INFO - Setting next_dagrun for dataset_s3_bucket_consumer to None, run_after=None
[2024-09-13T14:41:54.414+0000] {logging_mixin.py:190} INFO - [2024-09-13T14:41:54.414+0000] {dag.py:4156} INFO - Setting next_dagrun for dataset_s3_bucket_producer to None, run_after=None
[2024-09-13T14:41:54.435+0000] {processor.py:208} INFO - Processing /home/airflow/.local/lib/python3.12/site-packages/airflow/example_dags/example_dataset_alias.py took 0.228 seconds
[2024-09-13T14:42:24.830+0000] {processor.py:186} INFO - Started process (PID=182) to work on /home/airflow/.local/lib/python3.12/site-packages/airflow/example_dags/example_dataset_alias.py
[2024-09-13T14:42:24.831+0000] {processor.py:914} INFO - Processing file /home/airflow/.local/lib/python3.12/site-packages/airflow/example_dags/example_dataset_alias.py for tasks to queue
[2024-09-13T14:42:24.832+0000] {logging_mixin.py:190} INFO - [2024-09-13T14:42:24.832+0000] {dagbag.py:587} INFO - Filling up the DagBag from /home/airflow/.local/lib/python3.12/site-packages/airflow/example_dags/example_dataset_alias.py
[2024-09-13T14:42:25.035+0000] {processor.py:925} INFO - DAG(s) 'dataset_s3_bucket_producer', 'dataset_alias_example_alias_producer', 'dataset_alias_example_alias_consumer', 'dataset_s3_bucket_consumer' retrieved from /home/airflow/.local/lib/python3.12/site-packages/airflow/example_dags/example_dataset_alias.py
[2024-09-13T14:42:25.057+0000] {logging_mixin.py:190} INFO - [2024-09-13T14:42:25.056+0000] {dag.py:3229} INFO - Sync 4 DAGs
[2024-09-13T14:42:25.080+0000] {logging_mixin.py:190} INFO - [2024-09-13T14:42:25.080+0000] {dag.py:4156} INFO - Setting next_dagrun for dataset_alias_example_alias_consumer to None, run_after=None
[2024-09-13T14:42:25.084+0000] {logging_mixin.py:190} INFO - [2024-09-13T14:42:25.083+0000] {dag.py:4156} INFO - Setting next_dagrun for dataset_alias_example_alias_producer to None, run_after=None
[2024-09-13T14:42:25.085+0000] {logging_mixin.py:190} INFO - [2024-09-13T14:42:25.085+0000] {dag.py:4156} INFO - Setting next_dagrun for dataset_s3_bucket_consumer to None, run_after=None
[2024-09-13T14:42:25.086+0000] {logging_mixin.py:190} INFO - [2024-09-13T14:42:25.086+0000] {dag.py:4156} INFO - Setting next_dagrun for dataset_s3_bucket_producer to None, run_after=None
[2024-09-13T14:42:25.113+0000] {processor.py:208} INFO - Processing /home/airflow/.local/lib/python3.12/site-packages/airflow/example_dags/example_dataset_alias.py took 0.288 seconds
[2024-09-13T14:42:55.934+0000] {processor.py:186} INFO - Started process (PID=244) to work on /home/airflow/.local/lib/python3.12/site-packages/airflow/example_dags/example_dataset_alias.py
[2024-09-13T14:42:55.936+0000] {processor.py:914} INFO - Processing file /home/airflow/.local/lib/python3.12/site-packages/airflow/example_dags/example_dataset_alias.py for tasks to queue
[2024-09-13T14:42:55.938+0000] {logging_mixin.py:190} INFO - [2024-09-13T14:42:55.938+0000] {dagbag.py:587} INFO - Filling up the DagBag from /home/airflow/.local/lib/python3.12/site-packages/airflow/example_dags/example_dataset_alias.py
[2024-09-13T14:42:56.158+0000] {processor.py:925} INFO - DAG(s) 'dataset_s3_bucket_producer', 'dataset_alias_example_alias_producer', 'dataset_s3_bucket_consumer', 'dataset_alias_example_alias_consumer' retrieved from /home/airflow/.local/lib/python3.12/site-packages/airflow/example_dags/example_dataset_alias.py
[2024-09-13T14:42:56.179+0000] {logging_mixin.py:190} INFO - [2024-09-13T14:42:56.179+0000] {dag.py:3229} INFO - Sync 4 DAGs
[2024-09-13T14:42:56.198+0000] {logging_mixin.py:190} INFO - [2024-09-13T14:42:56.198+0000] {dag.py:4156} INFO - Setting next_dagrun for dataset_alias_example_alias_consumer to None, run_after=None
[2024-09-13T14:42:56.202+0000] {logging_mixin.py:190} INFO - [2024-09-13T14:42:56.202+0000] {dag.py:4156} INFO - Setting next_dagrun for dataset_alias_example_alias_producer to None, run_after=None
[2024-09-13T14:42:56.204+0000] {logging_mixin.py:190} INFO - [2024-09-13T14:42:56.203+0000] {dag.py:4156} INFO - Setting next_dagrun for dataset_s3_bucket_consumer to None, run_after=None
[2024-09-13T14:42:56.205+0000] {logging_mixin.py:190} INFO - [2024-09-13T14:42:56.204+0000] {dag.py:4156} INFO - Setting next_dagrun for dataset_s3_bucket_producer to None, run_after=None
[2024-09-13T14:42:56.224+0000] {processor.py:208} INFO - Processing /home/airflow/.local/lib/python3.12/site-packages/airflow/example_dags/example_dataset_alias.py took 0.295 seconds
