[2024-09-13T14:34:39.307+0000] {processor.py:186} INFO - Started process (PID=111) to work on /home/airflow/.local/lib/python3.12/site-packages/airflow/example_dags/example_latest_only_with_trigger.py
[2024-09-13T14:34:39.308+0000] {processor.py:914} INFO - Processing file /home/airflow/.local/lib/python3.12/site-packages/airflow/example_dags/example_latest_only_with_trigger.py for tasks to queue
[2024-09-13T14:34:39.310+0000] {logging_mixin.py:190} INFO - [2024-09-13T14:34:39.310+0000] {dagbag.py:587} INFO - Filling up the DagBag from /home/airflow/.local/lib/python3.12/site-packages/airflow/example_dags/example_latest_only_with_trigger.py
[2024-09-13T14:34:39.317+0000] {processor.py:925} INFO - DAG(s) 'latest_only_with_trigger' retrieved from /home/airflow/.local/lib/python3.12/site-packages/airflow/example_dags/example_latest_only_with_trigger.py
[2024-09-13T14:34:39.414+0000] {logging_mixin.py:190} INFO - [2024-09-13T14:34:39.413+0000] {override.py:1900} INFO - Created Permission View: can read on DAG:latest_only_with_trigger
[2024-09-13T14:34:39.423+0000] {logging_mixin.py:190} INFO - [2024-09-13T14:34:39.422+0000] {override.py:1900} INFO - Created Permission View: can delete on DAG:latest_only_with_trigger
[2024-09-13T14:34:39.428+0000] {logging_mixin.py:190} INFO - [2024-09-13T14:34:39.428+0000] {override.py:1900} INFO - Created Permission View: can edit on DAG:latest_only_with_trigger
[2024-09-13T14:34:39.434+0000] {logging_mixin.py:190} INFO - [2024-09-13T14:34:39.434+0000] {override.py:1900} INFO - Created Permission View: can create on DAG Run:latest_only_with_trigger
[2024-09-13T14:34:39.440+0000] {logging_mixin.py:190} INFO - [2024-09-13T14:34:39.439+0000] {override.py:1900} INFO - Created Permission View: menu access on DAG Run:latest_only_with_trigger
[2024-09-13T14:34:39.445+0000] {logging_mixin.py:190} INFO - [2024-09-13T14:34:39.445+0000] {override.py:1900} INFO - Created Permission View: can read on DAG Run:latest_only_with_trigger
[2024-09-13T14:34:39.450+0000] {logging_mixin.py:190} INFO - [2024-09-13T14:34:39.450+0000] {override.py:1900} INFO - Created Permission View: can delete on DAG Run:latest_only_with_trigger
[2024-09-13T14:34:39.450+0000] {logging_mixin.py:190} INFO - [2024-09-13T14:34:39.450+0000] {dag.py:3229} INFO - Sync 1 DAGs
[2024-09-13T14:34:39.462+0000] {logging_mixin.py:190} INFO - [2024-09-13T14:34:39.462+0000] {dag.py:3252} INFO - Creating ORM DAG for latest_only_with_trigger
[2024-09-13T14:34:39.471+0000] {logging_mixin.py:190} INFO - [2024-09-13T14:34:39.471+0000] {dag.py:4156} INFO - Setting next_dagrun for latest_only_with_trigger to 2024-09-13 08:00:00+00:00, run_after=2024-09-13 12:00:00+00:00
[2024-09-13T14:34:39.485+0000] {processor.py:208} INFO - Processing /home/airflow/.local/lib/python3.12/site-packages/airflow/example_dags/example_latest_only_with_trigger.py took 0.183 seconds
[2024-09-13T14:35:09.867+0000] {processor.py:186} INFO - Started process (PID=173) to work on /home/airflow/.local/lib/python3.12/site-packages/airflow/example_dags/example_latest_only_with_trigger.py
[2024-09-13T14:35:09.867+0000] {processor.py:914} INFO - Processing file /home/airflow/.local/lib/python3.12/site-packages/airflow/example_dags/example_latest_only_with_trigger.py for tasks to queue
[2024-09-13T14:35:09.869+0000] {logging_mixin.py:190} INFO - [2024-09-13T14:35:09.869+0000] {dagbag.py:587} INFO - Filling up the DagBag from /home/airflow/.local/lib/python3.12/site-packages/airflow/example_dags/example_latest_only_with_trigger.py
[2024-09-13T14:35:09.876+0000] {processor.py:925} INFO - DAG(s) 'latest_only_with_trigger' retrieved from /home/airflow/.local/lib/python3.12/site-packages/airflow/example_dags/example_latest_only_with_trigger.py
[2024-09-13T14:35:09.897+0000] {logging_mixin.py:190} INFO - [2024-09-13T14:35:09.897+0000] {dag.py:3229} INFO - Sync 1 DAGs
[2024-09-13T14:35:09.923+0000] {logging_mixin.py:190} INFO - [2024-09-13T14:35:09.923+0000] {dag.py:4156} INFO - Setting next_dagrun for latest_only_with_trigger to 2024-09-13 08:00:00+00:00, run_after=2024-09-13 12:00:00+00:00
[2024-09-13T14:35:09.941+0000] {processor.py:208} INFO - Processing /home/airflow/.local/lib/python3.12/site-packages/airflow/example_dags/example_latest_only_with_trigger.py took 0.079 seconds
[2024-09-13T14:35:40.441+0000] {processor.py:186} INFO - Started process (PID=235) to work on /home/airflow/.local/lib/python3.12/site-packages/airflow/example_dags/example_latest_only_with_trigger.py
[2024-09-13T14:35:40.442+0000] {processor.py:914} INFO - Processing file /home/airflow/.local/lib/python3.12/site-packages/airflow/example_dags/example_latest_only_with_trigger.py for tasks to queue
[2024-09-13T14:35:40.444+0000] {logging_mixin.py:190} INFO - [2024-09-13T14:35:40.444+0000] {dagbag.py:587} INFO - Filling up the DagBag from /home/airflow/.local/lib/python3.12/site-packages/airflow/example_dags/example_latest_only_with_trigger.py
[2024-09-13T14:35:40.452+0000] {processor.py:925} INFO - DAG(s) 'latest_only_with_trigger' retrieved from /home/airflow/.local/lib/python3.12/site-packages/airflow/example_dags/example_latest_only_with_trigger.py
[2024-09-13T14:35:40.474+0000] {logging_mixin.py:190} INFO - [2024-09-13T14:35:40.473+0000] {dag.py:3229} INFO - Sync 1 DAGs
[2024-09-13T14:35:40.496+0000] {logging_mixin.py:190} INFO - [2024-09-13T14:35:40.496+0000] {dag.py:4156} INFO - Setting next_dagrun for latest_only_with_trigger to 2024-09-13 08:00:00+00:00, run_after=2024-09-13 12:00:00+00:00
[2024-09-13T14:35:40.513+0000] {processor.py:208} INFO - Processing /home/airflow/.local/lib/python3.12/site-packages/airflow/example_dags/example_latest_only_with_trigger.py took 0.078 seconds
[2024-09-13T14:36:10.738+0000] {processor.py:186} INFO - Started process (PID=297) to work on /home/airflow/.local/lib/python3.12/site-packages/airflow/example_dags/example_latest_only_with_trigger.py
[2024-09-13T14:36:10.739+0000] {processor.py:914} INFO - Processing file /home/airflow/.local/lib/python3.12/site-packages/airflow/example_dags/example_latest_only_with_trigger.py for tasks to queue
[2024-09-13T14:36:10.741+0000] {logging_mixin.py:190} INFO - [2024-09-13T14:36:10.741+0000] {dagbag.py:587} INFO - Filling up the DagBag from /home/airflow/.local/lib/python3.12/site-packages/airflow/example_dags/example_latest_only_with_trigger.py
[2024-09-13T14:36:10.748+0000] {processor.py:925} INFO - DAG(s) 'latest_only_with_trigger' retrieved from /home/airflow/.local/lib/python3.12/site-packages/airflow/example_dags/example_latest_only_with_trigger.py
[2024-09-13T14:36:10.767+0000] {logging_mixin.py:190} INFO - [2024-09-13T14:36:10.767+0000] {dag.py:3229} INFO - Sync 1 DAGs
[2024-09-13T14:36:10.788+0000] {logging_mixin.py:190} INFO - [2024-09-13T14:36:10.788+0000] {dag.py:4156} INFO - Setting next_dagrun for latest_only_with_trigger to 2024-09-13 08:00:00+00:00, run_after=2024-09-13 12:00:00+00:00
[2024-09-13T14:36:10.804+0000] {processor.py:208} INFO - Processing /home/airflow/.local/lib/python3.12/site-packages/airflow/example_dags/example_latest_only_with_trigger.py took 0.072 seconds
[2024-09-13T14:36:41.712+0000] {processor.py:186} INFO - Started process (PID=359) to work on /home/airflow/.local/lib/python3.12/site-packages/airflow/example_dags/example_latest_only_with_trigger.py
[2024-09-13T14:36:41.713+0000] {processor.py:914} INFO - Processing file /home/airflow/.local/lib/python3.12/site-packages/airflow/example_dags/example_latest_only_with_trigger.py for tasks to queue
[2024-09-13T14:36:41.715+0000] {logging_mixin.py:190} INFO - [2024-09-13T14:36:41.714+0000] {dagbag.py:587} INFO - Filling up the DagBag from /home/airflow/.local/lib/python3.12/site-packages/airflow/example_dags/example_latest_only_with_trigger.py
[2024-09-13T14:36:41.723+0000] {processor.py:925} INFO - DAG(s) 'latest_only_with_trigger' retrieved from /home/airflow/.local/lib/python3.12/site-packages/airflow/example_dags/example_latest_only_with_trigger.py
[2024-09-13T14:36:41.744+0000] {logging_mixin.py:190} INFO - [2024-09-13T14:36:41.744+0000] {dag.py:3229} INFO - Sync 1 DAGs
[2024-09-13T14:36:41.766+0000] {logging_mixin.py:190} INFO - [2024-09-13T14:36:41.766+0000] {dag.py:4156} INFO - Setting next_dagrun for latest_only_with_trigger to 2024-09-13 08:00:00+00:00, run_after=2024-09-13 12:00:00+00:00
[2024-09-13T14:36:41.783+0000] {processor.py:208} INFO - Processing /home/airflow/.local/lib/python3.12/site-packages/airflow/example_dags/example_latest_only_with_trigger.py took 0.077 seconds
[2024-09-13T14:37:12.503+0000] {processor.py:186} INFO - Started process (PID=421) to work on /home/airflow/.local/lib/python3.12/site-packages/airflow/example_dags/example_latest_only_with_trigger.py
[2024-09-13T14:37:12.504+0000] {processor.py:914} INFO - Processing file /home/airflow/.local/lib/python3.12/site-packages/airflow/example_dags/example_latest_only_with_trigger.py for tasks to queue
[2024-09-13T14:37:12.506+0000] {logging_mixin.py:190} INFO - [2024-09-13T14:37:12.506+0000] {dagbag.py:587} INFO - Filling up the DagBag from /home/airflow/.local/lib/python3.12/site-packages/airflow/example_dags/example_latest_only_with_trigger.py
[2024-09-13T14:37:12.513+0000] {processor.py:925} INFO - DAG(s) 'latest_only_with_trigger' retrieved from /home/airflow/.local/lib/python3.12/site-packages/airflow/example_dags/example_latest_only_with_trigger.py
[2024-09-13T14:37:12.533+0000] {logging_mixin.py:190} INFO - [2024-09-13T14:37:12.532+0000] {dag.py:3229} INFO - Sync 1 DAGs
[2024-09-13T14:37:12.555+0000] {logging_mixin.py:190} INFO - [2024-09-13T14:37:12.555+0000] {dag.py:4156} INFO - Setting next_dagrun for latest_only_with_trigger to 2024-09-13 08:00:00+00:00, run_after=2024-09-13 12:00:00+00:00
[2024-09-13T14:37:12.573+0000] {processor.py:208} INFO - Processing /home/airflow/.local/lib/python3.12/site-packages/airflow/example_dags/example_latest_only_with_trigger.py took 0.075 seconds
[2024-09-13T14:37:42.939+0000] {processor.py:186} INFO - Started process (PID=483) to work on /home/airflow/.local/lib/python3.12/site-packages/airflow/example_dags/example_latest_only_with_trigger.py
[2024-09-13T14:37:42.941+0000] {processor.py:914} INFO - Processing file /home/airflow/.local/lib/python3.12/site-packages/airflow/example_dags/example_latest_only_with_trigger.py for tasks to queue
[2024-09-13T14:37:42.943+0000] {logging_mixin.py:190} INFO - [2024-09-13T14:37:42.942+0000] {dagbag.py:587} INFO - Filling up the DagBag from /home/airflow/.local/lib/python3.12/site-packages/airflow/example_dags/example_latest_only_with_trigger.py
[2024-09-13T14:37:42.950+0000] {processor.py:925} INFO - DAG(s) 'latest_only_with_trigger' retrieved from /home/airflow/.local/lib/python3.12/site-packages/airflow/example_dags/example_latest_only_with_trigger.py
[2024-09-13T14:37:42.970+0000] {logging_mixin.py:190} INFO - [2024-09-13T14:37:42.970+0000] {dag.py:3229} INFO - Sync 1 DAGs
[2024-09-13T14:37:42.992+0000] {logging_mixin.py:190} INFO - [2024-09-13T14:37:42.992+0000] {dag.py:4156} INFO - Setting next_dagrun for latest_only_with_trigger to 2024-09-13 08:00:00+00:00, run_after=2024-09-13 12:00:00+00:00
[2024-09-13T14:37:43.008+0000] {processor.py:208} INFO - Processing /home/airflow/.local/lib/python3.12/site-packages/airflow/example_dags/example_latest_only_with_trigger.py took 0.075 seconds
[2024-09-13T14:38:13.070+0000] {processor.py:186} INFO - Started process (PID=545) to work on /home/airflow/.local/lib/python3.12/site-packages/airflow/example_dags/example_latest_only_with_trigger.py
[2024-09-13T14:38:13.071+0000] {processor.py:914} INFO - Processing file /home/airflow/.local/lib/python3.12/site-packages/airflow/example_dags/example_latest_only_with_trigger.py for tasks to queue
[2024-09-13T14:38:13.073+0000] {logging_mixin.py:190} INFO - [2024-09-13T14:38:13.073+0000] {dagbag.py:587} INFO - Filling up the DagBag from /home/airflow/.local/lib/python3.12/site-packages/airflow/example_dags/example_latest_only_with_trigger.py
[2024-09-13T14:38:13.081+0000] {processor.py:925} INFO - DAG(s) 'latest_only_with_trigger' retrieved from /home/airflow/.local/lib/python3.12/site-packages/airflow/example_dags/example_latest_only_with_trigger.py
[2024-09-13T14:38:13.102+0000] {logging_mixin.py:190} INFO - [2024-09-13T14:38:13.102+0000] {dag.py:3229} INFO - Sync 1 DAGs
[2024-09-13T14:38:13.124+0000] {logging_mixin.py:190} INFO - [2024-09-13T14:38:13.124+0000] {dag.py:4156} INFO - Setting next_dagrun for latest_only_with_trigger to 2024-09-13 08:00:00+00:00, run_after=2024-09-13 12:00:00+00:00
[2024-09-13T14:38:13.144+0000] {processor.py:208} INFO - Processing /home/airflow/.local/lib/python3.12/site-packages/airflow/example_dags/example_latest_only_with_trigger.py took 0.080 seconds
[2024-09-13T14:39:34.349+0000] {processor.py:186} INFO - Started process (PID=105) to work on /home/airflow/.local/lib/python3.12/site-packages/airflow/example_dags/example_latest_only_with_trigger.py
[2024-09-13T14:39:34.350+0000] {processor.py:914} INFO - Processing file /home/airflow/.local/lib/python3.12/site-packages/airflow/example_dags/example_latest_only_with_trigger.py for tasks to queue
[2024-09-13T14:39:34.352+0000] {logging_mixin.py:190} INFO - [2024-09-13T14:39:34.351+0000] {dagbag.py:587} INFO - Filling up the DagBag from /home/airflow/.local/lib/python3.12/site-packages/airflow/example_dags/example_latest_only_with_trigger.py
[2024-09-13T14:39:34.359+0000] {processor.py:925} INFO - DAG(s) 'latest_only_with_trigger' retrieved from /home/airflow/.local/lib/python3.12/site-packages/airflow/example_dags/example_latest_only_with_trigger.py
[2024-09-13T14:39:34.376+0000] {logging_mixin.py:190} INFO - [2024-09-13T14:39:34.376+0000] {dag.py:3229} INFO - Sync 1 DAGs
[2024-09-13T14:39:34.397+0000] {logging_mixin.py:190} INFO - [2024-09-13T14:39:34.397+0000] {dag.py:4156} INFO - Setting next_dagrun for latest_only_with_trigger to 2024-09-13 08:00:00+00:00, run_after=2024-09-13 12:00:00+00:00
[2024-09-13T14:39:34.413+0000] {processor.py:208} INFO - Processing /home/airflow/.local/lib/python3.12/site-packages/airflow/example_dags/example_latest_only_with_trigger.py took 0.070 seconds
[2024-09-13T14:40:05.149+0000] {processor.py:186} INFO - Started process (PID=167) to work on /home/airflow/.local/lib/python3.12/site-packages/airflow/example_dags/example_latest_only_with_trigger.py
[2024-09-13T14:40:05.150+0000] {processor.py:914} INFO - Processing file /home/airflow/.local/lib/python3.12/site-packages/airflow/example_dags/example_latest_only_with_trigger.py for tasks to queue
[2024-09-13T14:40:05.152+0000] {logging_mixin.py:190} INFO - [2024-09-13T14:40:05.152+0000] {dagbag.py:587} INFO - Filling up the DagBag from /home/airflow/.local/lib/python3.12/site-packages/airflow/example_dags/example_latest_only_with_trigger.py
[2024-09-13T14:40:05.160+0000] {processor.py:925} INFO - DAG(s) 'latest_only_with_trigger' retrieved from /home/airflow/.local/lib/python3.12/site-packages/airflow/example_dags/example_latest_only_with_trigger.py
[2024-09-13T14:40:05.180+0000] {logging_mixin.py:190} INFO - [2024-09-13T14:40:05.180+0000] {dag.py:3229} INFO - Sync 1 DAGs
[2024-09-13T14:40:05.207+0000] {logging_mixin.py:190} INFO - [2024-09-13T14:40:05.206+0000] {dag.py:4156} INFO - Setting next_dagrun for latest_only_with_trigger to 2024-09-13 08:00:00+00:00, run_after=2024-09-13 12:00:00+00:00
[2024-09-13T14:40:05.228+0000] {processor.py:208} INFO - Processing /home/airflow/.local/lib/python3.12/site-packages/airflow/example_dags/example_latest_only_with_trigger.py took 0.083 seconds
[2024-09-13T14:40:35.403+0000] {processor.py:186} INFO - Started process (PID=229) to work on /home/airflow/.local/lib/python3.12/site-packages/airflow/example_dags/example_latest_only_with_trigger.py
[2024-09-13T14:40:35.404+0000] {processor.py:914} INFO - Processing file /home/airflow/.local/lib/python3.12/site-packages/airflow/example_dags/example_latest_only_with_trigger.py for tasks to queue
[2024-09-13T14:40:35.406+0000] {logging_mixin.py:190} INFO - [2024-09-13T14:40:35.405+0000] {dagbag.py:587} INFO - Filling up the DagBag from /home/airflow/.local/lib/python3.12/site-packages/airflow/example_dags/example_latest_only_with_trigger.py
[2024-09-13T14:40:35.413+0000] {processor.py:925} INFO - DAG(s) 'latest_only_with_trigger' retrieved from /home/airflow/.local/lib/python3.12/site-packages/airflow/example_dags/example_latest_only_with_trigger.py
[2024-09-13T14:40:35.432+0000] {logging_mixin.py:190} INFO - [2024-09-13T14:40:35.431+0000] {dag.py:3229} INFO - Sync 1 DAGs
[2024-09-13T14:40:35.453+0000] {logging_mixin.py:190} INFO - [2024-09-13T14:40:35.453+0000] {dag.py:4156} INFO - Setting next_dagrun for latest_only_with_trigger to 2024-09-13 08:00:00+00:00, run_after=2024-09-13 12:00:00+00:00
[2024-09-13T14:40:35.469+0000] {processor.py:208} INFO - Processing /home/airflow/.local/lib/python3.12/site-packages/airflow/example_dags/example_latest_only_with_trigger.py took 0.072 seconds
[2024-09-13T14:41:27.013+0000] {processor.py:186} INFO - Started process (PID=98) to work on /home/airflow/.local/lib/python3.12/site-packages/airflow/example_dags/example_latest_only_with_trigger.py
[2024-09-13T14:41:27.014+0000] {processor.py:914} INFO - Processing file /home/airflow/.local/lib/python3.12/site-packages/airflow/example_dags/example_latest_only_with_trigger.py for tasks to queue
[2024-09-13T14:41:27.016+0000] {logging_mixin.py:190} INFO - [2024-09-13T14:41:27.016+0000] {dagbag.py:587} INFO - Filling up the DagBag from /home/airflow/.local/lib/python3.12/site-packages/airflow/example_dags/example_latest_only_with_trigger.py
[2024-09-13T14:41:27.023+0000] {processor.py:925} INFO - DAG(s) 'latest_only_with_trigger' retrieved from /home/airflow/.local/lib/python3.12/site-packages/airflow/example_dags/example_latest_only_with_trigger.py
[2024-09-13T14:41:27.048+0000] {logging_mixin.py:190} INFO - [2024-09-13T14:41:27.047+0000] {dag.py:3229} INFO - Sync 1 DAGs
[2024-09-13T14:41:27.076+0000] {logging_mixin.py:190} INFO - [2024-09-13T14:41:27.076+0000] {dag.py:4156} INFO - Setting next_dagrun for latest_only_with_trigger to 2024-09-13 08:00:00+00:00, run_after=2024-09-13 12:00:00+00:00
[2024-09-13T14:41:27.099+0000] {processor.py:208} INFO - Processing /home/airflow/.local/lib/python3.12/site-packages/airflow/example_dags/example_latest_only_with_trigger.py took 0.092 seconds
[2024-09-13T14:41:57.823+0000] {processor.py:186} INFO - Started process (PID=160) to work on /home/airflow/.local/lib/python3.12/site-packages/airflow/example_dags/example_latest_only_with_trigger.py
[2024-09-13T14:41:57.824+0000] {processor.py:914} INFO - Processing file /home/airflow/.local/lib/python3.12/site-packages/airflow/example_dags/example_latest_only_with_trigger.py for tasks to queue
[2024-09-13T14:41:57.826+0000] {logging_mixin.py:190} INFO - [2024-09-13T14:41:57.825+0000] {dagbag.py:587} INFO - Filling up the DagBag from /home/airflow/.local/lib/python3.12/site-packages/airflow/example_dags/example_latest_only_with_trigger.py
[2024-09-13T14:41:57.832+0000] {processor.py:925} INFO - DAG(s) 'latest_only_with_trigger' retrieved from /home/airflow/.local/lib/python3.12/site-packages/airflow/example_dags/example_latest_only_with_trigger.py
[2024-09-13T14:41:57.850+0000] {logging_mixin.py:190} INFO - [2024-09-13T14:41:57.850+0000] {dag.py:3229} INFO - Sync 1 DAGs
[2024-09-13T14:41:57.872+0000] {logging_mixin.py:190} INFO - [2024-09-13T14:41:57.871+0000] {dag.py:4156} INFO - Setting next_dagrun for latest_only_with_trigger to 2024-09-13 08:00:00+00:00, run_after=2024-09-13 12:00:00+00:00
[2024-09-13T14:41:57.888+0000] {processor.py:208} INFO - Processing /home/airflow/.local/lib/python3.12/site-packages/airflow/example_dags/example_latest_only_with_trigger.py took 0.070 seconds
[2024-09-13T14:42:28.834+0000] {processor.py:186} INFO - Started process (PID=222) to work on /home/airflow/.local/lib/python3.12/site-packages/airflow/example_dags/example_latest_only_with_trigger.py
[2024-09-13T14:42:28.834+0000] {processor.py:914} INFO - Processing file /home/airflow/.local/lib/python3.12/site-packages/airflow/example_dags/example_latest_only_with_trigger.py for tasks to queue
[2024-09-13T14:42:28.836+0000] {logging_mixin.py:190} INFO - [2024-09-13T14:42:28.836+0000] {dagbag.py:587} INFO - Filling up the DagBag from /home/airflow/.local/lib/python3.12/site-packages/airflow/example_dags/example_latest_only_with_trigger.py
[2024-09-13T14:42:28.843+0000] {processor.py:925} INFO - DAG(s) 'latest_only_with_trigger' retrieved from /home/airflow/.local/lib/python3.12/site-packages/airflow/example_dags/example_latest_only_with_trigger.py
[2024-09-13T14:42:28.864+0000] {logging_mixin.py:190} INFO - [2024-09-13T14:42:28.863+0000] {dag.py:3229} INFO - Sync 1 DAGs
[2024-09-13T14:42:28.886+0000] {logging_mixin.py:190} INFO - [2024-09-13T14:42:28.886+0000] {dag.py:4156} INFO - Setting next_dagrun for latest_only_with_trigger to 2024-09-13 08:00:00+00:00, run_after=2024-09-13 12:00:00+00:00
[2024-09-13T14:42:28.905+0000] {processor.py:208} INFO - Processing /home/airflow/.local/lib/python3.12/site-packages/airflow/example_dags/example_latest_only_with_trigger.py took 0.077 seconds
[2024-09-13T14:42:59.973+0000] {processor.py:186} INFO - Started process (PID=284) to work on /home/airflow/.local/lib/python3.12/site-packages/airflow/example_dags/example_latest_only_with_trigger.py
[2024-09-13T14:42:59.974+0000] {processor.py:914} INFO - Processing file /home/airflow/.local/lib/python3.12/site-packages/airflow/example_dags/example_latest_only_with_trigger.py for tasks to queue
[2024-09-13T14:42:59.977+0000] {logging_mixin.py:190} INFO - [2024-09-13T14:42:59.976+0000] {dagbag.py:587} INFO - Filling up the DagBag from /home/airflow/.local/lib/python3.12/site-packages/airflow/example_dags/example_latest_only_with_trigger.py
[2024-09-13T14:42:59.985+0000] {processor.py:925} INFO - DAG(s) 'latest_only_with_trigger' retrieved from /home/airflow/.local/lib/python3.12/site-packages/airflow/example_dags/example_latest_only_with_trigger.py
[2024-09-13T14:43:00.007+0000] {logging_mixin.py:190} INFO - [2024-09-13T14:43:00.006+0000] {dag.py:3229} INFO - Sync 1 DAGs
[2024-09-13T14:43:00.029+0000] {logging_mixin.py:190} INFO - [2024-09-13T14:43:00.029+0000] {dag.py:4156} INFO - Setting next_dagrun for latest_only_with_trigger to 2024-09-13 08:00:00+00:00, run_after=2024-09-13 12:00:00+00:00
[2024-09-13T14:43:00.045+0000] {processor.py:208} INFO - Processing /home/airflow/.local/lib/python3.12/site-packages/airflow/example_dags/example_latest_only_with_trigger.py took 0.079 seconds
