[2024-09-13T14:34:33.976+0000] {processor.py:186} INFO - Started process (PID=71) to work on /home/airflow/.local/lib/python3.12/site-packages/airflow/example_dags/example_branch_operator.py
[2024-09-13T14:34:33.977+0000] {processor.py:914} INFO - Processing file /home/airflow/.local/lib/python3.12/site-packages/airflow/example_dags/example_branch_operator.py for tasks to queue
[2024-09-13T14:34:33.979+0000] {logging_mixin.py:190} INFO - [2024-09-13T14:34:33.979+0000] {dagbag.py:587} INFO - Filling up the DagBag from /home/airflow/.local/lib/python3.12/site-packages/airflow/example_dags/example_branch_operator.py
[2024-09-13T14:34:34.013+0000] {processor.py:925} INFO - DAG(s) 'example_branch_operator' retrieved from /home/airflow/.local/lib/python3.12/site-packages/airflow/example_dags/example_branch_operator.py
[2024-09-13T14:34:34.182+0000] {logging_mixin.py:190} INFO - [2024-09-13T14:34:34.182+0000] {override.py:1900} INFO - Created Permission View: can read on DAG:example_branch_operator
[2024-09-13T14:34:34.194+0000] {logging_mixin.py:190} INFO - [2024-09-13T14:34:34.194+0000] {override.py:1900} INFO - Created Permission View: can delete on DAG:example_branch_operator
[2024-09-13T14:34:34.204+0000] {logging_mixin.py:190} INFO - [2024-09-13T14:34:34.203+0000] {override.py:1900} INFO - Created Permission View: can edit on DAG:example_branch_operator
[2024-09-13T14:34:34.212+0000] {logging_mixin.py:190} INFO - [2024-09-13T14:34:34.212+0000] {override.py:1900} INFO - Created Permission View: can create on DAG Run:example_branch_operator
[2024-09-13T14:34:34.221+0000] {logging_mixin.py:190} INFO - [2024-09-13T14:34:34.221+0000] {override.py:1900} INFO - Created Permission View: menu access on DAG Run:example_branch_operator
[2024-09-13T14:34:34.228+0000] {logging_mixin.py:190} INFO - [2024-09-13T14:34:34.227+0000] {override.py:1900} INFO - Created Permission View: can read on DAG Run:example_branch_operator
[2024-09-13T14:34:34.236+0000] {logging_mixin.py:190} INFO - [2024-09-13T14:34:34.235+0000] {override.py:1900} INFO - Created Permission View: can delete on DAG Run:example_branch_operator
[2024-09-13T14:34:34.236+0000] {logging_mixin.py:190} INFO - [2024-09-13T14:34:34.236+0000] {dag.py:3229} INFO - Sync 1 DAGs
[2024-09-13T14:34:34.250+0000] {logging_mixin.py:190} INFO - [2024-09-13T14:34:34.249+0000] {dag.py:3252} INFO - Creating ORM DAG for example_branch_operator
[2024-09-13T14:34:34.262+0000] {logging_mixin.py:190} INFO - [2024-09-13T14:34:34.261+0000] {dag.py:4156} INFO - Setting next_dagrun for example_branch_operator to 2024-09-12 00:00:00+00:00, run_after=2024-09-13 00:00:00+00:00
[2024-09-13T14:34:34.283+0000] {processor.py:208} INFO - Processing /home/airflow/.local/lib/python3.12/site-packages/airflow/example_dags/example_branch_operator.py took 0.313 seconds
[2024-09-13T14:35:05.106+0000] {processor.py:186} INFO - Started process (PID=133) to work on /home/airflow/.local/lib/python3.12/site-packages/airflow/example_dags/example_branch_operator.py
[2024-09-13T14:35:05.107+0000] {processor.py:914} INFO - Processing file /home/airflow/.local/lib/python3.12/site-packages/airflow/example_dags/example_branch_operator.py for tasks to queue
[2024-09-13T14:35:05.109+0000] {logging_mixin.py:190} INFO - [2024-09-13T14:35:05.109+0000] {dagbag.py:587} INFO - Filling up the DagBag from /home/airflow/.local/lib/python3.12/site-packages/airflow/example_dags/example_branch_operator.py
[2024-09-13T14:35:05.129+0000] {processor.py:925} INFO - DAG(s) 'example_branch_operator' retrieved from /home/airflow/.local/lib/python3.12/site-packages/airflow/example_dags/example_branch_operator.py
[2024-09-13T14:35:05.160+0000] {logging_mixin.py:190} INFO - [2024-09-13T14:35:05.159+0000] {dag.py:3229} INFO - Sync 1 DAGs
[2024-09-13T14:35:05.183+0000] {logging_mixin.py:190} INFO - [2024-09-13T14:35:05.183+0000] {dag.py:4156} INFO - Setting next_dagrun for example_branch_operator to 2024-09-12 00:00:00+00:00, run_after=2024-09-13 00:00:00+00:00
[2024-09-13T14:35:05.203+0000] {processor.py:208} INFO - Processing /home/airflow/.local/lib/python3.12/site-packages/airflow/example_dags/example_branch_operator.py took 0.104 seconds
[2024-09-13T14:35:35.522+0000] {processor.py:186} INFO - Started process (PID=201) to work on /home/airflow/.local/lib/python3.12/site-packages/airflow/example_dags/example_branch_operator.py
[2024-09-13T14:35:35.523+0000] {processor.py:914} INFO - Processing file /home/airflow/.local/lib/python3.12/site-packages/airflow/example_dags/example_branch_operator.py for tasks to queue
[2024-09-13T14:35:35.525+0000] {logging_mixin.py:190} INFO - [2024-09-13T14:35:35.525+0000] {dagbag.py:587} INFO - Filling up the DagBag from /home/airflow/.local/lib/python3.12/site-packages/airflow/example_dags/example_branch_operator.py
[2024-09-13T14:35:35.550+0000] {processor.py:925} INFO - DAG(s) 'example_branch_operator' retrieved from /home/airflow/.local/lib/python3.12/site-packages/airflow/example_dags/example_branch_operator.py
[2024-09-13T14:35:35.590+0000] {logging_mixin.py:190} INFO - [2024-09-13T14:35:35.590+0000] {dag.py:3229} INFO - Sync 1 DAGs
[2024-09-13T14:35:35.612+0000] {logging_mixin.py:190} INFO - [2024-09-13T14:35:35.612+0000] {dag.py:4156} INFO - Setting next_dagrun for example_branch_operator to 2024-09-12 00:00:00+00:00, run_after=2024-09-13 00:00:00+00:00
[2024-09-13T14:35:35.632+0000] {processor.py:208} INFO - Processing /home/airflow/.local/lib/python3.12/site-packages/airflow/example_dags/example_branch_operator.py took 0.115 seconds
[2024-09-13T14:36:05.937+0000] {processor.py:186} INFO - Started process (PID=263) to work on /home/airflow/.local/lib/python3.12/site-packages/airflow/example_dags/example_branch_operator.py
[2024-09-13T14:36:05.938+0000] {processor.py:914} INFO - Processing file /home/airflow/.local/lib/python3.12/site-packages/airflow/example_dags/example_branch_operator.py for tasks to queue
[2024-09-13T14:36:05.941+0000] {logging_mixin.py:190} INFO - [2024-09-13T14:36:05.941+0000] {dagbag.py:587} INFO - Filling up the DagBag from /home/airflow/.local/lib/python3.12/site-packages/airflow/example_dags/example_branch_operator.py
[2024-09-13T14:36:05.964+0000] {processor.py:925} INFO - DAG(s) 'example_branch_operator' retrieved from /home/airflow/.local/lib/python3.12/site-packages/airflow/example_dags/example_branch_operator.py
[2024-09-13T14:36:05.996+0000] {logging_mixin.py:190} INFO - [2024-09-13T14:36:05.995+0000] {dag.py:3229} INFO - Sync 1 DAGs
[2024-09-13T14:36:06.024+0000] {logging_mixin.py:190} INFO - [2024-09-13T14:36:06.024+0000] {dag.py:4156} INFO - Setting next_dagrun for example_branch_operator to 2024-09-12 00:00:00+00:00, run_after=2024-09-13 00:00:00+00:00
[2024-09-13T14:36:06.046+0000] {processor.py:208} INFO - Processing /home/airflow/.local/lib/python3.12/site-packages/airflow/example_dags/example_branch_operator.py took 0.115 seconds
[2024-09-13T14:36:36.232+0000] {processor.py:186} INFO - Started process (PID=325) to work on /home/airflow/.local/lib/python3.12/site-packages/airflow/example_dags/example_branch_operator.py
[2024-09-13T14:36:36.233+0000] {processor.py:914} INFO - Processing file /home/airflow/.local/lib/python3.12/site-packages/airflow/example_dags/example_branch_operator.py for tasks to queue
[2024-09-13T14:36:36.235+0000] {logging_mixin.py:190} INFO - [2024-09-13T14:36:36.234+0000] {dagbag.py:587} INFO - Filling up the DagBag from /home/airflow/.local/lib/python3.12/site-packages/airflow/example_dags/example_branch_operator.py
[2024-09-13T14:36:36.251+0000] {processor.py:925} INFO - DAG(s) 'example_branch_operator' retrieved from /home/airflow/.local/lib/python3.12/site-packages/airflow/example_dags/example_branch_operator.py
[2024-09-13T14:36:36.279+0000] {logging_mixin.py:190} INFO - [2024-09-13T14:36:36.278+0000] {dag.py:3229} INFO - Sync 1 DAGs
[2024-09-13T14:36:36.305+0000] {logging_mixin.py:190} INFO - [2024-09-13T14:36:36.305+0000] {dag.py:4156} INFO - Setting next_dagrun for example_branch_operator to 2024-09-12 00:00:00+00:00, run_after=2024-09-13 00:00:00+00:00
[2024-09-13T14:36:36.328+0000] {processor.py:208} INFO - Processing /home/airflow/.local/lib/python3.12/site-packages/airflow/example_dags/example_branch_operator.py took 0.101 seconds
[2024-09-13T14:37:07.129+0000] {processor.py:186} INFO - Started process (PID=387) to work on /home/airflow/.local/lib/python3.12/site-packages/airflow/example_dags/example_branch_operator.py
[2024-09-13T14:37:07.130+0000] {processor.py:914} INFO - Processing file /home/airflow/.local/lib/python3.12/site-packages/airflow/example_dags/example_branch_operator.py for tasks to queue
[2024-09-13T14:37:07.132+0000] {logging_mixin.py:190} INFO - [2024-09-13T14:37:07.132+0000] {dagbag.py:587} INFO - Filling up the DagBag from /home/airflow/.local/lib/python3.12/site-packages/airflow/example_dags/example_branch_operator.py
[2024-09-13T14:37:07.151+0000] {processor.py:925} INFO - DAG(s) 'example_branch_operator' retrieved from /home/airflow/.local/lib/python3.12/site-packages/airflow/example_dags/example_branch_operator.py
[2024-09-13T14:37:07.179+0000] {logging_mixin.py:190} INFO - [2024-09-13T14:37:07.179+0000] {dag.py:3229} INFO - Sync 1 DAGs
[2024-09-13T14:37:07.206+0000] {logging_mixin.py:190} INFO - [2024-09-13T14:37:07.206+0000] {dag.py:4156} INFO - Setting next_dagrun for example_branch_operator to 2024-09-12 00:00:00+00:00, run_after=2024-09-13 00:00:00+00:00
[2024-09-13T14:37:07.230+0000] {processor.py:208} INFO - Processing /home/airflow/.local/lib/python3.12/site-packages/airflow/example_dags/example_branch_operator.py took 0.107 seconds
[2024-09-13T14:37:38.012+0000] {processor.py:186} INFO - Started process (PID=449) to work on /home/airflow/.local/lib/python3.12/site-packages/airflow/example_dags/example_branch_operator.py
[2024-09-13T14:37:38.012+0000] {processor.py:914} INFO - Processing file /home/airflow/.local/lib/python3.12/site-packages/airflow/example_dags/example_branch_operator.py for tasks to queue
[2024-09-13T14:37:38.014+0000] {logging_mixin.py:190} INFO - [2024-09-13T14:37:38.014+0000] {dagbag.py:587} INFO - Filling up the DagBag from /home/airflow/.local/lib/python3.12/site-packages/airflow/example_dags/example_branch_operator.py
[2024-09-13T14:37:38.032+0000] {processor.py:925} INFO - DAG(s) 'example_branch_operator' retrieved from /home/airflow/.local/lib/python3.12/site-packages/airflow/example_dags/example_branch_operator.py
[2024-09-13T14:37:38.058+0000] {logging_mixin.py:190} INFO - [2024-09-13T14:37:38.058+0000] {dag.py:3229} INFO - Sync 1 DAGs
[2024-09-13T14:37:38.079+0000] {logging_mixin.py:190} INFO - [2024-09-13T14:37:38.079+0000] {dag.py:4156} INFO - Setting next_dagrun for example_branch_operator to 2024-09-12 00:00:00+00:00, run_after=2024-09-13 00:00:00+00:00
[2024-09-13T14:37:38.095+0000] {processor.py:208} INFO - Processing /home/airflow/.local/lib/python3.12/site-packages/airflow/example_dags/example_branch_operator.py took 0.089 seconds
[2024-09-13T14:38:08.490+0000] {processor.py:186} INFO - Started process (PID=511) to work on /home/airflow/.local/lib/python3.12/site-packages/airflow/example_dags/example_branch_operator.py
[2024-09-13T14:38:08.491+0000] {processor.py:914} INFO - Processing file /home/airflow/.local/lib/python3.12/site-packages/airflow/example_dags/example_branch_operator.py for tasks to queue
[2024-09-13T14:38:08.493+0000] {logging_mixin.py:190} INFO - [2024-09-13T14:38:08.493+0000] {dagbag.py:587} INFO - Filling up the DagBag from /home/airflow/.local/lib/python3.12/site-packages/airflow/example_dags/example_branch_operator.py
[2024-09-13T14:38:08.512+0000] {processor.py:925} INFO - DAG(s) 'example_branch_operator' retrieved from /home/airflow/.local/lib/python3.12/site-packages/airflow/example_dags/example_branch_operator.py
[2024-09-13T14:38:08.540+0000] {logging_mixin.py:190} INFO - [2024-09-13T14:38:08.540+0000] {dag.py:3229} INFO - Sync 1 DAGs
[2024-09-13T14:38:08.560+0000] {logging_mixin.py:190} INFO - [2024-09-13T14:38:08.560+0000] {dag.py:4156} INFO - Setting next_dagrun for example_branch_operator to 2024-09-12 00:00:00+00:00, run_after=2024-09-13 00:00:00+00:00
[2024-09-13T14:38:08.577+0000] {processor.py:208} INFO - Processing /home/airflow/.local/lib/python3.12/site-packages/airflow/example_dags/example_branch_operator.py took 0.092 seconds
[2024-09-13T14:39:31.480+0000] {processor.py:186} INFO - Started process (PID=71) to work on /home/airflow/.local/lib/python3.12/site-packages/airflow/example_dags/example_branch_operator.py
[2024-09-13T14:39:31.481+0000] {processor.py:914} INFO - Processing file /home/airflow/.local/lib/python3.12/site-packages/airflow/example_dags/example_branch_operator.py for tasks to queue
[2024-09-13T14:39:31.484+0000] {logging_mixin.py:190} INFO - [2024-09-13T14:39:31.483+0000] {dagbag.py:587} INFO - Filling up the DagBag from /home/airflow/.local/lib/python3.12/site-packages/airflow/example_dags/example_branch_operator.py
[2024-09-13T14:39:31.506+0000] {processor.py:925} INFO - DAG(s) 'example_branch_operator' retrieved from /home/airflow/.local/lib/python3.12/site-packages/airflow/example_dags/example_branch_operator.py
[2024-09-13T14:39:31.679+0000] {logging_mixin.py:190} INFO - [2024-09-13T14:39:31.679+0000] {dag.py:3229} INFO - Sync 1 DAGs
[2024-09-13T14:39:31.700+0000] {logging_mixin.py:190} INFO - [2024-09-13T14:39:31.700+0000] {dag.py:4156} INFO - Setting next_dagrun for example_branch_operator to 2024-09-12 00:00:00+00:00, run_after=2024-09-13 00:00:00+00:00
[2024-09-13T14:39:31.726+0000] {processor.py:208} INFO - Processing /home/airflow/.local/lib/python3.12/site-packages/airflow/example_dags/example_branch_operator.py took 0.253 seconds
[2024-09-13T14:40:01.792+0000] {processor.py:186} INFO - Started process (PID=134) to work on /home/airflow/.local/lib/python3.12/site-packages/airflow/example_dags/example_branch_operator.py
[2024-09-13T14:40:01.793+0000] {processor.py:914} INFO - Processing file /home/airflow/.local/lib/python3.12/site-packages/airflow/example_dags/example_branch_operator.py for tasks to queue
[2024-09-13T14:40:01.795+0000] {logging_mixin.py:190} INFO - [2024-09-13T14:40:01.795+0000] {dagbag.py:587} INFO - Filling up the DagBag from /home/airflow/.local/lib/python3.12/site-packages/airflow/example_dags/example_branch_operator.py
[2024-09-13T14:40:01.814+0000] {processor.py:925} INFO - DAG(s) 'example_branch_operator' retrieved from /home/airflow/.local/lib/python3.12/site-packages/airflow/example_dags/example_branch_operator.py
[2024-09-13T14:40:01.842+0000] {logging_mixin.py:190} INFO - [2024-09-13T14:40:01.841+0000] {dag.py:3229} INFO - Sync 1 DAGs
[2024-09-13T14:40:01.864+0000] {logging_mixin.py:190} INFO - [2024-09-13T14:40:01.864+0000] {dag.py:4156} INFO - Setting next_dagrun for example_branch_operator to 2024-09-12 00:00:00+00:00, run_after=2024-09-13 00:00:00+00:00
[2024-09-13T14:40:01.885+0000] {processor.py:208} INFO - Processing /home/airflow/.local/lib/python3.12/site-packages/airflow/example_dags/example_branch_operator.py took 0.098 seconds
[2024-09-13T14:40:33.036+0000] {processor.py:186} INFO - Started process (PID=195) to work on /home/airflow/.local/lib/python3.12/site-packages/airflow/example_dags/example_branch_operator.py
[2024-09-13T14:40:33.037+0000] {processor.py:914} INFO - Processing file /home/airflow/.local/lib/python3.12/site-packages/airflow/example_dags/example_branch_operator.py for tasks to queue
[2024-09-13T14:40:33.039+0000] {logging_mixin.py:190} INFO - [2024-09-13T14:40:33.038+0000] {dagbag.py:587} INFO - Filling up the DagBag from /home/airflow/.local/lib/python3.12/site-packages/airflow/example_dags/example_branch_operator.py
[2024-09-13T14:40:33.054+0000] {processor.py:925} INFO - DAG(s) 'example_branch_operator' retrieved from /home/airflow/.local/lib/python3.12/site-packages/airflow/example_dags/example_branch_operator.py
[2024-09-13T14:40:33.079+0000] {logging_mixin.py:190} INFO - [2024-09-13T14:40:33.079+0000] {dag.py:3229} INFO - Sync 1 DAGs
[2024-09-13T14:40:33.101+0000] {logging_mixin.py:190} INFO - [2024-09-13T14:40:33.101+0000] {dag.py:4156} INFO - Setting next_dagrun for example_branch_operator to 2024-09-12 00:00:00+00:00, run_after=2024-09-13 00:00:00+00:00
[2024-09-13T14:40:33.117+0000] {processor.py:208} INFO - Processing /home/airflow/.local/lib/python3.12/site-packages/airflow/example_dags/example_branch_operator.py took 0.087 seconds
[2024-09-13T14:41:24.275+0000] {processor.py:186} INFO - Started process (PID=64) to work on /home/airflow/.local/lib/python3.12/site-packages/airflow/example_dags/example_branch_operator.py
[2024-09-13T14:41:24.276+0000] {processor.py:914} INFO - Processing file /home/airflow/.local/lib/python3.12/site-packages/airflow/example_dags/example_branch_operator.py for tasks to queue
[2024-09-13T14:41:24.278+0000] {logging_mixin.py:190} INFO - [2024-09-13T14:41:24.278+0000] {dagbag.py:587} INFO - Filling up the DagBag from /home/airflow/.local/lib/python3.12/site-packages/airflow/example_dags/example_branch_operator.py
[2024-09-13T14:41:24.295+0000] {processor.py:925} INFO - DAG(s) 'example_branch_operator' retrieved from /home/airflow/.local/lib/python3.12/site-packages/airflow/example_dags/example_branch_operator.py
[2024-09-13T14:41:24.442+0000] {logging_mixin.py:190} INFO - [2024-09-13T14:41:24.442+0000] {dag.py:3229} INFO - Sync 1 DAGs
[2024-09-13T14:41:24.471+0000] {logging_mixin.py:190} INFO - [2024-09-13T14:41:24.470+0000] {dag.py:4156} INFO - Setting next_dagrun for example_branch_operator to 2024-09-12 00:00:00+00:00, run_after=2024-09-13 00:00:00+00:00
[2024-09-13T14:41:24.500+0000] {processor.py:208} INFO - Processing /home/airflow/.local/lib/python3.12/site-packages/airflow/example_dags/example_branch_operator.py took 0.230 seconds
[2024-09-13T14:41:54.589+0000] {processor.py:186} INFO - Started process (PID=127) to work on /home/airflow/.local/lib/python3.12/site-packages/airflow/example_dags/example_branch_operator.py
[2024-09-13T14:41:54.590+0000] {processor.py:914} INFO - Processing file /home/airflow/.local/lib/python3.12/site-packages/airflow/example_dags/example_branch_operator.py for tasks to queue
[2024-09-13T14:41:54.592+0000] {logging_mixin.py:190} INFO - [2024-09-13T14:41:54.592+0000] {dagbag.py:587} INFO - Filling up the DagBag from /home/airflow/.local/lib/python3.12/site-packages/airflow/example_dags/example_branch_operator.py
[2024-09-13T14:41:54.610+0000] {processor.py:925} INFO - DAG(s) 'example_branch_operator' retrieved from /home/airflow/.local/lib/python3.12/site-packages/airflow/example_dags/example_branch_operator.py
[2024-09-13T14:41:54.638+0000] {logging_mixin.py:190} INFO - [2024-09-13T14:41:54.638+0000] {dag.py:3229} INFO - Sync 1 DAGs
[2024-09-13T14:41:54.661+0000] {logging_mixin.py:190} INFO - [2024-09-13T14:41:54.661+0000] {dag.py:4156} INFO - Setting next_dagrun for example_branch_operator to 2024-09-12 00:00:00+00:00, run_after=2024-09-13 00:00:00+00:00
[2024-09-13T14:41:54.678+0000] {processor.py:208} INFO - Processing /home/airflow/.local/lib/python3.12/site-packages/airflow/example_dags/example_branch_operator.py took 0.096 seconds
[2024-09-13T14:42:25.465+0000] {processor.py:186} INFO - Started process (PID=188) to work on /home/airflow/.local/lib/python3.12/site-packages/airflow/example_dags/example_branch_operator.py
[2024-09-13T14:42:25.468+0000] {processor.py:914} INFO - Processing file /home/airflow/.local/lib/python3.12/site-packages/airflow/example_dags/example_branch_operator.py for tasks to queue
[2024-09-13T14:42:25.471+0000] {logging_mixin.py:190} INFO - [2024-09-13T14:42:25.470+0000] {dagbag.py:587} INFO - Filling up the DagBag from /home/airflow/.local/lib/python3.12/site-packages/airflow/example_dags/example_branch_operator.py
[2024-09-13T14:42:25.522+0000] {processor.py:925} INFO - DAG(s) 'example_branch_operator' retrieved from /home/airflow/.local/lib/python3.12/site-packages/airflow/example_dags/example_branch_operator.py
[2024-09-13T14:42:25.551+0000] {logging_mixin.py:190} INFO - [2024-09-13T14:42:25.551+0000] {dag.py:3229} INFO - Sync 1 DAGs
[2024-09-13T14:42:25.575+0000] {logging_mixin.py:190} INFO - [2024-09-13T14:42:25.574+0000] {dag.py:4156} INFO - Setting next_dagrun for example_branch_operator to 2024-09-12 00:00:00+00:00, run_after=2024-09-13 00:00:00+00:00
[2024-09-13T14:42:25.592+0000] {processor.py:208} INFO - Processing /home/airflow/.local/lib/python3.12/site-packages/airflow/example_dags/example_branch_operator.py took 0.132 seconds
[2024-09-13T14:42:56.410+0000] {processor.py:186} INFO - Started process (PID=250) to work on /home/airflow/.local/lib/python3.12/site-packages/airflow/example_dags/example_branch_operator.py
[2024-09-13T14:42:56.410+0000] {processor.py:914} INFO - Processing file /home/airflow/.local/lib/python3.12/site-packages/airflow/example_dags/example_branch_operator.py for tasks to queue
[2024-09-13T14:42:56.413+0000] {logging_mixin.py:190} INFO - [2024-09-13T14:42:56.412+0000] {dagbag.py:587} INFO - Filling up the DagBag from /home/airflow/.local/lib/python3.12/site-packages/airflow/example_dags/example_branch_operator.py
[2024-09-13T14:42:56.430+0000] {processor.py:925} INFO - DAG(s) 'example_branch_operator' retrieved from /home/airflow/.local/lib/python3.12/site-packages/airflow/example_dags/example_branch_operator.py
[2024-09-13T14:42:56.457+0000] {logging_mixin.py:190} INFO - [2024-09-13T14:42:56.457+0000] {dag.py:3229} INFO - Sync 1 DAGs
[2024-09-13T14:42:56.478+0000] {logging_mixin.py:190} INFO - [2024-09-13T14:42:56.478+0000] {dag.py:4156} INFO - Setting next_dagrun for example_branch_operator to 2024-09-12 00:00:00+00:00, run_after=2024-09-13 00:00:00+00:00
[2024-09-13T14:42:56.495+0000] {processor.py:208} INFO - Processing /home/airflow/.local/lib/python3.12/site-packages/airflow/example_dags/example_branch_operator.py took 0.091 seconds
