[2024-09-13T14:34:36.788+0000] {processor.py:186} INFO - Started process (PID=92) to work on /home/airflow/.local/lib/python3.12/site-packages/airflow/example_dags/example_xcom.py
[2024-09-13T14:34:36.789+0000] {processor.py:914} INFO - Processing file /home/airflow/.local/lib/python3.12/site-packages/airflow/example_dags/example_xcom.py for tasks to queue
[2024-09-13T14:34:36.791+0000] {logging_mixin.py:190} INFO - [2024-09-13T14:34:36.791+0000] {dagbag.py:587} INFO - Filling up the DagBag from /home/airflow/.local/lib/python3.12/site-packages/airflow/example_dags/example_xcom.py
[2024-09-13T14:34:36.800+0000] {processor.py:925} INFO - DAG(s) 'example_xcom' retrieved from /home/airflow/.local/lib/python3.12/site-packages/airflow/example_dags/example_xcom.py
[2024-09-13T14:34:36.904+0000] {logging_mixin.py:190} INFO - [2024-09-13T14:34:36.903+0000] {override.py:1900} INFO - Created Permission View: can read on DAG:example_xcom
[2024-09-13T14:34:36.915+0000] {logging_mixin.py:190} INFO - [2024-09-13T14:34:36.914+0000] {override.py:1900} INFO - Created Permission View: can delete on DAG:example_xcom
[2024-09-13T14:34:36.922+0000] {logging_mixin.py:190} INFO - [2024-09-13T14:34:36.921+0000] {override.py:1900} INFO - Created Permission View: can edit on DAG:example_xcom
[2024-09-13T14:34:36.930+0000] {logging_mixin.py:190} INFO - [2024-09-13T14:34:36.929+0000] {override.py:1900} INFO - Created Permission View: can create on DAG Run:example_xcom
[2024-09-13T14:34:36.936+0000] {logging_mixin.py:190} INFO - [2024-09-13T14:34:36.936+0000] {override.py:1900} INFO - Created Permission View: menu access on DAG Run:example_xcom
[2024-09-13T14:34:36.942+0000] {logging_mixin.py:190} INFO - [2024-09-13T14:34:36.941+0000] {override.py:1900} INFO - Created Permission View: can read on DAG Run:example_xcom
[2024-09-13T14:34:36.947+0000] {logging_mixin.py:190} INFO - [2024-09-13T14:34:36.947+0000] {override.py:1900} INFO - Created Permission View: can delete on DAG Run:example_xcom
[2024-09-13T14:34:36.948+0000] {logging_mixin.py:190} INFO - [2024-09-13T14:34:36.948+0000] {dag.py:3229} INFO - Sync 1 DAGs
[2024-09-13T14:34:36.959+0000] {logging_mixin.py:190} INFO - [2024-09-13T14:34:36.958+0000] {dag.py:3252} INFO - Creating ORM DAG for example_xcom
[2024-09-13T14:34:36.966+0000] {logging_mixin.py:190} INFO - [2024-09-13T14:34:36.966+0000] {dag.py:4156} INFO - Setting next_dagrun for example_xcom to 2021-01-01 00:00:00+00:00, run_after=2021-01-01 00:00:00+00:00
[2024-09-13T14:34:36.982+0000] {processor.py:208} INFO - Processing /home/airflow/.local/lib/python3.12/site-packages/airflow/example_dags/example_xcom.py took 0.199 seconds
[2024-09-13T14:35:07.233+0000] {processor.py:186} INFO - Started process (PID=154) to work on /home/airflow/.local/lib/python3.12/site-packages/airflow/example_dags/example_xcom.py
[2024-09-13T14:35:07.234+0000] {processor.py:914} INFO - Processing file /home/airflow/.local/lib/python3.12/site-packages/airflow/example_dags/example_xcom.py for tasks to queue
[2024-09-13T14:35:07.236+0000] {logging_mixin.py:190} INFO - [2024-09-13T14:35:07.235+0000] {dagbag.py:587} INFO - Filling up the DagBag from /home/airflow/.local/lib/python3.12/site-packages/airflow/example_dags/example_xcom.py
[2024-09-13T14:35:07.244+0000] {processor.py:925} INFO - DAG(s) 'example_xcom' retrieved from /home/airflow/.local/lib/python3.12/site-packages/airflow/example_dags/example_xcom.py
[2024-09-13T14:35:07.264+0000] {logging_mixin.py:190} INFO - [2024-09-13T14:35:07.264+0000] {dag.py:3229} INFO - Sync 1 DAGs
[2024-09-13T14:35:07.285+0000] {logging_mixin.py:190} INFO - [2024-09-13T14:35:07.285+0000] {dag.py:4156} INFO - Setting next_dagrun for example_xcom to 2021-01-01 00:00:00+00:00, run_after=2021-01-01 00:00:00+00:00
[2024-09-13T14:35:07.304+0000] {processor.py:208} INFO - Processing /home/airflow/.local/lib/python3.12/site-packages/airflow/example_dags/example_xcom.py took 0.077 seconds
[2024-09-13T14:35:37.548+0000] {processor.py:186} INFO - Started process (PID=215) to work on /home/airflow/.local/lib/python3.12/site-packages/airflow/example_dags/example_xcom.py
[2024-09-13T14:35:37.549+0000] {processor.py:914} INFO - Processing file /home/airflow/.local/lib/python3.12/site-packages/airflow/example_dags/example_xcom.py for tasks to queue
[2024-09-13T14:35:37.551+0000] {logging_mixin.py:190} INFO - [2024-09-13T14:35:37.551+0000] {dagbag.py:587} INFO - Filling up the DagBag from /home/airflow/.local/lib/python3.12/site-packages/airflow/example_dags/example_xcom.py
[2024-09-13T14:35:37.560+0000] {processor.py:925} INFO - DAG(s) 'example_xcom' retrieved from /home/airflow/.local/lib/python3.12/site-packages/airflow/example_dags/example_xcom.py
[2024-09-13T14:35:37.581+0000] {logging_mixin.py:190} INFO - [2024-09-13T14:35:37.580+0000] {dag.py:3229} INFO - Sync 1 DAGs
[2024-09-13T14:35:37.601+0000] {logging_mixin.py:190} INFO - [2024-09-13T14:35:37.601+0000] {dag.py:4156} INFO - Setting next_dagrun for example_xcom to 2021-01-01 00:00:00+00:00, run_after=2021-01-01 00:00:00+00:00
[2024-09-13T14:35:37.618+0000] {processor.py:208} INFO - Processing /home/airflow/.local/lib/python3.12/site-packages/airflow/example_dags/example_xcom.py took 0.076 seconds
[2024-09-13T14:36:07.999+0000] {processor.py:186} INFO - Started process (PID=277) to work on /home/airflow/.local/lib/python3.12/site-packages/airflow/example_dags/example_xcom.py
[2024-09-13T14:36:08.000+0000] {processor.py:914} INFO - Processing file /home/airflow/.local/lib/python3.12/site-packages/airflow/example_dags/example_xcom.py for tasks to queue
[2024-09-13T14:36:08.002+0000] {logging_mixin.py:190} INFO - [2024-09-13T14:36:08.002+0000] {dagbag.py:587} INFO - Filling up the DagBag from /home/airflow/.local/lib/python3.12/site-packages/airflow/example_dags/example_xcom.py
[2024-09-13T14:36:08.010+0000] {processor.py:925} INFO - DAG(s) 'example_xcom' retrieved from /home/airflow/.local/lib/python3.12/site-packages/airflow/example_dags/example_xcom.py
[2024-09-13T14:36:08.031+0000] {logging_mixin.py:190} INFO - [2024-09-13T14:36:08.031+0000] {dag.py:3229} INFO - Sync 1 DAGs
[2024-09-13T14:36:08.052+0000] {logging_mixin.py:190} INFO - [2024-09-13T14:36:08.052+0000] {dag.py:4156} INFO - Setting next_dagrun for example_xcom to 2021-01-01 00:00:00+00:00, run_after=2021-01-01 00:00:00+00:00
[2024-09-13T14:36:08.070+0000] {processor.py:208} INFO - Processing /home/airflow/.local/lib/python3.12/site-packages/airflow/example_dags/example_xcom.py took 0.075 seconds
[2024-09-13T14:36:38.185+0000] {processor.py:186} INFO - Started process (PID=339) to work on /home/airflow/.local/lib/python3.12/site-packages/airflow/example_dags/example_xcom.py
[2024-09-13T14:36:38.186+0000] {processor.py:914} INFO - Processing file /home/airflow/.local/lib/python3.12/site-packages/airflow/example_dags/example_xcom.py for tasks to queue
[2024-09-13T14:36:38.188+0000] {logging_mixin.py:190} INFO - [2024-09-13T14:36:38.188+0000] {dagbag.py:587} INFO - Filling up the DagBag from /home/airflow/.local/lib/python3.12/site-packages/airflow/example_dags/example_xcom.py
[2024-09-13T14:36:38.197+0000] {processor.py:925} INFO - DAG(s) 'example_xcom' retrieved from /home/airflow/.local/lib/python3.12/site-packages/airflow/example_dags/example_xcom.py
[2024-09-13T14:36:38.218+0000] {logging_mixin.py:190} INFO - [2024-09-13T14:36:38.218+0000] {dag.py:3229} INFO - Sync 1 DAGs
[2024-09-13T14:36:38.240+0000] {logging_mixin.py:190} INFO - [2024-09-13T14:36:38.240+0000] {dag.py:4156} INFO - Setting next_dagrun for example_xcom to 2021-01-01 00:00:00+00:00, run_after=2021-01-01 00:00:00+00:00
[2024-09-13T14:36:38.257+0000] {processor.py:208} INFO - Processing /home/airflow/.local/lib/python3.12/site-packages/airflow/example_dags/example_xcom.py took 0.077 seconds
[2024-09-13T14:37:09.100+0000] {processor.py:186} INFO - Started process (PID=401) to work on /home/airflow/.local/lib/python3.12/site-packages/airflow/example_dags/example_xcom.py
[2024-09-13T14:37:09.101+0000] {processor.py:914} INFO - Processing file /home/airflow/.local/lib/python3.12/site-packages/airflow/example_dags/example_xcom.py for tasks to queue
[2024-09-13T14:37:09.103+0000] {logging_mixin.py:190} INFO - [2024-09-13T14:37:09.103+0000] {dagbag.py:587} INFO - Filling up the DagBag from /home/airflow/.local/lib/python3.12/site-packages/airflow/example_dags/example_xcom.py
[2024-09-13T14:37:09.111+0000] {processor.py:925} INFO - DAG(s) 'example_xcom' retrieved from /home/airflow/.local/lib/python3.12/site-packages/airflow/example_dags/example_xcom.py
[2024-09-13T14:37:09.131+0000] {logging_mixin.py:190} INFO - [2024-09-13T14:37:09.131+0000] {dag.py:3229} INFO - Sync 1 DAGs
[2024-09-13T14:37:09.150+0000] {logging_mixin.py:190} INFO - [2024-09-13T14:37:09.150+0000] {dag.py:4156} INFO - Setting next_dagrun for example_xcom to 2021-01-01 00:00:00+00:00, run_after=2021-01-01 00:00:00+00:00
[2024-09-13T14:37:09.166+0000] {processor.py:208} INFO - Processing /home/airflow/.local/lib/python3.12/site-packages/airflow/example_dags/example_xcom.py took 0.071 seconds
[2024-09-13T14:37:39.967+0000] {processor.py:186} INFO - Started process (PID=463) to work on /home/airflow/.local/lib/python3.12/site-packages/airflow/example_dags/example_xcom.py
[2024-09-13T14:37:39.968+0000] {processor.py:914} INFO - Processing file /home/airflow/.local/lib/python3.12/site-packages/airflow/example_dags/example_xcom.py for tasks to queue
[2024-09-13T14:37:39.970+0000] {logging_mixin.py:190} INFO - [2024-09-13T14:37:39.969+0000] {dagbag.py:587} INFO - Filling up the DagBag from /home/airflow/.local/lib/python3.12/site-packages/airflow/example_dags/example_xcom.py
[2024-09-13T14:37:39.978+0000] {processor.py:925} INFO - DAG(s) 'example_xcom' retrieved from /home/airflow/.local/lib/python3.12/site-packages/airflow/example_dags/example_xcom.py
[2024-09-13T14:37:39.999+0000] {logging_mixin.py:190} INFO - [2024-09-13T14:37:39.999+0000] {dag.py:3229} INFO - Sync 1 DAGs
[2024-09-13T14:37:40.020+0000] {logging_mixin.py:190} INFO - [2024-09-13T14:37:40.020+0000] {dag.py:4156} INFO - Setting next_dagrun for example_xcom to 2021-01-01 00:00:00+00:00, run_after=2021-01-01 00:00:00+00:00
[2024-09-13T14:37:40.038+0000] {processor.py:208} INFO - Processing /home/airflow/.local/lib/python3.12/site-packages/airflow/example_dags/example_xcom.py took 0.077 seconds
[2024-09-13T14:38:10.412+0000] {processor.py:186} INFO - Started process (PID=525) to work on /home/airflow/.local/lib/python3.12/site-packages/airflow/example_dags/example_xcom.py
[2024-09-13T14:38:10.413+0000] {processor.py:914} INFO - Processing file /home/airflow/.local/lib/python3.12/site-packages/airflow/example_dags/example_xcom.py for tasks to queue
[2024-09-13T14:38:10.416+0000] {logging_mixin.py:190} INFO - [2024-09-13T14:38:10.415+0000] {dagbag.py:587} INFO - Filling up the DagBag from /home/airflow/.local/lib/python3.12/site-packages/airflow/example_dags/example_xcom.py
[2024-09-13T14:38:10.424+0000] {processor.py:925} INFO - DAG(s) 'example_xcom' retrieved from /home/airflow/.local/lib/python3.12/site-packages/airflow/example_dags/example_xcom.py
[2024-09-13T14:38:10.444+0000] {logging_mixin.py:190} INFO - [2024-09-13T14:38:10.443+0000] {dag.py:3229} INFO - Sync 1 DAGs
[2024-09-13T14:38:10.463+0000] {logging_mixin.py:190} INFO - [2024-09-13T14:38:10.463+0000] {dag.py:4156} INFO - Setting next_dagrun for example_xcom to 2021-01-01 00:00:00+00:00, run_after=2021-01-01 00:00:00+00:00
[2024-09-13T14:38:10.479+0000] {processor.py:208} INFO - Processing /home/airflow/.local/lib/python3.12/site-packages/airflow/example_dags/example_xcom.py took 0.072 seconds
[2024-09-13T14:39:32.796+0000] {processor.py:186} INFO - Started process (PID=86) to work on /home/airflow/.local/lib/python3.12/site-packages/airflow/example_dags/example_xcom.py
[2024-09-13T14:39:32.797+0000] {processor.py:914} INFO - Processing file /home/airflow/.local/lib/python3.12/site-packages/airflow/example_dags/example_xcom.py for tasks to queue
[2024-09-13T14:39:32.799+0000] {logging_mixin.py:190} INFO - [2024-09-13T14:39:32.799+0000] {dagbag.py:587} INFO - Filling up the DagBag from /home/airflow/.local/lib/python3.12/site-packages/airflow/example_dags/example_xcom.py
[2024-09-13T14:39:32.809+0000] {processor.py:925} INFO - DAG(s) 'example_xcom' retrieved from /home/airflow/.local/lib/python3.12/site-packages/airflow/example_dags/example_xcom.py
[2024-09-13T14:39:32.839+0000] {logging_mixin.py:190} INFO - [2024-09-13T14:39:32.839+0000] {dag.py:3229} INFO - Sync 1 DAGs
[2024-09-13T14:39:32.865+0000] {logging_mixin.py:190} INFO - [2024-09-13T14:39:32.865+0000] {dag.py:4156} INFO - Setting next_dagrun for example_xcom to 2021-01-01 00:00:00+00:00, run_after=2021-01-01 00:00:00+00:00
[2024-09-13T14:39:32.883+0000] {processor.py:208} INFO - Processing /home/airflow/.local/lib/python3.12/site-packages/airflow/example_dags/example_xcom.py took 0.093 seconds
[2024-09-13T14:40:03.810+0000] {processor.py:186} INFO - Started process (PID=148) to work on /home/airflow/.local/lib/python3.12/site-packages/airflow/example_dags/example_xcom.py
[2024-09-13T14:40:03.811+0000] {processor.py:914} INFO - Processing file /home/airflow/.local/lib/python3.12/site-packages/airflow/example_dags/example_xcom.py for tasks to queue
[2024-09-13T14:40:03.813+0000] {logging_mixin.py:190} INFO - [2024-09-13T14:40:03.812+0000] {dagbag.py:587} INFO - Filling up the DagBag from /home/airflow/.local/lib/python3.12/site-packages/airflow/example_dags/example_xcom.py
[2024-09-13T14:40:03.821+0000] {processor.py:925} INFO - DAG(s) 'example_xcom' retrieved from /home/airflow/.local/lib/python3.12/site-packages/airflow/example_dags/example_xcom.py
[2024-09-13T14:40:03.841+0000] {logging_mixin.py:190} INFO - [2024-09-13T14:40:03.840+0000] {dag.py:3229} INFO - Sync 1 DAGs
[2024-09-13T14:40:03.860+0000] {logging_mixin.py:190} INFO - [2024-09-13T14:40:03.859+0000] {dag.py:4156} INFO - Setting next_dagrun for example_xcom to 2021-01-01 00:00:00+00:00, run_after=2021-01-01 00:00:00+00:00
[2024-09-13T14:40:03.875+0000] {processor.py:208} INFO - Processing /home/airflow/.local/lib/python3.12/site-packages/airflow/example_dags/example_xcom.py took 0.070 seconds
[2024-09-13T14:40:34.079+0000] {processor.py:186} INFO - Started process (PID=209) to work on /home/airflow/.local/lib/python3.12/site-packages/airflow/example_dags/example_xcom.py
[2024-09-13T14:40:34.080+0000] {processor.py:914} INFO - Processing file /home/airflow/.local/lib/python3.12/site-packages/airflow/example_dags/example_xcom.py for tasks to queue
[2024-09-13T14:40:34.082+0000] {logging_mixin.py:190} INFO - [2024-09-13T14:40:34.081+0000] {dagbag.py:587} INFO - Filling up the DagBag from /home/airflow/.local/lib/python3.12/site-packages/airflow/example_dags/example_xcom.py
[2024-09-13T14:40:34.090+0000] {processor.py:925} INFO - DAG(s) 'example_xcom' retrieved from /home/airflow/.local/lib/python3.12/site-packages/airflow/example_dags/example_xcom.py
[2024-09-13T14:40:34.109+0000] {logging_mixin.py:190} INFO - [2024-09-13T14:40:34.109+0000] {dag.py:3229} INFO - Sync 1 DAGs
[2024-09-13T14:40:34.130+0000] {logging_mixin.py:190} INFO - [2024-09-13T14:40:34.130+0000] {dag.py:4156} INFO - Setting next_dagrun for example_xcom to 2021-01-01 00:00:00+00:00, run_after=2021-01-01 00:00:00+00:00
[2024-09-13T14:40:34.146+0000] {processor.py:208} INFO - Processing /home/airflow/.local/lib/python3.12/site-packages/airflow/example_dags/example_xcom.py took 0.073 seconds
[2024-09-13T14:41:25.518+0000] {processor.py:186} INFO - Started process (PID=79) to work on /home/airflow/.local/lib/python3.12/site-packages/airflow/example_dags/example_xcom.py
[2024-09-13T14:41:25.519+0000] {processor.py:914} INFO - Processing file /home/airflow/.local/lib/python3.12/site-packages/airflow/example_dags/example_xcom.py for tasks to queue
[2024-09-13T14:41:25.521+0000] {logging_mixin.py:190} INFO - [2024-09-13T14:41:25.521+0000] {dagbag.py:587} INFO - Filling up the DagBag from /home/airflow/.local/lib/python3.12/site-packages/airflow/example_dags/example_xcom.py
[2024-09-13T14:41:25.529+0000] {processor.py:925} INFO - DAG(s) 'example_xcom' retrieved from /home/airflow/.local/lib/python3.12/site-packages/airflow/example_dags/example_xcom.py
[2024-09-13T14:41:25.555+0000] {logging_mixin.py:190} INFO - [2024-09-13T14:41:25.555+0000] {dag.py:3229} INFO - Sync 1 DAGs
[2024-09-13T14:41:25.575+0000] {logging_mixin.py:190} INFO - [2024-09-13T14:41:25.574+0000] {dag.py:4156} INFO - Setting next_dagrun for example_xcom to 2021-01-01 00:00:00+00:00, run_after=2021-01-01 00:00:00+00:00
[2024-09-13T14:41:25.593+0000] {processor.py:208} INFO - Processing /home/airflow/.local/lib/python3.12/site-packages/airflow/example_dags/example_xcom.py took 0.080 seconds
[2024-09-13T14:41:56.607+0000] {processor.py:186} INFO - Started process (PID=141) to work on /home/airflow/.local/lib/python3.12/site-packages/airflow/example_dags/example_xcom.py
[2024-09-13T14:41:56.608+0000] {processor.py:914} INFO - Processing file /home/airflow/.local/lib/python3.12/site-packages/airflow/example_dags/example_xcom.py for tasks to queue
[2024-09-13T14:41:56.610+0000] {logging_mixin.py:190} INFO - [2024-09-13T14:41:56.609+0000] {dagbag.py:587} INFO - Filling up the DagBag from /home/airflow/.local/lib/python3.12/site-packages/airflow/example_dags/example_xcom.py
[2024-09-13T14:41:56.618+0000] {processor.py:925} INFO - DAG(s) 'example_xcom' retrieved from /home/airflow/.local/lib/python3.12/site-packages/airflow/example_dags/example_xcom.py
[2024-09-13T14:41:56.638+0000] {logging_mixin.py:190} INFO - [2024-09-13T14:41:56.638+0000] {dag.py:3229} INFO - Sync 1 DAGs
[2024-09-13T14:41:56.657+0000] {logging_mixin.py:190} INFO - [2024-09-13T14:41:56.657+0000] {dag.py:4156} INFO - Setting next_dagrun for example_xcom to 2021-01-01 00:00:00+00:00, run_after=2021-01-01 00:00:00+00:00
[2024-09-13T14:41:56.673+0000] {processor.py:208} INFO - Processing /home/airflow/.local/lib/python3.12/site-packages/airflow/example_dags/example_xcom.py took 0.071 seconds
[2024-09-13T14:42:27.665+0000] {processor.py:186} INFO - Started process (PID=203) to work on /home/airflow/.local/lib/python3.12/site-packages/airflow/example_dags/example_xcom.py
[2024-09-13T14:42:27.666+0000] {processor.py:914} INFO - Processing file /home/airflow/.local/lib/python3.12/site-packages/airflow/example_dags/example_xcom.py for tasks to queue
[2024-09-13T14:42:27.668+0000] {logging_mixin.py:190} INFO - [2024-09-13T14:42:27.668+0000] {dagbag.py:587} INFO - Filling up the DagBag from /home/airflow/.local/lib/python3.12/site-packages/airflow/example_dags/example_xcom.py
[2024-09-13T14:42:27.677+0000] {processor.py:925} INFO - DAG(s) 'example_xcom' retrieved from /home/airflow/.local/lib/python3.12/site-packages/airflow/example_dags/example_xcom.py
[2024-09-13T14:42:27.701+0000] {logging_mixin.py:190} INFO - [2024-09-13T14:42:27.700+0000] {dag.py:3229} INFO - Sync 1 DAGs
[2024-09-13T14:42:27.724+0000] {logging_mixin.py:190} INFO - [2024-09-13T14:42:27.724+0000] {dag.py:4156} INFO - Setting next_dagrun for example_xcom to 2021-01-01 00:00:00+00:00, run_after=2021-01-01 00:00:00+00:00
[2024-09-13T14:42:27.744+0000] {processor.py:208} INFO - Processing /home/airflow/.local/lib/python3.12/site-packages/airflow/example_dags/example_xcom.py took 0.084 seconds
[2024-09-13T14:42:58.630+0000] {processor.py:186} INFO - Started process (PID=265) to work on /home/airflow/.local/lib/python3.12/site-packages/airflow/example_dags/example_xcom.py
[2024-09-13T14:42:58.631+0000] {processor.py:914} INFO - Processing file /home/airflow/.local/lib/python3.12/site-packages/airflow/example_dags/example_xcom.py for tasks to queue
[2024-09-13T14:42:58.634+0000] {logging_mixin.py:190} INFO - [2024-09-13T14:42:58.634+0000] {dagbag.py:587} INFO - Filling up the DagBag from /home/airflow/.local/lib/python3.12/site-packages/airflow/example_dags/example_xcom.py
[2024-09-13T14:42:58.643+0000] {processor.py:925} INFO - DAG(s) 'example_xcom' retrieved from /home/airflow/.local/lib/python3.12/site-packages/airflow/example_dags/example_xcom.py
[2024-09-13T14:42:58.662+0000] {logging_mixin.py:190} INFO - [2024-09-13T14:42:58.662+0000] {dag.py:3229} INFO - Sync 1 DAGs
[2024-09-13T14:42:58.680+0000] {logging_mixin.py:190} INFO - [2024-09-13T14:42:58.680+0000] {dag.py:4156} INFO - Setting next_dagrun for example_xcom to 2021-01-01 00:00:00+00:00, run_after=2021-01-01 00:00:00+00:00
[2024-09-13T14:42:58.697+0000] {processor.py:208} INFO - Processing /home/airflow/.local/lib/python3.12/site-packages/airflow/example_dags/example_xcom.py took 0.073 seconds
