[2024-09-13T14:34:35.176+0000] {processor.py:186} INFO - Started process (PID=76) to work on /home/airflow/.local/lib/python3.12/site-packages/airflow/example_dags/example_complex.py
[2024-09-13T14:34:35.176+0000] {processor.py:914} INFO - Processing file /home/airflow/.local/lib/python3.12/site-packages/airflow/example_dags/example_complex.py for tasks to queue
[2024-09-13T14:34:35.178+0000] {logging_mixin.py:190} INFO - [2024-09-13T14:34:35.178+0000] {dagbag.py:587} INFO - Filling up the DagBag from /home/airflow/.local/lib/python3.12/site-packages/airflow/example_dags/example_complex.py
[2024-09-13T14:34:35.191+0000] {processor.py:925} INFO - DAG(s) 'example_complex' retrieved from /home/airflow/.local/lib/python3.12/site-packages/airflow/example_dags/example_complex.py
[2024-09-13T14:34:35.313+0000] {logging_mixin.py:190} INFO - [2024-09-13T14:34:35.312+0000] {override.py:1900} INFO - Created Permission View: can read on DAG:example_complex
[2024-09-13T14:34:35.323+0000] {logging_mixin.py:190} INFO - [2024-09-13T14:34:35.322+0000] {override.py:1900} INFO - Created Permission View: can delete on DAG:example_complex
[2024-09-13T14:34:35.329+0000] {logging_mixin.py:190} INFO - [2024-09-13T14:34:35.329+0000] {override.py:1900} INFO - Created Permission View: can edit on DAG:example_complex
[2024-09-13T14:34:35.336+0000] {logging_mixin.py:190} INFO - [2024-09-13T14:34:35.336+0000] {override.py:1900} INFO - Created Permission View: can create on DAG Run:example_complex
[2024-09-13T14:34:35.342+0000] {logging_mixin.py:190} INFO - [2024-09-13T14:34:35.342+0000] {override.py:1900} INFO - Created Permission View: menu access on DAG Run:example_complex
[2024-09-13T14:34:35.348+0000] {logging_mixin.py:190} INFO - [2024-09-13T14:34:35.348+0000] {override.py:1900} INFO - Created Permission View: can read on DAG Run:example_complex
[2024-09-13T14:34:35.355+0000] {logging_mixin.py:190} INFO - [2024-09-13T14:34:35.354+0000] {override.py:1900} INFO - Created Permission View: can delete on DAG Run:example_complex
[2024-09-13T14:34:35.355+0000] {logging_mixin.py:190} INFO - [2024-09-13T14:34:35.355+0000] {dag.py:3229} INFO - Sync 1 DAGs
[2024-09-13T14:34:35.366+0000] {logging_mixin.py:190} INFO - [2024-09-13T14:34:35.366+0000] {dag.py:3252} INFO - Creating ORM DAG for example_complex
[2024-09-13T14:34:35.367+0000] {logging_mixin.py:190} INFO - [2024-09-13T14:34:35.367+0000] {dag.py:4156} INFO - Setting next_dagrun for example_complex to None, run_after=None
[2024-09-13T14:34:35.384+0000] {processor.py:208} INFO - Processing /home/airflow/.local/lib/python3.12/site-packages/airflow/example_dags/example_complex.py took 0.214 seconds
[2024-09-13T14:35:05.581+0000] {processor.py:186} INFO - Started process (PID=144) to work on /home/airflow/.local/lib/python3.12/site-packages/airflow/example_dags/example_complex.py
[2024-09-13T14:35:05.582+0000] {processor.py:914} INFO - Processing file /home/airflow/.local/lib/python3.12/site-packages/airflow/example_dags/example_complex.py for tasks to queue
[2024-09-13T14:35:05.584+0000] {logging_mixin.py:190} INFO - [2024-09-13T14:35:05.584+0000] {dagbag.py:587} INFO - Filling up the DagBag from /home/airflow/.local/lib/python3.12/site-packages/airflow/example_dags/example_complex.py
[2024-09-13T14:35:05.595+0000] {processor.py:925} INFO - DAG(s) 'example_complex' retrieved from /home/airflow/.local/lib/python3.12/site-packages/airflow/example_dags/example_complex.py
[2024-09-13T14:35:05.624+0000] {logging_mixin.py:190} INFO - [2024-09-13T14:35:05.624+0000] {dag.py:3229} INFO - Sync 1 DAGs
[2024-09-13T14:35:05.637+0000] {logging_mixin.py:190} INFO - [2024-09-13T14:35:05.637+0000] {dag.py:4156} INFO - Setting next_dagrun for example_complex to None, run_after=None
[2024-09-13T14:35:05.654+0000] {processor.py:208} INFO - Processing /home/airflow/.local/lib/python3.12/site-packages/airflow/example_dags/example_complex.py took 0.079 seconds
[2024-09-13T14:35:35.999+0000] {processor.py:186} INFO - Started process (PID=206) to work on /home/airflow/.local/lib/python3.12/site-packages/airflow/example_dags/example_complex.py
[2024-09-13T14:35:36.000+0000] {processor.py:914} INFO - Processing file /home/airflow/.local/lib/python3.12/site-packages/airflow/example_dags/example_complex.py for tasks to queue
[2024-09-13T14:35:36.002+0000] {logging_mixin.py:190} INFO - [2024-09-13T14:35:36.002+0000] {dagbag.py:587} INFO - Filling up the DagBag from /home/airflow/.local/lib/python3.12/site-packages/airflow/example_dags/example_complex.py
[2024-09-13T14:35:36.013+0000] {processor.py:925} INFO - DAG(s) 'example_complex' retrieved from /home/airflow/.local/lib/python3.12/site-packages/airflow/example_dags/example_complex.py
[2024-09-13T14:35:36.042+0000] {logging_mixin.py:190} INFO - [2024-09-13T14:35:36.041+0000] {dag.py:3229} INFO - Sync 1 DAGs
[2024-09-13T14:35:36.055+0000] {logging_mixin.py:190} INFO - [2024-09-13T14:35:36.055+0000] {dag.py:4156} INFO - Setting next_dagrun for example_complex to None, run_after=None
[2024-09-13T14:35:36.073+0000] {processor.py:208} INFO - Processing /home/airflow/.local/lib/python3.12/site-packages/airflow/example_dags/example_complex.py took 0.080 seconds
[2024-09-13T14:36:06.398+0000] {processor.py:186} INFO - Started process (PID=268) to work on /home/airflow/.local/lib/python3.12/site-packages/airflow/example_dags/example_complex.py
[2024-09-13T14:36:06.399+0000] {processor.py:914} INFO - Processing file /home/airflow/.local/lib/python3.12/site-packages/airflow/example_dags/example_complex.py for tasks to queue
[2024-09-13T14:36:06.401+0000] {logging_mixin.py:190} INFO - [2024-09-13T14:36:06.401+0000] {dagbag.py:587} INFO - Filling up the DagBag from /home/airflow/.local/lib/python3.12/site-packages/airflow/example_dags/example_complex.py
[2024-09-13T14:36:06.412+0000] {processor.py:925} INFO - DAG(s) 'example_complex' retrieved from /home/airflow/.local/lib/python3.12/site-packages/airflow/example_dags/example_complex.py
[2024-09-13T14:36:06.441+0000] {logging_mixin.py:190} INFO - [2024-09-13T14:36:06.441+0000] {dag.py:3229} INFO - Sync 1 DAGs
[2024-09-13T14:36:06.455+0000] {logging_mixin.py:190} INFO - [2024-09-13T14:36:06.454+0000] {dag.py:4156} INFO - Setting next_dagrun for example_complex to None, run_after=None
[2024-09-13T14:36:06.473+0000] {processor.py:208} INFO - Processing /home/airflow/.local/lib/python3.12/site-packages/airflow/example_dags/example_complex.py took 0.080 seconds
[2024-09-13T14:36:36.703+0000] {processor.py:186} INFO - Started process (PID=330) to work on /home/airflow/.local/lib/python3.12/site-packages/airflow/example_dags/example_complex.py
[2024-09-13T14:36:36.704+0000] {processor.py:914} INFO - Processing file /home/airflow/.local/lib/python3.12/site-packages/airflow/example_dags/example_complex.py for tasks to queue
[2024-09-13T14:36:36.706+0000] {logging_mixin.py:190} INFO - [2024-09-13T14:36:36.705+0000] {dagbag.py:587} INFO - Filling up the DagBag from /home/airflow/.local/lib/python3.12/site-packages/airflow/example_dags/example_complex.py
[2024-09-13T14:36:36.716+0000] {processor.py:925} INFO - DAG(s) 'example_complex' retrieved from /home/airflow/.local/lib/python3.12/site-packages/airflow/example_dags/example_complex.py
[2024-09-13T14:36:36.745+0000] {logging_mixin.py:190} INFO - [2024-09-13T14:36:36.745+0000] {dag.py:3229} INFO - Sync 1 DAGs
[2024-09-13T14:36:36.757+0000] {logging_mixin.py:190} INFO - [2024-09-13T14:36:36.757+0000] {dag.py:4156} INFO - Setting next_dagrun for example_complex to None, run_after=None
[2024-09-13T14:36:36.773+0000] {processor.py:208} INFO - Processing /home/airflow/.local/lib/python3.12/site-packages/airflow/example_dags/example_complex.py took 0.075 seconds
[2024-09-13T14:37:07.528+0000] {processor.py:186} INFO - Started process (PID=392) to work on /home/airflow/.local/lib/python3.12/site-packages/airflow/example_dags/example_complex.py
[2024-09-13T14:37:07.529+0000] {processor.py:914} INFO - Processing file /home/airflow/.local/lib/python3.12/site-packages/airflow/example_dags/example_complex.py for tasks to queue
[2024-09-13T14:37:07.531+0000] {logging_mixin.py:190} INFO - [2024-09-13T14:37:07.531+0000] {dagbag.py:587} INFO - Filling up the DagBag from /home/airflow/.local/lib/python3.12/site-packages/airflow/example_dags/example_complex.py
[2024-09-13T14:37:07.541+0000] {processor.py:925} INFO - DAG(s) 'example_complex' retrieved from /home/airflow/.local/lib/python3.12/site-packages/airflow/example_dags/example_complex.py
[2024-09-13T14:37:07.580+0000] {logging_mixin.py:190} INFO - [2024-09-13T14:37:07.580+0000] {dag.py:3229} INFO - Sync 1 DAGs
[2024-09-13T14:37:07.595+0000] {logging_mixin.py:190} INFO - [2024-09-13T14:37:07.595+0000] {dag.py:4156} INFO - Setting next_dagrun for example_complex to None, run_after=None
[2024-09-13T14:37:07.615+0000] {processor.py:208} INFO - Processing /home/airflow/.local/lib/python3.12/site-packages/airflow/example_dags/example_complex.py took 0.092 seconds
[2024-09-13T14:37:38.460+0000] {processor.py:186} INFO - Started process (PID=454) to work on /home/airflow/.local/lib/python3.12/site-packages/airflow/example_dags/example_complex.py
[2024-09-13T14:37:38.461+0000] {processor.py:914} INFO - Processing file /home/airflow/.local/lib/python3.12/site-packages/airflow/example_dags/example_complex.py for tasks to queue
[2024-09-13T14:37:38.463+0000] {logging_mixin.py:190} INFO - [2024-09-13T14:37:38.463+0000] {dagbag.py:587} INFO - Filling up the DagBag from /home/airflow/.local/lib/python3.12/site-packages/airflow/example_dags/example_complex.py
[2024-09-13T14:37:38.473+0000] {processor.py:925} INFO - DAG(s) 'example_complex' retrieved from /home/airflow/.local/lib/python3.12/site-packages/airflow/example_dags/example_complex.py
[2024-09-13T14:37:38.500+0000] {logging_mixin.py:190} INFO - [2024-09-13T14:37:38.500+0000] {dag.py:3229} INFO - Sync 1 DAGs
[2024-09-13T14:37:38.514+0000] {logging_mixin.py:190} INFO - [2024-09-13T14:37:38.513+0000] {dag.py:4156} INFO - Setting next_dagrun for example_complex to None, run_after=None
[2024-09-13T14:37:38.530+0000] {processor.py:208} INFO - Processing /home/airflow/.local/lib/python3.12/site-packages/airflow/example_dags/example_complex.py took 0.075 seconds
[2024-09-13T14:38:08.827+0000] {processor.py:186} INFO - Started process (PID=516) to work on /home/airflow/.local/lib/python3.12/site-packages/airflow/example_dags/example_complex.py
[2024-09-13T14:38:08.828+0000] {processor.py:914} INFO - Processing file /home/airflow/.local/lib/python3.12/site-packages/airflow/example_dags/example_complex.py for tasks to queue
[2024-09-13T14:38:08.830+0000] {logging_mixin.py:190} INFO - [2024-09-13T14:38:08.830+0000] {dagbag.py:587} INFO - Filling up the DagBag from /home/airflow/.local/lib/python3.12/site-packages/airflow/example_dags/example_complex.py
[2024-09-13T14:38:08.840+0000] {processor.py:925} INFO - DAG(s) 'example_complex' retrieved from /home/airflow/.local/lib/python3.12/site-packages/airflow/example_dags/example_complex.py
[2024-09-13T14:38:08.868+0000] {logging_mixin.py:190} INFO - [2024-09-13T14:38:08.868+0000] {dag.py:3229} INFO - Sync 1 DAGs
[2024-09-13T14:38:08.881+0000] {logging_mixin.py:190} INFO - [2024-09-13T14:38:08.880+0000] {dag.py:4156} INFO - Setting next_dagrun for example_complex to None, run_after=None
[2024-09-13T14:38:08.899+0000] {processor.py:208} INFO - Processing /home/airflow/.local/lib/python3.12/site-packages/airflow/example_dags/example_complex.py took 0.076 seconds
[2024-09-13T14:39:31.998+0000] {processor.py:186} INFO - Started process (PID=76) to work on /home/airflow/.local/lib/python3.12/site-packages/airflow/example_dags/example_complex.py
[2024-09-13T14:39:32.000+0000] {processor.py:914} INFO - Processing file /home/airflow/.local/lib/python3.12/site-packages/airflow/example_dags/example_complex.py for tasks to queue
[2024-09-13T14:39:32.002+0000] {logging_mixin.py:190} INFO - [2024-09-13T14:39:32.002+0000] {dagbag.py:587} INFO - Filling up the DagBag from /home/airflow/.local/lib/python3.12/site-packages/airflow/example_dags/example_complex.py
[2024-09-13T14:39:32.015+0000] {processor.py:925} INFO - DAG(s) 'example_complex' retrieved from /home/airflow/.local/lib/python3.12/site-packages/airflow/example_dags/example_complex.py
[2024-09-13T14:39:32.051+0000] {logging_mixin.py:190} INFO - [2024-09-13T14:39:32.051+0000] {dag.py:3229} INFO - Sync 1 DAGs
[2024-09-13T14:39:32.065+0000] {logging_mixin.py:190} INFO - [2024-09-13T14:39:32.065+0000] {dag.py:4156} INFO - Setting next_dagrun for example_complex to None, run_after=None
[2024-09-13T14:39:32.086+0000] {processor.py:208} INFO - Processing /home/airflow/.local/lib/python3.12/site-packages/airflow/example_dags/example_complex.py took 0.093 seconds
[2024-09-13T14:40:02.185+0000] {processor.py:186} INFO - Started process (PID=138) to work on /home/airflow/.local/lib/python3.12/site-packages/airflow/example_dags/example_complex.py
[2024-09-13T14:40:02.186+0000] {processor.py:914} INFO - Processing file /home/airflow/.local/lib/python3.12/site-packages/airflow/example_dags/example_complex.py for tasks to queue
[2024-09-13T14:40:02.187+0000] {logging_mixin.py:190} INFO - [2024-09-13T14:40:02.187+0000] {dagbag.py:587} INFO - Filling up the DagBag from /home/airflow/.local/lib/python3.12/site-packages/airflow/example_dags/example_complex.py
[2024-09-13T14:40:02.198+0000] {processor.py:925} INFO - DAG(s) 'example_complex' retrieved from /home/airflow/.local/lib/python3.12/site-packages/airflow/example_dags/example_complex.py
[2024-09-13T14:40:02.234+0000] {logging_mixin.py:190} INFO - [2024-09-13T14:40:02.234+0000] {dag.py:3229} INFO - Sync 1 DAGs
[2024-09-13T14:40:02.247+0000] {logging_mixin.py:190} INFO - [2024-09-13T14:40:02.247+0000] {dag.py:4156} INFO - Setting next_dagrun for example_complex to None, run_after=None
[2024-09-13T14:40:02.265+0000] {processor.py:208} INFO - Processing /home/airflow/.local/lib/python3.12/site-packages/airflow/example_dags/example_complex.py took 0.085 seconds
[2024-09-13T14:40:33.468+0000] {processor.py:186} INFO - Started process (PID=200) to work on /home/airflow/.local/lib/python3.12/site-packages/airflow/example_dags/example_complex.py
[2024-09-13T14:40:33.469+0000] {processor.py:914} INFO - Processing file /home/airflow/.local/lib/python3.12/site-packages/airflow/example_dags/example_complex.py for tasks to queue
[2024-09-13T14:40:33.471+0000] {logging_mixin.py:190} INFO - [2024-09-13T14:40:33.471+0000] {dagbag.py:587} INFO - Filling up the DagBag from /home/airflow/.local/lib/python3.12/site-packages/airflow/example_dags/example_complex.py
[2024-09-13T14:40:33.481+0000] {processor.py:925} INFO - DAG(s) 'example_complex' retrieved from /home/airflow/.local/lib/python3.12/site-packages/airflow/example_dags/example_complex.py
[2024-09-13T14:40:33.509+0000] {logging_mixin.py:190} INFO - [2024-09-13T14:40:33.509+0000] {dag.py:3229} INFO - Sync 1 DAGs
[2024-09-13T14:40:33.522+0000] {logging_mixin.py:190} INFO - [2024-09-13T14:40:33.522+0000] {dag.py:4156} INFO - Setting next_dagrun for example_complex to None, run_after=None
[2024-09-13T14:40:33.543+0000] {processor.py:208} INFO - Processing /home/airflow/.local/lib/python3.12/site-packages/airflow/example_dags/example_complex.py took 0.079 seconds
[2024-09-13T14:41:24.766+0000] {processor.py:186} INFO - Started process (PID=69) to work on /home/airflow/.local/lib/python3.12/site-packages/airflow/example_dags/example_complex.py
[2024-09-13T14:41:24.767+0000] {processor.py:914} INFO - Processing file /home/airflow/.local/lib/python3.12/site-packages/airflow/example_dags/example_complex.py for tasks to queue
[2024-09-13T14:41:24.769+0000] {logging_mixin.py:190} INFO - [2024-09-13T14:41:24.769+0000] {dagbag.py:587} INFO - Filling up the DagBag from /home/airflow/.local/lib/python3.12/site-packages/airflow/example_dags/example_complex.py
[2024-09-13T14:41:24.780+0000] {processor.py:925} INFO - DAG(s) 'example_complex' retrieved from /home/airflow/.local/lib/python3.12/site-packages/airflow/example_dags/example_complex.py
[2024-09-13T14:41:24.822+0000] {logging_mixin.py:190} INFO - [2024-09-13T14:41:24.822+0000] {dag.py:3229} INFO - Sync 1 DAGs
[2024-09-13T14:41:24.836+0000] {logging_mixin.py:190} INFO - [2024-09-13T14:41:24.836+0000] {dag.py:4156} INFO - Setting next_dagrun for example_complex to None, run_after=None
[2024-09-13T14:41:24.855+0000] {processor.py:208} INFO - Processing /home/airflow/.local/lib/python3.12/site-packages/airflow/example_dags/example_complex.py took 0.094 seconds
[2024-09-13T14:41:55.848+0000] {processor.py:186} INFO - Started process (PID=131) to work on /home/airflow/.local/lib/python3.12/site-packages/airflow/example_dags/example_complex.py
[2024-09-13T14:41:55.849+0000] {processor.py:914} INFO - Processing file /home/airflow/.local/lib/python3.12/site-packages/airflow/example_dags/example_complex.py for tasks to queue
[2024-09-13T14:41:55.851+0000] {logging_mixin.py:190} INFO - [2024-09-13T14:41:55.850+0000] {dagbag.py:587} INFO - Filling up the DagBag from /home/airflow/.local/lib/python3.12/site-packages/airflow/example_dags/example_complex.py
[2024-09-13T14:41:55.861+0000] {processor.py:925} INFO - DAG(s) 'example_complex' retrieved from /home/airflow/.local/lib/python3.12/site-packages/airflow/example_dags/example_complex.py
[2024-09-13T14:41:55.887+0000] {logging_mixin.py:190} INFO - [2024-09-13T14:41:55.887+0000] {dag.py:3229} INFO - Sync 1 DAGs
[2024-09-13T14:41:55.901+0000] {logging_mixin.py:190} INFO - [2024-09-13T14:41:55.900+0000] {dag.py:4156} INFO - Setting next_dagrun for example_complex to None, run_after=None
[2024-09-13T14:41:55.918+0000] {processor.py:208} INFO - Processing /home/airflow/.local/lib/python3.12/site-packages/airflow/example_dags/example_complex.py took 0.075 seconds
[2024-09-13T14:42:26.844+0000] {processor.py:186} INFO - Started process (PID=193) to work on /home/airflow/.local/lib/python3.12/site-packages/airflow/example_dags/example_complex.py
[2024-09-13T14:42:26.845+0000] {processor.py:914} INFO - Processing file /home/airflow/.local/lib/python3.12/site-packages/airflow/example_dags/example_complex.py for tasks to queue
[2024-09-13T14:42:26.847+0000] {logging_mixin.py:190} INFO - [2024-09-13T14:42:26.846+0000] {dagbag.py:587} INFO - Filling up the DagBag from /home/airflow/.local/lib/python3.12/site-packages/airflow/example_dags/example_complex.py
[2024-09-13T14:42:26.857+0000] {processor.py:925} INFO - DAG(s) 'example_complex' retrieved from /home/airflow/.local/lib/python3.12/site-packages/airflow/example_dags/example_complex.py
[2024-09-13T14:42:26.889+0000] {logging_mixin.py:190} INFO - [2024-09-13T14:42:26.889+0000] {dag.py:3229} INFO - Sync 1 DAGs
[2024-09-13T14:42:26.902+0000] {logging_mixin.py:190} INFO - [2024-09-13T14:42:26.901+0000] {dag.py:4156} INFO - Setting next_dagrun for example_complex to None, run_after=None
[2024-09-13T14:42:26.919+0000] {processor.py:208} INFO - Processing /home/airflow/.local/lib/python3.12/site-packages/airflow/example_dags/example_complex.py took 0.080 seconds
[2024-09-13T14:42:57.953+0000] {processor.py:186} INFO - Started process (PID=255) to work on /home/airflow/.local/lib/python3.12/site-packages/airflow/example_dags/example_complex.py
[2024-09-13T14:42:57.955+0000] {processor.py:914} INFO - Processing file /home/airflow/.local/lib/python3.12/site-packages/airflow/example_dags/example_complex.py for tasks to queue
[2024-09-13T14:42:57.958+0000] {logging_mixin.py:190} INFO - [2024-09-13T14:42:57.957+0000] {dagbag.py:587} INFO - Filling up the DagBag from /home/airflow/.local/lib/python3.12/site-packages/airflow/example_dags/example_complex.py
[2024-09-13T14:42:57.971+0000] {processor.py:925} INFO - DAG(s) 'example_complex' retrieved from /home/airflow/.local/lib/python3.12/site-packages/airflow/example_dags/example_complex.py
[2024-09-13T14:42:58.003+0000] {logging_mixin.py:190} INFO - [2024-09-13T14:42:58.003+0000] {dag.py:3229} INFO - Sync 1 DAGs
[2024-09-13T14:42:58.016+0000] {logging_mixin.py:190} INFO - [2024-09-13T14:42:58.016+0000] {dag.py:4156} INFO - Setting next_dagrun for example_complex to None, run_after=None
[2024-09-13T14:42:58.036+0000] {processor.py:208} INFO - Processing /home/airflow/.local/lib/python3.12/site-packages/airflow/example_dags/example_complex.py took 0.088 seconds
