[2024-09-13T14:34:37.954+0000] {processor.py:186} INFO - Started process (PID=101) to work on /home/airflow/.local/lib/python3.12/site-packages/airflow/example_dags/example_branch_labels.py
[2024-09-13T14:34:37.955+0000] {processor.py:914} INFO - Processing file /home/airflow/.local/lib/python3.12/site-packages/airflow/example_dags/example_branch_labels.py for tasks to queue
[2024-09-13T14:34:37.956+0000] {logging_mixin.py:190} INFO - [2024-09-13T14:34:37.956+0000] {dagbag.py:587} INFO - Filling up the DagBag from /home/airflow/.local/lib/python3.12/site-packages/airflow/example_dags/example_branch_labels.py
[2024-09-13T14:34:37.966+0000] {processor.py:925} INFO - DAG(s) 'example_branch_labels' retrieved from /home/airflow/.local/lib/python3.12/site-packages/airflow/example_dags/example_branch_labels.py
[2024-09-13T14:34:38.065+0000] {logging_mixin.py:190} INFO - [2024-09-13T14:34:38.065+0000] {override.py:1900} INFO - Created Permission View: can read on DAG:example_branch_labels
[2024-09-13T14:34:38.075+0000] {logging_mixin.py:190} INFO - [2024-09-13T14:34:38.075+0000] {override.py:1900} INFO - Created Permission View: can delete on DAG:example_branch_labels
[2024-09-13T14:34:38.082+0000] {logging_mixin.py:190} INFO - [2024-09-13T14:34:38.081+0000] {override.py:1900} INFO - Created Permission View: can edit on DAG:example_branch_labels
[2024-09-13T14:34:38.089+0000] {logging_mixin.py:190} INFO - [2024-09-13T14:34:38.089+0000] {override.py:1900} INFO - Created Permission View: can create on DAG Run:example_branch_labels
[2024-09-13T14:34:38.096+0000] {logging_mixin.py:190} INFO - [2024-09-13T14:34:38.096+0000] {override.py:1900} INFO - Created Permission View: menu access on DAG Run:example_branch_labels
[2024-09-13T14:34:38.104+0000] {logging_mixin.py:190} INFO - [2024-09-13T14:34:38.103+0000] {override.py:1900} INFO - Created Permission View: can read on DAG Run:example_branch_labels
[2024-09-13T14:34:38.110+0000] {logging_mixin.py:190} INFO - [2024-09-13T14:34:38.110+0000] {override.py:1900} INFO - Created Permission View: can delete on DAG Run:example_branch_labels
[2024-09-13T14:34:38.110+0000] {logging_mixin.py:190} INFO - [2024-09-13T14:34:38.110+0000] {dag.py:3229} INFO - Sync 1 DAGs
[2024-09-13T14:34:38.121+0000] {logging_mixin.py:190} INFO - [2024-09-13T14:34:38.120+0000] {dag.py:3252} INFO - Creating ORM DAG for example_branch_labels
[2024-09-13T14:34:38.131+0000] {logging_mixin.py:190} INFO - [2024-09-13T14:34:38.131+0000] {dag.py:4156} INFO - Setting next_dagrun for example_branch_labels to 2024-09-12 00:00:00+00:00, run_after=2024-09-13 00:00:00+00:00
[2024-09-13T14:34:38.144+0000] {processor.py:208} INFO - Processing /home/airflow/.local/lib/python3.12/site-packages/airflow/example_dags/example_branch_labels.py took 0.195 seconds
[2024-09-13T14:35:08.220+0000] {processor.py:186} INFO - Started process (PID=163) to work on /home/airflow/.local/lib/python3.12/site-packages/airflow/example_dags/example_branch_labels.py
[2024-09-13T14:35:08.221+0000] {processor.py:914} INFO - Processing file /home/airflow/.local/lib/python3.12/site-packages/airflow/example_dags/example_branch_labels.py for tasks to queue
[2024-09-13T14:35:08.223+0000] {logging_mixin.py:190} INFO - [2024-09-13T14:35:08.223+0000] {dagbag.py:587} INFO - Filling up the DagBag from /home/airflow/.local/lib/python3.12/site-packages/airflow/example_dags/example_branch_labels.py
[2024-09-13T14:35:08.234+0000] {processor.py:925} INFO - DAG(s) 'example_branch_labels' retrieved from /home/airflow/.local/lib/python3.12/site-packages/airflow/example_dags/example_branch_labels.py
[2024-09-13T14:35:08.260+0000] {logging_mixin.py:190} INFO - [2024-09-13T14:35:08.260+0000] {dag.py:3229} INFO - Sync 1 DAGs
[2024-09-13T14:35:08.288+0000] {logging_mixin.py:190} INFO - [2024-09-13T14:35:08.287+0000] {dag.py:4156} INFO - Setting next_dagrun for example_branch_labels to 2024-09-12 00:00:00+00:00, run_after=2024-09-13 00:00:00+00:00
[2024-09-13T14:35:08.310+0000] {processor.py:208} INFO - Processing /home/airflow/.local/lib/python3.12/site-packages/airflow/example_dags/example_branch_labels.py took 0.096 seconds
[2024-09-13T14:35:38.528+0000] {processor.py:186} INFO - Started process (PID=225) to work on /home/airflow/.local/lib/python3.12/site-packages/airflow/example_dags/example_branch_labels.py
[2024-09-13T14:35:38.528+0000] {processor.py:914} INFO - Processing file /home/airflow/.local/lib/python3.12/site-packages/airflow/example_dags/example_branch_labels.py for tasks to queue
[2024-09-13T14:35:38.530+0000] {logging_mixin.py:190} INFO - [2024-09-13T14:35:38.530+0000] {dagbag.py:587} INFO - Filling up the DagBag from /home/airflow/.local/lib/python3.12/site-packages/airflow/example_dags/example_branch_labels.py
[2024-09-13T14:35:38.539+0000] {processor.py:925} INFO - DAG(s) 'example_branch_labels' retrieved from /home/airflow/.local/lib/python3.12/site-packages/airflow/example_dags/example_branch_labels.py
[2024-09-13T14:35:38.559+0000] {logging_mixin.py:190} INFO - [2024-09-13T14:35:38.559+0000] {dag.py:3229} INFO - Sync 1 DAGs
[2024-09-13T14:35:38.579+0000] {logging_mixin.py:190} INFO - [2024-09-13T14:35:38.579+0000] {dag.py:4156} INFO - Setting next_dagrun for example_branch_labels to 2024-09-12 00:00:00+00:00, run_after=2024-09-13 00:00:00+00:00
[2024-09-13T14:35:38.595+0000] {processor.py:208} INFO - Processing /home/airflow/.local/lib/python3.12/site-packages/airflow/example_dags/example_branch_labels.py took 0.072 seconds
[2024-09-13T14:36:08.841+0000] {processor.py:186} INFO - Started process (PID=287) to work on /home/airflow/.local/lib/python3.12/site-packages/airflow/example_dags/example_branch_labels.py
[2024-09-13T14:36:08.842+0000] {processor.py:914} INFO - Processing file /home/airflow/.local/lib/python3.12/site-packages/airflow/example_dags/example_branch_labels.py for tasks to queue
[2024-09-13T14:36:08.844+0000] {logging_mixin.py:190} INFO - [2024-09-13T14:36:08.844+0000] {dagbag.py:587} INFO - Filling up the DagBag from /home/airflow/.local/lib/python3.12/site-packages/airflow/example_dags/example_branch_labels.py
[2024-09-13T14:36:08.853+0000] {processor.py:925} INFO - DAG(s) 'example_branch_labels' retrieved from /home/airflow/.local/lib/python3.12/site-packages/airflow/example_dags/example_branch_labels.py
[2024-09-13T14:36:08.872+0000] {logging_mixin.py:190} INFO - [2024-09-13T14:36:08.871+0000] {dag.py:3229} INFO - Sync 1 DAGs
[2024-09-13T14:36:08.891+0000] {logging_mixin.py:190} INFO - [2024-09-13T14:36:08.891+0000] {dag.py:4156} INFO - Setting next_dagrun for example_branch_labels to 2024-09-12 00:00:00+00:00, run_after=2024-09-13 00:00:00+00:00
[2024-09-13T14:36:08.906+0000] {processor.py:208} INFO - Processing /home/airflow/.local/lib/python3.12/site-packages/airflow/example_dags/example_branch_labels.py took 0.070 seconds
[2024-09-13T14:36:40.100+0000] {processor.py:186} INFO - Started process (PID=349) to work on /home/airflow/.local/lib/python3.12/site-packages/airflow/example_dags/example_branch_labels.py
[2024-09-13T14:36:40.100+0000] {processor.py:914} INFO - Processing file /home/airflow/.local/lib/python3.12/site-packages/airflow/example_dags/example_branch_labels.py for tasks to queue
[2024-09-13T14:36:40.103+0000] {logging_mixin.py:190} INFO - [2024-09-13T14:36:40.102+0000] {dagbag.py:587} INFO - Filling up the DagBag from /home/airflow/.local/lib/python3.12/site-packages/airflow/example_dags/example_branch_labels.py
[2024-09-13T14:36:40.111+0000] {processor.py:925} INFO - DAG(s) 'example_branch_labels' retrieved from /home/airflow/.local/lib/python3.12/site-packages/airflow/example_dags/example_branch_labels.py
[2024-09-13T14:36:40.132+0000] {logging_mixin.py:190} INFO - [2024-09-13T14:36:40.132+0000] {dag.py:3229} INFO - Sync 1 DAGs
[2024-09-13T14:36:40.154+0000] {logging_mixin.py:190} INFO - [2024-09-13T14:36:40.154+0000] {dag.py:4156} INFO - Setting next_dagrun for example_branch_labels to 2024-09-12 00:00:00+00:00, run_after=2024-09-13 00:00:00+00:00
[2024-09-13T14:36:40.172+0000] {processor.py:208} INFO - Processing /home/airflow/.local/lib/python3.12/site-packages/airflow/example_dags/example_branch_labels.py took 0.078 seconds
[2024-09-13T14:37:10.820+0000] {processor.py:186} INFO - Started process (PID=411) to work on /home/airflow/.local/lib/python3.12/site-packages/airflow/example_dags/example_branch_labels.py
[2024-09-13T14:37:10.821+0000] {processor.py:914} INFO - Processing file /home/airflow/.local/lib/python3.12/site-packages/airflow/example_dags/example_branch_labels.py for tasks to queue
[2024-09-13T14:37:10.823+0000] {logging_mixin.py:190} INFO - [2024-09-13T14:37:10.822+0000] {dagbag.py:587} INFO - Filling up the DagBag from /home/airflow/.local/lib/python3.12/site-packages/airflow/example_dags/example_branch_labels.py
[2024-09-13T14:37:10.832+0000] {processor.py:925} INFO - DAG(s) 'example_branch_labels' retrieved from /home/airflow/.local/lib/python3.12/site-packages/airflow/example_dags/example_branch_labels.py
[2024-09-13T14:37:10.851+0000] {logging_mixin.py:190} INFO - [2024-09-13T14:37:10.851+0000] {dag.py:3229} INFO - Sync 1 DAGs
[2024-09-13T14:37:10.875+0000] {logging_mixin.py:190} INFO - [2024-09-13T14:37:10.875+0000] {dag.py:4156} INFO - Setting next_dagrun for example_branch_labels to 2024-09-12 00:00:00+00:00, run_after=2024-09-13 00:00:00+00:00
[2024-09-13T14:37:10.895+0000] {processor.py:208} INFO - Processing /home/airflow/.local/lib/python3.12/site-packages/airflow/example_dags/example_branch_labels.py took 0.081 seconds
[2024-09-13T14:37:41.949+0000] {processor.py:186} INFO - Started process (PID=473) to work on /home/airflow/.local/lib/python3.12/site-packages/airflow/example_dags/example_branch_labels.py
[2024-09-13T14:37:41.950+0000] {processor.py:914} INFO - Processing file /home/airflow/.local/lib/python3.12/site-packages/airflow/example_dags/example_branch_labels.py for tasks to queue
[2024-09-13T14:37:41.954+0000] {logging_mixin.py:190} INFO - [2024-09-13T14:37:41.953+0000] {dagbag.py:587} INFO - Filling up the DagBag from /home/airflow/.local/lib/python3.12/site-packages/airflow/example_dags/example_branch_labels.py
[2024-09-13T14:37:41.968+0000] {processor.py:925} INFO - DAG(s) 'example_branch_labels' retrieved from /home/airflow/.local/lib/python3.12/site-packages/airflow/example_dags/example_branch_labels.py
[2024-09-13T14:37:42.004+0000] {logging_mixin.py:190} INFO - [2024-09-13T14:37:42.003+0000] {dag.py:3229} INFO - Sync 1 DAGs
[2024-09-13T14:37:42.039+0000] {logging_mixin.py:190} INFO - [2024-09-13T14:37:42.039+0000] {dag.py:4156} INFO - Setting next_dagrun for example_branch_labels to 2024-09-12 00:00:00+00:00, run_after=2024-09-13 00:00:00+00:00
[2024-09-13T14:37:42.061+0000] {processor.py:208} INFO - Processing /home/airflow/.local/lib/python3.12/site-packages/airflow/example_dags/example_branch_labels.py took 0.121 seconds
[2024-09-13T14:38:12.412+0000] {processor.py:186} INFO - Started process (PID=535) to work on /home/airflow/.local/lib/python3.12/site-packages/airflow/example_dags/example_branch_labels.py
[2024-09-13T14:38:12.412+0000] {processor.py:914} INFO - Processing file /home/airflow/.local/lib/python3.12/site-packages/airflow/example_dags/example_branch_labels.py for tasks to queue
[2024-09-13T14:38:12.415+0000] {logging_mixin.py:190} INFO - [2024-09-13T14:38:12.414+0000] {dagbag.py:587} INFO - Filling up the DagBag from /home/airflow/.local/lib/python3.12/site-packages/airflow/example_dags/example_branch_labels.py
[2024-09-13T14:38:12.424+0000] {processor.py:925} INFO - DAG(s) 'example_branch_labels' retrieved from /home/airflow/.local/lib/python3.12/site-packages/airflow/example_dags/example_branch_labels.py
[2024-09-13T14:38:12.444+0000] {logging_mixin.py:190} INFO - [2024-09-13T14:38:12.444+0000] {dag.py:3229} INFO - Sync 1 DAGs
[2024-09-13T14:38:12.466+0000] {logging_mixin.py:190} INFO - [2024-09-13T14:38:12.466+0000] {dag.py:4156} INFO - Setting next_dagrun for example_branch_labels to 2024-09-12 00:00:00+00:00, run_after=2024-09-13 00:00:00+00:00
[2024-09-13T14:38:12.483+0000] {processor.py:208} INFO - Processing /home/airflow/.local/lib/python3.12/site-packages/airflow/example_dags/example_branch_labels.py took 0.076 seconds
[2024-09-13T14:39:33.519+0000] {processor.py:186} INFO - Started process (PID=95) to work on /home/airflow/.local/lib/python3.12/site-packages/airflow/example_dags/example_branch_labels.py
[2024-09-13T14:39:33.521+0000] {processor.py:914} INFO - Processing file /home/airflow/.local/lib/python3.12/site-packages/airflow/example_dags/example_branch_labels.py for tasks to queue
[2024-09-13T14:39:33.523+0000] {logging_mixin.py:190} INFO - [2024-09-13T14:39:33.522+0000] {dagbag.py:587} INFO - Filling up the DagBag from /home/airflow/.local/lib/python3.12/site-packages/airflow/example_dags/example_branch_labels.py
[2024-09-13T14:39:33.535+0000] {processor.py:925} INFO - DAG(s) 'example_branch_labels' retrieved from /home/airflow/.local/lib/python3.12/site-packages/airflow/example_dags/example_branch_labels.py
[2024-09-13T14:39:33.564+0000] {logging_mixin.py:190} INFO - [2024-09-13T14:39:33.564+0000] {dag.py:3229} INFO - Sync 1 DAGs
[2024-09-13T14:39:33.588+0000] {logging_mixin.py:190} INFO - [2024-09-13T14:39:33.588+0000] {dag.py:4156} INFO - Setting next_dagrun for example_branch_labels to 2024-09-12 00:00:00+00:00, run_after=2024-09-13 00:00:00+00:00
[2024-09-13T14:39:33.611+0000] {processor.py:208} INFO - Processing /home/airflow/.local/lib/python3.12/site-packages/airflow/example_dags/example_branch_labels.py took 0.097 seconds
[2024-09-13T14:40:04.451+0000] {processor.py:186} INFO - Started process (PID=157) to work on /home/airflow/.local/lib/python3.12/site-packages/airflow/example_dags/example_branch_labels.py
[2024-09-13T14:40:04.452+0000] {processor.py:914} INFO - Processing file /home/airflow/.local/lib/python3.12/site-packages/airflow/example_dags/example_branch_labels.py for tasks to queue
[2024-09-13T14:40:04.454+0000] {logging_mixin.py:190} INFO - [2024-09-13T14:40:04.454+0000] {dagbag.py:587} INFO - Filling up the DagBag from /home/airflow/.local/lib/python3.12/site-packages/airflow/example_dags/example_branch_labels.py
[2024-09-13T14:40:04.464+0000] {processor.py:925} INFO - DAG(s) 'example_branch_labels' retrieved from /home/airflow/.local/lib/python3.12/site-packages/airflow/example_dags/example_branch_labels.py
[2024-09-13T14:40:04.486+0000] {logging_mixin.py:190} INFO - [2024-09-13T14:40:04.486+0000] {dag.py:3229} INFO - Sync 1 DAGs
[2024-09-13T14:40:04.509+0000] {logging_mixin.py:190} INFO - [2024-09-13T14:40:04.509+0000] {dag.py:4156} INFO - Setting next_dagrun for example_branch_labels to 2024-09-12 00:00:00+00:00, run_after=2024-09-13 00:00:00+00:00
[2024-09-13T14:40:04.530+0000] {processor.py:208} INFO - Processing /home/airflow/.local/lib/python3.12/site-packages/airflow/example_dags/example_branch_labels.py took 0.084 seconds
[2024-09-13T14:40:34.793+0000] {processor.py:186} INFO - Started process (PID=219) to work on /home/airflow/.local/lib/python3.12/site-packages/airflow/example_dags/example_branch_labels.py
[2024-09-13T14:40:34.794+0000] {processor.py:914} INFO - Processing file /home/airflow/.local/lib/python3.12/site-packages/airflow/example_dags/example_branch_labels.py for tasks to queue
[2024-09-13T14:40:34.796+0000] {logging_mixin.py:190} INFO - [2024-09-13T14:40:34.796+0000] {dagbag.py:587} INFO - Filling up the DagBag from /home/airflow/.local/lib/python3.12/site-packages/airflow/example_dags/example_branch_labels.py
[2024-09-13T14:40:34.805+0000] {processor.py:925} INFO - DAG(s) 'example_branch_labels' retrieved from /home/airflow/.local/lib/python3.12/site-packages/airflow/example_dags/example_branch_labels.py
[2024-09-13T14:40:34.828+0000] {logging_mixin.py:190} INFO - [2024-09-13T14:40:34.828+0000] {dag.py:3229} INFO - Sync 1 DAGs
[2024-09-13T14:40:34.852+0000] {logging_mixin.py:190} INFO - [2024-09-13T14:40:34.852+0000] {dag.py:4156} INFO - Setting next_dagrun for example_branch_labels to 2024-09-12 00:00:00+00:00, run_after=2024-09-13 00:00:00+00:00
[2024-09-13T14:40:34.870+0000] {processor.py:208} INFO - Processing /home/airflow/.local/lib/python3.12/site-packages/airflow/example_dags/example_branch_labels.py took 0.082 seconds
[2024-09-13T14:41:26.233+0000] {processor.py:186} INFO - Started process (PID=88) to work on /home/airflow/.local/lib/python3.12/site-packages/airflow/example_dags/example_branch_labels.py
[2024-09-13T14:41:26.234+0000] {processor.py:914} INFO - Processing file /home/airflow/.local/lib/python3.12/site-packages/airflow/example_dags/example_branch_labels.py for tasks to queue
[2024-09-13T14:41:26.236+0000] {logging_mixin.py:190} INFO - [2024-09-13T14:41:26.235+0000] {dagbag.py:587} INFO - Filling up the DagBag from /home/airflow/.local/lib/python3.12/site-packages/airflow/example_dags/example_branch_labels.py
[2024-09-13T14:41:26.246+0000] {processor.py:925} INFO - DAG(s) 'example_branch_labels' retrieved from /home/airflow/.local/lib/python3.12/site-packages/airflow/example_dags/example_branch_labels.py
[2024-09-13T14:41:26.278+0000] {logging_mixin.py:190} INFO - [2024-09-13T14:41:26.278+0000] {dag.py:3229} INFO - Sync 1 DAGs
[2024-09-13T14:41:26.304+0000] {logging_mixin.py:190} INFO - [2024-09-13T14:41:26.303+0000] {dag.py:4156} INFO - Setting next_dagrun for example_branch_labels to 2024-09-12 00:00:00+00:00, run_after=2024-09-13 00:00:00+00:00
[2024-09-13T14:41:26.325+0000] {processor.py:208} INFO - Processing /home/airflow/.local/lib/python3.12/site-packages/airflow/example_dags/example_branch_labels.py took 0.097 seconds
[2024-09-13T14:41:57.212+0000] {processor.py:186} INFO - Started process (PID=150) to work on /home/airflow/.local/lib/python3.12/site-packages/airflow/example_dags/example_branch_labels.py
[2024-09-13T14:41:57.213+0000] {processor.py:914} INFO - Processing file /home/airflow/.local/lib/python3.12/site-packages/airflow/example_dags/example_branch_labels.py for tasks to queue
[2024-09-13T14:41:57.215+0000] {logging_mixin.py:190} INFO - [2024-09-13T14:41:57.214+0000] {dagbag.py:587} INFO - Filling up the DagBag from /home/airflow/.local/lib/python3.12/site-packages/airflow/example_dags/example_branch_labels.py
[2024-09-13T14:41:57.223+0000] {processor.py:925} INFO - DAG(s) 'example_branch_labels' retrieved from /home/airflow/.local/lib/python3.12/site-packages/airflow/example_dags/example_branch_labels.py
[2024-09-13T14:41:57.243+0000] {logging_mixin.py:190} INFO - [2024-09-13T14:41:57.243+0000] {dag.py:3229} INFO - Sync 1 DAGs
[2024-09-13T14:41:57.264+0000] {logging_mixin.py:190} INFO - [2024-09-13T14:41:57.264+0000] {dag.py:4156} INFO - Setting next_dagrun for example_branch_labels to 2024-09-12 00:00:00+00:00, run_after=2024-09-13 00:00:00+00:00
[2024-09-13T14:41:57.282+0000] {processor.py:208} INFO - Processing /home/airflow/.local/lib/python3.12/site-packages/airflow/example_dags/example_branch_labels.py took 0.076 seconds
[2024-09-13T14:42:28.237+0000] {processor.py:186} INFO - Started process (PID=212) to work on /home/airflow/.local/lib/python3.12/site-packages/airflow/example_dags/example_branch_labels.py
[2024-09-13T14:42:28.238+0000] {processor.py:914} INFO - Processing file /home/airflow/.local/lib/python3.12/site-packages/airflow/example_dags/example_branch_labels.py for tasks to queue
[2024-09-13T14:42:28.240+0000] {logging_mixin.py:190} INFO - [2024-09-13T14:42:28.239+0000] {dagbag.py:587} INFO - Filling up the DagBag from /home/airflow/.local/lib/python3.12/site-packages/airflow/example_dags/example_branch_labels.py
[2024-09-13T14:42:28.248+0000] {processor.py:925} INFO - DAG(s) 'example_branch_labels' retrieved from /home/airflow/.local/lib/python3.12/site-packages/airflow/example_dags/example_branch_labels.py
[2024-09-13T14:42:28.268+0000] {logging_mixin.py:190} INFO - [2024-09-13T14:42:28.268+0000] {dag.py:3229} INFO - Sync 1 DAGs
[2024-09-13T14:42:28.290+0000] {logging_mixin.py:190} INFO - [2024-09-13T14:42:28.290+0000] {dag.py:4156} INFO - Setting next_dagrun for example_branch_labels to 2024-09-12 00:00:00+00:00, run_after=2024-09-13 00:00:00+00:00
[2024-09-13T14:42:28.307+0000] {processor.py:208} INFO - Processing /home/airflow/.local/lib/python3.12/site-packages/airflow/example_dags/example_branch_labels.py took 0.075 seconds
[2024-09-13T14:42:59.293+0000] {processor.py:186} INFO - Started process (PID=274) to work on /home/airflow/.local/lib/python3.12/site-packages/airflow/example_dags/example_branch_labels.py
[2024-09-13T14:42:59.294+0000] {processor.py:914} INFO - Processing file /home/airflow/.local/lib/python3.12/site-packages/airflow/example_dags/example_branch_labels.py for tasks to queue
[2024-09-13T14:42:59.296+0000] {logging_mixin.py:190} INFO - [2024-09-13T14:42:59.295+0000] {dagbag.py:587} INFO - Filling up the DagBag from /home/airflow/.local/lib/python3.12/site-packages/airflow/example_dags/example_branch_labels.py
[2024-09-13T14:42:59.304+0000] {processor.py:925} INFO - DAG(s) 'example_branch_labels' retrieved from /home/airflow/.local/lib/python3.12/site-packages/airflow/example_dags/example_branch_labels.py
[2024-09-13T14:42:59.325+0000] {logging_mixin.py:190} INFO - [2024-09-13T14:42:59.324+0000] {dag.py:3229} INFO - Sync 1 DAGs
[2024-09-13T14:42:59.346+0000] {logging_mixin.py:190} INFO - [2024-09-13T14:42:59.346+0000] {dag.py:4156} INFO - Setting next_dagrun for example_branch_labels to 2024-09-12 00:00:00+00:00, run_after=2024-09-13 00:00:00+00:00
[2024-09-13T14:42:59.368+0000] {processor.py:208} INFO - Processing /home/airflow/.local/lib/python3.12/site-packages/airflow/example_dags/example_branch_labels.py took 0.080 seconds
