[2024-09-13T14:34:32.066+0000] {processor.py:186} INFO - Started process (PID=62) to work on /home/airflow/.local/lib/python3.12/site-packages/airflow/example_dags/example_short_circuit_operator.py
[2024-09-13T14:34:32.067+0000] {processor.py:914} INFO - Processing file /home/airflow/.local/lib/python3.12/site-packages/airflow/example_dags/example_short_circuit_operator.py for tasks to queue
[2024-09-13T14:34:32.069+0000] {logging_mixin.py:190} INFO - [2024-09-13T14:34:32.069+0000] {dagbag.py:587} INFO - Filling up the DagBag from /home/airflow/.local/lib/python3.12/site-packages/airflow/example_dags/example_short_circuit_operator.py
[2024-09-13T14:34:32.080+0000] {processor.py:925} INFO - DAG(s) 'example_short_circuit_operator' retrieved from /home/airflow/.local/lib/python3.12/site-packages/airflow/example_dags/example_short_circuit_operator.py
[2024-09-13T14:34:32.224+0000] {logging_mixin.py:190} INFO - [2024-09-13T14:34:32.223+0000] {override.py:1900} INFO - Created Permission View: can read on DAG:example_short_circuit_operator
[2024-09-13T14:34:32.240+0000] {logging_mixin.py:190} INFO - [2024-09-13T14:34:32.239+0000] {override.py:1900} INFO - Created Permission View: can delete on DAG:example_short_circuit_operator
[2024-09-13T14:34:32.252+0000] {logging_mixin.py:190} INFO - [2024-09-13T14:34:32.251+0000] {override.py:1900} INFO - Created Permission View: can edit on DAG:example_short_circuit_operator
[2024-09-13T14:34:32.262+0000] {logging_mixin.py:190} INFO - [2024-09-13T14:34:32.261+0000] {override.py:1900} INFO - Created Permission View: can create on DAG Run:example_short_circuit_operator
[2024-09-13T14:34:32.270+0000] {logging_mixin.py:190} INFO - [2024-09-13T14:34:32.270+0000] {override.py:1900} INFO - Created Permission View: menu access on DAG Run:example_short_circuit_operator
[2024-09-13T14:34:32.277+0000] {logging_mixin.py:190} INFO - [2024-09-13T14:34:32.277+0000] {override.py:1900} INFO - Created Permission View: can read on DAG Run:example_short_circuit_operator
[2024-09-13T14:34:32.287+0000] {logging_mixin.py:190} INFO - [2024-09-13T14:34:32.286+0000] {override.py:1900} INFO - Created Permission View: can delete on DAG Run:example_short_circuit_operator
[2024-09-13T14:34:32.288+0000] {logging_mixin.py:190} INFO - [2024-09-13T14:34:32.287+0000] {dag.py:3229} INFO - Sync 1 DAGs
[2024-09-13T14:34:32.303+0000] {logging_mixin.py:190} INFO - [2024-09-13T14:34:32.303+0000] {dag.py:3252} INFO - Creating ORM DAG for example_short_circuit_operator
[2024-09-13T14:34:32.304+0000] {logging_mixin.py:190} INFO - [2024-09-13T14:34:32.304+0000] {dag.py:4156} INFO - Setting next_dagrun for example_short_circuit_operator to None, run_after=None
[2024-09-13T14:34:32.328+0000] {processor.py:208} INFO - Processing /home/airflow/.local/lib/python3.12/site-packages/airflow/example_dags/example_short_circuit_operator.py took 0.269 seconds
[2024-09-13T14:35:02.543+0000] {processor.py:186} INFO - Started process (PID=124) to work on /home/airflow/.local/lib/python3.12/site-packages/airflow/example_dags/example_short_circuit_operator.py
[2024-09-13T14:35:02.544+0000] {processor.py:914} INFO - Processing file /home/airflow/.local/lib/python3.12/site-packages/airflow/example_dags/example_short_circuit_operator.py for tasks to queue
[2024-09-13T14:35:02.546+0000] {logging_mixin.py:190} INFO - [2024-09-13T14:35:02.546+0000] {dagbag.py:587} INFO - Filling up the DagBag from /home/airflow/.local/lib/python3.12/site-packages/airflow/example_dags/example_short_circuit_operator.py
[2024-09-13T14:35:02.554+0000] {processor.py:925} INFO - DAG(s) 'example_short_circuit_operator' retrieved from /home/airflow/.local/lib/python3.12/site-packages/airflow/example_dags/example_short_circuit_operator.py
[2024-09-13T14:35:02.576+0000] {logging_mixin.py:190} INFO - [2024-09-13T14:35:02.576+0000] {dag.py:3229} INFO - Sync 1 DAGs
[2024-09-13T14:35:02.588+0000] {logging_mixin.py:190} INFO - [2024-09-13T14:35:02.588+0000] {dag.py:4156} INFO - Setting next_dagrun for example_short_circuit_operator to None, run_after=None
[2024-09-13T14:35:02.603+0000] {processor.py:208} INFO - Processing /home/airflow/.local/lib/python3.12/site-packages/airflow/example_dags/example_short_circuit_operator.py took 0.066 seconds
[2024-09-13T14:35:32.788+0000] {processor.py:186} INFO - Started process (PID=186) to work on /home/airflow/.local/lib/python3.12/site-packages/airflow/example_dags/example_short_circuit_operator.py
[2024-09-13T14:35:32.790+0000] {processor.py:914} INFO - Processing file /home/airflow/.local/lib/python3.12/site-packages/airflow/example_dags/example_short_circuit_operator.py for tasks to queue
[2024-09-13T14:35:32.793+0000] {logging_mixin.py:190} INFO - [2024-09-13T14:35:32.793+0000] {dagbag.py:587} INFO - Filling up the DagBag from /home/airflow/.local/lib/python3.12/site-packages/airflow/example_dags/example_short_circuit_operator.py
[2024-09-13T14:35:32.807+0000] {processor.py:925} INFO - DAG(s) 'example_short_circuit_operator' retrieved from /home/airflow/.local/lib/python3.12/site-packages/airflow/example_dags/example_short_circuit_operator.py
[2024-09-13T14:35:32.832+0000] {logging_mixin.py:190} INFO - [2024-09-13T14:35:32.832+0000] {dag.py:3229} INFO - Sync 1 DAGs
[2024-09-13T14:35:32.846+0000] {logging_mixin.py:190} INFO - [2024-09-13T14:35:32.846+0000] {dag.py:4156} INFO - Setting next_dagrun for example_short_circuit_operator to None, run_after=None
[2024-09-13T14:35:32.867+0000] {processor.py:208} INFO - Processing /home/airflow/.local/lib/python3.12/site-packages/airflow/example_dags/example_short_circuit_operator.py took 0.090 seconds
[2024-09-13T14:36:03.395+0000] {processor.py:186} INFO - Started process (PID=248) to work on /home/airflow/.local/lib/python3.12/site-packages/airflow/example_dags/example_short_circuit_operator.py
[2024-09-13T14:36:03.396+0000] {processor.py:914} INFO - Processing file /home/airflow/.local/lib/python3.12/site-packages/airflow/example_dags/example_short_circuit_operator.py for tasks to queue
[2024-09-13T14:36:03.398+0000] {logging_mixin.py:190} INFO - [2024-09-13T14:36:03.397+0000] {dagbag.py:587} INFO - Filling up the DagBag from /home/airflow/.local/lib/python3.12/site-packages/airflow/example_dags/example_short_circuit_operator.py
[2024-09-13T14:36:03.405+0000] {processor.py:925} INFO - DAG(s) 'example_short_circuit_operator' retrieved from /home/airflow/.local/lib/python3.12/site-packages/airflow/example_dags/example_short_circuit_operator.py
[2024-09-13T14:36:03.428+0000] {logging_mixin.py:190} INFO - [2024-09-13T14:36:03.427+0000] {dag.py:3229} INFO - Sync 1 DAGs
[2024-09-13T14:36:03.441+0000] {logging_mixin.py:190} INFO - [2024-09-13T14:36:03.441+0000] {dag.py:4156} INFO - Setting next_dagrun for example_short_circuit_operator to None, run_after=None
[2024-09-13T14:36:03.458+0000] {processor.py:208} INFO - Processing /home/airflow/.local/lib/python3.12/site-packages/airflow/example_dags/example_short_circuit_operator.py took 0.068 seconds
[2024-09-13T14:36:33.576+0000] {processor.py:186} INFO - Started process (PID=310) to work on /home/airflow/.local/lib/python3.12/site-packages/airflow/example_dags/example_short_circuit_operator.py
[2024-09-13T14:36:33.577+0000] {processor.py:914} INFO - Processing file /home/airflow/.local/lib/python3.12/site-packages/airflow/example_dags/example_short_circuit_operator.py for tasks to queue
[2024-09-13T14:36:33.579+0000] {logging_mixin.py:190} INFO - [2024-09-13T14:36:33.579+0000] {dagbag.py:587} INFO - Filling up the DagBag from /home/airflow/.local/lib/python3.12/site-packages/airflow/example_dags/example_short_circuit_operator.py
[2024-09-13T14:36:33.587+0000] {processor.py:925} INFO - DAG(s) 'example_short_circuit_operator' retrieved from /home/airflow/.local/lib/python3.12/site-packages/airflow/example_dags/example_short_circuit_operator.py
[2024-09-13T14:36:33.612+0000] {logging_mixin.py:190} INFO - [2024-09-13T14:36:33.612+0000] {dag.py:3229} INFO - Sync 1 DAGs
[2024-09-13T14:36:33.628+0000] {logging_mixin.py:190} INFO - [2024-09-13T14:36:33.628+0000] {dag.py:4156} INFO - Setting next_dagrun for example_short_circuit_operator to None, run_after=None
[2024-09-13T14:36:33.651+0000] {processor.py:208} INFO - Processing /home/airflow/.local/lib/python3.12/site-packages/airflow/example_dags/example_short_circuit_operator.py took 0.079 seconds
[2024-09-13T14:37:04.574+0000] {processor.py:186} INFO - Started process (PID=372) to work on /home/airflow/.local/lib/python3.12/site-packages/airflow/example_dags/example_short_circuit_operator.py
[2024-09-13T14:37:04.575+0000] {processor.py:914} INFO - Processing file /home/airflow/.local/lib/python3.12/site-packages/airflow/example_dags/example_short_circuit_operator.py for tasks to queue
[2024-09-13T14:37:04.576+0000] {logging_mixin.py:190} INFO - [2024-09-13T14:37:04.576+0000] {dagbag.py:587} INFO - Filling up the DagBag from /home/airflow/.local/lib/python3.12/site-packages/airflow/example_dags/example_short_circuit_operator.py
[2024-09-13T14:37:04.584+0000] {processor.py:925} INFO - DAG(s) 'example_short_circuit_operator' retrieved from /home/airflow/.local/lib/python3.12/site-packages/airflow/example_dags/example_short_circuit_operator.py
[2024-09-13T14:37:04.606+0000] {logging_mixin.py:190} INFO - [2024-09-13T14:37:04.606+0000] {dag.py:3229} INFO - Sync 1 DAGs
[2024-09-13T14:37:04.619+0000] {logging_mixin.py:190} INFO - [2024-09-13T14:37:04.619+0000] {dag.py:4156} INFO - Setting next_dagrun for example_short_circuit_operator to None, run_after=None
[2024-09-13T14:37:04.635+0000] {processor.py:208} INFO - Processing /home/airflow/.local/lib/python3.12/site-packages/airflow/example_dags/example_short_circuit_operator.py took 0.067 seconds
[2024-09-13T14:37:35.426+0000] {processor.py:186} INFO - Started process (PID=434) to work on /home/airflow/.local/lib/python3.12/site-packages/airflow/example_dags/example_short_circuit_operator.py
[2024-09-13T14:37:35.427+0000] {processor.py:914} INFO - Processing file /home/airflow/.local/lib/python3.12/site-packages/airflow/example_dags/example_short_circuit_operator.py for tasks to queue
[2024-09-13T14:37:35.429+0000] {logging_mixin.py:190} INFO - [2024-09-13T14:37:35.429+0000] {dagbag.py:587} INFO - Filling up the DagBag from /home/airflow/.local/lib/python3.12/site-packages/airflow/example_dags/example_short_circuit_operator.py
[2024-09-13T14:37:35.436+0000] {processor.py:925} INFO - DAG(s) 'example_short_circuit_operator' retrieved from /home/airflow/.local/lib/python3.12/site-packages/airflow/example_dags/example_short_circuit_operator.py
[2024-09-13T14:37:35.460+0000] {logging_mixin.py:190} INFO - [2024-09-13T14:37:35.459+0000] {dag.py:3229} INFO - Sync 1 DAGs
[2024-09-13T14:37:35.473+0000] {logging_mixin.py:190} INFO - [2024-09-13T14:37:35.472+0000] {dag.py:4156} INFO - Setting next_dagrun for example_short_circuit_operator to None, run_after=None
[2024-09-13T14:37:35.491+0000] {processor.py:208} INFO - Processing /home/airflow/.local/lib/python3.12/site-packages/airflow/example_dags/example_short_circuit_operator.py took 0.070 seconds
[2024-09-13T14:38:05.956+0000] {processor.py:186} INFO - Started process (PID=496) to work on /home/airflow/.local/lib/python3.12/site-packages/airflow/example_dags/example_short_circuit_operator.py
[2024-09-13T14:38:05.957+0000] {processor.py:914} INFO - Processing file /home/airflow/.local/lib/python3.12/site-packages/airflow/example_dags/example_short_circuit_operator.py for tasks to queue
[2024-09-13T14:38:05.961+0000] {logging_mixin.py:190} INFO - [2024-09-13T14:38:05.960+0000] {dagbag.py:587} INFO - Filling up the DagBag from /home/airflow/.local/lib/python3.12/site-packages/airflow/example_dags/example_short_circuit_operator.py
[2024-09-13T14:38:05.972+0000] {processor.py:925} INFO - DAG(s) 'example_short_circuit_operator' retrieved from /home/airflow/.local/lib/python3.12/site-packages/airflow/example_dags/example_short_circuit_operator.py
[2024-09-13T14:38:05.995+0000] {logging_mixin.py:190} INFO - [2024-09-13T14:38:05.995+0000] {dag.py:3229} INFO - Sync 1 DAGs
[2024-09-13T14:38:06.007+0000] {logging_mixin.py:190} INFO - [2024-09-13T14:38:06.007+0000] {dag.py:4156} INFO - Setting next_dagrun for example_short_circuit_operator to None, run_after=None
[2024-09-13T14:38:06.023+0000] {processor.py:208} INFO - Processing /home/airflow/.local/lib/python3.12/site-packages/airflow/example_dags/example_short_circuit_operator.py took 0.073 seconds
[2024-09-13T14:39:30.583+0000] {processor.py:186} INFO - Started process (PID=62) to work on /home/airflow/.local/lib/python3.12/site-packages/airflow/example_dags/example_short_circuit_operator.py
[2024-09-13T14:39:30.584+0000] {processor.py:914} INFO - Processing file /home/airflow/.local/lib/python3.12/site-packages/airflow/example_dags/example_short_circuit_operator.py for tasks to queue
[2024-09-13T14:39:30.586+0000] {logging_mixin.py:190} INFO - [2024-09-13T14:39:30.586+0000] {dagbag.py:587} INFO - Filling up the DagBag from /home/airflow/.local/lib/python3.12/site-packages/airflow/example_dags/example_short_circuit_operator.py
[2024-09-13T14:39:30.598+0000] {processor.py:925} INFO - DAG(s) 'example_short_circuit_operator' retrieved from /home/airflow/.local/lib/python3.12/site-packages/airflow/example_dags/example_short_circuit_operator.py
[2024-09-13T14:39:30.626+0000] {logging_mixin.py:190} INFO - [2024-09-13T14:39:30.626+0000] {dag.py:3229} INFO - Sync 1 DAGs
[2024-09-13T14:39:30.639+0000] {logging_mixin.py:190} INFO - [2024-09-13T14:39:30.639+0000] {dag.py:4156} INFO - Setting next_dagrun for example_short_circuit_operator to None, run_after=None
[2024-09-13T14:39:30.656+0000] {processor.py:208} INFO - Processing /home/airflow/.local/lib/python3.12/site-packages/airflow/example_dags/example_short_circuit_operator.py took 0.079 seconds
[2024-09-13T14:40:01.174+0000] {processor.py:186} INFO - Started process (PID=124) to work on /home/airflow/.local/lib/python3.12/site-packages/airflow/example_dags/example_short_circuit_operator.py
[2024-09-13T14:40:01.175+0000] {processor.py:914} INFO - Processing file /home/airflow/.local/lib/python3.12/site-packages/airflow/example_dags/example_short_circuit_operator.py for tasks to queue
[2024-09-13T14:40:01.177+0000] {logging_mixin.py:190} INFO - [2024-09-13T14:40:01.177+0000] {dagbag.py:587} INFO - Filling up the DagBag from /home/airflow/.local/lib/python3.12/site-packages/airflow/example_dags/example_short_circuit_operator.py
[2024-09-13T14:40:01.186+0000] {processor.py:925} INFO - DAG(s) 'example_short_circuit_operator' retrieved from /home/airflow/.local/lib/python3.12/site-packages/airflow/example_dags/example_short_circuit_operator.py
[2024-09-13T14:40:01.209+0000] {logging_mixin.py:190} INFO - [2024-09-13T14:40:01.209+0000] {dag.py:3229} INFO - Sync 1 DAGs
[2024-09-13T14:40:01.222+0000] {logging_mixin.py:190} INFO - [2024-09-13T14:40:01.222+0000] {dag.py:4156} INFO - Setting next_dagrun for example_short_circuit_operator to None, run_after=None
[2024-09-13T14:40:01.239+0000] {processor.py:208} INFO - Processing /home/airflow/.local/lib/python3.12/site-packages/airflow/example_dags/example_short_circuit_operator.py took 0.071 seconds
[2024-09-13T14:40:32.171+0000] {processor.py:186} INFO - Started process (PID=186) to work on /home/airflow/.local/lib/python3.12/site-packages/airflow/example_dags/example_short_circuit_operator.py
[2024-09-13T14:40:32.172+0000] {processor.py:914} INFO - Processing file /home/airflow/.local/lib/python3.12/site-packages/airflow/example_dags/example_short_circuit_operator.py for tasks to queue
[2024-09-13T14:40:32.174+0000] {logging_mixin.py:190} INFO - [2024-09-13T14:40:32.174+0000] {dagbag.py:587} INFO - Filling up the DagBag from /home/airflow/.local/lib/python3.12/site-packages/airflow/example_dags/example_short_circuit_operator.py
[2024-09-13T14:40:32.182+0000] {processor.py:925} INFO - DAG(s) 'example_short_circuit_operator' retrieved from /home/airflow/.local/lib/python3.12/site-packages/airflow/example_dags/example_short_circuit_operator.py
[2024-09-13T14:40:32.203+0000] {logging_mixin.py:190} INFO - [2024-09-13T14:40:32.203+0000] {dag.py:3229} INFO - Sync 1 DAGs
[2024-09-13T14:40:32.215+0000] {logging_mixin.py:190} INFO - [2024-09-13T14:40:32.215+0000] {dag.py:4156} INFO - Setting next_dagrun for example_short_circuit_operator to None, run_after=None
[2024-09-13T14:40:32.232+0000] {processor.py:208} INFO - Processing /home/airflow/.local/lib/python3.12/site-packages/airflow/example_dags/example_short_circuit_operator.py took 0.066 seconds
[2024-09-13T14:41:23.619+0000] {processor.py:186} INFO - Started process (PID=55) to work on /home/airflow/.local/lib/python3.12/site-packages/airflow/example_dags/example_short_circuit_operator.py
[2024-09-13T14:41:23.624+0000] {processor.py:914} INFO - Processing file /home/airflow/.local/lib/python3.12/site-packages/airflow/example_dags/example_short_circuit_operator.py for tasks to queue
[2024-09-13T14:41:23.627+0000] {logging_mixin.py:190} INFO - [2024-09-13T14:41:23.626+0000] {dagbag.py:587} INFO - Filling up the DagBag from /home/airflow/.local/lib/python3.12/site-packages/airflow/example_dags/example_short_circuit_operator.py
[2024-09-13T14:41:23.635+0000] {processor.py:925} INFO - DAG(s) 'example_short_circuit_operator' retrieved from /home/airflow/.local/lib/python3.12/site-packages/airflow/example_dags/example_short_circuit_operator.py
[2024-09-13T14:41:23.665+0000] {logging_mixin.py:190} INFO - [2024-09-13T14:41:23.665+0000] {dag.py:3229} INFO - Sync 1 DAGs
[2024-09-13T14:41:23.679+0000] {logging_mixin.py:190} INFO - [2024-09-13T14:41:23.678+0000] {dag.py:4156} INFO - Setting next_dagrun for example_short_circuit_operator to None, run_after=None
[2024-09-13T14:41:23.698+0000] {processor.py:208} INFO - Processing /home/airflow/.local/lib/python3.12/site-packages/airflow/example_dags/example_short_circuit_operator.py took 0.085 seconds
[2024-09-13T14:41:53.804+0000] {processor.py:186} INFO - Started process (PID=116) to work on /home/airflow/.local/lib/python3.12/site-packages/airflow/example_dags/example_short_circuit_operator.py
[2024-09-13T14:41:53.805+0000] {processor.py:914} INFO - Processing file /home/airflow/.local/lib/python3.12/site-packages/airflow/example_dags/example_short_circuit_operator.py for tasks to queue
[2024-09-13T14:41:53.808+0000] {logging_mixin.py:190} INFO - [2024-09-13T14:41:53.808+0000] {dagbag.py:587} INFO - Filling up the DagBag from /home/airflow/.local/lib/python3.12/site-packages/airflow/example_dags/example_short_circuit_operator.py
[2024-09-13T14:41:53.815+0000] {processor.py:925} INFO - DAG(s) 'example_short_circuit_operator' retrieved from /home/airflow/.local/lib/python3.12/site-packages/airflow/example_dags/example_short_circuit_operator.py
[2024-09-13T14:41:53.838+0000] {logging_mixin.py:190} INFO - [2024-09-13T14:41:53.837+0000] {dag.py:3229} INFO - Sync 1 DAGs
[2024-09-13T14:41:53.851+0000] {logging_mixin.py:190} INFO - [2024-09-13T14:41:53.851+0000] {dag.py:4156} INFO - Setting next_dagrun for example_short_circuit_operator to None, run_after=None
[2024-09-13T14:41:53.872+0000] {processor.py:208} INFO - Processing /home/airflow/.local/lib/python3.12/site-packages/airflow/example_dags/example_short_circuit_operator.py took 0.073 seconds
[2024-09-13T14:42:24.625+0000] {processor.py:186} INFO - Started process (PID=179) to work on /home/airflow/.local/lib/python3.12/site-packages/airflow/example_dags/example_short_circuit_operator.py
[2024-09-13T14:42:24.626+0000] {processor.py:914} INFO - Processing file /home/airflow/.local/lib/python3.12/site-packages/airflow/example_dags/example_short_circuit_operator.py for tasks to queue
[2024-09-13T14:42:24.628+0000] {logging_mixin.py:190} INFO - [2024-09-13T14:42:24.627+0000] {dagbag.py:587} INFO - Filling up the DagBag from /home/airflow/.local/lib/python3.12/site-packages/airflow/example_dags/example_short_circuit_operator.py
[2024-09-13T14:42:24.637+0000] {processor.py:925} INFO - DAG(s) 'example_short_circuit_operator' retrieved from /home/airflow/.local/lib/python3.12/site-packages/airflow/example_dags/example_short_circuit_operator.py
[2024-09-13T14:42:24.666+0000] {logging_mixin.py:190} INFO - [2024-09-13T14:42:24.666+0000] {dag.py:3229} INFO - Sync 1 DAGs
[2024-09-13T14:42:24.681+0000] {logging_mixin.py:190} INFO - [2024-09-13T14:42:24.681+0000] {dag.py:4156} INFO - Setting next_dagrun for example_short_circuit_operator to None, run_after=None
[2024-09-13T14:42:24.700+0000] {processor.py:208} INFO - Processing /home/airflow/.local/lib/python3.12/site-packages/airflow/example_dags/example_short_circuit_operator.py took 0.082 seconds
[2024-09-13T14:42:54.822+0000] {processor.py:186} INFO - Started process (PID=241) to work on /home/airflow/.local/lib/python3.12/site-packages/airflow/example_dags/example_short_circuit_operator.py
[2024-09-13T14:42:54.823+0000] {processor.py:914} INFO - Processing file /home/airflow/.local/lib/python3.12/site-packages/airflow/example_dags/example_short_circuit_operator.py for tasks to queue
[2024-09-13T14:42:54.825+0000] {logging_mixin.py:190} INFO - [2024-09-13T14:42:54.825+0000] {dagbag.py:587} INFO - Filling up the DagBag from /home/airflow/.local/lib/python3.12/site-packages/airflow/example_dags/example_short_circuit_operator.py
[2024-09-13T14:42:54.833+0000] {processor.py:925} INFO - DAG(s) 'example_short_circuit_operator' retrieved from /home/airflow/.local/lib/python3.12/site-packages/airflow/example_dags/example_short_circuit_operator.py
[2024-09-13T14:42:54.853+0000] {logging_mixin.py:190} INFO - [2024-09-13T14:42:54.853+0000] {dag.py:3229} INFO - Sync 1 DAGs
[2024-09-13T14:42:54.866+0000] {logging_mixin.py:190} INFO - [2024-09-13T14:42:54.866+0000] {dag.py:4156} INFO - Setting next_dagrun for example_short_circuit_operator to None, run_after=None
[2024-09-13T14:42:54.882+0000] {processor.py:208} INFO - Processing /home/airflow/.local/lib/python3.12/site-packages/airflow/example_dags/example_short_circuit_operator.py took 0.064 seconds
