[2024-09-13T14:34:38.799+0000] {processor.py:186} INFO - Started process (PID=107) to work on /home/airflow/.local/lib/python3.12/site-packages/airflow/example_dags/example_latest_only.py
[2024-09-13T14:34:38.800+0000] {processor.py:914} INFO - Processing file /home/airflow/.local/lib/python3.12/site-packages/airflow/example_dags/example_latest_only.py for tasks to queue
[2024-09-13T14:34:38.802+0000] {logging_mixin.py:190} INFO - [2024-09-13T14:34:38.802+0000] {dagbag.py:587} INFO - Filling up the DagBag from /home/airflow/.local/lib/python3.12/site-packages/airflow/example_dags/example_latest_only.py
[2024-09-13T14:34:38.809+0000] {processor.py:925} INFO - DAG(s) 'latest_only' retrieved from /home/airflow/.local/lib/python3.12/site-packages/airflow/example_dags/example_latest_only.py
[2024-09-13T14:34:38.927+0000] {logging_mixin.py:190} INFO - [2024-09-13T14:34:38.926+0000] {override.py:1900} INFO - Created Permission View: can read on DAG:latest_only
[2024-09-13T14:34:38.941+0000] {logging_mixin.py:190} INFO - [2024-09-13T14:34:38.941+0000] {override.py:1900} INFO - Created Permission View: can delete on DAG:latest_only
[2024-09-13T14:34:38.958+0000] {logging_mixin.py:190} INFO - [2024-09-13T14:34:38.957+0000] {override.py:1900} INFO - Created Permission View: can edit on DAG:latest_only
[2024-09-13T14:34:38.967+0000] {logging_mixin.py:190} INFO - [2024-09-13T14:34:38.967+0000] {override.py:1900} INFO - Created Permission View: can create on DAG Run:latest_only
[2024-09-13T14:34:38.973+0000] {logging_mixin.py:190} INFO - [2024-09-13T14:34:38.973+0000] {override.py:1900} INFO - Created Permission View: menu access on DAG Run:latest_only
[2024-09-13T14:34:38.979+0000] {logging_mixin.py:190} INFO - [2024-09-13T14:34:38.979+0000] {override.py:1900} INFO - Created Permission View: can read on DAG Run:latest_only
[2024-09-13T14:34:38.984+0000] {logging_mixin.py:190} INFO - [2024-09-13T14:34:38.984+0000] {override.py:1900} INFO - Created Permission View: can delete on DAG Run:latest_only
[2024-09-13T14:34:38.985+0000] {logging_mixin.py:190} INFO - [2024-09-13T14:34:38.985+0000] {dag.py:3229} INFO - Sync 1 DAGs
[2024-09-13T14:34:38.997+0000] {logging_mixin.py:190} INFO - [2024-09-13T14:34:38.997+0000] {dag.py:3252} INFO - Creating ORM DAG for latest_only
[2024-09-13T14:34:39.006+0000] {logging_mixin.py:190} INFO - [2024-09-13T14:34:39.006+0000] {dag.py:4156} INFO - Setting next_dagrun for latest_only to 2024-09-13 08:00:00+00:00, run_after=2024-09-13 12:00:00+00:00
[2024-09-13T14:34:39.021+0000] {processor.py:208} INFO - Processing /home/airflow/.local/lib/python3.12/site-packages/airflow/example_dags/example_latest_only.py took 0.229 seconds
[2024-09-13T14:35:09.662+0000] {processor.py:186} INFO - Started process (PID=169) to work on /home/airflow/.local/lib/python3.12/site-packages/airflow/example_dags/example_latest_only.py
[2024-09-13T14:35:09.663+0000] {processor.py:914} INFO - Processing file /home/airflow/.local/lib/python3.12/site-packages/airflow/example_dags/example_latest_only.py for tasks to queue
[2024-09-13T14:35:09.665+0000] {logging_mixin.py:190} INFO - [2024-09-13T14:35:09.665+0000] {dagbag.py:587} INFO - Filling up the DagBag from /home/airflow/.local/lib/python3.12/site-packages/airflow/example_dags/example_latest_only.py
[2024-09-13T14:35:09.672+0000] {processor.py:925} INFO - DAG(s) 'latest_only' retrieved from /home/airflow/.local/lib/python3.12/site-packages/airflow/example_dags/example_latest_only.py
[2024-09-13T14:35:09.692+0000] {logging_mixin.py:190} INFO - [2024-09-13T14:35:09.691+0000] {dag.py:3229} INFO - Sync 1 DAGs
[2024-09-13T14:35:09.714+0000] {logging_mixin.py:190} INFO - [2024-09-13T14:35:09.714+0000] {dag.py:4156} INFO - Setting next_dagrun for latest_only to 2024-09-13 08:00:00+00:00, run_after=2024-09-13 12:00:00+00:00
[2024-09-13T14:35:09.733+0000] {processor.py:208} INFO - Processing /home/airflow/.local/lib/python3.12/site-packages/airflow/example_dags/example_latest_only.py took 0.077 seconds
[2024-09-13T14:35:40.220+0000] {processor.py:186} INFO - Started process (PID=231) to work on /home/airflow/.local/lib/python3.12/site-packages/airflow/example_dags/example_latest_only.py
[2024-09-13T14:35:40.221+0000] {processor.py:914} INFO - Processing file /home/airflow/.local/lib/python3.12/site-packages/airflow/example_dags/example_latest_only.py for tasks to queue
[2024-09-13T14:35:40.223+0000] {logging_mixin.py:190} INFO - [2024-09-13T14:35:40.222+0000] {dagbag.py:587} INFO - Filling up the DagBag from /home/airflow/.local/lib/python3.12/site-packages/airflow/example_dags/example_latest_only.py
[2024-09-13T14:35:40.229+0000] {processor.py:925} INFO - DAG(s) 'latest_only' retrieved from /home/airflow/.local/lib/python3.12/site-packages/airflow/example_dags/example_latest_only.py
[2024-09-13T14:35:40.247+0000] {logging_mixin.py:190} INFO - [2024-09-13T14:35:40.247+0000] {dag.py:3229} INFO - Sync 1 DAGs
[2024-09-13T14:35:40.269+0000] {logging_mixin.py:190} INFO - [2024-09-13T14:35:40.269+0000] {dag.py:4156} INFO - Setting next_dagrun for latest_only to 2024-09-13 08:00:00+00:00, run_after=2024-09-13 12:00:00+00:00
[2024-09-13T14:35:40.287+0000] {processor.py:208} INFO - Processing /home/airflow/.local/lib/python3.12/site-packages/airflow/example_dags/example_latest_only.py took 0.073 seconds
[2024-09-13T14:36:10.440+0000] {processor.py:186} INFO - Started process (PID=293) to work on /home/airflow/.local/lib/python3.12/site-packages/airflow/example_dags/example_latest_only.py
[2024-09-13T14:36:10.441+0000] {processor.py:914} INFO - Processing file /home/airflow/.local/lib/python3.12/site-packages/airflow/example_dags/example_latest_only.py for tasks to queue
[2024-09-13T14:36:10.443+0000] {logging_mixin.py:190} INFO - [2024-09-13T14:36:10.443+0000] {dagbag.py:587} INFO - Filling up the DagBag from /home/airflow/.local/lib/python3.12/site-packages/airflow/example_dags/example_latest_only.py
[2024-09-13T14:36:10.449+0000] {processor.py:925} INFO - DAG(s) 'latest_only' retrieved from /home/airflow/.local/lib/python3.12/site-packages/airflow/example_dags/example_latest_only.py
[2024-09-13T14:36:10.469+0000] {logging_mixin.py:190} INFO - [2024-09-13T14:36:10.469+0000] {dag.py:3229} INFO - Sync 1 DAGs
[2024-09-13T14:36:10.491+0000] {logging_mixin.py:190} INFO - [2024-09-13T14:36:10.491+0000] {dag.py:4156} INFO - Setting next_dagrun for latest_only to 2024-09-13 08:00:00+00:00, run_after=2024-09-13 12:00:00+00:00
[2024-09-13T14:36:10.507+0000] {processor.py:208} INFO - Processing /home/airflow/.local/lib/python3.12/site-packages/airflow/example_dags/example_latest_only.py took 0.072 seconds
[2024-09-13T14:36:41.489+0000] {processor.py:186} INFO - Started process (PID=355) to work on /home/airflow/.local/lib/python3.12/site-packages/airflow/example_dags/example_latest_only.py
[2024-09-13T14:36:41.490+0000] {processor.py:914} INFO - Processing file /home/airflow/.local/lib/python3.12/site-packages/airflow/example_dags/example_latest_only.py for tasks to queue
[2024-09-13T14:36:41.492+0000] {logging_mixin.py:190} INFO - [2024-09-13T14:36:41.492+0000] {dagbag.py:587} INFO - Filling up the DagBag from /home/airflow/.local/lib/python3.12/site-packages/airflow/example_dags/example_latest_only.py
[2024-09-13T14:36:41.500+0000] {processor.py:925} INFO - DAG(s) 'latest_only' retrieved from /home/airflow/.local/lib/python3.12/site-packages/airflow/example_dags/example_latest_only.py
[2024-09-13T14:36:41.521+0000] {logging_mixin.py:190} INFO - [2024-09-13T14:36:41.520+0000] {dag.py:3229} INFO - Sync 1 DAGs
[2024-09-13T14:36:41.542+0000] {logging_mixin.py:190} INFO - [2024-09-13T14:36:41.542+0000] {dag.py:4156} INFO - Setting next_dagrun for latest_only to 2024-09-13 08:00:00+00:00, run_after=2024-09-13 12:00:00+00:00
[2024-09-13T14:36:41.558+0000] {processor.py:208} INFO - Processing /home/airflow/.local/lib/python3.12/site-packages/airflow/example_dags/example_latest_only.py took 0.074 seconds
[2024-09-13T14:37:12.205+0000] {processor.py:186} INFO - Started process (PID=417) to work on /home/airflow/.local/lib/python3.12/site-packages/airflow/example_dags/example_latest_only.py
[2024-09-13T14:37:12.206+0000] {processor.py:914} INFO - Processing file /home/airflow/.local/lib/python3.12/site-packages/airflow/example_dags/example_latest_only.py for tasks to queue
[2024-09-13T14:37:12.209+0000] {logging_mixin.py:190} INFO - [2024-09-13T14:37:12.208+0000] {dagbag.py:587} INFO - Filling up the DagBag from /home/airflow/.local/lib/python3.12/site-packages/airflow/example_dags/example_latest_only.py
[2024-09-13T14:37:12.216+0000] {processor.py:925} INFO - DAG(s) 'latest_only' retrieved from /home/airflow/.local/lib/python3.12/site-packages/airflow/example_dags/example_latest_only.py
[2024-09-13T14:37:12.236+0000] {logging_mixin.py:190} INFO - [2024-09-13T14:37:12.236+0000] {dag.py:3229} INFO - Sync 1 DAGs
[2024-09-13T14:37:12.257+0000] {logging_mixin.py:190} INFO - [2024-09-13T14:37:12.257+0000] {dag.py:4156} INFO - Setting next_dagrun for latest_only to 2024-09-13 08:00:00+00:00, run_after=2024-09-13 12:00:00+00:00
[2024-09-13T14:37:12.273+0000] {processor.py:208} INFO - Processing /home/airflow/.local/lib/python3.12/site-packages/airflow/example_dags/example_latest_only.py took 0.074 seconds
[2024-09-13T14:37:42.607+0000] {processor.py:186} INFO - Started process (PID=479) to work on /home/airflow/.local/lib/python3.12/site-packages/airflow/example_dags/example_latest_only.py
[2024-09-13T14:37:42.608+0000] {processor.py:914} INFO - Processing file /home/airflow/.local/lib/python3.12/site-packages/airflow/example_dags/example_latest_only.py for tasks to queue
[2024-09-13T14:37:42.611+0000] {logging_mixin.py:190} INFO - [2024-09-13T14:37:42.610+0000] {dagbag.py:587} INFO - Filling up the DagBag from /home/airflow/.local/lib/python3.12/site-packages/airflow/example_dags/example_latest_only.py
[2024-09-13T14:37:42.618+0000] {processor.py:925} INFO - DAG(s) 'latest_only' retrieved from /home/airflow/.local/lib/python3.12/site-packages/airflow/example_dags/example_latest_only.py
[2024-09-13T14:37:42.638+0000] {logging_mixin.py:190} INFO - [2024-09-13T14:37:42.637+0000] {dag.py:3229} INFO - Sync 1 DAGs
[2024-09-13T14:37:42.659+0000] {logging_mixin.py:190} INFO - [2024-09-13T14:37:42.659+0000] {dag.py:4156} INFO - Setting next_dagrun for latest_only to 2024-09-13 08:00:00+00:00, run_after=2024-09-13 12:00:00+00:00
[2024-09-13T14:37:42.676+0000] {processor.py:208} INFO - Processing /home/airflow/.local/lib/python3.12/site-packages/airflow/example_dags/example_latest_only.py took 0.074 seconds
[2024-09-13T14:38:12.862+0000] {processor.py:186} INFO - Started process (PID=541) to work on /home/airflow/.local/lib/python3.12/site-packages/airflow/example_dags/example_latest_only.py
[2024-09-13T14:38:12.863+0000] {processor.py:914} INFO - Processing file /home/airflow/.local/lib/python3.12/site-packages/airflow/example_dags/example_latest_only.py for tasks to queue
[2024-09-13T14:38:12.865+0000] {logging_mixin.py:190} INFO - [2024-09-13T14:38:12.865+0000] {dagbag.py:587} INFO - Filling up the DagBag from /home/airflow/.local/lib/python3.12/site-packages/airflow/example_dags/example_latest_only.py
[2024-09-13T14:38:12.873+0000] {processor.py:925} INFO - DAG(s) 'latest_only' retrieved from /home/airflow/.local/lib/python3.12/site-packages/airflow/example_dags/example_latest_only.py
[2024-09-13T14:38:12.892+0000] {logging_mixin.py:190} INFO - [2024-09-13T14:38:12.892+0000] {dag.py:3229} INFO - Sync 1 DAGs
[2024-09-13T14:38:12.914+0000] {logging_mixin.py:190} INFO - [2024-09-13T14:38:12.914+0000] {dag.py:4156} INFO - Setting next_dagrun for latest_only to 2024-09-13 08:00:00+00:00, run_after=2024-09-13 12:00:00+00:00
[2024-09-13T14:38:12.930+0000] {processor.py:208} INFO - Processing /home/airflow/.local/lib/python3.12/site-packages/airflow/example_dags/example_latest_only.py took 0.074 seconds
[2024-09-13T14:39:33.947+0000] {processor.py:186} INFO - Started process (PID=101) to work on /home/airflow/.local/lib/python3.12/site-packages/airflow/example_dags/example_latest_only.py
[2024-09-13T14:39:33.948+0000] {processor.py:914} INFO - Processing file /home/airflow/.local/lib/python3.12/site-packages/airflow/example_dags/example_latest_only.py for tasks to queue
[2024-09-13T14:39:33.950+0000] {logging_mixin.py:190} INFO - [2024-09-13T14:39:33.949+0000] {dagbag.py:587} INFO - Filling up the DagBag from /home/airflow/.local/lib/python3.12/site-packages/airflow/example_dags/example_latest_only.py
[2024-09-13T14:39:33.957+0000] {processor.py:925} INFO - DAG(s) 'latest_only' retrieved from /home/airflow/.local/lib/python3.12/site-packages/airflow/example_dags/example_latest_only.py
[2024-09-13T14:39:33.978+0000] {logging_mixin.py:190} INFO - [2024-09-13T14:39:33.978+0000] {dag.py:3229} INFO - Sync 1 DAGs
[2024-09-13T14:39:34.001+0000] {logging_mixin.py:190} INFO - [2024-09-13T14:39:34.001+0000] {dag.py:4156} INFO - Setting next_dagrun for latest_only to 2024-09-13 08:00:00+00:00, run_after=2024-09-13 12:00:00+00:00
[2024-09-13T14:39:34.018+0000] {processor.py:208} INFO - Processing /home/airflow/.local/lib/python3.12/site-packages/airflow/example_dags/example_latest_only.py took 0.077 seconds
[2024-09-13T14:40:04.838+0000] {processor.py:186} INFO - Started process (PID=163) to work on /home/airflow/.local/lib/python3.12/site-packages/airflow/example_dags/example_latest_only.py
[2024-09-13T14:40:04.839+0000] {processor.py:914} INFO - Processing file /home/airflow/.local/lib/python3.12/site-packages/airflow/example_dags/example_latest_only.py for tasks to queue
[2024-09-13T14:40:04.841+0000] {logging_mixin.py:190} INFO - [2024-09-13T14:40:04.841+0000] {dagbag.py:587} INFO - Filling up the DagBag from /home/airflow/.local/lib/python3.12/site-packages/airflow/example_dags/example_latest_only.py
[2024-09-13T14:40:04.849+0000] {processor.py:925} INFO - DAG(s) 'latest_only' retrieved from /home/airflow/.local/lib/python3.12/site-packages/airflow/example_dags/example_latest_only.py
[2024-09-13T14:40:04.867+0000] {logging_mixin.py:190} INFO - [2024-09-13T14:40:04.867+0000] {dag.py:3229} INFO - Sync 1 DAGs
[2024-09-13T14:40:04.888+0000] {logging_mixin.py:190} INFO - [2024-09-13T14:40:04.888+0000] {dag.py:4156} INFO - Setting next_dagrun for latest_only to 2024-09-13 08:00:00+00:00, run_after=2024-09-13 12:00:00+00:00
[2024-09-13T14:40:04.905+0000] {processor.py:208} INFO - Processing /home/airflow/.local/lib/python3.12/site-packages/airflow/example_dags/example_latest_only.py took 0.073 seconds
[2024-09-13T14:40:35.208+0000] {processor.py:186} INFO - Started process (PID=225) to work on /home/airflow/.local/lib/python3.12/site-packages/airflow/example_dags/example_latest_only.py
[2024-09-13T14:40:35.209+0000] {processor.py:914} INFO - Processing file /home/airflow/.local/lib/python3.12/site-packages/airflow/example_dags/example_latest_only.py for tasks to queue
[2024-09-13T14:40:35.211+0000] {logging_mixin.py:190} INFO - [2024-09-13T14:40:35.210+0000] {dagbag.py:587} INFO - Filling up the DagBag from /home/airflow/.local/lib/python3.12/site-packages/airflow/example_dags/example_latest_only.py
[2024-09-13T14:40:35.217+0000] {processor.py:925} INFO - DAG(s) 'latest_only' retrieved from /home/airflow/.local/lib/python3.12/site-packages/airflow/example_dags/example_latest_only.py
[2024-09-13T14:40:35.235+0000] {logging_mixin.py:190} INFO - [2024-09-13T14:40:35.235+0000] {dag.py:3229} INFO - Sync 1 DAGs
[2024-09-13T14:40:35.255+0000] {logging_mixin.py:190} INFO - [2024-09-13T14:40:35.255+0000] {dag.py:4156} INFO - Setting next_dagrun for latest_only to 2024-09-13 08:00:00+00:00, run_after=2024-09-13 12:00:00+00:00
[2024-09-13T14:40:35.271+0000] {processor.py:208} INFO - Processing /home/airflow/.local/lib/python3.12/site-packages/airflow/example_dags/example_latest_only.py took 0.068 seconds
[2024-09-13T14:41:26.725+0000] {processor.py:186} INFO - Started process (PID=94) to work on /home/airflow/.local/lib/python3.12/site-packages/airflow/example_dags/example_latest_only.py
[2024-09-13T14:41:26.728+0000] {processor.py:914} INFO - Processing file /home/airflow/.local/lib/python3.12/site-packages/airflow/example_dags/example_latest_only.py for tasks to queue
[2024-09-13T14:41:26.733+0000] {logging_mixin.py:190} INFO - [2024-09-13T14:41:26.732+0000] {dagbag.py:587} INFO - Filling up the DagBag from /home/airflow/.local/lib/python3.12/site-packages/airflow/example_dags/example_latest_only.py
[2024-09-13T14:41:26.742+0000] {processor.py:925} INFO - DAG(s) 'latest_only' retrieved from /home/airflow/.local/lib/python3.12/site-packages/airflow/example_dags/example_latest_only.py
[2024-09-13T14:41:26.764+0000] {logging_mixin.py:190} INFO - [2024-09-13T14:41:26.763+0000] {dag.py:3229} INFO - Sync 1 DAGs
[2024-09-13T14:41:26.784+0000] {logging_mixin.py:190} INFO - [2024-09-13T14:41:26.783+0000] {dag.py:4156} INFO - Setting next_dagrun for latest_only to 2024-09-13 08:00:00+00:00, run_after=2024-09-13 12:00:00+00:00
[2024-09-13T14:41:26.805+0000] {processor.py:208} INFO - Processing /home/airflow/.local/lib/python3.12/site-packages/airflow/example_dags/example_latest_only.py took 0.092 seconds
[2024-09-13T14:41:57.633+0000] {processor.py:186} INFO - Started process (PID=156) to work on /home/airflow/.local/lib/python3.12/site-packages/airflow/example_dags/example_latest_only.py
[2024-09-13T14:41:57.634+0000] {processor.py:914} INFO - Processing file /home/airflow/.local/lib/python3.12/site-packages/airflow/example_dags/example_latest_only.py for tasks to queue
[2024-09-13T14:41:57.637+0000] {logging_mixin.py:190} INFO - [2024-09-13T14:41:57.636+0000] {dagbag.py:587} INFO - Filling up the DagBag from /home/airflow/.local/lib/python3.12/site-packages/airflow/example_dags/example_latest_only.py
[2024-09-13T14:41:57.643+0000] {processor.py:925} INFO - DAG(s) 'latest_only' retrieved from /home/airflow/.local/lib/python3.12/site-packages/airflow/example_dags/example_latest_only.py
[2024-09-13T14:41:57.662+0000] {logging_mixin.py:190} INFO - [2024-09-13T14:41:57.662+0000] {dag.py:3229} INFO - Sync 1 DAGs
[2024-09-13T14:41:57.683+0000] {logging_mixin.py:190} INFO - [2024-09-13T14:41:57.683+0000] {dag.py:4156} INFO - Setting next_dagrun for latest_only to 2024-09-13 08:00:00+00:00, run_after=2024-09-13 12:00:00+00:00
[2024-09-13T14:41:57.700+0000] {processor.py:208} INFO - Processing /home/airflow/.local/lib/python3.12/site-packages/airflow/example_dags/example_latest_only.py took 0.072 seconds
[2024-09-13T14:42:28.620+0000] {processor.py:186} INFO - Started process (PID=218) to work on /home/airflow/.local/lib/python3.12/site-packages/airflow/example_dags/example_latest_only.py
[2024-09-13T14:42:28.622+0000] {processor.py:914} INFO - Processing file /home/airflow/.local/lib/python3.12/site-packages/airflow/example_dags/example_latest_only.py for tasks to queue
[2024-09-13T14:42:28.625+0000] {logging_mixin.py:190} INFO - [2024-09-13T14:42:28.624+0000] {dagbag.py:587} INFO - Filling up the DagBag from /home/airflow/.local/lib/python3.12/site-packages/airflow/example_dags/example_latest_only.py
[2024-09-13T14:42:28.635+0000] {processor.py:925} INFO - DAG(s) 'latest_only' retrieved from /home/airflow/.local/lib/python3.12/site-packages/airflow/example_dags/example_latest_only.py
[2024-09-13T14:42:28.654+0000] {logging_mixin.py:190} INFO - [2024-09-13T14:42:28.654+0000] {dag.py:3229} INFO - Sync 1 DAGs
[2024-09-13T14:42:28.676+0000] {logging_mixin.py:190} INFO - [2024-09-13T14:42:28.675+0000] {dag.py:4156} INFO - Setting next_dagrun for latest_only to 2024-09-13 08:00:00+00:00, run_after=2024-09-13 12:00:00+00:00
[2024-09-13T14:42:28.696+0000] {processor.py:208} INFO - Processing /home/airflow/.local/lib/python3.12/site-packages/airflow/example_dags/example_latest_only.py took 0.083 seconds
[2024-09-13T14:42:59.768+0000] {processor.py:186} INFO - Started process (PID=280) to work on /home/airflow/.local/lib/python3.12/site-packages/airflow/example_dags/example_latest_only.py
[2024-09-13T14:42:59.769+0000] {processor.py:914} INFO - Processing file /home/airflow/.local/lib/python3.12/site-packages/airflow/example_dags/example_latest_only.py for tasks to queue
[2024-09-13T14:42:59.772+0000] {logging_mixin.py:190} INFO - [2024-09-13T14:42:59.771+0000] {dagbag.py:587} INFO - Filling up the DagBag from /home/airflow/.local/lib/python3.12/site-packages/airflow/example_dags/example_latest_only.py
[2024-09-13T14:42:59.778+0000] {processor.py:925} INFO - DAG(s) 'latest_only' retrieved from /home/airflow/.local/lib/python3.12/site-packages/airflow/example_dags/example_latest_only.py
[2024-09-13T14:42:59.797+0000] {logging_mixin.py:190} INFO - [2024-09-13T14:42:59.797+0000] {dag.py:3229} INFO - Sync 1 DAGs
[2024-09-13T14:42:59.818+0000] {logging_mixin.py:190} INFO - [2024-09-13T14:42:59.818+0000] {dag.py:4156} INFO - Setting next_dagrun for latest_only to 2024-09-13 08:00:00+00:00, run_after=2024-09-13 12:00:00+00:00
[2024-09-13T14:42:59.834+0000] {processor.py:208} INFO - Processing /home/airflow/.local/lib/python3.12/site-packages/airflow/example_dags/example_latest_only.py took 0.071 seconds
