[2024-09-13T14:34:32.643+0000] {processor.py:186} INFO - Started process (PID=66) to work on /home/airflow/.local/lib/python3.12/site-packages/airflow/example_dags/example_setup_teardown.py
[2024-09-13T14:34:32.644+0000] {processor.py:914} INFO - Processing file /home/airflow/.local/lib/python3.12/site-packages/airflow/example_dags/example_setup_teardown.py for tasks to queue
[2024-09-13T14:34:32.647+0000] {logging_mixin.py:190} INFO - [2024-09-13T14:34:32.646+0000] {dagbag.py:587} INFO - Filling up the DagBag from /home/airflow/.local/lib/python3.12/site-packages/airflow/example_dags/example_setup_teardown.py
[2024-09-13T14:34:32.660+0000] {processor.py:925} INFO - DAG(s) 'example_setup_teardown' retrieved from /home/airflow/.local/lib/python3.12/site-packages/airflow/example_dags/example_setup_teardown.py
[2024-09-13T14:34:32.812+0000] {logging_mixin.py:190} INFO - [2024-09-13T14:34:32.811+0000] {override.py:1900} INFO - Created Permission View: can read on DAG:example_setup_teardown
[2024-09-13T14:34:32.830+0000] {logging_mixin.py:190} INFO - [2024-09-13T14:34:32.830+0000] {override.py:1900} INFO - Created Permission View: can delete on DAG:example_setup_teardown
[2024-09-13T14:34:32.840+0000] {logging_mixin.py:190} INFO - [2024-09-13T14:34:32.840+0000] {override.py:1900} INFO - Created Permission View: can edit on DAG:example_setup_teardown
[2024-09-13T14:34:32.852+0000] {logging_mixin.py:190} INFO - [2024-09-13T14:34:32.851+0000] {override.py:1900} INFO - Created Permission View: can create on DAG Run:example_setup_teardown
[2024-09-13T14:34:32.861+0000] {logging_mixin.py:190} INFO - [2024-09-13T14:34:32.860+0000] {override.py:1900} INFO - Created Permission View: menu access on DAG Run:example_setup_teardown
[2024-09-13T14:34:32.871+0000] {logging_mixin.py:190} INFO - [2024-09-13T14:34:32.871+0000] {override.py:1900} INFO - Created Permission View: can read on DAG Run:example_setup_teardown
[2024-09-13T14:34:32.881+0000] {logging_mixin.py:190} INFO - [2024-09-13T14:34:32.881+0000] {override.py:1900} INFO - Created Permission View: can delete on DAG Run:example_setup_teardown
[2024-09-13T14:34:32.882+0000] {logging_mixin.py:190} INFO - [2024-09-13T14:34:32.882+0000] {dag.py:3229} INFO - Sync 1 DAGs
[2024-09-13T14:34:32.897+0000] {logging_mixin.py:190} INFO - [2024-09-13T14:34:32.897+0000] {dag.py:3252} INFO - Creating ORM DAG for example_setup_teardown
[2024-09-13T14:34:32.898+0000] {logging_mixin.py:190} INFO - [2024-09-13T14:34:32.898+0000] {dag.py:4156} INFO - Setting next_dagrun for example_setup_teardown to None, run_after=None
[2024-09-13T14:34:32.917+0000] {processor.py:208} INFO - Processing /home/airflow/.local/lib/python3.12/site-packages/airflow/example_dags/example_setup_teardown.py took 0.282 seconds
[2024-09-13T14:35:03.751+0000] {processor.py:186} INFO - Started process (PID=128) to work on /home/airflow/.local/lib/python3.12/site-packages/airflow/example_dags/example_setup_teardown.py
[2024-09-13T14:35:03.752+0000] {processor.py:914} INFO - Processing file /home/airflow/.local/lib/python3.12/site-packages/airflow/example_dags/example_setup_teardown.py for tasks to queue
[2024-09-13T14:35:03.755+0000] {logging_mixin.py:190} INFO - [2024-09-13T14:35:03.754+0000] {dagbag.py:587} INFO - Filling up the DagBag from /home/airflow/.local/lib/python3.12/site-packages/airflow/example_dags/example_setup_teardown.py
[2024-09-13T14:35:03.763+0000] {processor.py:925} INFO - DAG(s) 'example_setup_teardown' retrieved from /home/airflow/.local/lib/python3.12/site-packages/airflow/example_dags/example_setup_teardown.py
[2024-09-13T14:35:03.785+0000] {logging_mixin.py:190} INFO - [2024-09-13T14:35:03.785+0000] {dag.py:3229} INFO - Sync 1 DAGs
[2024-09-13T14:35:03.798+0000] {logging_mixin.py:190} INFO - [2024-09-13T14:35:03.798+0000] {dag.py:4156} INFO - Setting next_dagrun for example_setup_teardown to None, run_after=None
[2024-09-13T14:35:03.817+0000] {processor.py:208} INFO - Processing /home/airflow/.local/lib/python3.12/site-packages/airflow/example_dags/example_setup_teardown.py took 0.072 seconds
[2024-09-13T14:35:34.070+0000] {processor.py:186} INFO - Started process (PID=189) to work on /home/airflow/.local/lib/python3.12/site-packages/airflow/example_dags/example_setup_teardown.py
[2024-09-13T14:35:34.073+0000] {processor.py:914} INFO - Processing file /home/airflow/.local/lib/python3.12/site-packages/airflow/example_dags/example_setup_teardown.py for tasks to queue
[2024-09-13T14:35:34.078+0000] {logging_mixin.py:190} INFO - [2024-09-13T14:35:34.075+0000] {dagbag.py:587} INFO - Filling up the DagBag from /home/airflow/.local/lib/python3.12/site-packages/airflow/example_dags/example_setup_teardown.py
[2024-09-13T14:35:34.100+0000] {processor.py:925} INFO - DAG(s) 'example_setup_teardown' retrieved from /home/airflow/.local/lib/python3.12/site-packages/airflow/example_dags/example_setup_teardown.py
[2024-09-13T14:35:34.175+0000] {logging_mixin.py:190} INFO - [2024-09-13T14:35:34.175+0000] {dag.py:3229} INFO - Sync 1 DAGs
[2024-09-13T14:35:34.189+0000] {logging_mixin.py:190} INFO - [2024-09-13T14:35:34.189+0000] {dag.py:4156} INFO - Setting next_dagrun for example_setup_teardown to None, run_after=None
[2024-09-13T14:35:34.212+0000] {processor.py:208} INFO - Processing /home/airflow/.local/lib/python3.12/site-packages/airflow/example_dags/example_setup_teardown.py took 0.150 seconds
[2024-09-13T14:36:04.609+0000] {processor.py:186} INFO - Started process (PID=251) to work on /home/airflow/.local/lib/python3.12/site-packages/airflow/example_dags/example_setup_teardown.py
[2024-09-13T14:36:04.611+0000] {processor.py:914} INFO - Processing file /home/airflow/.local/lib/python3.12/site-packages/airflow/example_dags/example_setup_teardown.py for tasks to queue
[2024-09-13T14:36:04.613+0000] {logging_mixin.py:190} INFO - [2024-09-13T14:36:04.613+0000] {dagbag.py:587} INFO - Filling up the DagBag from /home/airflow/.local/lib/python3.12/site-packages/airflow/example_dags/example_setup_teardown.py
[2024-09-13T14:36:04.620+0000] {processor.py:925} INFO - DAG(s) 'example_setup_teardown' retrieved from /home/airflow/.local/lib/python3.12/site-packages/airflow/example_dags/example_setup_teardown.py
[2024-09-13T14:36:04.640+0000] {logging_mixin.py:190} INFO - [2024-09-13T14:36:04.640+0000] {dag.py:3229} INFO - Sync 1 DAGs
[2024-09-13T14:36:04.652+0000] {logging_mixin.py:190} INFO - [2024-09-13T14:36:04.652+0000] {dag.py:4156} INFO - Setting next_dagrun for example_setup_teardown to None, run_after=None
[2024-09-13T14:36:04.670+0000] {processor.py:208} INFO - Processing /home/airflow/.local/lib/python3.12/site-packages/airflow/example_dags/example_setup_teardown.py took 0.065 seconds
[2024-09-13T14:36:34.711+0000] {processor.py:186} INFO - Started process (PID=313) to work on /home/airflow/.local/lib/python3.12/site-packages/airflow/example_dags/example_setup_teardown.py
[2024-09-13T14:36:34.713+0000] {processor.py:914} INFO - Processing file /home/airflow/.local/lib/python3.12/site-packages/airflow/example_dags/example_setup_teardown.py for tasks to queue
[2024-09-13T14:36:34.715+0000] {logging_mixin.py:190} INFO - [2024-09-13T14:36:34.715+0000] {dagbag.py:587} INFO - Filling up the DagBag from /home/airflow/.local/lib/python3.12/site-packages/airflow/example_dags/example_setup_teardown.py
[2024-09-13T14:36:34.724+0000] {processor.py:925} INFO - DAG(s) 'example_setup_teardown' retrieved from /home/airflow/.local/lib/python3.12/site-packages/airflow/example_dags/example_setup_teardown.py
[2024-09-13T14:36:34.745+0000] {logging_mixin.py:190} INFO - [2024-09-13T14:36:34.745+0000] {dag.py:3229} INFO - Sync 1 DAGs
[2024-09-13T14:36:34.758+0000] {logging_mixin.py:190} INFO - [2024-09-13T14:36:34.758+0000] {dag.py:4156} INFO - Setting next_dagrun for example_setup_teardown to None, run_after=None
[2024-09-13T14:36:34.775+0000] {processor.py:208} INFO - Processing /home/airflow/.local/lib/python3.12/site-packages/airflow/example_dags/example_setup_teardown.py took 0.069 seconds
[2024-09-13T14:37:05.783+0000] {processor.py:186} INFO - Started process (PID=375) to work on /home/airflow/.local/lib/python3.12/site-packages/airflow/example_dags/example_setup_teardown.py
[2024-09-13T14:37:05.785+0000] {processor.py:914} INFO - Processing file /home/airflow/.local/lib/python3.12/site-packages/airflow/example_dags/example_setup_teardown.py for tasks to queue
[2024-09-13T14:37:05.788+0000] {logging_mixin.py:190} INFO - [2024-09-13T14:37:05.786+0000] {dagbag.py:587} INFO - Filling up the DagBag from /home/airflow/.local/lib/python3.12/site-packages/airflow/example_dags/example_setup_teardown.py
[2024-09-13T14:37:05.801+0000] {processor.py:925} INFO - DAG(s) 'example_setup_teardown' retrieved from /home/airflow/.local/lib/python3.12/site-packages/airflow/example_dags/example_setup_teardown.py
[2024-09-13T14:37:05.830+0000] {logging_mixin.py:190} INFO - [2024-09-13T14:37:05.829+0000] {dag.py:3229} INFO - Sync 1 DAGs
[2024-09-13T14:37:05.842+0000] {logging_mixin.py:190} INFO - [2024-09-13T14:37:05.842+0000] {dag.py:4156} INFO - Setting next_dagrun for example_setup_teardown to None, run_after=None
[2024-09-13T14:37:05.858+0000] {processor.py:208} INFO - Processing /home/airflow/.local/lib/python3.12/site-packages/airflow/example_dags/example_setup_teardown.py took 0.083 seconds
[2024-09-13T14:37:36.684+0000] {processor.py:186} INFO - Started process (PID=443) to work on /home/airflow/.local/lib/python3.12/site-packages/airflow/example_dags/example_setup_teardown.py
[2024-09-13T14:37:36.686+0000] {processor.py:914} INFO - Processing file /home/airflow/.local/lib/python3.12/site-packages/airflow/example_dags/example_setup_teardown.py for tasks to queue
[2024-09-13T14:37:36.688+0000] {logging_mixin.py:190} INFO - [2024-09-13T14:37:36.688+0000] {dagbag.py:587} INFO - Filling up the DagBag from /home/airflow/.local/lib/python3.12/site-packages/airflow/example_dags/example_setup_teardown.py
[2024-09-13T14:37:36.697+0000] {processor.py:925} INFO - DAG(s) 'example_setup_teardown' retrieved from /home/airflow/.local/lib/python3.12/site-packages/airflow/example_dags/example_setup_teardown.py
[2024-09-13T14:37:36.718+0000] {logging_mixin.py:190} INFO - [2024-09-13T14:37:36.718+0000] {dag.py:3229} INFO - Sync 1 DAGs
[2024-09-13T14:37:36.731+0000] {logging_mixin.py:190} INFO - [2024-09-13T14:37:36.730+0000] {dag.py:4156} INFO - Setting next_dagrun for example_setup_teardown to None, run_after=None
[2024-09-13T14:37:36.746+0000] {processor.py:208} INFO - Processing /home/airflow/.local/lib/python3.12/site-packages/airflow/example_dags/example_setup_teardown.py took 0.067 seconds
[2024-09-13T14:38:07.084+0000] {processor.py:186} INFO - Started process (PID=505) to work on /home/airflow/.local/lib/python3.12/site-packages/airflow/example_dags/example_setup_teardown.py
[2024-09-13T14:38:07.086+0000] {processor.py:914} INFO - Processing file /home/airflow/.local/lib/python3.12/site-packages/airflow/example_dags/example_setup_teardown.py for tasks to queue
[2024-09-13T14:38:07.088+0000] {logging_mixin.py:190} INFO - [2024-09-13T14:38:07.088+0000] {dagbag.py:587} INFO - Filling up the DagBag from /home/airflow/.local/lib/python3.12/site-packages/airflow/example_dags/example_setup_teardown.py
[2024-09-13T14:38:07.099+0000] {processor.py:925} INFO - DAG(s) 'example_setup_teardown' retrieved from /home/airflow/.local/lib/python3.12/site-packages/airflow/example_dags/example_setup_teardown.py
[2024-09-13T14:38:07.158+0000] {logging_mixin.py:190} INFO - [2024-09-13T14:38:07.158+0000] {dag.py:3229} INFO - Sync 1 DAGs
[2024-09-13T14:38:07.171+0000] {logging_mixin.py:190} INFO - [2024-09-13T14:38:07.171+0000] {dag.py:4156} INFO - Setting next_dagrun for example_setup_teardown to None, run_after=None
[2024-09-13T14:38:07.190+0000] {processor.py:208} INFO - Processing /home/airflow/.local/lib/python3.12/site-packages/airflow/example_dags/example_setup_teardown.py took 0.113 seconds
[2024-09-13T14:39:30.888+0000] {processor.py:186} INFO - Started process (PID=66) to work on /home/airflow/.local/lib/python3.12/site-packages/airflow/example_dags/example_setup_teardown.py
[2024-09-13T14:39:30.889+0000] {processor.py:914} INFO - Processing file /home/airflow/.local/lib/python3.12/site-packages/airflow/example_dags/example_setup_teardown.py for tasks to queue
[2024-09-13T14:39:30.891+0000] {logging_mixin.py:190} INFO - [2024-09-13T14:39:30.891+0000] {dagbag.py:587} INFO - Filling up the DagBag from /home/airflow/.local/lib/python3.12/site-packages/airflow/example_dags/example_setup_teardown.py
[2024-09-13T14:39:30.903+0000] {processor.py:925} INFO - DAG(s) 'example_setup_teardown' retrieved from /home/airflow/.local/lib/python3.12/site-packages/airflow/example_dags/example_setup_teardown.py
[2024-09-13T14:39:30.932+0000] {logging_mixin.py:190} INFO - [2024-09-13T14:39:30.932+0000] {dag.py:3229} INFO - Sync 1 DAGs
[2024-09-13T14:39:30.945+0000] {logging_mixin.py:190} INFO - [2024-09-13T14:39:30.945+0000] {dag.py:4156} INFO - Setting next_dagrun for example_setup_teardown to None, run_after=None
[2024-09-13T14:39:30.964+0000] {processor.py:208} INFO - Processing /home/airflow/.local/lib/python3.12/site-packages/airflow/example_dags/example_setup_teardown.py took 0.081 seconds
[2024-09-13T14:40:01.300+0000] {processor.py:186} INFO - Started process (PID=127) to work on /home/airflow/.local/lib/python3.12/site-packages/airflow/example_dags/example_setup_teardown.py
[2024-09-13T14:40:01.301+0000] {processor.py:914} INFO - Processing file /home/airflow/.local/lib/python3.12/site-packages/airflow/example_dags/example_setup_teardown.py for tasks to queue
[2024-09-13T14:40:01.304+0000] {logging_mixin.py:190} INFO - [2024-09-13T14:40:01.304+0000] {dagbag.py:587} INFO - Filling up the DagBag from /home/airflow/.local/lib/python3.12/site-packages/airflow/example_dags/example_setup_teardown.py
[2024-09-13T14:40:01.313+0000] {processor.py:925} INFO - DAG(s) 'example_setup_teardown' retrieved from /home/airflow/.local/lib/python3.12/site-packages/airflow/example_dags/example_setup_teardown.py
[2024-09-13T14:40:01.333+0000] {logging_mixin.py:190} INFO - [2024-09-13T14:40:01.333+0000] {dag.py:3229} INFO - Sync 1 DAGs
[2024-09-13T14:40:01.346+0000] {logging_mixin.py:190} INFO - [2024-09-13T14:40:01.346+0000] {dag.py:4156} INFO - Setting next_dagrun for example_setup_teardown to None, run_after=None
[2024-09-13T14:40:01.364+0000] {processor.py:208} INFO - Processing /home/airflow/.local/lib/python3.12/site-packages/airflow/example_dags/example_setup_teardown.py took 0.070 seconds
[2024-09-13T14:40:32.721+0000] {processor.py:186} INFO - Started process (PID=190) to work on /home/airflow/.local/lib/python3.12/site-packages/airflow/example_dags/example_setup_teardown.py
[2024-09-13T14:40:32.722+0000] {processor.py:914} INFO - Processing file /home/airflow/.local/lib/python3.12/site-packages/airflow/example_dags/example_setup_teardown.py for tasks to queue
[2024-09-13T14:40:32.724+0000] {logging_mixin.py:190} INFO - [2024-09-13T14:40:32.724+0000] {dagbag.py:587} INFO - Filling up the DagBag from /home/airflow/.local/lib/python3.12/site-packages/airflow/example_dags/example_setup_teardown.py
[2024-09-13T14:40:32.732+0000] {processor.py:925} INFO - DAG(s) 'example_setup_teardown' retrieved from /home/airflow/.local/lib/python3.12/site-packages/airflow/example_dags/example_setup_teardown.py
[2024-09-13T14:40:32.755+0000] {logging_mixin.py:190} INFO - [2024-09-13T14:40:32.755+0000] {dag.py:3229} INFO - Sync 1 DAGs
[2024-09-13T14:40:32.769+0000] {logging_mixin.py:190} INFO - [2024-09-13T14:40:32.768+0000] {dag.py:4156} INFO - Setting next_dagrun for example_setup_teardown to None, run_after=None
[2024-09-13T14:40:32.788+0000] {processor.py:208} INFO - Processing /home/airflow/.local/lib/python3.12/site-packages/airflow/example_dags/example_setup_teardown.py took 0.072 seconds
[2024-09-13T14:41:23.929+0000] {processor.py:186} INFO - Started process (PID=59) to work on /home/airflow/.local/lib/python3.12/site-packages/airflow/example_dags/example_setup_teardown.py
[2024-09-13T14:41:23.930+0000] {processor.py:914} INFO - Processing file /home/airflow/.local/lib/python3.12/site-packages/airflow/example_dags/example_setup_teardown.py for tasks to queue
[2024-09-13T14:41:23.931+0000] {logging_mixin.py:190} INFO - [2024-09-13T14:41:23.931+0000] {dagbag.py:587} INFO - Filling up the DagBag from /home/airflow/.local/lib/python3.12/site-packages/airflow/example_dags/example_setup_teardown.py
[2024-09-13T14:41:23.939+0000] {processor.py:925} INFO - DAG(s) 'example_setup_teardown' retrieved from /home/airflow/.local/lib/python3.12/site-packages/airflow/example_dags/example_setup_teardown.py
[2024-09-13T14:41:23.967+0000] {logging_mixin.py:190} INFO - [2024-09-13T14:41:23.967+0000] {dag.py:3229} INFO - Sync 1 DAGs
[2024-09-13T14:41:23.979+0000] {logging_mixin.py:190} INFO - [2024-09-13T14:41:23.979+0000] {dag.py:4156} INFO - Setting next_dagrun for example_setup_teardown to None, run_after=None
[2024-09-13T14:41:23.998+0000] {processor.py:208} INFO - Processing /home/airflow/.local/lib/python3.12/site-packages/airflow/example_dags/example_setup_teardown.py took 0.074 seconds
[2024-09-13T14:41:54.114+0000] {processor.py:186} INFO - Started process (PID=120) to work on /home/airflow/.local/lib/python3.12/site-packages/airflow/example_dags/example_setup_teardown.py
[2024-09-13T14:41:54.115+0000] {processor.py:914} INFO - Processing file /home/airflow/.local/lib/python3.12/site-packages/airflow/example_dags/example_setup_teardown.py for tasks to queue
[2024-09-13T14:41:54.117+0000] {logging_mixin.py:190} INFO - [2024-09-13T14:41:54.117+0000] {dagbag.py:587} INFO - Filling up the DagBag from /home/airflow/.local/lib/python3.12/site-packages/airflow/example_dags/example_setup_teardown.py
[2024-09-13T14:41:54.125+0000] {processor.py:925} INFO - DAG(s) 'example_setup_teardown' retrieved from /home/airflow/.local/lib/python3.12/site-packages/airflow/example_dags/example_setup_teardown.py
[2024-09-13T14:41:54.147+0000] {logging_mixin.py:190} INFO - [2024-09-13T14:41:54.146+0000] {dag.py:3229} INFO - Sync 1 DAGs
[2024-09-13T14:41:54.159+0000] {logging_mixin.py:190} INFO - [2024-09-13T14:41:54.159+0000] {dag.py:4156} INFO - Setting next_dagrun for example_setup_teardown to None, run_after=None
[2024-09-13T14:41:54.179+0000] {processor.py:208} INFO - Processing /home/airflow/.local/lib/python3.12/site-packages/airflow/example_dags/example_setup_teardown.py took 0.070 seconds
[2024-09-13T14:42:25.146+0000] {processor.py:186} INFO - Started process (PID=183) to work on /home/airflow/.local/lib/python3.12/site-packages/airflow/example_dags/example_setup_teardown.py
[2024-09-13T14:42:25.146+0000] {processor.py:914} INFO - Processing file /home/airflow/.local/lib/python3.12/site-packages/airflow/example_dags/example_setup_teardown.py for tasks to queue
[2024-09-13T14:42:25.149+0000] {logging_mixin.py:190} INFO - [2024-09-13T14:42:25.148+0000] {dagbag.py:587} INFO - Filling up the DagBag from /home/airflow/.local/lib/python3.12/site-packages/airflow/example_dags/example_setup_teardown.py
[2024-09-13T14:42:25.156+0000] {processor.py:925} INFO - DAG(s) 'example_setup_teardown' retrieved from /home/airflow/.local/lib/python3.12/site-packages/airflow/example_dags/example_setup_teardown.py
[2024-09-13T14:42:25.179+0000] {logging_mixin.py:190} INFO - [2024-09-13T14:42:25.179+0000] {dag.py:3229} INFO - Sync 1 DAGs
[2024-09-13T14:42:25.193+0000] {logging_mixin.py:190} INFO - [2024-09-13T14:42:25.192+0000] {dag.py:4156} INFO - Setting next_dagrun for example_setup_teardown to None, run_after=None
[2024-09-13T14:42:25.210+0000] {processor.py:208} INFO - Processing /home/airflow/.local/lib/python3.12/site-packages/airflow/example_dags/example_setup_teardown.py took 0.070 seconds
[2024-09-13T14:42:55.942+0000] {processor.py:186} INFO - Started process (PID=245) to work on /home/airflow/.local/lib/python3.12/site-packages/airflow/example_dags/example_setup_teardown.py
[2024-09-13T14:42:55.943+0000] {processor.py:914} INFO - Processing file /home/airflow/.local/lib/python3.12/site-packages/airflow/example_dags/example_setup_teardown.py for tasks to queue
[2024-09-13T14:42:55.946+0000] {logging_mixin.py:190} INFO - [2024-09-13T14:42:55.945+0000] {dagbag.py:587} INFO - Filling up the DagBag from /home/airflow/.local/lib/python3.12/site-packages/airflow/example_dags/example_setup_teardown.py
[2024-09-13T14:42:55.955+0000] {processor.py:925} INFO - DAG(s) 'example_setup_teardown' retrieved from /home/airflow/.local/lib/python3.12/site-packages/airflow/example_dags/example_setup_teardown.py
[2024-09-13T14:42:55.978+0000] {logging_mixin.py:190} INFO - [2024-09-13T14:42:55.978+0000] {dag.py:3229} INFO - Sync 1 DAGs
[2024-09-13T14:42:55.993+0000] {logging_mixin.py:190} INFO - [2024-09-13T14:42:55.992+0000] {dag.py:4156} INFO - Setting next_dagrun for example_setup_teardown to None, run_after=None
[2024-09-13T14:42:56.013+0000] {processor.py:208} INFO - Processing /home/airflow/.local/lib/python3.12/site-packages/airflow/example_dags/example_setup_teardown.py took 0.076 seconds
