[2024-09-13T14:34:31.632+0000] {processor.py:186} INFO - Started process (PID=60) to work on /home/airflow/.local/lib/python3.12/site-packages/airflow/example_dags/example_xcomargs.py
[2024-09-13T14:34:31.633+0000] {processor.py:914} INFO - Processing file /home/airflow/.local/lib/python3.12/site-packages/airflow/example_dags/example_xcomargs.py for tasks to queue
[2024-09-13T14:34:31.637+0000] {logging_mixin.py:190} INFO - [2024-09-13T14:34:31.636+0000] {dagbag.py:587} INFO - Filling up the DagBag from /home/airflow/.local/lib/python3.12/site-packages/airflow/example_dags/example_xcomargs.py
[2024-09-13T14:34:31.657+0000] {processor.py:925} INFO - DAG(s) 'example_xcom_args', 'example_xcom_args_with_operators' retrieved from /home/airflow/.local/lib/python3.12/site-packages/airflow/example_dags/example_xcomargs.py
[2024-09-13T14:34:31.938+0000] {logging_mixin.py:190} INFO - [2024-09-13T14:34:31.935+0000] {override.py:1900} INFO - Created Permission View: can read on DAG:example_xcom_args
[2024-09-13T14:34:31.946+0000] {logging_mixin.py:190} INFO - [2024-09-13T14:34:31.946+0000] {override.py:1900} INFO - Created Permission View: can delete on DAG:example_xcom_args
[2024-09-13T14:34:31.952+0000] {logging_mixin.py:190} INFO - [2024-09-13T14:34:31.952+0000] {override.py:1900} INFO - Created Permission View: can edit on DAG:example_xcom_args
[2024-09-13T14:34:31.959+0000] {logging_mixin.py:190} INFO - [2024-09-13T14:34:31.959+0000] {override.py:1900} INFO - Created Permission View: can create on DAG Run:example_xcom_args
[2024-09-13T14:34:31.968+0000] {logging_mixin.py:190} INFO - [2024-09-13T14:34:31.968+0000] {override.py:1900} INFO - Created Permission View: menu access on DAG Run:example_xcom_args
[2024-09-13T14:34:31.978+0000] {logging_mixin.py:190} INFO - [2024-09-13T14:34:31.978+0000] {override.py:1900} INFO - Created Permission View: can read on DAG Run:example_xcom_args
[2024-09-13T14:34:31.988+0000] {logging_mixin.py:190} INFO - [2024-09-13T14:34:31.988+0000] {override.py:1900} INFO - Created Permission View: can delete on DAG Run:example_xcom_args
[2024-09-13T14:34:32.005+0000] {logging_mixin.py:190} INFO - [2024-09-13T14:34:32.005+0000] {override.py:1900} INFO - Created Permission View: can read on DAG:example_xcom_args_with_operators
[2024-09-13T14:34:32.014+0000] {logging_mixin.py:190} INFO - [2024-09-13T14:34:32.013+0000] {override.py:1900} INFO - Created Permission View: can delete on DAG:example_xcom_args_with_operators
[2024-09-13T14:34:32.022+0000] {logging_mixin.py:190} INFO - [2024-09-13T14:34:32.021+0000] {override.py:1900} INFO - Created Permission View: can edit on DAG:example_xcom_args_with_operators
[2024-09-13T14:34:32.034+0000] {logging_mixin.py:190} INFO - [2024-09-13T14:34:32.033+0000] {override.py:1900} INFO - Created Permission View: can create on DAG Run:example_xcom_args_with_operators
[2024-09-13T14:34:32.042+0000] {logging_mixin.py:190} INFO - [2024-09-13T14:34:32.042+0000] {override.py:1900} INFO - Created Permission View: menu access on DAG Run:example_xcom_args_with_operators
[2024-09-13T14:34:32.049+0000] {logging_mixin.py:190} INFO - [2024-09-13T14:34:32.049+0000] {override.py:1900} INFO - Created Permission View: can read on DAG Run:example_xcom_args_with_operators
[2024-09-13T14:34:32.057+0000] {logging_mixin.py:190} INFO - [2024-09-13T14:34:32.057+0000] {override.py:1900} INFO - Created Permission View: can delete on DAG Run:example_xcom_args_with_operators
[2024-09-13T14:34:32.057+0000] {logging_mixin.py:190} INFO - [2024-09-13T14:34:32.057+0000] {dag.py:3229} INFO - Sync 2 DAGs
[2024-09-13T14:34:32.069+0000] {logging_mixin.py:190} INFO - [2024-09-13T14:34:32.069+0000] {dag.py:3252} INFO - Creating ORM DAG for example_xcom_args
[2024-09-13T14:34:32.070+0000] {logging_mixin.py:190} INFO - [2024-09-13T14:34:32.070+0000] {dag.py:3252} INFO - Creating ORM DAG for example_xcom_args_with_operators
[2024-09-13T14:34:32.071+0000] {logging_mixin.py:190} INFO - [2024-09-13T14:34:32.071+0000] {dag.py:4156} INFO - Setting next_dagrun for example_xcom_args to None, run_after=None
[2024-09-13T14:34:32.072+0000] {logging_mixin.py:190} INFO - [2024-09-13T14:34:32.071+0000] {dag.py:4156} INFO - Setting next_dagrun for example_xcom_args_with_operators to None, run_after=None
[2024-09-13T14:34:32.099+0000] {processor.py:208} INFO - Processing /home/airflow/.local/lib/python3.12/site-packages/airflow/example_dags/example_xcomargs.py took 0.474 seconds
[2024-09-13T14:35:02.435+0000] {processor.py:186} INFO - Started process (PID=122) to work on /home/airflow/.local/lib/python3.12/site-packages/airflow/example_dags/example_xcomargs.py
[2024-09-13T14:35:02.436+0000] {processor.py:914} INFO - Processing file /home/airflow/.local/lib/python3.12/site-packages/airflow/example_dags/example_xcomargs.py for tasks to queue
[2024-09-13T14:35:02.439+0000] {logging_mixin.py:190} INFO - [2024-09-13T14:35:02.438+0000] {dagbag.py:587} INFO - Filling up the DagBag from /home/airflow/.local/lib/python3.12/site-packages/airflow/example_dags/example_xcomargs.py
[2024-09-13T14:35:02.451+0000] {processor.py:925} INFO - DAG(s) 'example_xcom_args', 'example_xcom_args_with_operators' retrieved from /home/airflow/.local/lib/python3.12/site-packages/airflow/example_dags/example_xcomargs.py
[2024-09-13T14:35:02.477+0000] {logging_mixin.py:190} INFO - [2024-09-13T14:35:02.477+0000] {dag.py:3229} INFO - Sync 2 DAGs
[2024-09-13T14:35:02.490+0000] {logging_mixin.py:190} INFO - [2024-09-13T14:35:02.490+0000] {dag.py:4156} INFO - Setting next_dagrun for example_xcom_args to None, run_after=None
[2024-09-13T14:35:02.493+0000] {logging_mixin.py:190} INFO - [2024-09-13T14:35:02.493+0000] {dag.py:4156} INFO - Setting next_dagrun for example_xcom_args_with_operators to None, run_after=None
[2024-09-13T14:35:02.510+0000] {processor.py:208} INFO - Processing /home/airflow/.local/lib/python3.12/site-packages/airflow/example_dags/example_xcomargs.py took 0.082 seconds
[2024-09-13T14:35:32.613+0000] {processor.py:186} INFO - Started process (PID=184) to work on /home/airflow/.local/lib/python3.12/site-packages/airflow/example_dags/example_xcomargs.py
[2024-09-13T14:35:32.615+0000] {processor.py:914} INFO - Processing file /home/airflow/.local/lib/python3.12/site-packages/airflow/example_dags/example_xcomargs.py for tasks to queue
[2024-09-13T14:35:32.617+0000] {logging_mixin.py:190} INFO - [2024-09-13T14:35:32.617+0000] {dagbag.py:587} INFO - Filling up the DagBag from /home/airflow/.local/lib/python3.12/site-packages/airflow/example_dags/example_xcomargs.py
[2024-09-13T14:35:32.637+0000] {processor.py:925} INFO - DAG(s) 'example_xcom_args', 'example_xcom_args_with_operators' retrieved from /home/airflow/.local/lib/python3.12/site-packages/airflow/example_dags/example_xcomargs.py
[2024-09-13T14:35:32.702+0000] {logging_mixin.py:190} INFO - [2024-09-13T14:35:32.701+0000] {dag.py:3229} INFO - Sync 2 DAGs
[2024-09-13T14:35:32.723+0000] {logging_mixin.py:190} INFO - [2024-09-13T14:35:32.722+0000] {dag.py:4156} INFO - Setting next_dagrun for example_xcom_args to None, run_after=None
[2024-09-13T14:35:32.727+0000] {logging_mixin.py:190} INFO - [2024-09-13T14:35:32.727+0000] {dag.py:4156} INFO - Setting next_dagrun for example_xcom_args_with_operators to None, run_after=None
[2024-09-13T14:35:32.746+0000] {processor.py:208} INFO - Processing /home/airflow/.local/lib/python3.12/site-packages/airflow/example_dags/example_xcomargs.py took 0.140 seconds
[2024-09-13T14:36:03.259+0000] {processor.py:186} INFO - Started process (PID=246) to work on /home/airflow/.local/lib/python3.12/site-packages/airflow/example_dags/example_xcomargs.py
[2024-09-13T14:36:03.261+0000] {processor.py:914} INFO - Processing file /home/airflow/.local/lib/python3.12/site-packages/airflow/example_dags/example_xcomargs.py for tasks to queue
[2024-09-13T14:36:03.264+0000] {logging_mixin.py:190} INFO - [2024-09-13T14:36:03.263+0000] {dagbag.py:587} INFO - Filling up the DagBag from /home/airflow/.local/lib/python3.12/site-packages/airflow/example_dags/example_xcomargs.py
[2024-09-13T14:36:03.282+0000] {processor.py:925} INFO - DAG(s) 'example_xcom_args_with_operators', 'example_xcom_args' retrieved from /home/airflow/.local/lib/python3.12/site-packages/airflow/example_dags/example_xcomargs.py
[2024-09-13T14:36:03.334+0000] {logging_mixin.py:190} INFO - [2024-09-13T14:36:03.334+0000] {dag.py:3229} INFO - Sync 2 DAGs
[2024-09-13T14:36:03.347+0000] {logging_mixin.py:190} INFO - [2024-09-13T14:36:03.346+0000] {dag.py:4156} INFO - Setting next_dagrun for example_xcom_args to None, run_after=None
[2024-09-13T14:36:03.350+0000] {logging_mixin.py:190} INFO - [2024-09-13T14:36:03.350+0000] {dag.py:4156} INFO - Setting next_dagrun for example_xcom_args_with_operators to None, run_after=None
[2024-09-13T14:36:03.366+0000] {processor.py:208} INFO - Processing /home/airflow/.local/lib/python3.12/site-packages/airflow/example_dags/example_xcomargs.py took 0.116 seconds
[2024-09-13T14:36:33.465+0000] {processor.py:186} INFO - Started process (PID=308) to work on /home/airflow/.local/lib/python3.12/site-packages/airflow/example_dags/example_xcomargs.py
[2024-09-13T14:36:33.467+0000] {processor.py:914} INFO - Processing file /home/airflow/.local/lib/python3.12/site-packages/airflow/example_dags/example_xcomargs.py for tasks to queue
[2024-09-13T14:36:33.470+0000] {logging_mixin.py:190} INFO - [2024-09-13T14:36:33.469+0000] {dagbag.py:587} INFO - Filling up the DagBag from /home/airflow/.local/lib/python3.12/site-packages/airflow/example_dags/example_xcomargs.py
[2024-09-13T14:36:33.485+0000] {processor.py:925} INFO - DAG(s) 'example_xcom_args', 'example_xcom_args_with_operators' retrieved from /home/airflow/.local/lib/python3.12/site-packages/airflow/example_dags/example_xcomargs.py
[2024-09-13T14:36:33.515+0000] {logging_mixin.py:190} INFO - [2024-09-13T14:36:33.515+0000] {dag.py:3229} INFO - Sync 2 DAGs
[2024-09-13T14:36:33.530+0000] {logging_mixin.py:190} INFO - [2024-09-13T14:36:33.530+0000] {dag.py:4156} INFO - Setting next_dagrun for example_xcom_args to None, run_after=None
[2024-09-13T14:36:33.534+0000] {logging_mixin.py:190} INFO - [2024-09-13T14:36:33.533+0000] {dag.py:4156} INFO - Setting next_dagrun for example_xcom_args_with_operators to None, run_after=None
[2024-09-13T14:36:33.551+0000] {processor.py:208} INFO - Processing /home/airflow/.local/lib/python3.12/site-packages/airflow/example_dags/example_xcomargs.py took 0.093 seconds
[2024-09-13T14:37:04.470+0000] {processor.py:186} INFO - Started process (PID=370) to work on /home/airflow/.local/lib/python3.12/site-packages/airflow/example_dags/example_xcomargs.py
[2024-09-13T14:37:04.471+0000] {processor.py:914} INFO - Processing file /home/airflow/.local/lib/python3.12/site-packages/airflow/example_dags/example_xcomargs.py for tasks to queue
[2024-09-13T14:37:04.474+0000] {logging_mixin.py:190} INFO - [2024-09-13T14:37:04.473+0000] {dagbag.py:587} INFO - Filling up the DagBag from /home/airflow/.local/lib/python3.12/site-packages/airflow/example_dags/example_xcomargs.py
[2024-09-13T14:37:04.492+0000] {processor.py:925} INFO - DAG(s) 'example_xcom_args', 'example_xcom_args_with_operators' retrieved from /home/airflow/.local/lib/python3.12/site-packages/airflow/example_dags/example_xcomargs.py
[2024-09-13T14:37:04.519+0000] {logging_mixin.py:190} INFO - [2024-09-13T14:37:04.518+0000] {dag.py:3229} INFO - Sync 2 DAGs
[2024-09-13T14:37:04.530+0000] {logging_mixin.py:190} INFO - [2024-09-13T14:37:04.530+0000] {dag.py:4156} INFO - Setting next_dagrun for example_xcom_args to None, run_after=None
[2024-09-13T14:37:04.533+0000] {logging_mixin.py:190} INFO - [2024-09-13T14:37:04.533+0000] {dag.py:4156} INFO - Setting next_dagrun for example_xcom_args_with_operators to None, run_after=None
[2024-09-13T14:37:04.548+0000] {processor.py:208} INFO - Processing /home/airflow/.local/lib/python3.12/site-packages/airflow/example_dags/example_xcomargs.py took 0.086 seconds
[2024-09-13T14:37:35.294+0000] {processor.py:186} INFO - Started process (PID=432) to work on /home/airflow/.local/lib/python3.12/site-packages/airflow/example_dags/example_xcomargs.py
[2024-09-13T14:37:35.296+0000] {processor.py:914} INFO - Processing file /home/airflow/.local/lib/python3.12/site-packages/airflow/example_dags/example_xcomargs.py for tasks to queue
[2024-09-13T14:37:35.299+0000] {logging_mixin.py:190} INFO - [2024-09-13T14:37:35.298+0000] {dagbag.py:587} INFO - Filling up the DagBag from /home/airflow/.local/lib/python3.12/site-packages/airflow/example_dags/example_xcomargs.py
[2024-09-13T14:37:35.318+0000] {processor.py:925} INFO - DAG(s) 'example_xcom_args_with_operators', 'example_xcom_args' retrieved from /home/airflow/.local/lib/python3.12/site-packages/airflow/example_dags/example_xcomargs.py
[2024-09-13T14:37:35.360+0000] {logging_mixin.py:190} INFO - [2024-09-13T14:37:35.360+0000] {dag.py:3229} INFO - Sync 2 DAGs
[2024-09-13T14:37:35.375+0000] {logging_mixin.py:190} INFO - [2024-09-13T14:37:35.375+0000] {dag.py:4156} INFO - Setting next_dagrun for example_xcom_args to None, run_after=None
[2024-09-13T14:37:35.378+0000] {logging_mixin.py:190} INFO - [2024-09-13T14:37:35.378+0000] {dag.py:4156} INFO - Setting next_dagrun for example_xcom_args_with_operators to None, run_after=None
[2024-09-13T14:37:35.395+0000] {processor.py:208} INFO - Processing /home/airflow/.local/lib/python3.12/site-packages/airflow/example_dags/example_xcomargs.py took 0.111 seconds
[2024-09-13T14:38:05.829+0000] {processor.py:186} INFO - Started process (PID=494) to work on /home/airflow/.local/lib/python3.12/site-packages/airflow/example_dags/example_xcomargs.py
[2024-09-13T14:38:05.831+0000] {processor.py:914} INFO - Processing file /home/airflow/.local/lib/python3.12/site-packages/airflow/example_dags/example_xcomargs.py for tasks to queue
[2024-09-13T14:38:05.834+0000] {logging_mixin.py:190} INFO - [2024-09-13T14:38:05.833+0000] {dagbag.py:587} INFO - Filling up the DagBag from /home/airflow/.local/lib/python3.12/site-packages/airflow/example_dags/example_xcomargs.py
[2024-09-13T14:38:05.855+0000] {processor.py:925} INFO - DAG(s) 'example_xcom_args_with_operators', 'example_xcom_args' retrieved from /home/airflow/.local/lib/python3.12/site-packages/airflow/example_dags/example_xcomargs.py
[2024-09-13T14:38:05.892+0000] {logging_mixin.py:190} INFO - [2024-09-13T14:38:05.892+0000] {dag.py:3229} INFO - Sync 2 DAGs
[2024-09-13T14:38:05.906+0000] {logging_mixin.py:190} INFO - [2024-09-13T14:38:05.906+0000] {dag.py:4156} INFO - Setting next_dagrun for example_xcom_args to None, run_after=None
[2024-09-13T14:38:05.910+0000] {logging_mixin.py:190} INFO - [2024-09-13T14:38:05.910+0000] {dag.py:4156} INFO - Setting next_dagrun for example_xcom_args_with_operators to None, run_after=None
[2024-09-13T14:38:05.925+0000] {processor.py:208} INFO - Processing /home/airflow/.local/lib/python3.12/site-packages/airflow/example_dags/example_xcomargs.py took 0.106 seconds
[2024-09-13T14:39:30.419+0000] {processor.py:186} INFO - Started process (PID=54) to work on /home/airflow/.local/lib/python3.12/site-packages/airflow/example_dags/example_xcomargs.py
[2024-09-13T14:39:30.420+0000] {processor.py:914} INFO - Processing file /home/airflow/.local/lib/python3.12/site-packages/airflow/example_dags/example_xcomargs.py for tasks to queue
[2024-09-13T14:39:30.424+0000] {logging_mixin.py:190} INFO - [2024-09-13T14:39:30.423+0000] {dagbag.py:587} INFO - Filling up the DagBag from /home/airflow/.local/lib/python3.12/site-packages/airflow/example_dags/example_xcomargs.py
[2024-09-13T14:39:30.446+0000] {processor.py:925} INFO - DAG(s) 'example_xcom_args_with_operators', 'example_xcom_args' retrieved from /home/airflow/.local/lib/python3.12/site-packages/airflow/example_dags/example_xcomargs.py
[2024-09-13T14:39:30.506+0000] {logging_mixin.py:190} INFO - [2024-09-13T14:39:30.506+0000] {dag.py:3229} INFO - Sync 2 DAGs
[2024-09-13T14:39:30.526+0000] {logging_mixin.py:190} INFO - [2024-09-13T14:39:30.525+0000] {dag.py:4156} INFO - Setting next_dagrun for example_xcom_args to None, run_after=None
[2024-09-13T14:39:30.530+0000] {logging_mixin.py:190} INFO - [2024-09-13T14:39:30.530+0000] {dag.py:4156} INFO - Setting next_dagrun for example_xcom_args_with_operators to None, run_after=None
[2024-09-13T14:39:30.548+0000] {processor.py:208} INFO - Processing /home/airflow/.local/lib/python3.12/site-packages/airflow/example_dags/example_xcomargs.py took 0.135 seconds
[2024-09-13T14:40:01.069+0000] {processor.py:186} INFO - Started process (PID=122) to work on /home/airflow/.local/lib/python3.12/site-packages/airflow/example_dags/example_xcomargs.py
[2024-09-13T14:40:01.070+0000] {processor.py:914} INFO - Processing file /home/airflow/.local/lib/python3.12/site-packages/airflow/example_dags/example_xcomargs.py for tasks to queue
[2024-09-13T14:40:01.072+0000] {logging_mixin.py:190} INFO - [2024-09-13T14:40:01.072+0000] {dagbag.py:587} INFO - Filling up the DagBag from /home/airflow/.local/lib/python3.12/site-packages/airflow/example_dags/example_xcomargs.py
[2024-09-13T14:40:01.085+0000] {processor.py:925} INFO - DAG(s) 'example_xcom_args', 'example_xcom_args_with_operators' retrieved from /home/airflow/.local/lib/python3.12/site-packages/airflow/example_dags/example_xcomargs.py
[2024-09-13T14:40:01.111+0000] {logging_mixin.py:190} INFO - [2024-09-13T14:40:01.110+0000] {dag.py:3229} INFO - Sync 2 DAGs
[2024-09-13T14:40:01.124+0000] {logging_mixin.py:190} INFO - [2024-09-13T14:40:01.124+0000] {dag.py:4156} INFO - Setting next_dagrun for example_xcom_args to None, run_after=None
[2024-09-13T14:40:01.128+0000] {logging_mixin.py:190} INFO - [2024-09-13T14:40:01.128+0000] {dag.py:4156} INFO - Setting next_dagrun for example_xcom_args_with_operators to None, run_after=None
[2024-09-13T14:40:01.143+0000] {processor.py:208} INFO - Processing /home/airflow/.local/lib/python3.12/site-packages/airflow/example_dags/example_xcomargs.py took 0.080 seconds
[2024-09-13T14:40:32.064+0000] {processor.py:186} INFO - Started process (PID=184) to work on /home/airflow/.local/lib/python3.12/site-packages/airflow/example_dags/example_xcomargs.py
[2024-09-13T14:40:32.065+0000] {processor.py:914} INFO - Processing file /home/airflow/.local/lib/python3.12/site-packages/airflow/example_dags/example_xcomargs.py for tasks to queue
[2024-09-13T14:40:32.067+0000] {logging_mixin.py:190} INFO - [2024-09-13T14:40:32.067+0000] {dagbag.py:587} INFO - Filling up the DagBag from /home/airflow/.local/lib/python3.12/site-packages/airflow/example_dags/example_xcomargs.py
[2024-09-13T14:40:32.082+0000] {processor.py:925} INFO - DAG(s) 'example_xcom_args', 'example_xcom_args_with_operators' retrieved from /home/airflow/.local/lib/python3.12/site-packages/airflow/example_dags/example_xcomargs.py
[2024-09-13T14:40:32.112+0000] {logging_mixin.py:190} INFO - [2024-09-13T14:40:32.112+0000] {dag.py:3229} INFO - Sync 2 DAGs
[2024-09-13T14:40:32.125+0000] {logging_mixin.py:190} INFO - [2024-09-13T14:40:32.125+0000] {dag.py:4156} INFO - Setting next_dagrun for example_xcom_args to None, run_after=None
[2024-09-13T14:40:32.128+0000] {logging_mixin.py:190} INFO - [2024-09-13T14:40:32.128+0000] {dag.py:4156} INFO - Setting next_dagrun for example_xcom_args_with_operators to None, run_after=None
[2024-09-13T14:40:32.144+0000] {processor.py:208} INFO - Processing /home/airflow/.local/lib/python3.12/site-packages/airflow/example_dags/example_xcomargs.py took 0.085 seconds
[2024-09-13T14:41:23.474+0000] {processor.py:186} INFO - Started process (PID=53) to work on /home/airflow/.local/lib/python3.12/site-packages/airflow/example_dags/example_xcomargs.py
[2024-09-13T14:41:23.475+0000] {processor.py:914} INFO - Processing file /home/airflow/.local/lib/python3.12/site-packages/airflow/example_dags/example_xcomargs.py for tasks to queue
[2024-09-13T14:41:23.477+0000] {logging_mixin.py:190} INFO - [2024-09-13T14:41:23.477+0000] {dagbag.py:587} INFO - Filling up the DagBag from /home/airflow/.local/lib/python3.12/site-packages/airflow/example_dags/example_xcomargs.py
[2024-09-13T14:41:23.491+0000] {processor.py:925} INFO - DAG(s) 'example_xcom_args_with_operators', 'example_xcom_args' retrieved from /home/airflow/.local/lib/python3.12/site-packages/airflow/example_dags/example_xcomargs.py
[2024-09-13T14:41:23.535+0000] {logging_mixin.py:190} INFO - [2024-09-13T14:41:23.535+0000] {dag.py:3229} INFO - Sync 2 DAGs
[2024-09-13T14:41:23.562+0000] {logging_mixin.py:190} INFO - [2024-09-13T14:41:23.562+0000] {dag.py:4156} INFO - Setting next_dagrun for example_xcom_args to None, run_after=None
[2024-09-13T14:41:23.568+0000] {logging_mixin.py:190} INFO - [2024-09-13T14:41:23.568+0000] {dag.py:4156} INFO - Setting next_dagrun for example_xcom_args_with_operators to None, run_after=None
[2024-09-13T14:41:23.586+0000] {processor.py:208} INFO - Processing /home/airflow/.local/lib/python3.12/site-packages/airflow/example_dags/example_xcomargs.py took 0.119 seconds
[2024-09-13T14:41:53.795+0000] {processor.py:186} INFO - Started process (PID=115) to work on /home/airflow/.local/lib/python3.12/site-packages/airflow/example_dags/example_xcomargs.py
[2024-09-13T14:41:53.796+0000] {processor.py:914} INFO - Processing file /home/airflow/.local/lib/python3.12/site-packages/airflow/example_dags/example_xcomargs.py for tasks to queue
[2024-09-13T14:41:53.798+0000] {logging_mixin.py:190} INFO - [2024-09-13T14:41:53.798+0000] {dagbag.py:587} INFO - Filling up the DagBag from /home/airflow/.local/lib/python3.12/site-packages/airflow/example_dags/example_xcomargs.py
[2024-09-13T14:41:53.809+0000] {processor.py:925} INFO - DAG(s) 'example_xcom_args', 'example_xcom_args_with_operators' retrieved from /home/airflow/.local/lib/python3.12/site-packages/airflow/example_dags/example_xcomargs.py
[2024-09-13T14:41:53.832+0000] {logging_mixin.py:190} INFO - [2024-09-13T14:41:53.832+0000] {dag.py:3229} INFO - Sync 2 DAGs
[2024-09-13T14:41:53.844+0000] {logging_mixin.py:190} INFO - [2024-09-13T14:41:53.844+0000] {dag.py:4156} INFO - Setting next_dagrun for example_xcom_args to None, run_after=None
[2024-09-13T14:41:53.848+0000] {logging_mixin.py:190} INFO - [2024-09-13T14:41:53.847+0000] {dag.py:4156} INFO - Setting next_dagrun for example_xcom_args_with_operators to None, run_after=None
[2024-09-13T14:41:53.862+0000] {processor.py:208} INFO - Processing /home/airflow/.local/lib/python3.12/site-packages/airflow/example_dags/example_xcomargs.py took 0.072 seconds
[2024-09-13T14:42:24.489+0000] {processor.py:186} INFO - Started process (PID=177) to work on /home/airflow/.local/lib/python3.12/site-packages/airflow/example_dags/example_xcomargs.py
[2024-09-13T14:42:24.490+0000] {processor.py:914} INFO - Processing file /home/airflow/.local/lib/python3.12/site-packages/airflow/example_dags/example_xcomargs.py for tasks to queue
[2024-09-13T14:42:24.494+0000] {logging_mixin.py:190} INFO - [2024-09-13T14:42:24.492+0000] {dagbag.py:587} INFO - Filling up the DagBag from /home/airflow/.local/lib/python3.12/site-packages/airflow/example_dags/example_xcomargs.py
[2024-09-13T14:42:24.515+0000] {processor.py:925} INFO - DAG(s) 'example_xcom_args', 'example_xcom_args_with_operators' retrieved from /home/airflow/.local/lib/python3.12/site-packages/airflow/example_dags/example_xcomargs.py
[2024-09-13T14:42:24.547+0000] {logging_mixin.py:190} INFO - [2024-09-13T14:42:24.547+0000] {dag.py:3229} INFO - Sync 2 DAGs
[2024-09-13T14:42:24.562+0000] {logging_mixin.py:190} INFO - [2024-09-13T14:42:24.561+0000] {dag.py:4156} INFO - Setting next_dagrun for example_xcom_args to None, run_after=None
[2024-09-13T14:42:24.567+0000] {logging_mixin.py:190} INFO - [2024-09-13T14:42:24.566+0000] {dag.py:4156} INFO - Setting next_dagrun for example_xcom_args_with_operators to None, run_after=None
[2024-09-13T14:42:24.591+0000] {processor.py:208} INFO - Processing /home/airflow/.local/lib/python3.12/site-packages/airflow/example_dags/example_xcomargs.py took 0.109 seconds
[2024-09-13T14:42:54.647+0000] {processor.py:186} INFO - Started process (PID=240) to work on /home/airflow/.local/lib/python3.12/site-packages/airflow/example_dags/example_xcomargs.py
[2024-09-13T14:42:54.648+0000] {processor.py:914} INFO - Processing file /home/airflow/.local/lib/python3.12/site-packages/airflow/example_dags/example_xcomargs.py for tasks to queue
[2024-09-13T14:42:54.651+0000] {logging_mixin.py:190} INFO - [2024-09-13T14:42:54.650+0000] {dagbag.py:587} INFO - Filling up the DagBag from /home/airflow/.local/lib/python3.12/site-packages/airflow/example_dags/example_xcomargs.py
[2024-09-13T14:42:54.668+0000] {processor.py:925} INFO - DAG(s) 'example_xcom_args', 'example_xcom_args_with_operators' retrieved from /home/airflow/.local/lib/python3.12/site-packages/airflow/example_dags/example_xcomargs.py
[2024-09-13T14:42:54.709+0000] {logging_mixin.py:190} INFO - [2024-09-13T14:42:54.709+0000] {dag.py:3229} INFO - Sync 2 DAGs
[2024-09-13T14:42:54.725+0000] {logging_mixin.py:190} INFO - [2024-09-13T14:42:54.724+0000] {dag.py:4156} INFO - Setting next_dagrun for example_xcom_args to None, run_after=None
[2024-09-13T14:42:54.729+0000] {logging_mixin.py:190} INFO - [2024-09-13T14:42:54.728+0000] {dag.py:4156} INFO - Setting next_dagrun for example_xcom_args_with_operators to None, run_after=None
[2024-09-13T14:42:54.790+0000] {processor.py:208} INFO - Processing /home/airflow/.local/lib/python3.12/site-packages/airflow/example_dags/example_xcomargs.py took 0.148 seconds
