[2024-09-13T14:34:37.199+0000] {processor.py:186} INFO - Started process (PID=95) to work on /home/airflow/.local/lib/python3.12/site-packages/airflow/example_dags/example_trigger_target_dag.py
[2024-09-13T14:34:37.200+0000] {processor.py:914} INFO - Processing file /home/airflow/.local/lib/python3.12/site-packages/airflow/example_dags/example_trigger_target_dag.py for tasks to queue
[2024-09-13T14:34:37.202+0000] {logging_mixin.py:190} INFO - [2024-09-13T14:34:37.201+0000] {dagbag.py:587} INFO - Filling up the DagBag from /home/airflow/.local/lib/python3.12/site-packages/airflow/example_dags/example_trigger_target_dag.py
[2024-09-13T14:34:37.210+0000] {processor.py:925} INFO - DAG(s) 'example_trigger_target_dag' retrieved from /home/airflow/.local/lib/python3.12/site-packages/airflow/example_dags/example_trigger_target_dag.py
[2024-09-13T14:34:37.303+0000] {logging_mixin.py:190} INFO - [2024-09-13T14:34:37.302+0000] {override.py:1900} INFO - Created Permission View: can read on DAG:example_trigger_target_dag
[2024-09-13T14:34:37.311+0000] {logging_mixin.py:190} INFO - [2024-09-13T14:34:37.311+0000] {override.py:1900} INFO - Created Permission View: can delete on DAG:example_trigger_target_dag
[2024-09-13T14:34:37.317+0000] {logging_mixin.py:190} INFO - [2024-09-13T14:34:37.316+0000] {override.py:1900} INFO - Created Permission View: can edit on DAG:example_trigger_target_dag
[2024-09-13T14:34:37.323+0000] {logging_mixin.py:190} INFO - [2024-09-13T14:34:37.322+0000] {override.py:1900} INFO - Created Permission View: can create on DAG Run:example_trigger_target_dag
[2024-09-13T14:34:37.328+0000] {logging_mixin.py:190} INFO - [2024-09-13T14:34:37.328+0000] {override.py:1900} INFO - Created Permission View: menu access on DAG Run:example_trigger_target_dag
[2024-09-13T14:34:37.334+0000] {logging_mixin.py:190} INFO - [2024-09-13T14:34:37.333+0000] {override.py:1900} INFO - Created Permission View: can read on DAG Run:example_trigger_target_dag
[2024-09-13T14:34:37.339+0000] {logging_mixin.py:190} INFO - [2024-09-13T14:34:37.339+0000] {override.py:1900} INFO - Created Permission View: can delete on DAG Run:example_trigger_target_dag
[2024-09-13T14:34:37.340+0000] {logging_mixin.py:190} INFO - [2024-09-13T14:34:37.340+0000] {dag.py:3229} INFO - Sync 1 DAGs
[2024-09-13T14:34:37.350+0000] {logging_mixin.py:190} INFO - [2024-09-13T14:34:37.350+0000] {dag.py:3252} INFO - Creating ORM DAG for example_trigger_target_dag
[2024-09-13T14:34:37.351+0000] {logging_mixin.py:190} INFO - [2024-09-13T14:34:37.351+0000] {dag.py:4156} INFO - Setting next_dagrun for example_trigger_target_dag to None, run_after=None
[2024-09-13T14:34:37.365+0000] {processor.py:208} INFO - Processing /home/airflow/.local/lib/python3.12/site-packages/airflow/example_dags/example_trigger_target_dag.py took 0.172 seconds
[2024-09-13T14:35:07.575+0000] {processor.py:186} INFO - Started process (PID=157) to work on /home/airflow/.local/lib/python3.12/site-packages/airflow/example_dags/example_trigger_target_dag.py
[2024-09-13T14:35:07.576+0000] {processor.py:914} INFO - Processing file /home/airflow/.local/lib/python3.12/site-packages/airflow/example_dags/example_trigger_target_dag.py for tasks to queue
[2024-09-13T14:35:07.578+0000] {logging_mixin.py:190} INFO - [2024-09-13T14:35:07.577+0000] {dagbag.py:587} INFO - Filling up the DagBag from /home/airflow/.local/lib/python3.12/site-packages/airflow/example_dags/example_trigger_target_dag.py
[2024-09-13T14:35:07.585+0000] {processor.py:925} INFO - DAG(s) 'example_trigger_target_dag' retrieved from /home/airflow/.local/lib/python3.12/site-packages/airflow/example_dags/example_trigger_target_dag.py
[2024-09-13T14:35:07.605+0000] {logging_mixin.py:190} INFO - [2024-09-13T14:35:07.605+0000] {dag.py:3229} INFO - Sync 1 DAGs
[2024-09-13T14:35:07.617+0000] {logging_mixin.py:190} INFO - [2024-09-13T14:35:07.617+0000] {dag.py:4156} INFO - Setting next_dagrun for example_trigger_target_dag to None, run_after=None
[2024-09-13T14:35:07.636+0000] {processor.py:208} INFO - Processing /home/airflow/.local/lib/python3.12/site-packages/airflow/example_dags/example_trigger_target_dag.py took 0.066 seconds
[2024-09-13T14:35:37.891+0000] {processor.py:186} INFO - Started process (PID=219) to work on /home/airflow/.local/lib/python3.12/site-packages/airflow/example_dags/example_trigger_target_dag.py
[2024-09-13T14:35:37.892+0000] {processor.py:914} INFO - Processing file /home/airflow/.local/lib/python3.12/site-packages/airflow/example_dags/example_trigger_target_dag.py for tasks to queue
[2024-09-13T14:35:37.894+0000] {logging_mixin.py:190} INFO - [2024-09-13T14:35:37.894+0000] {dagbag.py:587} INFO - Filling up the DagBag from /home/airflow/.local/lib/python3.12/site-packages/airflow/example_dags/example_trigger_target_dag.py
[2024-09-13T14:35:37.901+0000] {processor.py:925} INFO - DAG(s) 'example_trigger_target_dag' retrieved from /home/airflow/.local/lib/python3.12/site-packages/airflow/example_dags/example_trigger_target_dag.py
[2024-09-13T14:35:37.922+0000] {logging_mixin.py:190} INFO - [2024-09-13T14:35:37.921+0000] {dag.py:3229} INFO - Sync 1 DAGs
[2024-09-13T14:35:37.937+0000] {logging_mixin.py:190} INFO - [2024-09-13T14:35:37.937+0000] {dag.py:4156} INFO - Setting next_dagrun for example_trigger_target_dag to None, run_after=None
[2024-09-13T14:35:37.953+0000] {processor.py:208} INFO - Processing /home/airflow/.local/lib/python3.12/site-packages/airflow/example_dags/example_trigger_target_dag.py took 0.067 seconds
[2024-09-13T14:36:08.129+0000] {processor.py:186} INFO - Started process (PID=280) to work on /home/airflow/.local/lib/python3.12/site-packages/airflow/example_dags/example_trigger_target_dag.py
[2024-09-13T14:36:08.130+0000] {processor.py:914} INFO - Processing file /home/airflow/.local/lib/python3.12/site-packages/airflow/example_dags/example_trigger_target_dag.py for tasks to queue
[2024-09-13T14:36:08.132+0000] {logging_mixin.py:190} INFO - [2024-09-13T14:36:08.132+0000] {dagbag.py:587} INFO - Filling up the DagBag from /home/airflow/.local/lib/python3.12/site-packages/airflow/example_dags/example_trigger_target_dag.py
[2024-09-13T14:36:08.140+0000] {processor.py:925} INFO - DAG(s) 'example_trigger_target_dag' retrieved from /home/airflow/.local/lib/python3.12/site-packages/airflow/example_dags/example_trigger_target_dag.py
[2024-09-13T14:36:08.162+0000] {logging_mixin.py:190} INFO - [2024-09-13T14:36:08.162+0000] {dag.py:3229} INFO - Sync 1 DAGs
[2024-09-13T14:36:08.178+0000] {logging_mixin.py:190} INFO - [2024-09-13T14:36:08.177+0000] {dag.py:4156} INFO - Setting next_dagrun for example_trigger_target_dag to None, run_after=None
[2024-09-13T14:36:08.198+0000] {processor.py:208} INFO - Processing /home/airflow/.local/lib/python3.12/site-packages/airflow/example_dags/example_trigger_target_dag.py took 0.074 seconds
[2024-09-13T14:36:38.413+0000] {processor.py:186} INFO - Started process (PID=342) to work on /home/airflow/.local/lib/python3.12/site-packages/airflow/example_dags/example_trigger_target_dag.py
[2024-09-13T14:36:38.414+0000] {processor.py:914} INFO - Processing file /home/airflow/.local/lib/python3.12/site-packages/airflow/example_dags/example_trigger_target_dag.py for tasks to queue
[2024-09-13T14:36:38.416+0000] {logging_mixin.py:190} INFO - [2024-09-13T14:36:38.416+0000] {dagbag.py:587} INFO - Filling up the DagBag from /home/airflow/.local/lib/python3.12/site-packages/airflow/example_dags/example_trigger_target_dag.py
[2024-09-13T14:36:38.423+0000] {processor.py:925} INFO - DAG(s) 'example_trigger_target_dag' retrieved from /home/airflow/.local/lib/python3.12/site-packages/airflow/example_dags/example_trigger_target_dag.py
[2024-09-13T14:36:38.441+0000] {logging_mixin.py:190} INFO - [2024-09-13T14:36:38.441+0000] {dag.py:3229} INFO - Sync 1 DAGs
[2024-09-13T14:36:38.454+0000] {logging_mixin.py:190} INFO - [2024-09-13T14:36:38.454+0000] {dag.py:4156} INFO - Setting next_dagrun for example_trigger_target_dag to None, run_after=None
[2024-09-13T14:36:38.471+0000] {processor.py:208} INFO - Processing /home/airflow/.local/lib/python3.12/site-packages/airflow/example_dags/example_trigger_target_dag.py took 0.063 seconds
[2024-09-13T14:37:09.223+0000] {processor.py:186} INFO - Started process (PID=404) to work on /home/airflow/.local/lib/python3.12/site-packages/airflow/example_dags/example_trigger_target_dag.py
[2024-09-13T14:37:09.224+0000] {processor.py:914} INFO - Processing file /home/airflow/.local/lib/python3.12/site-packages/airflow/example_dags/example_trigger_target_dag.py for tasks to queue
[2024-09-13T14:37:09.226+0000] {logging_mixin.py:190} INFO - [2024-09-13T14:37:09.225+0000] {dagbag.py:587} INFO - Filling up the DagBag from /home/airflow/.local/lib/python3.12/site-packages/airflow/example_dags/example_trigger_target_dag.py
[2024-09-13T14:37:09.233+0000] {processor.py:925} INFO - DAG(s) 'example_trigger_target_dag' retrieved from /home/airflow/.local/lib/python3.12/site-packages/airflow/example_dags/example_trigger_target_dag.py
[2024-09-13T14:37:09.253+0000] {logging_mixin.py:190} INFO - [2024-09-13T14:37:09.252+0000] {dag.py:3229} INFO - Sync 1 DAGs
[2024-09-13T14:37:09.264+0000] {logging_mixin.py:190} INFO - [2024-09-13T14:37:09.264+0000] {dag.py:4156} INFO - Setting next_dagrun for example_trigger_target_dag to None, run_after=None
[2024-09-13T14:37:09.281+0000] {processor.py:208} INFO - Processing /home/airflow/.local/lib/python3.12/site-packages/airflow/example_dags/example_trigger_target_dag.py took 0.064 seconds
[2024-09-13T14:37:40.168+0000] {processor.py:186} INFO - Started process (PID=466) to work on /home/airflow/.local/lib/python3.12/site-packages/airflow/example_dags/example_trigger_target_dag.py
[2024-09-13T14:37:40.169+0000] {processor.py:914} INFO - Processing file /home/airflow/.local/lib/python3.12/site-packages/airflow/example_dags/example_trigger_target_dag.py for tasks to queue
[2024-09-13T14:37:40.171+0000] {logging_mixin.py:190} INFO - [2024-09-13T14:37:40.171+0000] {dagbag.py:587} INFO - Filling up the DagBag from /home/airflow/.local/lib/python3.12/site-packages/airflow/example_dags/example_trigger_target_dag.py
[2024-09-13T14:37:40.178+0000] {processor.py:925} INFO - DAG(s) 'example_trigger_target_dag' retrieved from /home/airflow/.local/lib/python3.12/site-packages/airflow/example_dags/example_trigger_target_dag.py
[2024-09-13T14:37:40.197+0000] {logging_mixin.py:190} INFO - [2024-09-13T14:37:40.197+0000] {dag.py:3229} INFO - Sync 1 DAGs
[2024-09-13T14:37:40.210+0000] {logging_mixin.py:190} INFO - [2024-09-13T14:37:40.209+0000] {dag.py:4156} INFO - Setting next_dagrun for example_trigger_target_dag to None, run_after=None
[2024-09-13T14:37:40.228+0000] {processor.py:208} INFO - Processing /home/airflow/.local/lib/python3.12/site-packages/airflow/example_dags/example_trigger_target_dag.py took 0.064 seconds
[2024-09-13T14:38:10.535+0000] {processor.py:186} INFO - Started process (PID=528) to work on /home/airflow/.local/lib/python3.12/site-packages/airflow/example_dags/example_trigger_target_dag.py
[2024-09-13T14:38:10.536+0000] {processor.py:914} INFO - Processing file /home/airflow/.local/lib/python3.12/site-packages/airflow/example_dags/example_trigger_target_dag.py for tasks to queue
[2024-09-13T14:38:10.538+0000] {logging_mixin.py:190} INFO - [2024-09-13T14:38:10.538+0000] {dagbag.py:587} INFO - Filling up the DagBag from /home/airflow/.local/lib/python3.12/site-packages/airflow/example_dags/example_trigger_target_dag.py
[2024-09-13T14:38:10.545+0000] {processor.py:925} INFO - DAG(s) 'example_trigger_target_dag' retrieved from /home/airflow/.local/lib/python3.12/site-packages/airflow/example_dags/example_trigger_target_dag.py
[2024-09-13T14:38:10.563+0000] {logging_mixin.py:190} INFO - [2024-09-13T14:38:10.563+0000] {dag.py:3229} INFO - Sync 1 DAGs
[2024-09-13T14:38:10.576+0000] {logging_mixin.py:190} INFO - [2024-09-13T14:38:10.575+0000] {dag.py:4156} INFO - Setting next_dagrun for example_trigger_target_dag to None, run_after=None
[2024-09-13T14:38:10.593+0000] {processor.py:208} INFO - Processing /home/airflow/.local/lib/python3.12/site-packages/airflow/example_dags/example_trigger_target_dag.py took 0.063 seconds
[2024-09-13T14:39:32.982+0000] {processor.py:186} INFO - Started process (PID=89) to work on /home/airflow/.local/lib/python3.12/site-packages/airflow/example_dags/example_trigger_target_dag.py
[2024-09-13T14:39:32.983+0000] {processor.py:914} INFO - Processing file /home/airflow/.local/lib/python3.12/site-packages/airflow/example_dags/example_trigger_target_dag.py for tasks to queue
[2024-09-13T14:39:32.986+0000] {logging_mixin.py:190} INFO - [2024-09-13T14:39:32.985+0000] {dagbag.py:587} INFO - Filling up the DagBag from /home/airflow/.local/lib/python3.12/site-packages/airflow/example_dags/example_trigger_target_dag.py
[2024-09-13T14:39:32.994+0000] {processor.py:925} INFO - DAG(s) 'example_trigger_target_dag' retrieved from /home/airflow/.local/lib/python3.12/site-packages/airflow/example_dags/example_trigger_target_dag.py
[2024-09-13T14:39:33.024+0000] {logging_mixin.py:190} INFO - [2024-09-13T14:39:33.023+0000] {dag.py:3229} INFO - Sync 1 DAGs
[2024-09-13T14:39:33.040+0000] {logging_mixin.py:190} INFO - [2024-09-13T14:39:33.039+0000] {dag.py:4156} INFO - Setting next_dagrun for example_trigger_target_dag to None, run_after=None
[2024-09-13T14:39:33.065+0000] {processor.py:208} INFO - Processing /home/airflow/.local/lib/python3.12/site-packages/airflow/example_dags/example_trigger_target_dag.py took 0.089 seconds
[2024-09-13T14:40:04.020+0000] {processor.py:186} INFO - Started process (PID=151) to work on /home/airflow/.local/lib/python3.12/site-packages/airflow/example_dags/example_trigger_target_dag.py
[2024-09-13T14:40:04.021+0000] {processor.py:914} INFO - Processing file /home/airflow/.local/lib/python3.12/site-packages/airflow/example_dags/example_trigger_target_dag.py for tasks to queue
[2024-09-13T14:40:04.023+0000] {logging_mixin.py:190} INFO - [2024-09-13T14:40:04.022+0000] {dagbag.py:587} INFO - Filling up the DagBag from /home/airflow/.local/lib/python3.12/site-packages/airflow/example_dags/example_trigger_target_dag.py
[2024-09-13T14:40:04.030+0000] {processor.py:925} INFO - DAG(s) 'example_trigger_target_dag' retrieved from /home/airflow/.local/lib/python3.12/site-packages/airflow/example_dags/example_trigger_target_dag.py
[2024-09-13T14:40:04.051+0000] {logging_mixin.py:190} INFO - [2024-09-13T14:40:04.051+0000] {dag.py:3229} INFO - Sync 1 DAGs
[2024-09-13T14:40:04.065+0000] {logging_mixin.py:190} INFO - [2024-09-13T14:40:04.065+0000] {dag.py:4156} INFO - Setting next_dagrun for example_trigger_target_dag to None, run_after=None
[2024-09-13T14:40:04.083+0000] {processor.py:208} INFO - Processing /home/airflow/.local/lib/python3.12/site-packages/airflow/example_dags/example_trigger_target_dag.py took 0.068 seconds
[2024-09-13T14:40:34.406+0000] {processor.py:186} INFO - Started process (PID=213) to work on /home/airflow/.local/lib/python3.12/site-packages/airflow/example_dags/example_trigger_target_dag.py
[2024-09-13T14:40:34.406+0000] {processor.py:914} INFO - Processing file /home/airflow/.local/lib/python3.12/site-packages/airflow/example_dags/example_trigger_target_dag.py for tasks to queue
[2024-09-13T14:40:34.408+0000] {logging_mixin.py:190} INFO - [2024-09-13T14:40:34.408+0000] {dagbag.py:587} INFO - Filling up the DagBag from /home/airflow/.local/lib/python3.12/site-packages/airflow/example_dags/example_trigger_target_dag.py
[2024-09-13T14:40:34.415+0000] {processor.py:925} INFO - DAG(s) 'example_trigger_target_dag' retrieved from /home/airflow/.local/lib/python3.12/site-packages/airflow/example_dags/example_trigger_target_dag.py
[2024-09-13T14:40:34.433+0000] {logging_mixin.py:190} INFO - [2024-09-13T14:40:34.433+0000] {dag.py:3229} INFO - Sync 1 DAGs
[2024-09-13T14:40:34.448+0000] {logging_mixin.py:190} INFO - [2024-09-13T14:40:34.448+0000] {dag.py:4156} INFO - Setting next_dagrun for example_trigger_target_dag to None, run_after=None
[2024-09-13T14:40:34.464+0000] {processor.py:208} INFO - Processing /home/airflow/.local/lib/python3.12/site-packages/airflow/example_dags/example_trigger_target_dag.py took 0.064 seconds
[2024-09-13T14:41:25.680+0000] {processor.py:186} INFO - Started process (PID=82) to work on /home/airflow/.local/lib/python3.12/site-packages/airflow/example_dags/example_trigger_target_dag.py
[2024-09-13T14:41:25.681+0000] {processor.py:914} INFO - Processing file /home/airflow/.local/lib/python3.12/site-packages/airflow/example_dags/example_trigger_target_dag.py for tasks to queue
[2024-09-13T14:41:25.683+0000] {logging_mixin.py:190} INFO - [2024-09-13T14:41:25.682+0000] {dagbag.py:587} INFO - Filling up the DagBag from /home/airflow/.local/lib/python3.12/site-packages/airflow/example_dags/example_trigger_target_dag.py
[2024-09-13T14:41:25.690+0000] {processor.py:925} INFO - DAG(s) 'example_trigger_target_dag' retrieved from /home/airflow/.local/lib/python3.12/site-packages/airflow/example_dags/example_trigger_target_dag.py
[2024-09-13T14:41:25.723+0000] {logging_mixin.py:190} INFO - [2024-09-13T14:41:25.722+0000] {dag.py:3229} INFO - Sync 1 DAGs
[2024-09-13T14:41:25.749+0000] {logging_mixin.py:190} INFO - [2024-09-13T14:41:25.748+0000] {dag.py:4156} INFO - Setting next_dagrun for example_trigger_target_dag to None, run_after=None
[2024-09-13T14:41:25.769+0000] {processor.py:208} INFO - Processing /home/airflow/.local/lib/python3.12/site-packages/airflow/example_dags/example_trigger_target_dag.py took 0.095 seconds
[2024-09-13T14:41:56.746+0000] {processor.py:186} INFO - Started process (PID=144) to work on /home/airflow/.local/lib/python3.12/site-packages/airflow/example_dags/example_trigger_target_dag.py
[2024-09-13T14:41:56.747+0000] {processor.py:914} INFO - Processing file /home/airflow/.local/lib/python3.12/site-packages/airflow/example_dags/example_trigger_target_dag.py for tasks to queue
[2024-09-13T14:41:56.749+0000] {logging_mixin.py:190} INFO - [2024-09-13T14:41:56.749+0000] {dagbag.py:587} INFO - Filling up the DagBag from /home/airflow/.local/lib/python3.12/site-packages/airflow/example_dags/example_trigger_target_dag.py
[2024-09-13T14:41:56.756+0000] {processor.py:925} INFO - DAG(s) 'example_trigger_target_dag' retrieved from /home/airflow/.local/lib/python3.12/site-packages/airflow/example_dags/example_trigger_target_dag.py
[2024-09-13T14:41:56.778+0000] {logging_mixin.py:190} INFO - [2024-09-13T14:41:56.778+0000] {dag.py:3229} INFO - Sync 1 DAGs
[2024-09-13T14:41:56.790+0000] {logging_mixin.py:190} INFO - [2024-09-13T14:41:56.790+0000] {dag.py:4156} INFO - Setting next_dagrun for example_trigger_target_dag to None, run_after=None
[2024-09-13T14:41:56.809+0000] {processor.py:208} INFO - Processing /home/airflow/.local/lib/python3.12/site-packages/airflow/example_dags/example_trigger_target_dag.py took 0.069 seconds
[2024-09-13T14:42:27.822+0000] {processor.py:186} INFO - Started process (PID=206) to work on /home/airflow/.local/lib/python3.12/site-packages/airflow/example_dags/example_trigger_target_dag.py
[2024-09-13T14:42:27.823+0000] {processor.py:914} INFO - Processing file /home/airflow/.local/lib/python3.12/site-packages/airflow/example_dags/example_trigger_target_dag.py for tasks to queue
[2024-09-13T14:42:27.825+0000] {logging_mixin.py:190} INFO - [2024-09-13T14:42:27.825+0000] {dagbag.py:587} INFO - Filling up the DagBag from /home/airflow/.local/lib/python3.12/site-packages/airflow/example_dags/example_trigger_target_dag.py
[2024-09-13T14:42:27.833+0000] {processor.py:925} INFO - DAG(s) 'example_trigger_target_dag' retrieved from /home/airflow/.local/lib/python3.12/site-packages/airflow/example_dags/example_trigger_target_dag.py
[2024-09-13T14:42:27.854+0000] {logging_mixin.py:190} INFO - [2024-09-13T14:42:27.854+0000] {dag.py:3229} INFO - Sync 1 DAGs
[2024-09-13T14:42:27.870+0000] {logging_mixin.py:190} INFO - [2024-09-13T14:42:27.869+0000] {dag.py:4156} INFO - Setting next_dagrun for example_trigger_target_dag to None, run_after=None
[2024-09-13T14:42:27.890+0000] {processor.py:208} INFO - Processing /home/airflow/.local/lib/python3.12/site-packages/airflow/example_dags/example_trigger_target_dag.py took 0.073 seconds
[2024-09-13T14:42:58.845+0000] {processor.py:186} INFO - Started process (PID=268) to work on /home/airflow/.local/lib/python3.12/site-packages/airflow/example_dags/example_trigger_target_dag.py
[2024-09-13T14:42:58.846+0000] {processor.py:914} INFO - Processing file /home/airflow/.local/lib/python3.12/site-packages/airflow/example_dags/example_trigger_target_dag.py for tasks to queue
[2024-09-13T14:42:58.848+0000] {logging_mixin.py:190} INFO - [2024-09-13T14:42:58.848+0000] {dagbag.py:587} INFO - Filling up the DagBag from /home/airflow/.local/lib/python3.12/site-packages/airflow/example_dags/example_trigger_target_dag.py
[2024-09-13T14:42:58.859+0000] {processor.py:925} INFO - DAG(s) 'example_trigger_target_dag' retrieved from /home/airflow/.local/lib/python3.12/site-packages/airflow/example_dags/example_trigger_target_dag.py
[2024-09-13T14:42:58.885+0000] {logging_mixin.py:190} INFO - [2024-09-13T14:42:58.884+0000] {dag.py:3229} INFO - Sync 1 DAGs
[2024-09-13T14:42:58.897+0000] {logging_mixin.py:190} INFO - [2024-09-13T14:42:58.897+0000] {dag.py:4156} INFO - Setting next_dagrun for example_trigger_target_dag to None, run_after=None
[2024-09-13T14:42:58.914+0000] {processor.py:208} INFO - Processing /home/airflow/.local/lib/python3.12/site-packages/airflow/example_dags/example_trigger_target_dag.py took 0.076 seconds
