[2024-09-13T14:34:32.964+0000] {processor.py:186} INFO - Started process (PID=67) to work on /home/airflow/.local/lib/python3.12/site-packages/airflow/example_dags/tutorial_dag.py
[2024-09-13T14:34:32.965+0000] {processor.py:914} INFO - Processing file /home/airflow/.local/lib/python3.12/site-packages/airflow/example_dags/tutorial_dag.py for tasks to queue
[2024-09-13T14:34:32.968+0000] {logging_mixin.py:190} INFO - [2024-09-13T14:34:32.967+0000] {dagbag.py:587} INFO - Filling up the DagBag from /home/airflow/.local/lib/python3.12/site-packages/airflow/example_dags/tutorial_dag.py
[2024-09-13T14:34:32.982+0000] {processor.py:925} INFO - DAG(s) 'tutorial_dag' retrieved from /home/airflow/.local/lib/python3.12/site-packages/airflow/example_dags/tutorial_dag.py
[2024-09-13T14:34:33.170+0000] {logging_mixin.py:190} INFO - [2024-09-13T14:34:33.170+0000] {override.py:1900} INFO - Created Permission View: can read on DAG:tutorial_dag
[2024-09-13T14:34:33.183+0000] {logging_mixin.py:190} INFO - [2024-09-13T14:34:33.182+0000] {override.py:1900} INFO - Created Permission View: can delete on DAG:tutorial_dag
[2024-09-13T14:34:33.192+0000] {logging_mixin.py:190} INFO - [2024-09-13T14:34:33.191+0000] {override.py:1900} INFO - Created Permission View: can edit on DAG:tutorial_dag
[2024-09-13T14:34:33.201+0000] {logging_mixin.py:190} INFO - [2024-09-13T14:34:33.200+0000] {override.py:1900} INFO - Created Permission View: can create on DAG Run:tutorial_dag
[2024-09-13T14:34:33.208+0000] {logging_mixin.py:190} INFO - [2024-09-13T14:34:33.208+0000] {override.py:1900} INFO - Created Permission View: menu access on DAG Run:tutorial_dag
[2024-09-13T14:34:33.218+0000] {logging_mixin.py:190} INFO - [2024-09-13T14:34:33.217+0000] {override.py:1900} INFO - Created Permission View: can read on DAG Run:tutorial_dag
[2024-09-13T14:34:33.226+0000] {logging_mixin.py:190} INFO - [2024-09-13T14:34:33.225+0000] {override.py:1900} INFO - Created Permission View: can delete on DAG Run:tutorial_dag
[2024-09-13T14:34:33.226+0000] {logging_mixin.py:190} INFO - [2024-09-13T14:34:33.226+0000] {dag.py:3229} INFO - Sync 1 DAGs
[2024-09-13T14:34:33.238+0000] {logging_mixin.py:190} INFO - [2024-09-13T14:34:33.238+0000] {dag.py:3252} INFO - Creating ORM DAG for tutorial_dag
[2024-09-13T14:34:33.239+0000] {logging_mixin.py:190} INFO - [2024-09-13T14:34:33.239+0000] {dag.py:4156} INFO - Setting next_dagrun for tutorial_dag to None, run_after=None
[2024-09-13T14:34:33.259+0000] {processor.py:208} INFO - Processing /home/airflow/.local/lib/python3.12/site-packages/airflow/example_dags/tutorial_dag.py took 0.304 seconds
[2024-09-13T14:35:03.851+0000] {processor.py:186} INFO - Started process (PID=129) to work on /home/airflow/.local/lib/python3.12/site-packages/airflow/example_dags/tutorial_dag.py
[2024-09-13T14:35:03.852+0000] {processor.py:914} INFO - Processing file /home/airflow/.local/lib/python3.12/site-packages/airflow/example_dags/tutorial_dag.py for tasks to queue
[2024-09-13T14:35:03.854+0000] {logging_mixin.py:190} INFO - [2024-09-13T14:35:03.854+0000] {dagbag.py:587} INFO - Filling up the DagBag from /home/airflow/.local/lib/python3.12/site-packages/airflow/example_dags/tutorial_dag.py
[2024-09-13T14:35:03.864+0000] {processor.py:925} INFO - DAG(s) 'tutorial_dag' retrieved from /home/airflow/.local/lib/python3.12/site-packages/airflow/example_dags/tutorial_dag.py
[2024-09-13T14:35:03.890+0000] {logging_mixin.py:190} INFO - [2024-09-13T14:35:03.890+0000] {dag.py:3229} INFO - Sync 1 DAGs
[2024-09-13T14:35:03.903+0000] {logging_mixin.py:190} INFO - [2024-09-13T14:35:03.903+0000] {dag.py:4156} INFO - Setting next_dagrun for tutorial_dag to None, run_after=None
[2024-09-13T14:35:03.920+0000] {processor.py:208} INFO - Processing /home/airflow/.local/lib/python3.12/site-packages/airflow/example_dags/tutorial_dag.py took 0.074 seconds
[2024-09-13T14:35:34.073+0000] {processor.py:186} INFO - Started process (PID=190) to work on /home/airflow/.local/lib/python3.12/site-packages/airflow/example_dags/tutorial_dag.py
[2024-09-13T14:35:34.074+0000] {processor.py:914} INFO - Processing file /home/airflow/.local/lib/python3.12/site-packages/airflow/example_dags/tutorial_dag.py for tasks to queue
[2024-09-13T14:35:34.078+0000] {logging_mixin.py:190} INFO - [2024-09-13T14:35:34.076+0000] {dagbag.py:587} INFO - Filling up the DagBag from /home/airflow/.local/lib/python3.12/site-packages/airflow/example_dags/tutorial_dag.py
[2024-09-13T14:35:34.100+0000] {processor.py:925} INFO - DAG(s) 'tutorial_dag' retrieved from /home/airflow/.local/lib/python3.12/site-packages/airflow/example_dags/tutorial_dag.py
[2024-09-13T14:35:34.175+0000] {logging_mixin.py:190} INFO - [2024-09-13T14:35:34.175+0000] {dag.py:3229} INFO - Sync 1 DAGs
[2024-09-13T14:35:34.189+0000] {logging_mixin.py:190} INFO - [2024-09-13T14:35:34.189+0000] {dag.py:4156} INFO - Setting next_dagrun for tutorial_dag to None, run_after=None
[2024-09-13T14:35:34.210+0000] {processor.py:208} INFO - Processing /home/airflow/.local/lib/python3.12/site-packages/airflow/example_dags/tutorial_dag.py took 0.143 seconds
[2024-09-13T14:36:04.619+0000] {processor.py:186} INFO - Started process (PID=252) to work on /home/airflow/.local/lib/python3.12/site-packages/airflow/example_dags/tutorial_dag.py
[2024-09-13T14:36:04.620+0000] {processor.py:914} INFO - Processing file /home/airflow/.local/lib/python3.12/site-packages/airflow/example_dags/tutorial_dag.py for tasks to queue
[2024-09-13T14:36:04.622+0000] {logging_mixin.py:190} INFO - [2024-09-13T14:36:04.622+0000] {dagbag.py:587} INFO - Filling up the DagBag from /home/airflow/.local/lib/python3.12/site-packages/airflow/example_dags/tutorial_dag.py
[2024-09-13T14:36:04.629+0000] {processor.py:925} INFO - DAG(s) 'tutorial_dag' retrieved from /home/airflow/.local/lib/python3.12/site-packages/airflow/example_dags/tutorial_dag.py
[2024-09-13T14:36:04.647+0000] {logging_mixin.py:190} INFO - [2024-09-13T14:36:04.647+0000] {dag.py:3229} INFO - Sync 1 DAGs
[2024-09-13T14:36:04.660+0000] {logging_mixin.py:190} INFO - [2024-09-13T14:36:04.659+0000] {dag.py:4156} INFO - Setting next_dagrun for tutorial_dag to None, run_after=None
[2024-09-13T14:36:04.677+0000] {processor.py:208} INFO - Processing /home/airflow/.local/lib/python3.12/site-packages/airflow/example_dags/tutorial_dag.py took 0.062 seconds
[2024-09-13T14:36:34.794+0000] {processor.py:186} INFO - Started process (PID=314) to work on /home/airflow/.local/lib/python3.12/site-packages/airflow/example_dags/tutorial_dag.py
[2024-09-13T14:36:34.795+0000] {processor.py:914} INFO - Processing file /home/airflow/.local/lib/python3.12/site-packages/airflow/example_dags/tutorial_dag.py for tasks to queue
[2024-09-13T14:36:34.797+0000] {logging_mixin.py:190} INFO - [2024-09-13T14:36:34.796+0000] {dagbag.py:587} INFO - Filling up the DagBag from /home/airflow/.local/lib/python3.12/site-packages/airflow/example_dags/tutorial_dag.py
[2024-09-13T14:36:34.803+0000] {processor.py:925} INFO - DAG(s) 'tutorial_dag' retrieved from /home/airflow/.local/lib/python3.12/site-packages/airflow/example_dags/tutorial_dag.py
[2024-09-13T14:36:34.823+0000] {logging_mixin.py:190} INFO - [2024-09-13T14:36:34.823+0000] {dag.py:3229} INFO - Sync 1 DAGs
[2024-09-13T14:36:34.837+0000] {logging_mixin.py:190} INFO - [2024-09-13T14:36:34.836+0000] {dag.py:4156} INFO - Setting next_dagrun for tutorial_dag to None, run_after=None
[2024-09-13T14:36:34.853+0000] {processor.py:208} INFO - Processing /home/airflow/.local/lib/python3.12/site-packages/airflow/example_dags/tutorial_dag.py took 0.065 seconds
[2024-09-13T14:37:05.788+0000] {processor.py:186} INFO - Started process (PID=376) to work on /home/airflow/.local/lib/python3.12/site-packages/airflow/example_dags/tutorial_dag.py
[2024-09-13T14:37:05.789+0000] {processor.py:914} INFO - Processing file /home/airflow/.local/lib/python3.12/site-packages/airflow/example_dags/tutorial_dag.py for tasks to queue
[2024-09-13T14:37:05.791+0000] {logging_mixin.py:190} INFO - [2024-09-13T14:37:05.791+0000] {dagbag.py:587} INFO - Filling up the DagBag from /home/airflow/.local/lib/python3.12/site-packages/airflow/example_dags/tutorial_dag.py
[2024-09-13T14:37:05.801+0000] {processor.py:925} INFO - DAG(s) 'tutorial_dag' retrieved from /home/airflow/.local/lib/python3.12/site-packages/airflow/example_dags/tutorial_dag.py
[2024-09-13T14:37:05.830+0000] {logging_mixin.py:190} INFO - [2024-09-13T14:37:05.829+0000] {dag.py:3229} INFO - Sync 1 DAGs
[2024-09-13T14:37:05.842+0000] {logging_mixin.py:190} INFO - [2024-09-13T14:37:05.842+0000] {dag.py:4156} INFO - Setting next_dagrun for tutorial_dag to None, run_after=None
[2024-09-13T14:37:05.859+0000] {processor.py:208} INFO - Processing /home/airflow/.local/lib/python3.12/site-packages/airflow/example_dags/tutorial_dag.py took 0.076 seconds
[2024-09-13T14:37:36.694+0000] {processor.py:186} INFO - Started process (PID=444) to work on /home/airflow/.local/lib/python3.12/site-packages/airflow/example_dags/tutorial_dag.py
[2024-09-13T14:37:36.694+0000] {processor.py:914} INFO - Processing file /home/airflow/.local/lib/python3.12/site-packages/airflow/example_dags/tutorial_dag.py for tasks to queue
[2024-09-13T14:37:36.696+0000] {logging_mixin.py:190} INFO - [2024-09-13T14:37:36.696+0000] {dagbag.py:587} INFO - Filling up the DagBag from /home/airflow/.local/lib/python3.12/site-packages/airflow/example_dags/tutorial_dag.py
[2024-09-13T14:37:36.703+0000] {processor.py:925} INFO - DAG(s) 'tutorial_dag' retrieved from /home/airflow/.local/lib/python3.12/site-packages/airflow/example_dags/tutorial_dag.py
[2024-09-13T14:37:36.720+0000] {logging_mixin.py:190} INFO - [2024-09-13T14:37:36.720+0000] {dag.py:3229} INFO - Sync 1 DAGs
[2024-09-13T14:37:36.733+0000] {logging_mixin.py:190} INFO - [2024-09-13T14:37:36.732+0000] {dag.py:4156} INFO - Setting next_dagrun for tutorial_dag to None, run_after=None
[2024-09-13T14:37:36.749+0000] {processor.py:208} INFO - Processing /home/airflow/.local/lib/python3.12/site-packages/airflow/example_dags/tutorial_dag.py took 0.060 seconds
[2024-09-13T14:38:07.091+0000] {processor.py:186} INFO - Started process (PID=506) to work on /home/airflow/.local/lib/python3.12/site-packages/airflow/example_dags/tutorial_dag.py
[2024-09-13T14:38:07.092+0000] {processor.py:914} INFO - Processing file /home/airflow/.local/lib/python3.12/site-packages/airflow/example_dags/tutorial_dag.py for tasks to queue
[2024-09-13T14:38:07.094+0000] {logging_mixin.py:190} INFO - [2024-09-13T14:38:07.094+0000] {dagbag.py:587} INFO - Filling up the DagBag from /home/airflow/.local/lib/python3.12/site-packages/airflow/example_dags/tutorial_dag.py
[2024-09-13T14:38:07.101+0000] {processor.py:925} INFO - DAG(s) 'tutorial_dag' retrieved from /home/airflow/.local/lib/python3.12/site-packages/airflow/example_dags/tutorial_dag.py
[2024-09-13T14:38:07.158+0000] {logging_mixin.py:190} INFO - [2024-09-13T14:38:07.158+0000] {dag.py:3229} INFO - Sync 1 DAGs
[2024-09-13T14:38:07.171+0000] {logging_mixin.py:190} INFO - [2024-09-13T14:38:07.171+0000] {dag.py:4156} INFO - Setting next_dagrun for tutorial_dag to None, run_after=None
[2024-09-13T14:38:07.191+0000] {processor.py:208} INFO - Processing /home/airflow/.local/lib/python3.12/site-packages/airflow/example_dags/tutorial_dag.py took 0.105 seconds
[2024-09-13T14:39:31.001+0000] {processor.py:186} INFO - Started process (PID=67) to work on /home/airflow/.local/lib/python3.12/site-packages/airflow/example_dags/tutorial_dag.py
[2024-09-13T14:39:31.003+0000] {processor.py:914} INFO - Processing file /home/airflow/.local/lib/python3.12/site-packages/airflow/example_dags/tutorial_dag.py for tasks to queue
[2024-09-13T14:39:31.005+0000] {logging_mixin.py:190} INFO - [2024-09-13T14:39:31.005+0000] {dagbag.py:587} INFO - Filling up the DagBag from /home/airflow/.local/lib/python3.12/site-packages/airflow/example_dags/tutorial_dag.py
[2024-09-13T14:39:31.016+0000] {processor.py:925} INFO - DAG(s) 'tutorial_dag' retrieved from /home/airflow/.local/lib/python3.12/site-packages/airflow/example_dags/tutorial_dag.py
[2024-09-13T14:39:31.042+0000] {logging_mixin.py:190} INFO - [2024-09-13T14:39:31.041+0000] {dag.py:3229} INFO - Sync 1 DAGs
[2024-09-13T14:39:31.055+0000] {logging_mixin.py:190} INFO - [2024-09-13T14:39:31.055+0000] {dag.py:4156} INFO - Setting next_dagrun for tutorial_dag to None, run_after=None
[2024-09-13T14:39:31.075+0000] {processor.py:208} INFO - Processing /home/airflow/.local/lib/python3.12/site-packages/airflow/example_dags/tutorial_dag.py took 0.080 seconds
[2024-09-13T14:40:01.367+0000] {processor.py:186} INFO - Started process (PID=128) to work on /home/airflow/.local/lib/python3.12/site-packages/airflow/example_dags/tutorial_dag.py
[2024-09-13T14:40:01.368+0000] {processor.py:914} INFO - Processing file /home/airflow/.local/lib/python3.12/site-packages/airflow/example_dags/tutorial_dag.py for tasks to queue
[2024-09-13T14:40:01.371+0000] {logging_mixin.py:190} INFO - [2024-09-13T14:40:01.371+0000] {dagbag.py:587} INFO - Filling up the DagBag from /home/airflow/.local/lib/python3.12/site-packages/airflow/example_dags/tutorial_dag.py
[2024-09-13T14:40:01.378+0000] {processor.py:925} INFO - DAG(s) 'tutorial_dag' retrieved from /home/airflow/.local/lib/python3.12/site-packages/airflow/example_dags/tutorial_dag.py
[2024-09-13T14:40:01.397+0000] {logging_mixin.py:190} INFO - [2024-09-13T14:40:01.396+0000] {dag.py:3229} INFO - Sync 1 DAGs
[2024-09-13T14:40:01.411+0000] {logging_mixin.py:190} INFO - [2024-09-13T14:40:01.410+0000] {dag.py:4156} INFO - Setting next_dagrun for tutorial_dag to None, run_after=None
[2024-09-13T14:40:01.427+0000] {processor.py:208} INFO - Processing /home/airflow/.local/lib/python3.12/site-packages/airflow/example_dags/tutorial_dag.py took 0.066 seconds
[2024-09-13T14:40:32.730+0000] {processor.py:186} INFO - Started process (PID=191) to work on /home/airflow/.local/lib/python3.12/site-packages/airflow/example_dags/tutorial_dag.py
[2024-09-13T14:40:32.731+0000] {processor.py:914} INFO - Processing file /home/airflow/.local/lib/python3.12/site-packages/airflow/example_dags/tutorial_dag.py for tasks to queue
[2024-09-13T14:40:32.734+0000] {logging_mixin.py:190} INFO - [2024-09-13T14:40:32.733+0000] {dagbag.py:587} INFO - Filling up the DagBag from /home/airflow/.local/lib/python3.12/site-packages/airflow/example_dags/tutorial_dag.py
[2024-09-13T14:40:32.742+0000] {processor.py:925} INFO - DAG(s) 'tutorial_dag' retrieved from /home/airflow/.local/lib/python3.12/site-packages/airflow/example_dags/tutorial_dag.py
[2024-09-13T14:40:32.762+0000] {logging_mixin.py:190} INFO - [2024-09-13T14:40:32.761+0000] {dag.py:3229} INFO - Sync 1 DAGs
[2024-09-13T14:40:32.775+0000] {logging_mixin.py:190} INFO - [2024-09-13T14:40:32.775+0000] {dag.py:4156} INFO - Setting next_dagrun for tutorial_dag to None, run_after=None
[2024-09-13T14:40:32.795+0000] {processor.py:208} INFO - Processing /home/airflow/.local/lib/python3.12/site-packages/airflow/example_dags/tutorial_dag.py took 0.070 seconds
[2024-09-13T14:41:24.029+0000] {processor.py:186} INFO - Started process (PID=60) to work on /home/airflow/.local/lib/python3.12/site-packages/airflow/example_dags/tutorial_dag.py
[2024-09-13T14:41:24.030+0000] {processor.py:914} INFO - Processing file /home/airflow/.local/lib/python3.12/site-packages/airflow/example_dags/tutorial_dag.py for tasks to queue
[2024-09-13T14:41:24.031+0000] {logging_mixin.py:190} INFO - [2024-09-13T14:41:24.031+0000] {dagbag.py:587} INFO - Filling up the DagBag from /home/airflow/.local/lib/python3.12/site-packages/airflow/example_dags/tutorial_dag.py
[2024-09-13T14:41:24.038+0000] {processor.py:925} INFO - DAG(s) 'tutorial_dag' retrieved from /home/airflow/.local/lib/python3.12/site-packages/airflow/example_dags/tutorial_dag.py
[2024-09-13T14:41:24.063+0000] {logging_mixin.py:190} INFO - [2024-09-13T14:41:24.063+0000] {dag.py:3229} INFO - Sync 1 DAGs
[2024-09-13T14:41:24.074+0000] {logging_mixin.py:190} INFO - [2024-09-13T14:41:24.074+0000] {dag.py:4156} INFO - Setting next_dagrun for tutorial_dag to None, run_after=None
[2024-09-13T14:41:24.091+0000] {processor.py:208} INFO - Processing /home/airflow/.local/lib/python3.12/site-packages/airflow/example_dags/tutorial_dag.py took 0.067 seconds
[2024-09-13T14:41:54.221+0000] {processor.py:186} INFO - Started process (PID=122) to work on /home/airflow/.local/lib/python3.12/site-packages/airflow/example_dags/tutorial_dag.py
[2024-09-13T14:41:54.222+0000] {processor.py:914} INFO - Processing file /home/airflow/.local/lib/python3.12/site-packages/airflow/example_dags/tutorial_dag.py for tasks to queue
[2024-09-13T14:41:54.225+0000] {logging_mixin.py:190} INFO - [2024-09-13T14:41:54.225+0000] {dagbag.py:587} INFO - Filling up the DagBag from /home/airflow/.local/lib/python3.12/site-packages/airflow/example_dags/tutorial_dag.py
[2024-09-13T14:41:54.232+0000] {processor.py:925} INFO - DAG(s) 'tutorial_dag' retrieved from /home/airflow/.local/lib/python3.12/site-packages/airflow/example_dags/tutorial_dag.py
[2024-09-13T14:41:54.252+0000] {logging_mixin.py:190} INFO - [2024-09-13T14:41:54.251+0000] {dag.py:3229} INFO - Sync 1 DAGs
[2024-09-13T14:41:54.266+0000] {logging_mixin.py:190} INFO - [2024-09-13T14:41:54.265+0000] {dag.py:4156} INFO - Setting next_dagrun for tutorial_dag to None, run_after=None
[2024-09-13T14:41:54.284+0000] {processor.py:208} INFO - Processing /home/airflow/.local/lib/python3.12/site-packages/airflow/example_dags/tutorial_dag.py took 0.068 seconds
[2024-09-13T14:42:25.155+0000] {processor.py:186} INFO - Started process (PID=184) to work on /home/airflow/.local/lib/python3.12/site-packages/airflow/example_dags/tutorial_dag.py
[2024-09-13T14:42:25.156+0000] {processor.py:914} INFO - Processing file /home/airflow/.local/lib/python3.12/site-packages/airflow/example_dags/tutorial_dag.py for tasks to queue
[2024-09-13T14:42:25.158+0000] {logging_mixin.py:190} INFO - [2024-09-13T14:42:25.157+0000] {dagbag.py:587} INFO - Filling up the DagBag from /home/airflow/.local/lib/python3.12/site-packages/airflow/example_dags/tutorial_dag.py
[2024-09-13T14:42:25.165+0000] {processor.py:925} INFO - DAG(s) 'tutorial_dag' retrieved from /home/airflow/.local/lib/python3.12/site-packages/airflow/example_dags/tutorial_dag.py
[2024-09-13T14:42:25.186+0000] {logging_mixin.py:190} INFO - [2024-09-13T14:42:25.186+0000] {dag.py:3229} INFO - Sync 1 DAGs
[2024-09-13T14:42:25.200+0000] {logging_mixin.py:190} INFO - [2024-09-13T14:42:25.200+0000] {dag.py:4156} INFO - Setting next_dagrun for tutorial_dag to None, run_after=None
[2024-09-13T14:42:25.218+0000] {processor.py:208} INFO - Processing /home/airflow/.local/lib/python3.12/site-packages/airflow/example_dags/tutorial_dag.py took 0.068 seconds
[2024-09-13T14:42:56.043+0000] {processor.py:186} INFO - Started process (PID=246) to work on /home/airflow/.local/lib/python3.12/site-packages/airflow/example_dags/tutorial_dag.py
[2024-09-13T14:42:56.044+0000] {processor.py:914} INFO - Processing file /home/airflow/.local/lib/python3.12/site-packages/airflow/example_dags/tutorial_dag.py for tasks to queue
[2024-09-13T14:42:56.046+0000] {logging_mixin.py:190} INFO - [2024-09-13T14:42:56.046+0000] {dagbag.py:587} INFO - Filling up the DagBag from /home/airflow/.local/lib/python3.12/site-packages/airflow/example_dags/tutorial_dag.py
[2024-09-13T14:42:56.053+0000] {processor.py:925} INFO - DAG(s) 'tutorial_dag' retrieved from /home/airflow/.local/lib/python3.12/site-packages/airflow/example_dags/tutorial_dag.py
[2024-09-13T14:42:56.074+0000] {logging_mixin.py:190} INFO - [2024-09-13T14:42:56.074+0000] {dag.py:3229} INFO - Sync 1 DAGs
[2024-09-13T14:42:56.091+0000] {logging_mixin.py:190} INFO - [2024-09-13T14:42:56.091+0000] {dag.py:4156} INFO - Setting next_dagrun for tutorial_dag to None, run_after=None
[2024-09-13T14:42:56.111+0000] {processor.py:208} INFO - Processing /home/airflow/.local/lib/python3.12/site-packages/airflow/example_dags/tutorial_dag.py took 0.073 seconds
