[2024-09-13T14:34:38.156+0000] {processor.py:186} INFO - Started process (PID=102) to work on /home/airflow/.local/lib/python3.12/site-packages/airflow/example_dags/tutorial_taskflow_api.py
[2024-09-13T14:34:38.156+0000] {processor.py:914} INFO - Processing file /home/airflow/.local/lib/python3.12/site-packages/airflow/example_dags/tutorial_taskflow_api.py for tasks to queue
[2024-09-13T14:34:38.158+0000] {logging_mixin.py:190} INFO - [2024-09-13T14:34:38.158+0000] {dagbag.py:587} INFO - Filling up the DagBag from /home/airflow/.local/lib/python3.12/site-packages/airflow/example_dags/tutorial_taskflow_api.py
[2024-09-13T14:34:38.167+0000] {processor.py:925} INFO - DAG(s) 'tutorial_taskflow_api' retrieved from /home/airflow/.local/lib/python3.12/site-packages/airflow/example_dags/tutorial_taskflow_api.py
[2024-09-13T14:34:38.260+0000] {logging_mixin.py:190} INFO - [2024-09-13T14:34:38.260+0000] {override.py:1900} INFO - Created Permission View: can read on DAG:tutorial_taskflow_api
[2024-09-13T14:34:38.269+0000] {logging_mixin.py:190} INFO - [2024-09-13T14:34:38.269+0000] {override.py:1900} INFO - Created Permission View: can delete on DAG:tutorial_taskflow_api
[2024-09-13T14:34:38.275+0000] {logging_mixin.py:190} INFO - [2024-09-13T14:34:38.274+0000] {override.py:1900} INFO - Created Permission View: can edit on DAG:tutorial_taskflow_api
[2024-09-13T14:34:38.281+0000] {logging_mixin.py:190} INFO - [2024-09-13T14:34:38.280+0000] {override.py:1900} INFO - Created Permission View: can create on DAG Run:tutorial_taskflow_api
[2024-09-13T14:34:38.286+0000] {logging_mixin.py:190} INFO - [2024-09-13T14:34:38.286+0000] {override.py:1900} INFO - Created Permission View: menu access on DAG Run:tutorial_taskflow_api
[2024-09-13T14:34:38.292+0000] {logging_mixin.py:190} INFO - [2024-09-13T14:34:38.291+0000] {override.py:1900} INFO - Created Permission View: can read on DAG Run:tutorial_taskflow_api
[2024-09-13T14:34:38.297+0000] {logging_mixin.py:190} INFO - [2024-09-13T14:34:38.297+0000] {override.py:1900} INFO - Created Permission View: can delete on DAG Run:tutorial_taskflow_api
[2024-09-13T14:34:38.297+0000] {logging_mixin.py:190} INFO - [2024-09-13T14:34:38.297+0000] {dag.py:3229} INFO - Sync 1 DAGs
[2024-09-13T14:34:38.308+0000] {logging_mixin.py:190} INFO - [2024-09-13T14:34:38.308+0000] {dag.py:3252} INFO - Creating ORM DAG for tutorial_taskflow_api
[2024-09-13T14:34:38.309+0000] {logging_mixin.py:190} INFO - [2024-09-13T14:34:38.309+0000] {dag.py:4156} INFO - Setting next_dagrun for tutorial_taskflow_api to None, run_after=None
[2024-09-13T14:34:38.324+0000] {processor.py:208} INFO - Processing /home/airflow/.local/lib/python3.12/site-packages/airflow/example_dags/tutorial_taskflow_api.py took 0.173 seconds
[2024-09-13T14:35:09.341+0000] {processor.py:186} INFO - Started process (PID=164) to work on /home/airflow/.local/lib/python3.12/site-packages/airflow/example_dags/tutorial_taskflow_api.py
[2024-09-13T14:35:09.342+0000] {processor.py:914} INFO - Processing file /home/airflow/.local/lib/python3.12/site-packages/airflow/example_dags/tutorial_taskflow_api.py for tasks to queue
[2024-09-13T14:35:09.345+0000] {logging_mixin.py:190} INFO - [2024-09-13T14:35:09.344+0000] {dagbag.py:587} INFO - Filling up the DagBag from /home/airflow/.local/lib/python3.12/site-packages/airflow/example_dags/tutorial_taskflow_api.py
[2024-09-13T14:35:09.353+0000] {processor.py:925} INFO - DAG(s) 'tutorial_taskflow_api' retrieved from /home/airflow/.local/lib/python3.12/site-packages/airflow/example_dags/tutorial_taskflow_api.py
[2024-09-13T14:35:09.374+0000] {logging_mixin.py:190} INFO - [2024-09-13T14:35:09.374+0000] {dag.py:3229} INFO - Sync 1 DAGs
[2024-09-13T14:35:09.389+0000] {logging_mixin.py:190} INFO - [2024-09-13T14:35:09.389+0000] {dag.py:4156} INFO - Setting next_dagrun for tutorial_taskflow_api to None, run_after=None
[2024-09-13T14:35:09.408+0000] {processor.py:208} INFO - Processing /home/airflow/.local/lib/python3.12/site-packages/airflow/example_dags/tutorial_taskflow_api.py took 0.073 seconds
[2024-09-13T14:35:39.544+0000] {processor.py:186} INFO - Started process (PID=226) to work on /home/airflow/.local/lib/python3.12/site-packages/airflow/example_dags/tutorial_taskflow_api.py
[2024-09-13T14:35:39.545+0000] {processor.py:914} INFO - Processing file /home/airflow/.local/lib/python3.12/site-packages/airflow/example_dags/tutorial_taskflow_api.py for tasks to queue
[2024-09-13T14:35:39.547+0000] {logging_mixin.py:190} INFO - [2024-09-13T14:35:39.547+0000] {dagbag.py:587} INFO - Filling up the DagBag from /home/airflow/.local/lib/python3.12/site-packages/airflow/example_dags/tutorial_taskflow_api.py
[2024-09-13T14:35:39.556+0000] {processor.py:925} INFO - DAG(s) 'tutorial_taskflow_api' retrieved from /home/airflow/.local/lib/python3.12/site-packages/airflow/example_dags/tutorial_taskflow_api.py
[2024-09-13T14:35:39.576+0000] {logging_mixin.py:190} INFO - [2024-09-13T14:35:39.576+0000] {dag.py:3229} INFO - Sync 1 DAGs
[2024-09-13T14:35:39.590+0000] {logging_mixin.py:190} INFO - [2024-09-13T14:35:39.590+0000] {dag.py:4156} INFO - Setting next_dagrun for tutorial_taskflow_api to None, run_after=None
[2024-09-13T14:35:39.612+0000] {processor.py:208} INFO - Processing /home/airflow/.local/lib/python3.12/site-packages/airflow/example_dags/tutorial_taskflow_api.py took 0.073 seconds
[2024-09-13T14:36:09.908+0000] {processor.py:186} INFO - Started process (PID=288) to work on /home/airflow/.local/lib/python3.12/site-packages/airflow/example_dags/tutorial_taskflow_api.py
[2024-09-13T14:36:09.909+0000] {processor.py:914} INFO - Processing file /home/airflow/.local/lib/python3.12/site-packages/airflow/example_dags/tutorial_taskflow_api.py for tasks to queue
[2024-09-13T14:36:09.911+0000] {logging_mixin.py:190} INFO - [2024-09-13T14:36:09.911+0000] {dagbag.py:587} INFO - Filling up the DagBag from /home/airflow/.local/lib/python3.12/site-packages/airflow/example_dags/tutorial_taskflow_api.py
[2024-09-13T14:36:09.919+0000] {processor.py:925} INFO - DAG(s) 'tutorial_taskflow_api' retrieved from /home/airflow/.local/lib/python3.12/site-packages/airflow/example_dags/tutorial_taskflow_api.py
[2024-09-13T14:36:09.936+0000] {logging_mixin.py:190} INFO - [2024-09-13T14:36:09.936+0000] {dag.py:3229} INFO - Sync 1 DAGs
[2024-09-13T14:36:09.947+0000] {logging_mixin.py:190} INFO - [2024-09-13T14:36:09.947+0000] {dag.py:4156} INFO - Setting next_dagrun for tutorial_taskflow_api to None, run_after=None
[2024-09-13T14:36:09.962+0000] {processor.py:208} INFO - Processing /home/airflow/.local/lib/python3.12/site-packages/airflow/example_dags/tutorial_taskflow_api.py took 0.059 seconds
[2024-09-13T14:36:40.123+0000] {processor.py:186} INFO - Started process (PID=350) to work on /home/airflow/.local/lib/python3.12/site-packages/airflow/example_dags/tutorial_taskflow_api.py
[2024-09-13T14:36:40.123+0000] {processor.py:914} INFO - Processing file /home/airflow/.local/lib/python3.12/site-packages/airflow/example_dags/tutorial_taskflow_api.py for tasks to queue
[2024-09-13T14:36:40.126+0000] {logging_mixin.py:190} INFO - [2024-09-13T14:36:40.125+0000] {dagbag.py:587} INFO - Filling up the DagBag from /home/airflow/.local/lib/python3.12/site-packages/airflow/example_dags/tutorial_taskflow_api.py
[2024-09-13T14:36:40.133+0000] {processor.py:925} INFO - DAG(s) 'tutorial_taskflow_api' retrieved from /home/airflow/.local/lib/python3.12/site-packages/airflow/example_dags/tutorial_taskflow_api.py
[2024-09-13T14:36:40.154+0000] {logging_mixin.py:190} INFO - [2024-09-13T14:36:40.154+0000] {dag.py:3229} INFO - Sync 1 DAGs
[2024-09-13T14:36:40.166+0000] {logging_mixin.py:190} INFO - [2024-09-13T14:36:40.166+0000] {dag.py:4156} INFO - Setting next_dagrun for tutorial_taskflow_api to None, run_after=None
[2024-09-13T14:36:40.184+0000] {processor.py:208} INFO - Processing /home/airflow/.local/lib/python3.12/site-packages/airflow/example_dags/tutorial_taskflow_api.py took 0.067 seconds
[2024-09-13T14:37:10.848+0000] {processor.py:186} INFO - Started process (PID=412) to work on /home/airflow/.local/lib/python3.12/site-packages/airflow/example_dags/tutorial_taskflow_api.py
[2024-09-13T14:37:10.849+0000] {processor.py:914} INFO - Processing file /home/airflow/.local/lib/python3.12/site-packages/airflow/example_dags/tutorial_taskflow_api.py for tasks to queue
[2024-09-13T14:37:10.851+0000] {logging_mixin.py:190} INFO - [2024-09-13T14:37:10.850+0000] {dagbag.py:587} INFO - Filling up the DagBag from /home/airflow/.local/lib/python3.12/site-packages/airflow/example_dags/tutorial_taskflow_api.py
[2024-09-13T14:37:10.858+0000] {processor.py:925} INFO - DAG(s) 'tutorial_taskflow_api' retrieved from /home/airflow/.local/lib/python3.12/site-packages/airflow/example_dags/tutorial_taskflow_api.py
[2024-09-13T14:37:10.880+0000] {logging_mixin.py:190} INFO - [2024-09-13T14:37:10.879+0000] {dag.py:3229} INFO - Sync 1 DAGs
[2024-09-13T14:37:10.893+0000] {logging_mixin.py:190} INFO - [2024-09-13T14:37:10.893+0000] {dag.py:4156} INFO - Setting next_dagrun for tutorial_taskflow_api to None, run_after=None
[2024-09-13T14:37:10.911+0000] {processor.py:208} INFO - Processing /home/airflow/.local/lib/python3.12/site-packages/airflow/example_dags/tutorial_taskflow_api.py took 0.069 seconds
[2024-09-13T14:37:41.980+0000] {processor.py:186} INFO - Started process (PID=474) to work on /home/airflow/.local/lib/python3.12/site-packages/airflow/example_dags/tutorial_taskflow_api.py
[2024-09-13T14:37:41.981+0000] {processor.py:914} INFO - Processing file /home/airflow/.local/lib/python3.12/site-packages/airflow/example_dags/tutorial_taskflow_api.py for tasks to queue
[2024-09-13T14:37:41.984+0000] {logging_mixin.py:190} INFO - [2024-09-13T14:37:41.983+0000] {dagbag.py:587} INFO - Filling up the DagBag from /home/airflow/.local/lib/python3.12/site-packages/airflow/example_dags/tutorial_taskflow_api.py
[2024-09-13T14:37:41.995+0000] {processor.py:925} INFO - DAG(s) 'tutorial_taskflow_api' retrieved from /home/airflow/.local/lib/python3.12/site-packages/airflow/example_dags/tutorial_taskflow_api.py
[2024-09-13T14:37:42.023+0000] {logging_mixin.py:190} INFO - [2024-09-13T14:37:42.022+0000] {dag.py:3229} INFO - Sync 1 DAGs
[2024-09-13T14:37:42.035+0000] {logging_mixin.py:190} INFO - [2024-09-13T14:37:42.035+0000] {dag.py:4156} INFO - Setting next_dagrun for tutorial_taskflow_api to None, run_after=None
[2024-09-13T14:37:42.053+0000] {processor.py:208} INFO - Processing /home/airflow/.local/lib/python3.12/site-packages/airflow/example_dags/tutorial_taskflow_api.py took 0.080 seconds
[2024-09-13T14:38:12.514+0000] {processor.py:186} INFO - Started process (PID=536) to work on /home/airflow/.local/lib/python3.12/site-packages/airflow/example_dags/tutorial_taskflow_api.py
[2024-09-13T14:38:12.515+0000] {processor.py:914} INFO - Processing file /home/airflow/.local/lib/python3.12/site-packages/airflow/example_dags/tutorial_taskflow_api.py for tasks to queue
[2024-09-13T14:38:12.517+0000] {logging_mixin.py:190} INFO - [2024-09-13T14:38:12.517+0000] {dagbag.py:587} INFO - Filling up the DagBag from /home/airflow/.local/lib/python3.12/site-packages/airflow/example_dags/tutorial_taskflow_api.py
[2024-09-13T14:38:12.525+0000] {processor.py:925} INFO - DAG(s) 'tutorial_taskflow_api' retrieved from /home/airflow/.local/lib/python3.12/site-packages/airflow/example_dags/tutorial_taskflow_api.py
[2024-09-13T14:38:12.545+0000] {logging_mixin.py:190} INFO - [2024-09-13T14:38:12.545+0000] {dag.py:3229} INFO - Sync 1 DAGs
[2024-09-13T14:38:12.560+0000] {logging_mixin.py:190} INFO - [2024-09-13T14:38:12.559+0000] {dag.py:4156} INFO - Setting next_dagrun for tutorial_taskflow_api to None, run_after=None
[2024-09-13T14:38:12.579+0000] {processor.py:208} INFO - Processing /home/airflow/.local/lib/python3.12/site-packages/airflow/example_dags/tutorial_taskflow_api.py took 0.070 seconds
[2024-09-13T14:39:33.603+0000] {processor.py:186} INFO - Started process (PID=96) to work on /home/airflow/.local/lib/python3.12/site-packages/airflow/example_dags/tutorial_taskflow_api.py
[2024-09-13T14:39:33.607+0000] {processor.py:914} INFO - Processing file /home/airflow/.local/lib/python3.12/site-packages/airflow/example_dags/tutorial_taskflow_api.py for tasks to queue
[2024-09-13T14:39:33.610+0000] {logging_mixin.py:190} INFO - [2024-09-13T14:39:33.610+0000] {dagbag.py:587} INFO - Filling up the DagBag from /home/airflow/.local/lib/python3.12/site-packages/airflow/example_dags/tutorial_taskflow_api.py
[2024-09-13T14:39:33.620+0000] {processor.py:925} INFO - DAG(s) 'tutorial_taskflow_api' retrieved from /home/airflow/.local/lib/python3.12/site-packages/airflow/example_dags/tutorial_taskflow_api.py
[2024-09-13T14:39:33.648+0000] {logging_mixin.py:190} INFO - [2024-09-13T14:39:33.647+0000] {dag.py:3229} INFO - Sync 1 DAGs
[2024-09-13T14:39:33.666+0000] {logging_mixin.py:190} INFO - [2024-09-13T14:39:33.665+0000] {dag.py:4156} INFO - Setting next_dagrun for tutorial_taskflow_api to None, run_after=None
[2024-09-13T14:39:33.691+0000] {processor.py:208} INFO - Processing /home/airflow/.local/lib/python3.12/site-packages/airflow/example_dags/tutorial_taskflow_api.py took 0.097 seconds
[2024-09-13T14:40:04.531+0000] {processor.py:186} INFO - Started process (PID=158) to work on /home/airflow/.local/lib/python3.12/site-packages/airflow/example_dags/tutorial_taskflow_api.py
[2024-09-13T14:40:04.532+0000] {processor.py:914} INFO - Processing file /home/airflow/.local/lib/python3.12/site-packages/airflow/example_dags/tutorial_taskflow_api.py for tasks to queue
[2024-09-13T14:40:04.534+0000] {logging_mixin.py:190} INFO - [2024-09-13T14:40:04.534+0000] {dagbag.py:587} INFO - Filling up the DagBag from /home/airflow/.local/lib/python3.12/site-packages/airflow/example_dags/tutorial_taskflow_api.py
[2024-09-13T14:40:04.543+0000] {processor.py:925} INFO - DAG(s) 'tutorial_taskflow_api' retrieved from /home/airflow/.local/lib/python3.12/site-packages/airflow/example_dags/tutorial_taskflow_api.py
[2024-09-13T14:40:04.561+0000] {logging_mixin.py:190} INFO - [2024-09-13T14:40:04.561+0000] {dag.py:3229} INFO - Sync 1 DAGs
[2024-09-13T14:40:04.573+0000] {logging_mixin.py:190} INFO - [2024-09-13T14:40:04.573+0000] {dag.py:4156} INFO - Setting next_dagrun for tutorial_taskflow_api to None, run_after=None
[2024-09-13T14:40:04.591+0000] {processor.py:208} INFO - Processing /home/airflow/.local/lib/python3.12/site-packages/airflow/example_dags/tutorial_taskflow_api.py took 0.065 seconds
[2024-09-13T14:40:34.887+0000] {processor.py:186} INFO - Started process (PID=220) to work on /home/airflow/.local/lib/python3.12/site-packages/airflow/example_dags/tutorial_taskflow_api.py
[2024-09-13T14:40:34.887+0000] {processor.py:914} INFO - Processing file /home/airflow/.local/lib/python3.12/site-packages/airflow/example_dags/tutorial_taskflow_api.py for tasks to queue
[2024-09-13T14:40:34.889+0000] {logging_mixin.py:190} INFO - [2024-09-13T14:40:34.889+0000] {dagbag.py:587} INFO - Filling up the DagBag from /home/airflow/.local/lib/python3.12/site-packages/airflow/example_dags/tutorial_taskflow_api.py
[2024-09-13T14:40:34.897+0000] {processor.py:925} INFO - DAG(s) 'tutorial_taskflow_api' retrieved from /home/airflow/.local/lib/python3.12/site-packages/airflow/example_dags/tutorial_taskflow_api.py
[2024-09-13T14:40:34.916+0000] {logging_mixin.py:190} INFO - [2024-09-13T14:40:34.916+0000] {dag.py:3229} INFO - Sync 1 DAGs
[2024-09-13T14:40:34.930+0000] {logging_mixin.py:190} INFO - [2024-09-13T14:40:34.930+0000] {dag.py:4156} INFO - Setting next_dagrun for tutorial_taskflow_api to None, run_after=None
[2024-09-13T14:40:34.947+0000] {processor.py:208} INFO - Processing /home/airflow/.local/lib/python3.12/site-packages/airflow/example_dags/tutorial_taskflow_api.py took 0.066 seconds
[2024-09-13T14:41:26.341+0000] {processor.py:186} INFO - Started process (PID=89) to work on /home/airflow/.local/lib/python3.12/site-packages/airflow/example_dags/tutorial_taskflow_api.py
[2024-09-13T14:41:26.342+0000] {processor.py:914} INFO - Processing file /home/airflow/.local/lib/python3.12/site-packages/airflow/example_dags/tutorial_taskflow_api.py for tasks to queue
[2024-09-13T14:41:26.344+0000] {logging_mixin.py:190} INFO - [2024-09-13T14:41:26.344+0000] {dagbag.py:587} INFO - Filling up the DagBag from /home/airflow/.local/lib/python3.12/site-packages/airflow/example_dags/tutorial_taskflow_api.py
[2024-09-13T14:41:26.352+0000] {processor.py:925} INFO - DAG(s) 'tutorial_taskflow_api' retrieved from /home/airflow/.local/lib/python3.12/site-packages/airflow/example_dags/tutorial_taskflow_api.py
[2024-09-13T14:41:26.377+0000] {logging_mixin.py:190} INFO - [2024-09-13T14:41:26.377+0000] {dag.py:3229} INFO - Sync 1 DAGs
[2024-09-13T14:41:26.392+0000] {logging_mixin.py:190} INFO - [2024-09-13T14:41:26.392+0000] {dag.py:4156} INFO - Setting next_dagrun for tutorial_taskflow_api to None, run_after=None
[2024-09-13T14:41:26.411+0000] {processor.py:208} INFO - Processing /home/airflow/.local/lib/python3.12/site-packages/airflow/example_dags/tutorial_taskflow_api.py took 0.076 seconds
[2024-09-13T14:41:57.220+0000] {processor.py:186} INFO - Started process (PID=151) to work on /home/airflow/.local/lib/python3.12/site-packages/airflow/example_dags/tutorial_taskflow_api.py
[2024-09-13T14:41:57.221+0000] {processor.py:914} INFO - Processing file /home/airflow/.local/lib/python3.12/site-packages/airflow/example_dags/tutorial_taskflow_api.py for tasks to queue
[2024-09-13T14:41:57.223+0000] {logging_mixin.py:190} INFO - [2024-09-13T14:41:57.223+0000] {dagbag.py:587} INFO - Filling up the DagBag from /home/airflow/.local/lib/python3.12/site-packages/airflow/example_dags/tutorial_taskflow_api.py
[2024-09-13T14:41:57.231+0000] {processor.py:925} INFO - DAG(s) 'tutorial_taskflow_api' retrieved from /home/airflow/.local/lib/python3.12/site-packages/airflow/example_dags/tutorial_taskflow_api.py
[2024-09-13T14:41:57.251+0000] {logging_mixin.py:190} INFO - [2024-09-13T14:41:57.251+0000] {dag.py:3229} INFO - Sync 1 DAGs
[2024-09-13T14:41:57.264+0000] {logging_mixin.py:190} INFO - [2024-09-13T14:41:57.264+0000] {dag.py:4156} INFO - Setting next_dagrun for tutorial_taskflow_api to None, run_after=None
[2024-09-13T14:41:57.282+0000] {processor.py:208} INFO - Processing /home/airflow/.local/lib/python3.12/site-packages/airflow/example_dags/tutorial_taskflow_api.py took 0.067 seconds
[2024-09-13T14:42:28.295+0000] {processor.py:186} INFO - Started process (PID=213) to work on /home/airflow/.local/lib/python3.12/site-packages/airflow/example_dags/tutorial_taskflow_api.py
[2024-09-13T14:42:28.296+0000] {processor.py:914} INFO - Processing file /home/airflow/.local/lib/python3.12/site-packages/airflow/example_dags/tutorial_taskflow_api.py for tasks to queue
[2024-09-13T14:42:28.298+0000] {logging_mixin.py:190} INFO - [2024-09-13T14:42:28.298+0000] {dagbag.py:587} INFO - Filling up the DagBag from /home/airflow/.local/lib/python3.12/site-packages/airflow/example_dags/tutorial_taskflow_api.py
[2024-09-13T14:42:28.305+0000] {processor.py:925} INFO - DAG(s) 'tutorial_taskflow_api' retrieved from /home/airflow/.local/lib/python3.12/site-packages/airflow/example_dags/tutorial_taskflow_api.py
[2024-09-13T14:42:28.324+0000] {logging_mixin.py:190} INFO - [2024-09-13T14:42:28.324+0000] {dag.py:3229} INFO - Sync 1 DAGs
[2024-09-13T14:42:28.337+0000] {logging_mixin.py:190} INFO - [2024-09-13T14:42:28.337+0000] {dag.py:4156} INFO - Setting next_dagrun for tutorial_taskflow_api to None, run_after=None
[2024-09-13T14:42:28.356+0000] {processor.py:208} INFO - Processing /home/airflow/.local/lib/python3.12/site-packages/airflow/example_dags/tutorial_taskflow_api.py took 0.066 seconds
[2024-09-13T14:42:59.349+0000] {processor.py:186} INFO - Started process (PID=275) to work on /home/airflow/.local/lib/python3.12/site-packages/airflow/example_dags/tutorial_taskflow_api.py
[2024-09-13T14:42:59.350+0000] {processor.py:914} INFO - Processing file /home/airflow/.local/lib/python3.12/site-packages/airflow/example_dags/tutorial_taskflow_api.py for tasks to queue
[2024-09-13T14:42:59.352+0000] {logging_mixin.py:190} INFO - [2024-09-13T14:42:59.352+0000] {dagbag.py:587} INFO - Filling up the DagBag from /home/airflow/.local/lib/python3.12/site-packages/airflow/example_dags/tutorial_taskflow_api.py
[2024-09-13T14:42:59.360+0000] {processor.py:925} INFO - DAG(s) 'tutorial_taskflow_api' retrieved from /home/airflow/.local/lib/python3.12/site-packages/airflow/example_dags/tutorial_taskflow_api.py
[2024-09-13T14:42:59.381+0000] {logging_mixin.py:190} INFO - [2024-09-13T14:42:59.381+0000] {dag.py:3229} INFO - Sync 1 DAGs
[2024-09-13T14:42:59.395+0000] {logging_mixin.py:190} INFO - [2024-09-13T14:42:59.395+0000] {dag.py:4156} INFO - Setting next_dagrun for tutorial_taskflow_api to None, run_after=None
[2024-09-13T14:42:59.414+0000] {processor.py:208} INFO - Processing /home/airflow/.local/lib/python3.12/site-packages/airflow/example_dags/tutorial_taskflow_api.py took 0.070 seconds
