[2024-09-13T14:34:31.647+0000] {processor.py:186} INFO - Started process (PID=61) to work on /home/airflow/.local/lib/python3.12/site-packages/airflow/example_dags/tutorial_taskflow_api_virtualenv.py
[2024-09-13T14:34:31.648+0000] {processor.py:914} INFO - Processing file /home/airflow/.local/lib/python3.12/site-packages/airflow/example_dags/tutorial_taskflow_api_virtualenv.py for tasks to queue
[2024-09-13T14:34:31.651+0000] {logging_mixin.py:190} INFO - [2024-09-13T14:34:31.650+0000] {dagbag.py:587} INFO - Filling up the DagBag from /home/airflow/.local/lib/python3.12/site-packages/airflow/example_dags/tutorial_taskflow_api_virtualenv.py
[2024-09-13T14:34:31.676+0000] {processor.py:925} INFO - DAG(s) 'tutorial_taskflow_api_virtualenv' retrieved from /home/airflow/.local/lib/python3.12/site-packages/airflow/example_dags/tutorial_taskflow_api_virtualenv.py
[2024-09-13T14:34:31.937+0000] {logging_mixin.py:190} INFO - [2024-09-13T14:34:31.936+0000] {override.py:1900} INFO - Created Permission View: can read on DAG:tutorial_taskflow_api_virtualenv
[2024-09-13T14:34:31.945+0000] {logging_mixin.py:190} INFO - [2024-09-13T14:34:31.945+0000] {override.py:1900} INFO - Created Permission View: can delete on DAG:tutorial_taskflow_api_virtualenv
[2024-09-13T14:34:31.951+0000] {logging_mixin.py:190} INFO - [2024-09-13T14:34:31.951+0000] {override.py:1900} INFO - Created Permission View: can edit on DAG:tutorial_taskflow_api_virtualenv
[2024-09-13T14:34:31.958+0000] {logging_mixin.py:190} INFO - [2024-09-13T14:34:31.958+0000] {override.py:1900} INFO - Created Permission View: can create on DAG Run:tutorial_taskflow_api_virtualenv
[2024-09-13T14:34:31.967+0000] {logging_mixin.py:190} INFO - [2024-09-13T14:34:31.967+0000] {override.py:1900} INFO - Created Permission View: menu access on DAG Run:tutorial_taskflow_api_virtualenv
[2024-09-13T14:34:31.976+0000] {logging_mixin.py:190} INFO - [2024-09-13T14:34:31.976+0000] {override.py:1900} INFO - Created Permission View: can read on DAG Run:tutorial_taskflow_api_virtualenv
[2024-09-13T14:34:31.987+0000] {logging_mixin.py:190} INFO - [2024-09-13T14:34:31.986+0000] {override.py:1900} INFO - Created Permission View: can delete on DAG Run:tutorial_taskflow_api_virtualenv
[2024-09-13T14:34:31.987+0000] {logging_mixin.py:190} INFO - [2024-09-13T14:34:31.987+0000] {dag.py:3229} INFO - Sync 1 DAGs
[2024-09-13T14:34:32.006+0000] {logging_mixin.py:190} INFO - [2024-09-13T14:34:32.006+0000] {dag.py:3252} INFO - Creating ORM DAG for tutorial_taskflow_api_virtualenv
[2024-09-13T14:34:32.007+0000] {logging_mixin.py:190} INFO - [2024-09-13T14:34:32.007+0000] {dag.py:4156} INFO - Setting next_dagrun for tutorial_taskflow_api_virtualenv to None, run_after=None
[2024-09-13T14:34:32.025+0000] {processor.py:208} INFO - Processing /home/airflow/.local/lib/python3.12/site-packages/airflow/example_dags/tutorial_taskflow_api_virtualenv.py took 0.386 seconds
[2024-09-13T14:35:02.444+0000] {processor.py:186} INFO - Started process (PID=123) to work on /home/airflow/.local/lib/python3.12/site-packages/airflow/example_dags/tutorial_taskflow_api_virtualenv.py
[2024-09-13T14:35:02.444+0000] {processor.py:914} INFO - Processing file /home/airflow/.local/lib/python3.12/site-packages/airflow/example_dags/tutorial_taskflow_api_virtualenv.py for tasks to queue
[2024-09-13T14:35:02.447+0000] {logging_mixin.py:190} INFO - [2024-09-13T14:35:02.446+0000] {dagbag.py:587} INFO - Filling up the DagBag from /home/airflow/.local/lib/python3.12/site-packages/airflow/example_dags/tutorial_taskflow_api_virtualenv.py
[2024-09-13T14:35:02.459+0000] {processor.py:925} INFO - DAG(s) 'tutorial_taskflow_api_virtualenv' retrieved from /home/airflow/.local/lib/python3.12/site-packages/airflow/example_dags/tutorial_taskflow_api_virtualenv.py
[2024-09-13T14:35:02.479+0000] {logging_mixin.py:190} INFO - [2024-09-13T14:35:02.479+0000] {dag.py:3229} INFO - Sync 1 DAGs
[2024-09-13T14:35:02.492+0000] {logging_mixin.py:190} INFO - [2024-09-13T14:35:02.492+0000] {dag.py:4156} INFO - Setting next_dagrun for tutorial_taskflow_api_virtualenv to None, run_after=None
[2024-09-13T14:35:02.510+0000] {processor.py:208} INFO - Processing /home/airflow/.local/lib/python3.12/site-packages/airflow/example_dags/tutorial_taskflow_api_virtualenv.py took 0.072 seconds
[2024-09-13T14:35:32.621+0000] {processor.py:186} INFO - Started process (PID=185) to work on /home/airflow/.local/lib/python3.12/site-packages/airflow/example_dags/tutorial_taskflow_api_virtualenv.py
[2024-09-13T14:35:32.622+0000] {processor.py:914} INFO - Processing file /home/airflow/.local/lib/python3.12/site-packages/airflow/example_dags/tutorial_taskflow_api_virtualenv.py for tasks to queue
[2024-09-13T14:35:32.626+0000] {logging_mixin.py:190} INFO - [2024-09-13T14:35:32.626+0000] {dagbag.py:587} INFO - Filling up the DagBag from /home/airflow/.local/lib/python3.12/site-packages/airflow/example_dags/tutorial_taskflow_api_virtualenv.py
[2024-09-13T14:35:32.652+0000] {processor.py:925} INFO - DAG(s) 'tutorial_taskflow_api_virtualenv' retrieved from /home/airflow/.local/lib/python3.12/site-packages/airflow/example_dags/tutorial_taskflow_api_virtualenv.py
[2024-09-13T14:35:32.696+0000] {logging_mixin.py:190} INFO - [2024-09-13T14:35:32.696+0000] {dag.py:3229} INFO - Sync 1 DAGs
[2024-09-13T14:35:32.720+0000] {logging_mixin.py:190} INFO - [2024-09-13T14:35:32.719+0000] {dag.py:4156} INFO - Setting next_dagrun for tutorial_taskflow_api_virtualenv to None, run_after=None
[2024-09-13T14:35:32.745+0000] {processor.py:208} INFO - Processing /home/airflow/.local/lib/python3.12/site-packages/airflow/example_dags/tutorial_taskflow_api_virtualenv.py took 0.131 seconds
[2024-09-13T14:36:03.259+0000] {processor.py:186} INFO - Started process (PID=247) to work on /home/airflow/.local/lib/python3.12/site-packages/airflow/example_dags/tutorial_taskflow_api_virtualenv.py
[2024-09-13T14:36:03.261+0000] {processor.py:914} INFO - Processing file /home/airflow/.local/lib/python3.12/site-packages/airflow/example_dags/tutorial_taskflow_api_virtualenv.py for tasks to queue
[2024-09-13T14:36:03.264+0000] {logging_mixin.py:190} INFO - [2024-09-13T14:36:03.263+0000] {dagbag.py:587} INFO - Filling up the DagBag from /home/airflow/.local/lib/python3.12/site-packages/airflow/example_dags/tutorial_taskflow_api_virtualenv.py
[2024-09-13T14:36:03.285+0000] {processor.py:925} INFO - DAG(s) 'tutorial_taskflow_api_virtualenv' retrieved from /home/airflow/.local/lib/python3.12/site-packages/airflow/example_dags/tutorial_taskflow_api_virtualenv.py
[2024-09-13T14:36:03.331+0000] {logging_mixin.py:190} INFO - [2024-09-13T14:36:03.330+0000] {dag.py:3229} INFO - Sync 1 DAGs
[2024-09-13T14:36:03.344+0000] {logging_mixin.py:190} INFO - [2024-09-13T14:36:03.344+0000] {dag.py:4156} INFO - Setting next_dagrun for tutorial_taskflow_api_virtualenv to None, run_after=None
[2024-09-13T14:36:03.367+0000] {processor.py:208} INFO - Processing /home/airflow/.local/lib/python3.12/site-packages/airflow/example_dags/tutorial_taskflow_api_virtualenv.py took 0.113 seconds
[2024-09-13T14:36:33.475+0000] {processor.py:186} INFO - Started process (PID=309) to work on /home/airflow/.local/lib/python3.12/site-packages/airflow/example_dags/tutorial_taskflow_api_virtualenv.py
[2024-09-13T14:36:33.476+0000] {processor.py:914} INFO - Processing file /home/airflow/.local/lib/python3.12/site-packages/airflow/example_dags/tutorial_taskflow_api_virtualenv.py for tasks to queue
[2024-09-13T14:36:33.479+0000] {logging_mixin.py:190} INFO - [2024-09-13T14:36:33.479+0000] {dagbag.py:587} INFO - Filling up the DagBag from /home/airflow/.local/lib/python3.12/site-packages/airflow/example_dags/tutorial_taskflow_api_virtualenv.py
[2024-09-13T14:36:33.492+0000] {processor.py:925} INFO - DAG(s) 'tutorial_taskflow_api_virtualenv' retrieved from /home/airflow/.local/lib/python3.12/site-packages/airflow/example_dags/tutorial_taskflow_api_virtualenv.py
[2024-09-13T14:36:33.511+0000] {logging_mixin.py:190} INFO - [2024-09-13T14:36:33.510+0000] {dag.py:3229} INFO - Sync 1 DAGs
[2024-09-13T14:36:33.524+0000] {logging_mixin.py:190} INFO - [2024-09-13T14:36:33.523+0000] {dag.py:4156} INFO - Setting next_dagrun for tutorial_taskflow_api_virtualenv to None, run_after=None
[2024-09-13T14:36:33.544+0000] {processor.py:208} INFO - Processing /home/airflow/.local/lib/python3.12/site-packages/airflow/example_dags/tutorial_taskflow_api_virtualenv.py took 0.076 seconds
[2024-09-13T14:37:04.475+0000] {processor.py:186} INFO - Started process (PID=371) to work on /home/airflow/.local/lib/python3.12/site-packages/airflow/example_dags/tutorial_taskflow_api_virtualenv.py
[2024-09-13T14:37:04.475+0000] {processor.py:914} INFO - Processing file /home/airflow/.local/lib/python3.12/site-packages/airflow/example_dags/tutorial_taskflow_api_virtualenv.py for tasks to queue
[2024-09-13T14:37:04.478+0000] {logging_mixin.py:190} INFO - [2024-09-13T14:37:04.478+0000] {dagbag.py:587} INFO - Filling up the DagBag from /home/airflow/.local/lib/python3.12/site-packages/airflow/example_dags/tutorial_taskflow_api_virtualenv.py
[2024-09-13T14:37:04.499+0000] {processor.py:925} INFO - DAG(s) 'tutorial_taskflow_api_virtualenv' retrieved from /home/airflow/.local/lib/python3.12/site-packages/airflow/example_dags/tutorial_taskflow_api_virtualenv.py
[2024-09-13T14:37:04.515+0000] {logging_mixin.py:190} INFO - [2024-09-13T14:37:04.515+0000] {dag.py:3229} INFO - Sync 1 DAGs
[2024-09-13T14:37:04.527+0000] {logging_mixin.py:190} INFO - [2024-09-13T14:37:04.527+0000] {dag.py:4156} INFO - Setting next_dagrun for tutorial_taskflow_api_virtualenv to None, run_after=None
[2024-09-13T14:37:04.544+0000] {processor.py:208} INFO - Processing /home/airflow/.local/lib/python3.12/site-packages/airflow/example_dags/tutorial_taskflow_api_virtualenv.py took 0.076 seconds
[2024-09-13T14:37:35.296+0000] {processor.py:186} INFO - Started process (PID=433) to work on /home/airflow/.local/lib/python3.12/site-packages/airflow/example_dags/tutorial_taskflow_api_virtualenv.py
[2024-09-13T14:37:35.297+0000] {processor.py:914} INFO - Processing file /home/airflow/.local/lib/python3.12/site-packages/airflow/example_dags/tutorial_taskflow_api_virtualenv.py for tasks to queue
[2024-09-13T14:37:35.299+0000] {logging_mixin.py:190} INFO - [2024-09-13T14:37:35.298+0000] {dagbag.py:587} INFO - Filling up the DagBag from /home/airflow/.local/lib/python3.12/site-packages/airflow/example_dags/tutorial_taskflow_api_virtualenv.py
[2024-09-13T14:37:35.326+0000] {processor.py:925} INFO - DAG(s) 'tutorial_taskflow_api_virtualenv' retrieved from /home/airflow/.local/lib/python3.12/site-packages/airflow/example_dags/tutorial_taskflow_api_virtualenv.py
[2024-09-13T14:37:35.357+0000] {logging_mixin.py:190} INFO - [2024-09-13T14:37:35.357+0000] {dag.py:3229} INFO - Sync 1 DAGs
[2024-09-13T14:37:35.372+0000] {logging_mixin.py:190} INFO - [2024-09-13T14:37:35.372+0000] {dag.py:4156} INFO - Setting next_dagrun for tutorial_taskflow_api_virtualenv to None, run_after=None
[2024-09-13T14:37:35.393+0000] {processor.py:208} INFO - Processing /home/airflow/.local/lib/python3.12/site-packages/airflow/example_dags/tutorial_taskflow_api_virtualenv.py took 0.103 seconds
[2024-09-13T14:38:05.829+0000] {processor.py:186} INFO - Started process (PID=495) to work on /home/airflow/.local/lib/python3.12/site-packages/airflow/example_dags/tutorial_taskflow_api_virtualenv.py
[2024-09-13T14:38:05.831+0000] {processor.py:914} INFO - Processing file /home/airflow/.local/lib/python3.12/site-packages/airflow/example_dags/tutorial_taskflow_api_virtualenv.py for tasks to queue
[2024-09-13T14:38:05.834+0000] {logging_mixin.py:190} INFO - [2024-09-13T14:38:05.833+0000] {dagbag.py:587} INFO - Filling up the DagBag from /home/airflow/.local/lib/python3.12/site-packages/airflow/example_dags/tutorial_taskflow_api_virtualenv.py
[2024-09-13T14:38:05.858+0000] {processor.py:925} INFO - DAG(s) 'tutorial_taskflow_api_virtualenv' retrieved from /home/airflow/.local/lib/python3.12/site-packages/airflow/example_dags/tutorial_taskflow_api_virtualenv.py
[2024-09-13T14:38:05.889+0000] {logging_mixin.py:190} INFO - [2024-09-13T14:38:05.888+0000] {dag.py:3229} INFO - Sync 1 DAGs
[2024-09-13T14:38:05.901+0000] {logging_mixin.py:190} INFO - [2024-09-13T14:38:05.901+0000] {dag.py:4156} INFO - Setting next_dagrun for tutorial_taskflow_api_virtualenv to None, run_after=None
[2024-09-13T14:38:05.919+0000] {processor.py:208} INFO - Processing /home/airflow/.local/lib/python3.12/site-packages/airflow/example_dags/tutorial_taskflow_api_virtualenv.py took 0.096 seconds
[2024-09-13T14:39:30.428+0000] {processor.py:186} INFO - Started process (PID=55) to work on /home/airflow/.local/lib/python3.12/site-packages/airflow/example_dags/tutorial_taskflow_api_virtualenv.py
[2024-09-13T14:39:30.429+0000] {processor.py:914} INFO - Processing file /home/airflow/.local/lib/python3.12/site-packages/airflow/example_dags/tutorial_taskflow_api_virtualenv.py for tasks to queue
[2024-09-13T14:39:30.432+0000] {logging_mixin.py:190} INFO - [2024-09-13T14:39:30.431+0000] {dagbag.py:587} INFO - Filling up the DagBag from /home/airflow/.local/lib/python3.12/site-packages/airflow/example_dags/tutorial_taskflow_api_virtualenv.py
[2024-09-13T14:39:30.459+0000] {processor.py:925} INFO - DAG(s) 'tutorial_taskflow_api_virtualenv' retrieved from /home/airflow/.local/lib/python3.12/site-packages/airflow/example_dags/tutorial_taskflow_api_virtualenv.py
[2024-09-13T14:39:30.720+0000] {logging_mixin.py:190} INFO - [2024-09-13T14:39:30.720+0000] {dag.py:3229} INFO - Sync 1 DAGs
[2024-09-13T14:39:30.729+0000] {logging_mixin.py:190} INFO - [2024-09-13T14:39:30.729+0000] {dag.py:4156} INFO - Setting next_dagrun for tutorial_taskflow_api_virtualenv to None, run_after=None
[2024-09-13T14:39:30.745+0000] {processor.py:208} INFO - Processing /home/airflow/.local/lib/python3.12/site-packages/airflow/example_dags/tutorial_taskflow_api_virtualenv.py took 0.323 seconds
[2024-09-13T14:40:01.077+0000] {processor.py:186} INFO - Started process (PID=123) to work on /home/airflow/.local/lib/python3.12/site-packages/airflow/example_dags/tutorial_taskflow_api_virtualenv.py
[2024-09-13T14:40:01.078+0000] {processor.py:914} INFO - Processing file /home/airflow/.local/lib/python3.12/site-packages/airflow/example_dags/tutorial_taskflow_api_virtualenv.py for tasks to queue
[2024-09-13T14:40:01.080+0000] {logging_mixin.py:190} INFO - [2024-09-13T14:40:01.080+0000] {dagbag.py:587} INFO - Filling up the DagBag from /home/airflow/.local/lib/python3.12/site-packages/airflow/example_dags/tutorial_taskflow_api_virtualenv.py
[2024-09-13T14:40:01.092+0000] {processor.py:925} INFO - DAG(s) 'tutorial_taskflow_api_virtualenv' retrieved from /home/airflow/.local/lib/python3.12/site-packages/airflow/example_dags/tutorial_taskflow_api_virtualenv.py
[2024-09-13T14:40:01.112+0000] {logging_mixin.py:190} INFO - [2024-09-13T14:40:01.112+0000] {dag.py:3229} INFO - Sync 1 DAGs
[2024-09-13T14:40:01.126+0000] {logging_mixin.py:190} INFO - [2024-09-13T14:40:01.126+0000] {dag.py:4156} INFO - Setting next_dagrun for tutorial_taskflow_api_virtualenv to None, run_after=None
[2024-09-13T14:40:01.143+0000] {processor.py:208} INFO - Processing /home/airflow/.local/lib/python3.12/site-packages/airflow/example_dags/tutorial_taskflow_api_virtualenv.py took 0.071 seconds
[2024-09-13T14:40:32.071+0000] {processor.py:186} INFO - Started process (PID=185) to work on /home/airflow/.local/lib/python3.12/site-packages/airflow/example_dags/tutorial_taskflow_api_virtualenv.py
[2024-09-13T14:40:32.072+0000] {processor.py:914} INFO - Processing file /home/airflow/.local/lib/python3.12/site-packages/airflow/example_dags/tutorial_taskflow_api_virtualenv.py for tasks to queue
[2024-09-13T14:40:32.075+0000] {logging_mixin.py:190} INFO - [2024-09-13T14:40:32.075+0000] {dagbag.py:587} INFO - Filling up the DagBag from /home/airflow/.local/lib/python3.12/site-packages/airflow/example_dags/tutorial_taskflow_api_virtualenv.py
[2024-09-13T14:40:32.090+0000] {processor.py:925} INFO - DAG(s) 'tutorial_taskflow_api_virtualenv' retrieved from /home/airflow/.local/lib/python3.12/site-packages/airflow/example_dags/tutorial_taskflow_api_virtualenv.py
[2024-09-13T14:40:32.108+0000] {logging_mixin.py:190} INFO - [2024-09-13T14:40:32.108+0000] {dag.py:3229} INFO - Sync 1 DAGs
[2024-09-13T14:40:32.121+0000] {logging_mixin.py:190} INFO - [2024-09-13T14:40:32.121+0000] {dag.py:4156} INFO - Setting next_dagrun for tutorial_taskflow_api_virtualenv to None, run_after=None
[2024-09-13T14:40:32.141+0000] {processor.py:208} INFO - Processing /home/airflow/.local/lib/python3.12/site-packages/airflow/example_dags/tutorial_taskflow_api_virtualenv.py took 0.075 seconds
[2024-09-13T14:41:23.487+0000] {processor.py:186} INFO - Started process (PID=54) to work on /home/airflow/.local/lib/python3.12/site-packages/airflow/example_dags/tutorial_taskflow_api_virtualenv.py
[2024-09-13T14:41:23.488+0000] {processor.py:914} INFO - Processing file /home/airflow/.local/lib/python3.12/site-packages/airflow/example_dags/tutorial_taskflow_api_virtualenv.py for tasks to queue
[2024-09-13T14:41:23.491+0000] {logging_mixin.py:190} INFO - [2024-09-13T14:41:23.490+0000] {dagbag.py:587} INFO - Filling up the DagBag from /home/airflow/.local/lib/python3.12/site-packages/airflow/example_dags/tutorial_taskflow_api_virtualenv.py
[2024-09-13T14:41:23.504+0000] {processor.py:925} INFO - DAG(s) 'tutorial_taskflow_api_virtualenv' retrieved from /home/airflow/.local/lib/python3.12/site-packages/airflow/example_dags/tutorial_taskflow_api_virtualenv.py
[2024-09-13T14:41:23.756+0000] {logging_mixin.py:190} INFO - [2024-09-13T14:41:23.756+0000] {dag.py:3229} INFO - Sync 1 DAGs
[2024-09-13T14:41:23.769+0000] {logging_mixin.py:190} INFO - [2024-09-13T14:41:23.768+0000] {dag.py:4156} INFO - Setting next_dagrun for tutorial_taskflow_api_virtualenv to None, run_after=None
[2024-09-13T14:41:23.792+0000] {processor.py:208} INFO - Processing /home/airflow/.local/lib/python3.12/site-packages/airflow/example_dags/tutorial_taskflow_api_virtualenv.py took 0.312 seconds
[2024-09-13T14:41:53.897+0000] {processor.py:186} INFO - Started process (PID=117) to work on /home/airflow/.local/lib/python3.12/site-packages/airflow/example_dags/tutorial_taskflow_api_virtualenv.py
[2024-09-13T14:41:53.898+0000] {processor.py:914} INFO - Processing file /home/airflow/.local/lib/python3.12/site-packages/airflow/example_dags/tutorial_taskflow_api_virtualenv.py for tasks to queue
[2024-09-13T14:41:53.900+0000] {logging_mixin.py:190} INFO - [2024-09-13T14:41:53.900+0000] {dagbag.py:587} INFO - Filling up the DagBag from /home/airflow/.local/lib/python3.12/site-packages/airflow/example_dags/tutorial_taskflow_api_virtualenv.py
[2024-09-13T14:41:53.912+0000] {processor.py:925} INFO - DAG(s) 'tutorial_taskflow_api_virtualenv' retrieved from /home/airflow/.local/lib/python3.12/site-packages/airflow/example_dags/tutorial_taskflow_api_virtualenv.py
[2024-09-13T14:41:53.931+0000] {logging_mixin.py:190} INFO - [2024-09-13T14:41:53.931+0000] {dag.py:3229} INFO - Sync 1 DAGs
[2024-09-13T14:41:53.944+0000] {logging_mixin.py:190} INFO - [2024-09-13T14:41:53.944+0000] {dag.py:4156} INFO - Setting next_dagrun for tutorial_taskflow_api_virtualenv to None, run_after=None
[2024-09-13T14:41:53.963+0000] {processor.py:208} INFO - Processing /home/airflow/.local/lib/python3.12/site-packages/airflow/example_dags/tutorial_taskflow_api_virtualenv.py took 0.071 seconds
[2024-09-13T14:42:24.498+0000] {processor.py:186} INFO - Started process (PID=178) to work on /home/airflow/.local/lib/python3.12/site-packages/airflow/example_dags/tutorial_taskflow_api_virtualenv.py
[2024-09-13T14:42:24.498+0000] {processor.py:914} INFO - Processing file /home/airflow/.local/lib/python3.12/site-packages/airflow/example_dags/tutorial_taskflow_api_virtualenv.py for tasks to queue
[2024-09-13T14:42:24.501+0000] {logging_mixin.py:190} INFO - [2024-09-13T14:42:24.500+0000] {dagbag.py:587} INFO - Filling up the DagBag from /home/airflow/.local/lib/python3.12/site-packages/airflow/example_dags/tutorial_taskflow_api_virtualenv.py
[2024-09-13T14:42:24.519+0000] {processor.py:925} INFO - DAG(s) 'tutorial_taskflow_api_virtualenv' retrieved from /home/airflow/.local/lib/python3.12/site-packages/airflow/example_dags/tutorial_taskflow_api_virtualenv.py
[2024-09-13T14:42:24.543+0000] {logging_mixin.py:190} INFO - [2024-09-13T14:42:24.542+0000] {dag.py:3229} INFO - Sync 1 DAGs
[2024-09-13T14:42:24.559+0000] {logging_mixin.py:190} INFO - [2024-09-13T14:42:24.558+0000] {dag.py:4156} INFO - Setting next_dagrun for tutorial_taskflow_api_virtualenv to None, run_after=None
[2024-09-13T14:42:24.586+0000] {processor.py:208} INFO - Processing /home/airflow/.local/lib/python3.12/site-packages/airflow/example_dags/tutorial_taskflow_api_virtualenv.py took 0.094 seconds
[2024-09-13T14:42:54.634+0000] {processor.py:186} INFO - Started process (PID=239) to work on /home/airflow/.local/lib/python3.12/site-packages/airflow/example_dags/tutorial_taskflow_api_virtualenv.py
[2024-09-13T14:42:54.635+0000] {processor.py:914} INFO - Processing file /home/airflow/.local/lib/python3.12/site-packages/airflow/example_dags/tutorial_taskflow_api_virtualenv.py for tasks to queue
[2024-09-13T14:42:54.654+0000] {logging_mixin.py:190} INFO - [2024-09-13T14:42:54.653+0000] {dagbag.py:587} INFO - Filling up the DagBag from /home/airflow/.local/lib/python3.12/site-packages/airflow/example_dags/tutorial_taskflow_api_virtualenv.py
[2024-09-13T14:42:54.671+0000] {processor.py:925} INFO - DAG(s) 'tutorial_taskflow_api_virtualenv' retrieved from /home/airflow/.local/lib/python3.12/site-packages/airflow/example_dags/tutorial_taskflow_api_virtualenv.py
[2024-09-13T14:42:54.703+0000] {logging_mixin.py:190} INFO - [2024-09-13T14:42:54.702+0000] {dag.py:3229} INFO - Sync 1 DAGs
[2024-09-13T14:42:54.721+0000] {logging_mixin.py:190} INFO - [2024-09-13T14:42:54.721+0000] {dag.py:4156} INFO - Setting next_dagrun for tutorial_taskflow_api_virtualenv to None, run_after=None
[2024-09-13T14:42:54.790+0000] {processor.py:208} INFO - Processing /home/airflow/.local/lib/python3.12/site-packages/airflow/example_dags/tutorial_taskflow_api_virtualenv.py took 0.167 seconds
