[2024-09-13T14:34:33.304+0000] {processor.py:186} INFO - Started process (PID=68) to work on /home/airflow/.local/lib/python3.12/site-packages/airflow/example_dags/tutorial.py
[2024-09-13T14:34:33.305+0000] {processor.py:914} INFO - Processing file /home/airflow/.local/lib/python3.12/site-packages/airflow/example_dags/tutorial.py for tasks to queue
[2024-09-13T14:34:33.307+0000] {logging_mixin.py:190} INFO - [2024-09-13T14:34:33.307+0000] {dagbag.py:587} INFO - Filling up the DagBag from /home/airflow/.local/lib/python3.12/site-packages/airflow/example_dags/tutorial.py
[2024-09-13T14:34:33.320+0000] {processor.py:925} INFO - DAG(s) 'tutorial' retrieved from /home/airflow/.local/lib/python3.12/site-packages/airflow/example_dags/tutorial.py
[2024-09-13T14:34:33.485+0000] {logging_mixin.py:190} INFO - [2024-09-13T14:34:33.485+0000] {override.py:1900} INFO - Created Permission View: can read on DAG:tutorial
[2024-09-13T14:34:33.495+0000] {logging_mixin.py:190} INFO - [2024-09-13T14:34:33.495+0000] {override.py:1900} INFO - Created Permission View: can delete on DAG:tutorial
[2024-09-13T14:34:33.502+0000] {logging_mixin.py:190} INFO - [2024-09-13T14:34:33.501+0000] {override.py:1900} INFO - Created Permission View: can edit on DAG:tutorial
[2024-09-13T14:34:33.511+0000] {logging_mixin.py:190} INFO - [2024-09-13T14:34:33.511+0000] {override.py:1900} INFO - Created Permission View: can create on DAG Run:tutorial
[2024-09-13T14:34:33.520+0000] {logging_mixin.py:190} INFO - [2024-09-13T14:34:33.520+0000] {override.py:1900} INFO - Created Permission View: menu access on DAG Run:tutorial
[2024-09-13T14:34:33.528+0000] {logging_mixin.py:190} INFO - [2024-09-13T14:34:33.528+0000] {override.py:1900} INFO - Created Permission View: can read on DAG Run:tutorial
[2024-09-13T14:34:33.534+0000] {logging_mixin.py:190} INFO - [2024-09-13T14:34:33.534+0000] {override.py:1900} INFO - Created Permission View: can delete on DAG Run:tutorial
[2024-09-13T14:34:33.535+0000] {logging_mixin.py:190} INFO - [2024-09-13T14:34:33.535+0000] {dag.py:3229} INFO - Sync 1 DAGs
[2024-09-13T14:34:33.548+0000] {logging_mixin.py:190} INFO - [2024-09-13T14:34:33.548+0000] {dag.py:3252} INFO - Creating ORM DAG for tutorial
[2024-09-13T14:34:33.562+0000] {logging_mixin.py:190} INFO - [2024-09-13T14:34:33.562+0000] {dag.py:4156} INFO - Setting next_dagrun for tutorial to 2024-09-12 00:00:00+00:00, run_after=2024-09-13 00:00:00+00:00
[2024-09-13T14:34:33.583+0000] {processor.py:208} INFO - Processing /home/airflow/.local/lib/python3.12/site-packages/airflow/example_dags/tutorial.py took 0.288 seconds
[2024-09-13T14:35:03.954+0000] {processor.py:186} INFO - Started process (PID=130) to work on /home/airflow/.local/lib/python3.12/site-packages/airflow/example_dags/tutorial.py
[2024-09-13T14:35:03.955+0000] {processor.py:914} INFO - Processing file /home/airflow/.local/lib/python3.12/site-packages/airflow/example_dags/tutorial.py for tasks to queue
[2024-09-13T14:35:03.958+0000] {logging_mixin.py:190} INFO - [2024-09-13T14:35:03.957+0000] {dagbag.py:587} INFO - Filling up the DagBag from /home/airflow/.local/lib/python3.12/site-packages/airflow/example_dags/tutorial.py
[2024-09-13T14:35:03.966+0000] {processor.py:925} INFO - DAG(s) 'tutorial' retrieved from /home/airflow/.local/lib/python3.12/site-packages/airflow/example_dags/tutorial.py
[2024-09-13T14:35:03.986+0000] {logging_mixin.py:190} INFO - [2024-09-13T14:35:03.986+0000] {dag.py:3229} INFO - Sync 1 DAGs
[2024-09-13T14:35:04.007+0000] {logging_mixin.py:190} INFO - [2024-09-13T14:35:04.007+0000] {dag.py:4156} INFO - Setting next_dagrun for tutorial to 2024-09-12 00:00:00+00:00, run_after=2024-09-13 00:00:00+00:00
[2024-09-13T14:35:04.025+0000] {processor.py:208} INFO - Processing /home/airflow/.local/lib/python3.12/site-packages/airflow/example_dags/tutorial.py took 0.077 seconds
[2024-09-13T14:35:34.246+0000] {processor.py:186} INFO - Started process (PID=191) to work on /home/airflow/.local/lib/python3.12/site-packages/airflow/example_dags/tutorial.py
[2024-09-13T14:35:34.247+0000] {processor.py:914} INFO - Processing file /home/airflow/.local/lib/python3.12/site-packages/airflow/example_dags/tutorial.py for tasks to queue
[2024-09-13T14:35:34.249+0000] {logging_mixin.py:190} INFO - [2024-09-13T14:35:34.249+0000] {dagbag.py:587} INFO - Filling up the DagBag from /home/airflow/.local/lib/python3.12/site-packages/airflow/example_dags/tutorial.py
[2024-09-13T14:35:34.256+0000] {processor.py:925} INFO - DAG(s) 'tutorial' retrieved from /home/airflow/.local/lib/python3.12/site-packages/airflow/example_dags/tutorial.py
[2024-09-13T14:35:34.279+0000] {logging_mixin.py:190} INFO - [2024-09-13T14:35:34.278+0000] {dag.py:3229} INFO - Sync 1 DAGs
[2024-09-13T14:35:34.309+0000] {logging_mixin.py:190} INFO - [2024-09-13T14:35:34.309+0000] {dag.py:4156} INFO - Setting next_dagrun for tutorial to 2024-09-12 00:00:00+00:00, run_after=2024-09-13 00:00:00+00:00
[2024-09-13T14:35:34.328+0000] {processor.py:208} INFO - Processing /home/airflow/.local/lib/python3.12/site-packages/airflow/example_dags/tutorial.py took 0.091 seconds
[2024-09-13T14:36:04.699+0000] {processor.py:186} INFO - Started process (PID=253) to work on /home/airflow/.local/lib/python3.12/site-packages/airflow/example_dags/tutorial.py
[2024-09-13T14:36:04.700+0000] {processor.py:914} INFO - Processing file /home/airflow/.local/lib/python3.12/site-packages/airflow/example_dags/tutorial.py for tasks to queue
[2024-09-13T14:36:04.702+0000] {logging_mixin.py:190} INFO - [2024-09-13T14:36:04.701+0000] {dagbag.py:587} INFO - Filling up the DagBag from /home/airflow/.local/lib/python3.12/site-packages/airflow/example_dags/tutorial.py
[2024-09-13T14:36:04.709+0000] {processor.py:925} INFO - DAG(s) 'tutorial' retrieved from /home/airflow/.local/lib/python3.12/site-packages/airflow/example_dags/tutorial.py
[2024-09-13T14:36:04.728+0000] {logging_mixin.py:190} INFO - [2024-09-13T14:36:04.728+0000] {dag.py:3229} INFO - Sync 1 DAGs
[2024-09-13T14:36:04.751+0000] {logging_mixin.py:190} INFO - [2024-09-13T14:36:04.750+0000] {dag.py:4156} INFO - Setting next_dagrun for tutorial to 2024-09-12 00:00:00+00:00, run_after=2024-09-13 00:00:00+00:00
[2024-09-13T14:36:04.766+0000] {processor.py:208} INFO - Processing /home/airflow/.local/lib/python3.12/site-packages/airflow/example_dags/tutorial.py took 0.073 seconds
[2024-09-13T14:36:34.809+0000] {processor.py:186} INFO - Started process (PID=315) to work on /home/airflow/.local/lib/python3.12/site-packages/airflow/example_dags/tutorial.py
[2024-09-13T14:36:34.810+0000] {processor.py:914} INFO - Processing file /home/airflow/.local/lib/python3.12/site-packages/airflow/example_dags/tutorial.py for tasks to queue
[2024-09-13T14:36:34.812+0000] {logging_mixin.py:190} INFO - [2024-09-13T14:36:34.812+0000] {dagbag.py:587} INFO - Filling up the DagBag from /home/airflow/.local/lib/python3.12/site-packages/airflow/example_dags/tutorial.py
[2024-09-13T14:36:34.820+0000] {processor.py:925} INFO - DAG(s) 'tutorial' retrieved from /home/airflow/.local/lib/python3.12/site-packages/airflow/example_dags/tutorial.py
[2024-09-13T14:36:34.839+0000] {logging_mixin.py:190} INFO - [2024-09-13T14:36:34.839+0000] {dag.py:3229} INFO - Sync 1 DAGs
[2024-09-13T14:36:34.862+0000] {logging_mixin.py:190} INFO - [2024-09-13T14:36:34.862+0000] {dag.py:4156} INFO - Setting next_dagrun for tutorial to 2024-09-12 00:00:00+00:00, run_after=2024-09-13 00:00:00+00:00
[2024-09-13T14:36:34.883+0000] {processor.py:208} INFO - Processing /home/airflow/.local/lib/python3.12/site-packages/airflow/example_dags/tutorial.py took 0.079 seconds
[2024-09-13T14:37:05.894+0000] {processor.py:186} INFO - Started process (PID=383) to work on /home/airflow/.local/lib/python3.12/site-packages/airflow/example_dags/tutorial.py
[2024-09-13T14:37:05.895+0000] {processor.py:914} INFO - Processing file /home/airflow/.local/lib/python3.12/site-packages/airflow/example_dags/tutorial.py for tasks to queue
[2024-09-13T14:37:05.897+0000] {logging_mixin.py:190} INFO - [2024-09-13T14:37:05.897+0000] {dagbag.py:587} INFO - Filling up the DagBag from /home/airflow/.local/lib/python3.12/site-packages/airflow/example_dags/tutorial.py
[2024-09-13T14:37:05.905+0000] {processor.py:925} INFO - DAG(s) 'tutorial' retrieved from /home/airflow/.local/lib/python3.12/site-packages/airflow/example_dags/tutorial.py
[2024-09-13T14:37:05.925+0000] {logging_mixin.py:190} INFO - [2024-09-13T14:37:05.925+0000] {dag.py:3229} INFO - Sync 1 DAGs
[2024-09-13T14:37:05.949+0000] {logging_mixin.py:190} INFO - [2024-09-13T14:37:05.949+0000] {dag.py:4156} INFO - Setting next_dagrun for tutorial to 2024-09-12 00:00:00+00:00, run_after=2024-09-13 00:00:00+00:00
[2024-09-13T14:37:05.966+0000] {processor.py:208} INFO - Processing /home/airflow/.local/lib/python3.12/site-packages/airflow/example_dags/tutorial.py took 0.079 seconds
[2024-09-13T14:37:36.777+0000] {processor.py:186} INFO - Started process (PID=445) to work on /home/airflow/.local/lib/python3.12/site-packages/airflow/example_dags/tutorial.py
[2024-09-13T14:37:36.778+0000] {processor.py:914} INFO - Processing file /home/airflow/.local/lib/python3.12/site-packages/airflow/example_dags/tutorial.py for tasks to queue
[2024-09-13T14:37:36.780+0000] {logging_mixin.py:190} INFO - [2024-09-13T14:37:36.779+0000] {dagbag.py:587} INFO - Filling up the DagBag from /home/airflow/.local/lib/python3.12/site-packages/airflow/example_dags/tutorial.py
[2024-09-13T14:37:36.786+0000] {processor.py:925} INFO - DAG(s) 'tutorial' retrieved from /home/airflow/.local/lib/python3.12/site-packages/airflow/example_dags/tutorial.py
[2024-09-13T14:37:36.805+0000] {logging_mixin.py:190} INFO - [2024-09-13T14:37:36.805+0000] {dag.py:3229} INFO - Sync 1 DAGs
[2024-09-13T14:37:36.826+0000] {logging_mixin.py:190} INFO - [2024-09-13T14:37:36.826+0000] {dag.py:4156} INFO - Setting next_dagrun for tutorial to 2024-09-12 00:00:00+00:00, run_after=2024-09-13 00:00:00+00:00
[2024-09-13T14:37:36.843+0000] {processor.py:208} INFO - Processing /home/airflow/.local/lib/python3.12/site-packages/airflow/example_dags/tutorial.py took 0.071 seconds
[2024-09-13T14:38:07.228+0000] {processor.py:186} INFO - Started process (PID=507) to work on /home/airflow/.local/lib/python3.12/site-packages/airflow/example_dags/tutorial.py
[2024-09-13T14:38:07.229+0000] {processor.py:914} INFO - Processing file /home/airflow/.local/lib/python3.12/site-packages/airflow/example_dags/tutorial.py for tasks to queue
[2024-09-13T14:38:07.231+0000] {logging_mixin.py:190} INFO - [2024-09-13T14:38:07.230+0000] {dagbag.py:587} INFO - Filling up the DagBag from /home/airflow/.local/lib/python3.12/site-packages/airflow/example_dags/tutorial.py
[2024-09-13T14:38:07.241+0000] {processor.py:925} INFO - DAG(s) 'tutorial' retrieved from /home/airflow/.local/lib/python3.12/site-packages/airflow/example_dags/tutorial.py
[2024-09-13T14:38:07.265+0000] {logging_mixin.py:190} INFO - [2024-09-13T14:38:07.265+0000] {dag.py:3229} INFO - Sync 1 DAGs
[2024-09-13T14:38:07.288+0000] {logging_mixin.py:190} INFO - [2024-09-13T14:38:07.288+0000] {dag.py:4156} INFO - Setting next_dagrun for tutorial to 2024-09-12 00:00:00+00:00, run_after=2024-09-13 00:00:00+00:00
[2024-09-13T14:38:07.304+0000] {processor.py:208} INFO - Processing /home/airflow/.local/lib/python3.12/site-packages/airflow/example_dags/tutorial.py took 0.081 seconds
[2024-09-13T14:39:31.105+0000] {processor.py:186} INFO - Started process (PID=68) to work on /home/airflow/.local/lib/python3.12/site-packages/airflow/example_dags/tutorial.py
[2024-09-13T14:39:31.106+0000] {processor.py:914} INFO - Processing file /home/airflow/.local/lib/python3.12/site-packages/airflow/example_dags/tutorial.py for tasks to queue
[2024-09-13T14:39:31.108+0000] {logging_mixin.py:190} INFO - [2024-09-13T14:39:31.108+0000] {dagbag.py:587} INFO - Filling up the DagBag from /home/airflow/.local/lib/python3.12/site-packages/airflow/example_dags/tutorial.py
[2024-09-13T14:39:31.120+0000] {processor.py:925} INFO - DAG(s) 'tutorial' retrieved from /home/airflow/.local/lib/python3.12/site-packages/airflow/example_dags/tutorial.py
[2024-09-13T14:39:31.148+0000] {logging_mixin.py:190} INFO - [2024-09-13T14:39:31.148+0000] {dag.py:3229} INFO - Sync 1 DAGs
[2024-09-13T14:39:31.170+0000] {logging_mixin.py:190} INFO - [2024-09-13T14:39:31.170+0000] {dag.py:4156} INFO - Setting next_dagrun for tutorial to 2024-09-12 00:00:00+00:00, run_after=2024-09-13 00:00:00+00:00
[2024-09-13T14:39:31.188+0000] {processor.py:208} INFO - Processing /home/airflow/.local/lib/python3.12/site-packages/airflow/example_dags/tutorial.py took 0.088 seconds
[2024-09-13T14:40:01.399+0000] {processor.py:186} INFO - Started process (PID=129) to work on /home/airflow/.local/lib/python3.12/site-packages/airflow/example_dags/tutorial.py
[2024-09-13T14:40:01.400+0000] {processor.py:914} INFO - Processing file /home/airflow/.local/lib/python3.12/site-packages/airflow/example_dags/tutorial.py for tasks to queue
[2024-09-13T14:40:01.404+0000] {logging_mixin.py:190} INFO - [2024-09-13T14:40:01.403+0000] {dagbag.py:587} INFO - Filling up the DagBag from /home/airflow/.local/lib/python3.12/site-packages/airflow/example_dags/tutorial.py
[2024-09-13T14:40:01.411+0000] {processor.py:925} INFO - DAG(s) 'tutorial' retrieved from /home/airflow/.local/lib/python3.12/site-packages/airflow/example_dags/tutorial.py
[2024-09-13T14:40:01.431+0000] {logging_mixin.py:190} INFO - [2024-09-13T14:40:01.431+0000] {dag.py:3229} INFO - Sync 1 DAGs
[2024-09-13T14:40:01.454+0000] {logging_mixin.py:190} INFO - [2024-09-13T14:40:01.454+0000] {dag.py:4156} INFO - Setting next_dagrun for tutorial to 2024-09-12 00:00:00+00:00, run_after=2024-09-13 00:00:00+00:00
[2024-09-13T14:40:01.470+0000] {processor.py:208} INFO - Processing /home/airflow/.local/lib/python3.12/site-packages/airflow/example_dags/tutorial.py took 0.077 seconds
[2024-09-13T14:40:32.819+0000] {processor.py:186} INFO - Started process (PID=192) to work on /home/airflow/.local/lib/python3.12/site-packages/airflow/example_dags/tutorial.py
[2024-09-13T14:40:32.820+0000] {processor.py:914} INFO - Processing file /home/airflow/.local/lib/python3.12/site-packages/airflow/example_dags/tutorial.py for tasks to queue
[2024-09-13T14:40:32.822+0000] {logging_mixin.py:190} INFO - [2024-09-13T14:40:32.821+0000] {dagbag.py:587} INFO - Filling up the DagBag from /home/airflow/.local/lib/python3.12/site-packages/airflow/example_dags/tutorial.py
[2024-09-13T14:40:32.829+0000] {processor.py:925} INFO - DAG(s) 'tutorial' retrieved from /home/airflow/.local/lib/python3.12/site-packages/airflow/example_dags/tutorial.py
[2024-09-13T14:40:32.849+0000] {logging_mixin.py:190} INFO - [2024-09-13T14:40:32.849+0000] {dag.py:3229} INFO - Sync 1 DAGs
[2024-09-13T14:40:32.871+0000] {logging_mixin.py:190} INFO - [2024-09-13T14:40:32.871+0000] {dag.py:4156} INFO - Setting next_dagrun for tutorial to 2024-09-12 00:00:00+00:00, run_after=2024-09-13 00:00:00+00:00
[2024-09-13T14:40:32.890+0000] {processor.py:208} INFO - Processing /home/airflow/.local/lib/python3.12/site-packages/airflow/example_dags/tutorial.py took 0.076 seconds
[2024-09-13T14:41:24.120+0000] {processor.py:186} INFO - Started process (PID=61) to work on /home/airflow/.local/lib/python3.12/site-packages/airflow/example_dags/tutorial.py
[2024-09-13T14:41:24.121+0000] {processor.py:914} INFO - Processing file /home/airflow/.local/lib/python3.12/site-packages/airflow/example_dags/tutorial.py for tasks to queue
[2024-09-13T14:41:24.123+0000] {logging_mixin.py:190} INFO - [2024-09-13T14:41:24.123+0000] {dagbag.py:587} INFO - Filling up the DagBag from /home/airflow/.local/lib/python3.12/site-packages/airflow/example_dags/tutorial.py
[2024-09-13T14:41:24.130+0000] {processor.py:925} INFO - DAG(s) 'tutorial' retrieved from /home/airflow/.local/lib/python3.12/site-packages/airflow/example_dags/tutorial.py
[2024-09-13T14:41:24.157+0000] {logging_mixin.py:190} INFO - [2024-09-13T14:41:24.157+0000] {dag.py:3229} INFO - Sync 1 DAGs
[2024-09-13T14:41:24.178+0000] {logging_mixin.py:190} INFO - [2024-09-13T14:41:24.178+0000] {dag.py:4156} INFO - Setting next_dagrun for tutorial to 2024-09-12 00:00:00+00:00, run_after=2024-09-13 00:00:00+00:00
[2024-09-13T14:41:24.194+0000] {processor.py:208} INFO - Processing /home/airflow/.local/lib/python3.12/site-packages/airflow/example_dags/tutorial.py took 0.080 seconds
[2024-09-13T14:41:54.318+0000] {processor.py:186} INFO - Started process (PID=123) to work on /home/airflow/.local/lib/python3.12/site-packages/airflow/example_dags/tutorial.py
[2024-09-13T14:41:54.319+0000] {processor.py:914} INFO - Processing file /home/airflow/.local/lib/python3.12/site-packages/airflow/example_dags/tutorial.py for tasks to queue
[2024-09-13T14:41:54.321+0000] {logging_mixin.py:190} INFO - [2024-09-13T14:41:54.320+0000] {dagbag.py:587} INFO - Filling up the DagBag from /home/airflow/.local/lib/python3.12/site-packages/airflow/example_dags/tutorial.py
[2024-09-13T14:41:54.329+0000] {processor.py:925} INFO - DAG(s) 'tutorial' retrieved from /home/airflow/.local/lib/python3.12/site-packages/airflow/example_dags/tutorial.py
[2024-09-13T14:41:54.348+0000] {logging_mixin.py:190} INFO - [2024-09-13T14:41:54.348+0000] {dag.py:3229} INFO - Sync 1 DAGs
[2024-09-13T14:41:54.367+0000] {logging_mixin.py:190} INFO - [2024-09-13T14:41:54.367+0000] {dag.py:4156} INFO - Setting next_dagrun for tutorial to 2024-09-12 00:00:00+00:00, run_after=2024-09-13 00:00:00+00:00
[2024-09-13T14:41:54.383+0000] {processor.py:208} INFO - Processing /home/airflow/.local/lib/python3.12/site-packages/airflow/example_dags/tutorial.py took 0.071 seconds
[2024-09-13T14:42:25.243+0000] {processor.py:186} INFO - Started process (PID=185) to work on /home/airflow/.local/lib/python3.12/site-packages/airflow/example_dags/tutorial.py
[2024-09-13T14:42:25.243+0000] {processor.py:914} INFO - Processing file /home/airflow/.local/lib/python3.12/site-packages/airflow/example_dags/tutorial.py for tasks to queue
[2024-09-13T14:42:25.245+0000] {logging_mixin.py:190} INFO - [2024-09-13T14:42:25.245+0000] {dagbag.py:587} INFO - Filling up the DagBag from /home/airflow/.local/lib/python3.12/site-packages/airflow/example_dags/tutorial.py
[2024-09-13T14:42:25.252+0000] {processor.py:925} INFO - DAG(s) 'tutorial' retrieved from /home/airflow/.local/lib/python3.12/site-packages/airflow/example_dags/tutorial.py
[2024-09-13T14:42:25.272+0000] {logging_mixin.py:190} INFO - [2024-09-13T14:42:25.272+0000] {dag.py:3229} INFO - Sync 1 DAGs
[2024-09-13T14:42:25.294+0000] {logging_mixin.py:190} INFO - [2024-09-13T14:42:25.294+0000] {dag.py:4156} INFO - Setting next_dagrun for tutorial to 2024-09-12 00:00:00+00:00, run_after=2024-09-13 00:00:00+00:00
[2024-09-13T14:42:25.313+0000] {processor.py:208} INFO - Processing /home/airflow/.local/lib/python3.12/site-packages/airflow/example_dags/tutorial.py took 0.076 seconds
[2024-09-13T14:42:56.146+0000] {processor.py:186} INFO - Started process (PID=247) to work on /home/airflow/.local/lib/python3.12/site-packages/airflow/example_dags/tutorial.py
[2024-09-13T14:42:56.147+0000] {processor.py:914} INFO - Processing file /home/airflow/.local/lib/python3.12/site-packages/airflow/example_dags/tutorial.py for tasks to queue
[2024-09-13T14:42:56.149+0000] {logging_mixin.py:190} INFO - [2024-09-13T14:42:56.149+0000] {dagbag.py:587} INFO - Filling up the DagBag from /home/airflow/.local/lib/python3.12/site-packages/airflow/example_dags/tutorial.py
[2024-09-13T14:42:56.159+0000] {processor.py:925} INFO - DAG(s) 'tutorial' retrieved from /home/airflow/.local/lib/python3.12/site-packages/airflow/example_dags/tutorial.py
[2024-09-13T14:42:56.180+0000] {logging_mixin.py:190} INFO - [2024-09-13T14:42:56.180+0000] {dag.py:3229} INFO - Sync 1 DAGs
[2024-09-13T14:42:56.201+0000] {logging_mixin.py:190} INFO - [2024-09-13T14:42:56.200+0000] {dag.py:4156} INFO - Setting next_dagrun for tutorial to 2024-09-12 00:00:00+00:00, run_after=2024-09-13 00:00:00+00:00
[2024-09-13T14:42:56.217+0000] {processor.py:208} INFO - Processing /home/airflow/.local/lib/python3.12/site-packages/airflow/example_dags/tutorial.py took 0.078 seconds
