[2024-09-17T13:28:55.219+0000] {local_task_job_runner.py:123} INFO - ::group::Pre task execution logs
[2024-09-17T13:28:55.258+0000] {taskinstance.py:2612} INFO - Dependencies all met for dep_context=non-requeueable deps ti=<TaskInstance: rasa_data_ingestion_dag.process_columns_name manual__2024-09-17T13:09:27.941176+00:00 [queued]>
[2024-09-17T13:28:55.278+0000] {taskinstance.py:2612} INFO - Dependencies all met for dep_context=requeueable deps ti=<TaskInstance: rasa_data_ingestion_dag.process_columns_name manual__2024-09-17T13:09:27.941176+00:00 [queued]>
[2024-09-17T13:28:55.279+0000] {taskinstance.py:2865} INFO - Starting attempt 12 of 13
[2024-09-17T13:28:55.305+0000] {taskinstance.py:2888} INFO - Executing <Task(_PythonDecoratedOperator): process_columns_name> on 2024-09-17 13:09:27.941176+00:00
[2024-09-17T13:28:55.326+0000] {standard_task_runner.py:104} INFO - Running: ['***', 'tasks', 'run', 'rasa_data_ingestion_dag', 'process_columns_name', 'manual__2024-09-17T13:09:27.941176+00:00', '--job-id', '42', '--raw', '--subdir', 'DAGS_FOLDER/rasa_data_ingestion_dag.py', '--cfg-path', '/tmp/tmplabuqi_m']
[2024-09-17T13:28:55.331+0000] {standard_task_runner.py:105} INFO - Job 42: Subtask process_columns_name
[2024-09-17T13:28:55.335+0000] {logging_mixin.py:190} WARNING - /home/***/.local/lib/python3.12/site-packages/***/task/task_runner/standard_task_runner.py:70 DeprecationWarning: This process (pid=1695) is multi-threaded, use of fork() may lead to deadlocks in the child.
[2024-09-17T13:28:55.336+0000] {standard_task_runner.py:72} INFO - Started process 1696 to run task
[2024-09-17T13:28:55.423+0000] {task_command.py:467} INFO - Running <TaskInstance: rasa_data_ingestion_dag.process_columns_name manual__2024-09-17T13:09:27.941176+00:00 [running]> on host aca847883b6e
[2024-09-17T13:28:55.595+0000] {taskinstance.py:3131} INFO - Exporting env vars: AIRFLOW_CTX_DAG_OWNER='Eric Silveira' AIRFLOW_CTX_DAG_ID='rasa_data_ingestion_dag' AIRFLOW_CTX_TASK_ID='process_columns_name' AIRFLOW_CTX_EXECUTION_DATE='2024-09-17T13:09:27.941176+00:00' AIRFLOW_CTX_TRY_NUMBER='12' AIRFLOW_CTX_DAG_RUN_ID='manual__2024-09-17T13:09:27.941176+00:00'
[2024-09-17T13:28:55.597+0000] {taskinstance.py:731} INFO - ::endgroup::
[2024-09-17T13:28:55.623+0000] {rasa_data_ingestion_dag.py:22} INFO - =
[2024-09-17T13:28:55.623+0000] {rasa_data_ingestion_dag.py:23} INFO - ==============START LOGGING===============
[2024-09-17T13:28:55.624+0000] {rasa_data_ingestion_dag.py:24} INFO - [['timestamp'], ['sender_id'], ['id'], ['data'], ['intent_name'], ['action_name'], ['type_name']]
[2024-09-17T13:28:55.624+0000] {rasa_data_ingestion_dag.py:25} INFO - ==============END LOGGING===============
[2024-09-17T13:28:55.624+0000] {rasa_data_ingestion_dag.py:26} INFO - =
[2024-09-17T13:28:55.625+0000] {python.py:240} INFO - Done. Returned value was: None
[2024-09-17T13:28:55.643+0000] {taskinstance.py:340} INFO - ::group::Post task execution logs
[2024-09-17T13:28:55.644+0000] {taskinstance.py:352} INFO - Marking task as SUCCESS. dag_id=rasa_data_ingestion_dag, task_id=process_columns_name, run_id=manual__2024-09-17T13:09:27.941176+00:00, execution_date=20240917T130927, start_date=20240917T132855, end_date=20240917T132855
[2024-09-17T13:28:55.715+0000] {local_task_job_runner.py:266} INFO - Task exited with return code 0
[2024-09-17T13:28:55.751+0000] {taskinstance.py:3900} INFO - 0 downstream tasks scheduled from follow-on schedule check
[2024-09-17T13:28:55.753+0000] {local_task_job_runner.py:245} INFO - ::endgroup::
