[2024-09-17T13:20:59.981+0000] {local_task_job_runner.py:123} INFO - ::group::Pre task execution logs
[2024-09-17T13:21:00.021+0000] {taskinstance.py:2612} INFO - Dependencies all met for dep_context=non-requeueable deps ti=<TaskInstance: rasa_data_ingestion_dag.process_columns_name manual__2024-09-17T13:09:27.941176+00:00 [queued]>
[2024-09-17T13:21:00.043+0000] {taskinstance.py:2612} INFO - Dependencies all met for dep_context=requeueable deps ti=<TaskInstance: rasa_data_ingestion_dag.process_columns_name manual__2024-09-17T13:09:27.941176+00:00 [queued]>
[2024-09-17T13:21:00.043+0000] {taskinstance.py:2865} INFO - Starting attempt 9 of 10
[2024-09-17T13:21:00.070+0000] {taskinstance.py:2888} INFO - Executing <Task(_PythonDecoratedOperator): process_columns_name> on 2024-09-17 13:09:27.941176+00:00
[2024-09-17T13:21:00.092+0000] {standard_task_runner.py:104} INFO - Running: ['***', 'tasks', 'run', 'rasa_data_ingestion_dag', 'process_columns_name', 'manual__2024-09-17T13:09:27.941176+00:00', '--job-id', '36', '--raw', '--subdir', 'DAGS_FOLDER/rasa_data_ingestion_dag.py', '--cfg-path', '/tmp/tmplsonfum_']
[2024-09-17T13:21:00.097+0000] {standard_task_runner.py:105} INFO - Job 36: Subtask process_columns_name
[2024-09-17T13:21:00.100+0000] {logging_mixin.py:190} WARNING - /home/***/.local/lib/python3.12/site-packages/***/task/task_runner/standard_task_runner.py:70 DeprecationWarning: This process (pid=1502) is multi-threaded, use of fork() may lead to deadlocks in the child.
[2024-09-17T13:21:00.101+0000] {standard_task_runner.py:72} INFO - Started process 1503 to run task
[2024-09-17T13:21:00.193+0000] {task_command.py:467} INFO - Running <TaskInstance: rasa_data_ingestion_dag.process_columns_name manual__2024-09-17T13:09:27.941176+00:00 [running]> on host aca847883b6e
[2024-09-17T13:21:00.370+0000] {taskinstance.py:3131} INFO - Exporting env vars: AIRFLOW_CTX_DAG_OWNER='Eric Silveira' AIRFLOW_CTX_DAG_ID='rasa_data_ingestion_dag' AIRFLOW_CTX_TASK_ID='process_columns_name' AIRFLOW_CTX_EXECUTION_DATE='2024-09-17T13:09:27.941176+00:00' AIRFLOW_CTX_TRY_NUMBER='9' AIRFLOW_CTX_DAG_RUN_ID='manual__2024-09-17T13:09:27.941176+00:00'
[2024-09-17T13:21:00.373+0000] {taskinstance.py:731} INFO - ::endgroup::
[2024-09-17T13:21:00.401+0000] {rasa_data_ingestion_dag.py:22} INFO - =
[2024-09-17T13:21:00.402+0000] {rasa_data_ingestion_dag.py:23} INFO - ==============START LOGGING===============
[2024-09-17T13:21:00.402+0000] {rasa_data_ingestion_dag.py:24} INFO - None
[2024-09-17T13:21:00.403+0000] {rasa_data_ingestion_dag.py:25} INFO - ==============END LOGGING===============
[2024-09-17T13:21:00.403+0000] {rasa_data_ingestion_dag.py:26} INFO - =
[2024-09-17T13:21:00.404+0000] {python.py:240} INFO - Done. Returned value was: None
[2024-09-17T13:21:00.425+0000] {taskinstance.py:340} INFO - ::group::Post task execution logs
[2024-09-17T13:21:00.426+0000] {taskinstance.py:352} INFO - Marking task as SUCCESS. dag_id=rasa_data_ingestion_dag, task_id=process_columns_name, run_id=manual__2024-09-17T13:09:27.941176+00:00, execution_date=20240917T130927, start_date=20240917T132100, end_date=20240917T132100
[2024-09-17T13:21:00.480+0000] {local_task_job_runner.py:266} INFO - Task exited with return code 0
[2024-09-17T13:21:00.502+0000] {local_task_job_runner.py:245} INFO - ::endgroup::
