[2024-09-17T13:58:48.284+0000] {local_task_job_runner.py:123} INFO - ::group::Pre task execution logs
[2024-09-17T13:58:48.322+0000] {taskinstance.py:2612} INFO - Dependencies all met for dep_context=non-requeueable deps ti=<TaskInstance: rasa_data_ingestion_dag.hashes_table manual__2024-09-17T13:09:27.941176+00:00 [queued]>
[2024-09-17T13:58:48.341+0000] {taskinstance.py:2612} INFO - Dependencies all met for dep_context=requeueable deps ti=<TaskInstance: rasa_data_ingestion_dag.hashes_table manual__2024-09-17T13:09:27.941176+00:00 [queued]>
[2024-09-17T13:58:48.342+0000] {taskinstance.py:2865} INFO - Starting attempt 4 of 5
[2024-09-17T13:58:48.369+0000] {taskinstance.py:2888} INFO - Executing <Task(_PythonDecoratedOperator): hashes_table> on 2024-09-17 13:09:27.941176+00:00
[2024-09-17T13:58:48.390+0000] {standard_task_runner.py:104} INFO - Running: ['***', 'tasks', 'run', 'rasa_data_ingestion_dag', 'hashes_table', 'manual__2024-09-17T13:09:27.941176+00:00', '--job-id', '50', '--raw', '--subdir', 'DAGS_FOLDER/rasa_data_ingestion_dag.py', '--cfg-path', '/tmp/tmpvb9_3p1p']
[2024-09-17T13:58:48.395+0000] {standard_task_runner.py:105} INFO - Job 50: Subtask hashes_table
[2024-09-17T13:58:48.399+0000] {logging_mixin.py:190} WARNING - /home/***/.local/lib/python3.12/site-packages/***/task/task_runner/standard_task_runner.py:70 DeprecationWarning: This process (pid=537) is multi-threaded, use of fork() may lead to deadlocks in the child.
[2024-09-17T13:58:48.401+0000] {standard_task_runner.py:72} INFO - Started process 538 to run task
[2024-09-17T13:58:48.493+0000] {task_command.py:467} INFO - Running <TaskInstance: rasa_data_ingestion_dag.hashes_table manual__2024-09-17T13:09:27.941176+00:00 [running]> on host aca847883b6e
[2024-09-17T13:58:48.671+0000] {taskinstance.py:3131} INFO - Exporting env vars: AIRFLOW_CTX_DAG_OWNER='Eric Silveira' AIRFLOW_CTX_DAG_ID='rasa_data_ingestion_dag' AIRFLOW_CTX_TASK_ID='hashes_table' AIRFLOW_CTX_EXECUTION_DATE='2024-09-17T13:09:27.941176+00:00' AIRFLOW_CTX_TRY_NUMBER='4' AIRFLOW_CTX_DAG_RUN_ID='manual__2024-09-17T13:09:27.941176+00:00'
[2024-09-17T13:58:48.673+0000] {taskinstance.py:731} INFO - ::endgroup::
[2024-09-17T13:58:48.698+0000] {rasa_data_ingestion_dag.py:22} INFO - =
[2024-09-17T13:58:48.699+0000] {rasa_data_ingestion_dag.py:23} INFO - ==============START LOGGING===============
[2024-09-17T13:58:48.699+0000] {rasa_data_ingestion_dag.py:24} INFO - [['timestamp'], ['sender_id'], ['id'], ['data'], ['intent_name'], ['action_name'], ['type_name']]
[2024-09-17T13:58:48.700+0000] {rasa_data_ingestion_dag.py:25} INFO - ==============END LOGGING===============
[2024-09-17T13:58:48.700+0000] {rasa_data_ingestion_dag.py:26} INFO - =
[2024-09-17T13:58:48.701+0000] {rasa_data_ingestion_dag.py:22} INFO - =
[2024-09-17T13:58:48.701+0000] {rasa_data_ingestion_dag.py:23} INFO - ==============START LOGGING===============
[2024-09-17T13:58:48.702+0000] {rasa_data_ingestion_dag.py:24} INFO - ['timestamp']
[2024-09-17T13:58:48.702+0000] {rasa_data_ingestion_dag.py:25} INFO - ==============END LOGGING===============
[2024-09-17T13:58:48.703+0000] {rasa_data_ingestion_dag.py:26} INFO - =
[2024-09-17T13:58:48.703+0000] {python.py:240} INFO - Done. Returned value was: None
[2024-09-17T13:58:48.722+0000] {taskinstance.py:340} INFO - ::group::Post task execution logs
[2024-09-17T13:58:48.723+0000] {taskinstance.py:352} INFO - Marking task as SUCCESS. dag_id=rasa_data_ingestion_dag, task_id=hashes_table, run_id=manual__2024-09-17T13:09:27.941176+00:00, execution_date=20240917T130927, start_date=20240917T135848, end_date=20240917T135848
[2024-09-17T13:58:48.780+0000] {local_task_job_runner.py:266} INFO - Task exited with return code 0
[2024-09-17T13:58:48.816+0000] {taskinstance.py:3900} INFO - 0 downstream tasks scheduled from follow-on schedule check
[2024-09-17T13:58:48.819+0000] {local_task_job_runner.py:245} INFO - ::endgroup::
