[2024-09-17T14:03:30.014+0000] {local_task_job_runner.py:123} INFO - ::group::Pre task execution logs
[2024-09-17T14:03:30.051+0000] {taskinstance.py:2612} INFO - Dependencies all met for dep_context=non-requeueable deps ti=<TaskInstance: rasa_data_ingestion_dag.hashes_table manual__2024-09-17T14:02:07.619693+00:00 [queued]>
[2024-09-17T14:03:30.069+0000] {taskinstance.py:2612} INFO - Dependencies all met for dep_context=requeueable deps ti=<TaskInstance: rasa_data_ingestion_dag.hashes_table manual__2024-09-17T14:02:07.619693+00:00 [queued]>
[2024-09-17T14:03:30.070+0000] {taskinstance.py:2865} INFO - Starting attempt 2 of 3
[2024-09-17T14:03:30.097+0000] {taskinstance.py:2888} INFO - Executing <Task(_PythonDecoratedOperator): hashes_table> on 2024-09-17 14:02:07.619693+00:00
[2024-09-17T14:03:30.117+0000] {standard_task_runner.py:104} INFO - Running: ['***', 'tasks', 'run', 'rasa_data_ingestion_dag', 'hashes_table', 'manual__2024-09-17T14:02:07.619693+00:00', '--job-id', '58', '--raw', '--subdir', 'DAGS_FOLDER/rasa_data_ingestion_dag.py', '--cfg-path', '/tmp/tmp57i87xw3']
[2024-09-17T14:03:30.121+0000] {standard_task_runner.py:105} INFO - Job 58: Subtask hashes_table
[2024-09-17T14:03:30.125+0000] {logging_mixin.py:190} WARNING - /home/***/.local/lib/python3.12/site-packages/***/task/task_runner/standard_task_runner.py:70 DeprecationWarning: This process (pid=651) is multi-threaded, use of fork() may lead to deadlocks in the child.
[2024-09-17T14:03:30.127+0000] {standard_task_runner.py:72} INFO - Started process 652 to run task
[2024-09-17T14:03:30.210+0000] {task_command.py:467} INFO - Running <TaskInstance: rasa_data_ingestion_dag.hashes_table manual__2024-09-17T14:02:07.619693+00:00 [running]> on host aca847883b6e
[2024-09-17T14:03:30.398+0000] {taskinstance.py:3131} INFO - Exporting env vars: AIRFLOW_CTX_DAG_OWNER='Eric Silveira' AIRFLOW_CTX_DAG_ID='rasa_data_ingestion_dag' AIRFLOW_CTX_TASK_ID='hashes_table' AIRFLOW_CTX_EXECUTION_DATE='2024-09-17T14:02:07.619693+00:00' AIRFLOW_CTX_TRY_NUMBER='2' AIRFLOW_CTX_DAG_RUN_ID='manual__2024-09-17T14:02:07.619693+00:00'
[2024-09-17T14:03:30.400+0000] {taskinstance.py:731} INFO - ::endgroup::
[2024-09-17T14:03:30.425+0000] {rasa_data_ingestion_dag.py:22} INFO - =
[2024-09-17T14:03:30.426+0000] {rasa_data_ingestion_dag.py:23} INFO - ==============START LOGGING===============
[2024-09-17T14:03:30.426+0000] {rasa_data_ingestion_dag.py:24} INFO - [['id'], ['sender_id'], ['type_name'], ['timestamp'], ['intent_name'], ['action_name'], ['data']]
[2024-09-17T14:03:30.427+0000] {rasa_data_ingestion_dag.py:25} INFO - ==============END LOGGING===============
[2024-09-17T14:03:30.427+0000] {rasa_data_ingestion_dag.py:26} INFO - =
[2024-09-17T14:03:30.427+0000] {rasa_data_ingestion_dag.py:22} INFO - =
[2024-09-17T14:03:30.428+0000] {rasa_data_ingestion_dag.py:23} INFO - ==============START LOGGING===============
[2024-09-17T14:03:30.428+0000] {rasa_data_ingestion_dag.py:24} INFO - id
[2024-09-17T14:03:30.428+0000] {rasa_data_ingestion_dag.py:25} INFO - ==============END LOGGING===============
[2024-09-17T14:03:30.429+0000] {rasa_data_ingestion_dag.py:26} INFO - =
[2024-09-17T14:03:30.429+0000] {python.py:240} INFO - Done. Returned value was: None
[2024-09-17T14:03:30.450+0000] {taskinstance.py:340} INFO - ::group::Post task execution logs
[2024-09-17T14:03:30.451+0000] {taskinstance.py:352} INFO - Marking task as SUCCESS. dag_id=rasa_data_ingestion_dag, task_id=hashes_table, run_id=manual__2024-09-17T14:02:07.619693+00:00, execution_date=20240917T140207, start_date=20240917T140330, end_date=20240917T140330
[2024-09-17T14:03:30.505+0000] {local_task_job_runner.py:266} INFO - Task exited with return code 0
[2024-09-17T14:03:30.543+0000] {taskinstance.py:3900} INFO - 0 downstream tasks scheduled from follow-on schedule check
[2024-09-17T14:03:30.546+0000] {local_task_job_runner.py:245} INFO - ::endgroup::
