[2024-09-17T14:11:19.199+0000] {local_task_job_runner.py:123} INFO - ::group::Pre task execution logs
[2024-09-17T14:11:19.236+0000] {taskinstance.py:2612} INFO - Dependencies all met for dep_context=non-requeueable deps ti=<TaskInstance: rasa_data_ingestion_dag.hashes_table manual__2024-09-17T14:02:07.619693+00:00 [queued]>
[2024-09-17T14:11:19.255+0000] {taskinstance.py:2612} INFO - Dependencies all met for dep_context=requeueable deps ti=<TaskInstance: rasa_data_ingestion_dag.hashes_table manual__2024-09-17T14:02:07.619693+00:00 [queued]>
[2024-09-17T14:11:19.255+0000] {taskinstance.py:2865} INFO - Starting attempt 4 of 5
[2024-09-17T14:11:19.282+0000] {taskinstance.py:2888} INFO - Executing <Task(_PythonDecoratedOperator): hashes_table> on 2024-09-17 14:02:07.619693+00:00
[2024-09-17T14:11:19.306+0000] {standard_task_runner.py:104} INFO - Running: ['***', 'tasks', 'run', 'rasa_data_ingestion_dag', 'hashes_table', 'manual__2024-09-17T14:02:07.619693+00:00', '--job-id', '61', '--raw', '--subdir', 'DAGS_FOLDER/rasa_data_ingestion_dag.py', '--cfg-path', '/tmp/tmp10slvk3c']
[2024-09-17T14:11:19.312+0000] {standard_task_runner.py:105} INFO - Job 61: Subtask hashes_table
[2024-09-17T14:11:19.318+0000] {logging_mixin.py:190} WARNING - /home/***/.local/lib/python3.12/site-packages/***/task/task_runner/standard_task_runner.py:70 DeprecationWarning: This process (pid=835) is multi-threaded, use of fork() may lead to deadlocks in the child.
[2024-09-17T14:11:19.319+0000] {standard_task_runner.py:72} INFO - Started process 836 to run task
[2024-09-17T14:11:19.403+0000] {task_command.py:467} INFO - Running <TaskInstance: rasa_data_ingestion_dag.hashes_table manual__2024-09-17T14:02:07.619693+00:00 [running]> on host aca847883b6e
[2024-09-17T14:11:19.601+0000] {taskinstance.py:3131} INFO - Exporting env vars: AIRFLOW_CTX_DAG_OWNER='Eric Silveira' AIRFLOW_CTX_DAG_ID='rasa_data_ingestion_dag' AIRFLOW_CTX_TASK_ID='hashes_table' AIRFLOW_CTX_EXECUTION_DATE='2024-09-17T14:02:07.619693+00:00' AIRFLOW_CTX_TRY_NUMBER='4' AIRFLOW_CTX_DAG_RUN_ID='manual__2024-09-17T14:02:07.619693+00:00'
[2024-09-17T14:11:19.602+0000] {taskinstance.py:731} INFO - ::endgroup::
[2024-09-17T14:11:19.629+0000] {rasa_data_ingestion_dag.py:22} INFO - =
[2024-09-17T14:11:19.629+0000] {rasa_data_ingestion_dag.py:23} INFO - ==============START LOGGING===============
[2024-09-17T14:11:19.630+0000] {rasa_data_ingestion_dag.py:24} INFO - ['id', 'sender_id', 'type_name', 'timestamp', 'intent_name', 'action_name', 'data']
[2024-09-17T14:11:19.630+0000] {rasa_data_ingestion_dag.py:25} INFO - ==============END LOGGING===============
[2024-09-17T14:11:19.630+0000] {rasa_data_ingestion_dag.py:26} INFO - =
[2024-09-17T14:11:19.631+0000] {python.py:240} INFO - Done. Returned value was: None
[2024-09-17T14:11:19.651+0000] {taskinstance.py:340} INFO - ::group::Post task execution logs
[2024-09-17T14:11:19.652+0000] {taskinstance.py:352} INFO - Marking task as SUCCESS. dag_id=rasa_data_ingestion_dag, task_id=hashes_table, run_id=manual__2024-09-17T14:02:07.619693+00:00, execution_date=20240917T140207, start_date=20240917T141119, end_date=20240917T141119
[2024-09-17T14:11:19.698+0000] {local_task_job_runner.py:266} INFO - Task exited with return code 0
[2024-09-17T14:11:19.735+0000] {taskinstance.py:3900} INFO - 0 downstream tasks scheduled from follow-on schedule check
[2024-09-17T14:11:19.737+0000] {local_task_job_runner.py:245} INFO - ::endgroup::
