[2024-09-16T13:46:33.523+0000] {local_task_job_runner.py:123} INFO - ::group::Pre task execution logs
[2024-09-16T13:46:33.541+0000] {taskinstance.py:2612} INFO - Dependencies all met for dep_context=non-requeueable deps ti=<TaskInstance: rasa_data_ingestion_dag.create_pet_table manual__2024-09-16T13:46:31.105902+00:00 [queued]>
[2024-09-16T13:46:33.549+0000] {taskinstance.py:2612} INFO - Dependencies all met for dep_context=requeueable deps ti=<TaskInstance: rasa_data_ingestion_dag.create_pet_table manual__2024-09-16T13:46:31.105902+00:00 [queued]>
[2024-09-16T13:46:33.549+0000] {taskinstance.py:2865} INFO - Starting attempt 1 of 2
[2024-09-16T13:46:33.561+0000] {taskinstance.py:2888} INFO - Executing <Task(SQLExecuteQueryOperator): create_pet_table> on 2024-09-16 13:46:31.105902+00:00
[2024-09-16T13:46:33.571+0000] {standard_task_runner.py:104} INFO - Running: ['***', 'tasks', 'run', 'rasa_data_ingestion_dag', 'create_pet_table', 'manual__2024-09-16T13:46:31.105902+00:00', '--job-id', '7', '--raw', '--subdir', 'DAGS_FOLDER/dag_rasa.py', '--cfg-path', '/tmp/tmp9juz_fic']
[2024-09-16T13:46:33.574+0000] {standard_task_runner.py:105} INFO - Job 7: Subtask create_pet_table
[2024-09-16T13:46:33.575+0000] {logging_mixin.py:190} WARNING - /home/***/.local/lib/python3.12/site-packages/***/task/task_runner/standard_task_runner.py:70 DeprecationWarning: This process (pid=482) is multi-threaded, use of fork() may lead to deadlocks in the child.
[2024-09-16T13:46:33.576+0000] {standard_task_runner.py:72} INFO - Started process 483 to run task
[2024-09-16T13:46:33.619+0000] {task_command.py:467} INFO - Running <TaskInstance: rasa_data_ingestion_dag.create_pet_table manual__2024-09-16T13:46:31.105902+00:00 [running]> on host 692c3b3b1c42
[2024-09-16T13:46:33.709+0000] {taskinstance.py:3131} INFO - Exporting env vars: AIRFLOW_CTX_DAG_OWNER='Eric Silveira' AIRFLOW_CTX_DAG_ID='rasa_data_ingestion_dag' AIRFLOW_CTX_TASK_ID='create_pet_table' AIRFLOW_CTX_EXECUTION_DATE='2024-09-16T13:46:31.105902+00:00' AIRFLOW_CTX_TRY_NUMBER='1' AIRFLOW_CTX_DAG_RUN_ID='manual__2024-09-16T13:46:31.105902+00:00'
[2024-09-16T13:46:33.709+0000] {taskinstance.py:731} INFO - ::endgroup::
[2024-09-16T13:46:33.712+0000] {sql.py:266} INFO - Executing: 
            CREATE TABLE IF NOT EXISTS public.pet (
            pet_id SERIAL PRIMARY KEY,
            name VARCHAR NOT NULL,
            pet_type VARCHAR NOT NULL,
            birth_date DATE NOT NULL,
            OWNER VARCHAR NOT NULL);
          
[2024-09-16T13:46:33.724+0000] {base.py:84} INFO - Retrieving connection 'conn_db_***'
[2024-09-16T13:46:33.737+0000] {base.py:84} INFO - Retrieving connection 'conn_db_***'
[2024-09-16T13:46:33.743+0000] {sql.py:509} INFO - Running statement: 
            CREATE TABLE IF NOT EXISTS public.pet (
            pet_id SERIAL PRIMARY KEY,
            name VARCHAR NOT NULL,
            pet_type VARCHAR NOT NULL,
            birth_date DATE NOT NULL,
            OWNER VARCHAR NOT NULL);
          , parameters: None
[2024-09-16T13:46:33.765+0000] {taskinstance.py:340} INFO - ::group::Post task execution logs
[2024-09-16T13:46:33.765+0000] {taskinstance.py:352} INFO - Marking task as SUCCESS. dag_id=***_data_ingestion_dag, task_id=create_pet_table, run_id=manual__2024-09-16T13:46:31.105902+00:00, execution_date=20240916T134631, start_date=20240916T134633, end_date=20240916T134633
[2024-09-16T13:46:33.795+0000] {local_task_job_runner.py:266} INFO - Task exited with return code 0
[2024-09-16T13:46:33.815+0000] {taskinstance.py:3900} INFO - 0 downstream tasks scheduled from follow-on schedule check
[2024-09-16T13:46:33.817+0000] {local_task_job_runner.py:245} INFO - ::endgroup::
