[2024-09-17T20:00:06.488+0000] {local_task_job_runner.py:123} INFO - ::group::Pre task execution logs
[2024-09-17T20:00:06.507+0000] {taskinstance.py:2612} INFO - Dependencies all met for dep_context=non-requeueable deps ti=<TaskInstance: rasa_data_ingestion_dag.verify_and_create_table manual__2024-09-17T20:00:04.742328+00:00 [queued]>
[2024-09-17T20:00:06.516+0000] {taskinstance.py:2612} INFO - Dependencies all met for dep_context=requeueable deps ti=<TaskInstance: rasa_data_ingestion_dag.verify_and_create_table manual__2024-09-17T20:00:04.742328+00:00 [queued]>
[2024-09-17T20:00:06.516+0000] {taskinstance.py:2865} INFO - Starting attempt 1 of 2
[2024-09-17T20:00:06.529+0000] {taskinstance.py:2888} INFO - Executing <Task(_PythonDecoratedOperator): verify_and_create_table> on 2024-09-17 20:00:04.742328+00:00
[2024-09-17T20:00:06.539+0000] {standard_task_runner.py:104} INFO - Running: ['***', 'tasks', 'run', 'rasa_data_ingestion_dag', 'verify_and_create_table', 'manual__2024-09-17T20:00:04.742328+00:00', '--job-id', '111', '--raw', '--subdir', 'DAGS_FOLDER/rasa_data_ingestion_dag.py', '--cfg-path', '/tmp/tmpcn3ci0l_']
[2024-09-17T20:00:06.541+0000] {standard_task_runner.py:105} INFO - Job 111: Subtask verify_and_create_table
[2024-09-17T20:00:06.550+0000] {logging_mixin.py:190} WARNING - /home/***/.local/lib/python3.12/site-packages/***/task/task_runner/standard_task_runner.py:70 DeprecationWarning: This process (pid=2600) is multi-threaded, use of fork() may lead to deadlocks in the child.
[2024-09-17T20:00:06.551+0000] {standard_task_runner.py:72} INFO - Started process 2601 to run task
[2024-09-17T20:00:06.585+0000] {task_command.py:467} INFO - Running <TaskInstance: rasa_data_ingestion_dag.verify_and_create_table manual__2024-09-17T20:00:04.742328+00:00 [running]> on host 4b36eb9de04e
[2024-09-17T20:00:06.675+0000] {taskinstance.py:3131} INFO - Exporting env vars: AIRFLOW_CTX_DAG_OWNER='Eric Silveira' AIRFLOW_CTX_DAG_ID='rasa_data_ingestion_dag' AIRFLOW_CTX_TASK_ID='verify_and_create_table' AIRFLOW_CTX_EXECUTION_DATE='2024-09-17T20:00:04.742328+00:00' AIRFLOW_CTX_TRY_NUMBER='1' AIRFLOW_CTX_DAG_RUN_ID='manual__2024-09-17T20:00:04.742328+00:00'
[2024-09-17T20:00:06.676+0000] {taskinstance.py:731} INFO - ::endgroup::
[2024-09-17T20:00:06.690+0000] {base.py:84} INFO - Retrieving connection 'conn_db_***'
[2024-09-17T20:00:06.705+0000] {base.py:84} INFO - Retrieving connection 'conn_db_origem'
[2024-09-17T20:00:06.712+0000] {rasa_data_ingestion_dag.py:22} INFO - =
[2024-09-17T20:00:06.712+0000] {rasa_data_ingestion_dag.py:23} INFO - ==============START LOGGING===============
[2024-09-17T20:00:06.713+0000] {rasa_data_ingestion_dag.py:24} INFO - A tabela 'events' não existe.
[2024-09-17T20:00:06.713+0000] {rasa_data_ingestion_dag.py:25} INFO - ==============END LOGGING===============
[2024-09-17T20:00:06.713+0000] {rasa_data_ingestion_dag.py:26} INFO - =
[2024-09-17T20:00:06.720+0000] {rasa_data_ingestion_dag.py:22} INFO - =
[2024-09-17T20:00:06.720+0000] {rasa_data_ingestion_dag.py:23} INFO - ==============START LOGGING===============
[2024-09-17T20:00:06.720+0000] {rasa_data_ingestion_dag.py:24} INFO - ['id', 'sender_id', 'type_name', 'timestamp', 'intent_name', 'action_name', 'data']
[2024-09-17T20:00:06.721+0000] {rasa_data_ingestion_dag.py:25} INFO - ==============END LOGGING===============
[2024-09-17T20:00:06.721+0000] {rasa_data_ingestion_dag.py:26} INFO - =
[2024-09-17T20:00:06.721+0000] {rasa_data_ingestion_dag.py:22} INFO - =
[2024-09-17T20:00:06.721+0000] {rasa_data_ingestion_dag.py:23} INFO - ==============START LOGGING===============
[2024-09-17T20:00:06.722+0000] {rasa_data_ingestion_dag.py:24} INFO - ['bigint', 'bigint', 'character varying', 'double precision', 'character varying', 'character varying', 'text']
[2024-09-17T20:00:06.722+0000] {rasa_data_ingestion_dag.py:25} INFO - ==============END LOGGING===============
[2024-09-17T20:00:06.722+0000] {rasa_data_ingestion_dag.py:26} INFO - =
[2024-09-17T20:00:06.722+0000] {rasa_data_ingestion_dag.py:22} INFO - =
[2024-09-17T20:00:06.722+0000] {rasa_data_ingestion_dag.py:23} INFO - ==============START LOGGING===============
[2024-09-17T20:00:06.722+0000] {rasa_data_ingestion_dag.py:24} INFO - porra é essa
[2024-09-17T20:00:06.722+0000] {rasa_data_ingestion_dag.py:25} INFO - ==============END LOGGING===============
[2024-09-17T20:00:06.722+0000] {rasa_data_ingestion_dag.py:26} INFO - =
[2024-09-17T20:00:06.722+0000] {rasa_data_ingestion_dag.py:22} INFO - =
[2024-09-17T20:00:06.723+0000] {rasa_data_ingestion_dag.py:23} INFO - ==============START LOGGING===============
[2024-09-17T20:00:06.723+0000] {rasa_data_ingestion_dag.py:24} INFO - CREATE TABLE IF NOT EXISTS events (id bigint, sender_id bigint, type_name character varying, timestamp double precision, intent_name character varying, action_name character varying, data text);
[2024-09-17T20:00:06.723+0000] {rasa_data_ingestion_dag.py:25} INFO - ==============END LOGGING===============
[2024-09-17T20:00:06.723+0000] {rasa_data_ingestion_dag.py:26} INFO - =
[2024-09-17T20:00:06.723+0000] {python.py:240} INFO - Done. Returned value was: None
[2024-09-17T20:00:06.732+0000] {taskinstance.py:340} INFO - ::group::Post task execution logs
[2024-09-17T20:00:06.733+0000] {taskinstance.py:352} INFO - Marking task as SUCCESS. dag_id=***_data_ingestion_dag, task_id=verify_and_create_table, run_id=manual__2024-09-17T20:00:04.742328+00:00, execution_date=20240917T200004, start_date=20240917T200006, end_date=20240917T200006
[2024-09-17T20:00:06.767+0000] {local_task_job_runner.py:266} INFO - Task exited with return code 0
[2024-09-17T20:00:06.788+0000] {taskinstance.py:3900} INFO - 0 downstream tasks scheduled from follow-on schedule check
[2024-09-17T20:00:06.789+0000] {local_task_job_runner.py:245} INFO - ::endgroup::
