[2024-09-17T20:17:36.884+0000] {local_task_job_runner.py:123} INFO - ::group::Pre task execution logs
[2024-09-17T20:17:36.906+0000] {taskinstance.py:2612} INFO - Dependencies all met for dep_context=non-requeueable deps ti=<TaskInstance: rasa_data_ingestion_dag.verify_and_create_table manual__2024-09-17T20:00:04.742328+00:00 [queued]>
[2024-09-17T20:17:36.917+0000] {taskinstance.py:2612} INFO - Dependencies all met for dep_context=requeueable deps ti=<TaskInstance: rasa_data_ingestion_dag.verify_and_create_table manual__2024-09-17T20:00:04.742328+00:00 [queued]>
[2024-09-17T20:17:36.917+0000] {taskinstance.py:2865} INFO - Starting attempt 2 of 3
[2024-09-17T20:17:36.932+0000] {taskinstance.py:2888} INFO - Executing <Task(_PythonDecoratedOperator): verify_and_create_table> on 2024-09-17 20:00:04.742328+00:00
[2024-09-17T20:17:36.941+0000] {logging_mixin.py:190} WARNING - /home/***/.local/lib/python3.12/site-packages/***/task/task_runner/standard_task_runner.py:70 DeprecationWarning: This process (pid=2973) is multi-threaded, use of fork() may lead to deadlocks in the child.
[2024-09-17T20:17:36.942+0000] {standard_task_runner.py:72} INFO - Started process 2974 to run task
[2024-09-17T20:17:36.942+0000] {standard_task_runner.py:104} INFO - Running: ['***', 'tasks', 'run', 'rasa_data_ingestion_dag', 'verify_and_create_table', 'manual__2024-09-17T20:00:04.742328+00:00', '--job-id', '112', '--raw', '--subdir', 'DAGS_FOLDER/rasa_data_ingestion_dag.py', '--cfg-path', '/tmp/tmp2zd3k04y']
[2024-09-17T20:17:36.943+0000] {standard_task_runner.py:105} INFO - Job 112: Subtask verify_and_create_table
[2024-09-17T20:17:36.987+0000] {task_command.py:467} INFO - Running <TaskInstance: rasa_data_ingestion_dag.verify_and_create_table manual__2024-09-17T20:00:04.742328+00:00 [running]> on host 4b36eb9de04e
[2024-09-17T20:17:37.078+0000] {taskinstance.py:3131} INFO - Exporting env vars: AIRFLOW_CTX_DAG_OWNER='Eric Silveira' AIRFLOW_CTX_DAG_ID='rasa_data_ingestion_dag' AIRFLOW_CTX_TASK_ID='verify_and_create_table' AIRFLOW_CTX_EXECUTION_DATE='2024-09-17T20:00:04.742328+00:00' AIRFLOW_CTX_TRY_NUMBER='2' AIRFLOW_CTX_DAG_RUN_ID='manual__2024-09-17T20:00:04.742328+00:00'
[2024-09-17T20:17:37.079+0000] {taskinstance.py:731} INFO - ::endgroup::
[2024-09-17T20:17:37.091+0000] {base.py:84} INFO - Retrieving connection 'conn_db_***'
[2024-09-17T20:17:37.105+0000] {base.py:84} INFO - Retrieving connection 'conn_db_origem'
[2024-09-17T20:17:37.115+0000] {rasa_data_ingestion_dag.py:22} INFO - =
[2024-09-17T20:17:37.115+0000] {rasa_data_ingestion_dag.py:23} INFO - ==============START LOGGING===============
[2024-09-17T20:17:37.115+0000] {rasa_data_ingestion_dag.py:24} INFO - A tabela 'events' não existe.
[2024-09-17T20:17:37.116+0000] {rasa_data_ingestion_dag.py:25} INFO - ==============END LOGGING===============
[2024-09-17T20:17:37.116+0000] {rasa_data_ingestion_dag.py:26} INFO - =
[2024-09-17T20:17:37.123+0000] {rasa_data_ingestion_dag.py:22} INFO - =
[2024-09-17T20:17:37.123+0000] {rasa_data_ingestion_dag.py:23} INFO - ==============START LOGGING===============
[2024-09-17T20:17:37.124+0000] {rasa_data_ingestion_dag.py:24} INFO - ['id', 'sender_id', 'type_name', 'timestamp', 'intent_name', 'action_name', 'data']
[2024-09-17T20:17:37.124+0000] {rasa_data_ingestion_dag.py:25} INFO - ==============END LOGGING===============
[2024-09-17T20:17:37.124+0000] {rasa_data_ingestion_dag.py:26} INFO - =
[2024-09-17T20:17:37.124+0000] {rasa_data_ingestion_dag.py:22} INFO - =
[2024-09-17T20:17:37.124+0000] {rasa_data_ingestion_dag.py:23} INFO - ==============START LOGGING===============
[2024-09-17T20:17:37.125+0000] {rasa_data_ingestion_dag.py:24} INFO - ['bigint', 'bigint', 'character varying', 'double precision', 'character varying', 'character varying', 'text']
[2024-09-17T20:17:37.125+0000] {rasa_data_ingestion_dag.py:25} INFO - ==============END LOGGING===============
[2024-09-17T20:17:37.125+0000] {rasa_data_ingestion_dag.py:26} INFO - =
[2024-09-17T20:17:37.125+0000] {rasa_data_ingestion_dag.py:22} INFO - =
[2024-09-17T20:17:37.125+0000] {rasa_data_ingestion_dag.py:23} INFO - ==============START LOGGING===============
[2024-09-17T20:17:37.125+0000] {rasa_data_ingestion_dag.py:24} INFO - CREATE TABLE IF NOT EXISTS events (id bigint, sender_id bigint, type_name character varying, timestamp double precision, intent_name character varying, action_name character varying, data text);
[2024-09-17T20:17:37.125+0000] {rasa_data_ingestion_dag.py:25} INFO - ==============END LOGGING===============
[2024-09-17T20:17:37.125+0000] {rasa_data_ingestion_dag.py:26} INFO - =
[2024-09-17T20:17:37.136+0000] {python.py:240} INFO - Done. Returned value was: None
[2024-09-17T20:17:37.146+0000] {taskinstance.py:340} INFO - ::group::Post task execution logs
[2024-09-17T20:17:37.147+0000] {taskinstance.py:352} INFO - Marking task as SUCCESS. dag_id=***_data_ingestion_dag, task_id=verify_and_create_table, run_id=manual__2024-09-17T20:00:04.742328+00:00, execution_date=20240917T200004, start_date=20240917T201736, end_date=20240917T201737
[2024-09-17T20:17:37.198+0000] {local_task_job_runner.py:266} INFO - Task exited with return code 0
[2024-09-17T20:17:37.221+0000] {taskinstance.py:3900} INFO - 0 downstream tasks scheduled from follow-on schedule check
[2024-09-17T20:17:37.223+0000] {local_task_job_runner.py:245} INFO - ::endgroup::
