[2024-09-17T18:53:22.904+0000] {local_task_job_runner.py:123} INFO - ::group::Pre task execution logs
[2024-09-17T18:53:22.940+0000] {taskinstance.py:2612} INFO - Dependencies all met for dep_context=non-requeueable deps ti=<TaskInstance: rasa_data_ingestion_dag.define_hashes manual__2024-09-17T15:16:10.285347+00:00 [queued]>
[2024-09-17T18:53:22.958+0000] {taskinstance.py:2612} INFO - Dependencies all met for dep_context=requeueable deps ti=<TaskInstance: rasa_data_ingestion_dag.define_hashes manual__2024-09-17T15:16:10.285347+00:00 [queued]>
[2024-09-17T18:53:22.959+0000] {taskinstance.py:2865} INFO - Starting attempt 21 of 22
[2024-09-17T18:53:22.983+0000] {taskinstance.py:2888} INFO - Executing <Task(_PythonDecoratedOperator): define_hashes> on 2024-09-17 15:16:10.285347+00:00
[2024-09-17T18:53:23.004+0000] {standard_task_runner.py:104} INFO - Running: ['***', 'tasks', 'run', 'rasa_data_ingestion_dag', 'define_hashes', 'manual__2024-09-17T15:16:10.285347+00:00', '--job-id', '87', '--raw', '--subdir', 'DAGS_FOLDER/rasa_data_ingestion_dag.py', '--cfg-path', '/tmp/tmp0pe3s40_']
[2024-09-17T18:53:23.009+0000] {standard_task_runner.py:105} INFO - Job 87: Subtask define_hashes
[2024-09-17T18:53:23.012+0000] {logging_mixin.py:190} WARNING - /home/***/.local/lib/python3.12/site-packages/***/task/task_runner/standard_task_runner.py:70 DeprecationWarning: This process (pid=788) is multi-threaded, use of fork() may lead to deadlocks in the child.
[2024-09-17T18:53:23.014+0000] {standard_task_runner.py:72} INFO - Started process 789 to run task
[2024-09-17T18:53:23.099+0000] {task_command.py:467} INFO - Running <TaskInstance: rasa_data_ingestion_dag.define_hashes manual__2024-09-17T15:16:10.285347+00:00 [running]> on host 4b36eb9de04e
[2024-09-17T18:53:23.291+0000] {taskinstance.py:3131} INFO - Exporting env vars: AIRFLOW_CTX_DAG_OWNER='Eric Silveira' AIRFLOW_CTX_DAG_ID='rasa_data_ingestion_dag' AIRFLOW_CTX_TASK_ID='define_hashes' AIRFLOW_CTX_EXECUTION_DATE='2024-09-17T15:16:10.285347+00:00' AIRFLOW_CTX_TRY_NUMBER='21' AIRFLOW_CTX_DAG_RUN_ID='manual__2024-09-17T15:16:10.285347+00:00'
[2024-09-17T18:53:23.292+0000] {taskinstance.py:731} INFO - ::endgroup::
[2024-09-17T18:53:23.315+0000] {base.py:84} INFO - Retrieving connection 'conn_db_***'
[2024-09-17T18:53:23.337+0000] {base.py:84} INFO - Retrieving connection 'conn_db_origem'
[2024-09-17T18:53:23.351+0000] {rasa_data_ingestion_dag.py:22} INFO - =
[2024-09-17T18:53:23.352+0000] {rasa_data_ingestion_dag.py:23} INFO - ==============START LOGGING===============
[2024-09-17T18:53:23.352+0000] {rasa_data_ingestion_dag.py:24} INFO - [(False,)]
[2024-09-17T18:53:23.352+0000] {rasa_data_ingestion_dag.py:25} INFO - ==============END LOGGING===============
[2024-09-17T18:53:23.353+0000] {rasa_data_ingestion_dag.py:26} INFO - =
[2024-09-17T18:53:23.367+0000] {rasa_data_ingestion_dag.py:22} INFO - =
[2024-09-17T18:53:23.367+0000] {rasa_data_ingestion_dag.py:23} INFO - ==============START LOGGING===============
[2024-09-17T18:53:23.368+0000] {rasa_data_ingestion_dag.py:24} INFO - ['bigint', 'bigint', 'character varying', 'double precision', 'character varying', 'character varying', 'text']
[2024-09-17T18:53:23.368+0000] {rasa_data_ingestion_dag.py:25} INFO - ==============END LOGGING===============
[2024-09-17T18:53:23.369+0000] {rasa_data_ingestion_dag.py:26} INFO - =
[2024-09-17T18:53:23.369+0000] {rasa_data_ingestion_dag.py:22} INFO - =
[2024-09-17T18:53:23.369+0000] {rasa_data_ingestion_dag.py:23} INFO - ==============START LOGGING===============
[2024-09-17T18:53:23.370+0000] {rasa_data_ingestion_dag.py:24} INFO - ['id', 'sender_id', 'type_name', 'timestamp', 'intent_name', 'action_name', 'data']
[2024-09-17T18:53:23.370+0000] {rasa_data_ingestion_dag.py:25} INFO - ==============END LOGGING===============
[2024-09-17T18:53:23.371+0000] {rasa_data_ingestion_dag.py:26} INFO - =
[2024-09-17T18:53:23.371+0000] {python.py:240} INFO - Done. Returned value was: None
[2024-09-17T18:53:23.392+0000] {taskinstance.py:340} INFO - ::group::Post task execution logs
[2024-09-17T18:53:23.393+0000] {taskinstance.py:352} INFO - Marking task as SUCCESS. dag_id=***_data_ingestion_dag, task_id=define_hashes, run_id=manual__2024-09-17T15:16:10.285347+00:00, execution_date=20240917T151610, start_date=20240917T185322, end_date=20240917T185323
[2024-09-17T18:53:23.472+0000] {local_task_job_runner.py:266} INFO - Task exited with return code 0
[2024-09-17T18:53:23.512+0000] {taskinstance.py:3900} INFO - 0 downstream tasks scheduled from follow-on schedule check
[2024-09-17T18:53:23.514+0000] {local_task_job_runner.py:245} INFO - ::endgroup::
