[2024-09-17T16:57:12.347+0000] {local_task_job_runner.py:123} INFO - ::group::Pre task execution logs
[2024-09-17T16:57:12.394+0000] {taskinstance.py:2612} INFO - Dependencies all met for dep_context=non-requeueable deps ti=<TaskInstance: rasa_data_ingestion_dag.define_hashes manual__2024-09-17T15:16:10.285347+00:00 [queued]>
[2024-09-17T16:57:12.415+0000] {taskinstance.py:2612} INFO - Dependencies all met for dep_context=requeueable deps ti=<TaskInstance: rasa_data_ingestion_dag.define_hashes manual__2024-09-17T15:16:10.285347+00:00 [queued]>
[2024-09-17T16:57:12.416+0000] {taskinstance.py:2865} INFO - Starting attempt 6 of 7
[2024-09-17T16:57:12.446+0000] {taskinstance.py:2888} INFO - Executing <Task(_PythonDecoratedOperator): define_hashes> on 2024-09-17 15:16:10.285347+00:00
[2024-09-17T16:57:12.469+0000] {standard_task_runner.py:104} INFO - Running: ['***', 'tasks', 'run', 'rasa_data_ingestion_dag', 'define_hashes', 'manual__2024-09-17T15:16:10.285347+00:00', '--job-id', '71', '--raw', '--subdir', 'DAGS_FOLDER/rasa_data_ingestion_dag.py', '--cfg-path', '/tmp/tmpw7ucpexy']
[2024-09-17T16:57:12.474+0000] {standard_task_runner.py:105} INFO - Job 71: Subtask define_hashes
[2024-09-17T16:57:12.478+0000] {logging_mixin.py:190} WARNING - /home/***/.local/lib/python3.12/site-packages/***/task/task_runner/standard_task_runner.py:70 DeprecationWarning: This process (pid=696) is multi-threaded, use of fork() may lead to deadlocks in the child.
[2024-09-17T16:57:12.480+0000] {standard_task_runner.py:72} INFO - Started process 697 to run task
[2024-09-17T16:57:12.579+0000] {task_command.py:467} INFO - Running <TaskInstance: rasa_data_ingestion_dag.define_hashes manual__2024-09-17T15:16:10.285347+00:00 [running]> on host aca847883b6e
[2024-09-17T16:57:12.782+0000] {taskinstance.py:3131} INFO - Exporting env vars: AIRFLOW_CTX_DAG_OWNER='Eric Silveira' AIRFLOW_CTX_DAG_ID='rasa_data_ingestion_dag' AIRFLOW_CTX_TASK_ID='define_hashes' AIRFLOW_CTX_EXECUTION_DATE='2024-09-17T15:16:10.285347+00:00' AIRFLOW_CTX_TRY_NUMBER='6' AIRFLOW_CTX_DAG_RUN_ID='manual__2024-09-17T15:16:10.285347+00:00'
[2024-09-17T16:57:12.784+0000] {taskinstance.py:731} INFO - ::endgroup::
[2024-09-17T16:57:12.808+0000] {base.py:84} INFO - Retrieving connection 'conn_db_***'
[2024-09-17T16:57:12.831+0000] {rasa_data_ingestion_dag.py:22} INFO - =
[2024-09-17T16:57:12.832+0000] {rasa_data_ingestion_dag.py:23} INFO - ==============START LOGGING===============
[2024-09-17T16:57:12.832+0000] {rasa_data_ingestion_dag.py:24} INFO - ['id', 'sender_id', 'type_name', 'timestamp', 'intent_name', 'action_name', 'data']
[2024-09-17T16:57:12.833+0000] {rasa_data_ingestion_dag.py:25} INFO - ==============END LOGGING===============
[2024-09-17T16:57:12.833+0000] {rasa_data_ingestion_dag.py:26} INFO - =
[2024-09-17T16:57:12.834+0000] {python.py:240} INFO - Done. Returned value was: None
[2024-09-17T16:57:12.855+0000] {taskinstance.py:340} INFO - ::group::Post task execution logs
[2024-09-17T16:57:12.856+0000] {taskinstance.py:352} INFO - Marking task as SUCCESS. dag_id=***_data_ingestion_dag, task_id=define_hashes, run_id=manual__2024-09-17T15:16:10.285347+00:00, execution_date=20240917T151610, start_date=20240917T165712, end_date=20240917T165712
[2024-09-17T16:57:12.940+0000] {local_task_job_runner.py:266} INFO - Task exited with return code 0
[2024-09-17T16:57:12.981+0000] {taskinstance.py:3900} INFO - 0 downstream tasks scheduled from follow-on schedule check
[2024-09-17T16:57:12.986+0000] {local_task_job_runner.py:245} INFO - ::endgroup::
