[2024-09-17T18:23:49.819+0000] {local_task_job_runner.py:123} INFO - ::group::Pre task execution logs
[2024-09-17T18:23:49.855+0000] {taskinstance.py:2612} INFO - Dependencies all met for dep_context=non-requeueable deps ti=<TaskInstance: rasa_data_ingestion_dag.define_hashes manual__2024-09-17T15:16:10.285347+00:00 [queued]>
[2024-09-17T18:23:49.875+0000] {taskinstance.py:2612} INFO - Dependencies all met for dep_context=requeueable deps ti=<TaskInstance: rasa_data_ingestion_dag.define_hashes manual__2024-09-17T15:16:10.285347+00:00 [queued]>
[2024-09-17T18:23:49.875+0000] {taskinstance.py:2865} INFO - Starting attempt 13 of 14
[2024-09-17T18:23:49.904+0000] {taskinstance.py:2888} INFO - Executing <Task(_PythonDecoratedOperator): define_hashes> on 2024-09-17 15:16:10.285347+00:00
[2024-09-17T18:23:49.927+0000] {standard_task_runner.py:104} INFO - Running: ['***', 'tasks', 'run', 'rasa_data_ingestion_dag', 'define_hashes', 'manual__2024-09-17T15:16:10.285347+00:00', '--job-id', '79', '--raw', '--subdir', 'DAGS_FOLDER/rasa_data_ingestion_dag.py', '--cfg-path', '/tmp/tmp5q659syo']
[2024-09-17T18:23:49.932+0000] {standard_task_runner.py:105} INFO - Job 79: Subtask define_hashes
[2024-09-17T18:23:49.940+0000] {logging_mixin.py:190} WARNING - /home/***/.local/lib/python3.12/site-packages/***/task/task_runner/standard_task_runner.py:70 DeprecationWarning: This process (pid=434) is multi-threaded, use of fork() may lead to deadlocks in the child.
[2024-09-17T18:23:49.942+0000] {standard_task_runner.py:72} INFO - Started process 435 to run task
[2024-09-17T18:23:50.043+0000] {task_command.py:467} INFO - Running <TaskInstance: rasa_data_ingestion_dag.define_hashes manual__2024-09-17T15:16:10.285347+00:00 [running]> on host 4b36eb9de04e
[2024-09-17T18:23:50.261+0000] {taskinstance.py:3131} INFO - Exporting env vars: AIRFLOW_CTX_DAG_OWNER='Eric Silveira' AIRFLOW_CTX_DAG_ID='rasa_data_ingestion_dag' AIRFLOW_CTX_TASK_ID='define_hashes' AIRFLOW_CTX_EXECUTION_DATE='2024-09-17T15:16:10.285347+00:00' AIRFLOW_CTX_TRY_NUMBER='13' AIRFLOW_CTX_DAG_RUN_ID='manual__2024-09-17T15:16:10.285347+00:00'
[2024-09-17T18:23:50.263+0000] {taskinstance.py:731} INFO - ::endgroup::
[2024-09-17T18:23:50.286+0000] {base.py:84} INFO - Retrieving connection 'conn_db_***'
[2024-09-17T18:23:50.307+0000] {base.py:84} INFO - Retrieving connection 'conn_db_origem'
[2024-09-17T18:23:50.318+0000] {rasa_data_ingestion_dag.py:22} INFO - =
[2024-09-17T18:23:50.319+0000] {rasa_data_ingestion_dag.py:23} INFO - ==============START LOGGING===============
[2024-09-17T18:23:50.319+0000] {rasa_data_ingestion_dag.py:24} INFO - [(1,), (1,), (1,), (1,), (1,), (1,), (1,), (1,), (1,), (1,), (1,), (1,), (1,), (1,), (1,), (1,), (1,), (1,), (1,), (1,), (1,), (1,), (1,), (1,), (1,), (1,), (1,), (1,), (1,), (1,), (1,), (1,), (1,), (1,), (1,), (1,), (1,), (1,), (1,), (1,), (1,), (1,), (1,), (1,), (1,), (1,), (1,), (1,), (1,), (1,), (1,), (1,), (1,), (1,), (1,), (1,), (1,), (1,), (1,), (1,), (1,), (1,), (1,), (1,), (1,), (1,), (1,), (1,), (1,), (1,), (1,), (1,), (1,), (1,), (1,), (1,), (1,), (1,), (1,), (1,), (1,), (1,), (1,), (1,), (1,), (1,), (1,), (1,), (1,), (1,), (1,), (1,), (1,), (1,), (1,), (1,), (1,), (1,), (1,), (1,)]
[2024-09-17T18:23:50.321+0000] {rasa_data_ingestion_dag.py:25} INFO - ==============END LOGGING===============
[2024-09-17T18:23:50.321+0000] {rasa_data_ingestion_dag.py:26} INFO - =
[2024-09-17T18:23:50.333+0000] {rasa_data_ingestion_dag.py:22} INFO - =
[2024-09-17T18:23:50.334+0000] {rasa_data_ingestion_dag.py:23} INFO - ==============START LOGGING===============
[2024-09-17T18:23:50.334+0000] {rasa_data_ingestion_dag.py:24} INFO - ['bigint', 'bigint', 'character varying', 'double precision', 'character varying', 'character varying', 'text']
[2024-09-17T18:23:50.335+0000] {rasa_data_ingestion_dag.py:25} INFO - ==============END LOGGING===============
[2024-09-17T18:23:50.335+0000] {rasa_data_ingestion_dag.py:26} INFO - =
[2024-09-17T18:23:50.336+0000] {rasa_data_ingestion_dag.py:22} INFO - =
[2024-09-17T18:23:50.336+0000] {rasa_data_ingestion_dag.py:23} INFO - ==============START LOGGING===============
[2024-09-17T18:23:50.336+0000] {rasa_data_ingestion_dag.py:24} INFO - ['id', 'sender_id', 'type_name', 'timestamp', 'intent_name', 'action_name', 'data']
[2024-09-17T18:23:50.337+0000] {rasa_data_ingestion_dag.py:25} INFO - ==============END LOGGING===============
[2024-09-17T18:23:50.337+0000] {rasa_data_ingestion_dag.py:26} INFO - =
[2024-09-17T18:23:50.338+0000] {python.py:240} INFO - Done. Returned value was: None
[2024-09-17T18:23:50.361+0000] {taskinstance.py:340} INFO - ::group::Post task execution logs
[2024-09-17T18:23:50.362+0000] {taskinstance.py:352} INFO - Marking task as SUCCESS. dag_id=***_data_ingestion_dag, task_id=define_hashes, run_id=manual__2024-09-17T15:16:10.285347+00:00, execution_date=20240917T151610, start_date=20240917T182349, end_date=20240917T182350
[2024-09-17T18:23:50.444+0000] {local_task_job_runner.py:266} INFO - Task exited with return code 0
[2024-09-17T18:23:50.481+0000] {taskinstance.py:3900} INFO - 0 downstream tasks scheduled from follow-on schedule check
[2024-09-17T18:23:50.483+0000] {local_task_job_runner.py:245} INFO - ::endgroup::
