[2024-09-17T18:52:26.285+0000] {local_task_job_runner.py:123} INFO - ::group::Pre task execution logs
[2024-09-17T18:52:26.321+0000] {taskinstance.py:2612} INFO - Dependencies all met for dep_context=non-requeueable deps ti=<TaskInstance: rasa_data_ingestion_dag.define_hashes manual__2024-09-17T15:16:10.285347+00:00 [queued]>
[2024-09-17T18:52:26.340+0000] {taskinstance.py:2612} INFO - Dependencies all met for dep_context=requeueable deps ti=<TaskInstance: rasa_data_ingestion_dag.define_hashes manual__2024-09-17T15:16:10.285347+00:00 [queued]>
[2024-09-17T18:52:26.340+0000] {taskinstance.py:2865} INFO - Starting attempt 20 of 21
[2024-09-17T18:52:26.366+0000] {taskinstance.py:2888} INFO - Executing <Task(_PythonDecoratedOperator): define_hashes> on 2024-09-17 15:16:10.285347+00:00
[2024-09-17T18:52:26.387+0000] {standard_task_runner.py:104} INFO - Running: ['***', 'tasks', 'run', 'rasa_data_ingestion_dag', 'define_hashes', 'manual__2024-09-17T15:16:10.285347+00:00', '--job-id', '86', '--raw', '--subdir', 'DAGS_FOLDER/rasa_data_ingestion_dag.py', '--cfg-path', '/tmp/tmpja75eovh']
[2024-09-17T18:52:26.392+0000] {standard_task_runner.py:105} INFO - Job 86: Subtask define_hashes
[2024-09-17T18:52:26.395+0000] {logging_mixin.py:190} WARNING - /home/***/.local/lib/python3.12/site-packages/***/task/task_runner/standard_task_runner.py:70 DeprecationWarning: This process (pid=775) is multi-threaded, use of fork() may lead to deadlocks in the child.
[2024-09-17T18:52:26.396+0000] {standard_task_runner.py:72} INFO - Started process 776 to run task
[2024-09-17T18:52:26.482+0000] {task_command.py:467} INFO - Running <TaskInstance: rasa_data_ingestion_dag.define_hashes manual__2024-09-17T15:16:10.285347+00:00 [running]> on host 4b36eb9de04e
[2024-09-17T18:52:26.670+0000] {taskinstance.py:3131} INFO - Exporting env vars: AIRFLOW_CTX_DAG_OWNER='Eric Silveira' AIRFLOW_CTX_DAG_ID='rasa_data_ingestion_dag' AIRFLOW_CTX_TASK_ID='define_hashes' AIRFLOW_CTX_EXECUTION_DATE='2024-09-17T15:16:10.285347+00:00' AIRFLOW_CTX_TRY_NUMBER='20' AIRFLOW_CTX_DAG_RUN_ID='manual__2024-09-17T15:16:10.285347+00:00'
[2024-09-17T18:52:26.672+0000] {taskinstance.py:731} INFO - ::endgroup::
[2024-09-17T18:52:26.695+0000] {base.py:84} INFO - Retrieving connection 'conn_db_***'
[2024-09-17T18:52:26.718+0000] {base.py:84} INFO - Retrieving connection 'conn_db_origem'
[2024-09-17T18:52:26.732+0000] {rasa_data_ingestion_dag.py:22} INFO - =
[2024-09-17T18:52:26.732+0000] {rasa_data_ingestion_dag.py:23} INFO - ==============START LOGGING===============
[2024-09-17T18:52:26.733+0000] {rasa_data_ingestion_dag.py:24} INFO - [(False,)]
[2024-09-17T18:52:26.733+0000] {rasa_data_ingestion_dag.py:25} INFO - ==============END LOGGING===============
[2024-09-17T18:52:26.734+0000] {rasa_data_ingestion_dag.py:26} INFO - =
[2024-09-17T18:52:26.748+0000] {rasa_data_ingestion_dag.py:22} INFO - =
[2024-09-17T18:52:26.748+0000] {rasa_data_ingestion_dag.py:23} INFO - ==============START LOGGING===============
[2024-09-17T18:52:26.749+0000] {rasa_data_ingestion_dag.py:24} INFO - ['bigint', 'bigint', 'character varying', 'double precision', 'character varying', 'character varying', 'text']
[2024-09-17T18:52:26.749+0000] {rasa_data_ingestion_dag.py:25} INFO - ==============END LOGGING===============
[2024-09-17T18:52:26.749+0000] {rasa_data_ingestion_dag.py:26} INFO - =
[2024-09-17T18:52:26.750+0000] {rasa_data_ingestion_dag.py:22} INFO - =
[2024-09-17T18:52:26.750+0000] {rasa_data_ingestion_dag.py:23} INFO - ==============START LOGGING===============
[2024-09-17T18:52:26.750+0000] {rasa_data_ingestion_dag.py:24} INFO - ['id', 'sender_id', 'type_name', 'timestamp', 'intent_name', 'action_name', 'data']
[2024-09-17T18:52:26.751+0000] {rasa_data_ingestion_dag.py:25} INFO - ==============END LOGGING===============
[2024-09-17T18:52:26.751+0000] {rasa_data_ingestion_dag.py:26} INFO - =
[2024-09-17T18:52:26.752+0000] {python.py:240} INFO - Done. Returned value was: None
[2024-09-17T18:52:26.773+0000] {taskinstance.py:340} INFO - ::group::Post task execution logs
[2024-09-17T18:52:26.774+0000] {taskinstance.py:352} INFO - Marking task as SUCCESS. dag_id=***_data_ingestion_dag, task_id=define_hashes, run_id=manual__2024-09-17T15:16:10.285347+00:00, execution_date=20240917T151610, start_date=20240917T185226, end_date=20240917T185226
[2024-09-17T18:52:26.815+0000] {local_task_job_runner.py:266} INFO - Task exited with return code 0
[2024-09-17T18:52:26.853+0000] {taskinstance.py:3900} INFO - 0 downstream tasks scheduled from follow-on schedule check
[2024-09-17T18:52:26.855+0000] {local_task_job_runner.py:245} INFO - ::endgroup::
