[2024-09-17T19:53:25.749+0000] {local_task_job_runner.py:123} INFO - ::group::Pre task execution logs
[2024-09-17T19:53:25.770+0000] {taskinstance.py:2612} INFO - Dependencies all met for dep_context=non-requeueable deps ti=<TaskInstance: rasa_data_ingestion_dag.verify_and_create_table manual__2024-09-17T19:43:15.495969+00:00 [queued]>
[2024-09-17T19:53:25.778+0000] {taskinstance.py:2612} INFO - Dependencies all met for dep_context=requeueable deps ti=<TaskInstance: rasa_data_ingestion_dag.verify_and_create_table manual__2024-09-17T19:43:15.495969+00:00 [queued]>
[2024-09-17T19:53:25.779+0000] {taskinstance.py:2865} INFO - Starting attempt 7 of 8
[2024-09-17T19:53:25.791+0000] {taskinstance.py:2888} INFO - Executing <Task(_PythonDecoratedOperator): verify_and_create_table> on 2024-09-17 19:43:15.495969+00:00
[2024-09-17T19:53:25.801+0000] {standard_task_runner.py:104} INFO - Running: ['***', 'tasks', 'run', 'rasa_data_ingestion_dag', 'verify_and_create_table', 'manual__2024-09-17T19:43:15.495969+00:00', '--job-id', '105', '--raw', '--subdir', 'DAGS_FOLDER/rasa_data_ingestion_dag.py', '--cfg-path', '/tmp/tmprzoovege']
[2024-09-17T19:53:25.803+0000] {standard_task_runner.py:105} INFO - Job 105: Subtask verify_and_create_table
[2024-09-17T19:53:25.804+0000] {logging_mixin.py:190} WARNING - /home/***/.local/lib/python3.12/site-packages/***/task/task_runner/standard_task_runner.py:70 DeprecationWarning: This process (pid=2437) is multi-threaded, use of fork() may lead to deadlocks in the child.
[2024-09-17T19:53:25.804+0000] {standard_task_runner.py:72} INFO - Started process 2438 to run task
[2024-09-17T19:53:25.850+0000] {task_command.py:467} INFO - Running <TaskInstance: rasa_data_ingestion_dag.verify_and_create_table manual__2024-09-17T19:43:15.495969+00:00 [running]> on host 4b36eb9de04e
[2024-09-17T19:53:25.937+0000] {taskinstance.py:3131} INFO - Exporting env vars: AIRFLOW_CTX_DAG_OWNER='Eric Silveira' AIRFLOW_CTX_DAG_ID='rasa_data_ingestion_dag' AIRFLOW_CTX_TASK_ID='verify_and_create_table' AIRFLOW_CTX_EXECUTION_DATE='2024-09-17T19:43:15.495969+00:00' AIRFLOW_CTX_TRY_NUMBER='7' AIRFLOW_CTX_DAG_RUN_ID='manual__2024-09-17T19:43:15.495969+00:00'
[2024-09-17T19:53:25.938+0000] {taskinstance.py:731} INFO - ::endgroup::
[2024-09-17T19:53:25.951+0000] {base.py:84} INFO - Retrieving connection 'conn_db_***'
[2024-09-17T19:53:25.968+0000] {base.py:84} INFO - Retrieving connection 'conn_db_origem'
[2024-09-17T19:53:25.977+0000] {rasa_data_ingestion_dag.py:22} INFO - =
[2024-09-17T19:53:25.978+0000] {rasa_data_ingestion_dag.py:23} INFO - ==============START LOGGING===============
[2024-09-17T19:53:25.978+0000] {rasa_data_ingestion_dag.py:24} INFO - A tabela 'events' não existe.
[2024-09-17T19:53:25.978+0000] {rasa_data_ingestion_dag.py:25} INFO - ==============END LOGGING===============
[2024-09-17T19:53:25.978+0000] {rasa_data_ingestion_dag.py:26} INFO - =
[2024-09-17T19:53:25.987+0000] {rasa_data_ingestion_dag.py:22} INFO - =
[2024-09-17T19:53:25.988+0000] {rasa_data_ingestion_dag.py:23} INFO - ==============START LOGGING===============
[2024-09-17T19:53:25.988+0000] {rasa_data_ingestion_dag.py:24} INFO - ['id', 'sender_id', 'type_name', 'timestamp', 'intent_name', 'action_name', 'data']
[2024-09-17T19:53:25.988+0000] {rasa_data_ingestion_dag.py:25} INFO - ==============END LOGGING===============
[2024-09-17T19:53:25.989+0000] {rasa_data_ingestion_dag.py:26} INFO - =
[2024-09-17T19:53:25.989+0000] {rasa_data_ingestion_dag.py:22} INFO - =
[2024-09-17T19:53:25.989+0000] {rasa_data_ingestion_dag.py:23} INFO - ==============START LOGGING===============
[2024-09-17T19:53:25.990+0000] {rasa_data_ingestion_dag.py:24} INFO - ['bigint', 'bigint', 'character varying', 'double precision', 'character varying', 'character varying', 'text']
[2024-09-17T19:53:25.990+0000] {rasa_data_ingestion_dag.py:25} INFO - ==============END LOGGING===============
[2024-09-17T19:53:25.990+0000] {rasa_data_ingestion_dag.py:26} INFO - =
[2024-09-17T19:53:25.990+0000] {rasa_data_ingestion_dag.py:22} INFO - =
[2024-09-17T19:53:25.990+0000] {rasa_data_ingestion_dag.py:23} INFO - ==============START LOGGING===============
[2024-09-17T19:53:25.990+0000] {rasa_data_ingestion_dag.py:24} INFO - porra é essa
[2024-09-17T19:53:25.990+0000] {rasa_data_ingestion_dag.py:25} INFO - ==============END LOGGING===============
[2024-09-17T19:53:25.990+0000] {rasa_data_ingestion_dag.py:26} INFO - =
[2024-09-17T19:53:25.990+0000] {rasa_data_ingestion_dag.py:22} INFO - =
[2024-09-17T19:53:25.991+0000] {rasa_data_ingestion_dag.py:23} INFO - ==============START LOGGING===============
[2024-09-17T19:53:25.991+0000] {rasa_data_ingestion_dag.py:24} INFO - CREATE TABLE (id bigint, sender_id bigint, type_name character varying, timestamp double precision, intent_name character varying, action_name character varying, data text);
[2024-09-17T19:53:25.991+0000] {rasa_data_ingestion_dag.py:25} INFO - ==============END LOGGING===============
[2024-09-17T19:53:25.991+0000] {rasa_data_ingestion_dag.py:26} INFO - =
[2024-09-17T19:53:25.991+0000] {python.py:240} INFO - Done. Returned value was: None
[2024-09-17T19:53:26.002+0000] {taskinstance.py:340} INFO - ::group::Post task execution logs
[2024-09-17T19:53:26.002+0000] {taskinstance.py:352} INFO - Marking task as SUCCESS. dag_id=***_data_ingestion_dag, task_id=verify_and_create_table, run_id=manual__2024-09-17T19:43:15.495969+00:00, execution_date=20240917T194315, start_date=20240917T195325, end_date=20240917T195326
[2024-09-17T19:53:26.060+0000] {local_task_job_runner.py:266} INFO - Task exited with return code 0
[2024-09-17T19:53:26.084+0000] {taskinstance.py:3900} INFO - 0 downstream tasks scheduled from follow-on schedule check
[2024-09-17T19:53:26.086+0000] {local_task_job_runner.py:245} INFO - ::endgroup::
