[2024-09-17T19:46:11.021+0000] {local_task_job_runner.py:123} INFO - ::group::Pre task execution logs
[2024-09-17T19:46:11.041+0000] {taskinstance.py:2612} INFO - Dependencies all met for dep_context=non-requeueable deps ti=<TaskInstance: rasa_data_ingestion_dag.verify_and_create_table manual__2024-09-17T19:43:15.495969+00:00 [queued]>
[2024-09-17T19:46:11.050+0000] {taskinstance.py:2612} INFO - Dependencies all met for dep_context=requeueable deps ti=<TaskInstance: rasa_data_ingestion_dag.verify_and_create_table manual__2024-09-17T19:43:15.495969+00:00 [queued]>
[2024-09-17T19:46:11.050+0000] {taskinstance.py:2865} INFO - Starting attempt 5 of 6
[2024-09-17T19:46:11.062+0000] {taskinstance.py:2888} INFO - Executing <Task(_PythonDecoratedOperator): verify_and_create_table> on 2024-09-17 19:43:15.495969+00:00
[2024-09-17T19:46:11.072+0000] {standard_task_runner.py:104} INFO - Running: ['***', 'tasks', 'run', 'rasa_data_ingestion_dag', 'verify_and_create_table', 'manual__2024-09-17T19:43:15.495969+00:00', '--job-id', '103', '--raw', '--subdir', 'DAGS_FOLDER/rasa_data_ingestion_dag.py', '--cfg-path', '/tmp/tmpqmfkg4n2']
[2024-09-17T19:46:11.074+0000] {standard_task_runner.py:105} INFO - Job 103: Subtask verify_and_create_table
[2024-09-17T19:46:11.074+0000] {logging_mixin.py:190} WARNING - /home/***/.local/lib/python3.12/site-packages/***/task/task_runner/standard_task_runner.py:70 DeprecationWarning: This process (pid=2246) is multi-threaded, use of fork() may lead to deadlocks in the child.
[2024-09-17T19:46:11.075+0000] {standard_task_runner.py:72} INFO - Started process 2247 to run task
[2024-09-17T19:46:11.119+0000] {task_command.py:467} INFO - Running <TaskInstance: rasa_data_ingestion_dag.verify_and_create_table manual__2024-09-17T19:43:15.495969+00:00 [running]> on host 4b36eb9de04e
[2024-09-17T19:46:11.199+0000] {taskinstance.py:3131} INFO - Exporting env vars: AIRFLOW_CTX_DAG_OWNER='Eric Silveira' AIRFLOW_CTX_DAG_ID='rasa_data_ingestion_dag' AIRFLOW_CTX_TASK_ID='verify_and_create_table' AIRFLOW_CTX_EXECUTION_DATE='2024-09-17T19:43:15.495969+00:00' AIRFLOW_CTX_TRY_NUMBER='5' AIRFLOW_CTX_DAG_RUN_ID='manual__2024-09-17T19:43:15.495969+00:00'
[2024-09-17T19:46:11.200+0000] {taskinstance.py:731} INFO - ::endgroup::
[2024-09-17T19:46:11.213+0000] {base.py:84} INFO - Retrieving connection 'conn_db_***'
[2024-09-17T19:46:11.233+0000] {base.py:84} INFO - Retrieving connection 'conn_db_origem'
[2024-09-17T19:46:11.239+0000] {rasa_data_ingestion_dag.py:22} INFO - =
[2024-09-17T19:46:11.239+0000] {rasa_data_ingestion_dag.py:23} INFO - ==============START LOGGING===============
[2024-09-17T19:46:11.239+0000] {rasa_data_ingestion_dag.py:24} INFO - A tabela 'events' não existe.
[2024-09-17T19:46:11.239+0000] {rasa_data_ingestion_dag.py:25} INFO - ==============END LOGGING===============
[2024-09-17T19:46:11.240+0000] {rasa_data_ingestion_dag.py:26} INFO - =
[2024-09-17T19:46:11.245+0000] {rasa_data_ingestion_dag.py:22} INFO - =
[2024-09-17T19:46:11.246+0000] {rasa_data_ingestion_dag.py:23} INFO - ==============START LOGGING===============
[2024-09-17T19:46:11.246+0000] {rasa_data_ingestion_dag.py:24} INFO - ['id', 'sender_id', 'type_name', 'timestamp', 'intent_name', 'action_name', 'data']
[2024-09-17T19:46:11.246+0000] {rasa_data_ingestion_dag.py:25} INFO - ==============END LOGGING===============
[2024-09-17T19:46:11.246+0000] {rasa_data_ingestion_dag.py:26} INFO - =
[2024-09-17T19:46:11.247+0000] {rasa_data_ingestion_dag.py:22} INFO - =
[2024-09-17T19:46:11.247+0000] {rasa_data_ingestion_dag.py:23} INFO - ==============START LOGGING===============
[2024-09-17T19:46:11.247+0000] {rasa_data_ingestion_dag.py:24} INFO - ['bigint', 'bigint', 'character varying', 'double precision', 'character varying', 'character varying', 'text']
[2024-09-17T19:46:11.247+0000] {rasa_data_ingestion_dag.py:25} INFO - ==============END LOGGING===============
[2024-09-17T19:46:11.247+0000] {rasa_data_ingestion_dag.py:26} INFO - =
[2024-09-17T19:46:11.247+0000] {rasa_data_ingestion_dag.py:22} INFO - =
[2024-09-17T19:46:11.247+0000] {rasa_data_ingestion_dag.py:23} INFO - ==============START LOGGING===============
[2024-09-17T19:46:11.247+0000] {rasa_data_ingestion_dag.py:24} INFO - porra é essa
[2024-09-17T19:46:11.248+0000] {rasa_data_ingestion_dag.py:25} INFO - ==============END LOGGING===============
[2024-09-17T19:46:11.248+0000] {rasa_data_ingestion_dag.py:26} INFO - =
[2024-09-17T19:46:11.248+0000] {rasa_data_ingestion_dag.py:22} INFO - =
[2024-09-17T19:46:11.248+0000] {rasa_data_ingestion_dag.py:23} INFO - ==============START LOGGING===============
[2024-09-17T19:46:11.248+0000] {rasa_data_ingestion_dag.py:24} INFO - id bigint,sender_id bigint,type_name character varying,timestamp double precision,intent_name character varying,action_name character varying,data text,
[2024-09-17T19:46:11.248+0000] {rasa_data_ingestion_dag.py:25} INFO - ==============END LOGGING===============
[2024-09-17T19:46:11.248+0000] {rasa_data_ingestion_dag.py:26} INFO - =
[2024-09-17T19:46:11.249+0000] {python.py:240} INFO - Done. Returned value was: None
[2024-09-17T19:46:11.260+0000] {taskinstance.py:340} INFO - ::group::Post task execution logs
[2024-09-17T19:46:11.260+0000] {taskinstance.py:352} INFO - Marking task as SUCCESS. dag_id=***_data_ingestion_dag, task_id=verify_and_create_table, run_id=manual__2024-09-17T19:43:15.495969+00:00, execution_date=20240917T194315, start_date=20240917T194611, end_date=20240917T194611
[2024-09-17T19:46:11.290+0000] {local_task_job_runner.py:266} INFO - Task exited with return code 0
[2024-09-17T19:46:11.309+0000] {taskinstance.py:3900} INFO - 0 downstream tasks scheduled from follow-on schedule check
[2024-09-17T19:46:11.310+0000] {local_task_job_runner.py:245} INFO - ::endgroup::
